Calling target program-options parser
[15:08:58.833] [bmv2] [D] [thread 7227] Set default default entry for table 'tbl_drop': MyIngress.drop - 
[15:08:58.834] [bmv2] [D] [thread 7227] Set default default entry for table 'MyIngress.ipv4_lpm': MyIngress.drop - 
Adding interface s3-eth1 as port 1
[15:08:58.835] [bmv2] [D] [thread 7227] Adding interface s3-eth1 as port 1
Adding interface s3-eth2 as port 2
[15:08:58.936] [bmv2] [D] [thread 7227] Adding interface s3-eth2 as port 2
Adding interface s3-eth3 as port 3
[15:08:59.055] [bmv2] [D] [thread 7227] Adding interface s3-eth3 as port 3
I0504 15:08:59.095845874    7227 server_builder.cc:247]      Synchronous server. Num CQs: 1, Min pollers: 1, Max Pollers: 2147483647, CQ timeout (msec): 1000
Server listening on 0.0.0.0:50053
[15:08:59.117] [bmv2] [I] [thread 7227] Starting Thrift server on port 9092
[15:08:59.118] [bmv2] [I] [thread 7227] Thrift server was started
[15:08:59.132] [bmv2] [D] [thread 7234] [0.0] [cxt 0] Processing packet received on port 2
[15:08:59.132] [bmv2] [D] [thread 7234] [0.0] [cxt 0] Parser 'parser': start
[15:08:59.132] [bmv2] [D] [thread 7234] [0.0] [cxt 0] Parser 'parser' entering state 'start'
[15:08:59.132] [bmv2] [D] [thread 7234] [0.0] [cxt 0] Extracting header 'ethernet'
[15:08:59.132] [bmv2] [D] [thread 7234] [0.0] [cxt 0] Parser state 'start': key is 86dd
[15:08:59.132] [bmv2] [T] [thread 7234] [0.0] [cxt 0] Bytes parsed: 14
[15:08:59.132] [bmv2] [D] [thread 7234] [0.0] [cxt 0] Parser 'parser': end
[15:08:59.132] [bmv2] [D] [thread 7234] [0.0] [cxt 0] Pipeline 'ingress': start
[15:08:59.132] [bmv2] [T] [thread 7234] [0.0] [cxt 0] ../build_dependencies/net_cache.p4(114) Condition "hdr.ipv4.isValid()" (node_2) is false
[15:08:59.132] [bmv2] [D] [thread 7234] [0.0] [cxt 0] Pipeline 'ingress': end
[15:08:59.132] [bmv2] [D] [thread 7234] [0.0] [cxt 0] Egress port is 0
[15:08:59.132] [bmv2] [D] [thread 7235] [0.0] [cxt 0] Pipeline 'egress': start
[15:08:59.132] [bmv2] [D] [thread 7235] [0.0] [cxt 0] Pipeline 'egress': end
[15:08:59.132] [bmv2] [D] [thread 7235] [0.0] [cxt 0] Deparser 'deparser': start
[15:08:59.132] [bmv2] [T] [thread 7235] [0.0] [cxt 0] Skipping checksum 'cksum' update because condition not met
[15:08:59.132] [bmv2] [D] [thread 7235] [0.0] [cxt 0] Deparsing header 'ethernet'
[15:08:59.132] [bmv2] [D] [thread 7235] [0.0] [cxt 0] Deparser 'deparser': end
[15:08:59.132] [bmv2] [D] [thread 7239] [0.0] [cxt 0] Transmitting packet of size 90 out of port 0
[15:08:59.664] [bmv2] [D] [thread 7234] [1.0] [cxt 0] Processing packet received on port 1
[15:08:59.664] [bmv2] [D] [thread 7234] [1.0] [cxt 0] Parser 'parser': start
[15:08:59.664] [bmv2] [D] [thread 7234] [1.0] [cxt 0] Parser 'parser' entering state 'start'
[15:08:59.664] [bmv2] [D] [thread 7234] [1.0] [cxt 0] Extracting header 'ethernet'
[15:08:59.664] [bmv2] [D] [thread 7234] [1.0] [cxt 0] Parser state 'start': key is 86dd
[15:08:59.664] [bmv2] [T] [thread 7234] [1.0] [cxt 0] Bytes parsed: 14
[15:08:59.664] [bmv2] [D] [thread 7234] [1.0] [cxt 0] Parser 'parser': end
[15:08:59.664] [bmv2] [D] [thread 7234] [1.0] [cxt 0] Pipeline 'ingress': start
[15:08:59.664] [bmv2] [T] [thread 7234] [1.0] [cxt 0] ../build_dependencies/net_cache.p4(114) Condition "hdr.ipv4.isValid()" (node_2) is false
[15:08:59.664] [bmv2] [D] [thread 7234] [1.0] [cxt 0] Pipeline 'ingress': end
[15:08:59.664] [bmv2] [D] [thread 7234] [1.0] [cxt 0] Egress port is 0
[15:08:59.664] [bmv2] [D] [thread 7235] [1.0] [cxt 0] Pipeline 'egress': start
[15:08:59.664] [bmv2] [D] [thread 7235] [1.0] [cxt 0] Pipeline 'egress': end
[15:08:59.664] [bmv2] [D] [thread 7235] [1.0] [cxt 0] Deparser 'deparser': start
[15:08:59.664] [bmv2] [T] [thread 7235] [1.0] [cxt 0] Skipping checksum 'cksum' update because condition not met
[15:08:59.664] [bmv2] [D] [thread 7235] [1.0] [cxt 0] Deparsing header 'ethernet'
[15:08:59.664] [bmv2] [D] [thread 7235] [1.0] [cxt 0] Deparser 'deparser': end
[15:08:59.664] [bmv2] [D] [thread 7239] [1.0] [cxt 0] Transmitting packet of size 90 out of port 0
[15:08:59.664] [bmv2] [D] [thread 7234] [2.0] [cxt 0] Processing packet received on port 3
[15:08:59.664] [bmv2] [D] [thread 7234] [2.0] [cxt 0] Parser 'parser': start
[15:08:59.664] [bmv2] [D] [thread 7234] [2.0] [cxt 0] Parser 'parser' entering state 'start'
[15:08:59.664] [bmv2] [D] [thread 7234] [2.0] [cxt 0] Extracting header 'ethernet'
[15:08:59.664] [bmv2] [D] [thread 7234] [2.0] [cxt 0] Parser state 'start': key is 86dd
[15:08:59.664] [bmv2] [T] [thread 7234] [2.0] [cxt 0] Bytes parsed: 14
[15:08:59.664] [bmv2] [D] [thread 7234] [2.0] [cxt 0] Parser 'parser': end
[15:08:59.664] [bmv2] [D] [thread 7234] [2.0] [cxt 0] Pipeline 'ingress': start
[15:08:59.664] [bmv2] [T] [thread 7234] [2.0] [cxt 0] ../build_dependencies/net_cache.p4(114) Condition "hdr.ipv4.isValid()" (node_2) is false
[15:08:59.664] [bmv2] [D] [thread 7234] [2.0] [cxt 0] Pipeline 'ingress': end
[15:08:59.664] [bmv2] [D] [thread 7234] [2.0] [cxt 0] Egress port is 0
[15:08:59.665] [bmv2] [D] [thread 7235] [2.0] [cxt 0] Pipeline 'egress': start
[15:08:59.665] [bmv2] [D] [thread 7235] [2.0] [cxt 0] Pipeline 'egress': end
[15:08:59.665] [bmv2] [D] [thread 7235] [2.0] [cxt 0] Deparser 'deparser': start
[15:08:59.665] [bmv2] [T] [thread 7235] [2.0] [cxt 0] Skipping checksum 'cksum' update because condition not met
[15:08:59.665] [bmv2] [D] [thread 7235] [2.0] [cxt 0] Deparsing header 'ethernet'
[15:08:59.665] [bmv2] [D] [thread 7235] [2.0] [cxt 0] Deparser 'deparser': end
[15:08:59.665] [bmv2] [D] [thread 7239] [2.0] [cxt 0] Transmitting packet of size 90 out of port 0
[15:08:59.849] [bmv2] [D] [thread 7234] [3.0] [cxt 0] Processing packet received on port 3
[15:08:59.849] [bmv2] [D] [thread 7234] [3.0] [cxt 0] Parser 'parser': start
[15:08:59.849] [bmv2] [D] [thread 7234] [3.0] [cxt 0] Parser 'parser' entering state 'start'
[15:08:59.849] [bmv2] [D] [thread 7234] [3.0] [cxt 0] Extracting header 'ethernet'
[15:08:59.849] [bmv2] [D] [thread 7234] [3.0] [cxt 0] Parser state 'start': key is 86dd
[15:08:59.849] [bmv2] [T] [thread 7234] [3.0] [cxt 0] Bytes parsed: 14
[15:08:59.849] [bmv2] [D] [thread 7234] [3.0] [cxt 0] Parser 'parser': end
[15:08:59.849] [bmv2] [D] [thread 7234] [3.0] [cxt 0] Pipeline 'ingress': start
[15:08:59.849] [bmv2] [T] [thread 7234] [3.0] [cxt 0] ../build_dependencies/net_cache.p4(114) Condition "hdr.ipv4.isValid()" (node_2) is false
[15:08:59.849] [bmv2] [D] [thread 7234] [3.0] [cxt 0] Pipeline 'ingress': end
[15:08:59.849] [bmv2] [D] [thread 7234] [3.0] [cxt 0] Egress port is 0
[15:08:59.849] [bmv2] [D] [thread 7235] [3.0] [cxt 0] Pipeline 'egress': start
[15:08:59.849] [bmv2] [D] [thread 7235] [3.0] [cxt 0] Pipeline 'egress': end
[15:08:59.849] [bmv2] [D] [thread 7235] [3.0] [cxt 0] Deparser 'deparser': start
[15:08:59.849] [bmv2] [T] [thread 7235] [3.0] [cxt 0] Skipping checksum 'cksum' update because condition not met
[15:08:59.849] [bmv2] [D] [thread 7235] [3.0] [cxt 0] Deparsing header 'ethernet'
[15:08:59.849] [bmv2] [D] [thread 7235] [3.0] [cxt 0] Deparser 'deparser': end
[15:08:59.849] [bmv2] [D] [thread 7239] [3.0] [cxt 0] Transmitting packet of size 90 out of port 0
New connection
P4Runtime SetForwardingPipelineConfig
[15:09:00.369] [bmv2] [W] [thread 7252] [P4Runtime] p4::tmp::P4DeviceConfig is deprecated
[15:09:00.371] [bmv2] [D] [thread 7252] Set default default entry for table 'tbl_drop': MyIngress.drop - 
[15:09:00.371] [bmv2] [D] [thread 7252] Set default default entry for table 'MyIngress.ipv4_lpm': MyIngress.drop - 
P4Runtime Write
device_id: 2
election_id {
  low: 1
}
updates {
  type: INSERT
  entity {
    table_entry {
      table_id: 33574068
      match {
        field_id: 1
        lpm {
          value: "\n\000\001\001"
          prefix_len: 32
        }
      }
      action {
        action {
          action_id: 16799317
          params {
            param_id: 1
            value: "\010\000\000\000\001\000"
          }
          params {
            param_id: 2
            value: "\000\002"
          }
        }
      }
    }
  }
}
[15:09:00.382] [bmv2] [D] [thread 7254] Entry 0 added to table 'MyIngress.ipv4_lpm'
[15:09:00.382] [bmv2] [D] [thread 7254] Dumping entry 0
Match key:
* hdr.ipv4.dstAddr    : LPM       0a000101/32
Action entry: MyIngress.ipv4_forward - 80000000100,2,

P4Runtime Write
device_id: 2
election_id {
  low: 1
}
updates {
  type: INSERT
  entity {
    table_entry {
      table_id: 33574068
      match {
        field_id: 1
        lpm {
          value: "\n\000\002\002"
          prefix_len: 32
        }
      }
      action {
        action {
          action_id: 16799317
          params {
            param_id: 1
            value: "\010\000\000\000\002\000"
          }
          params {
            param_id: 2
            value: "\000\003"
          }
        }
      }
    }
  }
}
[15:09:00.384] [bmv2] [D] [thread 7254] Entry 1 added to table 'MyIngress.ipv4_lpm'
[15:09:00.384] [bmv2] [D] [thread 7254] Dumping entry 1
Match key:
* hdr.ipv4.dstAddr    : LPM       0a000202/32
Action entry: MyIngress.ipv4_forward - 80000000200,3,

P4Runtime Write
device_id: 2
election_id {
  low: 1
}
updates {
  type: INSERT
  entity {
    table_entry {
      table_id: 33574068
      match {
        field_id: 1
        lpm {
          value: "\n\000\003\003"
          prefix_len: 32
        }
      }
      action {
        action {
          action_id: 16799317
          params {
            param_id: 1
            value: "\010\000\000\000\0033"
          }
          params {
            param_id: 2
            value: "\000\001"
          }
        }
      }
    }
  }
}
[15:09:00.384] [bmv2] [D] [thread 7254] Entry 2 added to table 'MyIngress.ipv4_lpm'
[15:09:00.385] [bmv2] [D] [thread 7254] Dumping entry 2
Match key:
* hdr.ipv4.dstAddr    : LPM       0a000303/32
Action entry: MyIngress.ipv4_forward - 80000000333,1,

Connection removed
[15:09:02.247] [bmv2] [D] [thread 7234] [4.0] [cxt 0] Processing packet received on port 2
[15:09:02.248] [bmv2] [D] [thread 7234] [4.0] [cxt 0] Parser 'parser': start
[15:09:02.248] [bmv2] [D] [thread 7234] [4.0] [cxt 0] Parser 'parser' entering state 'start'
[15:09:02.248] [bmv2] [D] [thread 7234] [4.0] [cxt 0] Extracting header 'ethernet'
[15:09:02.248] [bmv2] [D] [thread 7234] [4.0] [cxt 0] Parser state 'start': key is 86dd
[15:09:02.248] [bmv2] [T] [thread 7234] [4.0] [cxt 0] Bytes parsed: 14
[15:09:02.248] [bmv2] [D] [thread 7234] [4.0] [cxt 0] Parser 'parser': end
[15:09:02.248] [bmv2] [D] [thread 7234] [4.0] [cxt 0] Pipeline 'ingress': start
[15:09:02.248] [bmv2] [T] [thread 7234] [4.0] [cxt 0] ../build_dependencies/net_cache.p4(114) Condition "hdr.ipv4.isValid()" (node_2) is false
[15:09:02.248] [bmv2] [D] [thread 7234] [4.0] [cxt 0] Pipeline 'ingress': end
[15:09:02.248] [bmv2] [D] [thread 7234] [4.0] [cxt 0] Egress port is 0
[15:09:02.248] [bmv2] [D] [thread 7235] [4.0] [cxt 0] Pipeline 'egress': start
[15:09:02.248] [bmv2] [D] [thread 7235] [4.0] [cxt 0] Pipeline 'egress': end
[15:09:02.248] [bmv2] [D] [thread 7235] [4.0] [cxt 0] Deparser 'deparser': start
[15:09:02.248] [bmv2] [T] [thread 7235] [4.0] [cxt 0] Skipping checksum 'cksum' update because condition not met
[15:09:02.248] [bmv2] [D] [thread 7235] [4.0] [cxt 0] Deparsing header 'ethernet'
[15:09:02.249] [bmv2] [D] [thread 7235] [4.0] [cxt 0] Deparser 'deparser': end
[15:09:02.249] [bmv2] [D] [thread 7239] [4.0] [cxt 0] Transmitting packet of size 70 out of port 0
[15:09:02.564] [bmv2] [D] [thread 7234] [5.0] [cxt 0] Processing packet received on port 2
[15:09:02.564] [bmv2] [D] [thread 7234] [5.0] [cxt 0] Parser 'parser': start
[15:09:02.564] [bmv2] [D] [thread 7234] [5.0] [cxt 0] Parser 'parser' entering state 'start'
[15:09:02.564] [bmv2] [D] [thread 7234] [5.0] [cxt 0] Extracting header 'ethernet'
[15:09:02.564] [bmv2] [D] [thread 7234] [5.0] [cxt 0] Parser state 'start': key is 86dd
[15:09:02.564] [bmv2] [T] [thread 7234] [5.0] [cxt 0] Bytes parsed: 14
[15:09:02.564] [bmv2] [D] [thread 7234] [5.0] [cxt 0] Parser 'parser': end
[15:09:02.564] [bmv2] [D] [thread 7234] [5.0] [cxt 0] Pipeline 'ingress': start
[15:09:02.564] [bmv2] [T] [thread 7234] [5.0] [cxt 0] ../build_dependencies/net_cache.p4(114) Condition "hdr.ipv4.isValid()" (node_2) is false
[15:09:02.564] [bmv2] [D] [thread 7234] [5.0] [cxt 0] Pipeline 'ingress': end
[15:09:02.564] [bmv2] [D] [thread 7234] [5.0] [cxt 0] Egress port is 0
[15:09:02.564] [bmv2] [D] [thread 7235] [5.0] [cxt 0] Pipeline 'egress': start
[15:09:02.564] [bmv2] [D] [thread 7235] [5.0] [cxt 0] Pipeline 'egress': end
[15:09:02.564] [bmv2] [D] [thread 7235] [5.0] [cxt 0] Deparser 'deparser': start
[15:09:02.564] [bmv2] [T] [thread 7235] [5.0] [cxt 0] Skipping checksum 'cksum' update because condition not met
[15:09:02.564] [bmv2] [D] [thread 7235] [5.0] [cxt 0] Deparsing header 'ethernet'
[15:09:02.564] [bmv2] [D] [thread 7235] [5.0] [cxt 0] Deparser 'deparser': end
[15:09:02.564] [bmv2] [D] [thread 7239] [5.0] [cxt 0] Transmitting packet of size 70 out of port 0
[15:09:02.804] [bmv2] [D] [thread 7234] [6.0] [cxt 0] Processing packet received on port 1
[15:09:02.805] [bmv2] [D] [thread 7234] [6.0] [cxt 0] Parser 'parser': start
[15:09:02.805] [bmv2] [D] [thread 7234] [6.0] [cxt 0] Parser 'parser' entering state 'start'
[15:09:02.805] [bmv2] [D] [thread 7234] [6.0] [cxt 0] Extracting header 'ethernet'
[15:09:02.805] [bmv2] [D] [thread 7234] [6.0] [cxt 0] Parser state 'start': key is 86dd
[15:09:02.805] [bmv2] [T] [thread 7234] [6.0] [cxt 0] Bytes parsed: 14
[15:09:02.805] [bmv2] [D] [thread 7234] [6.0] [cxt 0] Parser 'parser': end
[15:09:02.805] [bmv2] [D] [thread 7234] [6.0] [cxt 0] Pipeline 'ingress': start
[15:09:02.805] [bmv2] [T] [thread 7234] [6.0] [cxt 0] ../build_dependencies/net_cache.p4(114) Condition "hdr.ipv4.isValid()" (node_2) is false
[15:09:02.805] [bmv2] [D] [thread 7234] [6.0] [cxt 0] Pipeline 'ingress': end
[15:09:02.805] [bmv2] [D] [thread 7234] [6.0] [cxt 0] Egress port is 0
[15:09:02.805] [bmv2] [D] [thread 7235] [6.0] [cxt 0] Pipeline 'egress': start
[15:09:02.805] [bmv2] [D] [thread 7235] [6.0] [cxt 0] Pipeline 'egress': end
[15:09:02.805] [bmv2] [D] [thread 7235] [6.0] [cxt 0] Deparser 'deparser': start
[15:09:02.805] [bmv2] [T] [thread 7235] [6.0] [cxt 0] Skipping checksum 'cksum' update because condition not met
[15:09:02.805] [bmv2] [D] [thread 7235] [6.0] [cxt 0] Deparsing header 'ethernet'
[15:09:02.805] [bmv2] [D] [thread 7235] [6.0] [cxt 0] Deparser 'deparser': end
[15:09:02.806] [bmv2] [D] [thread 7239] [6.0] [cxt 0] Transmitting packet of size 70 out of port 0
[15:09:03.076] [bmv2] [D] [thread 7234] [7.0] [cxt 0] Processing packet received on port 3
[15:09:03.076] [bmv2] [D] [thread 7234] [7.0] [cxt 0] Parser 'parser': start
[15:09:03.076] [bmv2] [D] [thread 7234] [7.0] [cxt 0] Parser 'parser' entering state 'start'
[15:09:03.076] [bmv2] [D] [thread 7234] [7.0] [cxt 0] Extracting header 'ethernet'
[15:09:03.076] [bmv2] [D] [thread 7234] [7.0] [cxt 0] Parser state 'start': key is 86dd
[15:09:03.076] [bmv2] [T] [thread 7234] [7.0] [cxt 0] Bytes parsed: 14
[15:09:03.076] [bmv2] [D] [thread 7234] [7.0] [cxt 0] Parser 'parser': end
[15:09:03.076] [bmv2] [D] [thread 7234] [7.0] [cxt 0] Pipeline 'ingress': start
[15:09:03.076] [bmv2] [T] [thread 7234] [7.0] [cxt 0] ../build_dependencies/net_cache.p4(114) Condition "hdr.ipv4.isValid()" (node_2) is false
[15:09:03.076] [bmv2] [D] [thread 7234] [7.0] [cxt 0] Pipeline 'ingress': end
[15:09:03.076] [bmv2] [D] [thread 7234] [7.0] [cxt 0] Egress port is 0
[15:09:03.077] [bmv2] [D] [thread 7235] [7.0] [cxt 0] Pipeline 'egress': start
[15:09:03.077] [bmv2] [D] [thread 7235] [7.0] [cxt 0] Pipeline 'egress': end
[15:09:03.077] [bmv2] [D] [thread 7235] [7.0] [cxt 0] Deparser 'deparser': start
[15:09:03.077] [bmv2] [T] [thread 7235] [7.0] [cxt 0] Skipping checksum 'cksum' update because condition not met
[15:09:03.077] [bmv2] [D] [thread 7235] [7.0] [cxt 0] Deparsing header 'ethernet'
[15:09:03.077] [bmv2] [D] [thread 7235] [7.0] [cxt 0] Deparser 'deparser': end
[15:09:03.078] [bmv2] [D] [thread 7239] [7.0] [cxt 0] Transmitting packet of size 70 out of port 0
[15:09:03.093] [bmv2] [D] [thread 7234] [8.0] [cxt 0] Processing packet received on port 3
[15:09:03.093] [bmv2] [D] [thread 7234] [8.0] [cxt 0] Parser 'parser': start
[15:09:03.093] [bmv2] [D] [thread 7234] [8.0] [cxt 0] Parser 'parser' entering state 'start'
[15:09:03.093] [bmv2] [D] [thread 7234] [8.0] [cxt 0] Extracting header 'ethernet'
[15:09:03.093] [bmv2] [D] [thread 7234] [8.0] [cxt 0] Parser state 'start': key is 86dd
[15:09:03.093] [bmv2] [T] [thread 7234] [8.0] [cxt 0] Bytes parsed: 14
[15:09:03.093] [bmv2] [D] [thread 7234] [8.0] [cxt 0] Parser 'parser': end
[15:09:03.093] [bmv2] [D] [thread 7234] [8.0] [cxt 0] Pipeline 'ingress': start
[15:09:03.093] [bmv2] [T] [thread 7234] [8.0] [cxt 0] ../build_dependencies/net_cache.p4(114) Condition "hdr.ipv4.isValid()" (node_2) is false
[15:09:03.093] [bmv2] [D] [thread 7234] [8.0] [cxt 0] Pipeline 'ingress': end
[15:09:03.093] [bmv2] [D] [thread 7234] [8.0] [cxt 0] Egress port is 0
[15:09:03.094] [bmv2] [D] [thread 7235] [8.0] [cxt 0] Pipeline 'egress': start
[15:09:03.094] [bmv2] [D] [thread 7235] [8.0] [cxt 0] Pipeline 'egress': end
[15:09:03.094] [bmv2] [D] [thread 7235] [8.0] [cxt 0] Deparser 'deparser': start
[15:09:03.094] [bmv2] [T] [thread 7235] [8.0] [cxt 0] Skipping checksum 'cksum' update because condition not met
[15:09:03.094] [bmv2] [D] [thread 7235] [8.0] [cxt 0] Deparsing header 'ethernet'
[15:09:03.094] [bmv2] [D] [thread 7235] [8.0] [cxt 0] Deparser 'deparser': end
[15:09:03.094] [bmv2] [D] [thread 7239] [8.0] [cxt 0] Transmitting packet of size 70 out of port 0
[15:09:06.255] [bmv2] [D] [thread 7234] [9.0] [cxt 0] Processing packet received on port 2
[15:09:06.255] [bmv2] [D] [thread 7234] [9.0] [cxt 0] Parser 'parser': start
[15:09:06.255] [bmv2] [D] [thread 7234] [9.0] [cxt 0] Parser 'parser' entering state 'start'
[15:09:06.255] [bmv2] [D] [thread 7234] [9.0] [cxt 0] Extracting header 'ethernet'
[15:09:06.255] [bmv2] [D] [thread 7234] [9.0] [cxt 0] Parser state 'start': key is 86dd
[15:09:06.255] [bmv2] [T] [thread 7234] [9.0] [cxt 0] Bytes parsed: 14
[15:09:06.255] [bmv2] [D] [thread 7234] [9.0] [cxt 0] Parser 'parser': end
[15:09:06.255] [bmv2] [D] [thread 7234] [9.0] [cxt 0] Pipeline 'ingress': start
[15:09:06.255] [bmv2] [T] [thread 7234] [9.0] [cxt 0] ../build_dependencies/net_cache.p4(114) Condition "hdr.ipv4.isValid()" (node_2) is false
[15:09:06.256] [bmv2] [D] [thread 7234] [9.0] [cxt 0] Pipeline 'ingress': end
[15:09:06.256] [bmv2] [D] [thread 7234] [9.0] [cxt 0] Egress port is 0
[15:09:06.256] [bmv2] [D] [thread 7235] [9.0] [cxt 0] Pipeline 'egress': start
[15:09:06.256] [bmv2] [D] [thread 7235] [9.0] [cxt 0] Pipeline 'egress': end
[15:09:06.256] [bmv2] [D] [thread 7235] [9.0] [cxt 0] Deparser 'deparser': start
[15:09:06.256] [bmv2] [T] [thread 7235] [9.0] [cxt 0] Skipping checksum 'cksum' update because condition not met
[15:09:06.256] [bmv2] [D] [thread 7235] [9.0] [cxt 0] Deparsing header 'ethernet'
[15:09:06.256] [bmv2] [D] [thread 7235] [9.0] [cxt 0] Deparser 'deparser': end
[15:09:06.257] [bmv2] [D] [thread 7239] [9.0] [cxt 0] Transmitting packet of size 70 out of port 0
[15:09:06.574] [bmv2] [D] [thread 7234] [10.0] [cxt 0] Processing packet received on port 2
[15:09:06.574] [bmv2] [D] [thread 7234] [10.0] [cxt 0] Parser 'parser': start
[15:09:06.574] [bmv2] [D] [thread 7234] [10.0] [cxt 0] Parser 'parser' entering state 'start'
[15:09:06.574] [bmv2] [D] [thread 7234] [10.0] [cxt 0] Extracting header 'ethernet'
[15:09:06.574] [bmv2] [D] [thread 7234] [10.0] [cxt 0] Parser state 'start': key is 86dd
[15:09:06.574] [bmv2] [T] [thread 7234] [10.0] [cxt 0] Bytes parsed: 14
[15:09:06.574] [bmv2] [D] [thread 7234] [10.0] [cxt 0] Parser 'parser': end
[15:09:06.574] [bmv2] [D] [thread 7234] [10.0] [cxt 0] Pipeline 'ingress': start
[15:09:06.574] [bmv2] [T] [thread 7234] [10.0] [cxt 0] ../build_dependencies/net_cache.p4(114) Condition "hdr.ipv4.isValid()" (node_2) is false
[15:09:06.574] [bmv2] [D] [thread 7234] [10.0] [cxt 0] Pipeline 'ingress': end
[15:09:06.574] [bmv2] [D] [thread 7234] [10.0] [cxt 0] Egress port is 0
[15:09:06.574] [bmv2] [D] [thread 7235] [10.0] [cxt 0] Pipeline 'egress': start
[15:09:06.574] [bmv2] [D] [thread 7235] [10.0] [cxt 0] Pipeline 'egress': end
[15:09:06.574] [bmv2] [D] [thread 7235] [10.0] [cxt 0] Deparser 'deparser': start
[15:09:06.574] [bmv2] [T] [thread 7235] [10.0] [cxt 0] Skipping checksum 'cksum' update because condition not met
[15:09:06.574] [bmv2] [D] [thread 7235] [10.0] [cxt 0] Deparsing header 'ethernet'
[15:09:06.574] [bmv2] [D] [thread 7235] [10.0] [cxt 0] Deparser 'deparser': end
[15:09:06.575] [bmv2] [D] [thread 7239] [10.0] [cxt 0] Transmitting packet of size 70 out of port 0
[15:09:06.813] [bmv2] [D] [thread 7234] [11.0] [cxt 0] Processing packet received on port 1
[15:09:06.813] [bmv2] [D] [thread 7234] [11.0] [cxt 0] Parser 'parser': start
[15:09:06.813] [bmv2] [D] [thread 7234] [11.0] [cxt 0] Parser 'parser' entering state 'start'
[15:09:06.813] [bmv2] [D] [thread 7234] [11.0] [cxt 0] Extracting header 'ethernet'
[15:09:06.813] [bmv2] [D] [thread 7234] [11.0] [cxt 0] Parser state 'start': key is 86dd
[15:09:06.813] [bmv2] [T] [thread 7234] [11.0] [cxt 0] Bytes parsed: 14
[15:09:06.813] [bmv2] [D] [thread 7234] [11.0] [cxt 0] Parser 'parser': end
[15:09:06.813] [bmv2] [D] [thread 7234] [11.0] [cxt 0] Pipeline 'ingress': start
[15:09:06.813] [bmv2] [T] [thread 7234] [11.0] [cxt 0] ../build_dependencies/net_cache.p4(114) Condition "hdr.ipv4.isValid()" (node_2) is false
[15:09:06.813] [bmv2] [D] [thread 7234] [11.0] [cxt 0] Pipeline 'ingress': end
[15:09:06.813] [bmv2] [D] [thread 7234] [11.0] [cxt 0] Egress port is 0
[15:09:06.814] [bmv2] [D] [thread 7235] [11.0] [cxt 0] Pipeline 'egress': start
[15:09:06.814] [bmv2] [D] [thread 7235] [11.0] [cxt 0] Pipeline 'egress': end
[15:09:06.814] [bmv2] [D] [thread 7235] [11.0] [cxt 0] Deparser 'deparser': start
[15:09:06.814] [bmv2] [T] [thread 7235] [11.0] [cxt 0] Skipping checksum 'cksum' update because condition not met
[15:09:06.814] [bmv2] [D] [thread 7235] [11.0] [cxt 0] Deparsing header 'ethernet'
[15:09:06.814] [bmv2] [D] [thread 7235] [11.0] [cxt 0] Deparser 'deparser': end
[15:09:06.814] [bmv2] [D] [thread 7239] [11.0] [cxt 0] Transmitting packet of size 70 out of port 0
[15:09:07.121] [bmv2] [D] [thread 7234] [12.0] [cxt 0] Processing packet received on port 3
[15:09:07.121] [bmv2] [D] [thread 7234] [12.0] [cxt 0] Parser 'parser': start
[15:09:07.121] [bmv2] [D] [thread 7234] [12.0] [cxt 0] Parser 'parser' entering state 'start'
[15:09:07.121] [bmv2] [D] [thread 7234] [12.0] [cxt 0] Extracting header 'ethernet'
[15:09:07.121] [bmv2] [D] [thread 7234] [12.0] [cxt 0] Parser state 'start': key is 86dd
[15:09:07.121] [bmv2] [T] [thread 7234] [12.0] [cxt 0] Bytes parsed: 14
[15:09:07.121] [bmv2] [D] [thread 7234] [12.0] [cxt 0] Parser 'parser': end
[15:09:07.121] [bmv2] [D] [thread 7234] [12.0] [cxt 0] Pipeline 'ingress': start
[15:09:07.121] [bmv2] [T] [thread 7234] [12.0] [cxt 0] ../build_dependencies/net_cache.p4(114) Condition "hdr.ipv4.isValid()" (node_2) is false
[15:09:07.121] [bmv2] [D] [thread 7234] [12.0] [cxt 0] Pipeline 'ingress': end
[15:09:07.121] [bmv2] [D] [thread 7234] [12.0] [cxt 0] Egress port is 0
[15:09:07.121] [bmv2] [D] [thread 7234] [13.0] [cxt 0] Processing packet received on port 3
[15:09:07.121] [bmv2] [D] [thread 7234] [13.0] [cxt 0] Parser 'parser': start
[15:09:07.121] [bmv2] [D] [thread 7234] [13.0] [cxt 0] Parser 'parser' entering state 'start'
[15:09:07.121] [bmv2] [D] [thread 7234] [13.0] [cxt 0] Extracting header 'ethernet'
[15:09:07.121] [bmv2] [D] [thread 7234] [13.0] [cxt 0] Parser state 'start': key is 86dd
[15:09:07.121] [bmv2] [T] [thread 7234] [13.0] [cxt 0] Bytes parsed: 14
[15:09:07.121] [bmv2] [D] [thread 7234] [13.0] [cxt 0] Parser 'parser': end
[15:09:07.121] [bmv2] [D] [thread 7234] [13.0] [cxt 0] Pipeline 'ingress': start
[15:09:07.121] [bmv2] [T] [thread 7234] [13.0] [cxt 0] ../build_dependencies/net_cache.p4(114) Condition "hdr.ipv4.isValid()" (node_2) is false
[15:09:07.121] [bmv2] [D] [thread 7234] [13.0] [cxt 0] Pipeline 'ingress': end
[15:09:07.121] [bmv2] [D] [thread 7234] [13.0] [cxt 0] Egress port is 0
[15:09:07.121] [bmv2] [D] [thread 7235] [12.0] [cxt 0] Pipeline 'egress': start
[15:09:07.121] [bmv2] [D] [thread 7235] [12.0] [cxt 0] Pipeline 'egress': end
[15:09:07.121] [bmv2] [D] [thread 7235] [12.0] [cxt 0] Deparser 'deparser': start
[15:09:07.121] [bmv2] [T] [thread 7235] [12.0] [cxt 0] Skipping checksum 'cksum' update because condition not met
[15:09:07.121] [bmv2] [D] [thread 7235] [12.0] [cxt 0] Deparsing header 'ethernet'
[15:09:07.121] [bmv2] [D] [thread 7235] [12.0] [cxt 0] Deparser 'deparser': end
[15:09:07.122] [bmv2] [D] [thread 7235] [13.0] [cxt 0] Pipeline 'egress': start
[15:09:07.122] [bmv2] [D] [thread 7235] [13.0] [cxt 0] Pipeline 'egress': end
[15:09:07.122] [bmv2] [D] [thread 7235] [13.0] [cxt 0] Deparser 'deparser': start
[15:09:07.122] [bmv2] [T] [thread 7235] [13.0] [cxt 0] Skipping checksum 'cksum' update because condition not met
[15:09:07.122] [bmv2] [D] [thread 7235] [13.0] [cxt 0] Deparsing header 'ethernet'
[15:09:07.122] [bmv2] [D] [thread 7235] [13.0] [cxt 0] Deparser 'deparser': end
[15:09:07.122] [bmv2] [D] [thread 7239] [12.0] [cxt 0] Transmitting packet of size 70 out of port 0
[15:09:07.122] [bmv2] [D] [thread 7239] [13.0] [cxt 0] Transmitting packet of size 70 out of port 0
New connection
P4Runtime SetForwardingPipelineConfig
[15:09:14.657] [bmv2] [W] [thread 7254] [P4Runtime] p4::tmp::P4DeviceConfig is deprecated
[15:09:14.658] [bmv2] [D] [thread 7254] Set default default entry for table 'tbl_drop': MyIngress.drop - 
[15:09:14.658] [bmv2] [D] [thread 7254] Set default default entry for table 'MyIngress.ipv4_lpm': MyIngress.drop - 
P4Runtime Write
device_id: 2
election_id {
  low: 1
}
updates {
  type: INSERT
  entity {
    table_entry {
      table_id: 33574068
      match {
        field_id: 1
        lpm {
          value: "\n\000\003\003"
          prefix_len: 32
        }
      }
      action {
        action {
          action_id: 16799317
          params {
            param_id: 1
            value: "\010\000\000\000\0033"
          }
          params {
            param_id: 2
            value: "\000\001"
          }
        }
      }
    }
  }
}
[15:09:14.669] [bmv2] [D] [thread 7254] Entry 0 added to table 'MyIngress.ipv4_lpm'
[15:09:14.669] [bmv2] [D] [thread 7254] Dumping entry 0
Match key:
* hdr.ipv4.dstAddr    : LPM       0a000303/32
Action entry: MyIngress.ipv4_forward - 80000000333,1,

P4Runtime Write
device_id: 2
election_id {
  low: 1
}
updates {
  type: INSERT
  entity {
    table_entry {
      table_id: 33574068
      match {
        field_id: 1
        lpm {
          value: "\n\000\001\001"
          prefix_len: 32
        }
      }
      action {
        action {
          action_id: 16799317
          params {
            param_id: 1
            value: "\010\000\000\000\001\000"
          }
          params {
            param_id: 2
            value: "\000\002"
          }
        }
      }
    }
  }
}
[15:09:14.670] [bmv2] [D] [thread 7254] Entry 1 added to table 'MyIngress.ipv4_lpm'
[15:09:14.670] [bmv2] [D] [thread 7254] Dumping entry 1
Match key:
* hdr.ipv4.dstAddr    : LPM       0a000101/32
Action entry: MyIngress.ipv4_forward - 80000000100,2,

P4Runtime Write
device_id: 2
election_id {
  low: 1
}
updates {
  type: INSERT
  entity {
    table_entry {
      table_id: 33574068
      match {
        field_id: 1
        lpm {
          value: "\n\000\002\002"
          prefix_len: 32
        }
      }
      action {
        action {
          action_id: 16799317
          params {
            param_id: 1
            value: "\010\000\000\000\002\000"
          }
          params {
            param_id: 2
            value: "\000\003"
          }
        }
      }
    }
  }
}
[15:09:14.671] [bmv2] [D] [thread 7254] Entry 2 added to table 'MyIngress.ipv4_lpm'
[15:09:14.671] [bmv2] [D] [thread 7254] Dumping entry 2
Match key:
* hdr.ipv4.dstAddr    : LPM       0a000202/32
Action entry: MyIngress.ipv4_forward - 80000000200,3,

P4Runtime Write
device_id: 2
election_id {
  low: 1
}
updates {
  type: INSERT
  entity {
    table_entry {
      table_id: 33574068
      match {
        field_id: 1
        lpm {
          value: "\300\000\000\000"
          prefix_len: 8
        }
      }
      action {
        action {
          action_id: 16799317
          params {
            param_id: 1
            value: "\010\000\000\000\001\021"
          }
          params {
            param_id: 2
            value: "\000\002"
          }
        }
      }
    }
  }
}
[15:09:14.675] [bmv2] [D] [thread 7254] Entry 3 added to table 'MyIngress.ipv4_lpm'
[15:09:14.675] [bmv2] [D] [thread 7254] Dumping entry 3
Match key:
* hdr.ipv4.dstAddr    : LPM       c0000000/8
Action entry: MyIngress.ipv4_forward - 80000000111,2,

open: No such file or directory
open: No such file or directory
open: No such file or directory
open: No such file or directory
