Calling target program-options parser
[14:36:27.345] [bmv2] [D] [thread 13102] Set default default entry for table 'tbl_drop': MyIngress.drop - 
[14:36:27.345] [bmv2] [D] [thread 13102] Set default default entry for table 'MyIngress.ipv4_lpm': MyIngress.drop - 
Adding interface s1-eth1 as port 1
[14:36:27.345] [bmv2] [D] [thread 13102] Adding interface s1-eth1 as port 1
Adding interface s1-eth2 as port 2
[14:36:27.383] [bmv2] [D] [thread 13102] Adding interface s1-eth2 as port 2
Adding interface s1-eth3 as port 3
[14:36:27.410] [bmv2] [D] [thread 13102] Adding interface s1-eth3 as port 3
I0427 14:36:27.439225363   13102 server_builder.cc:247]      Synchronous server. Num CQs: 1, Min pollers: 1, Max Pollers: 2147483647, CQ timeout (msec): 1000
Server listening on 0.0.0.0:50051
[14:36:27.444] [bmv2] [I] [thread 13102] Starting Thrift server on port 9090
[14:36:27.444] [bmv2] [I] [thread 13102] Thrift server was started
[14:36:27.449] [bmv2] [D] [thread 13109] [0.0] [cxt 0] Processing packet received on port 2
[14:36:27.449] [bmv2] [D] [thread 13109] [0.0] [cxt 0] Parser 'parser': start
[14:36:27.449] [bmv2] [D] [thread 13109] [0.0] [cxt 0] Parser 'parser' entering state 'start'
[14:36:27.449] [bmv2] [D] [thread 13109] [0.0] [cxt 0] Extracting header 'ethernet'
[14:36:27.449] [bmv2] [D] [thread 13109] [0.0] [cxt 0] Parser state 'start': key is 86dd
[14:36:27.449] [bmv2] [T] [thread 13109] [0.0] [cxt 0] Bytes parsed: 14
[14:36:27.449] [bmv2] [D] [thread 13109] [0.0] [cxt 0] Parser 'parser': end
[14:36:27.449] [bmv2] [D] [thread 13109] [0.0] [cxt 0] Pipeline 'ingress': start
[14:36:27.449] [bmv2] [T] [thread 13109] [0.0] [cxt 0] ../build_dependencies/net_cache.p4(114) Condition "hdr.ipv4.isValid()" (node_2) is false
[14:36:27.449] [bmv2] [D] [thread 13109] [0.0] [cxt 0] Pipeline 'ingress': end
[14:36:27.449] [bmv2] [D] [thread 13109] [0.0] [cxt 0] Egress port is 0
[14:36:27.449] [bmv2] [D] [thread 13110] [0.0] [cxt 0] Pipeline 'egress': start
[14:36:27.449] [bmv2] [D] [thread 13110] [0.0] [cxt 0] Pipeline 'egress': end
[14:36:27.449] [bmv2] [D] [thread 13110] [0.0] [cxt 0] Deparser 'deparser': start
[14:36:27.449] [bmv2] [T] [thread 13110] [0.0] [cxt 0] Skipping checksum 'cksum' update because condition not met
[14:36:27.449] [bmv2] [D] [thread 13110] [0.0] [cxt 0] Deparsing header 'ethernet'
[14:36:27.449] [bmv2] [D] [thread 13110] [0.0] [cxt 0] Deparser 'deparser': end
[14:36:27.449] [bmv2] [D] [thread 13114] [0.0] [cxt 0] Transmitting packet of size 78 out of port 0
[14:36:27.782] [bmv2] [D] [thread 13109] [1.0] [cxt 0] Processing packet received on port 3
[14:36:27.782] [bmv2] [D] [thread 13109] [1.0] [cxt 0] Parser 'parser': start
[14:36:27.782] [bmv2] [D] [thread 13109] [1.0] [cxt 0] Parser 'parser' entering state 'start'
[14:36:27.782] [bmv2] [D] [thread 13109] [1.0] [cxt 0] Extracting header 'ethernet'
[14:36:27.782] [bmv2] [D] [thread 13109] [1.0] [cxt 0] Parser state 'start': key is 86dd
[14:36:27.782] [bmv2] [T] [thread 13109] [1.0] [cxt 0] Bytes parsed: 14
[14:36:27.782] [bmv2] [D] [thread 13109] [1.0] [cxt 0] Parser 'parser': end
[14:36:27.782] [bmv2] [D] [thread 13109] [1.0] [cxt 0] Pipeline 'ingress': start
[14:36:27.782] [bmv2] [T] [thread 13109] [1.0] [cxt 0] ../build_dependencies/net_cache.p4(114) Condition "hdr.ipv4.isValid()" (node_2) is false
[14:36:27.782] [bmv2] [D] [thread 13109] [1.0] [cxt 0] Pipeline 'ingress': end
[14:36:27.782] [bmv2] [D] [thread 13109] [1.0] [cxt 0] Egress port is 0
[14:36:27.782] [bmv2] [D] [thread 13110] [1.0] [cxt 0] Pipeline 'egress': start
[14:36:27.782] [bmv2] [D] [thread 13110] [1.0] [cxt 0] Pipeline 'egress': end
[14:36:27.782] [bmv2] [D] [thread 13110] [1.0] [cxt 0] Deparser 'deparser': start
[14:36:27.782] [bmv2] [T] [thread 13110] [1.0] [cxt 0] Skipping checksum 'cksum' update because condition not met
[14:36:27.782] [bmv2] [D] [thread 13110] [1.0] [cxt 0] Deparsing header 'ethernet'
[14:36:27.782] [bmv2] [D] [thread 13110] [1.0] [cxt 0] Deparser 'deparser': end
[14:36:27.782] [bmv2] [D] [thread 13114] [1.0] [cxt 0] Transmitting packet of size 78 out of port 0
[14:36:27.818] [bmv2] [D] [thread 13109] [2.0] [cxt 0] Processing packet received on port 1
[14:36:27.818] [bmv2] [D] [thread 13109] [2.0] [cxt 0] Parser 'parser': start
[14:36:27.818] [bmv2] [D] [thread 13109] [2.0] [cxt 0] Parser 'parser' entering state 'start'
[14:36:27.819] [bmv2] [D] [thread 13109] [2.0] [cxt 0] Extracting header 'ethernet'
[14:36:27.819] [bmv2] [D] [thread 13109] [2.0] [cxt 0] Parser state 'start': key is 86dd
[14:36:27.819] [bmv2] [T] [thread 13109] [2.0] [cxt 0] Bytes parsed: 14
[14:36:27.819] [bmv2] [D] [thread 13109] [2.0] [cxt 0] Parser 'parser': end
[14:36:27.819] [bmv2] [D] [thread 13109] [2.0] [cxt 0] Pipeline 'ingress': start
[14:36:27.819] [bmv2] [T] [thread 13109] [2.0] [cxt 0] ../build_dependencies/net_cache.p4(114) Condition "hdr.ipv4.isValid()" (node_2) is false
[14:36:27.819] [bmv2] [D] [thread 13109] [2.0] [cxt 0] Pipeline 'ingress': end
[14:36:27.819] [bmv2] [D] [thread 13109] [2.0] [cxt 0] Egress port is 0
[14:36:27.819] [bmv2] [D] [thread 13110] [2.0] [cxt 0] Pipeline 'egress': start
[14:36:27.819] [bmv2] [D] [thread 13110] [2.0] [cxt 0] Pipeline 'egress': end
[14:36:27.819] [bmv2] [D] [thread 13110] [2.0] [cxt 0] Deparser 'deparser': start
[14:36:27.819] [bmv2] [T] [thread 13110] [2.0] [cxt 0] Skipping checksum 'cksum' update because condition not met
[14:36:27.819] [bmv2] [D] [thread 13110] [2.0] [cxt 0] Deparsing header 'ethernet'
[14:36:27.819] [bmv2] [D] [thread 13110] [2.0] [cxt 0] Deparser 'deparser': end
[14:36:27.819] [bmv2] [D] [thread 13114] [2.0] [cxt 0] Transmitting packet of size 78 out of port 0
[14:36:27.854] [bmv2] [D] [thread 13109] [3.0] [cxt 0] Processing packet received on port 3
[14:36:27.854] [bmv2] [D] [thread 13109] [3.0] [cxt 0] Parser 'parser': start
[14:36:27.854] [bmv2] [D] [thread 13109] [3.0] [cxt 0] Parser 'parser' entering state 'start'
[14:36:27.854] [bmv2] [D] [thread 13109] [3.0] [cxt 0] Extracting header 'ethernet'
[14:36:27.854] [bmv2] [D] [thread 13109] [3.0] [cxt 0] Parser state 'start': key is 86dd
[14:36:27.854] [bmv2] [T] [thread 13109] [3.0] [cxt 0] Bytes parsed: 14
[14:36:27.854] [bmv2] [D] [thread 13109] [3.0] [cxt 0] Parser 'parser': end
[14:36:27.854] [bmv2] [D] [thread 13109] [3.0] [cxt 0] Pipeline 'ingress': start
[14:36:27.854] [bmv2] [T] [thread 13109] [3.0] [cxt 0] ../build_dependencies/net_cache.p4(114) Condition "hdr.ipv4.isValid()" (node_2) is false
[14:36:27.854] [bmv2] [D] [thread 13109] [3.0] [cxt 0] Pipeline 'ingress': end
[14:36:27.854] [bmv2] [D] [thread 13109] [3.0] [cxt 0] Egress port is 0
[14:36:27.854] [bmv2] [D] [thread 13110] [3.0] [cxt 0] Pipeline 'egress': start
[14:36:27.854] [bmv2] [D] [thread 13110] [3.0] [cxt 0] Pipeline 'egress': end
[14:36:27.854] [bmv2] [D] [thread 13110] [3.0] [cxt 0] Deparser 'deparser': start
[14:36:27.854] [bmv2] [T] [thread 13110] [3.0] [cxt 0] Skipping checksum 'cksum' update because condition not met
[14:36:27.855] [bmv2] [D] [thread 13110] [3.0] [cxt 0] Deparsing header 'ethernet'
[14:36:27.855] [bmv2] [D] [thread 13110] [3.0] [cxt 0] Deparser 'deparser': end
[14:36:27.855] [bmv2] [D] [thread 13114] [3.0] [cxt 0] Transmitting packet of size 78 out of port 0
[14:36:27.985] [bmv2] [D] [thread 13109] [4.0] [cxt 0] Processing packet received on port 2
[14:36:27.986] [bmv2] [D] [thread 13109] [4.0] [cxt 0] Parser 'parser': start
[14:36:27.986] [bmv2] [D] [thread 13109] [4.0] [cxt 0] Parser 'parser' entering state 'start'
[14:36:27.986] [bmv2] [D] [thread 13109] [4.0] [cxt 0] Extracting header 'ethernet'
[14:36:27.986] [bmv2] [D] [thread 13109] [4.0] [cxt 0] Parser state 'start': key is 86dd
[14:36:27.986] [bmv2] [T] [thread 13109] [4.0] [cxt 0] Bytes parsed: 14
[14:36:27.986] [bmv2] [D] [thread 13109] [4.0] [cxt 0] Parser 'parser': end
[14:36:27.986] [bmv2] [D] [thread 13109] [4.0] [cxt 0] Pipeline 'ingress': start
[14:36:27.986] [bmv2] [T] [thread 13109] [4.0] [cxt 0] ../build_dependencies/net_cache.p4(114) Condition "hdr.ipv4.isValid()" (node_2) is false
[14:36:27.986] [bmv2] [D] [thread 13109] [4.0] [cxt 0] Pipeline 'ingress': end
[14:36:27.986] [bmv2] [D] [thread 13109] [4.0] [cxt 0] Egress port is 0
[14:36:27.986] [bmv2] [D] [thread 13110] [4.0] [cxt 0] Pipeline 'egress': start
[14:36:27.986] [bmv2] [D] [thread 13110] [4.0] [cxt 0] Pipeline 'egress': end
[14:36:27.986] [bmv2] [D] [thread 13110] [4.0] [cxt 0] Deparser 'deparser': start
[14:36:27.986] [bmv2] [T] [thread 13110] [4.0] [cxt 0] Skipping checksum 'cksum' update because condition not met
[14:36:27.986] [bmv2] [D] [thread 13110] [4.0] [cxt 0] Deparsing header 'ethernet'
[14:36:27.986] [bmv2] [D] [thread 13110] [4.0] [cxt 0] Deparser 'deparser': end
[14:36:27.986] [bmv2] [D] [thread 13114] [4.0] [cxt 0] Transmitting packet of size 90 out of port 0
[14:36:28.007] [bmv2] [D] [thread 13109] [5.0] [cxt 0] Processing packet received on port 3
[14:36:28.007] [bmv2] [D] [thread 13109] [5.0] [cxt 0] Parser 'parser': start
[14:36:28.007] [bmv2] [D] [thread 13109] [5.0] [cxt 0] Parser 'parser' entering state 'start'
[14:36:28.007] [bmv2] [D] [thread 13109] [5.0] [cxt 0] Extracting header 'ethernet'
[14:36:28.007] [bmv2] [D] [thread 13109] [5.0] [cxt 0] Parser state 'start': key is 86dd
[14:36:28.007] [bmv2] [T] [thread 13109] [5.0] [cxt 0] Bytes parsed: 14
[14:36:28.007] [bmv2] [D] [thread 13109] [5.0] [cxt 0] Parser 'parser': end
[14:36:28.007] [bmv2] [D] [thread 13109] [5.0] [cxt 0] Pipeline 'ingress': start
[14:36:28.007] [bmv2] [T] [thread 13109] [5.0] [cxt 0] ../build_dependencies/net_cache.p4(114) Condition "hdr.ipv4.isValid()" (node_2) is false
[14:36:28.007] [bmv2] [D] [thread 13109] [5.0] [cxt 0] Pipeline 'ingress': end
[14:36:28.007] [bmv2] [D] [thread 13109] [5.0] [cxt 0] Egress port is 0
[14:36:28.007] [bmv2] [D] [thread 13110] [5.0] [cxt 0] Pipeline 'egress': start
[14:36:28.007] [bmv2] [D] [thread 13110] [5.0] [cxt 0] Pipeline 'egress': end
[14:36:28.007] [bmv2] [D] [thread 13110] [5.0] [cxt 0] Deparser 'deparser': start
[14:36:28.007] [bmv2] [T] [thread 13110] [5.0] [cxt 0] Skipping checksum 'cksum' update because condition not met
[14:36:28.007] [bmv2] [D] [thread 13110] [5.0] [cxt 0] Deparsing header 'ethernet'
[14:36:28.007] [bmv2] [D] [thread 13110] [5.0] [cxt 0] Deparser 'deparser': end
[14:36:28.007] [bmv2] [D] [thread 13114] [5.0] [cxt 0] Transmitting packet of size 90 out of port 0
[14:36:28.019] [bmv2] [D] [thread 13109] [6.0] [cxt 0] Processing packet received on port 3
[14:36:28.019] [bmv2] [D] [thread 13109] [6.0] [cxt 0] Parser 'parser': start
[14:36:28.019] [bmv2] [D] [thread 13109] [6.0] [cxt 0] Parser 'parser' entering state 'start'
[14:36:28.019] [bmv2] [D] [thread 13109] [6.0] [cxt 0] Extracting header 'ethernet'
[14:36:28.019] [bmv2] [D] [thread 13109] [6.0] [cxt 0] Parser state 'start': key is 86dd
[14:36:28.019] [bmv2] [T] [thread 13109] [6.0] [cxt 0] Bytes parsed: 14
[14:36:28.019] [bmv2] [D] [thread 13109] [6.0] [cxt 0] Parser 'parser': end
[14:36:28.019] [bmv2] [D] [thread 13109] [6.0] [cxt 0] Pipeline 'ingress': start
[14:36:28.019] [bmv2] [T] [thread 13109] [6.0] [cxt 0] ../build_dependencies/net_cache.p4(114) Condition "hdr.ipv4.isValid()" (node_2) is false
[14:36:28.019] [bmv2] [D] [thread 13109] [6.0] [cxt 0] Pipeline 'ingress': end
[14:36:28.020] [bmv2] [D] [thread 13109] [6.0] [cxt 0] Egress port is 0
[14:36:28.020] [bmv2] [D] [thread 13110] [6.0] [cxt 0] Pipeline 'egress': start
[14:36:28.020] [bmv2] [D] [thread 13110] [6.0] [cxt 0] Pipeline 'egress': end
[14:36:28.020] [bmv2] [D] [thread 13110] [6.0] [cxt 0] Deparser 'deparser': start
[14:36:28.020] [bmv2] [T] [thread 13110] [6.0] [cxt 0] Skipping checksum 'cksum' update because condition not met
[14:36:28.020] [bmv2] [D] [thread 13110] [6.0] [cxt 0] Deparsing header 'ethernet'
[14:36:28.020] [bmv2] [D] [thread 13110] [6.0] [cxt 0] Deparser 'deparser': end
[14:36:28.020] [bmv2] [D] [thread 13114] [6.0] [cxt 0] Transmitting packet of size 90 out of port 0
[14:36:28.060] [bmv2] [D] [thread 13109] [7.0] [cxt 0] Processing packet received on port 2
[14:36:28.060] [bmv2] [D] [thread 13109] [7.0] [cxt 0] Parser 'parser': start
[14:36:28.060] [bmv2] [D] [thread 13109] [7.0] [cxt 0] Parser 'parser' entering state 'start'
[14:36:28.060] [bmv2] [D] [thread 13109] [7.0] [cxt 0] Extracting header 'ethernet'
[14:36:28.060] [bmv2] [D] [thread 13109] [7.0] [cxt 0] Parser state 'start': key is 86dd
[14:36:28.060] [bmv2] [T] [thread 13109] [7.0] [cxt 0] Bytes parsed: 14
[14:36:28.060] [bmv2] [D] [thread 13109] [7.0] [cxt 0] Parser 'parser': end
[14:36:28.060] [bmv2] [D] [thread 13109] [7.0] [cxt 0] Pipeline 'ingress': start
[14:36:28.060] [bmv2] [T] [thread 13109] [7.0] [cxt 0] ../build_dependencies/net_cache.p4(114) Condition "hdr.ipv4.isValid()" (node_2) is false
[14:36:28.060] [bmv2] [D] [thread 13109] [7.0] [cxt 0] Pipeline 'ingress': end
[14:36:28.060] [bmv2] [D] [thread 13109] [7.0] [cxt 0] Egress port is 0
[14:36:28.060] [bmv2] [D] [thread 13110] [7.0] [cxt 0] Pipeline 'egress': start
[14:36:28.060] [bmv2] [D] [thread 13110] [7.0] [cxt 0] Pipeline 'egress': end
[14:36:28.060] [bmv2] [D] [thread 13110] [7.0] [cxt 0] Deparser 'deparser': start
[14:36:28.060] [bmv2] [T] [thread 13110] [7.0] [cxt 0] Skipping checksum 'cksum' update because condition not met
[14:36:28.060] [bmv2] [D] [thread 13110] [7.0] [cxt 0] Deparsing header 'ethernet'
[14:36:28.060] [bmv2] [D] [thread 13110] [7.0] [cxt 0] Deparser 'deparser': end
[14:36:28.060] [bmv2] [D] [thread 13114] [7.0] [cxt 0] Transmitting packet of size 78 out of port 0
[14:36:28.088] [bmv2] [D] [thread 13109] [8.0] [cxt 0] Processing packet received on port 2
[14:36:28.088] [bmv2] [D] [thread 13109] [8.0] [cxt 0] Parser 'parser': start
[14:36:28.088] [bmv2] [D] [thread 13109] [8.0] [cxt 0] Parser 'parser' entering state 'start'
[14:36:28.089] [bmv2] [D] [thread 13109] [8.0] [cxt 0] Extracting header 'ethernet'
[14:36:28.089] [bmv2] [D] [thread 13109] [8.0] [cxt 0] Parser state 'start': key is 86dd
[14:36:28.089] [bmv2] [T] [thread 13109] [8.0] [cxt 0] Bytes parsed: 14
[14:36:28.089] [bmv2] [D] [thread 13109] [8.0] [cxt 0] Parser 'parser': end
[14:36:28.089] [bmv2] [D] [thread 13109] [8.0] [cxt 0] Pipeline 'ingress': start
[14:36:28.089] [bmv2] [T] [thread 13109] [8.0] [cxt 0] ../build_dependencies/net_cache.p4(114) Condition "hdr.ipv4.isValid()" (node_2) is false
[14:36:28.089] [bmv2] [D] [thread 13109] [8.0] [cxt 0] Pipeline 'ingress': end
[14:36:28.089] [bmv2] [D] [thread 13109] [8.0] [cxt 0] Egress port is 0
[14:36:28.089] [bmv2] [D] [thread 13110] [8.0] [cxt 0] Pipeline 'egress': start
[14:36:28.089] [bmv2] [D] [thread 13110] [8.0] [cxt 0] Pipeline 'egress': end
[14:36:28.089] [bmv2] [D] [thread 13110] [8.0] [cxt 0] Deparser 'deparser': start
[14:36:28.089] [bmv2] [T] [thread 13110] [8.0] [cxt 0] Skipping checksum 'cksum' update because condition not met
[14:36:28.089] [bmv2] [D] [thread 13110] [8.0] [cxt 0] Deparsing header 'ethernet'
[14:36:28.089] [bmv2] [D] [thread 13110] [8.0] [cxt 0] Deparser 'deparser': end
[14:36:28.089] [bmv2] [D] [thread 13114] [8.0] [cxt 0] Transmitting packet of size 90 out of port 0
[14:36:28.184] [bmv2] [D] [thread 13109] [9.0] [cxt 0] Processing packet received on port 1
[14:36:28.184] [bmv2] [D] [thread 13109] [9.0] [cxt 0] Parser 'parser': start
[14:36:28.184] [bmv2] [D] [thread 13109] [9.0] [cxt 0] Parser 'parser' entering state 'start'
[14:36:28.184] [bmv2] [D] [thread 13109] [9.0] [cxt 0] Extracting header 'ethernet'
[14:36:28.184] [bmv2] [D] [thread 13109] [9.0] [cxt 0] Parser state 'start': key is 86dd
[14:36:28.184] [bmv2] [T] [thread 13109] [9.0] [cxt 0] Bytes parsed: 14
[14:36:28.184] [bmv2] [D] [thread 13109] [9.0] [cxt 0] Parser 'parser': end
[14:36:28.184] [bmv2] [D] [thread 13109] [9.0] [cxt 0] Pipeline 'ingress': start
[14:36:28.184] [bmv2] [T] [thread 13109] [9.0] [cxt 0] ../build_dependencies/net_cache.p4(114) Condition "hdr.ipv4.isValid()" (node_2) is false
[14:36:28.184] [bmv2] [D] [thread 13109] [9.0] [cxt 0] Pipeline 'ingress': end
[14:36:28.184] [bmv2] [D] [thread 13109] [9.0] [cxt 0] Egress port is 0
[14:36:28.184] [bmv2] [D] [thread 13110] [9.0] [cxt 0] Pipeline 'egress': start
[14:36:28.184] [bmv2] [D] [thread 13110] [9.0] [cxt 0] Pipeline 'egress': end
[14:36:28.184] [bmv2] [D] [thread 13110] [9.0] [cxt 0] Deparser 'deparser': start
[14:36:28.184] [bmv2] [T] [thread 13110] [9.0] [cxt 0] Skipping checksum 'cksum' update because condition not met
[14:36:28.184] [bmv2] [D] [thread 13110] [9.0] [cxt 0] Deparsing header 'ethernet'
[14:36:28.184] [bmv2] [D] [thread 13110] [9.0] [cxt 0] Deparser 'deparser': end
[14:36:28.184] [bmv2] [D] [thread 13114] [9.0] [cxt 0] Transmitting packet of size 90 out of port 0
[14:36:28.415] [bmv2] [D] [thread 13109] [10.0] [cxt 0] Processing packet received on port 2
[14:36:28.415] [bmv2] [D] [thread 13109] [10.0] [cxt 0] Parser 'parser': start
[14:36:28.415] [bmv2] [D] [thread 13109] [10.0] [cxt 0] Parser 'parser' entering state 'start'
[14:36:28.415] [bmv2] [D] [thread 13109] [10.0] [cxt 0] Extracting header 'ethernet'
[14:36:28.415] [bmv2] [D] [thread 13109] [10.0] [cxt 0] Parser state 'start': key is 86dd
[14:36:28.415] [bmv2] [T] [thread 13109] [10.0] [cxt 0] Bytes parsed: 14
[14:36:28.415] [bmv2] [D] [thread 13109] [10.0] [cxt 0] Parser 'parser': end
[14:36:28.415] [bmv2] [D] [thread 13109] [10.0] [cxt 0] Pipeline 'ingress': start
[14:36:28.415] [bmv2] [T] [thread 13109] [10.0] [cxt 0] ../build_dependencies/net_cache.p4(114) Condition "hdr.ipv4.isValid()" (node_2) is false
[14:36:28.415] [bmv2] [D] [thread 13109] [10.0] [cxt 0] Pipeline 'ingress': end
[14:36:28.415] [bmv2] [D] [thread 13109] [10.0] [cxt 0] Egress port is 0
[14:36:28.415] [bmv2] [D] [thread 13109] [11.0] [cxt 0] Processing packet received on port 2
[14:36:28.415] [bmv2] [D] [thread 13109] [11.0] [cxt 0] Parser 'parser': start
[14:36:28.415] [bmv2] [D] [thread 13109] [11.0] [cxt 0] Parser 'parser' entering state 'start'
[14:36:28.415] [bmv2] [D] [thread 13109] [11.0] [cxt 0] Extracting header 'ethernet'
[14:36:28.415] [bmv2] [D] [thread 13109] [11.0] [cxt 0] Parser state 'start': key is 86dd
[14:36:28.415] [bmv2] [T] [thread 13109] [11.0] [cxt 0] Bytes parsed: 14
[14:36:28.415] [bmv2] [D] [thread 13109] [11.0] [cxt 0] Parser 'parser': end
[14:36:28.415] [bmv2] [D] [thread 13109] [11.0] [cxt 0] Pipeline 'ingress': start
[14:36:28.415] [bmv2] [T] [thread 13109] [11.0] [cxt 0] ../build_dependencies/net_cache.p4(114) Condition "hdr.ipv4.isValid()" (node_2) is false
[14:36:28.415] [bmv2] [D] [thread 13109] [11.0] [cxt 0] Pipeline 'ingress': end
[14:36:28.415] [bmv2] [D] [thread 13109] [11.0] [cxt 0] Egress port is 0
[14:36:28.415] [bmv2] [D] [thread 13110] [10.0] [cxt 0] Pipeline 'egress': start
[14:36:28.415] [bmv2] [D] [thread 13110] [10.0] [cxt 0] Pipeline 'egress': end
[14:36:28.415] [bmv2] [D] [thread 13110] [10.0] [cxt 0] Deparser 'deparser': start
[14:36:28.415] [bmv2] [T] [thread 13110] [10.0] [cxt 0] Skipping checksum 'cksum' update because condition not met
[14:36:28.415] [bmv2] [D] [thread 13110] [10.0] [cxt 0] Deparsing header 'ethernet'
[14:36:28.415] [bmv2] [D] [thread 13110] [10.0] [cxt 0] Deparser 'deparser': end
[14:36:28.415] [bmv2] [D] [thread 13110] [11.0] [cxt 0] Pipeline 'egress': start
[14:36:28.415] [bmv2] [D] [thread 13110] [11.0] [cxt 0] Pipeline 'egress': end
[14:36:28.415] [bmv2] [D] [thread 13110] [11.0] [cxt 0] Deparser 'deparser': start
[14:36:28.415] [bmv2] [T] [thread 13110] [11.0] [cxt 0] Skipping checksum 'cksum' update because condition not met
[14:36:28.415] [bmv2] [D] [thread 13110] [11.0] [cxt 0] Deparsing header 'ethernet'
[14:36:28.415] [bmv2] [D] [thread 13110] [11.0] [cxt 0] Deparser 'deparser': end
[14:36:28.415] [bmv2] [D] [thread 13114] [10.0] [cxt 0] Transmitting packet of size 90 out of port 0
[14:36:28.415] [bmv2] [D] [thread 13114] [11.0] [cxt 0] Transmitting packet of size 70 out of port 0
[14:36:28.794] [bmv2] [D] [thread 13109] [12.0] [cxt 0] Processing packet received on port 3
[14:36:28.794] [bmv2] [D] [thread 13109] [12.0] [cxt 0] Parser 'parser': start
[14:36:28.794] [bmv2] [D] [thread 13109] [12.0] [cxt 0] Parser 'parser' entering state 'start'
[14:36:28.794] [bmv2] [D] [thread 13109] [12.0] [cxt 0] Extracting header 'ethernet'
[14:36:28.794] [bmv2] [D] [thread 13109] [12.0] [cxt 0] Parser state 'start': key is 86dd
[14:36:28.794] [bmv2] [T] [thread 13109] [12.0] [cxt 0] Bytes parsed: 14
[14:36:28.794] [bmv2] [D] [thread 13109] [12.0] [cxt 0] Parser 'parser': end
[14:36:28.794] [bmv2] [D] [thread 13109] [12.0] [cxt 0] Pipeline 'ingress': start
[14:36:28.794] [bmv2] [T] [thread 13109] [12.0] [cxt 0] ../build_dependencies/net_cache.p4(114) Condition "hdr.ipv4.isValid()" (node_2) is false
[14:36:28.794] [bmv2] [D] [thread 13109] [12.0] [cxt 0] Pipeline 'ingress': end
[14:36:28.794] [bmv2] [D] [thread 13109] [12.0] [cxt 0] Egress port is 0
[14:36:28.794] [bmv2] [D] [thread 13109] [13.0] [cxt 0] Processing packet received on port 3
[14:36:28.794] [bmv2] [D] [thread 13109] [13.0] [cxt 0] Parser 'parser': start
[14:36:28.794] [bmv2] [D] [thread 13109] [13.0] [cxt 0] Parser 'parser' entering state 'start'
[14:36:28.794] [bmv2] [D] [thread 13109] [13.0] [cxt 0] Extracting header 'ethernet'
[14:36:28.794] [bmv2] [D] [thread 13109] [13.0] [cxt 0] Parser state 'start': key is 86dd
[14:36:28.794] [bmv2] [T] [thread 13109] [13.0] [cxt 0] Bytes parsed: 14
[14:36:28.794] [bmv2] [D] [thread 13109] [13.0] [cxt 0] Parser 'parser': end
[14:36:28.794] [bmv2] [D] [thread 13109] [13.0] [cxt 0] Pipeline 'ingress': start
[14:36:28.794] [bmv2] [T] [thread 13109] [13.0] [cxt 0] ../build_dependencies/net_cache.p4(114) Condition "hdr.ipv4.isValid()" (node_2) is false
[14:36:28.794] [bmv2] [D] [thread 13109] [13.0] [cxt 0] Pipeline 'ingress': end
[14:36:28.794] [bmv2] [D] [thread 13109] [13.0] [cxt 0] Egress port is 0
[14:36:28.794] [bmv2] [D] [thread 13110] [12.0] [cxt 0] Pipeline 'egress': start
[14:36:28.794] [bmv2] [D] [thread 13110] [12.0] [cxt 0] Pipeline 'egress': end
[14:36:28.794] [bmv2] [D] [thread 13110] [12.0] [cxt 0] Deparser 'deparser': start
[14:36:28.794] [bmv2] [T] [thread 13110] [12.0] [cxt 0] Skipping checksum 'cksum' update because condition not met
[14:36:28.794] [bmv2] [D] [thread 13110] [12.0] [cxt 0] Deparsing header 'ethernet'
[14:36:28.794] [bmv2] [D] [thread 13110] [12.0] [cxt 0] Deparser 'deparser': end
[14:36:28.794] [bmv2] [D] [thread 13110] [13.0] [cxt 0] Pipeline 'egress': start
[14:36:28.794] [bmv2] [D] [thread 13110] [13.0] [cxt 0] Pipeline 'egress': end
[14:36:28.794] [bmv2] [D] [thread 13110] [13.0] [cxt 0] Deparser 'deparser': start
[14:36:28.794] [bmv2] [T] [thread 13110] [13.0] [cxt 0] Skipping checksum 'cksum' update because condition not met
[14:36:28.794] [bmv2] [D] [thread 13110] [13.0] [cxt 0] Deparsing header 'ethernet'
[14:36:28.794] [bmv2] [D] [thread 13110] [13.0] [cxt 0] Deparser 'deparser': end
[14:36:28.794] [bmv2] [D] [thread 13114] [12.0] [cxt 0] Transmitting packet of size 90 out of port 0
[14:36:28.794] [bmv2] [D] [thread 13114] [13.0] [cxt 0] Transmitting packet of size 70 out of port 0
[14:36:28.820] [bmv2] [D] [thread 13109] [14.0] [cxt 0] Processing packet received on port 1
[14:36:28.820] [bmv2] [D] [thread 13109] [14.0] [cxt 0] Parser 'parser': start
[14:36:28.820] [bmv2] [D] [thread 13109] [14.0] [cxt 0] Parser 'parser' entering state 'start'
[14:36:28.820] [bmv2] [D] [thread 13109] [14.0] [cxt 0] Extracting header 'ethernet'
[14:36:28.820] [bmv2] [D] [thread 13109] [14.0] [cxt 0] Parser state 'start': key is 86dd
[14:36:28.820] [bmv2] [T] [thread 13109] [14.0] [cxt 0] Bytes parsed: 14
[14:36:28.820] [bmv2] [D] [thread 13109] [14.0] [cxt 0] Parser 'parser': end
[14:36:28.820] [bmv2] [D] [thread 13109] [14.0] [cxt 0] Pipeline 'ingress': start
[14:36:28.820] [bmv2] [T] [thread 13109] [14.0] [cxt 0] ../build_dependencies/net_cache.p4(114) Condition "hdr.ipv4.isValid()" (node_2) is false
[14:36:28.820] [bmv2] [D] [thread 13109] [14.0] [cxt 0] Pipeline 'ingress': end
[14:36:28.820] [bmv2] [D] [thread 13109] [14.0] [cxt 0] Egress port is 0
[14:36:28.820] [bmv2] [D] [thread 13109] [15.0] [cxt 0] Processing packet received on port 1
[14:36:28.820] [bmv2] [D] [thread 13109] [15.0] [cxt 0] Parser 'parser': start
[14:36:28.820] [bmv2] [D] [thread 13109] [15.0] [cxt 0] Parser 'parser' entering state 'start'
[14:36:28.820] [bmv2] [D] [thread 13109] [15.0] [cxt 0] Extracting header 'ethernet'
[14:36:28.820] [bmv2] [D] [thread 13109] [15.0] [cxt 0] Parser state 'start': key is 86dd
[14:36:28.820] [bmv2] [T] [thread 13109] [15.0] [cxt 0] Bytes parsed: 14
[14:36:28.820] [bmv2] [D] [thread 13109] [15.0] [cxt 0] Parser 'parser': end
[14:36:28.820] [bmv2] [D] [thread 13109] [15.0] [cxt 0] Pipeline 'ingress': start
[14:36:28.820] [bmv2] [T] [thread 13109] [15.0] [cxt 0] ../build_dependencies/net_cache.p4(114) Condition "hdr.ipv4.isValid()" (node_2) is false
[14:36:28.820] [bmv2] [D] [thread 13109] [15.0] [cxt 0] Pipeline 'ingress': end
[14:36:28.820] [bmv2] [D] [thread 13109] [15.0] [cxt 0] Egress port is 0
[14:36:28.820] [bmv2] [D] [thread 13110] [14.0] [cxt 0] Pipeline 'egress': start
[14:36:28.820] [bmv2] [D] [thread 13110] [14.0] [cxt 0] Pipeline 'egress': end
[14:36:28.820] [bmv2] [D] [thread 13110] [14.0] [cxt 0] Deparser 'deparser': start
[14:36:28.820] [bmv2] [T] [thread 13110] [14.0] [cxt 0] Skipping checksum 'cksum' update because condition not met
[14:36:28.820] [bmv2] [D] [thread 13110] [14.0] [cxt 0] Deparsing header 'ethernet'
[14:36:28.820] [bmv2] [D] [thread 13110] [14.0] [cxt 0] Deparser 'deparser': end
[14:36:28.820] [bmv2] [D] [thread 13110] [15.0] [cxt 0] Pipeline 'egress': start
[14:36:28.820] [bmv2] [D] [thread 13110] [15.0] [cxt 0] Pipeline 'egress': end
[14:36:28.820] [bmv2] [D] [thread 13110] [15.0] [cxt 0] Deparser 'deparser': start
[14:36:28.820] [bmv2] [T] [thread 13110] [15.0] [cxt 0] Skipping checksum 'cksum' update because condition not met
[14:36:28.820] [bmv2] [D] [thread 13110] [15.0] [cxt 0] Deparsing header 'ethernet'
[14:36:28.820] [bmv2] [D] [thread 13110] [15.0] [cxt 0] Deparser 'deparser': end
[14:36:28.820] [bmv2] [D] [thread 13114] [14.0] [cxt 0] Transmitting packet of size 90 out of port 0
[14:36:28.820] [bmv2] [D] [thread 13114] [15.0] [cxt 0] Transmitting packet of size 70 out of port 0
[14:36:28.864] [bmv2] [D] [thread 13109] [16.0] [cxt 0] Processing packet received on port 3
[14:36:28.864] [bmv2] [D] [thread 13109] [16.0] [cxt 0] Parser 'parser': start
[14:36:28.864] [bmv2] [D] [thread 13109] [16.0] [cxt 0] Parser 'parser' entering state 'start'
[14:36:28.864] [bmv2] [D] [thread 13109] [16.0] [cxt 0] Extracting header 'ethernet'
[14:36:28.865] [bmv2] [D] [thread 13109] [16.0] [cxt 0] Parser state 'start': key is 86dd
[14:36:28.865] [bmv2] [T] [thread 13109] [16.0] [cxt 0] Bytes parsed: 14
[14:36:28.865] [bmv2] [D] [thread 13109] [16.0] [cxt 0] Parser 'parser': end
[14:36:28.865] [bmv2] [D] [thread 13109] [16.0] [cxt 0] Pipeline 'ingress': start
[14:36:28.865] [bmv2] [T] [thread 13109] [16.0] [cxt 0] ../build_dependencies/net_cache.p4(114) Condition "hdr.ipv4.isValid()" (node_2) is false
[14:36:28.865] [bmv2] [D] [thread 13109] [16.0] [cxt 0] Pipeline 'ingress': end
[14:36:28.865] [bmv2] [D] [thread 13109] [16.0] [cxt 0] Egress port is 0
[14:36:28.865] [bmv2] [D] [thread 13109] [17.0] [cxt 0] Processing packet received on port 3
[14:36:28.865] [bmv2] [D] [thread 13109] [17.0] [cxt 0] Parser 'parser': start
[14:36:28.865] [bmv2] [D] [thread 13109] [17.0] [cxt 0] Parser 'parser' entering state 'start'
[14:36:28.865] [bmv2] [D] [thread 13109] [17.0] [cxt 0] Extracting header 'ethernet'
[14:36:28.865] [bmv2] [D] [thread 13109] [17.0] [cxt 0] Parser state 'start': key is 86dd
[14:36:28.865] [bmv2] [T] [thread 13109] [17.0] [cxt 0] Bytes parsed: 14
[14:36:28.865] [bmv2] [D] [thread 13109] [17.0] [cxt 0] Parser 'parser': end
[14:36:28.865] [bmv2] [D] [thread 13109] [17.0] [cxt 0] Pipeline 'ingress': start
[14:36:28.865] [bmv2] [T] [thread 13109] [17.0] [cxt 0] ../build_dependencies/net_cache.p4(114) Condition "hdr.ipv4.isValid()" (node_2) is false
[14:36:28.865] [bmv2] [D] [thread 13109] [17.0] [cxt 0] Pipeline 'ingress': end
[14:36:28.865] [bmv2] [D] [thread 13109] [17.0] [cxt 0] Egress port is 0
[14:36:28.865] [bmv2] [D] [thread 13110] [16.0] [cxt 0] Pipeline 'egress': start
[14:36:28.865] [bmv2] [D] [thread 13110] [16.0] [cxt 0] Pipeline 'egress': end
[14:36:28.865] [bmv2] [D] [thread 13110] [16.0] [cxt 0] Deparser 'deparser': start
[14:36:28.865] [bmv2] [T] [thread 13110] [16.0] [cxt 0] Skipping checksum 'cksum' update because condition not met
[14:36:28.865] [bmv2] [D] [thread 13110] [16.0] [cxt 0] Deparsing header 'ethernet'
[14:36:28.865] [bmv2] [D] [thread 13110] [16.0] [cxt 0] Deparser 'deparser': end
[14:36:28.865] [bmv2] [D] [thread 13110] [17.0] [cxt 0] Pipeline 'egress': start
[14:36:28.865] [bmv2] [D] [thread 13110] [17.0] [cxt 0] Pipeline 'egress': end
[14:36:28.865] [bmv2] [D] [thread 13110] [17.0] [cxt 0] Deparser 'deparser': start
[14:36:28.865] [bmv2] [T] [thread 13110] [17.0] [cxt 0] Skipping checksum 'cksum' update because condition not met
[14:36:28.865] [bmv2] [D] [thread 13110] [17.0] [cxt 0] Deparsing header 'ethernet'
[14:36:28.865] [bmv2] [D] [thread 13110] [17.0] [cxt 0] Deparser 'deparser': end
[14:36:28.865] [bmv2] [D] [thread 13114] [16.0] [cxt 0] Transmitting packet of size 90 out of port 0
[14:36:28.865] [bmv2] [D] [thread 13114] [17.0] [cxt 0] Transmitting packet of size 70 out of port 0
[14:36:29.001] [bmv2] [D] [thread 13109] [18.0] [cxt 0] Processing packet received on port 2
[14:36:29.002] [bmv2] [D] [thread 13109] [18.0] [cxt 0] Parser 'parser': start
[14:36:29.002] [bmv2] [D] [thread 13109] [18.0] [cxt 0] Parser 'parser' entering state 'start'
[14:36:29.002] [bmv2] [D] [thread 13109] [18.0] [cxt 0] Extracting header 'ethernet'
[14:36:29.002] [bmv2] [D] [thread 13109] [18.0] [cxt 0] Parser state 'start': key is 86dd
[14:36:29.002] [bmv2] [T] [thread 13109] [18.0] [cxt 0] Bytes parsed: 14
[14:36:29.002] [bmv2] [D] [thread 13109] [18.0] [cxt 0] Parser 'parser': end
[14:36:29.002] [bmv2] [D] [thread 13109] [18.0] [cxt 0] Pipeline 'ingress': start
[14:36:29.002] [bmv2] [T] [thread 13109] [18.0] [cxt 0] ../build_dependencies/net_cache.p4(114) Condition "hdr.ipv4.isValid()" (node_2) is false
[14:36:29.002] [bmv2] [D] [thread 13109] [18.0] [cxt 0] Pipeline 'ingress': end
[14:36:29.002] [bmv2] [D] [thread 13109] [18.0] [cxt 0] Egress port is 0
[14:36:29.002] [bmv2] [D] [thread 13110] [18.0] [cxt 0] Pipeline 'egress': start
[14:36:29.002] [bmv2] [D] [thread 13110] [18.0] [cxt 0] Pipeline 'egress': end
[14:36:29.002] [bmv2] [D] [thread 13110] [18.0] [cxt 0] Deparser 'deparser': start
[14:36:29.002] [bmv2] [T] [thread 13110] [18.0] [cxt 0] Skipping checksum 'cksum' update because condition not met
[14:36:29.002] [bmv2] [D] [thread 13110] [18.0] [cxt 0] Deparsing header 'ethernet'
[14:36:29.002] [bmv2] [D] [thread 13110] [18.0] [cxt 0] Deparser 'deparser': end
[14:36:29.002] [bmv2] [D] [thread 13114] [18.0] [cxt 0] Transmitting packet of size 90 out of port 0
[14:36:29.058] [bmv2] [D] [thread 13109] [19.0] [cxt 0] Processing packet received on port 2
[14:36:29.058] [bmv2] [D] [thread 13109] [19.0] [cxt 0] Parser 'parser': start
[14:36:29.058] [bmv2] [D] [thread 13109] [19.0] [cxt 0] Parser 'parser' entering state 'start'
[14:36:29.058] [bmv2] [D] [thread 13109] [19.0] [cxt 0] Extracting header 'ethernet'
[14:36:29.058] [bmv2] [D] [thread 13109] [19.0] [cxt 0] Parser state 'start': key is 86dd
[14:36:29.058] [bmv2] [T] [thread 13109] [19.0] [cxt 0] Bytes parsed: 14
[14:36:29.058] [bmv2] [D] [thread 13109] [19.0] [cxt 0] Parser 'parser': end
[14:36:29.059] [bmv2] [D] [thread 13109] [19.0] [cxt 0] Pipeline 'ingress': start
[14:36:29.059] [bmv2] [T] [thread 13109] [19.0] [cxt 0] ../build_dependencies/net_cache.p4(114) Condition "hdr.ipv4.isValid()" (node_2) is false
[14:36:29.059] [bmv2] [D] [thread 13109] [19.0] [cxt 0] Pipeline 'ingress': end
[14:36:29.059] [bmv2] [D] [thread 13109] [19.0] [cxt 0] Egress port is 0
[14:36:29.059] [bmv2] [D] [thread 13109] [20.0] [cxt 0] Processing packet received on port 2
[14:36:29.059] [bmv2] [D] [thread 13109] [20.0] [cxt 0] Parser 'parser': start
[14:36:29.059] [bmv2] [D] [thread 13109] [20.0] [cxt 0] Parser 'parser' entering state 'start'
[14:36:29.059] [bmv2] [D] [thread 13109] [20.0] [cxt 0] Extracting header 'ethernet'
[14:36:29.059] [bmv2] [D] [thread 13109] [20.0] [cxt 0] Parser state 'start': key is 86dd
[14:36:29.059] [bmv2] [T] [thread 13109] [20.0] [cxt 0] Bytes parsed: 14
[14:36:29.059] [bmv2] [D] [thread 13109] [20.0] [cxt 0] Parser 'parser': end
[14:36:29.059] [bmv2] [D] [thread 13109] [20.0] [cxt 0] Pipeline 'ingress': start
[14:36:29.059] [bmv2] [T] [thread 13109] [20.0] [cxt 0] ../build_dependencies/net_cache.p4(114) Condition "hdr.ipv4.isValid()" (node_2) is false
[14:36:29.059] [bmv2] [D] [thread 13109] [20.0] [cxt 0] Pipeline 'ingress': end
[14:36:29.059] [bmv2] [D] [thread 13109] [20.0] [cxt 0] Egress port is 0
[14:36:29.059] [bmv2] [D] [thread 13110] [19.0] [cxt 0] Pipeline 'egress': start
[14:36:29.059] [bmv2] [D] [thread 13110] [19.0] [cxt 0] Pipeline 'egress': end
[14:36:29.059] [bmv2] [D] [thread 13110] [19.0] [cxt 0] Deparser 'deparser': start
[14:36:29.059] [bmv2] [T] [thread 13110] [19.0] [cxt 0] Skipping checksum 'cksum' update because condition not met
[14:36:29.059] [bmv2] [D] [thread 13110] [19.0] [cxt 0] Deparsing header 'ethernet'
[14:36:29.059] [bmv2] [D] [thread 13110] [19.0] [cxt 0] Deparser 'deparser': end
[14:36:29.059] [bmv2] [D] [thread 13110] [20.0] [cxt 0] Pipeline 'egress': start
[14:36:29.059] [bmv2] [D] [thread 13110] [20.0] [cxt 0] Pipeline 'egress': end
[14:36:29.059] [bmv2] [D] [thread 13110] [20.0] [cxt 0] Deparser 'deparser': start
[14:36:29.059] [bmv2] [T] [thread 13110] [20.0] [cxt 0] Skipping checksum 'cksum' update because condition not met
[14:36:29.059] [bmv2] [D] [thread 13110] [20.0] [cxt 0] Deparsing header 'ethernet'
[14:36:29.059] [bmv2] [D] [thread 13110] [20.0] [cxt 0] Deparser 'deparser': end
[14:36:29.059] [bmv2] [D] [thread 13114] [19.0] [cxt 0] Transmitting packet of size 90 out of port 0
[14:36:29.059] [bmv2] [D] [thread 13114] [20.0] [cxt 0] Transmitting packet of size 70 out of port 0
[14:36:29.286] [bmv2] [D] [thread 13109] [21.0] [cxt 0] Processing packet received on port 1
[14:36:29.286] [bmv2] [D] [thread 13109] [21.0] [cxt 0] Parser 'parser': start
[14:36:29.286] [bmv2] [D] [thread 13109] [21.0] [cxt 0] Parser 'parser' entering state 'start'
[14:36:29.286] [bmv2] [D] [thread 13109] [21.0] [cxt 0] Extracting header 'ethernet'
[14:36:29.286] [bmv2] [D] [thread 13109] [21.0] [cxt 0] Parser state 'start': key is 86dd
[14:36:29.286] [bmv2] [T] [thread 13109] [21.0] [cxt 0] Bytes parsed: 14
[14:36:29.286] [bmv2] [D] [thread 13109] [21.0] [cxt 0] Parser 'parser': end
[14:36:29.286] [bmv2] [D] [thread 13109] [21.0] [cxt 0] Pipeline 'ingress': start
[14:36:29.286] [bmv2] [T] [thread 13109] [21.0] [cxt 0] ../build_dependencies/net_cache.p4(114) Condition "hdr.ipv4.isValid()" (node_2) is false
[14:36:29.286] [bmv2] [D] [thread 13109] [21.0] [cxt 0] Pipeline 'ingress': end
[14:36:29.286] [bmv2] [D] [thread 13109] [21.0] [cxt 0] Egress port is 0
[14:36:29.286] [bmv2] [D] [thread 13110] [21.0] [cxt 0] Pipeline 'egress': start
[14:36:29.286] [bmv2] [D] [thread 13110] [21.0] [cxt 0] Pipeline 'egress': end
[14:36:29.286] [bmv2] [D] [thread 13110] [21.0] [cxt 0] Deparser 'deparser': start
[14:36:29.286] [bmv2] [T] [thread 13110] [21.0] [cxt 0] Skipping checksum 'cksum' update because condition not met
[14:36:29.286] [bmv2] [D] [thread 13110] [21.0] [cxt 0] Deparsing header 'ethernet'
[14:36:29.286] [bmv2] [D] [thread 13110] [21.0] [cxt 0] Deparser 'deparser': end
[14:36:29.286] [bmv2] [D] [thread 13114] [21.0] [cxt 0] Transmitting packet of size 90 out of port 0
[14:36:29.329] [bmv2] [D] [thread 13109] [22.0] [cxt 0] Processing packet received on port 3
[14:36:29.329] [bmv2] [D] [thread 13109] [22.0] [cxt 0] Parser 'parser': start
[14:36:29.329] [bmv2] [D] [thread 13109] [22.0] [cxt 0] Parser 'parser' entering state 'start'
[14:36:29.329] [bmv2] [D] [thread 13109] [22.0] [cxt 0] Extracting header 'ethernet'
[14:36:29.329] [bmv2] [D] [thread 13109] [22.0] [cxt 0] Parser state 'start': key is 86dd
[14:36:29.329] [bmv2] [T] [thread 13109] [22.0] [cxt 0] Bytes parsed: 14
[14:36:29.329] [bmv2] [D] [thread 13109] [22.0] [cxt 0] Parser 'parser': end
[14:36:29.329] [bmv2] [D] [thread 13109] [22.0] [cxt 0] Pipeline 'ingress': start
[14:36:29.329] [bmv2] [T] [thread 13109] [22.0] [cxt 0] ../build_dependencies/net_cache.p4(114) Condition "hdr.ipv4.isValid()" (node_2) is false
[14:36:29.329] [bmv2] [D] [thread 13109] [22.0] [cxt 0] Pipeline 'ingress': end
[14:36:29.329] [bmv2] [D] [thread 13109] [22.0] [cxt 0] Egress port is 0
[14:36:29.329] [bmv2] [D] [thread 13110] [22.0] [cxt 0] Pipeline 'egress': start
[14:36:29.329] [bmv2] [D] [thread 13110] [22.0] [cxt 0] Pipeline 'egress': end
[14:36:29.329] [bmv2] [D] [thread 13110] [22.0] [cxt 0] Deparser 'deparser': start
[14:36:29.329] [bmv2] [T] [thread 13110] [22.0] [cxt 0] Skipping checksum 'cksum' update because condition not met
[14:36:29.329] [bmv2] [D] [thread 13110] [22.0] [cxt 0] Deparsing header 'ethernet'
[14:36:29.329] [bmv2] [D] [thread 13110] [22.0] [cxt 0] Deparser 'deparser': end
[14:36:29.329] [bmv2] [D] [thread 13114] [22.0] [cxt 0] Transmitting packet of size 90 out of port 0
[14:36:29.719] [bmv2] [D] [thread 13109] [23.0] [cxt 0] Processing packet received on port 2
[14:36:29.720] [bmv2] [D] [thread 13109] [23.0] [cxt 0] Parser 'parser': start
[14:36:29.720] [bmv2] [D] [thread 13109] [23.0] [cxt 0] Parser 'parser' entering state 'start'
[14:36:29.720] [bmv2] [D] [thread 13109] [23.0] [cxt 0] Extracting header 'ethernet'
[14:36:29.720] [bmv2] [D] [thread 13109] [23.0] [cxt 0] Parser state 'start': key is 86dd
[14:36:29.720] [bmv2] [T] [thread 13109] [23.0] [cxt 0] Bytes parsed: 14
[14:36:29.720] [bmv2] [D] [thread 13109] [23.0] [cxt 0] Parser 'parser': end
[14:36:29.720] [bmv2] [D] [thread 13109] [23.0] [cxt 0] Pipeline 'ingress': start
[14:36:29.720] [bmv2] [T] [thread 13109] [23.0] [cxt 0] ../build_dependencies/net_cache.p4(114) Condition "hdr.ipv4.isValid()" (node_2) is false
[14:36:29.720] [bmv2] [D] [thread 13109] [23.0] [cxt 0] Pipeline 'ingress': end
[14:36:29.720] [bmv2] [D] [thread 13109] [23.0] [cxt 0] Egress port is 0
[14:36:29.720] [bmv2] [D] [thread 13110] [23.0] [cxt 0] Pipeline 'egress': start
[14:36:29.720] [bmv2] [D] [thread 13110] [23.0] [cxt 0] Pipeline 'egress': end
[14:36:29.720] [bmv2] [D] [thread 13110] [23.0] [cxt 0] Deparser 'deparser': start
[14:36:29.720] [bmv2] [T] [thread 13110] [23.0] [cxt 0] Skipping checksum 'cksum' update because condition not met
[14:36:29.720] [bmv2] [D] [thread 13110] [23.0] [cxt 0] Deparsing header 'ethernet'
[14:36:29.720] [bmv2] [D] [thread 13110] [23.0] [cxt 0] Deparser 'deparser': end
[14:36:29.720] [bmv2] [D] [thread 13114] [23.0] [cxt 0] Transmitting packet of size 90 out of port 0
[14:36:29.836] [bmv2] [D] [thread 13109] [24.0] [cxt 0] Processing packet received on port 3
[14:36:29.836] [bmv2] [D] [thread 13109] [24.0] [cxt 0] Parser 'parser': start
[14:36:29.836] [bmv2] [D] [thread 13109] [24.0] [cxt 0] Parser 'parser' entering state 'start'
[14:36:29.836] [bmv2] [D] [thread 13109] [24.0] [cxt 0] Extracting header 'ethernet'
[14:36:29.836] [bmv2] [D] [thread 13109] [24.0] [cxt 0] Parser state 'start': key is 86dd
[14:36:29.836] [bmv2] [T] [thread 13109] [24.0] [cxt 0] Bytes parsed: 14
[14:36:29.836] [bmv2] [D] [thread 13109] [24.0] [cxt 0] Parser 'parser': end
[14:36:29.836] [bmv2] [D] [thread 13109] [24.0] [cxt 0] Pipeline 'ingress': start
[14:36:29.836] [bmv2] [T] [thread 13109] [24.0] [cxt 0] ../build_dependencies/net_cache.p4(114) Condition "hdr.ipv4.isValid()" (node_2) is false
[14:36:29.836] [bmv2] [D] [thread 13109] [24.0] [cxt 0] Pipeline 'ingress': end
[14:36:29.836] [bmv2] [D] [thread 13109] [24.0] [cxt 0] Egress port is 0
[14:36:29.836] [bmv2] [D] [thread 13110] [24.0] [cxt 0] Pipeline 'egress': start
[14:36:29.837] [bmv2] [D] [thread 13110] [24.0] [cxt 0] Pipeline 'egress': end
[14:36:29.837] [bmv2] [D] [thread 13110] [24.0] [cxt 0] Deparser 'deparser': start
[14:36:29.837] [bmv2] [T] [thread 13110] [24.0] [cxt 0] Skipping checksum 'cksum' update because condition not met
[14:36:29.837] [bmv2] [D] [thread 13110] [24.0] [cxt 0] Deparsing header 'ethernet'
[14:36:29.837] [bmv2] [D] [thread 13110] [24.0] [cxt 0] Deparser 'deparser': end
[14:36:29.837] [bmv2] [D] [thread 13114] [24.0] [cxt 0] Transmitting packet of size 90 out of port 0
New connection
P4Runtime SetForwardingPipelineConfig
[14:36:29.964] [bmv2] [W] [thread 13176] [P4Runtime] p4::tmp::P4DeviceConfig is deprecated
[14:36:29.965] [bmv2] [D] [thread 13176] Set default default entry for table 'tbl_drop': MyIngress.drop - 
[14:36:29.965] [bmv2] [D] [thread 13176] Set default default entry for table 'MyIngress.ipv4_lpm': MyIngress.drop - 
P4Runtime Write
election_id {
  low: 1
}
updates {
  type: INSERT
  entity {
    table_entry {
      table_id: 33574068
      match {
        field_id: 1
        lpm {
          value: "\n\000\001\001"
          prefix_len: 32
        }
      }
      action {
        action {
          action_id: 16799317
          params {
            param_id: 1
            value: "\010\000\000\000\001\021"
          }
          params {
            param_id: 2
            value: "\000\001"
          }
        }
      }
    }
  }
}
[14:36:29.968] [bmv2] [D] [thread 13176] Entry 0 added to table 'MyIngress.ipv4_lpm'
[14:36:29.968] [bmv2] [D] [thread 13176] Dumping entry 0
Match key:
* hdr.ipv4.dstAddr    : LPM       0a000101/32
Action entry: MyIngress.ipv4_forward - 80000000111,1,

P4Runtime Write
election_id {
  low: 1
}
updates {
  type: INSERT
  entity {
    table_entry {
      table_id: 33574068
      match {
        field_id: 1
        lpm {
          value: "\n\000\002\002"
          prefix_len: 32
        }
      }
      action {
        action {
          action_id: 16799317
          params {
            param_id: 1
            value: "\010\000\000\000\002\000"
          }
          params {
            param_id: 2
            value: "\000\002"
          }
        }
      }
    }
  }
}
[14:36:29.969] [bmv2] [D] [thread 13176] Entry 1 added to table 'MyIngress.ipv4_lpm'
[14:36:29.969] [bmv2] [D] [thread 13176] Dumping entry 1
Match key:
* hdr.ipv4.dstAddr    : LPM       0a000202/32
Action entry: MyIngress.ipv4_forward - 80000000200,2,

P4Runtime Write
election_id {
  low: 1
}
updates {
  type: INSERT
  entity {
    table_entry {
      table_id: 33574068
      match {
        field_id: 1
        lpm {
          value: "\n\000\003\003"
          prefix_len: 32
        }
      }
      action {
        action {
          action_id: 16799317
          params {
            param_id: 1
            value: "\010\000\000\000\003\000"
          }
          params {
            param_id: 2
            value: "\000\003"
          }
        }
      }
    }
  }
}
[14:36:29.969] [bmv2] [D] [thread 13176] Entry 2 added to table 'MyIngress.ipv4_lpm'
[14:36:29.969] [bmv2] [D] [thread 13176] Dumping entry 2
Match key:
* hdr.ipv4.dstAddr    : LPM       0a000303/32
Action entry: MyIngress.ipv4_forward - 80000000300,3,

P4Runtime Write
election_id {
  low: 1
}
updates {
  type: INSERT
  entity {
    table_entry {
      table_id: 33574068
      match {
        field_id: 1
        lpm {
          value: "\300\000\000\000"
          prefix_len: 8
        }
      }
      action {
        action {
          action_id: 16799317
          params {
            param_id: 1
            value: "\010\000\000\000\001\021"
          }
          params {
            param_id: 2
            value: "\000\001"
          }
        }
      }
    }
  }
}
[14:36:29.970] [bmv2] [D] [thread 13176] Entry 3 added to table 'MyIngress.ipv4_lpm'
[14:36:29.970] [bmv2] [D] [thread 13176] Dumping entry 3
Match key:
* hdr.ipv4.dstAddr    : LPM       c0000000/8
Action entry: MyIngress.ipv4_forward - 80000000111,1,

Connection removed
[14:36:32.426] [bmv2] [D] [thread 13109] [25.0] [cxt 0] Processing packet received on port 2
[14:36:32.426] [bmv2] [D] [thread 13109] [25.0] [cxt 0] Parser 'parser': start
[14:36:32.426] [bmv2] [D] [thread 13109] [25.0] [cxt 0] Parser 'parser' entering state 'start'
[14:36:32.426] [bmv2] [D] [thread 13109] [25.0] [cxt 0] Extracting header 'ethernet'
[14:36:32.426] [bmv2] [D] [thread 13109] [25.0] [cxt 0] Parser state 'start': key is 86dd
[14:36:32.426] [bmv2] [T] [thread 13109] [25.0] [cxt 0] Bytes parsed: 14
[14:36:32.426] [bmv2] [D] [thread 13109] [25.0] [cxt 0] Parser 'parser': end
[14:36:32.426] [bmv2] [D] [thread 13109] [25.0] [cxt 0] Pipeline 'ingress': start
[14:36:32.426] [bmv2] [T] [thread 13109] [25.0] [cxt 0] ../build_dependencies/net_cache.p4(114) Condition "hdr.ipv4.isValid()" (node_2) is false
[14:36:32.426] [bmv2] [D] [thread 13109] [25.0] [cxt 0] Pipeline 'ingress': end
[14:36:32.426] [bmv2] [D] [thread 13109] [25.0] [cxt 0] Egress port is 0
[14:36:32.426] [bmv2] [D] [thread 13110] [25.0] [cxt 0] Pipeline 'egress': start
[14:36:32.426] [bmv2] [D] [thread 13110] [25.0] [cxt 0] Pipeline 'egress': end
[14:36:32.426] [bmv2] [D] [thread 13110] [25.0] [cxt 0] Deparser 'deparser': start
[14:36:32.426] [bmv2] [T] [thread 13110] [25.0] [cxt 0] Skipping checksum 'cksum' update because condition not met
[14:36:32.426] [bmv2] [D] [thread 13110] [25.0] [cxt 0] Deparsing header 'ethernet'
[14:36:32.426] [bmv2] [D] [thread 13110] [25.0] [cxt 0] Deparser 'deparser': end
[14:36:32.426] [bmv2] [D] [thread 13114] [25.0] [cxt 0] Transmitting packet of size 70 out of port 0
[14:36:32.796] [bmv2] [D] [thread 13109] [26.0] [cxt 0] Processing packet received on port 3
[14:36:32.796] [bmv2] [D] [thread 13109] [26.0] [cxt 0] Parser 'parser': start
[14:36:32.796] [bmv2] [D] [thread 13109] [26.0] [cxt 0] Parser 'parser' entering state 'start'
[14:36:32.796] [bmv2] [D] [thread 13109] [26.0] [cxt 0] Extracting header 'ethernet'
[14:36:32.796] [bmv2] [D] [thread 13109] [26.0] [cxt 0] Parser state 'start': key is 86dd
[14:36:32.796] [bmv2] [T] [thread 13109] [26.0] [cxt 0] Bytes parsed: 14
[14:36:32.796] [bmv2] [D] [thread 13109] [26.0] [cxt 0] Parser 'parser': end
[14:36:32.796] [bmv2] [D] [thread 13109] [26.0] [cxt 0] Pipeline 'ingress': start
[14:36:32.796] [bmv2] [T] [thread 13109] [26.0] [cxt 0] ../build_dependencies/net_cache.p4(114) Condition "hdr.ipv4.isValid()" (node_2) is false
[14:36:32.796] [bmv2] [D] [thread 13109] [26.0] [cxt 0] Pipeline 'ingress': end
[14:36:32.796] [bmv2] [D] [thread 13109] [26.0] [cxt 0] Egress port is 0
[14:36:32.796] [bmv2] [D] [thread 13110] [26.0] [cxt 0] Pipeline 'egress': start
[14:36:32.796] [bmv2] [D] [thread 13110] [26.0] [cxt 0] Pipeline 'egress': end
[14:36:32.796] [bmv2] [D] [thread 13110] [26.0] [cxt 0] Deparser 'deparser': start
[14:36:32.796] [bmv2] [T] [thread 13110] [26.0] [cxt 0] Skipping checksum 'cksum' update because condition not met
[14:36:32.796] [bmv2] [D] [thread 13110] [26.0] [cxt 0] Deparsing header 'ethernet'
[14:36:32.796] [bmv2] [D] [thread 13110] [26.0] [cxt 0] Deparser 'deparser': end
[14:36:32.796] [bmv2] [D] [thread 13114] [26.0] [cxt 0] Transmitting packet of size 70 out of port 0
[14:36:32.826] [bmv2] [D] [thread 13109] [27.0] [cxt 0] Processing packet received on port 1
[14:36:32.826] [bmv2] [D] [thread 13109] [27.0] [cxt 0] Parser 'parser': start
[14:36:32.826] [bmv2] [D] [thread 13109] [27.0] [cxt 0] Parser 'parser' entering state 'start'
[14:36:32.826] [bmv2] [D] [thread 13109] [27.0] [cxt 0] Extracting header 'ethernet'
[14:36:32.826] [bmv2] [D] [thread 13109] [27.0] [cxt 0] Parser state 'start': key is 86dd
[14:36:32.826] [bmv2] [T] [thread 13109] [27.0] [cxt 0] Bytes parsed: 14
[14:36:32.826] [bmv2] [D] [thread 13109] [27.0] [cxt 0] Parser 'parser': end
[14:36:32.826] [bmv2] [D] [thread 13109] [27.0] [cxt 0] Pipeline 'ingress': start
[14:36:32.826] [bmv2] [T] [thread 13109] [27.0] [cxt 0] ../build_dependencies/net_cache.p4(114) Condition "hdr.ipv4.isValid()" (node_2) is false
[14:36:32.826] [bmv2] [D] [thread 13109] [27.0] [cxt 0] Pipeline 'ingress': end
[14:36:32.826] [bmv2] [D] [thread 13109] [27.0] [cxt 0] Egress port is 0
[14:36:32.826] [bmv2] [D] [thread 13110] [27.0] [cxt 0] Pipeline 'egress': start
[14:36:32.826] [bmv2] [D] [thread 13110] [27.0] [cxt 0] Pipeline 'egress': end
[14:36:32.826] [bmv2] [D] [thread 13110] [27.0] [cxt 0] Deparser 'deparser': start
[14:36:32.826] [bmv2] [T] [thread 13110] [27.0] [cxt 0] Skipping checksum 'cksum' update because condition not met
[14:36:32.826] [bmv2] [D] [thread 13110] [27.0] [cxt 0] Deparsing header 'ethernet'
[14:36:32.826] [bmv2] [D] [thread 13110] [27.0] [cxt 0] Deparser 'deparser': end
[14:36:32.826] [bmv2] [D] [thread 13114] [27.0] [cxt 0] Transmitting packet of size 70 out of port 0
[14:36:32.867] [bmv2] [D] [thread 13109] [28.0] [cxt 0] Processing packet received on port 3
[14:36:32.867] [bmv2] [D] [thread 13109] [28.0] [cxt 0] Parser 'parser': start
[14:36:32.867] [bmv2] [D] [thread 13109] [28.0] [cxt 0] Parser 'parser' entering state 'start'
[14:36:32.867] [bmv2] [D] [thread 13109] [28.0] [cxt 0] Extracting header 'ethernet'
[14:36:32.867] [bmv2] [D] [thread 13109] [28.0] [cxt 0] Parser state 'start': key is 86dd
[14:36:32.867] [bmv2] [T] [thread 13109] [28.0] [cxt 0] Bytes parsed: 14
[14:36:32.867] [bmv2] [D] [thread 13109] [28.0] [cxt 0] Parser 'parser': end
[14:36:32.867] [bmv2] [D] [thread 13109] [28.0] [cxt 0] Pipeline 'ingress': start
[14:36:32.867] [bmv2] [T] [thread 13109] [28.0] [cxt 0] ../build_dependencies/net_cache.p4(114) Condition "hdr.ipv4.isValid()" (node_2) is false
[14:36:32.867] [bmv2] [D] [thread 13109] [28.0] [cxt 0] Pipeline 'ingress': end
[14:36:32.867] [bmv2] [D] [thread 13109] [28.0] [cxt 0] Egress port is 0
[14:36:32.868] [bmv2] [D] [thread 13110] [28.0] [cxt 0] Pipeline 'egress': start
[14:36:32.868] [bmv2] [D] [thread 13110] [28.0] [cxt 0] Pipeline 'egress': end
[14:36:32.868] [bmv2] [D] [thread 13110] [28.0] [cxt 0] Deparser 'deparser': start
[14:36:32.868] [bmv2] [T] [thread 13110] [28.0] [cxt 0] Skipping checksum 'cksum' update because condition not met
[14:36:32.868] [bmv2] [D] [thread 13110] [28.0] [cxt 0] Deparsing header 'ethernet'
[14:36:32.868] [bmv2] [D] [thread 13110] [28.0] [cxt 0] Deparser 'deparser': end
[14:36:32.868] [bmv2] [D] [thread 13114] [28.0] [cxt 0] Transmitting packet of size 70 out of port 0
[14:36:33.067] [bmv2] [D] [thread 13109] [29.0] [cxt 0] Processing packet received on port 2
[14:36:33.067] [bmv2] [D] [thread 13109] [29.0] [cxt 0] Parser 'parser': start
[14:36:33.067] [bmv2] [D] [thread 13109] [29.0] [cxt 0] Parser 'parser' entering state 'start'
[14:36:33.067] [bmv2] [D] [thread 13109] [29.0] [cxt 0] Extracting header 'ethernet'
[14:36:33.067] [bmv2] [D] [thread 13109] [29.0] [cxt 0] Parser state 'start': key is 86dd
[14:36:33.067] [bmv2] [T] [thread 13109] [29.0] [cxt 0] Bytes parsed: 14
[14:36:33.067] [bmv2] [D] [thread 13109] [29.0] [cxt 0] Parser 'parser': end
[14:36:33.067] [bmv2] [D] [thread 13109] [29.0] [cxt 0] Pipeline 'ingress': start
[14:36:33.067] [bmv2] [T] [thread 13109] [29.0] [cxt 0] ../build_dependencies/net_cache.p4(114) Condition "hdr.ipv4.isValid()" (node_2) is false
[14:36:33.067] [bmv2] [D] [thread 13109] [29.0] [cxt 0] Pipeline 'ingress': end
[14:36:33.067] [bmv2] [D] [thread 13109] [29.0] [cxt 0] Egress port is 0
[14:36:33.068] [bmv2] [D] [thread 13110] [29.0] [cxt 0] Pipeline 'egress': start
[14:36:33.068] [bmv2] [D] [thread 13110] [29.0] [cxt 0] Pipeline 'egress': end
[14:36:33.068] [bmv2] [D] [thread 13110] [29.0] [cxt 0] Deparser 'deparser': start
[14:36:33.068] [bmv2] [T] [thread 13110] [29.0] [cxt 0] Skipping checksum 'cksum' update because condition not met
[14:36:33.068] [bmv2] [D] [thread 13110] [29.0] [cxt 0] Deparsing header 'ethernet'
[14:36:33.068] [bmv2] [D] [thread 13110] [29.0] [cxt 0] Deparser 'deparser': end
[14:36:33.068] [bmv2] [D] [thread 13114] [29.0] [cxt 0] Transmitting packet of size 70 out of port 0
[14:36:36.435] [bmv2] [D] [thread 13109] [30.0] [cxt 0] Processing packet received on port 2
[14:36:36.435] [bmv2] [D] [thread 13109] [30.0] [cxt 0] Parser 'parser': start
[14:36:36.435] [bmv2] [D] [thread 13109] [30.0] [cxt 0] Parser 'parser' entering state 'start'
[14:36:36.435] [bmv2] [D] [thread 13109] [30.0] [cxt 0] Extracting header 'ethernet'
[14:36:36.435] [bmv2] [D] [thread 13109] [30.0] [cxt 0] Parser state 'start': key is 86dd
[14:36:36.435] [bmv2] [T] [thread 13109] [30.0] [cxt 0] Bytes parsed: 14
[14:36:36.435] [bmv2] [D] [thread 13109] [30.0] [cxt 0] Parser 'parser': end
[14:36:36.435] [bmv2] [D] [thread 13109] [30.0] [cxt 0] Pipeline 'ingress': start
[14:36:36.435] [bmv2] [T] [thread 13109] [30.0] [cxt 0] ../build_dependencies/net_cache.p4(114) Condition "hdr.ipv4.isValid()" (node_2) is false
[14:36:36.435] [bmv2] [D] [thread 13109] [30.0] [cxt 0] Pipeline 'ingress': end
[14:36:36.435] [bmv2] [D] [thread 13109] [30.0] [cxt 0] Egress port is 0
[14:36:36.436] [bmv2] [D] [thread 13110] [30.0] [cxt 0] Pipeline 'egress': start
[14:36:36.436] [bmv2] [D] [thread 13110] [30.0] [cxt 0] Pipeline 'egress': end
[14:36:36.436] [bmv2] [D] [thread 13110] [30.0] [cxt 0] Deparser 'deparser': start
[14:36:36.436] [bmv2] [T] [thread 13110] [30.0] [cxt 0] Skipping checksum 'cksum' update because condition not met
[14:36:36.436] [bmv2] [D] [thread 13110] [30.0] [cxt 0] Deparsing header 'ethernet'
[14:36:36.436] [bmv2] [D] [thread 13110] [30.0] [cxt 0] Deparser 'deparser': end
[14:36:36.436] [bmv2] [D] [thread 13114] [30.0] [cxt 0] Transmitting packet of size 70 out of port 0
[14:36:36.803] [bmv2] [D] [thread 13109] [31.0] [cxt 0] Processing packet received on port 3
[14:36:36.803] [bmv2] [D] [thread 13109] [31.0] [cxt 0] Parser 'parser': start
[14:36:36.803] [bmv2] [D] [thread 13109] [31.0] [cxt 0] Parser 'parser' entering state 'start'
[14:36:36.803] [bmv2] [D] [thread 13109] [31.0] [cxt 0] Extracting header 'ethernet'
[14:36:36.803] [bmv2] [D] [thread 13109] [31.0] [cxt 0] Parser state 'start': key is 86dd
[14:36:36.803] [bmv2] [T] [thread 13109] [31.0] [cxt 0] Bytes parsed: 14
[14:36:36.803] [bmv2] [D] [thread 13109] [31.0] [cxt 0] Parser 'parser': end
[14:36:36.803] [bmv2] [D] [thread 13109] [31.0] [cxt 0] Pipeline 'ingress': start
[14:36:36.803] [bmv2] [T] [thread 13109] [31.0] [cxt 0] ../build_dependencies/net_cache.p4(114) Condition "hdr.ipv4.isValid()" (node_2) is false
[14:36:36.803] [bmv2] [D] [thread 13109] [31.0] [cxt 0] Pipeline 'ingress': end
[14:36:36.803] [bmv2] [D] [thread 13109] [31.0] [cxt 0] Egress port is 0
[14:36:36.803] [bmv2] [D] [thread 13110] [31.0] [cxt 0] Pipeline 'egress': start
[14:36:36.804] [bmv2] [D] [thread 13110] [31.0] [cxt 0] Pipeline 'egress': end
[14:36:36.804] [bmv2] [D] [thread 13110] [31.0] [cxt 0] Deparser 'deparser': start
[14:36:36.804] [bmv2] [T] [thread 13110] [31.0] [cxt 0] Skipping checksum 'cksum' update because condition not met
[14:36:36.804] [bmv2] [D] [thread 13110] [31.0] [cxt 0] Deparsing header 'ethernet'
[14:36:36.804] [bmv2] [D] [thread 13110] [31.0] [cxt 0] Deparser 'deparser': end
[14:36:36.804] [bmv2] [D] [thread 13114] [31.0] [cxt 0] Transmitting packet of size 70 out of port 0
[14:36:36.834] [bmv2] [D] [thread 13109] [32.0] [cxt 0] Processing packet received on port 1
[14:36:36.834] [bmv2] [D] [thread 13109] [32.0] [cxt 0] Parser 'parser': start
[14:36:36.834] [bmv2] [D] [thread 13109] [32.0] [cxt 0] Parser 'parser' entering state 'start'
[14:36:36.834] [bmv2] [D] [thread 13109] [32.0] [cxt 0] Extracting header 'ethernet'
[14:36:36.834] [bmv2] [D] [thread 13109] [32.0] [cxt 0] Parser state 'start': key is 86dd
[14:36:36.834] [bmv2] [T] [thread 13109] [32.0] [cxt 0] Bytes parsed: 14
[14:36:36.835] [bmv2] [D] [thread 13109] [32.0] [cxt 0] Parser 'parser': end
[14:36:36.835] [bmv2] [D] [thread 13109] [32.0] [cxt 0] Pipeline 'ingress': start
[14:36:36.835] [bmv2] [T] [thread 13109] [32.0] [cxt 0] ../build_dependencies/net_cache.p4(114) Condition "hdr.ipv4.isValid()" (node_2) is false
[14:36:36.835] [bmv2] [D] [thread 13109] [32.0] [cxt 0] Pipeline 'ingress': end
[14:36:36.835] [bmv2] [D] [thread 13109] [32.0] [cxt 0] Egress port is 0
[14:36:36.835] [bmv2] [D] [thread 13110] [32.0] [cxt 0] Pipeline 'egress': start
[14:36:36.835] [bmv2] [D] [thread 13110] [32.0] [cxt 0] Pipeline 'egress': end
[14:36:36.835] [bmv2] [D] [thread 13110] [32.0] [cxt 0] Deparser 'deparser': start
[14:36:36.835] [bmv2] [T] [thread 13110] [32.0] [cxt 0] Skipping checksum 'cksum' update because condition not met
[14:36:36.835] [bmv2] [D] [thread 13110] [32.0] [cxt 0] Deparsing header 'ethernet'
[14:36:36.835] [bmv2] [D] [thread 13110] [32.0] [cxt 0] Deparser 'deparser': end
[14:36:36.835] [bmv2] [D] [thread 13114] [32.0] [cxt 0] Transmitting packet of size 70 out of port 0
[14:36:36.876] [bmv2] [D] [thread 13109] [33.0] [cxt 0] Processing packet received on port 3
[14:36:36.876] [bmv2] [D] [thread 13109] [33.0] [cxt 0] Parser 'parser': start
[14:36:36.876] [bmv2] [D] [thread 13109] [33.0] [cxt 0] Parser 'parser' entering state 'start'
[14:36:36.876] [bmv2] [D] [thread 13109] [33.0] [cxt 0] Extracting header 'ethernet'
[14:36:36.876] [bmv2] [D] [thread 13109] [33.0] [cxt 0] Parser state 'start': key is 86dd
[14:36:36.876] [bmv2] [T] [thread 13109] [33.0] [cxt 0] Bytes parsed: 14
[14:36:36.876] [bmv2] [D] [thread 13109] [33.0] [cxt 0] Parser 'parser': end
[14:36:36.876] [bmv2] [D] [thread 13109] [33.0] [cxt 0] Pipeline 'ingress': start
[14:36:36.876] [bmv2] [T] [thread 13109] [33.0] [cxt 0] ../build_dependencies/net_cache.p4(114) Condition "hdr.ipv4.isValid()" (node_2) is false
[14:36:36.876] [bmv2] [D] [thread 13109] [33.0] [cxt 0] Pipeline 'ingress': end
[14:36:36.876] [bmv2] [D] [thread 13109] [33.0] [cxt 0] Egress port is 0
[14:36:36.877] [bmv2] [D] [thread 13110] [33.0] [cxt 0] Pipeline 'egress': start
[14:36:36.877] [bmv2] [D] [thread 13110] [33.0] [cxt 0] Pipeline 'egress': end
[14:36:36.877] [bmv2] [D] [thread 13110] [33.0] [cxt 0] Deparser 'deparser': start
[14:36:36.877] [bmv2] [T] [thread 13110] [33.0] [cxt 0] Skipping checksum 'cksum' update because condition not met
[14:36:36.877] [bmv2] [D] [thread 13110] [33.0] [cxt 0] Deparsing header 'ethernet'
[14:36:36.877] [bmv2] [D] [thread 13110] [33.0] [cxt 0] Deparser 'deparser': end
[14:36:36.877] [bmv2] [D] [thread 13114] [33.0] [cxt 0] Transmitting packet of size 70 out of port 0
[14:36:37.075] [bmv2] [D] [thread 13109] [34.0] [cxt 0] Processing packet received on port 2
[14:36:37.076] [bmv2] [D] [thread 13109] [34.0] [cxt 0] Parser 'parser': start
[14:36:37.076] [bmv2] [D] [thread 13109] [34.0] [cxt 0] Parser 'parser' entering state 'start'
[14:36:37.076] [bmv2] [D] [thread 13109] [34.0] [cxt 0] Extracting header 'ethernet'
[14:36:37.076] [bmv2] [D] [thread 13109] [34.0] [cxt 0] Parser state 'start': key is 86dd
[14:36:37.076] [bmv2] [T] [thread 13109] [34.0] [cxt 0] Bytes parsed: 14
[14:36:37.076] [bmv2] [D] [thread 13109] [34.0] [cxt 0] Parser 'parser': end
[14:36:37.076] [bmv2] [D] [thread 13109] [34.0] [cxt 0] Pipeline 'ingress': start
[14:36:37.076] [bmv2] [T] [thread 13109] [34.0] [cxt 0] ../build_dependencies/net_cache.p4(114) Condition "hdr.ipv4.isValid()" (node_2) is false
[14:36:37.076] [bmv2] [D] [thread 13109] [34.0] [cxt 0] Pipeline 'ingress': end
[14:36:37.076] [bmv2] [D] [thread 13109] [34.0] [cxt 0] Egress port is 0
[14:36:37.076] [bmv2] [D] [thread 13110] [34.0] [cxt 0] Pipeline 'egress': start
[14:36:37.076] [bmv2] [D] [thread 13110] [34.0] [cxt 0] Pipeline 'egress': end
[14:36:37.076] [bmv2] [D] [thread 13110] [34.0] [cxt 0] Deparser 'deparser': start
[14:36:37.076] [bmv2] [T] [thread 13110] [34.0] [cxt 0] Skipping checksum 'cksum' update because condition not met
[14:36:37.076] [bmv2] [D] [thread 13110] [34.0] [cxt 0] Deparsing header 'ethernet'
[14:36:37.076] [bmv2] [D] [thread 13110] [34.0] [cxt 0] Deparser 'deparser': end
[14:36:37.077] [bmv2] [D] [thread 13114] [34.0] [cxt 0] Transmitting packet of size 70 out of port 0
[14:37:05.129] [bmv2] [D] [thread 13109] [35.0] [cxt 0] Processing packet received on port 1
[14:37:05.129] [bmv2] [D] [thread 13109] [35.0] [cxt 0] Parser 'parser': start
[14:37:05.129] [bmv2] [D] [thread 13109] [35.0] [cxt 0] Parser 'parser' entering state 'start'
[14:37:05.129] [bmv2] [D] [thread 13109] [35.0] [cxt 0] Extracting header 'ethernet'
[14:37:05.129] [bmv2] [D] [thread 13109] [35.0] [cxt 0] Parser state 'start': key is 0800
[14:37:05.129] [bmv2] [T] [thread 13109] [35.0] [cxt 0] Bytes parsed: 14
[14:37:05.129] [bmv2] [D] [thread 13109] [35.0] [cxt 0] Parser 'parser' entering state 'parse_ipv4'
[14:37:05.129] [bmv2] [D] [thread 13109] [35.0] [cxt 0] Extracting header 'ipv4'
[14:37:05.129] [bmv2] [D] [thread 13109] [35.0] [cxt 0] Parser state 'parse_ipv4' has no switch, going to default next state
[14:37:05.129] [bmv2] [T] [thread 13109] [35.0] [cxt 0] Bytes parsed: 34
[14:37:05.129] [bmv2] [D] [thread 13109] [35.0] [cxt 0] Parser 'parser': end
[14:37:05.129] [bmv2] [D] [thread 13109] [35.0] [cxt 0] Pipeline 'ingress': start
[14:37:05.129] [bmv2] [T] [thread 13109] [35.0] [cxt 0] ../build_dependencies/net_cache.p4(114) Condition "hdr.ipv4.isValid()" (node_2) is true
[14:37:05.129] [bmv2] [T] [thread 13109] [35.0] [cxt 0] ../build_dependencies/net_cache.p4(115) Condition "hdr.ipv4.flags == 3" (node_3) is false
[14:37:05.129] [bmv2] [T] [thread 13109] [35.0] [cxt 0] Applying table 'MyIngress.ipv4_lpm'
[14:37:05.129] [bmv2] [D] [thread 13109] [35.0] [cxt 0] Looking up key:
* hdr.ipv4.dstAddr    : 0a000202

[14:37:05.129] [bmv2] [D] [thread 13109] [35.0] [cxt 0] Table 'MyIngress.ipv4_lpm': hit with handle 1
[14:37:05.129] [bmv2] [D] [thread 13109] [35.0] [cxt 0] Dumping entry 1
Match key:
* hdr.ipv4.dstAddr    : LPM       0a000202/32
Action entry: MyIngress.ipv4_forward - 80000000200,2,

[14:37:05.129] [bmv2] [D] [thread 13109] [35.0] [cxt 0] Action entry is MyIngress.ipv4_forward - 80000000200,2,
[14:37:05.129] [bmv2] [T] [thread 13109] [35.0] [cxt 0] Action MyIngress.ipv4_forward
[14:37:05.129] [bmv2] [T] [thread 13109] [35.0] [cxt 0] ../build_dependencies/net_cache.p4(94) Primitive standard_metadata.egress_spec = port
[14:37:05.129] [bmv2] [T] [thread 13109] [35.0] [cxt 0] ../build_dependencies/net_cache.p4(95) Primitive hdr.ethernet.srcAddr = hdr.ethernet.dstAddr
[14:37:05.129] [bmv2] [T] [thread 13109] [35.0] [cxt 0] ../build_dependencies/net_cache.p4(96) Primitive hdr.ethernet.dstAddr = dstAddr
[14:37:05.129] [bmv2] [T] [thread 13109] [35.0] [cxt 0] ../build_dependencies/net_cache.p4(97) Primitive hdr.ipv4.ttl = hdr.ipv4.ttl - 1
[14:37:05.129] [bmv2] [D] [thread 13109] [35.0] [cxt 0] Pipeline 'ingress': end
[14:37:05.129] [bmv2] [D] [thread 13109] [35.0] [cxt 0] Egress port is 2
[14:37:05.129] [bmv2] [D] [thread 13112] [35.0] [cxt 0] Pipeline 'egress': start
[14:37:05.129] [bmv2] [D] [thread 13112] [35.0] [cxt 0] Pipeline 'egress': end
[14:37:05.129] [bmv2] [D] [thread 13112] [35.0] [cxt 0] Deparser 'deparser': start
[14:37:05.129] [bmv2] [D] [thread 13112] [35.0] [cxt 0] Updating checksum 'cksum'
[14:37:05.129] [bmv2] [D] [thread 13112] [35.0] [cxt 0] Deparsing header 'ethernet'
[14:37:05.129] [bmv2] [D] [thread 13112] [35.0] [cxt 0] Deparsing header 'ipv4'
[14:37:05.129] [bmv2] [D] [thread 13112] [35.0] [cxt 0] Deparser 'deparser': end
[14:37:05.129] [bmv2] [D] [thread 13114] [35.0] [cxt 0] Transmitting packet of size 98 out of port 2
[14:37:05.130] [bmv2] [D] [thread 13109] [36.0] [cxt 0] Processing packet received on port 2
[14:37:05.130] [bmv2] [D] [thread 13109] [36.0] [cxt 0] Parser 'parser': start
[14:37:05.130] [bmv2] [D] [thread 13109] [36.0] [cxt 0] Parser 'parser' entering state 'start'
[14:37:05.130] [bmv2] [D] [thread 13109] [36.0] [cxt 0] Extracting header 'ethernet'
[14:37:05.130] [bmv2] [D] [thread 13109] [36.0] [cxt 0] Parser state 'start': key is 0800
[14:37:05.130] [bmv2] [T] [thread 13109] [36.0] [cxt 0] Bytes parsed: 14
[14:37:05.130] [bmv2] [D] [thread 13109] [36.0] [cxt 0] Parser 'parser' entering state 'parse_ipv4'
[14:37:05.130] [bmv2] [D] [thread 13109] [36.0] [cxt 0] Extracting header 'ipv4'
[14:37:05.130] [bmv2] [D] [thread 13109] [36.0] [cxt 0] Parser state 'parse_ipv4' has no switch, going to default next state
[14:37:05.130] [bmv2] [T] [thread 13109] [36.0] [cxt 0] Bytes parsed: 34
[14:37:05.130] [bmv2] [D] [thread 13109] [36.0] [cxt 0] Parser 'parser': end
[14:37:05.130] [bmv2] [D] [thread 13109] [36.0] [cxt 0] Pipeline 'ingress': start
[14:37:05.130] [bmv2] [T] [thread 13109] [36.0] [cxt 0] ../build_dependencies/net_cache.p4(114) Condition "hdr.ipv4.isValid()" (node_2) is true
[14:37:05.130] [bmv2] [T] [thread 13109] [36.0] [cxt 0] ../build_dependencies/net_cache.p4(115) Condition "hdr.ipv4.flags == 3" (node_3) is false
[14:37:05.131] [bmv2] [T] [thread 13109] [36.0] [cxt 0] Applying table 'MyIngress.ipv4_lpm'
[14:37:05.131] [bmv2] [D] [thread 13109] [36.0] [cxt 0] Looking up key:
* hdr.ipv4.dstAddr    : 0a000101

[14:37:05.131] [bmv2] [D] [thread 13109] [36.0] [cxt 0] Table 'MyIngress.ipv4_lpm': hit with handle 0
[14:37:05.131] [bmv2] [D] [thread 13109] [36.0] [cxt 0] Dumping entry 0
Match key:
* hdr.ipv4.dstAddr    : LPM       0a000101/32
Action entry: MyIngress.ipv4_forward - 80000000111,1,

[14:37:05.131] [bmv2] [D] [thread 13109] [36.0] [cxt 0] Action entry is MyIngress.ipv4_forward - 80000000111,1,
[14:37:05.131] [bmv2] [T] [thread 13109] [36.0] [cxt 0] Action MyIngress.ipv4_forward
[14:37:05.131] [bmv2] [T] [thread 13109] [36.0] [cxt 0] ../build_dependencies/net_cache.p4(94) Primitive standard_metadata.egress_spec = port
[14:37:05.131] [bmv2] [T] [thread 13109] [36.0] [cxt 0] ../build_dependencies/net_cache.p4(95) Primitive hdr.ethernet.srcAddr = hdr.ethernet.dstAddr
[14:37:05.131] [bmv2] [T] [thread 13109] [36.0] [cxt 0] ../build_dependencies/net_cache.p4(96) Primitive hdr.ethernet.dstAddr = dstAddr
[14:37:05.131] [bmv2] [T] [thread 13109] [36.0] [cxt 0] ../build_dependencies/net_cache.p4(97) Primitive hdr.ipv4.ttl = hdr.ipv4.ttl - 1
[14:37:05.131] [bmv2] [D] [thread 13109] [36.0] [cxt 0] Pipeline 'ingress': end
[14:37:05.131] [bmv2] [D] [thread 13109] [36.0] [cxt 0] Egress port is 1
[14:37:05.133] [bmv2] [D] [thread 13111] [36.0] [cxt 0] Pipeline 'egress': start
[14:37:05.133] [bmv2] [D] [thread 13111] [36.0] [cxt 0] Pipeline 'egress': end
[14:37:05.133] [bmv2] [D] [thread 13111] [36.0] [cxt 0] Deparser 'deparser': start
[14:37:05.133] [bmv2] [D] [thread 13111] [36.0] [cxt 0] Updating checksum 'cksum'
[14:37:05.133] [bmv2] [D] [thread 13111] [36.0] [cxt 0] Deparsing header 'ethernet'
[14:37:05.133] [bmv2] [D] [thread 13111] [36.0] [cxt 0] Deparsing header 'ipv4'
[14:37:05.133] [bmv2] [D] [thread 13111] [36.0] [cxt 0] Deparser 'deparser': end
[14:37:05.133] [bmv2] [D] [thread 13114] [36.0] [cxt 0] Transmitting packet of size 98 out of port 1
[14:37:05.136] [bmv2] [D] [thread 13109] [37.0] [cxt 0] Processing packet received on port 1
[14:37:05.136] [bmv2] [D] [thread 13109] [37.0] [cxt 0] Parser 'parser': start
[14:37:05.136] [bmv2] [D] [thread 13109] [37.0] [cxt 0] Parser 'parser' entering state 'start'
[14:37:05.136] [bmv2] [D] [thread 13109] [37.0] [cxt 0] Extracting header 'ethernet'
[14:37:05.136] [bmv2] [D] [thread 13109] [37.0] [cxt 0] Parser state 'start': key is 0800
[14:37:05.136] [bmv2] [T] [thread 13109] [37.0] [cxt 0] Bytes parsed: 14
[14:37:05.136] [bmv2] [D] [thread 13109] [37.0] [cxt 0] Parser 'parser' entering state 'parse_ipv4'
[14:37:05.136] [bmv2] [D] [thread 13109] [37.0] [cxt 0] Extracting header 'ipv4'
[14:37:05.136] [bmv2] [D] [thread 13109] [37.0] [cxt 0] Parser state 'parse_ipv4' has no switch, going to default next state
[14:37:05.136] [bmv2] [T] [thread 13109] [37.0] [cxt 0] Bytes parsed: 34
[14:37:05.136] [bmv2] [D] [thread 13109] [37.0] [cxt 0] Parser 'parser': end
[14:37:05.136] [bmv2] [D] [thread 13109] [37.0] [cxt 0] Pipeline 'ingress': start
[14:37:05.136] [bmv2] [T] [thread 13109] [37.0] [cxt 0] ../build_dependencies/net_cache.p4(114) Condition "hdr.ipv4.isValid()" (node_2) is true
[14:37:05.136] [bmv2] [T] [thread 13109] [37.0] [cxt 0] ../build_dependencies/net_cache.p4(115) Condition "hdr.ipv4.flags == 3" (node_3) is false
[14:37:05.136] [bmv2] [T] [thread 13109] [37.0] [cxt 0] Applying table 'MyIngress.ipv4_lpm'
[14:37:05.136] [bmv2] [D] [thread 13109] [37.0] [cxt 0] Looking up key:
* hdr.ipv4.dstAddr    : 0a000303

[14:37:05.136] [bmv2] [D] [thread 13109] [37.0] [cxt 0] Table 'MyIngress.ipv4_lpm': hit with handle 2
[14:37:05.136] [bmv2] [D] [thread 13109] [37.0] [cxt 0] Dumping entry 2
Match key:
* hdr.ipv4.dstAddr    : LPM       0a000303/32
Action entry: MyIngress.ipv4_forward - 80000000300,3,

[14:37:05.136] [bmv2] [D] [thread 13109] [37.0] [cxt 0] Action entry is MyIngress.ipv4_forward - 80000000300,3,
[14:37:05.136] [bmv2] [T] [thread 13109] [37.0] [cxt 0] Action MyIngress.ipv4_forward
[14:37:05.136] [bmv2] [T] [thread 13109] [37.0] [cxt 0] ../build_dependencies/net_cache.p4(94) Primitive standard_metadata.egress_spec = port
[14:37:05.136] [bmv2] [T] [thread 13109] [37.0] [cxt 0] ../build_dependencies/net_cache.p4(95) Primitive hdr.ethernet.srcAddr = hdr.ethernet.dstAddr
[14:37:05.136] [bmv2] [T] [thread 13109] [37.0] [cxt 0] ../build_dependencies/net_cache.p4(96) Primitive hdr.ethernet.dstAddr = dstAddr
[14:37:05.136] [bmv2] [T] [thread 13109] [37.0] [cxt 0] ../build_dependencies/net_cache.p4(97) Primitive hdr.ipv4.ttl = hdr.ipv4.ttl - 1
[14:37:05.136] [bmv2] [D] [thread 13109] [37.0] [cxt 0] Pipeline 'ingress': end
[14:37:05.136] [bmv2] [D] [thread 13109] [37.0] [cxt 0] Egress port is 3
[14:37:05.137] [bmv2] [D] [thread 13113] [37.0] [cxt 0] Pipeline 'egress': start
[14:37:05.137] [bmv2] [D] [thread 13113] [37.0] [cxt 0] Pipeline 'egress': end
[14:37:05.137] [bmv2] [D] [thread 13113] [37.0] [cxt 0] Deparser 'deparser': start
[14:37:05.137] [bmv2] [D] [thread 13113] [37.0] [cxt 0] Updating checksum 'cksum'
[14:37:05.137] [bmv2] [D] [thread 13113] [37.0] [cxt 0] Deparsing header 'ethernet'
[14:37:05.137] [bmv2] [D] [thread 13113] [37.0] [cxt 0] Deparsing header 'ipv4'
[14:37:05.137] [bmv2] [D] [thread 13113] [37.0] [cxt 0] Deparser 'deparser': end
[14:37:05.137] [bmv2] [D] [thread 13114] [37.0] [cxt 0] Transmitting packet of size 98 out of port 3
[14:37:05.138] [bmv2] [D] [thread 13109] [38.0] [cxt 0] Processing packet received on port 3
[14:37:05.138] [bmv2] [D] [thread 13109] [38.0] [cxt 0] Parser 'parser': start
[14:37:05.138] [bmv2] [D] [thread 13109] [38.0] [cxt 0] Parser 'parser' entering state 'start'
[14:37:05.138] [bmv2] [D] [thread 13109] [38.0] [cxt 0] Extracting header 'ethernet'
[14:37:05.138] [bmv2] [D] [thread 13109] [38.0] [cxt 0] Parser state 'start': key is 0800
[14:37:05.138] [bmv2] [T] [thread 13109] [38.0] [cxt 0] Bytes parsed: 14
[14:37:05.138] [bmv2] [D] [thread 13109] [38.0] [cxt 0] Parser 'parser' entering state 'parse_ipv4'
[14:37:05.138] [bmv2] [D] [thread 13109] [38.0] [cxt 0] Extracting header 'ipv4'
[14:37:05.138] [bmv2] [D] [thread 13109] [38.0] [cxt 0] Parser state 'parse_ipv4' has no switch, going to default next state
[14:37:05.138] [bmv2] [T] [thread 13109] [38.0] [cxt 0] Bytes parsed: 34
[14:37:05.138] [bmv2] [D] [thread 13109] [38.0] [cxt 0] Parser 'parser': end
[14:37:05.138] [bmv2] [D] [thread 13109] [38.0] [cxt 0] Pipeline 'ingress': start
[14:37:05.138] [bmv2] [T] [thread 13109] [38.0] [cxt 0] ../build_dependencies/net_cache.p4(114) Condition "hdr.ipv4.isValid()" (node_2) is true
[14:37:05.138] [bmv2] [T] [thread 13109] [38.0] [cxt 0] ../build_dependencies/net_cache.p4(115) Condition "hdr.ipv4.flags == 3" (node_3) is false
[14:37:05.138] [bmv2] [T] [thread 13109] [38.0] [cxt 0] Applying table 'MyIngress.ipv4_lpm'
[14:37:05.138] [bmv2] [D] [thread 13109] [38.0] [cxt 0] Looking up key:
* hdr.ipv4.dstAddr    : 0a000101

[14:37:05.138] [bmv2] [D] [thread 13109] [38.0] [cxt 0] Table 'MyIngress.ipv4_lpm': hit with handle 0
[14:37:05.138] [bmv2] [D] [thread 13109] [38.0] [cxt 0] Dumping entry 0
Match key:
* hdr.ipv4.dstAddr    : LPM       0a000101/32
Action entry: MyIngress.ipv4_forward - 80000000111,1,

[14:37:05.138] [bmv2] [D] [thread 13109] [38.0] [cxt 0] Action entry is MyIngress.ipv4_forward - 80000000111,1,
[14:37:05.138] [bmv2] [T] [thread 13109] [38.0] [cxt 0] Action MyIngress.ipv4_forward
[14:37:05.138] [bmv2] [T] [thread 13109] [38.0] [cxt 0] ../build_dependencies/net_cache.p4(94) Primitive standard_metadata.egress_spec = port
[14:37:05.138] [bmv2] [T] [thread 13109] [38.0] [cxt 0] ../build_dependencies/net_cache.p4(95) Primitive hdr.ethernet.srcAddr = hdr.ethernet.dstAddr
[14:37:05.138] [bmv2] [T] [thread 13109] [38.0] [cxt 0] ../build_dependencies/net_cache.p4(96) Primitive hdr.ethernet.dstAddr = dstAddr
[14:37:05.138] [bmv2] [T] [thread 13109] [38.0] [cxt 0] ../build_dependencies/net_cache.p4(97) Primitive hdr.ipv4.ttl = hdr.ipv4.ttl - 1
[14:37:05.138] [bmv2] [D] [thread 13109] [38.0] [cxt 0] Pipeline 'ingress': end
[14:37:05.138] [bmv2] [D] [thread 13109] [38.0] [cxt 0] Egress port is 1
[14:37:05.138] [bmv2] [D] [thread 13111] [38.0] [cxt 0] Pipeline 'egress': start
[14:37:05.138] [bmv2] [D] [thread 13111] [38.0] [cxt 0] Pipeline 'egress': end
[14:37:05.138] [bmv2] [D] [thread 13111] [38.0] [cxt 0] Deparser 'deparser': start
[14:37:05.138] [bmv2] [D] [thread 13111] [38.0] [cxt 0] Updating checksum 'cksum'
[14:37:05.138] [bmv2] [D] [thread 13111] [38.0] [cxt 0] Deparsing header 'ethernet'
[14:37:05.138] [bmv2] [D] [thread 13111] [38.0] [cxt 0] Deparsing header 'ipv4'
[14:37:05.138] [bmv2] [D] [thread 13111] [38.0] [cxt 0] Deparser 'deparser': end
[14:37:05.138] [bmv2] [D] [thread 13114] [38.0] [cxt 0] Transmitting packet of size 98 out of port 1
[14:37:05.140] [bmv2] [D] [thread 13109] [39.0] [cxt 0] Processing packet received on port 2
[14:37:05.140] [bmv2] [D] [thread 13109] [39.0] [cxt 0] Parser 'parser': start
[14:37:05.140] [bmv2] [D] [thread 13109] [39.0] [cxt 0] Parser 'parser' entering state 'start'
[14:37:05.140] [bmv2] [D] [thread 13109] [39.0] [cxt 0] Extracting header 'ethernet'
[14:37:05.140] [bmv2] [D] [thread 13109] [39.0] [cxt 0] Parser state 'start': key is 0800
[14:37:05.140] [bmv2] [T] [thread 13109] [39.0] [cxt 0] Bytes parsed: 14
[14:37:05.140] [bmv2] [D] [thread 13109] [39.0] [cxt 0] Parser 'parser' entering state 'parse_ipv4'
[14:37:05.140] [bmv2] [D] [thread 13109] [39.0] [cxt 0] Extracting header 'ipv4'
[14:37:05.140] [bmv2] [D] [thread 13109] [39.0] [cxt 0] Parser state 'parse_ipv4' has no switch, going to default next state
[14:37:05.140] [bmv2] [T] [thread 13109] [39.0] [cxt 0] Bytes parsed: 34
[14:37:05.140] [bmv2] [D] [thread 13109] [39.0] [cxt 0] Parser 'parser': end
[14:37:05.140] [bmv2] [D] [thread 13109] [39.0] [cxt 0] Pipeline 'ingress': start
[14:37:05.140] [bmv2] [T] [thread 13109] [39.0] [cxt 0] ../build_dependencies/net_cache.p4(114) Condition "hdr.ipv4.isValid()" (node_2) is true
[14:37:05.140] [bmv2] [T] [thread 13109] [39.0] [cxt 0] ../build_dependencies/net_cache.p4(115) Condition "hdr.ipv4.flags == 3" (node_3) is false
[14:37:05.140] [bmv2] [T] [thread 13109] [39.0] [cxt 0] Applying table 'MyIngress.ipv4_lpm'
[14:37:05.140] [bmv2] [D] [thread 13109] [39.0] [cxt 0] Looking up key:
* hdr.ipv4.dstAddr    : 0a000101

[14:37:05.140] [bmv2] [D] [thread 13109] [39.0] [cxt 0] Table 'MyIngress.ipv4_lpm': hit with handle 0
[14:37:05.140] [bmv2] [D] [thread 13109] [39.0] [cxt 0] Dumping entry 0
Match key:
* hdr.ipv4.dstAddr    : LPM       0a000101/32
Action entry: MyIngress.ipv4_forward - 80000000111,1,

[14:37:05.140] [bmv2] [D] [thread 13109] [39.0] [cxt 0] Action entry is MyIngress.ipv4_forward - 80000000111,1,
[14:37:05.140] [bmv2] [T] [thread 13109] [39.0] [cxt 0] Action MyIngress.ipv4_forward
[14:37:05.140] [bmv2] [T] [thread 13109] [39.0] [cxt 0] ../build_dependencies/net_cache.p4(94) Primitive standard_metadata.egress_spec = port
[14:37:05.140] [bmv2] [T] [thread 13109] [39.0] [cxt 0] ../build_dependencies/net_cache.p4(95) Primitive hdr.ethernet.srcAddr = hdr.ethernet.dstAddr
[14:37:05.140] [bmv2] [T] [thread 13109] [39.0] [cxt 0] ../build_dependencies/net_cache.p4(96) Primitive hdr.ethernet.dstAddr = dstAddr
[14:37:05.140] [bmv2] [T] [thread 13109] [39.0] [cxt 0] ../build_dependencies/net_cache.p4(97) Primitive hdr.ipv4.ttl = hdr.ipv4.ttl - 1
[14:37:05.140] [bmv2] [D] [thread 13109] [39.0] [cxt 0] Pipeline 'ingress': end
[14:37:05.140] [bmv2] [D] [thread 13109] [39.0] [cxt 0] Egress port is 1
[14:37:05.140] [bmv2] [D] [thread 13111] [39.0] [cxt 0] Pipeline 'egress': start
[14:37:05.140] [bmv2] [D] [thread 13111] [39.0] [cxt 0] Pipeline 'egress': end
[14:37:05.140] [bmv2] [D] [thread 13111] [39.0] [cxt 0] Deparser 'deparser': start
[14:37:05.140] [bmv2] [D] [thread 13111] [39.0] [cxt 0] Updating checksum 'cksum'
[14:37:05.140] [bmv2] [D] [thread 13111] [39.0] [cxt 0] Deparsing header 'ethernet'
[14:37:05.140] [bmv2] [D] [thread 13111] [39.0] [cxt 0] Deparsing header 'ipv4'
[14:37:05.140] [bmv2] [D] [thread 13111] [39.0] [cxt 0] Deparser 'deparser': end
[14:37:05.140] [bmv2] [D] [thread 13114] [39.0] [cxt 0] Transmitting packet of size 98 out of port 1
[14:37:05.141] [bmv2] [D] [thread 13109] [40.0] [cxt 0] Processing packet received on port 1
[14:37:05.141] [bmv2] [D] [thread 13109] [40.0] [cxt 0] Parser 'parser': start
[14:37:05.141] [bmv2] [D] [thread 13109] [40.0] [cxt 0] Parser 'parser' entering state 'start'
[14:37:05.141] [bmv2] [D] [thread 13109] [40.0] [cxt 0] Extracting header 'ethernet'
[14:37:05.141] [bmv2] [D] [thread 13109] [40.0] [cxt 0] Parser state 'start': key is 0800
[14:37:05.141] [bmv2] [T] [thread 13109] [40.0] [cxt 0] Bytes parsed: 14
[14:37:05.141] [bmv2] [D] [thread 13109] [40.0] [cxt 0] Parser 'parser' entering state 'parse_ipv4'
[14:37:05.141] [bmv2] [D] [thread 13109] [40.0] [cxt 0] Extracting header 'ipv4'
[14:37:05.141] [bmv2] [D] [thread 13109] [40.0] [cxt 0] Parser state 'parse_ipv4' has no switch, going to default next state
[14:37:05.141] [bmv2] [T] [thread 13109] [40.0] [cxt 0] Bytes parsed: 34
[14:37:05.141] [bmv2] [D] [thread 13109] [40.0] [cxt 0] Parser 'parser': end
[14:37:05.141] [bmv2] [D] [thread 13109] [40.0] [cxt 0] Pipeline 'ingress': start
[14:37:05.141] [bmv2] [T] [thread 13109] [40.0] [cxt 0] ../build_dependencies/net_cache.p4(114) Condition "hdr.ipv4.isValid()" (node_2) is true
[14:37:05.141] [bmv2] [T] [thread 13109] [40.0] [cxt 0] ../build_dependencies/net_cache.p4(115) Condition "hdr.ipv4.flags == 3" (node_3) is false
[14:37:05.141] [bmv2] [T] [thread 13109] [40.0] [cxt 0] Applying table 'MyIngress.ipv4_lpm'
[14:37:05.141] [bmv2] [D] [thread 13109] [40.0] [cxt 0] Looking up key:
* hdr.ipv4.dstAddr    : 0a000202

[14:37:05.141] [bmv2] [D] [thread 13109] [40.0] [cxt 0] Table 'MyIngress.ipv4_lpm': hit with handle 1
[14:37:05.141] [bmv2] [D] [thread 13109] [40.0] [cxt 0] Dumping entry 1
Match key:
* hdr.ipv4.dstAddr    : LPM       0a000202/32
Action entry: MyIngress.ipv4_forward - 80000000200,2,

[14:37:05.141] [bmv2] [D] [thread 13109] [40.0] [cxt 0] Action entry is MyIngress.ipv4_forward - 80000000200,2,
[14:37:05.141] [bmv2] [T] [thread 13109] [40.0] [cxt 0] Action MyIngress.ipv4_forward
[14:37:05.141] [bmv2] [T] [thread 13109] [40.0] [cxt 0] ../build_dependencies/net_cache.p4(94) Primitive standard_metadata.egress_spec = port
[14:37:05.141] [bmv2] [T] [thread 13109] [40.0] [cxt 0] ../build_dependencies/net_cache.p4(95) Primitive hdr.ethernet.srcAddr = hdr.ethernet.dstAddr
[14:37:05.141] [bmv2] [T] [thread 13109] [40.0] [cxt 0] ../build_dependencies/net_cache.p4(96) Primitive hdr.ethernet.dstAddr = dstAddr
[14:37:05.141] [bmv2] [T] [thread 13109] [40.0] [cxt 0] ../build_dependencies/net_cache.p4(97) Primitive hdr.ipv4.ttl = hdr.ipv4.ttl - 1
[14:37:05.141] [bmv2] [D] [thread 13109] [40.0] [cxt 0] Pipeline 'ingress': end
[14:37:05.141] [bmv2] [D] [thread 13109] [40.0] [cxt 0] Egress port is 2
[14:37:05.141] [bmv2] [D] [thread 13112] [40.0] [cxt 0] Pipeline 'egress': start
[14:37:05.141] [bmv2] [D] [thread 13112] [40.0] [cxt 0] Pipeline 'egress': end
[14:37:05.141] [bmv2] [D] [thread 13112] [40.0] [cxt 0] Deparser 'deparser': start
[14:37:05.141] [bmv2] [D] [thread 13112] [40.0] [cxt 0] Updating checksum 'cksum'
[14:37:05.141] [bmv2] [D] [thread 13112] [40.0] [cxt 0] Deparsing header 'ethernet'
[14:37:05.141] [bmv2] [D] [thread 13112] [40.0] [cxt 0] Deparsing header 'ipv4'
[14:37:05.141] [bmv2] [D] [thread 13112] [40.0] [cxt 0] Deparser 'deparser': end
[14:37:05.141] [bmv2] [D] [thread 13114] [40.0] [cxt 0] Transmitting packet of size 98 out of port 2
[14:37:05.146] [bmv2] [D] [thread 13109] [41.0] [cxt 0] Processing packet received on port 3
[14:37:05.146] [bmv2] [D] [thread 13109] [41.0] [cxt 0] Parser 'parser': start
[14:37:05.146] [bmv2] [D] [thread 13109] [41.0] [cxt 0] Parser 'parser' entering state 'start'
[14:37:05.146] [bmv2] [D] [thread 13109] [41.0] [cxt 0] Extracting header 'ethernet'
[14:37:05.146] [bmv2] [D] [thread 13109] [41.0] [cxt 0] Parser state 'start': key is 0800
[14:37:05.146] [bmv2] [T] [thread 13109] [41.0] [cxt 0] Bytes parsed: 14
[14:37:05.146] [bmv2] [D] [thread 13109] [41.0] [cxt 0] Parser 'parser' entering state 'parse_ipv4'
[14:37:05.146] [bmv2] [D] [thread 13109] [41.0] [cxt 0] Extracting header 'ipv4'
[14:37:05.146] [bmv2] [D] [thread 13109] [41.0] [cxt 0] Parser state 'parse_ipv4' has no switch, going to default next state
[14:37:05.146] [bmv2] [T] [thread 13109] [41.0] [cxt 0] Bytes parsed: 34
[14:37:05.146] [bmv2] [D] [thread 13109] [41.0] [cxt 0] Parser 'parser': end
[14:37:05.146] [bmv2] [D] [thread 13109] [41.0] [cxt 0] Pipeline 'ingress': start
[14:37:05.146] [bmv2] [T] [thread 13109] [41.0] [cxt 0] ../build_dependencies/net_cache.p4(114) Condition "hdr.ipv4.isValid()" (node_2) is true
[14:37:05.146] [bmv2] [T] [thread 13109] [41.0] [cxt 0] ../build_dependencies/net_cache.p4(115) Condition "hdr.ipv4.flags == 3" (node_3) is false
[14:37:05.146] [bmv2] [T] [thread 13109] [41.0] [cxt 0] Applying table 'MyIngress.ipv4_lpm'
[14:37:05.146] [bmv2] [D] [thread 13109] [41.0] [cxt 0] Looking up key:
* hdr.ipv4.dstAddr    : 0a000101

[14:37:05.147] [bmv2] [D] [thread 13109] [41.0] [cxt 0] Table 'MyIngress.ipv4_lpm': hit with handle 0
[14:37:05.147] [bmv2] [D] [thread 13109] [41.0] [cxt 0] Dumping entry 0
Match key:
* hdr.ipv4.dstAddr    : LPM       0a000101/32
Action entry: MyIngress.ipv4_forward - 80000000111,1,

[14:37:05.147] [bmv2] [D] [thread 13109] [41.0] [cxt 0] Action entry is MyIngress.ipv4_forward - 80000000111,1,
[14:37:05.147] [bmv2] [T] [thread 13109] [41.0] [cxt 0] Action MyIngress.ipv4_forward
[14:37:05.147] [bmv2] [T] [thread 13109] [41.0] [cxt 0] ../build_dependencies/net_cache.p4(94) Primitive standard_metadata.egress_spec = port
[14:37:05.147] [bmv2] [T] [thread 13109] [41.0] [cxt 0] ../build_dependencies/net_cache.p4(95) Primitive hdr.ethernet.srcAddr = hdr.ethernet.dstAddr
[14:37:05.147] [bmv2] [T] [thread 13109] [41.0] [cxt 0] ../build_dependencies/net_cache.p4(96) Primitive hdr.ethernet.dstAddr = dstAddr
[14:37:05.147] [bmv2] [T] [thread 13109] [41.0] [cxt 0] ../build_dependencies/net_cache.p4(97) Primitive hdr.ipv4.ttl = hdr.ipv4.ttl - 1
[14:37:05.147] [bmv2] [D] [thread 13109] [41.0] [cxt 0] Pipeline 'ingress': end
[14:37:05.147] [bmv2] [D] [thread 13109] [41.0] [cxt 0] Egress port is 1
[14:37:05.147] [bmv2] [D] [thread 13111] [41.0] [cxt 0] Pipeline 'egress': start
[14:37:05.147] [bmv2] [D] [thread 13111] [41.0] [cxt 0] Pipeline 'egress': end
[14:37:05.147] [bmv2] [D] [thread 13111] [41.0] [cxt 0] Deparser 'deparser': start
[14:37:05.147] [bmv2] [D] [thread 13111] [41.0] [cxt 0] Updating checksum 'cksum'
[14:37:05.147] [bmv2] [D] [thread 13111] [41.0] [cxt 0] Deparsing header 'ethernet'
[14:37:05.147] [bmv2] [D] [thread 13111] [41.0] [cxt 0] Deparsing header 'ipv4'
[14:37:05.147] [bmv2] [D] [thread 13111] [41.0] [cxt 0] Deparser 'deparser': end
[14:37:05.147] [bmv2] [D] [thread 13114] [41.0] [cxt 0] Transmitting packet of size 98 out of port 1
[14:37:05.147] [bmv2] [D] [thread 13109] [42.0] [cxt 0] Processing packet received on port 1
[14:37:05.147] [bmv2] [D] [thread 13109] [42.0] [cxt 0] Parser 'parser': start
[14:37:05.147] [bmv2] [D] [thread 13109] [42.0] [cxt 0] Parser 'parser' entering state 'start'
[14:37:05.147] [bmv2] [D] [thread 13109] [42.0] [cxt 0] Extracting header 'ethernet'
[14:37:05.147] [bmv2] [D] [thread 13109] [42.0] [cxt 0] Parser state 'start': key is 0800
[14:37:05.147] [bmv2] [T] [thread 13109] [42.0] [cxt 0] Bytes parsed: 14
[14:37:05.147] [bmv2] [D] [thread 13109] [42.0] [cxt 0] Parser 'parser' entering state 'parse_ipv4'
[14:37:05.147] [bmv2] [D] [thread 13109] [42.0] [cxt 0] Extracting header 'ipv4'
[14:37:05.147] [bmv2] [D] [thread 13109] [42.0] [cxt 0] Parser state 'parse_ipv4' has no switch, going to default next state
[14:37:05.147] [bmv2] [T] [thread 13109] [42.0] [cxt 0] Bytes parsed: 34
[14:37:05.147] [bmv2] [D] [thread 13109] [42.0] [cxt 0] Parser 'parser': end
[14:37:05.147] [bmv2] [D] [thread 13109] [42.0] [cxt 0] Pipeline 'ingress': start
[14:37:05.147] [bmv2] [T] [thread 13109] [42.0] [cxt 0] ../build_dependencies/net_cache.p4(114) Condition "hdr.ipv4.isValid()" (node_2) is true
[14:37:05.147] [bmv2] [T] [thread 13109] [42.0] [cxt 0] ../build_dependencies/net_cache.p4(115) Condition "hdr.ipv4.flags == 3" (node_3) is false
[14:37:05.147] [bmv2] [T] [thread 13109] [42.0] [cxt 0] Applying table 'MyIngress.ipv4_lpm'
[14:37:05.147] [bmv2] [D] [thread 13109] [42.0] [cxt 0] Looking up key:
* hdr.ipv4.dstAddr    : 0a000303

[14:37:05.147] [bmv2] [D] [thread 13109] [42.0] [cxt 0] Table 'MyIngress.ipv4_lpm': hit with handle 2
[14:37:05.147] [bmv2] [D] [thread 13109] [42.0] [cxt 0] Dumping entry 2
Match key:
* hdr.ipv4.dstAddr    : LPM       0a000303/32
Action entry: MyIngress.ipv4_forward - 80000000300,3,

[14:37:05.147] [bmv2] [D] [thread 13109] [42.0] [cxt 0] Action entry is MyIngress.ipv4_forward - 80000000300,3,
[14:37:05.147] [bmv2] [T] [thread 13109] [42.0] [cxt 0] Action MyIngress.ipv4_forward
[14:37:05.147] [bmv2] [T] [thread 13109] [42.0] [cxt 0] ../build_dependencies/net_cache.p4(94) Primitive standard_metadata.egress_spec = port
[14:37:05.147] [bmv2] [T] [thread 13109] [42.0] [cxt 0] ../build_dependencies/net_cache.p4(95) Primitive hdr.ethernet.srcAddr = hdr.ethernet.dstAddr
[14:37:05.147] [bmv2] [T] [thread 13109] [42.0] [cxt 0] ../build_dependencies/net_cache.p4(96) Primitive hdr.ethernet.dstAddr = dstAddr
[14:37:05.147] [bmv2] [T] [thread 13109] [42.0] [cxt 0] ../build_dependencies/net_cache.p4(97) Primitive hdr.ipv4.ttl = hdr.ipv4.ttl - 1
[14:37:05.147] [bmv2] [D] [thread 13109] [42.0] [cxt 0] Pipeline 'ingress': end
[14:37:05.147] [bmv2] [D] [thread 13109] [42.0] [cxt 0] Egress port is 3
[14:37:05.147] [bmv2] [D] [thread 13113] [42.0] [cxt 0] Pipeline 'egress': start
[14:37:05.147] [bmv2] [D] [thread 13113] [42.0] [cxt 0] Pipeline 'egress': end
[14:37:05.147] [bmv2] [D] [thread 13113] [42.0] [cxt 0] Deparser 'deparser': start
[14:37:05.147] [bmv2] [D] [thread 13113] [42.0] [cxt 0] Updating checksum 'cksum'
[14:37:05.147] [bmv2] [D] [thread 13113] [42.0] [cxt 0] Deparsing header 'ethernet'
[14:37:05.147] [bmv2] [D] [thread 13113] [42.0] [cxt 0] Deparsing header 'ipv4'
[14:37:05.147] [bmv2] [D] [thread 13113] [42.0] [cxt 0] Deparser 'deparser': end
[14:37:05.147] [bmv2] [D] [thread 13114] [42.0] [cxt 0] Transmitting packet of size 98 out of port 3
