Calling target program-options parser
[14:36:27.882] [bmv2] [D] [thread 13116] Set default default entry for table 'tbl_drop': MyIngress.drop - 
[14:36:27.882] [bmv2] [D] [thread 13116] Set default default entry for table 'MyIngress.ipv4_lpm': MyIngress.drop - 
Adding interface s2-eth1 as port 1
[14:36:27.882] [bmv2] [D] [thread 13116] Adding interface s2-eth1 as port 1
Adding interface s2-eth2 as port 2
[14:36:27.906] [bmv2] [D] [thread 13116] Adding interface s2-eth2 as port 2
Adding interface s2-eth3 as port 3
[14:36:27.919] [bmv2] [D] [thread 13116] Adding interface s2-eth3 as port 3
I0427 14:36:27.931121308   13116 server_builder.cc:247]      Synchronous server. Num CQs: 1, Min pollers: 1, Max Pollers: 2147483647, CQ timeout (msec): 1000
Server listening on 0.0.0.0:50052
[14:36:27.932] [bmv2] [I] [thread 13116] Starting Thrift server on port 9091
[14:36:27.932] [bmv2] [I] [thread 13116] Thrift server was started
[14:36:27.962] [bmv2] [D] [thread 13123] [0.0] [cxt 0] Processing packet received on port 3
[14:36:27.962] [bmv2] [D] [thread 13123] [0.0] [cxt 0] Parser 'parser': start
[14:36:27.962] [bmv2] [D] [thread 13123] [0.0] [cxt 0] Parser 'parser' entering state 'start'
[14:36:27.962] [bmv2] [D] [thread 13123] [0.0] [cxt 0] Extracting header 'ethernet'
[14:36:27.963] [bmv2] [D] [thread 13123] [0.0] [cxt 0] Parser state 'start': key is 86dd
[14:36:27.963] [bmv2] [T] [thread 13123] [0.0] [cxt 0] Bytes parsed: 14
[14:36:27.963] [bmv2] [D] [thread 13123] [0.0] [cxt 0] Parser 'parser': end
[14:36:27.963] [bmv2] [D] [thread 13123] [0.0] [cxt 0] Pipeline 'ingress': start
[14:36:27.963] [bmv2] [T] [thread 13123] [0.0] [cxt 0] ../build_dependencies/net_cache.p4(114) Condition "hdr.ipv4.isValid()" (node_2) is false
[14:36:27.963] [bmv2] [D] [thread 13123] [0.0] [cxt 0] Pipeline 'ingress': end
[14:36:27.963] [bmv2] [D] [thread 13123] [0.0] [cxt 0] Egress port is 0
[14:36:27.963] [bmv2] [D] [thread 13124] [0.0] [cxt 0] Pipeline 'egress': start
[14:36:27.963] [bmv2] [D] [thread 13124] [0.0] [cxt 0] Pipeline 'egress': end
[14:36:27.963] [bmv2] [D] [thread 13124] [0.0] [cxt 0] Deparser 'deparser': start
[14:36:27.963] [bmv2] [T] [thread 13124] [0.0] [cxt 0] Skipping checksum 'cksum' update because condition not met
[14:36:27.963] [bmv2] [D] [thread 13124] [0.0] [cxt 0] Deparsing header 'ethernet'
[14:36:27.963] [bmv2] [D] [thread 13124] [0.0] [cxt 0] Deparser 'deparser': end
[14:36:27.963] [bmv2] [D] [thread 13128] [0.0] [cxt 0] Transmitting packet of size 78 out of port 0
[14:36:27.986] [bmv2] [D] [thread 13123] [1.0] [cxt 0] Processing packet received on port 2
[14:36:27.986] [bmv2] [D] [thread 13123] [1.0] [cxt 0] Parser 'parser': start
[14:36:27.986] [bmv2] [D] [thread 13123] [1.0] [cxt 0] Parser 'parser' entering state 'start'
[14:36:27.986] [bmv2] [D] [thread 13123] [1.0] [cxt 0] Extracting header 'ethernet'
[14:36:27.986] [bmv2] [D] [thread 13123] [1.0] [cxt 0] Parser state 'start': key is 86dd
[14:36:27.986] [bmv2] [T] [thread 13123] [1.0] [cxt 0] Bytes parsed: 14
[14:36:27.986] [bmv2] [D] [thread 13123] [1.0] [cxt 0] Parser 'parser': end
[14:36:27.986] [bmv2] [D] [thread 13123] [1.0] [cxt 0] Pipeline 'ingress': start
[14:36:27.986] [bmv2] [T] [thread 13123] [1.0] [cxt 0] ../build_dependencies/net_cache.p4(114) Condition "hdr.ipv4.isValid()" (node_2) is false
[14:36:27.986] [bmv2] [D] [thread 13123] [1.0] [cxt 0] Pipeline 'ingress': end
[14:36:27.986] [bmv2] [D] [thread 13123] [1.0] [cxt 0] Egress port is 0
[14:36:27.986] [bmv2] [D] [thread 13124] [1.0] [cxt 0] Pipeline 'egress': start
[14:36:27.986] [bmv2] [D] [thread 13124] [1.0] [cxt 0] Pipeline 'egress': end
[14:36:27.986] [bmv2] [D] [thread 13124] [1.0] [cxt 0] Deparser 'deparser': start
[14:36:27.986] [bmv2] [T] [thread 13124] [1.0] [cxt 0] Skipping checksum 'cksum' update because condition not met
[14:36:27.986] [bmv2] [D] [thread 13124] [1.0] [cxt 0] Deparsing header 'ethernet'
[14:36:27.986] [bmv2] [D] [thread 13124] [1.0] [cxt 0] Deparser 'deparser': end
[14:36:27.986] [bmv2] [D] [thread 13128] [1.0] [cxt 0] Transmitting packet of size 90 out of port 0
[14:36:28.011] [bmv2] [D] [thread 13123] [2.0] [cxt 0] Processing packet received on port 1
[14:36:28.011] [bmv2] [D] [thread 13123] [2.0] [cxt 0] Parser 'parser': start
[14:36:28.011] [bmv2] [D] [thread 13123] [2.0] [cxt 0] Parser 'parser' entering state 'start'
[14:36:28.011] [bmv2] [D] [thread 13123] [2.0] [cxt 0] Extracting header 'ethernet'
[14:36:28.011] [bmv2] [D] [thread 13123] [2.0] [cxt 0] Parser state 'start': key is 86dd
[14:36:28.011] [bmv2] [T] [thread 13123] [2.0] [cxt 0] Bytes parsed: 14
[14:36:28.011] [bmv2] [D] [thread 13123] [2.0] [cxt 0] Parser 'parser': end
[14:36:28.011] [bmv2] [D] [thread 13123] [2.0] [cxt 0] Pipeline 'ingress': start
[14:36:28.011] [bmv2] [T] [thread 13123] [2.0] [cxt 0] ../build_dependencies/net_cache.p4(114) Condition "hdr.ipv4.isValid()" (node_2) is false
[14:36:28.011] [bmv2] [D] [thread 13123] [2.0] [cxt 0] Pipeline 'ingress': end
[14:36:28.011] [bmv2] [D] [thread 13123] [2.0] [cxt 0] Egress port is 0
[14:36:28.012] [bmv2] [D] [thread 13124] [2.0] [cxt 0] Pipeline 'egress': start
[14:36:28.012] [bmv2] [D] [thread 13124] [2.0] [cxt 0] Pipeline 'egress': end
[14:36:28.012] [bmv2] [D] [thread 13124] [2.0] [cxt 0] Deparser 'deparser': start
[14:36:28.012] [bmv2] [T] [thread 13124] [2.0] [cxt 0] Skipping checksum 'cksum' update because condition not met
[14:36:28.012] [bmv2] [D] [thread 13124] [2.0] [cxt 0] Deparsing header 'ethernet'
[14:36:28.012] [bmv2] [D] [thread 13124] [2.0] [cxt 0] Deparser 'deparser': end
[14:36:28.012] [bmv2] [D] [thread 13128] [2.0] [cxt 0] Transmitting packet of size 78 out of port 0
[14:36:28.052] [bmv2] [D] [thread 13123] [3.0] [cxt 0] Processing packet received on port 3
[14:36:28.052] [bmv2] [D] [thread 13123] [3.0] [cxt 0] Parser 'parser': start
[14:36:28.052] [bmv2] [D] [thread 13123] [3.0] [cxt 0] Parser 'parser' entering state 'start'
[14:36:28.052] [bmv2] [D] [thread 13123] [3.0] [cxt 0] Extracting header 'ethernet'
[14:36:28.052] [bmv2] [D] [thread 13123] [3.0] [cxt 0] Parser state 'start': key is 86dd
[14:36:28.052] [bmv2] [T] [thread 13123] [3.0] [cxt 0] Bytes parsed: 14
[14:36:28.052] [bmv2] [D] [thread 13123] [3.0] [cxt 0] Parser 'parser': end
[14:36:28.052] [bmv2] [D] [thread 13123] [3.0] [cxt 0] Pipeline 'ingress': start
[14:36:28.052] [bmv2] [T] [thread 13123] [3.0] [cxt 0] ../build_dependencies/net_cache.p4(114) Condition "hdr.ipv4.isValid()" (node_2) is false
[14:36:28.052] [bmv2] [D] [thread 13123] [3.0] [cxt 0] Pipeline 'ingress': end
[14:36:28.052] [bmv2] [D] [thread 13123] [3.0] [cxt 0] Egress port is 0
[14:36:28.052] [bmv2] [D] [thread 13124] [3.0] [cxt 0] Pipeline 'egress': start
[14:36:28.052] [bmv2] [D] [thread 13124] [3.0] [cxt 0] Pipeline 'egress': end
[14:36:28.052] [bmv2] [D] [thread 13124] [3.0] [cxt 0] Deparser 'deparser': start
[14:36:28.052] [bmv2] [T] [thread 13124] [3.0] [cxt 0] Skipping checksum 'cksum' update because condition not met
[14:36:28.052] [bmv2] [D] [thread 13124] [3.0] [cxt 0] Deparsing header 'ethernet'
[14:36:28.052] [bmv2] [D] [thread 13124] [3.0] [cxt 0] Deparser 'deparser': end
[14:36:28.052] [bmv2] [D] [thread 13128] [3.0] [cxt 0] Transmitting packet of size 78 out of port 0
[14:36:28.060] [bmv2] [D] [thread 13123] [4.0] [cxt 0] Processing packet received on port 2
[14:36:28.060] [bmv2] [D] [thread 13123] [4.0] [cxt 0] Parser 'parser': start
[14:36:28.060] [bmv2] [D] [thread 13123] [4.0] [cxt 0] Parser 'parser' entering state 'start'
[14:36:28.060] [bmv2] [D] [thread 13123] [4.0] [cxt 0] Extracting header 'ethernet'
[14:36:28.060] [bmv2] [D] [thread 13123] [4.0] [cxt 0] Parser state 'start': key is 86dd
[14:36:28.060] [bmv2] [T] [thread 13123] [4.0] [cxt 0] Bytes parsed: 14
[14:36:28.060] [bmv2] [D] [thread 13123] [4.0] [cxt 0] Parser 'parser': end
[14:36:28.060] [bmv2] [D] [thread 13123] [4.0] [cxt 0] Pipeline 'ingress': start
[14:36:28.060] [bmv2] [T] [thread 13123] [4.0] [cxt 0] ../build_dependencies/net_cache.p4(114) Condition "hdr.ipv4.isValid()" (node_2) is false
[14:36:28.060] [bmv2] [D] [thread 13123] [4.0] [cxt 0] Pipeline 'ingress': end
[14:36:28.060] [bmv2] [D] [thread 13123] [4.0] [cxt 0] Egress port is 0
[14:36:28.061] [bmv2] [D] [thread 13124] [4.0] [cxt 0] Pipeline 'egress': start
[14:36:28.061] [bmv2] [D] [thread 13124] [4.0] [cxt 0] Pipeline 'egress': end
[14:36:28.061] [bmv2] [D] [thread 13124] [4.0] [cxt 0] Deparser 'deparser': start
[14:36:28.061] [bmv2] [T] [thread 13124] [4.0] [cxt 0] Skipping checksum 'cksum' update because condition not met
[14:36:28.061] [bmv2] [D] [thread 13124] [4.0] [cxt 0] Deparsing header 'ethernet'
[14:36:28.061] [bmv2] [D] [thread 13124] [4.0] [cxt 0] Deparser 'deparser': end
[14:36:28.061] [bmv2] [D] [thread 13128] [4.0] [cxt 0] Transmitting packet of size 78 out of port 0
[14:36:28.089] [bmv2] [D] [thread 13123] [5.0] [cxt 0] Processing packet received on port 2
[14:36:28.089] [bmv2] [D] [thread 13123] [5.0] [cxt 0] Parser 'parser': start
[14:36:28.089] [bmv2] [D] [thread 13123] [5.0] [cxt 0] Parser 'parser' entering state 'start'
[14:36:28.090] [bmv2] [D] [thread 13123] [5.0] [cxt 0] Extracting header 'ethernet'
[14:36:28.090] [bmv2] [D] [thread 13123] [5.0] [cxt 0] Parser state 'start': key is 86dd
[14:36:28.090] [bmv2] [T] [thread 13123] [5.0] [cxt 0] Bytes parsed: 14
[14:36:28.090] [bmv2] [D] [thread 13123] [5.0] [cxt 0] Parser 'parser': end
[14:36:28.090] [bmv2] [D] [thread 13123] [5.0] [cxt 0] Pipeline 'ingress': start
[14:36:28.090] [bmv2] [T] [thread 13123] [5.0] [cxt 0] ../build_dependencies/net_cache.p4(114) Condition "hdr.ipv4.isValid()" (node_2) is false
[14:36:28.090] [bmv2] [D] [thread 13123] [5.0] [cxt 0] Pipeline 'ingress': end
[14:36:28.090] [bmv2] [D] [thread 13123] [5.0] [cxt 0] Egress port is 0
[14:36:28.090] [bmv2] [D] [thread 13124] [5.0] [cxt 0] Pipeline 'egress': start
[14:36:28.090] [bmv2] [D] [thread 13124] [5.0] [cxt 0] Pipeline 'egress': end
[14:36:28.090] [bmv2] [D] [thread 13124] [5.0] [cxt 0] Deparser 'deparser': start
[14:36:28.090] [bmv2] [T] [thread 13124] [5.0] [cxt 0] Skipping checksum 'cksum' update because condition not met
[14:36:28.090] [bmv2] [D] [thread 13124] [5.0] [cxt 0] Deparsing header 'ethernet'
[14:36:28.090] [bmv2] [D] [thread 13124] [5.0] [cxt 0] Deparser 'deparser': end
[14:36:28.090] [bmv2] [D] [thread 13128] [5.0] [cxt 0] Transmitting packet of size 90 out of port 0
[14:36:28.416] [bmv2] [D] [thread 13123] [6.0] [cxt 0] Processing packet received on port 2
[14:36:28.416] [bmv2] [D] [thread 13123] [6.0] [cxt 0] Parser 'parser': start
[14:36:28.416] [bmv2] [D] [thread 13123] [6.0] [cxt 0] Parser 'parser' entering state 'start'
[14:36:28.416] [bmv2] [D] [thread 13123] [6.0] [cxt 0] Extracting header 'ethernet'
[14:36:28.416] [bmv2] [D] [thread 13123] [6.0] [cxt 0] Parser state 'start': key is 86dd
[14:36:28.416] [bmv2] [T] [thread 13123] [6.0] [cxt 0] Bytes parsed: 14
[14:36:28.416] [bmv2] [D] [thread 13123] [6.0] [cxt 0] Parser 'parser': end
[14:36:28.416] [bmv2] [D] [thread 13123] [6.0] [cxt 0] Pipeline 'ingress': start
[14:36:28.416] [bmv2] [T] [thread 13123] [6.0] [cxt 0] ../build_dependencies/net_cache.p4(114) Condition "hdr.ipv4.isValid()" (node_2) is false
[14:36:28.416] [bmv2] [D] [thread 13123] [6.0] [cxt 0] Pipeline 'ingress': end
[14:36:28.416] [bmv2] [D] [thread 13123] [6.0] [cxt 0] Egress port is 0
[14:36:28.416] [bmv2] [D] [thread 13123] [7.0] [cxt 0] Processing packet received on port 2
[14:36:28.416] [bmv2] [D] [thread 13124] [6.0] [cxt 0] Pipeline 'egress': start
[14:36:28.416] [bmv2] [D] [thread 13124] [6.0] [cxt 0] Pipeline 'egress': end
[14:36:28.416] [bmv2] [D] [thread 13124] [6.0] [cxt 0] Deparser 'deparser': start
[14:36:28.416] [bmv2] [T] [thread 13124] [6.0] [cxt 0] Skipping checksum 'cksum' update because condition not met
[14:36:28.416] [bmv2] [D] [thread 13124] [6.0] [cxt 0] Deparsing header 'ethernet'
[14:36:28.416] [bmv2] [D] [thread 13124] [6.0] [cxt 0] Deparser 'deparser': end
[14:36:28.416] [bmv2] [D] [thread 13128] [6.0] [cxt 0] Transmitting packet of size 90 out of port 0
[14:36:28.416] [bmv2] [D] [thread 13123] [7.0] [cxt 0] Parser 'parser': start
[14:36:28.416] [bmv2] [D] [thread 13123] [7.0] [cxt 0] Parser 'parser' entering state 'start'
[14:36:28.416] [bmv2] [D] [thread 13123] [7.0] [cxt 0] Extracting header 'ethernet'
[14:36:28.416] [bmv2] [D] [thread 13123] [7.0] [cxt 0] Parser state 'start': key is 86dd
[14:36:28.416] [bmv2] [T] [thread 13123] [7.0] [cxt 0] Bytes parsed: 14
[14:36:28.416] [bmv2] [D] [thread 13123] [7.0] [cxt 0] Parser 'parser': end
[14:36:28.416] [bmv2] [D] [thread 13123] [7.0] [cxt 0] Pipeline 'ingress': start
[14:36:28.416] [bmv2] [T] [thread 13123] [7.0] [cxt 0] ../build_dependencies/net_cache.p4(114) Condition "hdr.ipv4.isValid()" (node_2) is false
[14:36:28.416] [bmv2] [D] [thread 13123] [7.0] [cxt 0] Pipeline 'ingress': end
[14:36:28.416] [bmv2] [D] [thread 13123] [7.0] [cxt 0] Egress port is 0
[14:36:28.416] [bmv2] [D] [thread 13124] [7.0] [cxt 0] Pipeline 'egress': start
[14:36:28.416] [bmv2] [D] [thread 13124] [7.0] [cxt 0] Pipeline 'egress': end
[14:36:28.416] [bmv2] [D] [thread 13124] [7.0] [cxt 0] Deparser 'deparser': start
[14:36:28.416] [bmv2] [T] [thread 13124] [7.0] [cxt 0] Skipping checksum 'cksum' update because condition not met
[14:36:28.417] [bmv2] [D] [thread 13124] [7.0] [cxt 0] Deparsing header 'ethernet'
[14:36:28.417] [bmv2] [D] [thread 13124] [7.0] [cxt 0] Deparser 'deparser': end
[14:36:28.417] [bmv2] [D] [thread 13128] [7.0] [cxt 0] Transmitting packet of size 70 out of port 0
[14:36:28.965] [bmv2] [D] [thread 13123] [8.0] [cxt 0] Processing packet received on port 3
[14:36:28.965] [bmv2] [D] [thread 13123] [8.0] [cxt 0] Parser 'parser': start
[14:36:28.965] [bmv2] [D] [thread 13123] [8.0] [cxt 0] Parser 'parser' entering state 'start'
[14:36:28.965] [bmv2] [D] [thread 13123] [8.0] [cxt 0] Extracting header 'ethernet'
[14:36:28.965] [bmv2] [D] [thread 13123] [8.0] [cxt 0] Parser state 'start': key is 86dd
[14:36:28.965] [bmv2] [T] [thread 13123] [8.0] [cxt 0] Bytes parsed: 14
[14:36:28.965] [bmv2] [D] [thread 13123] [8.0] [cxt 0] Parser 'parser': end
[14:36:28.965] [bmv2] [D] [thread 13123] [8.0] [cxt 0] Pipeline 'ingress': start
[14:36:28.965] [bmv2] [T] [thread 13123] [8.0] [cxt 0] ../build_dependencies/net_cache.p4(114) Condition "hdr.ipv4.isValid()" (node_2) is false
[14:36:28.965] [bmv2] [D] [thread 13123] [8.0] [cxt 0] Pipeline 'ingress': end
[14:36:28.965] [bmv2] [D] [thread 13123] [8.0] [cxt 0] Egress port is 0
[14:36:28.965] [bmv2] [D] [thread 13123] [9.0] [cxt 0] Processing packet received on port 3
[14:36:28.965] [bmv2] [D] [thread 13123] [9.0] [cxt 0] Parser 'parser': start
[14:36:28.965] [bmv2] [D] [thread 13123] [9.0] [cxt 0] Parser 'parser' entering state 'start'
[14:36:28.965] [bmv2] [D] [thread 13123] [9.0] [cxt 0] Extracting header 'ethernet'
[14:36:28.965] [bmv2] [D] [thread 13123] [9.0] [cxt 0] Parser state 'start': key is 86dd
[14:36:28.965] [bmv2] [T] [thread 13123] [9.0] [cxt 0] Bytes parsed: 14
[14:36:28.965] [bmv2] [D] [thread 13123] [9.0] [cxt 0] Parser 'parser': end
[14:36:28.965] [bmv2] [D] [thread 13123] [9.0] [cxt 0] Pipeline 'ingress': start
[14:36:28.965] [bmv2] [T] [thread 13123] [9.0] [cxt 0] ../build_dependencies/net_cache.p4(114) Condition "hdr.ipv4.isValid()" (node_2) is false
[14:36:28.965] [bmv2] [D] [thread 13123] [9.0] [cxt 0] Pipeline 'ingress': end
[14:36:28.965] [bmv2] [D] [thread 13123] [9.0] [cxt 0] Egress port is 0
[14:36:28.965] [bmv2] [D] [thread 13124] [8.0] [cxt 0] Pipeline 'egress': start
[14:36:28.965] [bmv2] [D] [thread 13124] [8.0] [cxt 0] Pipeline 'egress': end
[14:36:28.965] [bmv2] [D] [thread 13124] [8.0] [cxt 0] Deparser 'deparser': start
[14:36:28.965] [bmv2] [T] [thread 13124] [8.0] [cxt 0] Skipping checksum 'cksum' update because condition not met
[14:36:28.965] [bmv2] [D] [thread 13124] [8.0] [cxt 0] Deparsing header 'ethernet'
[14:36:28.965] [bmv2] [D] [thread 13124] [8.0] [cxt 0] Deparser 'deparser': end
[14:36:28.965] [bmv2] [D] [thread 13124] [9.0] [cxt 0] Pipeline 'egress': start
[14:36:28.965] [bmv2] [D] [thread 13124] [9.0] [cxt 0] Pipeline 'egress': end
[14:36:28.965] [bmv2] [D] [thread 13124] [9.0] [cxt 0] Deparser 'deparser': start
[14:36:28.965] [bmv2] [T] [thread 13124] [9.0] [cxt 0] Skipping checksum 'cksum' update because condition not met
[14:36:28.965] [bmv2] [D] [thread 13124] [9.0] [cxt 0] Deparsing header 'ethernet'
[14:36:28.965] [bmv2] [D] [thread 13124] [9.0] [cxt 0] Deparser 'deparser': end
[14:36:28.965] [bmv2] [D] [thread 13128] [8.0] [cxt 0] Transmitting packet of size 90 out of port 0
[14:36:28.965] [bmv2] [D] [thread 13128] [9.0] [cxt 0] Transmitting packet of size 70 out of port 0
[14:36:29.001] [bmv2] [D] [thread 13123] [10.0] [cxt 0] Processing packet received on port 2
[14:36:29.001] [bmv2] [D] [thread 13123] [10.0] [cxt 0] Parser 'parser': start
[14:36:29.001] [bmv2] [D] [thread 13123] [10.0] [cxt 0] Parser 'parser' entering state 'start'
[14:36:29.001] [bmv2] [D] [thread 13123] [10.0] [cxt 0] Extracting header 'ethernet'
[14:36:29.001] [bmv2] [D] [thread 13123] [10.0] [cxt 0] Parser state 'start': key is 86dd
[14:36:29.001] [bmv2] [T] [thread 13123] [10.0] [cxt 0] Bytes parsed: 14
[14:36:29.001] [bmv2] [D] [thread 13123] [10.0] [cxt 0] Parser 'parser': end
[14:36:29.001] [bmv2] [D] [thread 13123] [10.0] [cxt 0] Pipeline 'ingress': start
[14:36:29.001] [bmv2] [T] [thread 13123] [10.0] [cxt 0] ../build_dependencies/net_cache.p4(114) Condition "hdr.ipv4.isValid()" (node_2) is false
[14:36:29.001] [bmv2] [D] [thread 13123] [10.0] [cxt 0] Pipeline 'ingress': end
[14:36:29.001] [bmv2] [D] [thread 13123] [10.0] [cxt 0] Egress port is 0
[14:36:29.001] [bmv2] [D] [thread 13124] [10.0] [cxt 0] Pipeline 'egress': start
[14:36:29.001] [bmv2] [D] [thread 13124] [10.0] [cxt 0] Pipeline 'egress': end
[14:36:29.001] [bmv2] [D] [thread 13124] [10.0] [cxt 0] Deparser 'deparser': start
[14:36:29.001] [bmv2] [T] [thread 13124] [10.0] [cxt 0] Skipping checksum 'cksum' update because condition not met
[14:36:29.001] [bmv2] [D] [thread 13124] [10.0] [cxt 0] Deparsing header 'ethernet'
[14:36:29.001] [bmv2] [D] [thread 13124] [10.0] [cxt 0] Deparser 'deparser': end
[14:36:29.001] [bmv2] [D] [thread 13128] [10.0] [cxt 0] Transmitting packet of size 90 out of port 0
[14:36:29.014] [bmv2] [D] [thread 13123] [11.0] [cxt 0] Processing packet received on port 1
[14:36:29.015] [bmv2] [D] [thread 13123] [11.0] [cxt 0] Parser 'parser': start
[14:36:29.015] [bmv2] [D] [thread 13123] [11.0] [cxt 0] Parser 'parser' entering state 'start'
[14:36:29.015] [bmv2] [D] [thread 13123] [11.0] [cxt 0] Extracting header 'ethernet'
[14:36:29.015] [bmv2] [D] [thread 13123] [11.0] [cxt 0] Parser state 'start': key is 86dd
[14:36:29.015] [bmv2] [T] [thread 13123] [11.0] [cxt 0] Bytes parsed: 14
[14:36:29.015] [bmv2] [D] [thread 13123] [11.0] [cxt 0] Parser 'parser': end
[14:36:29.015] [bmv2] [D] [thread 13123] [11.0] [cxt 0] Pipeline 'ingress': start
[14:36:29.015] [bmv2] [T] [thread 13123] [11.0] [cxt 0] ../build_dependencies/net_cache.p4(114) Condition "hdr.ipv4.isValid()" (node_2) is false
[14:36:29.015] [bmv2] [D] [thread 13123] [11.0] [cxt 0] Pipeline 'ingress': end
[14:36:29.015] [bmv2] [D] [thread 13123] [11.0] [cxt 0] Egress port is 0
[14:36:29.015] [bmv2] [D] [thread 13123] [12.0] [cxt 0] Processing packet received on port 1
[14:36:29.015] [bmv2] [D] [thread 13123] [12.0] [cxt 0] Parser 'parser': start
[14:36:29.015] [bmv2] [D] [thread 13123] [12.0] [cxt 0] Parser 'parser' entering state 'start'
[14:36:29.015] [bmv2] [D] [thread 13123] [12.0] [cxt 0] Extracting header 'ethernet'
[14:36:29.015] [bmv2] [D] [thread 13123] [12.0] [cxt 0] Parser state 'start': key is 86dd
[14:36:29.015] [bmv2] [T] [thread 13123] [12.0] [cxt 0] Bytes parsed: 14
[14:36:29.015] [bmv2] [D] [thread 13123] [12.0] [cxt 0] Parser 'parser': end
[14:36:29.015] [bmv2] [D] [thread 13123] [12.0] [cxt 0] Pipeline 'ingress': start
[14:36:29.015] [bmv2] [T] [thread 13123] [12.0] [cxt 0] ../build_dependencies/net_cache.p4(114) Condition "hdr.ipv4.isValid()" (node_2) is false
[14:36:29.015] [bmv2] [D] [thread 13123] [12.0] [cxt 0] Pipeline 'ingress': end
[14:36:29.015] [bmv2] [D] [thread 13123] [12.0] [cxt 0] Egress port is 0
[14:36:29.015] [bmv2] [D] [thread 13124] [11.0] [cxt 0] Pipeline 'egress': start
[14:36:29.015] [bmv2] [D] [thread 13124] [11.0] [cxt 0] Pipeline 'egress': end
[14:36:29.015] [bmv2] [D] [thread 13124] [11.0] [cxt 0] Deparser 'deparser': start
[14:36:29.015] [bmv2] [T] [thread 13124] [11.0] [cxt 0] Skipping checksum 'cksum' update because condition not met
[14:36:29.015] [bmv2] [D] [thread 13124] [11.0] [cxt 0] Deparsing header 'ethernet'
[14:36:29.015] [bmv2] [D] [thread 13124] [11.0] [cxt 0] Deparser 'deparser': end
[14:36:29.015] [bmv2] [D] [thread 13124] [12.0] [cxt 0] Pipeline 'egress': start
[14:36:29.015] [bmv2] [D] [thread 13124] [12.0] [cxt 0] Pipeline 'egress': end
[14:36:29.015] [bmv2] [D] [thread 13124] [12.0] [cxt 0] Deparser 'deparser': start
[14:36:29.015] [bmv2] [T] [thread 13124] [12.0] [cxt 0] Skipping checksum 'cksum' update because condition not met
[14:36:29.015] [bmv2] [D] [thread 13124] [12.0] [cxt 0] Deparsing header 'ethernet'
[14:36:29.015] [bmv2] [D] [thread 13124] [12.0] [cxt 0] Deparser 'deparser': end
[14:36:29.015] [bmv2] [D] [thread 13128] [11.0] [cxt 0] Transmitting packet of size 90 out of port 0
[14:36:29.015] [bmv2] [D] [thread 13128] [12.0] [cxt 0] Transmitting packet of size 70 out of port 0
[14:36:29.051] [bmv2] [D] [thread 13123] [13.0] [cxt 0] Processing packet received on port 3
[14:36:29.051] [bmv2] [D] [thread 13123] [13.0] [cxt 0] Parser 'parser': start
[14:36:29.051] [bmv2] [D] [thread 13123] [13.0] [cxt 0] Parser 'parser' entering state 'start'
[14:36:29.051] [bmv2] [D] [thread 13123] [13.0] [cxt 0] Extracting header 'ethernet'
[14:36:29.051] [bmv2] [D] [thread 13123] [13.0] [cxt 0] Parser state 'start': key is 86dd
[14:36:29.051] [bmv2] [T] [thread 13123] [13.0] [cxt 0] Bytes parsed: 14
[14:36:29.051] [bmv2] [D] [thread 13123] [13.0] [cxt 0] Parser 'parser': end
[14:36:29.051] [bmv2] [D] [thread 13123] [13.0] [cxt 0] Pipeline 'ingress': start
[14:36:29.051] [bmv2] [T] [thread 13123] [13.0] [cxt 0] ../build_dependencies/net_cache.p4(114) Condition "hdr.ipv4.isValid()" (node_2) is false
[14:36:29.051] [bmv2] [D] [thread 13123] [13.0] [cxt 0] Pipeline 'ingress': end
[14:36:29.051] [bmv2] [D] [thread 13123] [13.0] [cxt 0] Egress port is 0
[14:36:29.051] [bmv2] [D] [thread 13123] [14.0] [cxt 0] Processing packet received on port 3
[14:36:29.051] [bmv2] [D] [thread 13123] [14.0] [cxt 0] Parser 'parser': start
[14:36:29.051] [bmv2] [D] [thread 13123] [14.0] [cxt 0] Parser 'parser' entering state 'start'
[14:36:29.051] [bmv2] [D] [thread 13123] [14.0] [cxt 0] Extracting header 'ethernet'
[14:36:29.051] [bmv2] [D] [thread 13123] [14.0] [cxt 0] Parser state 'start': key is 86dd
[14:36:29.051] [bmv2] [T] [thread 13123] [14.0] [cxt 0] Bytes parsed: 14
[14:36:29.051] [bmv2] [D] [thread 13123] [14.0] [cxt 0] Parser 'parser': end
[14:36:29.051] [bmv2] [D] [thread 13123] [14.0] [cxt 0] Pipeline 'ingress': start
[14:36:29.051] [bmv2] [T] [thread 13123] [14.0] [cxt 0] ../build_dependencies/net_cache.p4(114) Condition "hdr.ipv4.isValid()" (node_2) is false
[14:36:29.051] [bmv2] [D] [thread 13123] [14.0] [cxt 0] Pipeline 'ingress': end
[14:36:29.051] [bmv2] [D] [thread 13123] [14.0] [cxt 0] Egress port is 0
[14:36:29.051] [bmv2] [D] [thread 13124] [13.0] [cxt 0] Pipeline 'egress': start
[14:36:29.051] [bmv2] [D] [thread 13124] [13.0] [cxt 0] Pipeline 'egress': end
[14:36:29.051] [bmv2] [D] [thread 13124] [13.0] [cxt 0] Deparser 'deparser': start
[14:36:29.051] [bmv2] [T] [thread 13124] [13.0] [cxt 0] Skipping checksum 'cksum' update because condition not met
[14:36:29.051] [bmv2] [D] [thread 13124] [13.0] [cxt 0] Deparsing header 'ethernet'
[14:36:29.051] [bmv2] [D] [thread 13124] [13.0] [cxt 0] Deparser 'deparser': end
[14:36:29.051] [bmv2] [D] [thread 13124] [14.0] [cxt 0] Pipeline 'egress': start
[14:36:29.051] [bmv2] [D] [thread 13124] [14.0] [cxt 0] Pipeline 'egress': end
[14:36:29.051] [bmv2] [D] [thread 13124] [14.0] [cxt 0] Deparser 'deparser': start
[14:36:29.051] [bmv2] [T] [thread 13124] [14.0] [cxt 0] Skipping checksum 'cksum' update because condition not met
[14:36:29.051] [bmv2] [D] [thread 13124] [14.0] [cxt 0] Deparsing header 'ethernet'
[14:36:29.051] [bmv2] [D] [thread 13124] [14.0] [cxt 0] Deparser 'deparser': end
[14:36:29.051] [bmv2] [D] [thread 13128] [13.0] [cxt 0] Transmitting packet of size 90 out of port 0
[14:36:29.051] [bmv2] [D] [thread 13128] [14.0] [cxt 0] Transmitting packet of size 70 out of port 0
[14:36:29.058] [bmv2] [D] [thread 13123] [15.0] [cxt 0] Processing packet received on port 2
[14:36:29.058] [bmv2] [D] [thread 13123] [15.0] [cxt 0] Parser 'parser': start
[14:36:29.058] [bmv2] [D] [thread 13123] [15.0] [cxt 0] Parser 'parser' entering state 'start'
[14:36:29.058] [bmv2] [D] [thread 13123] [15.0] [cxt 0] Extracting header 'ethernet'
[14:36:29.058] [bmv2] [D] [thread 13123] [15.0] [cxt 0] Parser state 'start': key is 86dd
[14:36:29.058] [bmv2] [T] [thread 13123] [15.0] [cxt 0] Bytes parsed: 14
[14:36:29.058] [bmv2] [D] [thread 13123] [15.0] [cxt 0] Parser 'parser': end
[14:36:29.058] [bmv2] [D] [thread 13123] [15.0] [cxt 0] Pipeline 'ingress': start
[14:36:29.058] [bmv2] [T] [thread 13123] [15.0] [cxt 0] ../build_dependencies/net_cache.p4(114) Condition "hdr.ipv4.isValid()" (node_2) is false
[14:36:29.058] [bmv2] [D] [thread 13123] [15.0] [cxt 0] Pipeline 'ingress': end
[14:36:29.058] [bmv2] [D] [thread 13123] [15.0] [cxt 0] Egress port is 0
[14:36:29.058] [bmv2] [D] [thread 13123] [16.0] [cxt 0] Processing packet received on port 2
[14:36:29.058] [bmv2] [D] [thread 13123] [16.0] [cxt 0] Parser 'parser': start
[14:36:29.058] [bmv2] [D] [thread 13123] [16.0] [cxt 0] Parser 'parser' entering state 'start'
[14:36:29.058] [bmv2] [D] [thread 13123] [16.0] [cxt 0] Extracting header 'ethernet'
[14:36:29.058] [bmv2] [D] [thread 13123] [16.0] [cxt 0] Parser state 'start': key is 86dd
[14:36:29.058] [bmv2] [T] [thread 13123] [16.0] [cxt 0] Bytes parsed: 14
[14:36:29.058] [bmv2] [D] [thread 13123] [16.0] [cxt 0] Parser 'parser': end
[14:36:29.058] [bmv2] [D] [thread 13123] [16.0] [cxt 0] Pipeline 'ingress': start
[14:36:29.058] [bmv2] [T] [thread 13123] [16.0] [cxt 0] ../build_dependencies/net_cache.p4(114) Condition "hdr.ipv4.isValid()" (node_2) is false
[14:36:29.058] [bmv2] [D] [thread 13123] [16.0] [cxt 0] Pipeline 'ingress': end
[14:36:29.058] [bmv2] [D] [thread 13123] [16.0] [cxt 0] Egress port is 0
[14:36:29.058] [bmv2] [D] [thread 13124] [15.0] [cxt 0] Pipeline 'egress': start
[14:36:29.058] [bmv2] [D] [thread 13124] [15.0] [cxt 0] Pipeline 'egress': end
[14:36:29.058] [bmv2] [D] [thread 13124] [15.0] [cxt 0] Deparser 'deparser': start
[14:36:29.058] [bmv2] [T] [thread 13124] [15.0] [cxt 0] Skipping checksum 'cksum' update because condition not met
[14:36:29.058] [bmv2] [D] [thread 13124] [15.0] [cxt 0] Deparsing header 'ethernet'
[14:36:29.058] [bmv2] [D] [thread 13124] [15.0] [cxt 0] Deparser 'deparser': end
[14:36:29.058] [bmv2] [D] [thread 13124] [16.0] [cxt 0] Pipeline 'egress': start
[14:36:29.058] [bmv2] [D] [thread 13124] [16.0] [cxt 0] Pipeline 'egress': end
[14:36:29.058] [bmv2] [D] [thread 13124] [16.0] [cxt 0] Deparser 'deparser': start
[14:36:29.058] [bmv2] [T] [thread 13124] [16.0] [cxt 0] Skipping checksum 'cksum' update because condition not met
[14:36:29.058] [bmv2] [D] [thread 13124] [16.0] [cxt 0] Deparsing header 'ethernet'
[14:36:29.058] [bmv2] [D] [thread 13124] [16.0] [cxt 0] Deparser 'deparser': end
[14:36:29.058] [bmv2] [D] [thread 13128] [15.0] [cxt 0] Transmitting packet of size 90 out of port 0
[14:36:29.058] [bmv2] [D] [thread 13128] [16.0] [cxt 0] Transmitting packet of size 70 out of port 0
[14:36:29.486] [bmv2] [D] [thread 13123] [17.0] [cxt 0] Processing packet received on port 1
[14:36:29.486] [bmv2] [D] [thread 13123] [17.0] [cxt 0] Parser 'parser': start
[14:36:29.486] [bmv2] [D] [thread 13123] [17.0] [cxt 0] Parser 'parser' entering state 'start'
[14:36:29.486] [bmv2] [D] [thread 13123] [17.0] [cxt 0] Extracting header 'ethernet'
[14:36:29.486] [bmv2] [D] [thread 13123] [17.0] [cxt 0] Parser state 'start': key is 86dd
[14:36:29.486] [bmv2] [T] [thread 13123] [17.0] [cxt 0] Bytes parsed: 14
[14:36:29.486] [bmv2] [D] [thread 13123] [17.0] [cxt 0] Parser 'parser': end
[14:36:29.486] [bmv2] [D] [thread 13123] [17.0] [cxt 0] Pipeline 'ingress': start
[14:36:29.486] [bmv2] [T] [thread 13123] [17.0] [cxt 0] ../build_dependencies/net_cache.p4(114) Condition "hdr.ipv4.isValid()" (node_2) is false
[14:36:29.486] [bmv2] [D] [thread 13123] [17.0] [cxt 0] Pipeline 'ingress': end
[14:36:29.486] [bmv2] [D] [thread 13123] [17.0] [cxt 0] Egress port is 0
[14:36:29.486] [bmv2] [D] [thread 13124] [17.0] [cxt 0] Pipeline 'egress': start
[14:36:29.486] [bmv2] [D] [thread 13124] [17.0] [cxt 0] Pipeline 'egress': end
[14:36:29.486] [bmv2] [D] [thread 13124] [17.0] [cxt 0] Deparser 'deparser': start
[14:36:29.486] [bmv2] [T] [thread 13124] [17.0] [cxt 0] Skipping checksum 'cksum' update because condition not met
[14:36:29.486] [bmv2] [D] [thread 13124] [17.0] [cxt 0] Deparsing header 'ethernet'
[14:36:29.486] [bmv2] [D] [thread 13124] [17.0] [cxt 0] Deparser 'deparser': end
[14:36:29.486] [bmv2] [D] [thread 13128] [17.0] [cxt 0] Transmitting packet of size 90 out of port 0
[14:36:29.539] [bmv2] [D] [thread 13123] [18.0] [cxt 0] Processing packet received on port 3
[14:36:29.539] [bmv2] [D] [thread 13123] [18.0] [cxt 0] Parser 'parser': start
[14:36:29.539] [bmv2] [D] [thread 13123] [18.0] [cxt 0] Parser 'parser' entering state 'start'
[14:36:29.539] [bmv2] [D] [thread 13123] [18.0] [cxt 0] Extracting header 'ethernet'
[14:36:29.539] [bmv2] [D] [thread 13123] [18.0] [cxt 0] Parser state 'start': key is 86dd
[14:36:29.539] [bmv2] [T] [thread 13123] [18.0] [cxt 0] Bytes parsed: 14
[14:36:29.539] [bmv2] [D] [thread 13123] [18.0] [cxt 0] Parser 'parser': end
[14:36:29.539] [bmv2] [D] [thread 13123] [18.0] [cxt 0] Pipeline 'ingress': start
[14:36:29.539] [bmv2] [T] [thread 13123] [18.0] [cxt 0] ../build_dependencies/net_cache.p4(114) Condition "hdr.ipv4.isValid()" (node_2) is false
[14:36:29.539] [bmv2] [D] [thread 13123] [18.0] [cxt 0] Pipeline 'ingress': end
[14:36:29.539] [bmv2] [D] [thread 13123] [18.0] [cxt 0] Egress port is 0
[14:36:29.539] [bmv2] [D] [thread 13124] [18.0] [cxt 0] Pipeline 'egress': start
[14:36:29.539] [bmv2] [D] [thread 13124] [18.0] [cxt 0] Pipeline 'egress': end
[14:36:29.539] [bmv2] [D] [thread 13124] [18.0] [cxt 0] Deparser 'deparser': start
[14:36:29.539] [bmv2] [T] [thread 13124] [18.0] [cxt 0] Skipping checksum 'cksum' update because condition not met
[14:36:29.539] [bmv2] [D] [thread 13124] [18.0] [cxt 0] Deparsing header 'ethernet'
[14:36:29.540] [bmv2] [D] [thread 13124] [18.0] [cxt 0] Deparser 'deparser': end
[14:36:29.540] [bmv2] [D] [thread 13128] [18.0] [cxt 0] Transmitting packet of size 90 out of port 0
[14:36:29.547] [bmv2] [D] [thread 13123] [19.0] [cxt 0] Processing packet received on port 3
[14:36:29.547] [bmv2] [D] [thread 13123] [19.0] [cxt 0] Parser 'parser': start
[14:36:29.547] [bmv2] [D] [thread 13123] [19.0] [cxt 0] Parser 'parser' entering state 'start'
[14:36:29.547] [bmv2] [D] [thread 13123] [19.0] [cxt 0] Extracting header 'ethernet'
[14:36:29.547] [bmv2] [D] [thread 13123] [19.0] [cxt 0] Parser state 'start': key is 86dd
[14:36:29.547] [bmv2] [T] [thread 13123] [19.0] [cxt 0] Bytes parsed: 14
[14:36:29.547] [bmv2] [D] [thread 13123] [19.0] [cxt 0] Parser 'parser': end
[14:36:29.547] [bmv2] [D] [thread 13123] [19.0] [cxt 0] Pipeline 'ingress': start
[14:36:29.547] [bmv2] [T] [thread 13123] [19.0] [cxt 0] ../build_dependencies/net_cache.p4(114) Condition "hdr.ipv4.isValid()" (node_2) is false
[14:36:29.547] [bmv2] [D] [thread 13123] [19.0] [cxt 0] Pipeline 'ingress': end
[14:36:29.547] [bmv2] [D] [thread 13123] [19.0] [cxt 0] Egress port is 0
[14:36:29.547] [bmv2] [D] [thread 13124] [19.0] [cxt 0] Pipeline 'egress': start
[14:36:29.547] [bmv2] [D] [thread 13124] [19.0] [cxt 0] Pipeline 'egress': end
[14:36:29.547] [bmv2] [D] [thread 13124] [19.0] [cxt 0] Deparser 'deparser': start
[14:36:29.547] [bmv2] [T] [thread 13124] [19.0] [cxt 0] Skipping checksum 'cksum' update because condition not met
[14:36:29.547] [bmv2] [D] [thread 13124] [19.0] [cxt 0] Deparsing header 'ethernet'
[14:36:29.547] [bmv2] [D] [thread 13124] [19.0] [cxt 0] Deparser 'deparser': end
[14:36:29.547] [bmv2] [D] [thread 13128] [19.0] [cxt 0] Transmitting packet of size 90 out of port 0
[14:36:29.719] [bmv2] [D] [thread 13123] [20.0] [cxt 0] Processing packet received on port 2
[14:36:29.719] [bmv2] [D] [thread 13123] [20.0] [cxt 0] Parser 'parser': start
[14:36:29.719] [bmv2] [D] [thread 13123] [20.0] [cxt 0] Parser 'parser' entering state 'start'
[14:36:29.719] [bmv2] [D] [thread 13123] [20.0] [cxt 0] Extracting header 'ethernet'
[14:36:29.719] [bmv2] [D] [thread 13123] [20.0] [cxt 0] Parser state 'start': key is 86dd
[14:36:29.719] [bmv2] [T] [thread 13123] [20.0] [cxt 0] Bytes parsed: 14
[14:36:29.719] [bmv2] [D] [thread 13123] [20.0] [cxt 0] Parser 'parser': end
[14:36:29.719] [bmv2] [D] [thread 13123] [20.0] [cxt 0] Pipeline 'ingress': start
[14:36:29.719] [bmv2] [T] [thread 13123] [20.0] [cxt 0] ../build_dependencies/net_cache.p4(114) Condition "hdr.ipv4.isValid()" (node_2) is false
[14:36:29.719] [bmv2] [D] [thread 13123] [20.0] [cxt 0] Pipeline 'ingress': end
[14:36:29.719] [bmv2] [D] [thread 13123] [20.0] [cxt 0] Egress port is 0
[14:36:29.719] [bmv2] [D] [thread 13124] [20.0] [cxt 0] Pipeline 'egress': start
[14:36:29.719] [bmv2] [D] [thread 13124] [20.0] [cxt 0] Pipeline 'egress': end
[14:36:29.719] [bmv2] [D] [thread 13124] [20.0] [cxt 0] Deparser 'deparser': start
[14:36:29.719] [bmv2] [T] [thread 13124] [20.0] [cxt 0] Skipping checksum 'cksum' update because condition not met
[14:36:29.719] [bmv2] [D] [thread 13124] [20.0] [cxt 0] Deparsing header 'ethernet'
[14:36:29.719] [bmv2] [D] [thread 13124] [20.0] [cxt 0] Deparser 'deparser': end
[14:36:29.720] [bmv2] [D] [thread 13128] [20.0] [cxt 0] Transmitting packet of size 90 out of port 0
New connection
P4Runtime SetForwardingPipelineConfig
[14:36:29.954] [bmv2] [W] [thread 13166] [P4Runtime] p4::tmp::P4DeviceConfig is deprecated
[14:36:29.955] [bmv2] [D] [thread 13166] Set default default entry for table 'tbl_drop': MyIngress.drop - 
[14:36:29.955] [bmv2] [D] [thread 13166] Set default default entry for table 'MyIngress.ipv4_lpm': MyIngress.drop - 
P4Runtime Write
device_id: 1
election_id {
  low: 1
}
updates {
  type: INSERT
  entity {
    table_entry {
      table_id: 33574068
      match {
        field_id: 1
        lpm {
          value: "\n\000\001\001"
          prefix_len: 32
        }
      }
      action {
        action {
          action_id: 16799317
          params {
            param_id: 1
            value: "\010\000\000\000\001\000"
          }
          params {
            param_id: 2
            value: "\000\002"
          }
        }
      }
    }
  }
}
[14:36:29.958] [bmv2] [D] [thread 13166] Entry 0 added to table 'MyIngress.ipv4_lpm'
[14:36:29.958] [bmv2] [D] [thread 13166] Dumping entry 0
Match key:
* hdr.ipv4.dstAddr    : LPM       0a000101/32
Action entry: MyIngress.ipv4_forward - 80000000100,2,

P4Runtime Write
device_id: 1
election_id {
  low: 1
}
updates {
  type: INSERT
  entity {
    table_entry {
      table_id: 33574068
      match {
        field_id: 1
        lpm {
          value: "\n\000\002\002"
          prefix_len: 32
        }
      }
      action {
        action {
          action_id: 16799317
          params {
            param_id: 1
            value: "\010\000\000\000\002\""
          }
          params {
            param_id: 2
            value: "\000\001"
          }
        }
      }
    }
  }
}
[14:36:29.958] [bmv2] [D] [thread 13166] Entry 1 added to table 'MyIngress.ipv4_lpm'
[14:36:29.958] [bmv2] [D] [thread 13166] Dumping entry 1
Match key:
* hdr.ipv4.dstAddr    : LPM       0a000202/32
Action entry: MyIngress.ipv4_forward - 80000000222,1,

P4Runtime Write
device_id: 1
election_id {
  low: 1
}
updates {
  type: INSERT
  entity {
    table_entry {
      table_id: 33574068
      match {
        field_id: 1
        lpm {
          value: "\n\000\003\003"
          prefix_len: 32
        }
      }
      action {
        action {
          action_id: 16799317
          params {
            param_id: 1
            value: "\010\000\000\000\003\000"
          }
          params {
            param_id: 2
            value: "\000\003"
          }
        }
      }
    }
  }
}
[14:36:29.959] [bmv2] [D] [thread 13166] Entry 2 added to table 'MyIngress.ipv4_lpm'
[14:36:29.959] [bmv2] [D] [thread 13166] Dumping entry 2
Match key:
* hdr.ipv4.dstAddr    : LPM       0a000303/32
Action entry: MyIngress.ipv4_forward - 80000000300,3,

P4Runtime Write
device_id: 1
election_id {
  low: 1
}
updates {
  type: INSERT
  entity {
    table_entry {
      table_id: 33574068
      match {
        field_id: 1
        lpm {
          value: "\300\000\000\000"
          prefix_len: 8
        }
      }
      action {
        action {
          action_id: 16799317
          params {
            param_id: 1
            value: "\010\000\000\000\001\000"
          }
          params {
            param_id: 2
            value: "\000\002"
          }
        }
      }
    }
  }
}
[14:36:29.960] [bmv2] [D] [thread 13166] Entry 3 added to table 'MyIngress.ipv4_lpm'
[14:36:29.960] [bmv2] [D] [thread 13166] Dumping entry 3
Match key:
* hdr.ipv4.dstAddr    : LPM       c0000000/8
Action entry: MyIngress.ipv4_forward - 80000000100,2,

Connection removed
[14:36:32.425] [bmv2] [D] [thread 13123] [21.0] [cxt 0] Processing packet received on port 2
[14:36:32.425] [bmv2] [D] [thread 13123] [21.0] [cxt 0] Parser 'parser': start
[14:36:32.425] [bmv2] [D] [thread 13123] [21.0] [cxt 0] Parser 'parser' entering state 'start'
[14:36:32.425] [bmv2] [D] [thread 13123] [21.0] [cxt 0] Extracting header 'ethernet'
[14:36:32.425] [bmv2] [D] [thread 13123] [21.0] [cxt 0] Parser state 'start': key is 86dd
[14:36:32.425] [bmv2] [T] [thread 13123] [21.0] [cxt 0] Bytes parsed: 14
[14:36:32.425] [bmv2] [D] [thread 13123] [21.0] [cxt 0] Parser 'parser': end
[14:36:32.425] [bmv2] [D] [thread 13123] [21.0] [cxt 0] Pipeline 'ingress': start
[14:36:32.425] [bmv2] [T] [thread 13123] [21.0] [cxt 0] ../build_dependencies/net_cache.p4(114) Condition "hdr.ipv4.isValid()" (node_2) is false
[14:36:32.425] [bmv2] [D] [thread 13123] [21.0] [cxt 0] Pipeline 'ingress': end
[14:36:32.425] [bmv2] [D] [thread 13123] [21.0] [cxt 0] Egress port is 0
[14:36:32.425] [bmv2] [D] [thread 13124] [21.0] [cxt 0] Pipeline 'egress': start
[14:36:32.425] [bmv2] [D] [thread 13124] [21.0] [cxt 0] Pipeline 'egress': end
[14:36:32.425] [bmv2] [D] [thread 13124] [21.0] [cxt 0] Deparser 'deparser': start
[14:36:32.425] [bmv2] [T] [thread 13124] [21.0] [cxt 0] Skipping checksum 'cksum' update because condition not met
[14:36:32.426] [bmv2] [D] [thread 13124] [21.0] [cxt 0] Deparsing header 'ethernet'
[14:36:32.426] [bmv2] [D] [thread 13124] [21.0] [cxt 0] Deparser 'deparser': end
[14:36:32.426] [bmv2] [D] [thread 13128] [21.0] [cxt 0] Transmitting packet of size 70 out of port 0
[14:36:32.972] [bmv2] [D] [thread 13123] [22.0] [cxt 0] Processing packet received on port 3
[14:36:32.972] [bmv2] [D] [thread 13123] [22.0] [cxt 0] Parser 'parser': start
[14:36:32.972] [bmv2] [D] [thread 13123] [22.0] [cxt 0] Parser 'parser' entering state 'start'
[14:36:32.972] [bmv2] [D] [thread 13123] [22.0] [cxt 0] Extracting header 'ethernet'
[14:36:32.972] [bmv2] [D] [thread 13123] [22.0] [cxt 0] Parser state 'start': key is 86dd
[14:36:32.972] [bmv2] [T] [thread 13123] [22.0] [cxt 0] Bytes parsed: 14
[14:36:32.972] [bmv2] [D] [thread 13123] [22.0] [cxt 0] Parser 'parser': end
[14:36:32.972] [bmv2] [D] [thread 13123] [22.0] [cxt 0] Pipeline 'ingress': start
[14:36:32.972] [bmv2] [T] [thread 13123] [22.0] [cxt 0] ../build_dependencies/net_cache.p4(114) Condition "hdr.ipv4.isValid()" (node_2) is false
[14:36:32.972] [bmv2] [D] [thread 13123] [22.0] [cxt 0] Pipeline 'ingress': end
[14:36:32.972] [bmv2] [D] [thread 13123] [22.0] [cxt 0] Egress port is 0
[14:36:32.972] [bmv2] [D] [thread 13124] [22.0] [cxt 0] Pipeline 'egress': start
[14:36:32.972] [bmv2] [D] [thread 13124] [22.0] [cxt 0] Pipeline 'egress': end
[14:36:32.972] [bmv2] [D] [thread 13124] [22.0] [cxt 0] Deparser 'deparser': start
[14:36:32.972] [bmv2] [T] [thread 13124] [22.0] [cxt 0] Skipping checksum 'cksum' update because condition not met
[14:36:32.972] [bmv2] [D] [thread 13124] [22.0] [cxt 0] Deparsing header 'ethernet'
[14:36:32.972] [bmv2] [D] [thread 13124] [22.0] [cxt 0] Deparser 'deparser': end
[14:36:32.972] [bmv2] [D] [thread 13128] [22.0] [cxt 0] Transmitting packet of size 70 out of port 0
[14:36:33.019] [bmv2] [D] [thread 13123] [23.0] [cxt 0] Processing packet received on port 1
[14:36:33.019] [bmv2] [D] [thread 13123] [23.0] [cxt 0] Parser 'parser': start
[14:36:33.019] [bmv2] [D] [thread 13123] [23.0] [cxt 0] Parser 'parser' entering state 'start'
[14:36:33.019] [bmv2] [D] [thread 13123] [23.0] [cxt 0] Extracting header 'ethernet'
[14:36:33.019] [bmv2] [D] [thread 13123] [23.0] [cxt 0] Parser state 'start': key is 86dd
[14:36:33.019] [bmv2] [T] [thread 13123] [23.0] [cxt 0] Bytes parsed: 14
[14:36:33.019] [bmv2] [D] [thread 13123] [23.0] [cxt 0] Parser 'parser': end
[14:36:33.019] [bmv2] [D] [thread 13123] [23.0] [cxt 0] Pipeline 'ingress': start
[14:36:33.019] [bmv2] [T] [thread 13123] [23.0] [cxt 0] ../build_dependencies/net_cache.p4(114) Condition "hdr.ipv4.isValid()" (node_2) is false
[14:36:33.019] [bmv2] [D] [thread 13123] [23.0] [cxt 0] Pipeline 'ingress': end
[14:36:33.019] [bmv2] [D] [thread 13123] [23.0] [cxt 0] Egress port is 0
[14:36:33.019] [bmv2] [D] [thread 13124] [23.0] [cxt 0] Pipeline 'egress': start
[14:36:33.019] [bmv2] [D] [thread 13124] [23.0] [cxt 0] Pipeline 'egress': end
[14:36:33.019] [bmv2] [D] [thread 13124] [23.0] [cxt 0] Deparser 'deparser': start
[14:36:33.019] [bmv2] [T] [thread 13124] [23.0] [cxt 0] Skipping checksum 'cksum' update because condition not met
[14:36:33.019] [bmv2] [D] [thread 13124] [23.0] [cxt 0] Deparsing header 'ethernet'
[14:36:33.019] [bmv2] [D] [thread 13124] [23.0] [cxt 0] Deparser 'deparser': end
[14:36:33.019] [bmv2] [D] [thread 13128] [23.0] [cxt 0] Transmitting packet of size 70 out of port 0
[14:36:33.059] [bmv2] [D] [thread 13123] [24.0] [cxt 0] Processing packet received on port 3
[14:36:33.059] [bmv2] [D] [thread 13123] [24.0] [cxt 0] Parser 'parser': start
[14:36:33.059] [bmv2] [D] [thread 13123] [24.0] [cxt 0] Parser 'parser' entering state 'start'
[14:36:33.059] [bmv2] [D] [thread 13123] [24.0] [cxt 0] Extracting header 'ethernet'
[14:36:33.059] [bmv2] [D] [thread 13123] [24.0] [cxt 0] Parser state 'start': key is 86dd
[14:36:33.059] [bmv2] [T] [thread 13123] [24.0] [cxt 0] Bytes parsed: 14
[14:36:33.059] [bmv2] [D] [thread 13123] [24.0] [cxt 0] Parser 'parser': end
[14:36:33.059] [bmv2] [D] [thread 13123] [24.0] [cxt 0] Pipeline 'ingress': start
[14:36:33.059] [bmv2] [T] [thread 13123] [24.0] [cxt 0] ../build_dependencies/net_cache.p4(114) Condition "hdr.ipv4.isValid()" (node_2) is false
[14:36:33.059] [bmv2] [D] [thread 13123] [24.0] [cxt 0] Pipeline 'ingress': end
[14:36:33.059] [bmv2] [D] [thread 13123] [24.0] [cxt 0] Egress port is 0
[14:36:33.059] [bmv2] [D] [thread 13124] [24.0] [cxt 0] Pipeline 'egress': start
[14:36:33.059] [bmv2] [D] [thread 13124] [24.0] [cxt 0] Pipeline 'egress': end
[14:36:33.059] [bmv2] [D] [thread 13124] [24.0] [cxt 0] Deparser 'deparser': start
[14:36:33.059] [bmv2] [T] [thread 13124] [24.0] [cxt 0] Skipping checksum 'cksum' update because condition not met
[14:36:33.059] [bmv2] [D] [thread 13124] [24.0] [cxt 0] Deparsing header 'ethernet'
[14:36:33.059] [bmv2] [D] [thread 13124] [24.0] [cxt 0] Deparser 'deparser': end
[14:36:33.059] [bmv2] [D] [thread 13128] [24.0] [cxt 0] Transmitting packet of size 70 out of port 0
[14:36:33.067] [bmv2] [D] [thread 13123] [25.0] [cxt 0] Processing packet received on port 2
[14:36:33.067] [bmv2] [D] [thread 13123] [25.0] [cxt 0] Parser 'parser': start
[14:36:33.067] [bmv2] [D] [thread 13123] [25.0] [cxt 0] Parser 'parser' entering state 'start'
[14:36:33.067] [bmv2] [D] [thread 13123] [25.0] [cxt 0] Extracting header 'ethernet'
[14:36:33.067] [bmv2] [D] [thread 13123] [25.0] [cxt 0] Parser state 'start': key is 86dd
[14:36:33.067] [bmv2] [T] [thread 13123] [25.0] [cxt 0] Bytes parsed: 14
[14:36:33.067] [bmv2] [D] [thread 13123] [25.0] [cxt 0] Parser 'parser': end
[14:36:33.067] [bmv2] [D] [thread 13123] [25.0] [cxt 0] Pipeline 'ingress': start
[14:36:33.067] [bmv2] [T] [thread 13123] [25.0] [cxt 0] ../build_dependencies/net_cache.p4(114) Condition "hdr.ipv4.isValid()" (node_2) is false
[14:36:33.067] [bmv2] [D] [thread 13123] [25.0] [cxt 0] Pipeline 'ingress': end
[14:36:33.068] [bmv2] [D] [thread 13123] [25.0] [cxt 0] Egress port is 0
[14:36:33.068] [bmv2] [D] [thread 13124] [25.0] [cxt 0] Pipeline 'egress': start
[14:36:33.068] [bmv2] [D] [thread 13124] [25.0] [cxt 0] Pipeline 'egress': end
[14:36:33.068] [bmv2] [D] [thread 13124] [25.0] [cxt 0] Deparser 'deparser': start
[14:36:33.068] [bmv2] [T] [thread 13124] [25.0] [cxt 0] Skipping checksum 'cksum' update because condition not met
[14:36:33.068] [bmv2] [D] [thread 13124] [25.0] [cxt 0] Deparsing header 'ethernet'
[14:36:33.068] [bmv2] [D] [thread 13124] [25.0] [cxt 0] Deparser 'deparser': end
[14:36:33.068] [bmv2] [D] [thread 13128] [25.0] [cxt 0] Transmitting packet of size 70 out of port 0
[14:36:36.435] [bmv2] [D] [thread 13123] [26.0] [cxt 0] Processing packet received on port 2
[14:36:36.435] [bmv2] [D] [thread 13123] [26.0] [cxt 0] Parser 'parser': start
[14:36:36.435] [bmv2] [D] [thread 13123] [26.0] [cxt 0] Parser 'parser' entering state 'start'
[14:36:36.435] [bmv2] [D] [thread 13123] [26.0] [cxt 0] Extracting header 'ethernet'
[14:36:36.435] [bmv2] [D] [thread 13123] [26.0] [cxt 0] Parser state 'start': key is 86dd
[14:36:36.435] [bmv2] [T] [thread 13123] [26.0] [cxt 0] Bytes parsed: 14
[14:36:36.435] [bmv2] [D] [thread 13123] [26.0] [cxt 0] Parser 'parser': end
[14:36:36.435] [bmv2] [D] [thread 13123] [26.0] [cxt 0] Pipeline 'ingress': start
[14:36:36.435] [bmv2] [T] [thread 13123] [26.0] [cxt 0] ../build_dependencies/net_cache.p4(114) Condition "hdr.ipv4.isValid()" (node_2) is false
[14:36:36.435] [bmv2] [D] [thread 13123] [26.0] [cxt 0] Pipeline 'ingress': end
[14:36:36.435] [bmv2] [D] [thread 13123] [26.0] [cxt 0] Egress port is 0
[14:36:36.436] [bmv2] [D] [thread 13124] [26.0] [cxt 0] Pipeline 'egress': start
[14:36:36.436] [bmv2] [D] [thread 13124] [26.0] [cxt 0] Pipeline 'egress': end
[14:36:36.436] [bmv2] [D] [thread 13124] [26.0] [cxt 0] Deparser 'deparser': start
[14:36:36.436] [bmv2] [T] [thread 13124] [26.0] [cxt 0] Skipping checksum 'cksum' update because condition not met
[14:36:36.436] [bmv2] [D] [thread 13124] [26.0] [cxt 0] Deparsing header 'ethernet'
[14:36:36.436] [bmv2] [D] [thread 13124] [26.0] [cxt 0] Deparser 'deparser': end
[14:36:36.436] [bmv2] [D] [thread 13128] [26.0] [cxt 0] Transmitting packet of size 70 out of port 0
[14:36:36.980] [bmv2] [D] [thread 13123] [27.0] [cxt 0] Processing packet received on port 3
[14:36:36.980] [bmv2] [D] [thread 13123] [27.0] [cxt 0] Parser 'parser': start
[14:36:36.980] [bmv2] [D] [thread 13123] [27.0] [cxt 0] Parser 'parser' entering state 'start'
[14:36:36.980] [bmv2] [D] [thread 13123] [27.0] [cxt 0] Extracting header 'ethernet'
[14:36:36.980] [bmv2] [D] [thread 13123] [27.0] [cxt 0] Parser state 'start': key is 86dd
[14:36:36.980] [bmv2] [T] [thread 13123] [27.0] [cxt 0] Bytes parsed: 14
[14:36:36.981] [bmv2] [D] [thread 13123] [27.0] [cxt 0] Parser 'parser': end
[14:36:36.981] [bmv2] [D] [thread 13123] [27.0] [cxt 0] Pipeline 'ingress': start
[14:36:36.981] [bmv2] [T] [thread 13123] [27.0] [cxt 0] ../build_dependencies/net_cache.p4(114) Condition "hdr.ipv4.isValid()" (node_2) is false
[14:36:36.981] [bmv2] [D] [thread 13123] [27.0] [cxt 0] Pipeline 'ingress': end
[14:36:36.981] [bmv2] [D] [thread 13123] [27.0] [cxt 0] Egress port is 0
[14:36:36.981] [bmv2] [D] [thread 13124] [27.0] [cxt 0] Pipeline 'egress': start
[14:36:36.981] [bmv2] [D] [thread 13124] [27.0] [cxt 0] Pipeline 'egress': end
[14:36:36.981] [bmv2] [D] [thread 13124] [27.0] [cxt 0] Deparser 'deparser': start
[14:36:36.981] [bmv2] [T] [thread 13124] [27.0] [cxt 0] Skipping checksum 'cksum' update because condition not met
[14:36:36.981] [bmv2] [D] [thread 13124] [27.0] [cxt 0] Deparsing header 'ethernet'
[14:36:36.981] [bmv2] [D] [thread 13124] [27.0] [cxt 0] Deparser 'deparser': end
[14:36:36.981] [bmv2] [D] [thread 13128] [27.0] [cxt 0] Transmitting packet of size 70 out of port 0
[14:36:37.027] [bmv2] [D] [thread 13123] [28.0] [cxt 0] Processing packet received on port 1
[14:36:37.027] [bmv2] [D] [thread 13123] [28.0] [cxt 0] Parser 'parser': start
[14:36:37.027] [bmv2] [D] [thread 13123] [28.0] [cxt 0] Parser 'parser' entering state 'start'
[14:36:37.027] [bmv2] [D] [thread 13123] [28.0] [cxt 0] Extracting header 'ethernet'
[14:36:37.027] [bmv2] [D] [thread 13123] [28.0] [cxt 0] Parser state 'start': key is 86dd
[14:36:37.027] [bmv2] [T] [thread 13123] [28.0] [cxt 0] Bytes parsed: 14
[14:36:37.027] [bmv2] [D] [thread 13123] [28.0] [cxt 0] Parser 'parser': end
[14:36:37.027] [bmv2] [D] [thread 13123] [28.0] [cxt 0] Pipeline 'ingress': start
[14:36:37.027] [bmv2] [T] [thread 13123] [28.0] [cxt 0] ../build_dependencies/net_cache.p4(114) Condition "hdr.ipv4.isValid()" (node_2) is false
[14:36:37.027] [bmv2] [D] [thread 13123] [28.0] [cxt 0] Pipeline 'ingress': end
[14:36:37.027] [bmv2] [D] [thread 13123] [28.0] [cxt 0] Egress port is 0
[14:36:37.027] [bmv2] [D] [thread 13124] [28.0] [cxt 0] Pipeline 'egress': start
[14:36:37.027] [bmv2] [D] [thread 13124] [28.0] [cxt 0] Pipeline 'egress': end
[14:36:37.027] [bmv2] [D] [thread 13124] [28.0] [cxt 0] Deparser 'deparser': start
[14:36:37.027] [bmv2] [T] [thread 13124] [28.0] [cxt 0] Skipping checksum 'cksum' update because condition not met
[14:36:37.027] [bmv2] [D] [thread 13124] [28.0] [cxt 0] Deparsing header 'ethernet'
[14:36:37.027] [bmv2] [D] [thread 13124] [28.0] [cxt 0] Deparser 'deparser': end
[14:36:37.027] [bmv2] [D] [thread 13128] [28.0] [cxt 0] Transmitting packet of size 70 out of port 0
[14:36:37.067] [bmv2] [D] [thread 13123] [29.0] [cxt 0] Processing packet received on port 3
[14:36:37.067] [bmv2] [D] [thread 13123] [29.0] [cxt 0] Parser 'parser': start
[14:36:37.067] [bmv2] [D] [thread 13123] [29.0] [cxt 0] Parser 'parser' entering state 'start'
[14:36:37.067] [bmv2] [D] [thread 13123] [29.0] [cxt 0] Extracting header 'ethernet'
[14:36:37.067] [bmv2] [D] [thread 13123] [29.0] [cxt 0] Parser state 'start': key is 86dd
[14:36:37.067] [bmv2] [T] [thread 13123] [29.0] [cxt 0] Bytes parsed: 14
[14:36:37.067] [bmv2] [D] [thread 13123] [29.0] [cxt 0] Parser 'parser': end
[14:36:37.067] [bmv2] [D] [thread 13123] [29.0] [cxt 0] Pipeline 'ingress': start
[14:36:37.067] [bmv2] [T] [thread 13123] [29.0] [cxt 0] ../build_dependencies/net_cache.p4(114) Condition "hdr.ipv4.isValid()" (node_2) is false
[14:36:37.067] [bmv2] [D] [thread 13123] [29.0] [cxt 0] Pipeline 'ingress': end
[14:36:37.067] [bmv2] [D] [thread 13123] [29.0] [cxt 0] Egress port is 0
[14:36:37.067] [bmv2] [D] [thread 13124] [29.0] [cxt 0] Pipeline 'egress': start
[14:36:37.067] [bmv2] [D] [thread 13124] [29.0] [cxt 0] Pipeline 'egress': end
[14:36:37.067] [bmv2] [D] [thread 13124] [29.0] [cxt 0] Deparser 'deparser': start
[14:36:37.067] [bmv2] [T] [thread 13124] [29.0] [cxt 0] Skipping checksum 'cksum' update because condition not met
[14:36:37.067] [bmv2] [D] [thread 13124] [29.0] [cxt 0] Deparsing header 'ethernet'
[14:36:37.067] [bmv2] [D] [thread 13124] [29.0] [cxt 0] Deparser 'deparser': end
[14:36:37.067] [bmv2] [D] [thread 13128] [29.0] [cxt 0] Transmitting packet of size 70 out of port 0
[14:36:37.076] [bmv2] [D] [thread 13123] [30.0] [cxt 0] Processing packet received on port 2
[14:36:37.076] [bmv2] [D] [thread 13123] [30.0] [cxt 0] Parser 'parser': start
[14:36:37.076] [bmv2] [D] [thread 13123] [30.0] [cxt 0] Parser 'parser' entering state 'start'
[14:36:37.076] [bmv2] [D] [thread 13123] [30.0] [cxt 0] Extracting header 'ethernet'
[14:36:37.076] [bmv2] [D] [thread 13123] [30.0] [cxt 0] Parser state 'start': key is 86dd
[14:36:37.076] [bmv2] [T] [thread 13123] [30.0] [cxt 0] Bytes parsed: 14
[14:36:37.076] [bmv2] [D] [thread 13123] [30.0] [cxt 0] Parser 'parser': end
[14:36:37.076] [bmv2] [D] [thread 13123] [30.0] [cxt 0] Pipeline 'ingress': start
[14:36:37.076] [bmv2] [T] [thread 13123] [30.0] [cxt 0] ../build_dependencies/net_cache.p4(114) Condition "hdr.ipv4.isValid()" (node_2) is false
[14:36:37.076] [bmv2] [D] [thread 13123] [30.0] [cxt 0] Pipeline 'ingress': end
[14:36:37.076] [bmv2] [D] [thread 13123] [30.0] [cxt 0] Egress port is 0
[14:36:37.076] [bmv2] [D] [thread 13124] [30.0] [cxt 0] Pipeline 'egress': start
[14:36:37.076] [bmv2] [D] [thread 13124] [30.0] [cxt 0] Pipeline 'egress': end
[14:36:37.076] [bmv2] [D] [thread 13124] [30.0] [cxt 0] Deparser 'deparser': start
[14:36:37.076] [bmv2] [T] [thread 13124] [30.0] [cxt 0] Skipping checksum 'cksum' update because condition not met
[14:36:37.076] [bmv2] [D] [thread 13124] [30.0] [cxt 0] Deparsing header 'ethernet'
[14:36:37.076] [bmv2] [D] [thread 13124] [30.0] [cxt 0] Deparser 'deparser': end
[14:36:37.076] [bmv2] [D] [thread 13128] [30.0] [cxt 0] Transmitting packet of size 70 out of port 0
[14:37:05.129] [bmv2] [D] [thread 13123] [31.0] [cxt 0] Processing packet received on port 2
[14:37:05.130] [bmv2] [D] [thread 13123] [31.0] [cxt 0] Parser 'parser': start
[14:37:05.130] [bmv2] [D] [thread 13123] [31.0] [cxt 0] Parser 'parser' entering state 'start'
[14:37:05.130] [bmv2] [D] [thread 13123] [31.0] [cxt 0] Extracting header 'ethernet'
[14:37:05.130] [bmv2] [D] [thread 13123] [31.0] [cxt 0] Parser state 'start': key is 0800
[14:37:05.130] [bmv2] [T] [thread 13123] [31.0] [cxt 0] Bytes parsed: 14
[14:37:05.130] [bmv2] [D] [thread 13123] [31.0] [cxt 0] Parser 'parser' entering state 'parse_ipv4'
[14:37:05.130] [bmv2] [D] [thread 13123] [31.0] [cxt 0] Extracting header 'ipv4'
[14:37:05.130] [bmv2] [D] [thread 13123] [31.0] [cxt 0] Parser state 'parse_ipv4' has no switch, going to default next state
[14:37:05.130] [bmv2] [T] [thread 13123] [31.0] [cxt 0] Bytes parsed: 34
[14:37:05.130] [bmv2] [D] [thread 13123] [31.0] [cxt 0] Parser 'parser': end
[14:37:05.130] [bmv2] [D] [thread 13123] [31.0] [cxt 0] Pipeline 'ingress': start
[14:37:05.130] [bmv2] [T] [thread 13123] [31.0] [cxt 0] ../build_dependencies/net_cache.p4(114) Condition "hdr.ipv4.isValid()" (node_2) is true
[14:37:05.130] [bmv2] [T] [thread 13123] [31.0] [cxt 0] ../build_dependencies/net_cache.p4(115) Condition "hdr.ipv4.flags == 3" (node_3) is false
[14:37:05.130] [bmv2] [T] [thread 13123] [31.0] [cxt 0] Applying table 'MyIngress.ipv4_lpm'
[14:37:05.130] [bmv2] [D] [thread 13123] [31.0] [cxt 0] Looking up key:
* hdr.ipv4.dstAddr    : 0a000202

[14:37:05.130] [bmv2] [D] [thread 13123] [31.0] [cxt 0] Table 'MyIngress.ipv4_lpm': hit with handle 1
[14:37:05.130] [bmv2] [D] [thread 13123] [31.0] [cxt 0] Dumping entry 1
Match key:
* hdr.ipv4.dstAddr    : LPM       0a000202/32
Action entry: MyIngress.ipv4_forward - 80000000222,1,

[14:37:05.130] [bmv2] [D] [thread 13123] [31.0] [cxt 0] Action entry is MyIngress.ipv4_forward - 80000000222,1,
[14:37:05.130] [bmv2] [T] [thread 13123] [31.0] [cxt 0] Action MyIngress.ipv4_forward
[14:37:05.130] [bmv2] [T] [thread 13123] [31.0] [cxt 0] ../build_dependencies/net_cache.p4(94) Primitive standard_metadata.egress_spec = port
[14:37:05.130] [bmv2] [T] [thread 13123] [31.0] [cxt 0] ../build_dependencies/net_cache.p4(95) Primitive hdr.ethernet.srcAddr = hdr.ethernet.dstAddr
[14:37:05.130] [bmv2] [T] [thread 13123] [31.0] [cxt 0] ../build_dependencies/net_cache.p4(96) Primitive hdr.ethernet.dstAddr = dstAddr
[14:37:05.130] [bmv2] [T] [thread 13123] [31.0] [cxt 0] ../build_dependencies/net_cache.p4(97) Primitive hdr.ipv4.ttl = hdr.ipv4.ttl - 1
[14:37:05.130] [bmv2] [D] [thread 13123] [31.0] [cxt 0] Pipeline 'ingress': end
[14:37:05.130] [bmv2] [D] [thread 13123] [31.0] [cxt 0] Egress port is 1
[14:37:05.130] [bmv2] [D] [thread 13125] [31.0] [cxt 0] Pipeline 'egress': start
[14:37:05.130] [bmv2] [D] [thread 13125] [31.0] [cxt 0] Pipeline 'egress': end
[14:37:05.130] [bmv2] [D] [thread 13125] [31.0] [cxt 0] Deparser 'deparser': start
[14:37:05.130] [bmv2] [D] [thread 13125] [31.0] [cxt 0] Updating checksum 'cksum'
[14:37:05.130] [bmv2] [D] [thread 13125] [31.0] [cxt 0] Deparsing header 'ethernet'
[14:37:05.130] [bmv2] [D] [thread 13125] [31.0] [cxt 0] Deparsing header 'ipv4'
[14:37:05.130] [bmv2] [D] [thread 13125] [31.0] [cxt 0] Deparser 'deparser': end
[14:37:05.130] [bmv2] [D] [thread 13128] [31.0] [cxt 0] Transmitting packet of size 98 out of port 1
[14:37:05.130] [bmv2] [D] [thread 13123] [32.0] [cxt 0] Processing packet received on port 1
[14:37:05.130] [bmv2] [D] [thread 13123] [32.0] [cxt 0] Parser 'parser': start
[14:37:05.130] [bmv2] [D] [thread 13123] [32.0] [cxt 0] Parser 'parser' entering state 'start'
[14:37:05.130] [bmv2] [D] [thread 13123] [32.0] [cxt 0] Extracting header 'ethernet'
[14:37:05.130] [bmv2] [D] [thread 13123] [32.0] [cxt 0] Parser state 'start': key is 0800
[14:37:05.130] [bmv2] [T] [thread 13123] [32.0] [cxt 0] Bytes parsed: 14
[14:37:05.130] [bmv2] [D] [thread 13123] [32.0] [cxt 0] Parser 'parser' entering state 'parse_ipv4'
[14:37:05.130] [bmv2] [D] [thread 13123] [32.0] [cxt 0] Extracting header 'ipv4'
[14:37:05.130] [bmv2] [D] [thread 13123] [32.0] [cxt 0] Parser state 'parse_ipv4' has no switch, going to default next state
[14:37:05.130] [bmv2] [T] [thread 13123] [32.0] [cxt 0] Bytes parsed: 34
[14:37:05.130] [bmv2] [D] [thread 13123] [32.0] [cxt 0] Parser 'parser': end
[14:37:05.130] [bmv2] [D] [thread 13123] [32.0] [cxt 0] Pipeline 'ingress': start
[14:37:05.130] [bmv2] [T] [thread 13123] [32.0] [cxt 0] ../build_dependencies/net_cache.p4(114) Condition "hdr.ipv4.isValid()" (node_2) is true
[14:37:05.130] [bmv2] [T] [thread 13123] [32.0] [cxt 0] ../build_dependencies/net_cache.p4(115) Condition "hdr.ipv4.flags == 3" (node_3) is false
[14:37:05.130] [bmv2] [T] [thread 13123] [32.0] [cxt 0] Applying table 'MyIngress.ipv4_lpm'
[14:37:05.130] [bmv2] [D] [thread 13123] [32.0] [cxt 0] Looking up key:
* hdr.ipv4.dstAddr    : 0a000101

[14:37:05.130] [bmv2] [D] [thread 13123] [32.0] [cxt 0] Table 'MyIngress.ipv4_lpm': hit with handle 0
[14:37:05.130] [bmv2] [D] [thread 13123] [32.0] [cxt 0] Dumping entry 0
Match key:
* hdr.ipv4.dstAddr    : LPM       0a000101/32
Action entry: MyIngress.ipv4_forward - 80000000100,2,

[14:37:05.130] [bmv2] [D] [thread 13123] [32.0] [cxt 0] Action entry is MyIngress.ipv4_forward - 80000000100,2,
[14:37:05.130] [bmv2] [T] [thread 13123] [32.0] [cxt 0] Action MyIngress.ipv4_forward
[14:37:05.130] [bmv2] [T] [thread 13123] [32.0] [cxt 0] ../build_dependencies/net_cache.p4(94) Primitive standard_metadata.egress_spec = port
[14:37:05.130] [bmv2] [T] [thread 13123] [32.0] [cxt 0] ../build_dependencies/net_cache.p4(95) Primitive hdr.ethernet.srcAddr = hdr.ethernet.dstAddr
[14:37:05.130] [bmv2] [T] [thread 13123] [32.0] [cxt 0] ../build_dependencies/net_cache.p4(96) Primitive hdr.ethernet.dstAddr = dstAddr
[14:37:05.130] [bmv2] [T] [thread 13123] [32.0] [cxt 0] ../build_dependencies/net_cache.p4(97) Primitive hdr.ipv4.ttl = hdr.ipv4.ttl - 1
[14:37:05.130] [bmv2] [D] [thread 13123] [32.0] [cxt 0] Pipeline 'ingress': end
[14:37:05.130] [bmv2] [D] [thread 13123] [32.0] [cxt 0] Egress port is 2
[14:37:05.130] [bmv2] [D] [thread 13126] [32.0] [cxt 0] Pipeline 'egress': start
[14:37:05.130] [bmv2] [D] [thread 13126] [32.0] [cxt 0] Pipeline 'egress': end
[14:37:05.130] [bmv2] [D] [thread 13126] [32.0] [cxt 0] Deparser 'deparser': start
[14:37:05.130] [bmv2] [D] [thread 13126] [32.0] [cxt 0] Updating checksum 'cksum'
[14:37:05.130] [bmv2] [D] [thread 13126] [32.0] [cxt 0] Deparsing header 'ethernet'
[14:37:05.130] [bmv2] [D] [thread 13126] [32.0] [cxt 0] Deparsing header 'ipv4'
[14:37:05.130] [bmv2] [D] [thread 13126] [32.0] [cxt 0] Deparser 'deparser': end
[14:37:05.130] [bmv2] [D] [thread 13128] [32.0] [cxt 0] Transmitting packet of size 98 out of port 2
[14:37:05.140] [bmv2] [D] [thread 13123] [33.0] [cxt 0] Processing packet received on port 1
[14:37:05.140] [bmv2] [D] [thread 13123] [33.0] [cxt 0] Parser 'parser': start
[14:37:05.140] [bmv2] [D] [thread 13123] [33.0] [cxt 0] Parser 'parser' entering state 'start'
[14:37:05.140] [bmv2] [D] [thread 13123] [33.0] [cxt 0] Extracting header 'ethernet'
[14:37:05.140] [bmv2] [D] [thread 13123] [33.0] [cxt 0] Parser state 'start': key is 0800
[14:37:05.140] [bmv2] [T] [thread 13123] [33.0] [cxt 0] Bytes parsed: 14
[14:37:05.140] [bmv2] [D] [thread 13123] [33.0] [cxt 0] Parser 'parser' entering state 'parse_ipv4'
[14:37:05.140] [bmv2] [D] [thread 13123] [33.0] [cxt 0] Extracting header 'ipv4'
[14:37:05.140] [bmv2] [D] [thread 13123] [33.0] [cxt 0] Parser state 'parse_ipv4' has no switch, going to default next state
[14:37:05.140] [bmv2] [T] [thread 13123] [33.0] [cxt 0] Bytes parsed: 34
[14:37:05.140] [bmv2] [D] [thread 13123] [33.0] [cxt 0] Parser 'parser': end
[14:37:05.140] [bmv2] [D] [thread 13123] [33.0] [cxt 0] Pipeline 'ingress': start
[14:37:05.140] [bmv2] [T] [thread 13123] [33.0] [cxt 0] ../build_dependencies/net_cache.p4(114) Condition "hdr.ipv4.isValid()" (node_2) is true
[14:37:05.140] [bmv2] [T] [thread 13123] [33.0] [cxt 0] ../build_dependencies/net_cache.p4(115) Condition "hdr.ipv4.flags == 3" (node_3) is false
[14:37:05.140] [bmv2] [T] [thread 13123] [33.0] [cxt 0] Applying table 'MyIngress.ipv4_lpm'
[14:37:05.140] [bmv2] [D] [thread 13123] [33.0] [cxt 0] Looking up key:
* hdr.ipv4.dstAddr    : 0a000101

[14:37:05.140] [bmv2] [D] [thread 13123] [33.0] [cxt 0] Table 'MyIngress.ipv4_lpm': hit with handle 0
[14:37:05.140] [bmv2] [D] [thread 13123] [33.0] [cxt 0] Dumping entry 0
Match key:
* hdr.ipv4.dstAddr    : LPM       0a000101/32
Action entry: MyIngress.ipv4_forward - 80000000100,2,

[14:37:05.140] [bmv2] [D] [thread 13123] [33.0] [cxt 0] Action entry is MyIngress.ipv4_forward - 80000000100,2,
[14:37:05.140] [bmv2] [T] [thread 13123] [33.0] [cxt 0] Action MyIngress.ipv4_forward
[14:37:05.140] [bmv2] [T] [thread 13123] [33.0] [cxt 0] ../build_dependencies/net_cache.p4(94) Primitive standard_metadata.egress_spec = port
[14:37:05.140] [bmv2] [T] [thread 13123] [33.0] [cxt 0] ../build_dependencies/net_cache.p4(95) Primitive hdr.ethernet.srcAddr = hdr.ethernet.dstAddr
[14:37:05.140] [bmv2] [T] [thread 13123] [33.0] [cxt 0] ../build_dependencies/net_cache.p4(96) Primitive hdr.ethernet.dstAddr = dstAddr
[14:37:05.140] [bmv2] [T] [thread 13123] [33.0] [cxt 0] ../build_dependencies/net_cache.p4(97) Primitive hdr.ipv4.ttl = hdr.ipv4.ttl - 1
[14:37:05.140] [bmv2] [D] [thread 13123] [33.0] [cxt 0] Pipeline 'ingress': end
[14:37:05.140] [bmv2] [D] [thread 13123] [33.0] [cxt 0] Egress port is 2
[14:37:05.140] [bmv2] [D] [thread 13126] [33.0] [cxt 0] Pipeline 'egress': start
[14:37:05.140] [bmv2] [D] [thread 13126] [33.0] [cxt 0] Pipeline 'egress': end
[14:37:05.140] [bmv2] [D] [thread 13126] [33.0] [cxt 0] Deparser 'deparser': start
[14:37:05.140] [bmv2] [D] [thread 13126] [33.0] [cxt 0] Updating checksum 'cksum'
[14:37:05.140] [bmv2] [D] [thread 13126] [33.0] [cxt 0] Deparsing header 'ethernet'
[14:37:05.140] [bmv2] [D] [thread 13126] [33.0] [cxt 0] Deparsing header 'ipv4'
[14:37:05.140] [bmv2] [D] [thread 13126] [33.0] [cxt 0] Deparser 'deparser': end
[14:37:05.140] [bmv2] [D] [thread 13128] [33.0] [cxt 0] Transmitting packet of size 98 out of port 2
[14:37:05.141] [bmv2] [D] [thread 13123] [34.0] [cxt 0] Processing packet received on port 2
[14:37:05.141] [bmv2] [D] [thread 13123] [34.0] [cxt 0] Parser 'parser': start
[14:37:05.141] [bmv2] [D] [thread 13123] [34.0] [cxt 0] Parser 'parser' entering state 'start'
[14:37:05.141] [bmv2] [D] [thread 13123] [34.0] [cxt 0] Extracting header 'ethernet'
[14:37:05.141] [bmv2] [D] [thread 13123] [34.0] [cxt 0] Parser state 'start': key is 0800
[14:37:05.141] [bmv2] [T] [thread 13123] [34.0] [cxt 0] Bytes parsed: 14
[14:37:05.141] [bmv2] [D] [thread 13123] [34.0] [cxt 0] Parser 'parser' entering state 'parse_ipv4'
[14:37:05.141] [bmv2] [D] [thread 13123] [34.0] [cxt 0] Extracting header 'ipv4'
[14:37:05.141] [bmv2] [D] [thread 13123] [34.0] [cxt 0] Parser state 'parse_ipv4' has no switch, going to default next state
[14:37:05.141] [bmv2] [T] [thread 13123] [34.0] [cxt 0] Bytes parsed: 34
[14:37:05.141] [bmv2] [D] [thread 13123] [34.0] [cxt 0] Parser 'parser': end
[14:37:05.141] [bmv2] [D] [thread 13123] [34.0] [cxt 0] Pipeline 'ingress': start
[14:37:05.141] [bmv2] [T] [thread 13123] [34.0] [cxt 0] ../build_dependencies/net_cache.p4(114) Condition "hdr.ipv4.isValid()" (node_2) is true
[14:37:05.141] [bmv2] [T] [thread 13123] [34.0] [cxt 0] ../build_dependencies/net_cache.p4(115) Condition "hdr.ipv4.flags == 3" (node_3) is false
[14:37:05.141] [bmv2] [T] [thread 13123] [34.0] [cxt 0] Applying table 'MyIngress.ipv4_lpm'
[14:37:05.141] [bmv2] [D] [thread 13123] [34.0] [cxt 0] Looking up key:
* hdr.ipv4.dstAddr    : 0a000202

[14:37:05.141] [bmv2] [D] [thread 13123] [34.0] [cxt 0] Table 'MyIngress.ipv4_lpm': hit with handle 1
[14:37:05.141] [bmv2] [D] [thread 13123] [34.0] [cxt 0] Dumping entry 1
Match key:
* hdr.ipv4.dstAddr    : LPM       0a000202/32
Action entry: MyIngress.ipv4_forward - 80000000222,1,

[14:37:05.141] [bmv2] [D] [thread 13123] [34.0] [cxt 0] Action entry is MyIngress.ipv4_forward - 80000000222,1,
[14:37:05.141] [bmv2] [T] [thread 13123] [34.0] [cxt 0] Action MyIngress.ipv4_forward
[14:37:05.141] [bmv2] [T] [thread 13123] [34.0] [cxt 0] ../build_dependencies/net_cache.p4(94) Primitive standard_metadata.egress_spec = port
[14:37:05.141] [bmv2] [T] [thread 13123] [34.0] [cxt 0] ../build_dependencies/net_cache.p4(95) Primitive hdr.ethernet.srcAddr = hdr.ethernet.dstAddr
[14:37:05.141] [bmv2] [T] [thread 13123] [34.0] [cxt 0] ../build_dependencies/net_cache.p4(96) Primitive hdr.ethernet.dstAddr = dstAddr
[14:37:05.141] [bmv2] [T] [thread 13123] [34.0] [cxt 0] ../build_dependencies/net_cache.p4(97) Primitive hdr.ipv4.ttl = hdr.ipv4.ttl - 1
[14:37:05.141] [bmv2] [D] [thread 13123] [34.0] [cxt 0] Pipeline 'ingress': end
[14:37:05.141] [bmv2] [D] [thread 13123] [34.0] [cxt 0] Egress port is 1
[14:37:05.141] [bmv2] [D] [thread 13125] [34.0] [cxt 0] Pipeline 'egress': start
[14:37:05.141] [bmv2] [D] [thread 13125] [34.0] [cxt 0] Pipeline 'egress': end
[14:37:05.141] [bmv2] [D] [thread 13125] [34.0] [cxt 0] Deparser 'deparser': start
[14:37:05.141] [bmv2] [D] [thread 13125] [34.0] [cxt 0] Updating checksum 'cksum'
[14:37:05.141] [bmv2] [D] [thread 13125] [34.0] [cxt 0] Deparsing header 'ethernet'
[14:37:05.141] [bmv2] [D] [thread 13125] [34.0] [cxt 0] Deparsing header 'ipv4'
[14:37:05.141] [bmv2] [D] [thread 13125] [34.0] [cxt 0] Deparser 'deparser': end
[14:37:05.141] [bmv2] [D] [thread 13128] [34.0] [cxt 0] Transmitting packet of size 98 out of port 1
[14:37:05.143] [bmv2] [D] [thread 13123] [35.0] [cxt 0] Processing packet received on port 1
[14:37:05.143] [bmv2] [D] [thread 13123] [35.0] [cxt 0] Parser 'parser': start
[14:37:05.143] [bmv2] [D] [thread 13123] [35.0] [cxt 0] Parser 'parser' entering state 'start'
[14:37:05.143] [bmv2] [D] [thread 13123] [35.0] [cxt 0] Extracting header 'ethernet'
[14:37:05.143] [bmv2] [D] [thread 13123] [35.0] [cxt 0] Parser state 'start': key is 0800
[14:37:05.143] [bmv2] [T] [thread 13123] [35.0] [cxt 0] Bytes parsed: 14
[14:37:05.143] [bmv2] [D] [thread 13123] [35.0] [cxt 0] Parser 'parser' entering state 'parse_ipv4'
[14:37:05.143] [bmv2] [D] [thread 13123] [35.0] [cxt 0] Extracting header 'ipv4'
[14:37:05.143] [bmv2] [D] [thread 13123] [35.0] [cxt 0] Parser state 'parse_ipv4' has no switch, going to default next state
[14:37:05.143] [bmv2] [T] [thread 13123] [35.0] [cxt 0] Bytes parsed: 34
[14:37:05.143] [bmv2] [D] [thread 13123] [35.0] [cxt 0] Parser 'parser': end
[14:37:05.143] [bmv2] [D] [thread 13123] [35.0] [cxt 0] Pipeline 'ingress': start
[14:37:05.143] [bmv2] [T] [thread 13123] [35.0] [cxt 0] ../build_dependencies/net_cache.p4(114) Condition "hdr.ipv4.isValid()" (node_2) is true
[14:37:05.143] [bmv2] [T] [thread 13123] [35.0] [cxt 0] ../build_dependencies/net_cache.p4(115) Condition "hdr.ipv4.flags == 3" (node_3) is false
[14:37:05.143] [bmv2] [T] [thread 13123] [35.0] [cxt 0] Applying table 'MyIngress.ipv4_lpm'
[14:37:05.143] [bmv2] [D] [thread 13123] [35.0] [cxt 0] Looking up key:
* hdr.ipv4.dstAddr    : 0a000303

[14:37:05.143] [bmv2] [D] [thread 13123] [35.0] [cxt 0] Table 'MyIngress.ipv4_lpm': hit with handle 2
[14:37:05.143] [bmv2] [D] [thread 13123] [35.0] [cxt 0] Dumping entry 2
Match key:
* hdr.ipv4.dstAddr    : LPM       0a000303/32
Action entry: MyIngress.ipv4_forward - 80000000300,3,

[14:37:05.143] [bmv2] [D] [thread 13123] [35.0] [cxt 0] Action entry is MyIngress.ipv4_forward - 80000000300,3,
[14:37:05.143] [bmv2] [T] [thread 13123] [35.0] [cxt 0] Action MyIngress.ipv4_forward
[14:37:05.143] [bmv2] [T] [thread 13123] [35.0] [cxt 0] ../build_dependencies/net_cache.p4(94) Primitive standard_metadata.egress_spec = port
[14:37:05.143] [bmv2] [T] [thread 13123] [35.0] [cxt 0] ../build_dependencies/net_cache.p4(95) Primitive hdr.ethernet.srcAddr = hdr.ethernet.dstAddr
[14:37:05.143] [bmv2] [T] [thread 13123] [35.0] [cxt 0] ../build_dependencies/net_cache.p4(96) Primitive hdr.ethernet.dstAddr = dstAddr
[14:37:05.143] [bmv2] [T] [thread 13123] [35.0] [cxt 0] ../build_dependencies/net_cache.p4(97) Primitive hdr.ipv4.ttl = hdr.ipv4.ttl - 1
[14:37:05.143] [bmv2] [D] [thread 13123] [35.0] [cxt 0] Pipeline 'ingress': end
[14:37:05.143] [bmv2] [D] [thread 13123] [35.0] [cxt 0] Egress port is 3
[14:37:05.143] [bmv2] [D] [thread 13127] [35.0] [cxt 0] Pipeline 'egress': start
[14:37:05.143] [bmv2] [D] [thread 13127] [35.0] [cxt 0] Pipeline 'egress': end
[14:37:05.143] [bmv2] [D] [thread 13127] [35.0] [cxt 0] Deparser 'deparser': start
[14:37:05.143] [bmv2] [D] [thread 13127] [35.0] [cxt 0] Updating checksum 'cksum'
[14:37:05.143] [bmv2] [D] [thread 13127] [35.0] [cxt 0] Deparsing header 'ethernet'
[14:37:05.143] [bmv2] [D] [thread 13127] [35.0] [cxt 0] Deparsing header 'ipv4'
[14:37:05.143] [bmv2] [D] [thread 13127] [35.0] [cxt 0] Deparser 'deparser': end
[14:37:05.143] [bmv2] [D] [thread 13128] [35.0] [cxt 0] Transmitting packet of size 98 out of port 3
[14:37:05.144] [bmv2] [D] [thread 13123] [36.0] [cxt 0] Processing packet received on port 3
[14:37:05.144] [bmv2] [D] [thread 13123] [36.0] [cxt 0] Parser 'parser': start
[14:37:05.144] [bmv2] [D] [thread 13123] [36.0] [cxt 0] Parser 'parser' entering state 'start'
[14:37:05.144] [bmv2] [D] [thread 13123] [36.0] [cxt 0] Extracting header 'ethernet'
[14:37:05.144] [bmv2] [D] [thread 13123] [36.0] [cxt 0] Parser state 'start': key is 0800
[14:37:05.144] [bmv2] [T] [thread 13123] [36.0] [cxt 0] Bytes parsed: 14
[14:37:05.144] [bmv2] [D] [thread 13123] [36.0] [cxt 0] Parser 'parser' entering state 'parse_ipv4'
[14:37:05.144] [bmv2] [D] [thread 13123] [36.0] [cxt 0] Extracting header 'ipv4'
[14:37:05.144] [bmv2] [D] [thread 13123] [36.0] [cxt 0] Parser state 'parse_ipv4' has no switch, going to default next state
[14:37:05.144] [bmv2] [T] [thread 13123] [36.0] [cxt 0] Bytes parsed: 34
[14:37:05.144] [bmv2] [D] [thread 13123] [36.0] [cxt 0] Parser 'parser': end
[14:37:05.144] [bmv2] [D] [thread 13123] [36.0] [cxt 0] Pipeline 'ingress': start
[14:37:05.144] [bmv2] [T] [thread 13123] [36.0] [cxt 0] ../build_dependencies/net_cache.p4(114) Condition "hdr.ipv4.isValid()" (node_2) is true
[14:37:05.144] [bmv2] [T] [thread 13123] [36.0] [cxt 0] ../build_dependencies/net_cache.p4(115) Condition "hdr.ipv4.flags == 3" (node_3) is false
[14:37:05.144] [bmv2] [T] [thread 13123] [36.0] [cxt 0] Applying table 'MyIngress.ipv4_lpm'
[14:37:05.144] [bmv2] [D] [thread 13123] [36.0] [cxt 0] Looking up key:
* hdr.ipv4.dstAddr    : 0a000202

[14:37:05.144] [bmv2] [D] [thread 13123] [36.0] [cxt 0] Table 'MyIngress.ipv4_lpm': hit with handle 1
[14:37:05.144] [bmv2] [D] [thread 13123] [36.0] [cxt 0] Dumping entry 1
Match key:
* hdr.ipv4.dstAddr    : LPM       0a000202/32
Action entry: MyIngress.ipv4_forward - 80000000222,1,

[14:37:05.144] [bmv2] [D] [thread 13123] [36.0] [cxt 0] Action entry is MyIngress.ipv4_forward - 80000000222,1,
[14:37:05.144] [bmv2] [T] [thread 13123] [36.0] [cxt 0] Action MyIngress.ipv4_forward
[14:37:05.144] [bmv2] [T] [thread 13123] [36.0] [cxt 0] ../build_dependencies/net_cache.p4(94) Primitive standard_metadata.egress_spec = port
[14:37:05.144] [bmv2] [T] [thread 13123] [36.0] [cxt 0] ../build_dependencies/net_cache.p4(95) Primitive hdr.ethernet.srcAddr = hdr.ethernet.dstAddr
[14:37:05.144] [bmv2] [T] [thread 13123] [36.0] [cxt 0] ../build_dependencies/net_cache.p4(96) Primitive hdr.ethernet.dstAddr = dstAddr
[14:37:05.144] [bmv2] [T] [thread 13123] [36.0] [cxt 0] ../build_dependencies/net_cache.p4(97) Primitive hdr.ipv4.ttl = hdr.ipv4.ttl - 1
[14:37:05.144] [bmv2] [D] [thread 13123] [36.0] [cxt 0] Pipeline 'ingress': end
[14:37:05.144] [bmv2] [D] [thread 13123] [36.0] [cxt 0] Egress port is 1
[14:37:05.144] [bmv2] [D] [thread 13125] [36.0] [cxt 0] Pipeline 'egress': start
[14:37:05.144] [bmv2] [D] [thread 13125] [36.0] [cxt 0] Pipeline 'egress': end
[14:37:05.144] [bmv2] [D] [thread 13125] [36.0] [cxt 0] Deparser 'deparser': start
[14:37:05.144] [bmv2] [D] [thread 13125] [36.0] [cxt 0] Updating checksum 'cksum'
[14:37:05.144] [bmv2] [D] [thread 13125] [36.0] [cxt 0] Deparsing header 'ethernet'
[14:37:05.144] [bmv2] [D] [thread 13125] [36.0] [cxt 0] Deparsing header 'ipv4'
[14:37:05.144] [bmv2] [D] [thread 13125] [36.0] [cxt 0] Deparser 'deparser': end
[14:37:05.144] [bmv2] [D] [thread 13128] [36.0] [cxt 0] Transmitting packet of size 98 out of port 1
[14:37:05.149] [bmv2] [D] [thread 13123] [37.0] [cxt 0] Processing packet received on port 3
[14:37:05.149] [bmv2] [D] [thread 13123] [37.0] [cxt 0] Parser 'parser': start
[14:37:05.149] [bmv2] [D] [thread 13123] [37.0] [cxt 0] Parser 'parser' entering state 'start'
[14:37:05.149] [bmv2] [D] [thread 13123] [37.0] [cxt 0] Extracting header 'ethernet'
[14:37:05.149] [bmv2] [D] [thread 13123] [37.0] [cxt 0] Parser state 'start': key is 0800
[14:37:05.149] [bmv2] [T] [thread 13123] [37.0] [cxt 0] Bytes parsed: 14
[14:37:05.149] [bmv2] [D] [thread 13123] [37.0] [cxt 0] Parser 'parser' entering state 'parse_ipv4'
[14:37:05.149] [bmv2] [D] [thread 13123] [37.0] [cxt 0] Extracting header 'ipv4'
[14:37:05.149] [bmv2] [D] [thread 13123] [37.0] [cxt 0] Parser state 'parse_ipv4' has no switch, going to default next state
[14:37:05.149] [bmv2] [T] [thread 13123] [37.0] [cxt 0] Bytes parsed: 34
[14:37:05.149] [bmv2] [D] [thread 13123] [37.0] [cxt 0] Parser 'parser': end
[14:37:05.149] [bmv2] [D] [thread 13123] [37.0] [cxt 0] Pipeline 'ingress': start
[14:37:05.149] [bmv2] [T] [thread 13123] [37.0] [cxt 0] ../build_dependencies/net_cache.p4(114) Condition "hdr.ipv4.isValid()" (node_2) is true
[14:37:05.149] [bmv2] [T] [thread 13123] [37.0] [cxt 0] ../build_dependencies/net_cache.p4(115) Condition "hdr.ipv4.flags == 3" (node_3) is false
[14:37:05.149] [bmv2] [T] [thread 13123] [37.0] [cxt 0] Applying table 'MyIngress.ipv4_lpm'
[14:37:05.149] [bmv2] [D] [thread 13123] [37.0] [cxt 0] Looking up key:
* hdr.ipv4.dstAddr    : 0a000202

[14:37:05.149] [bmv2] [D] [thread 13123] [37.0] [cxt 0] Table 'MyIngress.ipv4_lpm': hit with handle 1
[14:37:05.149] [bmv2] [D] [thread 13123] [37.0] [cxt 0] Dumping entry 1
Match key:
* hdr.ipv4.dstAddr    : LPM       0a000202/32
Action entry: MyIngress.ipv4_forward - 80000000222,1,

[14:37:05.149] [bmv2] [D] [thread 13123] [37.0] [cxt 0] Action entry is MyIngress.ipv4_forward - 80000000222,1,
[14:37:05.149] [bmv2] [T] [thread 13123] [37.0] [cxt 0] Action MyIngress.ipv4_forward
[14:37:05.149] [bmv2] [T] [thread 13123] [37.0] [cxt 0] ../build_dependencies/net_cache.p4(94) Primitive standard_metadata.egress_spec = port
[14:37:05.149] [bmv2] [T] [thread 13123] [37.0] [cxt 0] ../build_dependencies/net_cache.p4(95) Primitive hdr.ethernet.srcAddr = hdr.ethernet.dstAddr
[14:37:05.149] [bmv2] [T] [thread 13123] [37.0] [cxt 0] ../build_dependencies/net_cache.p4(96) Primitive hdr.ethernet.dstAddr = dstAddr
[14:37:05.149] [bmv2] [T] [thread 13123] [37.0] [cxt 0] ../build_dependencies/net_cache.p4(97) Primitive hdr.ipv4.ttl = hdr.ipv4.ttl - 1
[14:37:05.149] [bmv2] [D] [thread 13123] [37.0] [cxt 0] Pipeline 'ingress': end
[14:37:05.149] [bmv2] [D] [thread 13123] [37.0] [cxt 0] Egress port is 1
[14:37:05.149] [bmv2] [D] [thread 13125] [37.0] [cxt 0] Pipeline 'egress': start
[14:37:05.149] [bmv2] [D] [thread 13125] [37.0] [cxt 0] Pipeline 'egress': end
[14:37:05.149] [bmv2] [D] [thread 13125] [37.0] [cxt 0] Deparser 'deparser': start
[14:37:05.149] [bmv2] [D] [thread 13125] [37.0] [cxt 0] Updating checksum 'cksum'
[14:37:05.149] [bmv2] [D] [thread 13125] [37.0] [cxt 0] Deparsing header 'ethernet'
[14:37:05.149] [bmv2] [D] [thread 13125] [37.0] [cxt 0] Deparsing header 'ipv4'
[14:37:05.149] [bmv2] [D] [thread 13125] [37.0] [cxt 0] Deparser 'deparser': end
[14:37:05.149] [bmv2] [D] [thread 13128] [37.0] [cxt 0] Transmitting packet of size 98 out of port 1
[14:37:05.149] [bmv2] [D] [thread 13123] [38.0] [cxt 0] Processing packet received on port 1
[14:37:05.149] [bmv2] [D] [thread 13123] [38.0] [cxt 0] Parser 'parser': start
[14:37:05.149] [bmv2] [D] [thread 13123] [38.0] [cxt 0] Parser 'parser' entering state 'start'
[14:37:05.149] [bmv2] [D] [thread 13123] [38.0] [cxt 0] Extracting header 'ethernet'
[14:37:05.149] [bmv2] [D] [thread 13123] [38.0] [cxt 0] Parser state 'start': key is 0800
[14:37:05.149] [bmv2] [T] [thread 13123] [38.0] [cxt 0] Bytes parsed: 14
[14:37:05.149] [bmv2] [D] [thread 13123] [38.0] [cxt 0] Parser 'parser' entering state 'parse_ipv4'
[14:37:05.149] [bmv2] [D] [thread 13123] [38.0] [cxt 0] Extracting header 'ipv4'
[14:37:05.149] [bmv2] [D] [thread 13123] [38.0] [cxt 0] Parser state 'parse_ipv4' has no switch, going to default next state
[14:37:05.149] [bmv2] [T] [thread 13123] [38.0] [cxt 0] Bytes parsed: 34
[14:37:05.149] [bmv2] [D] [thread 13123] [38.0] [cxt 0] Parser 'parser': end
[14:37:05.149] [bmv2] [D] [thread 13123] [38.0] [cxt 0] Pipeline 'ingress': start
[14:37:05.149] [bmv2] [T] [thread 13123] [38.0] [cxt 0] ../build_dependencies/net_cache.p4(114) Condition "hdr.ipv4.isValid()" (node_2) is true
[14:37:05.149] [bmv2] [T] [thread 13123] [38.0] [cxt 0] ../build_dependencies/net_cache.p4(115) Condition "hdr.ipv4.flags == 3" (node_3) is false
[14:37:05.149] [bmv2] [T] [thread 13123] [38.0] [cxt 0] Applying table 'MyIngress.ipv4_lpm'
[14:37:05.149] [bmv2] [D] [thread 13123] [38.0] [cxt 0] Looking up key:
* hdr.ipv4.dstAddr    : 0a000303

[14:37:05.149] [bmv2] [D] [thread 13123] [38.0] [cxt 0] Table 'MyIngress.ipv4_lpm': hit with handle 2
[14:37:05.149] [bmv2] [D] [thread 13123] [38.0] [cxt 0] Dumping entry 2
Match key:
* hdr.ipv4.dstAddr    : LPM       0a000303/32
Action entry: MyIngress.ipv4_forward - 80000000300,3,

[14:37:05.149] [bmv2] [D] [thread 13123] [38.0] [cxt 0] Action entry is MyIngress.ipv4_forward - 80000000300,3,
[14:37:05.149] [bmv2] [T] [thread 13123] [38.0] [cxt 0] Action MyIngress.ipv4_forward
[14:37:05.149] [bmv2] [T] [thread 13123] [38.0] [cxt 0] ../build_dependencies/net_cache.p4(94) Primitive standard_metadata.egress_spec = port
[14:37:05.149] [bmv2] [T] [thread 13123] [38.0] [cxt 0] ../build_dependencies/net_cache.p4(95) Primitive hdr.ethernet.srcAddr = hdr.ethernet.dstAddr
[14:37:05.149] [bmv2] [T] [thread 13123] [38.0] [cxt 0] ../build_dependencies/net_cache.p4(96) Primitive hdr.ethernet.dstAddr = dstAddr
[14:37:05.149] [bmv2] [T] [thread 13123] [38.0] [cxt 0] ../build_dependencies/net_cache.p4(97) Primitive hdr.ipv4.ttl = hdr.ipv4.ttl - 1
[14:37:05.149] [bmv2] [D] [thread 13123] [38.0] [cxt 0] Pipeline 'ingress': end
[14:37:05.149] [bmv2] [D] [thread 13123] [38.0] [cxt 0] Egress port is 3
[14:37:05.149] [bmv2] [D] [thread 13127] [38.0] [cxt 0] Pipeline 'egress': start
[14:37:05.149] [bmv2] [D] [thread 13127] [38.0] [cxt 0] Pipeline 'egress': end
[14:37:05.149] [bmv2] [D] [thread 13127] [38.0] [cxt 0] Deparser 'deparser': start
[14:37:05.149] [bmv2] [D] [thread 13127] [38.0] [cxt 0] Updating checksum 'cksum'
[14:37:05.149] [bmv2] [D] [thread 13127] [38.0] [cxt 0] Deparsing header 'ethernet'
[14:37:05.149] [bmv2] [D] [thread 13127] [38.0] [cxt 0] Deparsing header 'ipv4'
[14:37:05.149] [bmv2] [D] [thread 13127] [38.0] [cxt 0] Deparser 'deparser': end
[14:37:05.149] [bmv2] [D] [thread 13128] [38.0] [cxt 0] Transmitting packet of size 98 out of port 3
