Calling target program-options parser
[08:01:48.203] [bmv2] [D] [thread 20705] Set default default entry for table 'tbl_drop': MyIngress.drop - 
[08:01:48.203] [bmv2] [D] [thread 20705] Set default default entry for table 'MyIngress.ipv4_lpm': MyIngress.drop - 
Adding interface s3-eth1 as port 1
[08:01:48.203] [bmv2] [D] [thread 20705] Adding interface s3-eth1 as port 1
Adding interface s3-eth2 as port 2
[08:01:48.223] [bmv2] [D] [thread 20705] Adding interface s3-eth2 as port 2
Adding interface s3-eth3 as port 3
[08:01:48.247] [bmv2] [D] [thread 20705] Adding interface s3-eth3 as port 3
I0502 08:01:48.271568742   20705 server_builder.cc:247]      Synchronous server. Num CQs: 1, Min pollers: 1, Max Pollers: 2147483647, CQ timeout (msec): 1000
Server listening on 0.0.0.0:50053
[08:01:48.273] [bmv2] [I] [thread 20705] Starting Thrift server on port 9092
[08:01:48.273] [bmv2] [I] [thread 20705] Thrift server was started
[08:01:48.386] [bmv2] [D] [thread 20712] [0.0] [cxt 0] Processing packet received on port 3
[08:01:48.386] [bmv2] [D] [thread 20712] [0.0] [cxt 0] Parser 'parser': start
[08:01:48.386] [bmv2] [D] [thread 20712] [0.0] [cxt 0] Parser 'parser' entering state 'start'
[08:01:48.386] [bmv2] [D] [thread 20712] [0.0] [cxt 0] Extracting header 'ethernet'
[08:01:48.386] [bmv2] [D] [thread 20712] [0.0] [cxt 0] Parser state 'start': key is 86dd
[08:01:48.386] [bmv2] [T] [thread 20712] [0.0] [cxt 0] Bytes parsed: 14
[08:01:48.386] [bmv2] [D] [thread 20712] [0.0] [cxt 0] Parser 'parser': end
[08:01:48.386] [bmv2] [D] [thread 20712] [0.0] [cxt 0] Pipeline 'ingress': start
[08:01:48.386] [bmv2] [T] [thread 20712] [0.0] [cxt 0] ../build_dependencies/net_cache.p4(114) Condition "hdr.ipv4.isValid()" (node_2) is false
[08:01:48.386] [bmv2] [D] [thread 20712] [0.0] [cxt 0] Pipeline 'ingress': end
[08:01:48.386] [bmv2] [D] [thread 20712] [0.0] [cxt 0] Egress port is 0
[08:01:48.386] [bmv2] [D] [thread 20712] [1.0] [cxt 0] Processing packet received on port 3
[08:01:48.386] [bmv2] [D] [thread 20712] [1.0] [cxt 0] Parser 'parser': start
[08:01:48.386] [bmv2] [D] [thread 20712] [1.0] [cxt 0] Parser 'parser' entering state 'start'
[08:01:48.386] [bmv2] [D] [thread 20712] [1.0] [cxt 0] Extracting header 'ethernet'
[08:01:48.386] [bmv2] [D] [thread 20712] [1.0] [cxt 0] Parser state 'start': key is 86dd
[08:01:48.386] [bmv2] [T] [thread 20712] [1.0] [cxt 0] Bytes parsed: 14
[08:01:48.386] [bmv2] [D] [thread 20712] [1.0] [cxt 0] Parser 'parser': end
[08:01:48.386] [bmv2] [D] [thread 20712] [1.0] [cxt 0] Pipeline 'ingress': start
[08:01:48.386] [bmv2] [T] [thread 20712] [1.0] [cxt 0] ../build_dependencies/net_cache.p4(114) Condition "hdr.ipv4.isValid()" (node_2) is false
[08:01:48.386] [bmv2] [D] [thread 20712] [1.0] [cxt 0] Pipeline 'ingress': end
[08:01:48.386] [bmv2] [D] [thread 20712] [1.0] [cxt 0] Egress port is 0
[08:01:48.386] [bmv2] [D] [thread 20713] [0.0] [cxt 0] Pipeline 'egress': start
[08:01:48.386] [bmv2] [D] [thread 20713] [0.0] [cxt 0] Pipeline 'egress': end
[08:01:48.386] [bmv2] [D] [thread 20713] [0.0] [cxt 0] Deparser 'deparser': start
[08:01:48.386] [bmv2] [T] [thread 20713] [0.0] [cxt 0] Skipping checksum 'cksum' update because condition not met
[08:01:48.386] [bmv2] [D] [thread 20713] [0.0] [cxt 0] Deparsing header 'ethernet'
[08:01:48.386] [bmv2] [D] [thread 20713] [0.0] [cxt 0] Deparser 'deparser': end
[08:01:48.387] [bmv2] [D] [thread 20713] [1.0] [cxt 0] Pipeline 'egress': start
[08:01:48.387] [bmv2] [D] [thread 20713] [1.0] [cxt 0] Pipeline 'egress': end
[08:01:48.387] [bmv2] [D] [thread 20713] [1.0] [cxt 0] Deparser 'deparser': start
[08:01:48.387] [bmv2] [T] [thread 20713] [1.0] [cxt 0] Skipping checksum 'cksum' update because condition not met
[08:01:48.387] [bmv2] [D] [thread 20713] [1.0] [cxt 0] Deparsing header 'ethernet'
[08:01:48.387] [bmv2] [D] [thread 20713] [1.0] [cxt 0] Deparser 'deparser': end
[08:01:48.387] [bmv2] [D] [thread 20717] [0.0] [cxt 0] Transmitting packet of size 90 out of port 0
[08:01:48.387] [bmv2] [D] [thread 20717] [1.0] [cxt 0] Transmitting packet of size 70 out of port 0
[08:01:48.456] [bmv2] [D] [thread 20712] [2.0] [cxt 0] Processing packet received on port 1
[08:01:48.456] [bmv2] [D] [thread 20712] [2.0] [cxt 0] Parser 'parser': start
[08:01:48.456] [bmv2] [D] [thread 20712] [2.0] [cxt 0] Parser 'parser' entering state 'start'
[08:01:48.456] [bmv2] [D] [thread 20712] [2.0] [cxt 0] Extracting header 'ethernet'
[08:01:48.456] [bmv2] [D] [thread 20712] [2.0] [cxt 0] Parser state 'start': key is 86dd
[08:01:48.456] [bmv2] [T] [thread 20712] [2.0] [cxt 0] Bytes parsed: 14
[08:01:48.456] [bmv2] [D] [thread 20712] [2.0] [cxt 0] Parser 'parser': end
[08:01:48.456] [bmv2] [D] [thread 20712] [2.0] [cxt 0] Pipeline 'ingress': start
[08:01:48.456] [bmv2] [T] [thread 20712] [2.0] [cxt 0] ../build_dependencies/net_cache.p4(114) Condition "hdr.ipv4.isValid()" (node_2) is false
[08:01:48.456] [bmv2] [D] [thread 20712] [2.0] [cxt 0] Pipeline 'ingress': end
[08:01:48.456] [bmv2] [D] [thread 20712] [2.0] [cxt 0] Egress port is 0
[08:01:48.457] [bmv2] [D] [thread 20712] [3.0] [cxt 0] Processing packet received on port 1
[08:01:48.457] [bmv2] [D] [thread 20712] [3.0] [cxt 0] Parser 'parser': start
[08:01:48.457] [bmv2] [D] [thread 20712] [3.0] [cxt 0] Parser 'parser' entering state 'start'
[08:01:48.457] [bmv2] [D] [thread 20712] [3.0] [cxt 0] Extracting header 'ethernet'
[08:01:48.457] [bmv2] [D] [thread 20712] [3.0] [cxt 0] Parser state 'start': key is 86dd
[08:01:48.457] [bmv2] [T] [thread 20712] [3.0] [cxt 0] Bytes parsed: 14
[08:01:48.457] [bmv2] [D] [thread 20712] [3.0] [cxt 0] Parser 'parser': end
[08:01:48.457] [bmv2] [D] [thread 20712] [3.0] [cxt 0] Pipeline 'ingress': start
[08:01:48.457] [bmv2] [T] [thread 20712] [3.0] [cxt 0] ../build_dependencies/net_cache.p4(114) Condition "hdr.ipv4.isValid()" (node_2) is false
[08:01:48.457] [bmv2] [D] [thread 20712] [3.0] [cxt 0] Pipeline 'ingress': end
[08:01:48.457] [bmv2] [D] [thread 20713] [2.0] [cxt 0] Pipeline 'egress': start
[08:01:48.457] [bmv2] [D] [thread 20713] [2.0] [cxt 0] Pipeline 'egress': end
[08:01:48.457] [bmv2] [D] [thread 20713] [2.0] [cxt 0] Deparser 'deparser': start
[08:01:48.457] [bmv2] [T] [thread 20713] [2.0] [cxt 0] Skipping checksum 'cksum' update because condition not met
[08:01:48.457] [bmv2] [D] [thread 20713] [2.0] [cxt 0] Deparsing header 'ethernet'
[08:01:48.457] [bmv2] [D] [thread 20713] [2.0] [cxt 0] Deparser 'deparser': end
[08:01:48.457] [bmv2] [D] [thread 20717] [2.0] [cxt 0] Transmitting packet of size 90 out of port 0
[08:01:48.457] [bmv2] [D] [thread 20712] [3.0] [cxt 0] Egress port is 0
[08:01:48.458] [bmv2] [D] [thread 20713] [3.0] [cxt 0] Pipeline 'egress': start
[08:01:48.458] [bmv2] [D] [thread 20713] [3.0] [cxt 0] Pipeline 'egress': end
[08:01:48.458] [bmv2] [D] [thread 20713] [3.0] [cxt 0] Deparser 'deparser': start
[08:01:48.458] [bmv2] [T] [thread 20713] [3.0] [cxt 0] Skipping checksum 'cksum' update because condition not met
[08:01:48.458] [bmv2] [D] [thread 20713] [3.0] [cxt 0] Deparsing header 'ethernet'
[08:01:48.458] [bmv2] [D] [thread 20713] [3.0] [cxt 0] Deparser 'deparser': end
[08:01:48.458] [bmv2] [D] [thread 20717] [3.0] [cxt 0] Transmitting packet of size 70 out of port 0
[08:01:48.609] [bmv2] [D] [thread 20712] [4.0] [cxt 0] Processing packet received on port 3
[08:01:48.609] [bmv2] [D] [thread 20712] [4.0] [cxt 0] Parser 'parser': start
[08:01:48.609] [bmv2] [D] [thread 20712] [4.0] [cxt 0] Parser 'parser' entering state 'start'
[08:01:48.609] [bmv2] [D] [thread 20712] [4.0] [cxt 0] Extracting header 'ethernet'
[08:01:48.609] [bmv2] [D] [thread 20712] [4.0] [cxt 0] Parser state 'start': key is 86dd
[08:01:48.609] [bmv2] [T] [thread 20712] [4.0] [cxt 0] Bytes parsed: 14
[08:01:48.609] [bmv2] [D] [thread 20712] [4.0] [cxt 0] Parser 'parser': end
[08:01:48.609] [bmv2] [D] [thread 20712] [4.0] [cxt 0] Pipeline 'ingress': start
[08:01:48.609] [bmv2] [T] [thread 20712] [4.0] [cxt 0] ../build_dependencies/net_cache.p4(114) Condition "hdr.ipv4.isValid()" (node_2) is false
[08:01:48.609] [bmv2] [D] [thread 20712] [4.0] [cxt 0] Pipeline 'ingress': end
[08:01:48.609] [bmv2] [D] [thread 20712] [4.0] [cxt 0] Egress port is 0
[08:01:48.609] [bmv2] [D] [thread 20713] [4.0] [cxt 0] Pipeline 'egress': start
[08:01:48.609] [bmv2] [D] [thread 20713] [4.0] [cxt 0] Pipeline 'egress': end
[08:01:48.609] [bmv2] [D] [thread 20713] [4.0] [cxt 0] Deparser 'deparser': start
[08:01:48.609] [bmv2] [T] [thread 20713] [4.0] [cxt 0] Skipping checksum 'cksum' update because condition not met
[08:01:48.609] [bmv2] [D] [thread 20713] [4.0] [cxt 0] Deparsing header 'ethernet'
[08:01:48.609] [bmv2] [D] [thread 20713] [4.0] [cxt 0] Deparser 'deparser': end
[08:01:48.609] [bmv2] [D] [thread 20717] [4.0] [cxt 0] Transmitting packet of size 90 out of port 0
[08:01:48.689] [bmv2] [D] [thread 20712] [5.0] [cxt 0] Processing packet received on port 2
[08:01:48.689] [bmv2] [D] [thread 20712] [5.0] [cxt 0] Parser 'parser': start
[08:01:48.689] [bmv2] [D] [thread 20712] [5.0] [cxt 0] Parser 'parser' entering state 'start'
[08:01:48.689] [bmv2] [D] [thread 20712] [5.0] [cxt 0] Extracting header 'ethernet'
[08:01:48.689] [bmv2] [D] [thread 20712] [5.0] [cxt 0] Parser state 'start': key is 86dd
[08:01:48.689] [bmv2] [T] [thread 20712] [5.0] [cxt 0] Bytes parsed: 14
[08:01:48.689] [bmv2] [D] [thread 20712] [5.0] [cxt 0] Parser 'parser': end
[08:01:48.689] [bmv2] [D] [thread 20712] [5.0] [cxt 0] Pipeline 'ingress': start
[08:01:48.689] [bmv2] [T] [thread 20712] [5.0] [cxt 0] ../build_dependencies/net_cache.p4(114) Condition "hdr.ipv4.isValid()" (node_2) is false
[08:01:48.689] [bmv2] [D] [thread 20712] [5.0] [cxt 0] Pipeline 'ingress': end
[08:01:48.689] [bmv2] [D] [thread 20712] [5.0] [cxt 0] Egress port is 0
[08:01:48.689] [bmv2] [D] [thread 20712] [6.0] [cxt 0] Processing packet received on port 2
[08:01:48.689] [bmv2] [D] [thread 20712] [6.0] [cxt 0] Parser 'parser': start
[08:01:48.689] [bmv2] [D] [thread 20712] [6.0] [cxt 0] Parser 'parser' entering state 'start'
[08:01:48.689] [bmv2] [D] [thread 20712] [6.0] [cxt 0] Extracting header 'ethernet'
[08:01:48.689] [bmv2] [D] [thread 20712] [6.0] [cxt 0] Parser state 'start': key is 86dd
[08:01:48.689] [bmv2] [T] [thread 20712] [6.0] [cxt 0] Bytes parsed: 14
[08:01:48.689] [bmv2] [D] [thread 20712] [6.0] [cxt 0] Parser 'parser': end
[08:01:48.689] [bmv2] [D] [thread 20712] [6.0] [cxt 0] Pipeline 'ingress': start
[08:01:48.689] [bmv2] [T] [thread 20712] [6.0] [cxt 0] ../build_dependencies/net_cache.p4(114) Condition "hdr.ipv4.isValid()" (node_2) is false
[08:01:48.689] [bmv2] [D] [thread 20712] [6.0] [cxt 0] Pipeline 'ingress': end
[08:01:48.689] [bmv2] [D] [thread 20712] [6.0] [cxt 0] Egress port is 0
[08:01:48.689] [bmv2] [D] [thread 20713] [5.0] [cxt 0] Pipeline 'egress': start
[08:01:48.689] [bmv2] [D] [thread 20713] [5.0] [cxt 0] Pipeline 'egress': end
[08:01:48.689] [bmv2] [D] [thread 20713] [5.0] [cxt 0] Deparser 'deparser': start
[08:01:48.689] [bmv2] [T] [thread 20713] [5.0] [cxt 0] Skipping checksum 'cksum' update because condition not met
[08:01:48.689] [bmv2] [D] [thread 20713] [5.0] [cxt 0] Deparsing header 'ethernet'
[08:01:48.689] [bmv2] [D] [thread 20713] [5.0] [cxt 0] Deparser 'deparser': end
[08:01:48.689] [bmv2] [D] [thread 20713] [6.0] [cxt 0] Pipeline 'egress': start
[08:01:48.689] [bmv2] [D] [thread 20713] [6.0] [cxt 0] Pipeline 'egress': end
[08:01:48.689] [bmv2] [D] [thread 20713] [6.0] [cxt 0] Deparser 'deparser': start
[08:01:48.689] [bmv2] [T] [thread 20713] [6.0] [cxt 0] Skipping checksum 'cksum' update because condition not met
[08:01:48.689] [bmv2] [D] [thread 20713] [6.0] [cxt 0] Deparsing header 'ethernet'
[08:01:48.689] [bmv2] [D] [thread 20713] [6.0] [cxt 0] Deparser 'deparser': end
[08:01:48.689] [bmv2] [D] [thread 20717] [5.0] [cxt 0] Transmitting packet of size 90 out of port 0
[08:01:48.689] [bmv2] [D] [thread 20717] [6.0] [cxt 0] Transmitting packet of size 70 out of port 0
[08:01:48.711] [bmv2] [D] [thread 20712] [7.0] [cxt 0] Processing packet received on port 3
[08:01:48.711] [bmv2] [D] [thread 20712] [7.0] [cxt 0] Parser 'parser': start
[08:01:48.711] [bmv2] [D] [thread 20712] [7.0] [cxt 0] Parser 'parser' entering state 'start'
[08:01:48.711] [bmv2] [D] [thread 20712] [7.0] [cxt 0] Extracting header 'ethernet'
[08:01:48.711] [bmv2] [D] [thread 20712] [7.0] [cxt 0] Parser state 'start': key is 86dd
[08:01:48.711] [bmv2] [T] [thread 20712] [7.0] [cxt 0] Bytes parsed: 14
[08:01:48.711] [bmv2] [D] [thread 20712] [7.0] [cxt 0] Parser 'parser': end
[08:01:48.711] [bmv2] [D] [thread 20712] [7.0] [cxt 0] Pipeline 'ingress': start
[08:01:48.711] [bmv2] [T] [thread 20712] [7.0] [cxt 0] ../build_dependencies/net_cache.p4(114) Condition "hdr.ipv4.isValid()" (node_2) is false
[08:01:48.711] [bmv2] [D] [thread 20712] [7.0] [cxt 0] Pipeline 'ingress': end
[08:01:48.711] [bmv2] [D] [thread 20712] [7.0] [cxt 0] Egress port is 0
[08:01:48.711] [bmv2] [D] [thread 20712] [8.0] [cxt 0] Processing packet received on port 3
[08:01:48.711] [bmv2] [D] [thread 20712] [8.0] [cxt 0] Parser 'parser': start
[08:01:48.711] [bmv2] [D] [thread 20712] [8.0] [cxt 0] Parser 'parser' entering state 'start'
[08:01:48.711] [bmv2] [D] [thread 20712] [8.0] [cxt 0] Extracting header 'ethernet'
[08:01:48.711] [bmv2] [D] [thread 20712] [8.0] [cxt 0] Parser state 'start': key is 86dd
[08:01:48.711] [bmv2] [T] [thread 20712] [8.0] [cxt 0] Bytes parsed: 14
[08:01:48.711] [bmv2] [D] [thread 20712] [8.0] [cxt 0] Parser 'parser': end
[08:01:48.711] [bmv2] [D] [thread 20712] [8.0] [cxt 0] Pipeline 'ingress': start
[08:01:48.711] [bmv2] [T] [thread 20712] [8.0] [cxt 0] ../build_dependencies/net_cache.p4(114) Condition "hdr.ipv4.isValid()" (node_2) is false
[08:01:48.711] [bmv2] [D] [thread 20712] [8.0] [cxt 0] Pipeline 'ingress': end
[08:01:48.711] [bmv2] [D] [thread 20712] [8.0] [cxt 0] Egress port is 0
[08:01:48.711] [bmv2] [D] [thread 20713] [7.0] [cxt 0] Pipeline 'egress': start
[08:01:48.711] [bmv2] [D] [thread 20713] [7.0] [cxt 0] Pipeline 'egress': end
[08:01:48.711] [bmv2] [D] [thread 20713] [7.0] [cxt 0] Deparser 'deparser': start
[08:01:48.711] [bmv2] [T] [thread 20713] [7.0] [cxt 0] Skipping checksum 'cksum' update because condition not met
[08:01:48.711] [bmv2] [D] [thread 20713] [7.0] [cxt 0] Deparsing header 'ethernet'
[08:01:48.711] [bmv2] [D] [thread 20713] [7.0] [cxt 0] Deparser 'deparser': end
[08:01:48.711] [bmv2] [D] [thread 20713] [8.0] [cxt 0] Pipeline 'egress': start
[08:01:48.711] [bmv2] [D] [thread 20713] [8.0] [cxt 0] Pipeline 'egress': end
[08:01:48.711] [bmv2] [D] [thread 20713] [8.0] [cxt 0] Deparser 'deparser': start
[08:01:48.711] [bmv2] [T] [thread 20713] [8.0] [cxt 0] Skipping checksum 'cksum' update because condition not met
[08:01:48.711] [bmv2] [D] [thread 20713] [8.0] [cxt 0] Deparsing header 'ethernet'
[08:01:48.711] [bmv2] [D] [thread 20713] [8.0] [cxt 0] Deparser 'deparser': end
[08:01:48.711] [bmv2] [D] [thread 20717] [7.0] [cxt 0] Transmitting packet of size 90 out of port 0
[08:01:48.711] [bmv2] [D] [thread 20717] [8.0] [cxt 0] Transmitting packet of size 70 out of port 0
[08:01:48.808] [bmv2] [D] [thread 20712] [9.0] [cxt 0] Processing packet received on port 2
[08:01:48.808] [bmv2] [D] [thread 20712] [9.0] [cxt 0] Parser 'parser': start
[08:01:48.808] [bmv2] [D] [thread 20712] [9.0] [cxt 0] Parser 'parser' entering state 'start'
[08:01:48.809] [bmv2] [D] [thread 20712] [9.0] [cxt 0] Extracting header 'ethernet'
[08:01:48.809] [bmv2] [D] [thread 20712] [9.0] [cxt 0] Parser state 'start': key is 86dd
[08:01:48.809] [bmv2] [T] [thread 20712] [9.0] [cxt 0] Bytes parsed: 14
[08:01:48.809] [bmv2] [D] [thread 20712] [9.0] [cxt 0] Parser 'parser': end
[08:01:48.809] [bmv2] [D] [thread 20712] [9.0] [cxt 0] Pipeline 'ingress': start
[08:01:48.809] [bmv2] [T] [thread 20712] [9.0] [cxt 0] ../build_dependencies/net_cache.p4(114) Condition "hdr.ipv4.isValid()" (node_2) is false
[08:01:48.809] [bmv2] [D] [thread 20712] [9.0] [cxt 0] Pipeline 'ingress': end
[08:01:48.809] [bmv2] [D] [thread 20712] [9.0] [cxt 0] Egress port is 0
[08:01:48.809] [bmv2] [D] [thread 20712] [10.0] [cxt 0] Processing packet received on port 2
[08:01:48.809] [bmv2] [D] [thread 20712] [10.0] [cxt 0] Parser 'parser': start
[08:01:48.809] [bmv2] [D] [thread 20712] [10.0] [cxt 0] Parser 'parser' entering state 'start'
[08:01:48.809] [bmv2] [D] [thread 20712] [10.0] [cxt 0] Extracting header 'ethernet'
[08:01:48.809] [bmv2] [D] [thread 20712] [10.0] [cxt 0] Parser state 'start': key is 86dd
[08:01:48.809] [bmv2] [T] [thread 20712] [10.0] [cxt 0] Bytes parsed: 14
[08:01:48.809] [bmv2] [D] [thread 20712] [10.0] [cxt 0] Parser 'parser': end
[08:01:48.809] [bmv2] [D] [thread 20712] [10.0] [cxt 0] Pipeline 'ingress': start
[08:01:48.809] [bmv2] [T] [thread 20712] [10.0] [cxt 0] ../build_dependencies/net_cache.p4(114) Condition "hdr.ipv4.isValid()" (node_2) is false
[08:01:48.809] [bmv2] [D] [thread 20712] [10.0] [cxt 0] Pipeline 'ingress': end
[08:01:48.809] [bmv2] [D] [thread 20712] [10.0] [cxt 0] Egress port is 0
[08:01:48.809] [bmv2] [D] [thread 20713] [9.0] [cxt 0] Pipeline 'egress': start
[08:01:48.809] [bmv2] [D] [thread 20713] [9.0] [cxt 0] Pipeline 'egress': end
[08:01:48.809] [bmv2] [D] [thread 20713] [9.0] [cxt 0] Deparser 'deparser': start
[08:01:48.809] [bmv2] [T] [thread 20713] [9.0] [cxt 0] Skipping checksum 'cksum' update because condition not met
[08:01:48.809] [bmv2] [D] [thread 20713] [9.0] [cxt 0] Deparsing header 'ethernet'
[08:01:48.809] [bmv2] [D] [thread 20713] [9.0] [cxt 0] Deparser 'deparser': end
[08:01:48.809] [bmv2] [D] [thread 20713] [10.0] [cxt 0] Pipeline 'egress': start
[08:01:48.809] [bmv2] [D] [thread 20713] [10.0] [cxt 0] Pipeline 'egress': end
[08:01:48.809] [bmv2] [D] [thread 20713] [10.0] [cxt 0] Deparser 'deparser': start
[08:01:48.809] [bmv2] [T] [thread 20713] [10.0] [cxt 0] Skipping checksum 'cksum' update because condition not met
[08:01:48.809] [bmv2] [D] [thread 20713] [10.0] [cxt 0] Deparsing header 'ethernet'
[08:01:48.809] [bmv2] [D] [thread 20713] [10.0] [cxt 0] Deparser 'deparser': end
[08:01:48.809] [bmv2] [D] [thread 20717] [9.0] [cxt 0] Transmitting packet of size 90 out of port 0
[08:01:48.809] [bmv2] [D] [thread 20717] [10.0] [cxt 0] Transmitting packet of size 70 out of port 0
[08:01:49.147] [bmv2] [D] [thread 20712] [11.0] [cxt 0] Processing packet received on port 3
[08:01:49.147] [bmv2] [D] [thread 20712] [11.0] [cxt 0] Parser 'parser': start
[08:01:49.147] [bmv2] [D] [thread 20712] [11.0] [cxt 0] Parser 'parser' entering state 'start'
[08:01:49.147] [bmv2] [D] [thread 20712] [11.0] [cxt 0] Extracting header 'ethernet'
[08:01:49.148] [bmv2] [D] [thread 20712] [11.0] [cxt 0] Parser state 'start': key is 86dd
[08:01:49.148] [bmv2] [T] [thread 20712] [11.0] [cxt 0] Bytes parsed: 14
[08:01:49.148] [bmv2] [D] [thread 20712] [11.0] [cxt 0] Parser 'parser': end
[08:01:49.148] [bmv2] [D] [thread 20712] [11.0] [cxt 0] Pipeline 'ingress': start
[08:01:49.148] [bmv2] [T] [thread 20712] [11.0] [cxt 0] ../build_dependencies/net_cache.p4(114) Condition "hdr.ipv4.isValid()" (node_2) is false
[08:01:49.148] [bmv2] [D] [thread 20712] [11.0] [cxt 0] Pipeline 'ingress': end
[08:01:49.148] [bmv2] [D] [thread 20712] [11.0] [cxt 0] Egress port is 0
[08:01:49.148] [bmv2] [D] [thread 20713] [11.0] [cxt 0] Pipeline 'egress': start
[08:01:49.148] [bmv2] [D] [thread 20713] [11.0] [cxt 0] Pipeline 'egress': end
[08:01:49.148] [bmv2] [D] [thread 20713] [11.0] [cxt 0] Deparser 'deparser': start
[08:01:49.148] [bmv2] [T] [thread 20713] [11.0] [cxt 0] Skipping checksum 'cksum' update because condition not met
[08:01:49.148] [bmv2] [D] [thread 20713] [11.0] [cxt 0] Deparsing header 'ethernet'
[08:01:49.148] [bmv2] [D] [thread 20713] [11.0] [cxt 0] Deparser 'deparser': end
[08:01:49.148] [bmv2] [D] [thread 20717] [11.0] [cxt 0] Transmitting packet of size 90 out of port 0
[08:01:49.211] [bmv2] [D] [thread 20712] [12.0] [cxt 0] Processing packet received on port 1
[08:01:49.211] [bmv2] [D] [thread 20712] [12.0] [cxt 0] Parser 'parser': start
[08:01:49.211] [bmv2] [D] [thread 20712] [12.0] [cxt 0] Parser 'parser' entering state 'start'
[08:01:49.211] [bmv2] [D] [thread 20712] [12.0] [cxt 0] Extracting header 'ethernet'
[08:01:49.211] [bmv2] [D] [thread 20712] [12.0] [cxt 0] Parser state 'start': key is 86dd
[08:01:49.211] [bmv2] [T] [thread 20712] [12.0] [cxt 0] Bytes parsed: 14
[08:01:49.211] [bmv2] [D] [thread 20712] [12.0] [cxt 0] Parser 'parser': end
[08:01:49.211] [bmv2] [D] [thread 20712] [12.0] [cxt 0] Pipeline 'ingress': start
[08:01:49.211] [bmv2] [T] [thread 20712] [12.0] [cxt 0] ../build_dependencies/net_cache.p4(114) Condition "hdr.ipv4.isValid()" (node_2) is false
[08:01:49.211] [bmv2] [D] [thread 20712] [12.0] [cxt 0] Pipeline 'ingress': end
[08:01:49.211] [bmv2] [D] [thread 20712] [12.0] [cxt 0] Egress port is 0
[08:01:49.211] [bmv2] [D] [thread 20713] [12.0] [cxt 0] Pipeline 'egress': start
[08:01:49.211] [bmv2] [D] [thread 20713] [12.0] [cxt 0] Pipeline 'egress': end
[08:01:49.211] [bmv2] [D] [thread 20713] [12.0] [cxt 0] Deparser 'deparser': start
[08:01:49.211] [bmv2] [T] [thread 20713] [12.0] [cxt 0] Skipping checksum 'cksum' update because condition not met
[08:01:49.211] [bmv2] [D] [thread 20713] [12.0] [cxt 0] Deparsing header 'ethernet'
[08:01:49.211] [bmv2] [D] [thread 20713] [12.0] [cxt 0] Deparser 'deparser': end
[08:01:49.211] [bmv2] [D] [thread 20717] [12.0] [cxt 0] Transmitting packet of size 90 out of port 0
[08:01:49.516] [bmv2] [D] [thread 20712] [13.0] [cxt 0] Processing packet received on port 2
[08:01:49.516] [bmv2] [D] [thread 20712] [13.0] [cxt 0] Parser 'parser': start
[08:01:49.516] [bmv2] [D] [thread 20712] [13.0] [cxt 0] Parser 'parser' entering state 'start'
[08:01:49.516] [bmv2] [D] [thread 20712] [13.0] [cxt 0] Extracting header 'ethernet'
[08:01:49.516] [bmv2] [D] [thread 20712] [13.0] [cxt 0] Parser state 'start': key is 86dd
[08:01:49.516] [bmv2] [T] [thread 20712] [13.0] [cxt 0] Bytes parsed: 14
[08:01:49.516] [bmv2] [D] [thread 20712] [13.0] [cxt 0] Parser 'parser': end
[08:01:49.516] [bmv2] [D] [thread 20712] [13.0] [cxt 0] Pipeline 'ingress': start
[08:01:49.516] [bmv2] [T] [thread 20712] [13.0] [cxt 0] ../build_dependencies/net_cache.p4(114) Condition "hdr.ipv4.isValid()" (node_2) is false
[08:01:49.516] [bmv2] [D] [thread 20712] [13.0] [cxt 0] Pipeline 'ingress': end
[08:01:49.516] [bmv2] [D] [thread 20712] [13.0] [cxt 0] Egress port is 0
[08:01:49.517] [bmv2] [D] [thread 20713] [13.0] [cxt 0] Pipeline 'egress': start
[08:01:49.517] [bmv2] [D] [thread 20713] [13.0] [cxt 0] Pipeline 'egress': end
[08:01:49.517] [bmv2] [D] [thread 20713] [13.0] [cxt 0] Deparser 'deparser': start
[08:01:49.517] [bmv2] [T] [thread 20713] [13.0] [cxt 0] Skipping checksum 'cksum' update because condition not met
[08:01:49.517] [bmv2] [D] [thread 20713] [13.0] [cxt 0] Deparsing header 'ethernet'
[08:01:49.517] [bmv2] [D] [thread 20713] [13.0] [cxt 0] Deparser 'deparser': end
[08:01:49.517] [bmv2] [D] [thread 20717] [13.0] [cxt 0] Transmitting packet of size 90 out of port 0
[08:01:49.591] [bmv2] [D] [thread 20712] [14.0] [cxt 0] Processing packet received on port 2
[08:01:49.591] [bmv2] [D] [thread 20712] [14.0] [cxt 0] Parser 'parser': start
[08:01:49.591] [bmv2] [D] [thread 20712] [14.0] [cxt 0] Parser 'parser' entering state 'start'
[08:01:49.591] [bmv2] [D] [thread 20712] [14.0] [cxt 0] Extracting header 'ethernet'
[08:01:49.591] [bmv2] [D] [thread 20712] [14.0] [cxt 0] Parser state 'start': key is 86dd
[08:01:49.591] [bmv2] [T] [thread 20712] [14.0] [cxt 0] Bytes parsed: 14
[08:01:49.591] [bmv2] [D] [thread 20712] [14.0] [cxt 0] Parser 'parser': end
[08:01:49.591] [bmv2] [D] [thread 20712] [14.0] [cxt 0] Pipeline 'ingress': start
[08:01:49.591] [bmv2] [T] [thread 20712] [14.0] [cxt 0] ../build_dependencies/net_cache.p4(114) Condition "hdr.ipv4.isValid()" (node_2) is false
[08:01:49.591] [bmv2] [D] [thread 20712] [14.0] [cxt 0] Pipeline 'ingress': end
[08:01:49.591] [bmv2] [D] [thread 20712] [14.0] [cxt 0] Egress port is 0
[08:01:49.592] [bmv2] [D] [thread 20713] [14.0] [cxt 0] Pipeline 'egress': start
[08:01:49.592] [bmv2] [D] [thread 20713] [14.0] [cxt 0] Pipeline 'egress': end
[08:01:49.592] [bmv2] [D] [thread 20713] [14.0] [cxt 0] Deparser 'deparser': start
[08:01:49.592] [bmv2] [T] [thread 20713] [14.0] [cxt 0] Skipping checksum 'cksum' update because condition not met
[08:01:49.592] [bmv2] [D] [thread 20713] [14.0] [cxt 0] Deparsing header 'ethernet'
[08:01:49.592] [bmv2] [D] [thread 20713] [14.0] [cxt 0] Deparser 'deparser': end
[08:01:49.592] [bmv2] [D] [thread 20717] [14.0] [cxt 0] Transmitting packet of size 90 out of port 0
New connection
P4Runtime SetForwardingPipelineConfig
[08:01:49.736] [bmv2] [W] [thread 20732] [P4Runtime] p4::tmp::P4DeviceConfig is deprecated
[08:01:49.737] [bmv2] [D] [thread 20732] Set default default entry for table 'tbl_drop': MyIngress.drop - 
[08:01:49.737] [bmv2] [D] [thread 20732] Set default default entry for table 'MyIngress.ipv4_lpm': MyIngress.drop - 
P4Runtime Write
device_id: 2
election_id {
  low: 1
}
updates {
  type: INSERT
  entity {
    table_entry {
      table_id: 33574068
      match {
        field_id: 1
        lpm {
          value: "\n\000\001\001"
          prefix_len: 32
        }
      }
      action {
        action {
          action_id: 16799317
          params {
            param_id: 1
            value: "\010\000\000\000\001\000"
          }
          params {
            param_id: 2
            value: "\000\002"
          }
        }
      }
    }
  }
}
[08:01:49.742] [bmv2] [D] [thread 20732] Entry 0 added to table 'MyIngress.ipv4_lpm'
[08:01:49.742] [bmv2] [D] [thread 20732] Dumping entry 0
Match key:
* hdr.ipv4.dstAddr    : LPM       0a000101/32
Action entry: MyIngress.ipv4_forward - 80000000100,2,

P4Runtime Write
device_id: 2
election_id {
  low: 1
}
updates {
  type: INSERT
  entity {
    table_entry {
      table_id: 33574068
      match {
        field_id: 1
        lpm {
          value: "\n\000\002\002"
          prefix_len: 32
        }
      }
      action {
        action {
          action_id: 16799317
          params {
            param_id: 1
            value: "\010\000\000\000\002\000"
          }
          params {
            param_id: 2
            value: "\000\003"
          }
        }
      }
    }
  }
}
[08:01:49.743] [bmv2] [D] [thread 20732] Entry 1 added to table 'MyIngress.ipv4_lpm'
[08:01:49.743] [bmv2] [D] [thread 20732] Dumping entry 1
Match key:
* hdr.ipv4.dstAddr    : LPM       0a000202/32
Action entry: MyIngress.ipv4_forward - 80000000200,3,

P4Runtime Write
device_id: 2
election_id {
  low: 1
}
updates {
  type: INSERT
  entity {
    table_entry {
      table_id: 33574068
      match {
        field_id: 1
        lpm {
          value: "\n\000\003\003"
          prefix_len: 32
        }
      }
      action {
        action {
          action_id: 16799317
          params {
            param_id: 1
            value: "\010\000\000\000\0033"
          }
          params {
            param_id: 2
            value: "\000\001"
          }
        }
      }
    }
  }
}
[08:01:49.744] [bmv2] [D] [thread 20732] Entry 2 added to table 'MyIngress.ipv4_lpm'
[08:01:49.744] [bmv2] [D] [thread 20732] Dumping entry 2
Match key:
* hdr.ipv4.dstAddr    : LPM       0a000303/32
Action entry: MyIngress.ipv4_forward - 80000000333,1,

Connection removed
[08:01:52.398] [bmv2] [D] [thread 20712] [15.0] [cxt 0] Processing packet received on port 3
[08:01:52.398] [bmv2] [D] [thread 20712] [15.0] [cxt 0] Parser 'parser': start
[08:01:52.398] [bmv2] [D] [thread 20712] [15.0] [cxt 0] Parser 'parser' entering state 'start'
[08:01:52.398] [bmv2] [D] [thread 20712] [15.0] [cxt 0] Extracting header 'ethernet'
[08:01:52.398] [bmv2] [D] [thread 20712] [15.0] [cxt 0] Parser state 'start': key is 86dd
[08:01:52.398] [bmv2] [T] [thread 20712] [15.0] [cxt 0] Bytes parsed: 14
[08:01:52.398] [bmv2] [D] [thread 20712] [15.0] [cxt 0] Parser 'parser': end
[08:01:52.398] [bmv2] [D] [thread 20712] [15.0] [cxt 0] Pipeline 'ingress': start
[08:01:52.398] [bmv2] [T] [thread 20712] [15.0] [cxt 0] ../build_dependencies/net_cache.p4(114) Condition "hdr.ipv4.isValid()" (node_2) is false
[08:01:52.398] [bmv2] [D] [thread 20712] [15.0] [cxt 0] Pipeline 'ingress': end
[08:01:52.398] [bmv2] [D] [thread 20712] [15.0] [cxt 0] Egress port is 0
[08:01:52.398] [bmv2] [D] [thread 20713] [15.0] [cxt 0] Pipeline 'egress': start
[08:01:52.398] [bmv2] [D] [thread 20713] [15.0] [cxt 0] Pipeline 'egress': end
[08:01:52.398] [bmv2] [D] [thread 20713] [15.0] [cxt 0] Deparser 'deparser': start
[08:01:52.398] [bmv2] [T] [thread 20713] [15.0] [cxt 0] Skipping checksum 'cksum' update because condition not met
[08:01:52.398] [bmv2] [D] [thread 20713] [15.0] [cxt 0] Deparsing header 'ethernet'
[08:01:52.398] [bmv2] [D] [thread 20713] [15.0] [cxt 0] Deparser 'deparser': end
[08:01:52.399] [bmv2] [D] [thread 20717] [15.0] [cxt 0] Transmitting packet of size 70 out of port 0
[08:01:52.461] [bmv2] [D] [thread 20712] [16.0] [cxt 0] Processing packet received on port 1
[08:01:52.461] [bmv2] [D] [thread 20712] [16.0] [cxt 0] Parser 'parser': start
[08:01:52.461] [bmv2] [D] [thread 20712] [16.0] [cxt 0] Parser 'parser' entering state 'start'
[08:01:52.462] [bmv2] [D] [thread 20712] [16.0] [cxt 0] Extracting header 'ethernet'
[08:01:52.462] [bmv2] [D] [thread 20712] [16.0] [cxt 0] Parser state 'start': key is 86dd
[08:01:52.462] [bmv2] [T] [thread 20712] [16.0] [cxt 0] Bytes parsed: 14
[08:01:52.462] [bmv2] [D] [thread 20712] [16.0] [cxt 0] Parser 'parser': end
[08:01:52.462] [bmv2] [D] [thread 20712] [16.0] [cxt 0] Pipeline 'ingress': start
[08:01:52.462] [bmv2] [T] [thread 20712] [16.0] [cxt 0] ../build_dependencies/net_cache.p4(114) Condition "hdr.ipv4.isValid()" (node_2) is false
[08:01:52.462] [bmv2] [D] [thread 20712] [16.0] [cxt 0] Pipeline 'ingress': end
[08:01:52.462] [bmv2] [D] [thread 20712] [16.0] [cxt 0] Egress port is 0
[08:01:52.462] [bmv2] [D] [thread 20713] [16.0] [cxt 0] Pipeline 'egress': start
[08:01:52.462] [bmv2] [D] [thread 20713] [16.0] [cxt 0] Pipeline 'egress': end
[08:01:52.462] [bmv2] [D] [thread 20713] [16.0] [cxt 0] Deparser 'deparser': start
[08:01:52.462] [bmv2] [T] [thread 20713] [16.0] [cxt 0] Skipping checksum 'cksum' update because condition not met
[08:01:52.462] [bmv2] [D] [thread 20713] [16.0] [cxt 0] Deparsing header 'ethernet'
[08:01:52.462] [bmv2] [D] [thread 20713] [16.0] [cxt 0] Deparser 'deparser': end
[08:01:52.462] [bmv2] [D] [thread 20717] [16.0] [cxt 0] Transmitting packet of size 70 out of port 0
[08:01:52.700] [bmv2] [D] [thread 20712] [17.0] [cxt 0] Processing packet received on port 2
[08:01:52.700] [bmv2] [D] [thread 20712] [17.0] [cxt 0] Parser 'parser': start
[08:01:52.700] [bmv2] [D] [thread 20712] [17.0] [cxt 0] Parser 'parser' entering state 'start'
[08:01:52.700] [bmv2] [D] [thread 20712] [17.0] [cxt 0] Extracting header 'ethernet'
[08:01:52.700] [bmv2] [D] [thread 20712] [17.0] [cxt 0] Parser state 'start': key is 86dd
[08:01:52.700] [bmv2] [T] [thread 20712] [17.0] [cxt 0] Bytes parsed: 14
[08:01:52.700] [bmv2] [D] [thread 20712] [17.0] [cxt 0] Parser 'parser': end
[08:01:52.700] [bmv2] [D] [thread 20712] [17.0] [cxt 0] Pipeline 'ingress': start
[08:01:52.700] [bmv2] [T] [thread 20712] [17.0] [cxt 0] ../build_dependencies/net_cache.p4(114) Condition "hdr.ipv4.isValid()" (node_2) is false
[08:01:52.700] [bmv2] [D] [thread 20712] [17.0] [cxt 0] Pipeline 'ingress': end
[08:01:52.700] [bmv2] [D] [thread 20712] [17.0] [cxt 0] Egress port is 0
[08:01:52.700] [bmv2] [D] [thread 20713] [17.0] [cxt 0] Pipeline 'egress': start
[08:01:52.700] [bmv2] [D] [thread 20713] [17.0] [cxt 0] Pipeline 'egress': end
[08:01:52.700] [bmv2] [D] [thread 20713] [17.0] [cxt 0] Deparser 'deparser': start
[08:01:52.700] [bmv2] [T] [thread 20713] [17.0] [cxt 0] Skipping checksum 'cksum' update because condition not met
[08:01:52.700] [bmv2] [D] [thread 20713] [17.0] [cxt 0] Deparsing header 'ethernet'
[08:01:52.700] [bmv2] [D] [thread 20713] [17.0] [cxt 0] Deparser 'deparser': end
[08:01:52.700] [bmv2] [D] [thread 20717] [17.0] [cxt 0] Transmitting packet of size 70 out of port 0
[08:01:52.715] [bmv2] [D] [thread 20712] [18.0] [cxt 0] Processing packet received on port 3
[08:01:52.715] [bmv2] [D] [thread 20712] [18.0] [cxt 0] Parser 'parser': start
[08:01:52.715] [bmv2] [D] [thread 20712] [18.0] [cxt 0] Parser 'parser' entering state 'start'
[08:01:52.715] [bmv2] [D] [thread 20712] [18.0] [cxt 0] Extracting header 'ethernet'
[08:01:52.715] [bmv2] [D] [thread 20712] [18.0] [cxt 0] Parser state 'start': key is 86dd
[08:01:52.715] [bmv2] [T] [thread 20712] [18.0] [cxt 0] Bytes parsed: 14
[08:01:52.715] [bmv2] [D] [thread 20712] [18.0] [cxt 0] Parser 'parser': end
[08:01:52.715] [bmv2] [D] [thread 20712] [18.0] [cxt 0] Pipeline 'ingress': start
[08:01:52.715] [bmv2] [T] [thread 20712] [18.0] [cxt 0] ../build_dependencies/net_cache.p4(114) Condition "hdr.ipv4.isValid()" (node_2) is false
[08:01:52.715] [bmv2] [D] [thread 20712] [18.0] [cxt 0] Pipeline 'ingress': end
[08:01:52.715] [bmv2] [D] [thread 20712] [18.0] [cxt 0] Egress port is 0
[08:01:52.716] [bmv2] [D] [thread 20713] [18.0] [cxt 0] Pipeline 'egress': start
[08:01:52.716] [bmv2] [D] [thread 20713] [18.0] [cxt 0] Pipeline 'egress': end
[08:01:52.716] [bmv2] [D] [thread 20713] [18.0] [cxt 0] Deparser 'deparser': start
[08:01:52.716] [bmv2] [T] [thread 20713] [18.0] [cxt 0] Skipping checksum 'cksum' update because condition not met
[08:01:52.716] [bmv2] [D] [thread 20713] [18.0] [cxt 0] Deparsing header 'ethernet'
[08:01:52.716] [bmv2] [D] [thread 20713] [18.0] [cxt 0] Deparser 'deparser': end
[08:01:52.716] [bmv2] [D] [thread 20717] [18.0] [cxt 0] Transmitting packet of size 70 out of port 0
[08:01:52.815] [bmv2] [D] [thread 20712] [19.0] [cxt 0] Processing packet received on port 2
[08:01:52.815] [bmv2] [D] [thread 20712] [19.0] [cxt 0] Parser 'parser': start
[08:01:52.815] [bmv2] [D] [thread 20712] [19.0] [cxt 0] Parser 'parser' entering state 'start'
[08:01:52.815] [bmv2] [D] [thread 20712] [19.0] [cxt 0] Extracting header 'ethernet'
[08:01:52.815] [bmv2] [D] [thread 20712] [19.0] [cxt 0] Parser state 'start': key is 86dd
[08:01:52.815] [bmv2] [T] [thread 20712] [19.0] [cxt 0] Bytes parsed: 14
[08:01:52.815] [bmv2] [D] [thread 20712] [19.0] [cxt 0] Parser 'parser': end
[08:01:52.815] [bmv2] [D] [thread 20712] [19.0] [cxt 0] Pipeline 'ingress': start
[08:01:52.815] [bmv2] [T] [thread 20712] [19.0] [cxt 0] ../build_dependencies/net_cache.p4(114) Condition "hdr.ipv4.isValid()" (node_2) is false
[08:01:52.815] [bmv2] [D] [thread 20712] [19.0] [cxt 0] Pipeline 'ingress': end
[08:01:52.815] [bmv2] [D] [thread 20712] [19.0] [cxt 0] Egress port is 0
[08:01:52.815] [bmv2] [D] [thread 20713] [19.0] [cxt 0] Pipeline 'egress': start
[08:01:52.815] [bmv2] [D] [thread 20713] [19.0] [cxt 0] Pipeline 'egress': end
[08:01:52.815] [bmv2] [D] [thread 20713] [19.0] [cxt 0] Deparser 'deparser': start
[08:01:52.815] [bmv2] [T] [thread 20713] [19.0] [cxt 0] Skipping checksum 'cksum' update because condition not met
[08:01:52.815] [bmv2] [D] [thread 20713] [19.0] [cxt 0] Deparsing header 'ethernet'
[08:01:52.815] [bmv2] [D] [thread 20713] [19.0] [cxt 0] Deparser 'deparser': end
[08:01:52.816] [bmv2] [D] [thread 20717] [19.0] [cxt 0] Transmitting packet of size 70 out of port 0
[08:01:56.404] [bmv2] [D] [thread 20712] [20.0] [cxt 0] Processing packet received on port 3
[08:01:56.404] [bmv2] [D] [thread 20712] [20.0] [cxt 0] Parser 'parser': start
[08:01:56.404] [bmv2] [D] [thread 20712] [20.0] [cxt 0] Parser 'parser' entering state 'start'
[08:01:56.404] [bmv2] [D] [thread 20712] [20.0] [cxt 0] Extracting header 'ethernet'
[08:01:56.404] [bmv2] [D] [thread 20712] [20.0] [cxt 0] Parser state 'start': key is 86dd
[08:01:56.404] [bmv2] [T] [thread 20712] [20.0] [cxt 0] Bytes parsed: 14
[08:01:56.404] [bmv2] [D] [thread 20712] [20.0] [cxt 0] Parser 'parser': end
[08:01:56.404] [bmv2] [D] [thread 20712] [20.0] [cxt 0] Pipeline 'ingress': start
[08:01:56.404] [bmv2] [T] [thread 20712] [20.0] [cxt 0] ../build_dependencies/net_cache.p4(114) Condition "hdr.ipv4.isValid()" (node_2) is false
[08:01:56.404] [bmv2] [D] [thread 20712] [20.0] [cxt 0] Pipeline 'ingress': end
[08:01:56.404] [bmv2] [D] [thread 20712] [20.0] [cxt 0] Egress port is 0
[08:01:56.405] [bmv2] [D] [thread 20713] [20.0] [cxt 0] Pipeline 'egress': start
[08:01:56.405] [bmv2] [D] [thread 20713] [20.0] [cxt 0] Pipeline 'egress': end
[08:01:56.405] [bmv2] [D] [thread 20713] [20.0] [cxt 0] Deparser 'deparser': start
[08:01:56.405] [bmv2] [T] [thread 20713] [20.0] [cxt 0] Skipping checksum 'cksum' update because condition not met
[08:01:56.405] [bmv2] [D] [thread 20713] [20.0] [cxt 0] Deparsing header 'ethernet'
[08:01:56.405] [bmv2] [D] [thread 20713] [20.0] [cxt 0] Deparser 'deparser': end
[08:01:56.405] [bmv2] [D] [thread 20717] [20.0] [cxt 0] Transmitting packet of size 70 out of port 0
[08:01:56.468] [bmv2] [D] [thread 20712] [21.0] [cxt 0] Processing packet received on port 1
[08:01:56.468] [bmv2] [D] [thread 20712] [21.0] [cxt 0] Parser 'parser': start
[08:01:56.468] [bmv2] [D] [thread 20712] [21.0] [cxt 0] Parser 'parser' entering state 'start'
[08:01:56.468] [bmv2] [D] [thread 20712] [21.0] [cxt 0] Extracting header 'ethernet'
[08:01:56.468] [bmv2] [D] [thread 20712] [21.0] [cxt 0] Parser state 'start': key is 86dd
[08:01:56.468] [bmv2] [T] [thread 20712] [21.0] [cxt 0] Bytes parsed: 14
[08:01:56.468] [bmv2] [D] [thread 20712] [21.0] [cxt 0] Parser 'parser': end
[08:01:56.468] [bmv2] [D] [thread 20712] [21.0] [cxt 0] Pipeline 'ingress': start
[08:01:56.468] [bmv2] [T] [thread 20712] [21.0] [cxt 0] ../build_dependencies/net_cache.p4(114) Condition "hdr.ipv4.isValid()" (node_2) is false
[08:01:56.468] [bmv2] [D] [thread 20712] [21.0] [cxt 0] Pipeline 'ingress': end
[08:01:56.468] [bmv2] [D] [thread 20712] [21.0] [cxt 0] Egress port is 0
[08:01:56.469] [bmv2] [D] [thread 20713] [21.0] [cxt 0] Pipeline 'egress': start
[08:01:56.469] [bmv2] [D] [thread 20713] [21.0] [cxt 0] Pipeline 'egress': end
[08:01:56.469] [bmv2] [D] [thread 20713] [21.0] [cxt 0] Deparser 'deparser': start
[08:01:56.469] [bmv2] [T] [thread 20713] [21.0] [cxt 0] Skipping checksum 'cksum' update because condition not met
[08:01:56.469] [bmv2] [D] [thread 20713] [21.0] [cxt 0] Deparsing header 'ethernet'
[08:01:56.469] [bmv2] [D] [thread 20713] [21.0] [cxt 0] Deparser 'deparser': end
[08:01:56.469] [bmv2] [D] [thread 20717] [21.0] [cxt 0] Transmitting packet of size 70 out of port 0
[08:01:56.707] [bmv2] [D] [thread 20712] [22.0] [cxt 0] Processing packet received on port 2
[08:01:56.707] [bmv2] [D] [thread 20712] [22.0] [cxt 0] Parser 'parser': start
[08:01:56.707] [bmv2] [D] [thread 20712] [22.0] [cxt 0] Parser 'parser' entering state 'start'
[08:01:56.707] [bmv2] [D] [thread 20712] [22.0] [cxt 0] Extracting header 'ethernet'
[08:01:56.708] [bmv2] [D] [thread 20712] [22.0] [cxt 0] Parser state 'start': key is 86dd
[08:01:56.708] [bmv2] [T] [thread 20712] [22.0] [cxt 0] Bytes parsed: 14
[08:01:56.708] [bmv2] [D] [thread 20712] [22.0] [cxt 0] Parser 'parser': end
[08:01:56.708] [bmv2] [D] [thread 20712] [22.0] [cxt 0] Pipeline 'ingress': start
[08:01:56.708] [bmv2] [T] [thread 20712] [22.0] [cxt 0] ../build_dependencies/net_cache.p4(114) Condition "hdr.ipv4.isValid()" (node_2) is false
[08:01:56.708] [bmv2] [D] [thread 20712] [22.0] [cxt 0] Pipeline 'ingress': end
[08:01:56.708] [bmv2] [D] [thread 20712] [22.0] [cxt 0] Egress port is 0
[08:01:56.708] [bmv2] [D] [thread 20713] [22.0] [cxt 0] Pipeline 'egress': start
[08:01:56.708] [bmv2] [D] [thread 20713] [22.0] [cxt 0] Pipeline 'egress': end
[08:01:56.708] [bmv2] [D] [thread 20713] [22.0] [cxt 0] Deparser 'deparser': start
[08:01:56.708] [bmv2] [T] [thread 20713] [22.0] [cxt 0] Skipping checksum 'cksum' update because condition not met
[08:01:56.708] [bmv2] [D] [thread 20713] [22.0] [cxt 0] Deparsing header 'ethernet'
[08:01:56.708] [bmv2] [D] [thread 20713] [22.0] [cxt 0] Deparser 'deparser': end
[08:01:56.708] [bmv2] [D] [thread 20717] [22.0] [cxt 0] Transmitting packet of size 70 out of port 0
[08:01:56.724] [bmv2] [D] [thread 20712] [23.0] [cxt 0] Processing packet received on port 3
[08:01:56.724] [bmv2] [D] [thread 20712] [23.0] [cxt 0] Parser 'parser': start
[08:01:56.724] [bmv2] [D] [thread 20712] [23.0] [cxt 0] Parser 'parser' entering state 'start'
[08:01:56.724] [bmv2] [D] [thread 20712] [23.0] [cxt 0] Extracting header 'ethernet'
[08:01:56.724] [bmv2] [D] [thread 20712] [23.0] [cxt 0] Parser state 'start': key is 86dd
[08:01:56.724] [bmv2] [T] [thread 20712] [23.0] [cxt 0] Bytes parsed: 14
[08:01:56.724] [bmv2] [D] [thread 20712] [23.0] [cxt 0] Parser 'parser': end
[08:01:56.724] [bmv2] [D] [thread 20712] [23.0] [cxt 0] Pipeline 'ingress': start
[08:01:56.724] [bmv2] [T] [thread 20712] [23.0] [cxt 0] ../build_dependencies/net_cache.p4(114) Condition "hdr.ipv4.isValid()" (node_2) is false
[08:01:56.724] [bmv2] [D] [thread 20712] [23.0] [cxt 0] Pipeline 'ingress': end
[08:01:56.724] [bmv2] [D] [thread 20712] [23.0] [cxt 0] Egress port is 0
[08:01:56.724] [bmv2] [D] [thread 20713] [23.0] [cxt 0] Pipeline 'egress': start
[08:01:56.724] [bmv2] [D] [thread 20713] [23.0] [cxt 0] Pipeline 'egress': end
[08:01:56.724] [bmv2] [D] [thread 20713] [23.0] [cxt 0] Deparser 'deparser': start
[08:01:56.724] [bmv2] [T] [thread 20713] [23.0] [cxt 0] Skipping checksum 'cksum' update because condition not met
[08:01:56.724] [bmv2] [D] [thread 20713] [23.0] [cxt 0] Deparsing header 'ethernet'
[08:01:56.724] [bmv2] [D] [thread 20713] [23.0] [cxt 0] Deparser 'deparser': end
[08:01:56.724] [bmv2] [D] [thread 20717] [23.0] [cxt 0] Transmitting packet of size 70 out of port 0
[08:01:56.827] [bmv2] [D] [thread 20712] [24.0] [cxt 0] Processing packet received on port 2
[08:01:56.827] [bmv2] [D] [thread 20712] [24.0] [cxt 0] Parser 'parser': start
[08:01:56.827] [bmv2] [D] [thread 20712] [24.0] [cxt 0] Parser 'parser' entering state 'start'
[08:01:56.827] [bmv2] [D] [thread 20712] [24.0] [cxt 0] Extracting header 'ethernet'
[08:01:56.827] [bmv2] [D] [thread 20712] [24.0] [cxt 0] Parser state 'start': key is 86dd
[08:01:56.827] [bmv2] [T] [thread 20712] [24.0] [cxt 0] Bytes parsed: 14
[08:01:56.827] [bmv2] [D] [thread 20712] [24.0] [cxt 0] Parser 'parser': end
[08:01:56.827] [bmv2] [D] [thread 20712] [24.0] [cxt 0] Pipeline 'ingress': start
[08:01:56.827] [bmv2] [T] [thread 20712] [24.0] [cxt 0] ../build_dependencies/net_cache.p4(114) Condition "hdr.ipv4.isValid()" (node_2) is false
[08:01:56.827] [bmv2] [D] [thread 20712] [24.0] [cxt 0] Pipeline 'ingress': end
[08:01:56.827] [bmv2] [D] [thread 20712] [24.0] [cxt 0] Egress port is 0
[08:01:56.827] [bmv2] [D] [thread 20713] [24.0] [cxt 0] Pipeline 'egress': start
[08:01:56.827] [bmv2] [D] [thread 20713] [24.0] [cxt 0] Pipeline 'egress': end
[08:01:56.827] [bmv2] [D] [thread 20713] [24.0] [cxt 0] Deparser 'deparser': start
[08:01:56.827] [bmv2] [T] [thread 20713] [24.0] [cxt 0] Skipping checksum 'cksum' update because condition not met
[08:01:56.827] [bmv2] [D] [thread 20713] [24.0] [cxt 0] Deparsing header 'ethernet'
[08:01:56.827] [bmv2] [D] [thread 20713] [24.0] [cxt 0] Deparser 'deparser': end
[08:01:56.827] [bmv2] [D] [thread 20717] [24.0] [cxt 0] Transmitting packet of size 70 out of port 0
[08:03:07.799] [bmv2] [D] [thread 20712] [25.0] [cxt 0] Processing packet received on port 2
[08:03:07.799] [bmv2] [D] [thread 20712] [25.0] [cxt 0] Parser 'parser': start
[08:03:07.799] [bmv2] [D] [thread 20712] [25.0] [cxt 0] Parser 'parser' entering state 'start'
[08:03:07.799] [bmv2] [D] [thread 20712] [25.0] [cxt 0] Extracting header 'ethernet'
[08:03:07.799] [bmv2] [D] [thread 20712] [25.0] [cxt 0] Parser state 'start': key is 0800
[08:03:07.799] [bmv2] [T] [thread 20712] [25.0] [cxt 0] Bytes parsed: 14
[08:03:07.799] [bmv2] [D] [thread 20712] [25.0] [cxt 0] Parser 'parser' entering state 'parse_ipv4'
[08:03:07.799] [bmv2] [D] [thread 20712] [25.0] [cxt 0] Extracting header 'ipv4'
[08:03:07.799] [bmv2] [D] [thread 20712] [25.0] [cxt 0] Parser state 'parse_ipv4' has no switch, going to default next state
[08:03:07.799] [bmv2] [T] [thread 20712] [25.0] [cxt 0] Bytes parsed: 34
[08:03:07.799] [bmv2] [D] [thread 20712] [25.0] [cxt 0] Parser 'parser': end
[08:03:07.799] [bmv2] [D] [thread 20712] [25.0] [cxt 0] Pipeline 'ingress': start
[08:03:07.799] [bmv2] [T] [thread 20712] [25.0] [cxt 0] ../build_dependencies/net_cache.p4(114) Condition "hdr.ipv4.isValid()" (node_2) is true
[08:03:07.799] [bmv2] [T] [thread 20712] [25.0] [cxt 0] ../build_dependencies/net_cache.p4(115) Condition "hdr.ipv4.flags == 3" (node_3) is false
[08:03:07.799] [bmv2] [T] [thread 20712] [25.0] [cxt 0] Applying table 'MyIngress.ipv4_lpm'
[08:03:07.799] [bmv2] [D] [thread 20712] [25.0] [cxt 0] Looking up key:
* hdr.ipv4.dstAddr    : 0a000303

[08:03:07.799] [bmv2] [D] [thread 20712] [25.0] [cxt 0] Table 'MyIngress.ipv4_lpm': hit with handle 2
[08:03:07.799] [bmv2] [D] [thread 20712] [25.0] [cxt 0] Dumping entry 2
Match key:
* hdr.ipv4.dstAddr    : LPM       0a000303/32
Action entry: MyIngress.ipv4_forward - 80000000333,1,

[08:03:07.799] [bmv2] [D] [thread 20712] [25.0] [cxt 0] Action entry is MyIngress.ipv4_forward - 80000000333,1,
[08:03:07.799] [bmv2] [T] [thread 20712] [25.0] [cxt 0] Action MyIngress.ipv4_forward
[08:03:07.799] [bmv2] [T] [thread 20712] [25.0] [cxt 0] ../build_dependencies/net_cache.p4(94) Primitive standard_metadata.egress_spec = port
[08:03:07.799] [bmv2] [T] [thread 20712] [25.0] [cxt 0] ../build_dependencies/net_cache.p4(95) Primitive hdr.ethernet.srcAddr = hdr.ethernet.dstAddr
[08:03:07.799] [bmv2] [T] [thread 20712] [25.0] [cxt 0] ../build_dependencies/net_cache.p4(96) Primitive hdr.ethernet.dstAddr = dstAddr
[08:03:07.799] [bmv2] [T] [thread 20712] [25.0] [cxt 0] ../build_dependencies/net_cache.p4(97) Primitive hdr.ipv4.ttl = hdr.ipv4.ttl - 1
[08:03:07.799] [bmv2] [D] [thread 20712] [25.0] [cxt 0] Pipeline 'ingress': end
[08:03:07.799] [bmv2] [D] [thread 20712] [25.0] [cxt 0] Egress port is 1
[08:03:07.799] [bmv2] [D] [thread 20714] [25.0] [cxt 0] Pipeline 'egress': start
[08:03:07.799] [bmv2] [D] [thread 20714] [25.0] [cxt 0] Pipeline 'egress': end
[08:03:07.799] [bmv2] [D] [thread 20714] [25.0] [cxt 0] Deparser 'deparser': start
[08:03:07.799] [bmv2] [D] [thread 20714] [25.0] [cxt 0] Updating checksum 'cksum'
[08:03:07.799] [bmv2] [D] [thread 20714] [25.0] [cxt 0] Deparsing header 'ethernet'
[08:03:07.799] [bmv2] [D] [thread 20714] [25.0] [cxt 0] Deparsing header 'ipv4'
[08:03:07.799] [bmv2] [D] [thread 20714] [25.0] [cxt 0] Deparser 'deparser': end
[08:03:07.799] [bmv2] [D] [thread 20717] [25.0] [cxt 0] Transmitting packet of size 98 out of port 1
[08:03:07.800] [bmv2] [D] [thread 20712] [26.0] [cxt 0] Processing packet received on port 1
[08:03:07.800] [bmv2] [D] [thread 20712] [26.0] [cxt 0] Parser 'parser': start
[08:03:07.800] [bmv2] [D] [thread 20712] [26.0] [cxt 0] Parser 'parser' entering state 'start'
[08:03:07.800] [bmv2] [D] [thread 20712] [26.0] [cxt 0] Extracting header 'ethernet'
[08:03:07.800] [bmv2] [D] [thread 20712] [26.0] [cxt 0] Parser state 'start': key is 0800
[08:03:07.800] [bmv2] [T] [thread 20712] [26.0] [cxt 0] Bytes parsed: 14
[08:03:07.800] [bmv2] [D] [thread 20712] [26.0] [cxt 0] Parser 'parser' entering state 'parse_ipv4'
[08:03:07.800] [bmv2] [D] [thread 20712] [26.0] [cxt 0] Extracting header 'ipv4'
[08:03:07.800] [bmv2] [D] [thread 20712] [26.0] [cxt 0] Parser state 'parse_ipv4' has no switch, going to default next state
[08:03:07.800] [bmv2] [T] [thread 20712] [26.0] [cxt 0] Bytes parsed: 34
[08:03:07.800] [bmv2] [D] [thread 20712] [26.0] [cxt 0] Parser 'parser': end
[08:03:07.800] [bmv2] [D] [thread 20712] [26.0] [cxt 0] Pipeline 'ingress': start
[08:03:07.800] [bmv2] [T] [thread 20712] [26.0] [cxt 0] ../build_dependencies/net_cache.p4(114) Condition "hdr.ipv4.isValid()" (node_2) is true
[08:03:07.800] [bmv2] [T] [thread 20712] [26.0] [cxt 0] ../build_dependencies/net_cache.p4(115) Condition "hdr.ipv4.flags == 3" (node_3) is false
[08:03:07.800] [bmv2] [T] [thread 20712] [26.0] [cxt 0] Applying table 'MyIngress.ipv4_lpm'
[08:03:07.800] [bmv2] [D] [thread 20712] [26.0] [cxt 0] Looking up key:
* hdr.ipv4.dstAddr    : 0a000101

[08:03:07.800] [bmv2] [D] [thread 20712] [26.0] [cxt 0] Table 'MyIngress.ipv4_lpm': hit with handle 0
[08:03:07.800] [bmv2] [D] [thread 20712] [26.0] [cxt 0] Dumping entry 0
Match key:
* hdr.ipv4.dstAddr    : LPM       0a000101/32
Action entry: MyIngress.ipv4_forward - 80000000100,2,

[08:03:07.800] [bmv2] [D] [thread 20712] [26.0] [cxt 0] Action entry is MyIngress.ipv4_forward - 80000000100,2,
[08:03:07.800] [bmv2] [T] [thread 20712] [26.0] [cxt 0] Action MyIngress.ipv4_forward
[08:03:07.800] [bmv2] [T] [thread 20712] [26.0] [cxt 0] ../build_dependencies/net_cache.p4(94) Primitive standard_metadata.egress_spec = port
[08:03:07.800] [bmv2] [T] [thread 20712] [26.0] [cxt 0] ../build_dependencies/net_cache.p4(95) Primitive hdr.ethernet.srcAddr = hdr.ethernet.dstAddr
[08:03:07.800] [bmv2] [T] [thread 20712] [26.0] [cxt 0] ../build_dependencies/net_cache.p4(96) Primitive hdr.ethernet.dstAddr = dstAddr
[08:03:07.800] [bmv2] [T] [thread 20712] [26.0] [cxt 0] ../build_dependencies/net_cache.p4(97) Primitive hdr.ipv4.ttl = hdr.ipv4.ttl - 1
[08:03:07.800] [bmv2] [D] [thread 20712] [26.0] [cxt 0] Pipeline 'ingress': end
[08:03:07.800] [bmv2] [D] [thread 20712] [26.0] [cxt 0] Egress port is 2
[08:03:07.800] [bmv2] [D] [thread 20715] [26.0] [cxt 0] Pipeline 'egress': start
[08:03:07.800] [bmv2] [D] [thread 20715] [26.0] [cxt 0] Pipeline 'egress': end
[08:03:07.800] [bmv2] [D] [thread 20715] [26.0] [cxt 0] Deparser 'deparser': start
[08:03:07.800] [bmv2] [D] [thread 20715] [26.0] [cxt 0] Updating checksum 'cksum'
[08:03:07.800] [bmv2] [D] [thread 20715] [26.0] [cxt 0] Deparsing header 'ethernet'
[08:03:07.800] [bmv2] [D] [thread 20715] [26.0] [cxt 0] Deparsing header 'ipv4'
[08:03:07.800] [bmv2] [D] [thread 20715] [26.0] [cxt 0] Deparser 'deparser': end
[08:03:07.800] [bmv2] [D] [thread 20717] [26.0] [cxt 0] Transmitting packet of size 98 out of port 2
[08:03:07.808] [bmv2] [D] [thread 20712] [27.0] [cxt 0] Processing packet received on port 3
[08:03:07.808] [bmv2] [D] [thread 20712] [27.0] [cxt 0] Parser 'parser': start
[08:03:07.808] [bmv2] [D] [thread 20712] [27.0] [cxt 0] Parser 'parser' entering state 'start'
[08:03:07.808] [bmv2] [D] [thread 20712] [27.0] [cxt 0] Extracting header 'ethernet'
[08:03:07.808] [bmv2] [D] [thread 20712] [27.0] [cxt 0] Parser state 'start': key is 0800
[08:03:07.808] [bmv2] [T] [thread 20712] [27.0] [cxt 0] Bytes parsed: 14
[08:03:07.808] [bmv2] [D] [thread 20712] [27.0] [cxt 0] Parser 'parser' entering state 'parse_ipv4'
[08:03:07.808] [bmv2] [D] [thread 20712] [27.0] [cxt 0] Extracting header 'ipv4'
[08:03:07.808] [bmv2] [D] [thread 20712] [27.0] [cxt 0] Parser state 'parse_ipv4' has no switch, going to default next state
[08:03:07.808] [bmv2] [T] [thread 20712] [27.0] [cxt 0] Bytes parsed: 34
[08:03:07.808] [bmv2] [D] [thread 20712] [27.0] [cxt 0] Parser 'parser': end
[08:03:07.808] [bmv2] [D] [thread 20712] [27.0] [cxt 0] Pipeline 'ingress': start
[08:03:07.808] [bmv2] [T] [thread 20712] [27.0] [cxt 0] ../build_dependencies/net_cache.p4(114) Condition "hdr.ipv4.isValid()" (node_2) is true
[08:03:07.808] [bmv2] [T] [thread 20712] [27.0] [cxt 0] ../build_dependencies/net_cache.p4(115) Condition "hdr.ipv4.flags == 3" (node_3) is false
[08:03:07.808] [bmv2] [T] [thread 20712] [27.0] [cxt 0] Applying table 'MyIngress.ipv4_lpm'
[08:03:07.808] [bmv2] [D] [thread 20712] [27.0] [cxt 0] Looking up key:
* hdr.ipv4.dstAddr    : 0a000303

[08:03:07.808] [bmv2] [D] [thread 20712] [27.0] [cxt 0] Table 'MyIngress.ipv4_lpm': hit with handle 2
[08:03:07.808] [bmv2] [D] [thread 20712] [27.0] [cxt 0] Dumping entry 2
Match key:
* hdr.ipv4.dstAddr    : LPM       0a000303/32
Action entry: MyIngress.ipv4_forward - 80000000333,1,

[08:03:07.808] [bmv2] [D] [thread 20712] [27.0] [cxt 0] Action entry is MyIngress.ipv4_forward - 80000000333,1,
[08:03:07.808] [bmv2] [T] [thread 20712] [27.0] [cxt 0] Action MyIngress.ipv4_forward
[08:03:07.808] [bmv2] [T] [thread 20712] [27.0] [cxt 0] ../build_dependencies/net_cache.p4(94) Primitive standard_metadata.egress_spec = port
[08:03:07.808] [bmv2] [T] [thread 20712] [27.0] [cxt 0] ../build_dependencies/net_cache.p4(95) Primitive hdr.ethernet.srcAddr = hdr.ethernet.dstAddr
[08:03:07.808] [bmv2] [T] [thread 20712] [27.0] [cxt 0] ../build_dependencies/net_cache.p4(96) Primitive hdr.ethernet.dstAddr = dstAddr
[08:03:07.808] [bmv2] [T] [thread 20712] [27.0] [cxt 0] ../build_dependencies/net_cache.p4(97) Primitive hdr.ipv4.ttl = hdr.ipv4.ttl - 1
[08:03:07.808] [bmv2] [D] [thread 20712] [27.0] [cxt 0] Pipeline 'ingress': end
[08:03:07.808] [bmv2] [D] [thread 20712] [27.0] [cxt 0] Egress port is 1
[08:03:07.808] [bmv2] [D] [thread 20714] [27.0] [cxt 0] Pipeline 'egress': start
[08:03:07.808] [bmv2] [D] [thread 20714] [27.0] [cxt 0] Pipeline 'egress': end
[08:03:07.808] [bmv2] [D] [thread 20714] [27.0] [cxt 0] Deparser 'deparser': start
[08:03:07.808] [bmv2] [D] [thread 20714] [27.0] [cxt 0] Updating checksum 'cksum'
[08:03:07.808] [bmv2] [D] [thread 20714] [27.0] [cxt 0] Deparsing header 'ethernet'
[08:03:07.808] [bmv2] [D] [thread 20714] [27.0] [cxt 0] Deparsing header 'ipv4'
[08:03:07.808] [bmv2] [D] [thread 20714] [27.0] [cxt 0] Deparser 'deparser': end
[08:03:07.808] [bmv2] [D] [thread 20717] [27.0] [cxt 0] Transmitting packet of size 98 out of port 1
[08:03:07.808] [bmv2] [D] [thread 20712] [28.0] [cxt 0] Processing packet received on port 1
[08:03:07.808] [bmv2] [D] [thread 20712] [28.0] [cxt 0] Parser 'parser': start
[08:03:07.808] [bmv2] [D] [thread 20712] [28.0] [cxt 0] Parser 'parser' entering state 'start'
[08:03:07.808] [bmv2] [D] [thread 20712] [28.0] [cxt 0] Extracting header 'ethernet'
[08:03:07.808] [bmv2] [D] [thread 20712] [28.0] [cxt 0] Parser state 'start': key is 0800
[08:03:07.808] [bmv2] [T] [thread 20712] [28.0] [cxt 0] Bytes parsed: 14
[08:03:07.808] [bmv2] [D] [thread 20712] [28.0] [cxt 0] Parser 'parser' entering state 'parse_ipv4'
[08:03:07.808] [bmv2] [D] [thread 20712] [28.0] [cxt 0] Extracting header 'ipv4'
[08:03:07.808] [bmv2] [D] [thread 20712] [28.0] [cxt 0] Parser state 'parse_ipv4' has no switch, going to default next state
[08:03:07.808] [bmv2] [T] [thread 20712] [28.0] [cxt 0] Bytes parsed: 34
[08:03:07.808] [bmv2] [D] [thread 20712] [28.0] [cxt 0] Parser 'parser': end
[08:03:07.808] [bmv2] [D] [thread 20712] [28.0] [cxt 0] Pipeline 'ingress': start
[08:03:07.808] [bmv2] [T] [thread 20712] [28.0] [cxt 0] ../build_dependencies/net_cache.p4(114) Condition "hdr.ipv4.isValid()" (node_2) is true
[08:03:07.808] [bmv2] [T] [thread 20712] [28.0] [cxt 0] ../build_dependencies/net_cache.p4(115) Condition "hdr.ipv4.flags == 3" (node_3) is false
[08:03:07.808] [bmv2] [T] [thread 20712] [28.0] [cxt 0] Applying table 'MyIngress.ipv4_lpm'
[08:03:07.808] [bmv2] [D] [thread 20712] [28.0] [cxt 0] Looking up key:
* hdr.ipv4.dstAddr    : 0a000202

[08:03:07.808] [bmv2] [D] [thread 20712] [28.0] [cxt 0] Table 'MyIngress.ipv4_lpm': hit with handle 1
[08:03:07.808] [bmv2] [D] [thread 20712] [28.0] [cxt 0] Dumping entry 1
Match key:
* hdr.ipv4.dstAddr    : LPM       0a000202/32
Action entry: MyIngress.ipv4_forward - 80000000200,3,

[08:03:07.808] [bmv2] [D] [thread 20712] [28.0] [cxt 0] Action entry is MyIngress.ipv4_forward - 80000000200,3,
[08:03:07.808] [bmv2] [T] [thread 20712] [28.0] [cxt 0] Action MyIngress.ipv4_forward
[08:03:07.808] [bmv2] [T] [thread 20712] [28.0] [cxt 0] ../build_dependencies/net_cache.p4(94) Primitive standard_metadata.egress_spec = port
[08:03:07.808] [bmv2] [T] [thread 20712] [28.0] [cxt 0] ../build_dependencies/net_cache.p4(95) Primitive hdr.ethernet.srcAddr = hdr.ethernet.dstAddr
[08:03:07.808] [bmv2] [T] [thread 20712] [28.0] [cxt 0] ../build_dependencies/net_cache.p4(96) Primitive hdr.ethernet.dstAddr = dstAddr
[08:03:07.808] [bmv2] [T] [thread 20712] [28.0] [cxt 0] ../build_dependencies/net_cache.p4(97) Primitive hdr.ipv4.ttl = hdr.ipv4.ttl - 1
[08:03:07.808] [bmv2] [D] [thread 20712] [28.0] [cxt 0] Pipeline 'ingress': end
[08:03:07.808] [bmv2] [D] [thread 20712] [28.0] [cxt 0] Egress port is 3
[08:03:07.808] [bmv2] [D] [thread 20716] [28.0] [cxt 0] Pipeline 'egress': start
[08:03:07.808] [bmv2] [D] [thread 20716] [28.0] [cxt 0] Pipeline 'egress': end
[08:03:07.808] [bmv2] [D] [thread 20716] [28.0] [cxt 0] Deparser 'deparser': start
[08:03:07.808] [bmv2] [D] [thread 20716] [28.0] [cxt 0] Updating checksum 'cksum'
[08:03:07.808] [bmv2] [D] [thread 20716] [28.0] [cxt 0] Deparsing header 'ethernet'
[08:03:07.808] [bmv2] [D] [thread 20716] [28.0] [cxt 0] Deparsing header 'ipv4'
[08:03:07.808] [bmv2] [D] [thread 20716] [28.0] [cxt 0] Deparser 'deparser': end
[08:03:07.808] [bmv2] [D] [thread 20717] [28.0] [cxt 0] Transmitting packet of size 98 out of port 3
[08:03:07.811] [bmv2] [D] [thread 20712] [29.0] [cxt 0] Processing packet received on port 1
[08:03:07.811] [bmv2] [D] [thread 20712] [29.0] [cxt 0] Parser 'parser': start
[08:03:07.811] [bmv2] [D] [thread 20712] [29.0] [cxt 0] Parser 'parser' entering state 'start'
[08:03:07.811] [bmv2] [D] [thread 20712] [29.0] [cxt 0] Extracting header 'ethernet'
[08:03:07.811] [bmv2] [D] [thread 20712] [29.0] [cxt 0] Parser state 'start': key is 0800
[08:03:07.811] [bmv2] [T] [thread 20712] [29.0] [cxt 0] Bytes parsed: 14
[08:03:07.811] [bmv2] [D] [thread 20712] [29.0] [cxt 0] Parser 'parser' entering state 'parse_ipv4'
[08:03:07.811] [bmv2] [D] [thread 20712] [29.0] [cxt 0] Extracting header 'ipv4'
[08:03:07.811] [bmv2] [D] [thread 20712] [29.0] [cxt 0] Parser state 'parse_ipv4' has no switch, going to default next state
[08:03:07.811] [bmv2] [T] [thread 20712] [29.0] [cxt 0] Bytes parsed: 34
[08:03:07.811] [bmv2] [D] [thread 20712] [29.0] [cxt 0] Parser 'parser': end
[08:03:07.811] [bmv2] [D] [thread 20712] [29.0] [cxt 0] Pipeline 'ingress': start
[08:03:07.811] [bmv2] [T] [thread 20712] [29.0] [cxt 0] ../build_dependencies/net_cache.p4(114) Condition "hdr.ipv4.isValid()" (node_2) is true
[08:03:07.811] [bmv2] [T] [thread 20712] [29.0] [cxt 0] ../build_dependencies/net_cache.p4(115) Condition "hdr.ipv4.flags == 3" (node_3) is false
[08:03:07.811] [bmv2] [T] [thread 20712] [29.0] [cxt 0] Applying table 'MyIngress.ipv4_lpm'
[08:03:07.811] [bmv2] [D] [thread 20712] [29.0] [cxt 0] Looking up key:
* hdr.ipv4.dstAddr    : 0a000101

[08:03:07.811] [bmv2] [D] [thread 20712] [29.0] [cxt 0] Table 'MyIngress.ipv4_lpm': hit with handle 0
[08:03:07.811] [bmv2] [D] [thread 20712] [29.0] [cxt 0] Dumping entry 0
Match key:
* hdr.ipv4.dstAddr    : LPM       0a000101/32
Action entry: MyIngress.ipv4_forward - 80000000100,2,

[08:03:07.811] [bmv2] [D] [thread 20712] [29.0] [cxt 0] Action entry is MyIngress.ipv4_forward - 80000000100,2,
[08:03:07.811] [bmv2] [T] [thread 20712] [29.0] [cxt 0] Action MyIngress.ipv4_forward
[08:03:07.811] [bmv2] [T] [thread 20712] [29.0] [cxt 0] ../build_dependencies/net_cache.p4(94) Primitive standard_metadata.egress_spec = port
[08:03:07.811] [bmv2] [T] [thread 20712] [29.0] [cxt 0] ../build_dependencies/net_cache.p4(95) Primitive hdr.ethernet.srcAddr = hdr.ethernet.dstAddr
[08:03:07.811] [bmv2] [T] [thread 20712] [29.0] [cxt 0] ../build_dependencies/net_cache.p4(96) Primitive hdr.ethernet.dstAddr = dstAddr
[08:03:07.811] [bmv2] [T] [thread 20712] [29.0] [cxt 0] ../build_dependencies/net_cache.p4(97) Primitive hdr.ipv4.ttl = hdr.ipv4.ttl - 1
[08:03:07.811] [bmv2] [D] [thread 20712] [29.0] [cxt 0] Pipeline 'ingress': end
[08:03:07.811] [bmv2] [D] [thread 20712] [29.0] [cxt 0] Egress port is 2
[08:03:07.811] [bmv2] [D] [thread 20715] [29.0] [cxt 0] Pipeline 'egress': start
[08:03:07.811] [bmv2] [D] [thread 20715] [29.0] [cxt 0] Pipeline 'egress': end
[08:03:07.811] [bmv2] [D] [thread 20715] [29.0] [cxt 0] Deparser 'deparser': start
[08:03:07.811] [bmv2] [D] [thread 20715] [29.0] [cxt 0] Updating checksum 'cksum'
[08:03:07.811] [bmv2] [D] [thread 20715] [29.0] [cxt 0] Deparsing header 'ethernet'
[08:03:07.811] [bmv2] [D] [thread 20715] [29.0] [cxt 0] Deparsing header 'ipv4'
[08:03:07.811] [bmv2] [D] [thread 20715] [29.0] [cxt 0] Deparser 'deparser': end
[08:03:07.811] [bmv2] [D] [thread 20717] [29.0] [cxt 0] Transmitting packet of size 98 out of port 2
[08:03:07.813] [bmv2] [D] [thread 20712] [30.0] [cxt 0] Processing packet received on port 2
[08:03:07.813] [bmv2] [D] [thread 20712] [30.0] [cxt 0] Parser 'parser': start
[08:03:07.813] [bmv2] [D] [thread 20712] [30.0] [cxt 0] Parser 'parser' entering state 'start'
[08:03:07.813] [bmv2] [D] [thread 20712] [30.0] [cxt 0] Extracting header 'ethernet'
[08:03:07.813] [bmv2] [D] [thread 20712] [30.0] [cxt 0] Parser state 'start': key is 0800
[08:03:07.813] [bmv2] [T] [thread 20712] [30.0] [cxt 0] Bytes parsed: 14
[08:03:07.813] [bmv2] [D] [thread 20712] [30.0] [cxt 0] Parser 'parser' entering state 'parse_ipv4'
[08:03:07.813] [bmv2] [D] [thread 20712] [30.0] [cxt 0] Extracting header 'ipv4'
[08:03:07.813] [bmv2] [D] [thread 20712] [30.0] [cxt 0] Parser state 'parse_ipv4' has no switch, going to default next state
[08:03:07.813] [bmv2] [T] [thread 20712] [30.0] [cxt 0] Bytes parsed: 34
[08:03:07.813] [bmv2] [D] [thread 20712] [30.0] [cxt 0] Parser 'parser': end
[08:03:07.813] [bmv2] [D] [thread 20712] [30.0] [cxt 0] Pipeline 'ingress': start
[08:03:07.813] [bmv2] [T] [thread 20712] [30.0] [cxt 0] ../build_dependencies/net_cache.p4(114) Condition "hdr.ipv4.isValid()" (node_2) is true
[08:03:07.813] [bmv2] [T] [thread 20712] [30.0] [cxt 0] ../build_dependencies/net_cache.p4(115) Condition "hdr.ipv4.flags == 3" (node_3) is false
[08:03:07.813] [bmv2] [T] [thread 20712] [30.0] [cxt 0] Applying table 'MyIngress.ipv4_lpm'
[08:03:07.813] [bmv2] [D] [thread 20712] [30.0] [cxt 0] Looking up key:
* hdr.ipv4.dstAddr    : 0a000303

[08:03:07.813] [bmv2] [D] [thread 20712] [30.0] [cxt 0] Table 'MyIngress.ipv4_lpm': hit with handle 2
[08:03:07.813] [bmv2] [D] [thread 20712] [30.0] [cxt 0] Dumping entry 2
Match key:
* hdr.ipv4.dstAddr    : LPM       0a000303/32
Action entry: MyIngress.ipv4_forward - 80000000333,1,

[08:03:07.813] [bmv2] [D] [thread 20712] [30.0] [cxt 0] Action entry is MyIngress.ipv4_forward - 80000000333,1,
[08:03:07.813] [bmv2] [T] [thread 20712] [30.0] [cxt 0] Action MyIngress.ipv4_forward
[08:03:07.813] [bmv2] [T] [thread 20712] [30.0] [cxt 0] ../build_dependencies/net_cache.p4(94) Primitive standard_metadata.egress_spec = port
[08:03:07.813] [bmv2] [T] [thread 20712] [30.0] [cxt 0] ../build_dependencies/net_cache.p4(95) Primitive hdr.ethernet.srcAddr = hdr.ethernet.dstAddr
[08:03:07.813] [bmv2] [T] [thread 20712] [30.0] [cxt 0] ../build_dependencies/net_cache.p4(96) Primitive hdr.ethernet.dstAddr = dstAddr
[08:03:07.813] [bmv2] [T] [thread 20712] [30.0] [cxt 0] ../build_dependencies/net_cache.p4(97) Primitive hdr.ipv4.ttl = hdr.ipv4.ttl - 1
[08:03:07.813] [bmv2] [D] [thread 20712] [30.0] [cxt 0] Pipeline 'ingress': end
[08:03:07.813] [bmv2] [D] [thread 20712] [30.0] [cxt 0] Egress port is 1
[08:03:07.813] [bmv2] [D] [thread 20714] [30.0] [cxt 0] Pipeline 'egress': start
[08:03:07.813] [bmv2] [D] [thread 20714] [30.0] [cxt 0] Pipeline 'egress': end
[08:03:07.813] [bmv2] [D] [thread 20714] [30.0] [cxt 0] Deparser 'deparser': start
[08:03:07.813] [bmv2] [D] [thread 20714] [30.0] [cxt 0] Updating checksum 'cksum'
[08:03:07.813] [bmv2] [D] [thread 20714] [30.0] [cxt 0] Deparsing header 'ethernet'
[08:03:07.813] [bmv2] [D] [thread 20714] [30.0] [cxt 0] Deparsing header 'ipv4'
[08:03:07.813] [bmv2] [D] [thread 20714] [30.0] [cxt 0] Deparser 'deparser': end
[08:03:07.813] [bmv2] [D] [thread 20717] [30.0] [cxt 0] Transmitting packet of size 98 out of port 1
[08:03:07.815] [bmv2] [D] [thread 20712] [31.0] [cxt 0] Processing packet received on port 1
[08:03:07.815] [bmv2] [D] [thread 20712] [31.0] [cxt 0] Parser 'parser': start
[08:03:07.815] [bmv2] [D] [thread 20712] [31.0] [cxt 0] Parser 'parser' entering state 'start'
[08:03:07.815] [bmv2] [D] [thread 20712] [31.0] [cxt 0] Extracting header 'ethernet'
[08:03:07.815] [bmv2] [D] [thread 20712] [31.0] [cxt 0] Parser state 'start': key is 0800
[08:03:07.815] [bmv2] [T] [thread 20712] [31.0] [cxt 0] Bytes parsed: 14
[08:03:07.815] [bmv2] [D] [thread 20712] [31.0] [cxt 0] Parser 'parser' entering state 'parse_ipv4'
[08:03:07.815] [bmv2] [D] [thread 20712] [31.0] [cxt 0] Extracting header 'ipv4'
[08:03:07.815] [bmv2] [D] [thread 20712] [31.0] [cxt 0] Parser state 'parse_ipv4' has no switch, going to default next state
[08:03:07.815] [bmv2] [T] [thread 20712] [31.0] [cxt 0] Bytes parsed: 34
[08:03:07.815] [bmv2] [D] [thread 20712] [31.0] [cxt 0] Parser 'parser': end
[08:03:07.815] [bmv2] [D] [thread 20712] [31.0] [cxt 0] Pipeline 'ingress': start
[08:03:07.815] [bmv2] [T] [thread 20712] [31.0] [cxt 0] ../build_dependencies/net_cache.p4(114) Condition "hdr.ipv4.isValid()" (node_2) is true
[08:03:07.815] [bmv2] [T] [thread 20712] [31.0] [cxt 0] ../build_dependencies/net_cache.p4(115) Condition "hdr.ipv4.flags == 3" (node_3) is false
[08:03:07.815] [bmv2] [T] [thread 20712] [31.0] [cxt 0] Applying table 'MyIngress.ipv4_lpm'
[08:03:07.815] [bmv2] [D] [thread 20712] [31.0] [cxt 0] Looking up key:
* hdr.ipv4.dstAddr    : 0a000202

[08:03:07.815] [bmv2] [D] [thread 20712] [31.0] [cxt 0] Table 'MyIngress.ipv4_lpm': hit with handle 1
[08:03:07.815] [bmv2] [D] [thread 20712] [31.0] [cxt 0] Dumping entry 1
Match key:
* hdr.ipv4.dstAddr    : LPM       0a000202/32
Action entry: MyIngress.ipv4_forward - 80000000200,3,

[08:03:07.815] [bmv2] [D] [thread 20712] [31.0] [cxt 0] Action entry is MyIngress.ipv4_forward - 80000000200,3,
[08:03:07.815] [bmv2] [T] [thread 20712] [31.0] [cxt 0] Action MyIngress.ipv4_forward
[08:03:07.815] [bmv2] [T] [thread 20712] [31.0] [cxt 0] ../build_dependencies/net_cache.p4(94) Primitive standard_metadata.egress_spec = port
[08:03:07.815] [bmv2] [T] [thread 20712] [31.0] [cxt 0] ../build_dependencies/net_cache.p4(95) Primitive hdr.ethernet.srcAddr = hdr.ethernet.dstAddr
[08:03:07.815] [bmv2] [T] [thread 20712] [31.0] [cxt 0] ../build_dependencies/net_cache.p4(96) Primitive hdr.ethernet.dstAddr = dstAddr
[08:03:07.815] [bmv2] [T] [thread 20712] [31.0] [cxt 0] ../build_dependencies/net_cache.p4(97) Primitive hdr.ipv4.ttl = hdr.ipv4.ttl - 1
[08:03:07.815] [bmv2] [D] [thread 20712] [31.0] [cxt 0] Pipeline 'ingress': end
[08:03:07.815] [bmv2] [D] [thread 20712] [31.0] [cxt 0] Egress port is 3
[08:03:07.815] [bmv2] [D] [thread 20716] [31.0] [cxt 0] Pipeline 'egress': start
[08:03:07.815] [bmv2] [D] [thread 20716] [31.0] [cxt 0] Pipeline 'egress': end
[08:03:07.815] [bmv2] [D] [thread 20716] [31.0] [cxt 0] Deparser 'deparser': start
[08:03:07.815] [bmv2] [D] [thread 20716] [31.0] [cxt 0] Updating checksum 'cksum'
[08:03:07.815] [bmv2] [D] [thread 20716] [31.0] [cxt 0] Deparsing header 'ethernet'
[08:03:07.815] [bmv2] [D] [thread 20716] [31.0] [cxt 0] Deparsing header 'ipv4'
[08:03:07.815] [bmv2] [D] [thread 20716] [31.0] [cxt 0] Deparser 'deparser': end
[08:03:07.815] [bmv2] [D] [thread 20717] [31.0] [cxt 0] Transmitting packet of size 98 out of port 3
[08:03:07.817] [bmv2] [D] [thread 20712] [32.0] [cxt 0] Processing packet received on port 3
[08:03:07.817] [bmv2] [D] [thread 20712] [32.0] [cxt 0] Parser 'parser': start
[08:03:07.817] [bmv2] [D] [thread 20712] [32.0] [cxt 0] Parser 'parser' entering state 'start'
[08:03:07.817] [bmv2] [D] [thread 20712] [32.0] [cxt 0] Extracting header 'ethernet'
[08:03:07.817] [bmv2] [D] [thread 20712] [32.0] [cxt 0] Parser state 'start': key is 0800
[08:03:07.817] [bmv2] [T] [thread 20712] [32.0] [cxt 0] Bytes parsed: 14
[08:03:07.817] [bmv2] [D] [thread 20712] [32.0] [cxt 0] Parser 'parser' entering state 'parse_ipv4'
[08:03:07.817] [bmv2] [D] [thread 20712] [32.0] [cxt 0] Extracting header 'ipv4'
[08:03:07.817] [bmv2] [D] [thread 20712] [32.0] [cxt 0] Parser state 'parse_ipv4' has no switch, going to default next state
[08:03:07.817] [bmv2] [T] [thread 20712] [32.0] [cxt 0] Bytes parsed: 34
[08:03:07.817] [bmv2] [D] [thread 20712] [32.0] [cxt 0] Parser 'parser': end
[08:03:07.817] [bmv2] [D] [thread 20712] [32.0] [cxt 0] Pipeline 'ingress': start
[08:03:07.817] [bmv2] [T] [thread 20712] [32.0] [cxt 0] ../build_dependencies/net_cache.p4(114) Condition "hdr.ipv4.isValid()" (node_2) is true
[08:03:07.817] [bmv2] [T] [thread 20712] [32.0] [cxt 0] ../build_dependencies/net_cache.p4(115) Condition "hdr.ipv4.flags == 3" (node_3) is false
[08:03:07.817] [bmv2] [T] [thread 20712] [32.0] [cxt 0] Applying table 'MyIngress.ipv4_lpm'
[08:03:07.817] [bmv2] [D] [thread 20712] [32.0] [cxt 0] Looking up key:
* hdr.ipv4.dstAddr    : 0a000303

[08:03:07.817] [bmv2] [D] [thread 20712] [32.0] [cxt 0] Table 'MyIngress.ipv4_lpm': hit with handle 2
[08:03:07.817] [bmv2] [D] [thread 20712] [32.0] [cxt 0] Dumping entry 2
Match key:
* hdr.ipv4.dstAddr    : LPM       0a000303/32
Action entry: MyIngress.ipv4_forward - 80000000333,1,

[08:03:07.817] [bmv2] [D] [thread 20712] [32.0] [cxt 0] Action entry is MyIngress.ipv4_forward - 80000000333,1,
[08:03:07.817] [bmv2] [T] [thread 20712] [32.0] [cxt 0] Action MyIngress.ipv4_forward
[08:03:07.817] [bmv2] [T] [thread 20712] [32.0] [cxt 0] ../build_dependencies/net_cache.p4(94) Primitive standard_metadata.egress_spec = port
[08:03:07.817] [bmv2] [T] [thread 20712] [32.0] [cxt 0] ../build_dependencies/net_cache.p4(95) Primitive hdr.ethernet.srcAddr = hdr.ethernet.dstAddr
[08:03:07.817] [bmv2] [T] [thread 20712] [32.0] [cxt 0] ../build_dependencies/net_cache.p4(96) Primitive hdr.ethernet.dstAddr = dstAddr
[08:03:07.817] [bmv2] [T] [thread 20712] [32.0] [cxt 0] ../build_dependencies/net_cache.p4(97) Primitive hdr.ipv4.ttl = hdr.ipv4.ttl - 1
[08:03:07.817] [bmv2] [D] [thread 20712] [32.0] [cxt 0] Pipeline 'ingress': end
[08:03:07.817] [bmv2] [D] [thread 20712] [32.0] [cxt 0] Egress port is 1
[08:03:07.817] [bmv2] [D] [thread 20714] [32.0] [cxt 0] Pipeline 'egress': start
[08:03:07.817] [bmv2] [D] [thread 20714] [32.0] [cxt 0] Pipeline 'egress': end
[08:03:07.817] [bmv2] [D] [thread 20714] [32.0] [cxt 0] Deparser 'deparser': start
[08:03:07.817] [bmv2] [D] [thread 20714] [32.0] [cxt 0] Updating checksum 'cksum'
[08:03:07.817] [bmv2] [D] [thread 20714] [32.0] [cxt 0] Deparsing header 'ethernet'
[08:03:07.817] [bmv2] [D] [thread 20714] [32.0] [cxt 0] Deparsing header 'ipv4'
[08:03:07.817] [bmv2] [D] [thread 20714] [32.0] [cxt 0] Deparser 'deparser': end
[08:03:07.818] [bmv2] [D] [thread 20717] [32.0] [cxt 0] Transmitting packet of size 98 out of port 1
New connection
P4Runtime SetForwardingPipelineConfig
[08:03:40.918] [bmv2] [W] [thread 20708] [P4Runtime] p4::tmp::P4DeviceConfig is deprecated
[08:03:40.919] [bmv2] [D] [thread 20708] Set default default entry for table 'tbl_drop': MyIngress.drop - 
[08:03:40.919] [bmv2] [D] [thread 20708] Set default default entry for table 'MyIngress.ipv4_lpm': MyIngress.drop - 
P4Runtime Write
device_id: 2
election_id {
  low: 1
}
updates {
  type: INSERT
  entity {
    table_entry {
      table_id: 33574068
      match {
        field_id: 1
        lpm {
          value: "\n\000\003\003"
          prefix_len: 32
        }
      }
      action {
        action {
          action_id: 16799317
          params {
            param_id: 1
            value: "\010\000\000\000\0033"
          }
          params {
            param_id: 2
            value: "\000\001"
          }
        }
      }
    }
  }
}
[08:03:40.925] [bmv2] [D] [thread 20708] Entry 0 added to table 'MyIngress.ipv4_lpm'
[08:03:40.925] [bmv2] [D] [thread 20708] Dumping entry 0
Match key:
* hdr.ipv4.dstAddr    : LPM       0a000303/32
Action entry: MyIngress.ipv4_forward - 80000000333,1,

P4Runtime Write
device_id: 2
election_id {
  low: 1
}
updates {
  type: INSERT
  entity {
    table_entry {
      table_id: 33574068
      match {
        field_id: 1
        lpm {
          value: "\n\000\001\001"
          prefix_len: 32
        }
      }
      action {
        action {
          action_id: 16799317
          params {
            param_id: 1
            value: "\010\000\000\000\001\000"
          }
          params {
            param_id: 2
            value: "\000\002"
          }
        }
      }
    }
  }
}
[08:03:40.926] [bmv2] [D] [thread 20708] Entry 1 added to table 'MyIngress.ipv4_lpm'
[08:03:40.926] [bmv2] [D] [thread 20708] Dumping entry 1
Match key:
* hdr.ipv4.dstAddr    : LPM       0a000101/32
Action entry: MyIngress.ipv4_forward - 80000000100,2,

P4Runtime Write
device_id: 2
election_id {
  low: 1
}
updates {
  type: INSERT
  entity {
    table_entry {
      table_id: 33574068
      match {
        field_id: 1
        lpm {
          value: "\n\000\002\002"
          prefix_len: 32
        }
      }
      action {
        action {
          action_id: 16799317
          params {
            param_id: 1
            value: "\010\000\000\000\002\000"
          }
          params {
            param_id: 2
            value: "\000\003"
          }
        }
      }
    }
  }
}
[08:03:40.928] [bmv2] [D] [thread 20708] Entry 2 added to table 'MyIngress.ipv4_lpm'
[08:03:40.928] [bmv2] [D] [thread 20708] Dumping entry 2
Match key:
* hdr.ipv4.dstAddr    : LPM       0a000202/32
Action entry: MyIngress.ipv4_forward - 80000000200,3,

P4Runtime Write
device_id: 2
election_id {
  low: 1
}
updates {
  type: INSERT
  entity {
    table_entry {
      table_id: 33574068
      match {
        field_id: 1
        lpm {
          value: "\300\000\000\000"
          prefix_len: 8
        }
      }
      action {
        action {
          action_id: 16799317
          params {
            param_id: 1
            value: "\010\000\000\000\001\021"
          }
          params {
            param_id: 2
            value: "\000\002"
          }
        }
      }
    }
  }
}
[08:03:40.930] [bmv2] [D] [thread 20708] Entry 3 added to table 'MyIngress.ipv4_lpm'
[08:03:40.930] [bmv2] [D] [thread 20708] Dumping entry 3
Match key:
* hdr.ipv4.dstAddr    : LPM       c0000000/8
Action entry: MyIngress.ipv4_forward - 80000000111,2,

Connection removed
New connection
P4Runtime SetForwardingPipelineConfig
[08:12:20.715] [bmv2] [W] [thread 20732] [P4Runtime] p4::tmp::P4DeviceConfig is deprecated
[08:12:20.716] [bmv2] [D] [thread 20732] Set default default entry for table 'tbl_drop': MyIngress.drop - 
[08:12:20.716] [bmv2] [D] [thread 20732] Set default default entry for table 'MyIngress.ipv4_lpm': MyIngress.drop - 
P4Runtime Write
device_id: 2
election_id {
  low: 1
}
updates {
  type: INSERT
  entity {
    table_entry {
      table_id: 33574068
      match {
        field_id: 1
        lpm {
          value: "\n\000\003\003"
          prefix_len: 32
        }
      }
      action {
        action {
          action_id: 16799317
          params {
            param_id: 1
            value: "\010\000\000\000\0033"
          }
          params {
            param_id: 2
            value: "\000\001"
          }
        }
      }
    }
  }
}
[08:12:20.724] [bmv2] [D] [thread 20732] Entry 0 added to table 'MyIngress.ipv4_lpm'
[08:12:20.724] [bmv2] [D] [thread 20732] Dumping entry 0
Match key:
* hdr.ipv4.dstAddr    : LPM       0a000303/32
Action entry: MyIngress.ipv4_forward - 80000000333,1,

P4Runtime Write
device_id: 2
election_id {
  low: 1
}
updates {
  type: INSERT
  entity {
    table_entry {
      table_id: 33574068
      match {
        field_id: 1
        lpm {
          value: "\n\000\001\001"
          prefix_len: 32
        }
      }
      action {
        action {
          action_id: 16799317
          params {
            param_id: 1
            value: "\010\000\000\000\001\000"
          }
          params {
            param_id: 2
            value: "\000\002"
          }
        }
      }
    }
  }
}
[08:12:20.725] [bmv2] [D] [thread 20732] Entry 1 added to table 'MyIngress.ipv4_lpm'
[08:12:20.725] [bmv2] [D] [thread 20732] Dumping entry 1
Match key:
* hdr.ipv4.dstAddr    : LPM       0a000101/32
Action entry: MyIngress.ipv4_forward - 80000000100,2,

P4Runtime Write
device_id: 2
election_id {
  low: 1
}
updates {
  type: INSERT
  entity {
    table_entry {
      table_id: 33574068
      match {
        field_id: 1
        lpm {
          value: "\n\000\002\002"
          prefix_len: 32
        }
      }
      action {
        action {
          action_id: 16799317
          params {
            param_id: 1
            value: "\010\000\000\000\002\000"
          }
          params {
            param_id: 2
            value: "\000\003"
          }
        }
      }
    }
  }
}
[08:12:20.726] [bmv2] [D] [thread 20732] Entry 2 added to table 'MyIngress.ipv4_lpm'
[08:12:20.726] [bmv2] [D] [thread 20732] Dumping entry 2
Match key:
* hdr.ipv4.dstAddr    : LPM       0a000202/32
Action entry: MyIngress.ipv4_forward - 80000000200,3,

P4Runtime Write
device_id: 2
election_id {
  low: 1
}
updates {
  type: INSERT
  entity {
    table_entry {
      table_id: 33574068
      match {
        field_id: 1
        lpm {
          value: "\300\000\000\000"
          prefix_len: 8
        }
      }
      action {
        action {
          action_id: 16799317
          params {
            param_id: 1
            value: "\010\000\000\000\001\021"
          }
          params {
            param_id: 2
            value: "\000\002"
          }
        }
      }
    }
  }
}
[08:12:20.729] [bmv2] [D] [thread 20732] Entry 3 added to table 'MyIngress.ipv4_lpm'
[08:12:20.729] [bmv2] [D] [thread 20732] Dumping entry 3
Match key:
* hdr.ipv4.dstAddr    : LPM       c0000000/8
Action entry: MyIngress.ipv4_forward - 80000000111,2,

Connection removed
New connection
P4Runtime SetForwardingPipelineConfig
[08:18:18.806] [bmv2] [W] [thread 20732] [P4Runtime] p4::tmp::P4DeviceConfig is deprecated
[08:18:18.807] [bmv2] [D] [thread 20732] Set default default entry for table 'tbl_drop': MyIngress.drop - 
[08:18:18.807] [bmv2] [D] [thread 20732] Set default default entry for table 'MyIngress.ipv4_lpm': MyIngress.drop - 
P4Runtime Write
device_id: 2
election_id {
  low: 1
}
updates {
  type: INSERT
  entity {
    table_entry {
      table_id: 33574068
      match {
        field_id: 1
        lpm {
          value: "\n\000\003\003"
          prefix_len: 32
        }
      }
      action {
        action {
          action_id: 16799317
          params {
            param_id: 1
            value: "\010\000\000\000\0033"
          }
          params {
            param_id: 2
            value: "\000\001"
          }
        }
      }
    }
  }
}
[08:18:18.815] [bmv2] [D] [thread 20732] Entry 0 added to table 'MyIngress.ipv4_lpm'
[08:18:18.815] [bmv2] [D] [thread 20732] Dumping entry 0
Match key:
* hdr.ipv4.dstAddr    : LPM       0a000303/32
Action entry: MyIngress.ipv4_forward - 80000000333,1,

P4Runtime Write
device_id: 2
election_id {
  low: 1
}
updates {
  type: INSERT
  entity {
    table_entry {
      table_id: 33574068
      match {
        field_id: 1
        lpm {
          value: "\n\000\001\001"
          prefix_len: 32
        }
      }
      action {
        action {
          action_id: 16799317
          params {
            param_id: 1
            value: "\010\000\000\000\001\000"
          }
          params {
            param_id: 2
            value: "\000\002"
          }
        }
      }
    }
  }
}
[08:18:18.816] [bmv2] [D] [thread 20732] Entry 1 added to table 'MyIngress.ipv4_lpm'
[08:18:18.816] [bmv2] [D] [thread 20732] Dumping entry 1
Match key:
* hdr.ipv4.dstAddr    : LPM       0a000101/32
Action entry: MyIngress.ipv4_forward - 80000000100,2,

P4Runtime Write
device_id: 2
election_id {
  low: 1
}
updates {
  type: INSERT
  entity {
    table_entry {
      table_id: 33574068
      match {
        field_id: 1
        lpm {
          value: "\n\000\002\002"
          prefix_len: 32
        }
      }
      action {
        action {
          action_id: 16799317
          params {
            param_id: 1
            value: "\010\000\000\000\002\000"
          }
          params {
            param_id: 2
            value: "\000\003"
          }
        }
      }
    }
  }
}
[08:18:18.816] [bmv2] [D] [thread 20732] Entry 2 added to table 'MyIngress.ipv4_lpm'
[08:18:18.816] [bmv2] [D] [thread 20732] Dumping entry 2
Match key:
* hdr.ipv4.dstAddr    : LPM       0a000202/32
Action entry: MyIngress.ipv4_forward - 80000000200,3,

P4Runtime Write
device_id: 2
election_id {
  low: 1
}
updates {
  type: INSERT
  entity {
    table_entry {
      table_id: 33574068
      match {
        field_id: 1
        lpm {
          value: "\300\000\000\000"
          prefix_len: 8
        }
      }
      action {
        action {
          action_id: 16799317
          params {
            param_id: 1
            value: "\010\000\000\000\001\021"
          }
          params {
            param_id: 2
            value: "\000\002"
          }
        }
      }
    }
  }
}
[08:18:18.818] [bmv2] [D] [thread 20732] Entry 3 added to table 'MyIngress.ipv4_lpm'
[08:18:18.818] [bmv2] [D] [thread 20732] Dumping entry 3
Match key:
* hdr.ipv4.dstAddr    : LPM       c0000000/8
Action entry: MyIngress.ipv4_forward - 80000000111,2,

