Calling target program-options parser
[20:25:45.451] [bmv2] [D] [thread 27985] Set default default entry for table 'tbl_drop': MyIngress.drop - 
[20:25:45.451] [bmv2] [D] [thread 27985] Set default default entry for table 'MyIngress.ipv4_lpm': MyIngress.drop - 
Adding interface s0-eth1 as port 1
[20:25:45.452] [bmv2] [D] [thread 27985] Adding interface s0-eth1 as port 1
Adding interface s0-eth2 as port 2
[20:25:45.481] [bmv2] [D] [thread 27985] Adding interface s0-eth2 as port 2
Adding interface s0-eth3 as port 3
[20:25:45.508] [bmv2] [D] [thread 27985] Adding interface s0-eth3 as port 3
Adding interface s0-eth4 as port 4
[20:25:45.522] [bmv2] [D] [thread 27985] Adding interface s0-eth4 as port 4
I0505 20:25:45.551579684   27985 server_builder.cc:247]      Synchronous server. Num CQs: 1, Min pollers: 1, Max Pollers: 2147483647, CQ timeout (msec): 1000
Server listening on 0.0.0.0:50051
[20:25:45.552] [bmv2] [I] [thread 27985] Starting Thrift server on port 9090
[20:25:45.553] [bmv2] [I] [thread 27985] Thrift server was started
[20:25:45.589] [bmv2] [D] [thread 27992] [0.0] [cxt 0] Processing packet received on port 4
[20:25:45.589] [bmv2] [D] [thread 27992] [0.0] [cxt 0] Parser 'parser': start
[20:25:45.589] [bmv2] [D] [thread 27992] [0.0] [cxt 0] Parser 'parser' entering state 'start'
[20:25:45.589] [bmv2] [D] [thread 27992] [0.0] [cxt 0] Extracting header 'ethernet'
[20:25:45.589] [bmv2] [D] [thread 27992] [0.0] [cxt 0] Parser state 'start': key is 86dd
[20:25:45.589] [bmv2] [T] [thread 27992] [0.0] [cxt 0] Bytes parsed: 14
[20:25:45.589] [bmv2] [D] [thread 27992] [0.0] [cxt 0] Parser 'parser': end
[20:25:45.589] [bmv2] [D] [thread 27992] [0.0] [cxt 0] Pipeline 'ingress': start
[20:25:45.589] [bmv2] [T] [thread 27992] [0.0] [cxt 0] ../build_dependencies/net_cache.p4(114) Condition "hdr.ipv4.isValid()" (node_2) is false
[20:25:45.589] [bmv2] [D] [thread 27992] [0.0] [cxt 0] Pipeline 'ingress': end
[20:25:45.589] [bmv2] [D] [thread 27992] [0.0] [cxt 0] Egress port is 0
[20:25:45.589] [bmv2] [D] [thread 27993] [0.0] [cxt 0] Pipeline 'egress': start
[20:25:45.589] [bmv2] [D] [thread 27993] [0.0] [cxt 0] Pipeline 'egress': end
[20:25:45.589] [bmv2] [D] [thread 27993] [0.0] [cxt 0] Deparser 'deparser': start
[20:25:45.589] [bmv2] [T] [thread 27993] [0.0] [cxt 0] Skipping checksum 'cksum' update because condition not met
[20:25:45.589] [bmv2] [D] [thread 27993] [0.0] [cxt 0] Deparsing header 'ethernet'
[20:25:45.589] [bmv2] [D] [thread 27993] [0.0] [cxt 0] Deparser 'deparser': end
[20:25:45.589] [bmv2] [D] [thread 27997] [0.0] [cxt 0] Transmitting packet of size 90 out of port 0
[20:25:45.599] [bmv2] [D] [thread 27992] [1.0] [cxt 0] Processing packet received on port 3
[20:25:45.599] [bmv2] [D] [thread 27992] [1.0] [cxt 0] Parser 'parser': start
[20:25:45.599] [bmv2] [D] [thread 27992] [1.0] [cxt 0] Parser 'parser' entering state 'start'
[20:25:45.599] [bmv2] [D] [thread 27992] [1.0] [cxt 0] Extracting header 'ethernet'
[20:25:45.599] [bmv2] [D] [thread 27992] [1.0] [cxt 0] Parser state 'start': key is 86dd
[20:25:45.599] [bmv2] [T] [thread 27992] [1.0] [cxt 0] Bytes parsed: 14
[20:25:45.599] [bmv2] [D] [thread 27992] [1.0] [cxt 0] Parser 'parser': end
[20:25:45.599] [bmv2] [D] [thread 27992] [1.0] [cxt 0] Pipeline 'ingress': start
[20:25:45.599] [bmv2] [T] [thread 27992] [1.0] [cxt 0] ../build_dependencies/net_cache.p4(114) Condition "hdr.ipv4.isValid()" (node_2) is false
[20:25:45.599] [bmv2] [D] [thread 27992] [1.0] [cxt 0] Pipeline 'ingress': end
[20:25:45.599] [bmv2] [D] [thread 27992] [1.0] [cxt 0] Egress port is 0
[20:25:45.599] [bmv2] [D] [thread 27993] [1.0] [cxt 0] Pipeline 'egress': start
[20:25:45.599] [bmv2] [D] [thread 27993] [1.0] [cxt 0] Pipeline 'egress': end
[20:25:45.599] [bmv2] [D] [thread 27993] [1.0] [cxt 0] Deparser 'deparser': start
[20:25:45.599] [bmv2] [T] [thread 27993] [1.0] [cxt 0] Skipping checksum 'cksum' update because condition not met
[20:25:45.599] [bmv2] [D] [thread 27993] [1.0] [cxt 0] Deparsing header 'ethernet'
[20:25:45.599] [bmv2] [D] [thread 27993] [1.0] [cxt 0] Deparser 'deparser': end
[20:25:45.599] [bmv2] [D] [thread 27997] [1.0] [cxt 0] Transmitting packet of size 78 out of port 0
[20:25:45.624] [bmv2] [D] [thread 27992] [2.0] [cxt 0] Processing packet received on port 2
[20:25:45.624] [bmv2] [D] [thread 27992] [2.0] [cxt 0] Parser 'parser': start
[20:25:45.624] [bmv2] [D] [thread 27992] [2.0] [cxt 0] Parser 'parser' entering state 'start'
[20:25:45.624] [bmv2] [D] [thread 27992] [2.0] [cxt 0] Extracting header 'ethernet'
[20:25:45.624] [bmv2] [D] [thread 27992] [2.0] [cxt 0] Parser state 'start': key is 86dd
[20:25:45.624] [bmv2] [T] [thread 27992] [2.0] [cxt 0] Bytes parsed: 14
[20:25:45.624] [bmv2] [D] [thread 27992] [2.0] [cxt 0] Parser 'parser': end
[20:25:45.624] [bmv2] [D] [thread 27992] [2.0] [cxt 0] Pipeline 'ingress': start
[20:25:45.624] [bmv2] [T] [thread 27992] [2.0] [cxt 0] ../build_dependencies/net_cache.p4(114) Condition "hdr.ipv4.isValid()" (node_2) is false
[20:25:45.624] [bmv2] [D] [thread 27992] [2.0] [cxt 0] Pipeline 'ingress': end
[20:25:45.624] [bmv2] [D] [thread 27992] [2.0] [cxt 0] Egress port is 0
[20:25:45.624] [bmv2] [D] [thread 27993] [2.0] [cxt 0] Pipeline 'egress': start
[20:25:45.624] [bmv2] [D] [thread 27993] [2.0] [cxt 0] Pipeline 'egress': end
[20:25:45.624] [bmv2] [D] [thread 27993] [2.0] [cxt 0] Deparser 'deparser': start
[20:25:45.624] [bmv2] [T] [thread 27993] [2.0] [cxt 0] Skipping checksum 'cksum' update because condition not met
[20:25:45.624] [bmv2] [D] [thread 27993] [2.0] [cxt 0] Deparsing header 'ethernet'
[20:25:45.624] [bmv2] [D] [thread 27993] [2.0] [cxt 0] Deparser 'deparser': end
[20:25:45.624] [bmv2] [D] [thread 27997] [2.0] [cxt 0] Transmitting packet of size 90 out of port 0
[20:25:45.693] [bmv2] [D] [thread 27992] [3.0] [cxt 0] Processing packet received on port 2
[20:25:45.693] [bmv2] [D] [thread 27992] [3.0] [cxt 0] Parser 'parser': start
[20:25:45.693] [bmv2] [D] [thread 27992] [3.0] [cxt 0] Parser 'parser' entering state 'start'
[20:25:45.693] [bmv2] [D] [thread 27992] [3.0] [cxt 0] Extracting header 'ethernet'
[20:25:45.693] [bmv2] [D] [thread 27992] [3.0] [cxt 0] Parser state 'start': key is 86dd
[20:25:45.693] [bmv2] [T] [thread 27992] [3.0] [cxt 0] Bytes parsed: 14
[20:25:45.693] [bmv2] [D] [thread 27992] [3.0] [cxt 0] Parser 'parser': end
[20:25:45.693] [bmv2] [D] [thread 27992] [3.0] [cxt 0] Pipeline 'ingress': start
[20:25:45.693] [bmv2] [T] [thread 27992] [3.0] [cxt 0] ../build_dependencies/net_cache.p4(114) Condition "hdr.ipv4.isValid()" (node_2) is false
[20:25:45.693] [bmv2] [D] [thread 27992] [3.0] [cxt 0] Pipeline 'ingress': end
[20:25:45.693] [bmv2] [D] [thread 27992] [3.0] [cxt 0] Egress port is 0
[20:25:45.693] [bmv2] [D] [thread 27993] [3.0] [cxt 0] Pipeline 'egress': start
[20:25:45.693] [bmv2] [D] [thread 27993] [3.0] [cxt 0] Pipeline 'egress': end
[20:25:45.693] [bmv2] [D] [thread 27993] [3.0] [cxt 0] Deparser 'deparser': start
[20:25:45.693] [bmv2] [T] [thread 27993] [3.0] [cxt 0] Skipping checksum 'cksum' update because condition not met
[20:25:45.693] [bmv2] [D] [thread 27993] [3.0] [cxt 0] Deparsing header 'ethernet'
[20:25:45.693] [bmv2] [D] [thread 27993] [3.0] [cxt 0] Deparser 'deparser': end
[20:25:45.693] [bmv2] [D] [thread 27997] [3.0] [cxt 0] Transmitting packet of size 90 out of port 0
[20:25:45.757] [bmv2] [D] [thread 27992] [4.0] [cxt 0] Processing packet received on port 4
[20:25:45.757] [bmv2] [D] [thread 27992] [4.0] [cxt 0] Parser 'parser': start
[20:25:45.757] [bmv2] [D] [thread 27992] [4.0] [cxt 0] Parser 'parser' entering state 'start'
[20:25:45.757] [bmv2] [D] [thread 27992] [4.0] [cxt 0] Extracting header 'ethernet'
[20:25:45.757] [bmv2] [D] [thread 27992] [4.0] [cxt 0] Parser state 'start': key is 86dd
[20:25:45.757] [bmv2] [T] [thread 27992] [4.0] [cxt 0] Bytes parsed: 14
[20:25:45.757] [bmv2] [D] [thread 27992] [4.0] [cxt 0] Parser 'parser': end
[20:25:45.757] [bmv2] [D] [thread 27992] [4.0] [cxt 0] Pipeline 'ingress': start
[20:25:45.757] [bmv2] [T] [thread 27992] [4.0] [cxt 0] ../build_dependencies/net_cache.p4(114) Condition "hdr.ipv4.isValid()" (node_2) is false
[20:25:45.757] [bmv2] [D] [thread 27992] [4.0] [cxt 0] Pipeline 'ingress': end
[20:25:45.757] [bmv2] [D] [thread 27992] [4.0] [cxt 0] Egress port is 0
[20:25:45.757] [bmv2] [D] [thread 27993] [4.0] [cxt 0] Pipeline 'egress': start
[20:25:45.757] [bmv2] [D] [thread 27993] [4.0] [cxt 0] Pipeline 'egress': end
[20:25:45.757] [bmv2] [D] [thread 27993] [4.0] [cxt 0] Deparser 'deparser': start
[20:25:45.757] [bmv2] [T] [thread 27993] [4.0] [cxt 0] Skipping checksum 'cksum' update because condition not met
[20:25:45.757] [bmv2] [D] [thread 27993] [4.0] [cxt 0] Deparsing header 'ethernet'
[20:25:45.757] [bmv2] [D] [thread 27993] [4.0] [cxt 0] Deparser 'deparser': end
[20:25:45.757] [bmv2] [D] [thread 27997] [4.0] [cxt 0] Transmitting packet of size 78 out of port 0
[20:25:45.765] [bmv2] [D] [thread 27992] [5.0] [cxt 0] Processing packet received on port 1
[20:25:45.765] [bmv2] [D] [thread 27992] [5.0] [cxt 0] Parser 'parser': start
[20:25:45.765] [bmv2] [D] [thread 27992] [5.0] [cxt 0] Parser 'parser' entering state 'start'
[20:25:45.765] [bmv2] [D] [thread 27992] [5.0] [cxt 0] Extracting header 'ethernet'
[20:25:45.765] [bmv2] [D] [thread 27992] [5.0] [cxt 0] Parser state 'start': key is 86dd
[20:25:45.765] [bmv2] [T] [thread 27992] [5.0] [cxt 0] Bytes parsed: 14
[20:25:45.765] [bmv2] [D] [thread 27992] [5.0] [cxt 0] Parser 'parser': end
[20:25:45.765] [bmv2] [D] [thread 27992] [5.0] [cxt 0] Pipeline 'ingress': start
[20:25:45.765] [bmv2] [T] [thread 27992] [5.0] [cxt 0] ../build_dependencies/net_cache.p4(114) Condition "hdr.ipv4.isValid()" (node_2) is false
[20:25:45.765] [bmv2] [D] [thread 27992] [5.0] [cxt 0] Pipeline 'ingress': end
[20:25:45.765] [bmv2] [D] [thread 27992] [5.0] [cxt 0] Egress port is 0
[20:25:45.765] [bmv2] [D] [thread 27993] [5.0] [cxt 0] Pipeline 'egress': start
[20:25:45.765] [bmv2] [D] [thread 27993] [5.0] [cxt 0] Pipeline 'egress': end
[20:25:45.765] [bmv2] [D] [thread 27993] [5.0] [cxt 0] Deparser 'deparser': start
[20:25:45.765] [bmv2] [T] [thread 27993] [5.0] [cxt 0] Skipping checksum 'cksum' update because condition not met
[20:25:45.765] [bmv2] [D] [thread 27993] [5.0] [cxt 0] Deparsing header 'ethernet'
[20:25:45.765] [bmv2] [D] [thread 27993] [5.0] [cxt 0] Deparser 'deparser': end
[20:25:45.765] [bmv2] [D] [thread 27997] [5.0] [cxt 0] Transmitting packet of size 90 out of port 0
[20:25:45.837] [bmv2] [D] [thread 27992] [6.0] [cxt 0] Processing packet received on port 1
[20:25:45.837] [bmv2] [D] [thread 27992] [6.0] [cxt 0] Parser 'parser': start
[20:25:45.837] [bmv2] [D] [thread 27992] [6.0] [cxt 0] Parser 'parser' entering state 'start'
[20:25:45.837] [bmv2] [D] [thread 27992] [6.0] [cxt 0] Extracting header 'ethernet'
[20:25:45.837] [bmv2] [D] [thread 27992] [6.0] [cxt 0] Parser state 'start': key is 86dd
[20:25:45.837] [bmv2] [T] [thread 27992] [6.0] [cxt 0] Bytes parsed: 14
[20:25:45.837] [bmv2] [D] [thread 27992] [6.0] [cxt 0] Parser 'parser': end
[20:25:45.837] [bmv2] [D] [thread 27992] [6.0] [cxt 0] Pipeline 'ingress': start
[20:25:45.837] [bmv2] [T] [thread 27992] [6.0] [cxt 0] ../build_dependencies/net_cache.p4(114) Condition "hdr.ipv4.isValid()" (node_2) is false
[20:25:45.837] [bmv2] [D] [thread 27992] [6.0] [cxt 0] Pipeline 'ingress': end
[20:25:45.837] [bmv2] [D] [thread 27992] [6.0] [cxt 0] Egress port is 0
[20:25:45.837] [bmv2] [D] [thread 27993] [6.0] [cxt 0] Pipeline 'egress': start
[20:25:45.837] [bmv2] [D] [thread 27993] [6.0] [cxt 0] Pipeline 'egress': end
[20:25:45.837] [bmv2] [D] [thread 27993] [6.0] [cxt 0] Deparser 'deparser': start
[20:25:45.837] [bmv2] [T] [thread 27993] [6.0] [cxt 0] Skipping checksum 'cksum' update because condition not met
[20:25:45.837] [bmv2] [D] [thread 27993] [6.0] [cxt 0] Deparsing header 'ethernet'
[20:25:45.837] [bmv2] [D] [thread 27993] [6.0] [cxt 0] Deparser 'deparser': end
[20:25:45.837] [bmv2] [D] [thread 27997] [6.0] [cxt 0] Transmitting packet of size 78 out of port 0
[20:25:46.004] [bmv2] [D] [thread 27992] [7.0] [cxt 0] Processing packet received on port 1
[20:25:46.004] [bmv2] [D] [thread 27992] [7.0] [cxt 0] Parser 'parser': start
[20:25:46.004] [bmv2] [D] [thread 27992] [7.0] [cxt 0] Parser 'parser' entering state 'start'
[20:25:46.004] [bmv2] [D] [thread 27992] [7.0] [cxt 0] Extracting header 'ethernet'
[20:25:46.004] [bmv2] [D] [thread 27992] [7.0] [cxt 0] Parser state 'start': key is 86dd
[20:25:46.004] [bmv2] [T] [thread 27992] [7.0] [cxt 0] Bytes parsed: 14
[20:25:46.004] [bmv2] [D] [thread 27992] [7.0] [cxt 0] Parser 'parser': end
[20:25:46.004] [bmv2] [D] [thread 27992] [7.0] [cxt 0] Pipeline 'ingress': start
[20:25:46.004] [bmv2] [T] [thread 27992] [7.0] [cxt 0] ../build_dependencies/net_cache.p4(114) Condition "hdr.ipv4.isValid()" (node_2) is false
[20:25:46.004] [bmv2] [D] [thread 27992] [7.0] [cxt 0] Pipeline 'ingress': end
[20:25:46.004] [bmv2] [D] [thread 27992] [7.0] [cxt 0] Egress port is 0
[20:25:46.004] [bmv2] [D] [thread 27993] [7.0] [cxt 0] Pipeline 'egress': start
[20:25:46.004] [bmv2] [D] [thread 27993] [7.0] [cxt 0] Pipeline 'egress': end
[20:25:46.004] [bmv2] [D] [thread 27993] [7.0] [cxt 0] Deparser 'deparser': start
[20:25:46.004] [bmv2] [T] [thread 27993] [7.0] [cxt 0] Skipping checksum 'cksum' update because condition not met
[20:25:46.004] [bmv2] [D] [thread 27993] [7.0] [cxt 0] Deparsing header 'ethernet'
[20:25:46.004] [bmv2] [D] [thread 27993] [7.0] [cxt 0] Deparser 'deparser': end
[20:25:46.004] [bmv2] [D] [thread 27997] [7.0] [cxt 0] Transmitting packet of size 90 out of port 0
[20:25:46.075] [bmv2] [D] [thread 27992] [8.0] [cxt 0] Processing packet received on port 4
[20:25:46.075] [bmv2] [D] [thread 27992] [8.0] [cxt 0] Parser 'parser': start
[20:25:46.075] [bmv2] [D] [thread 27992] [8.0] [cxt 0] Parser 'parser' entering state 'start'
[20:25:46.075] [bmv2] [D] [thread 27992] [8.0] [cxt 0] Extracting header 'ethernet'
[20:25:46.076] [bmv2] [D] [thread 27992] [8.0] [cxt 0] Parser state 'start': key is 86dd
[20:25:46.076] [bmv2] [T] [thread 27992] [8.0] [cxt 0] Bytes parsed: 14
[20:25:46.076] [bmv2] [D] [thread 27992] [8.0] [cxt 0] Parser 'parser': end
[20:25:46.076] [bmv2] [D] [thread 27992] [8.0] [cxt 0] Pipeline 'ingress': start
[20:25:46.076] [bmv2] [T] [thread 27992] [8.0] [cxt 0] ../build_dependencies/net_cache.p4(114) Condition "hdr.ipv4.isValid()" (node_2) is false
[20:25:46.076] [bmv2] [D] [thread 27992] [8.0] [cxt 0] Pipeline 'ingress': end
[20:25:46.076] [bmv2] [D] [thread 27992] [8.0] [cxt 0] Egress port is 0
[20:25:46.076] [bmv2] [D] [thread 27993] [8.0] [cxt 0] Pipeline 'egress': start
[20:25:46.076] [bmv2] [D] [thread 27993] [8.0] [cxt 0] Pipeline 'egress': end
[20:25:46.076] [bmv2] [D] [thread 27993] [8.0] [cxt 0] Deparser 'deparser': start
[20:25:46.076] [bmv2] [T] [thread 27993] [8.0] [cxt 0] Skipping checksum 'cksum' update because condition not met
[20:25:46.076] [bmv2] [D] [thread 27993] [8.0] [cxt 0] Deparsing header 'ethernet'
[20:25:46.076] [bmv2] [D] [thread 27993] [8.0] [cxt 0] Deparser 'deparser': end
[20:25:46.076] [bmv2] [D] [thread 27997] [8.0] [cxt 0] Transmitting packet of size 90 out of port 0
[20:25:46.183] [bmv2] [D] [thread 27992] [9.0] [cxt 0] Processing packet received on port 2
[20:25:46.186] [bmv2] [D] [thread 27992] [9.0] [cxt 0] Parser 'parser': start
[20:25:46.186] [bmv2] [D] [thread 27992] [9.0] [cxt 0] Parser 'parser' entering state 'start'
[20:25:46.186] [bmv2] [D] [thread 27992] [9.0] [cxt 0] Extracting header 'ethernet'
[20:25:46.186] [bmv2] [D] [thread 27992] [9.0] [cxt 0] Parser state 'start': key is 86dd
[20:25:46.186] [bmv2] [T] [thread 27992] [9.0] [cxt 0] Bytes parsed: 14
[20:25:46.186] [bmv2] [D] [thread 27992] [9.0] [cxt 0] Parser 'parser': end
[20:25:46.186] [bmv2] [D] [thread 27992] [9.0] [cxt 0] Pipeline 'ingress': start
[20:25:46.186] [bmv2] [T] [thread 27992] [9.0] [cxt 0] ../build_dependencies/net_cache.p4(114) Condition "hdr.ipv4.isValid()" (node_2) is false
[20:25:46.186] [bmv2] [D] [thread 27992] [9.0] [cxt 0] Pipeline 'ingress': end
[20:25:46.186] [bmv2] [D] [thread 27992] [9.0] [cxt 0] Egress port is 0
[20:25:46.186] [bmv2] [D] [thread 27992] [10.0] [cxt 0] Processing packet received on port 3
[20:25:46.186] [bmv2] [D] [thread 27992] [10.0] [cxt 0] Parser 'parser': start
[20:25:46.186] [bmv2] [D] [thread 27992] [10.0] [cxt 0] Parser 'parser' entering state 'start'
[20:25:46.186] [bmv2] [D] [thread 27992] [10.0] [cxt 0] Extracting header 'ethernet'
[20:25:46.186] [bmv2] [D] [thread 27992] [10.0] [cxt 0] Parser state 'start': key is 86dd
[20:25:46.186] [bmv2] [T] [thread 27992] [10.0] [cxt 0] Bytes parsed: 14
[20:25:46.186] [bmv2] [D] [thread 27992] [10.0] [cxt 0] Parser 'parser': end
[20:25:46.186] [bmv2] [D] [thread 27992] [10.0] [cxt 0] Pipeline 'ingress': start
[20:25:46.186] [bmv2] [T] [thread 27992] [10.0] [cxt 0] ../build_dependencies/net_cache.p4(114) Condition "hdr.ipv4.isValid()" (node_2) is false
[20:25:46.186] [bmv2] [D] [thread 27992] [10.0] [cxt 0] Pipeline 'ingress': end
[20:25:46.186] [bmv2] [D] [thread 27992] [10.0] [cxt 0] Egress port is 0
[20:25:46.186] [bmv2] [D] [thread 27993] [9.0] [cxt 0] Pipeline 'egress': start
[20:25:46.186] [bmv2] [D] [thread 27993] [9.0] [cxt 0] Pipeline 'egress': end
[20:25:46.186] [bmv2] [D] [thread 27993] [9.0] [cxt 0] Deparser 'deparser': start
[20:25:46.186] [bmv2] [T] [thread 27993] [9.0] [cxt 0] Skipping checksum 'cksum' update because condition not met
[20:25:46.186] [bmv2] [D] [thread 27993] [9.0] [cxt 0] Deparsing header 'ethernet'
[20:25:46.186] [bmv2] [D] [thread 27993] [9.0] [cxt 0] Deparser 'deparser': end
[20:25:46.186] [bmv2] [D] [thread 27993] [10.0] [cxt 0] Pipeline 'egress': start
[20:25:46.186] [bmv2] [D] [thread 27993] [10.0] [cxt 0] Pipeline 'egress': end
[20:25:46.186] [bmv2] [D] [thread 27993] [10.0] [cxt 0] Deparser 'deparser': start
[20:25:46.186] [bmv2] [T] [thread 27993] [10.0] [cxt 0] Skipping checksum 'cksum' update because condition not met
[20:25:46.186] [bmv2] [D] [thread 27993] [10.0] [cxt 0] Deparsing header 'ethernet'
[20:25:46.186] [bmv2] [D] [thread 27993] [10.0] [cxt 0] Deparser 'deparser': end
[20:25:46.186] [bmv2] [D] [thread 27997] [9.0] [cxt 0] Transmitting packet of size 90 out of port 0
[20:25:46.186] [bmv2] [D] [thread 27997] [10.0] [cxt 0] Transmitting packet of size 90 out of port 0
[20:25:46.186] [bmv2] [D] [thread 27992] [11.0] [cxt 0] Processing packet received on port 2
[20:25:46.187] [bmv2] [D] [thread 27992] [11.0] [cxt 0] Parser 'parser': start
[20:25:46.187] [bmv2] [D] [thread 27992] [11.0] [cxt 0] Parser 'parser' entering state 'start'
[20:25:46.187] [bmv2] [D] [thread 27992] [11.0] [cxt 0] Extracting header 'ethernet'
[20:25:46.187] [bmv2] [D] [thread 27992] [11.0] [cxt 0] Parser state 'start': key is 86dd
[20:25:46.187] [bmv2] [T] [thread 27992] [11.0] [cxt 0] Bytes parsed: 14
[20:25:46.187] [bmv2] [D] [thread 27992] [11.0] [cxt 0] Parser 'parser': end
[20:25:46.187] [bmv2] [D] [thread 27992] [11.0] [cxt 0] Pipeline 'ingress': start
[20:25:46.187] [bmv2] [T] [thread 27992] [11.0] [cxt 0] ../build_dependencies/net_cache.p4(114) Condition "hdr.ipv4.isValid()" (node_2) is false
[20:25:46.187] [bmv2] [D] [thread 27992] [11.0] [cxt 0] Pipeline 'ingress': end
[20:25:46.187] [bmv2] [D] [thread 27992] [11.0] [cxt 0] Egress port is 0
[20:25:46.187] [bmv2] [D] [thread 27992] [12.0] [cxt 0] Processing packet received on port 3
[20:25:46.187] [bmv2] [D] [thread 27992] [12.0] [cxt 0] Parser 'parser': start
[20:25:46.187] [bmv2] [D] [thread 27992] [12.0] [cxt 0] Parser 'parser' entering state 'start'
[20:25:46.187] [bmv2] [D] [thread 27992] [12.0] [cxt 0] Extracting header 'ethernet'
[20:25:46.187] [bmv2] [D] [thread 27992] [12.0] [cxt 0] Parser state 'start': key is 86dd
[20:25:46.187] [bmv2] [T] [thread 27992] [12.0] [cxt 0] Bytes parsed: 14
[20:25:46.187] [bmv2] [D] [thread 27992] [12.0] [cxt 0] Parser 'parser': end
[20:25:46.187] [bmv2] [D] [thread 27992] [12.0] [cxt 0] Pipeline 'ingress': start
[20:25:46.187] [bmv2] [T] [thread 27992] [12.0] [cxt 0] ../build_dependencies/net_cache.p4(114) Condition "hdr.ipv4.isValid()" (node_2) is false
[20:25:46.187] [bmv2] [D] [thread 27992] [12.0] [cxt 0] Pipeline 'ingress': end
[20:25:46.187] [bmv2] [D] [thread 27992] [12.0] [cxt 0] Egress port is 0
[20:25:46.187] [bmv2] [D] [thread 27993] [11.0] [cxt 0] Pipeline 'egress': start
[20:25:46.187] [bmv2] [D] [thread 27993] [11.0] [cxt 0] Pipeline 'egress': end
[20:25:46.187] [bmv2] [D] [thread 27993] [11.0] [cxt 0] Deparser 'deparser': start
[20:25:46.187] [bmv2] [T] [thread 27993] [11.0] [cxt 0] Skipping checksum 'cksum' update because condition not met
[20:25:46.187] [bmv2] [D] [thread 27993] [11.0] [cxt 0] Deparsing header 'ethernet'
[20:25:46.187] [bmv2] [D] [thread 27993] [11.0] [cxt 0] Deparser 'deparser': end
[20:25:46.187] [bmv2] [D] [thread 27993] [12.0] [cxt 0] Pipeline 'egress': start
[20:25:46.187] [bmv2] [D] [thread 27993] [12.0] [cxt 0] Pipeline 'egress': end
[20:25:46.187] [bmv2] [D] [thread 27993] [12.0] [cxt 0] Deparser 'deparser': start
[20:25:46.187] [bmv2] [T] [thread 27993] [12.0] [cxt 0] Skipping checksum 'cksum' update because condition not met
[20:25:46.187] [bmv2] [D] [thread 27993] [12.0] [cxt 0] Deparsing header 'ethernet'
[20:25:46.187] [bmv2] [D] [thread 27993] [12.0] [cxt 0] Deparser 'deparser': end
[20:25:46.187] [bmv2] [D] [thread 27997] [11.0] [cxt 0] Transmitting packet of size 70 out of port 0
[20:25:46.187] [bmv2] [D] [thread 27997] [12.0] [cxt 0] Transmitting packet of size 70 out of port 0
[20:25:46.247] [bmv2] [D] [thread 27992] [13.0] [cxt 0] Processing packet received on port 2
[20:25:46.247] [bmv2] [D] [thread 27992] [13.0] [cxt 0] Parser 'parser': start
[20:25:46.247] [bmv2] [D] [thread 27992] [13.0] [cxt 0] Parser 'parser' entering state 'start'
[20:25:46.247] [bmv2] [D] [thread 27992] [13.0] [cxt 0] Extracting header 'ethernet'
[20:25:46.247] [bmv2] [D] [thread 27992] [13.0] [cxt 0] Parser state 'start': key is 86dd
[20:25:46.247] [bmv2] [T] [thread 27992] [13.0] [cxt 0] Bytes parsed: 14
[20:25:46.248] [bmv2] [D] [thread 27992] [13.0] [cxt 0] Parser 'parser': end
[20:25:46.248] [bmv2] [D] [thread 27992] [13.0] [cxt 0] Pipeline 'ingress': start
[20:25:46.248] [bmv2] [T] [thread 27992] [13.0] [cxt 0] ../build_dependencies/net_cache.p4(114) Condition "hdr.ipv4.isValid()" (node_2) is false
[20:25:46.248] [bmv2] [D] [thread 27992] [13.0] [cxt 0] Pipeline 'ingress': end
[20:25:46.248] [bmv2] [D] [thread 27992] [13.0] [cxt 0] Egress port is 0
[20:25:46.248] [bmv2] [D] [thread 27993] [13.0] [cxt 0] Pipeline 'egress': start
[20:25:46.248] [bmv2] [D] [thread 27993] [13.0] [cxt 0] Pipeline 'egress': end
[20:25:46.248] [bmv2] [D] [thread 27993] [13.0] [cxt 0] Deparser 'deparser': start
[20:25:46.248] [bmv2] [T] [thread 27993] [13.0] [cxt 0] Skipping checksum 'cksum' update because condition not met
[20:25:46.248] [bmv2] [D] [thread 27993] [13.0] [cxt 0] Deparsing header 'ethernet'
[20:25:46.248] [bmv2] [D] [thread 27993] [13.0] [cxt 0] Deparser 'deparser': end
[20:25:46.248] [bmv2] [D] [thread 27997] [13.0] [cxt 0] Transmitting packet of size 90 out of port 0
[20:25:46.310] [bmv2] [D] [thread 27992] [14.0] [cxt 0] Processing packet received on port 1
[20:25:46.310] [bmv2] [D] [thread 27992] [14.0] [cxt 0] Parser 'parser': start
[20:25:46.310] [bmv2] [D] [thread 27992] [14.0] [cxt 0] Parser 'parser' entering state 'start'
[20:25:46.310] [bmv2] [D] [thread 27992] [14.0] [cxt 0] Extracting header 'ethernet'
[20:25:46.310] [bmv2] [D] [thread 27992] [14.0] [cxt 0] Parser state 'start': key is 86dd
[20:25:46.310] [bmv2] [T] [thread 27992] [14.0] [cxt 0] Bytes parsed: 14
[20:25:46.310] [bmv2] [D] [thread 27992] [14.0] [cxt 0] Parser 'parser': end
[20:25:46.310] [bmv2] [D] [thread 27992] [14.0] [cxt 0] Pipeline 'ingress': start
[20:25:46.310] [bmv2] [T] [thread 27992] [14.0] [cxt 0] ../build_dependencies/net_cache.p4(114) Condition "hdr.ipv4.isValid()" (node_2) is false
[20:25:46.310] [bmv2] [D] [thread 27992] [14.0] [cxt 0] Pipeline 'ingress': end
[20:25:46.310] [bmv2] [D] [thread 27992] [14.0] [cxt 0] Egress port is 0
[20:25:46.310] [bmv2] [D] [thread 27992] [15.0] [cxt 0] Processing packet received on port 1
[20:25:46.310] [bmv2] [D] [thread 27992] [15.0] [cxt 0] Parser 'parser': start
[20:25:46.310] [bmv2] [D] [thread 27992] [15.0] [cxt 0] Parser 'parser' entering state 'start'
[20:25:46.310] [bmv2] [D] [thread 27992] [15.0] [cxt 0] Extracting header 'ethernet'
[20:25:46.310] [bmv2] [D] [thread 27992] [15.0] [cxt 0] Parser state 'start': key is 86dd
[20:25:46.310] [bmv2] [T] [thread 27992] [15.0] [cxt 0] Bytes parsed: 14
[20:25:46.310] [bmv2] [D] [thread 27992] [15.0] [cxt 0] Parser 'parser': end
[20:25:46.310] [bmv2] [D] [thread 27992] [15.0] [cxt 0] Pipeline 'ingress': start
[20:25:46.310] [bmv2] [T] [thread 27992] [15.0] [cxt 0] ../build_dependencies/net_cache.p4(114) Condition "hdr.ipv4.isValid()" (node_2) is false
[20:25:46.310] [bmv2] [D] [thread 27992] [15.0] [cxt 0] Pipeline 'ingress': end
[20:25:46.310] [bmv2] [D] [thread 27992] [15.0] [cxt 0] Egress port is 0
[20:25:46.310] [bmv2] [D] [thread 27993] [14.0] [cxt 0] Pipeline 'egress': start
[20:25:46.310] [bmv2] [D] [thread 27993] [14.0] [cxt 0] Pipeline 'egress': end
[20:25:46.310] [bmv2] [D] [thread 27993] [14.0] [cxt 0] Deparser 'deparser': start
[20:25:46.310] [bmv2] [T] [thread 27993] [14.0] [cxt 0] Skipping checksum 'cksum' update because condition not met
[20:25:46.310] [bmv2] [D] [thread 27993] [14.0] [cxt 0] Deparsing header 'ethernet'
[20:25:46.310] [bmv2] [D] [thread 27993] [14.0] [cxt 0] Deparser 'deparser': end
[20:25:46.310] [bmv2] [D] [thread 27993] [15.0] [cxt 0] Pipeline 'egress': start
[20:25:46.310] [bmv2] [D] [thread 27993] [15.0] [cxt 0] Pipeline 'egress': end
[20:25:46.310] [bmv2] [D] [thread 27993] [15.0] [cxt 0] Deparser 'deparser': start
[20:25:46.310] [bmv2] [T] [thread 27993] [15.0] [cxt 0] Skipping checksum 'cksum' update because condition not met
[20:25:46.310] [bmv2] [D] [thread 27993] [15.0] [cxt 0] Deparsing header 'ethernet'
[20:25:46.310] [bmv2] [D] [thread 27993] [15.0] [cxt 0] Deparser 'deparser': end
[20:25:46.310] [bmv2] [D] [thread 27997] [14.0] [cxt 0] Transmitting packet of size 90 out of port 0
[20:25:46.310] [bmv2] [D] [thread 27997] [15.0] [cxt 0] Transmitting packet of size 70 out of port 0
[20:25:46.507] [bmv2] [D] [thread 27992] [16.0] [cxt 0] Processing packet received on port 2
[20:25:46.507] [bmv2] [D] [thread 27992] [16.0] [cxt 0] Parser 'parser': start
[20:25:46.507] [bmv2] [D] [thread 27992] [16.0] [cxt 0] Parser 'parser' entering state 'start'
[20:25:46.507] [bmv2] [D] [thread 27992] [16.0] [cxt 0] Extracting header 'ethernet'
[20:25:46.507] [bmv2] [D] [thread 27992] [16.0] [cxt 0] Parser state 'start': key is 86dd
[20:25:46.507] [bmv2] [T] [thread 27992] [16.0] [cxt 0] Bytes parsed: 14
[20:25:46.507] [bmv2] [D] [thread 27992] [16.0] [cxt 0] Parser 'parser': end
[20:25:46.507] [bmv2] [D] [thread 27992] [16.0] [cxt 0] Pipeline 'ingress': start
[20:25:46.507] [bmv2] [T] [thread 27992] [16.0] [cxt 0] ../build_dependencies/net_cache.p4(114) Condition "hdr.ipv4.isValid()" (node_2) is false
[20:25:46.507] [bmv2] [D] [thread 27992] [16.0] [cxt 0] Pipeline 'ingress': end
[20:25:46.507] [bmv2] [D] [thread 27992] [16.0] [cxt 0] Egress port is 0
[20:25:46.507] [bmv2] [D] [thread 27992] [17.0] [cxt 0] Processing packet received on port 2
[20:25:46.507] [bmv2] [D] [thread 27992] [17.0] [cxt 0] Parser 'parser': start
[20:25:46.507] [bmv2] [D] [thread 27992] [17.0] [cxt 0] Parser 'parser' entering state 'start'
[20:25:46.507] [bmv2] [D] [thread 27992] [17.0] [cxt 0] Extracting header 'ethernet'
[20:25:46.507] [bmv2] [D] [thread 27992] [17.0] [cxt 0] Parser state 'start': key is 86dd
[20:25:46.507] [bmv2] [T] [thread 27992] [17.0] [cxt 0] Bytes parsed: 14
[20:25:46.507] [bmv2] [D] [thread 27992] [17.0] [cxt 0] Parser 'parser': end
[20:25:46.507] [bmv2] [D] [thread 27992] [17.0] [cxt 0] Pipeline 'ingress': start
[20:25:46.507] [bmv2] [T] [thread 27992] [17.0] [cxt 0] ../build_dependencies/net_cache.p4(114) Condition "hdr.ipv4.isValid()" (node_2) is false
[20:25:46.507] [bmv2] [D] [thread 27992] [17.0] [cxt 0] Pipeline 'ingress': end
[20:25:46.507] [bmv2] [D] [thread 27992] [17.0] [cxt 0] Egress port is 0
[20:25:46.507] [bmv2] [D] [thread 27993] [16.0] [cxt 0] Pipeline 'egress': start
[20:25:46.507] [bmv2] [D] [thread 27993] [16.0] [cxt 0] Pipeline 'egress': end
[20:25:46.507] [bmv2] [D] [thread 27993] [16.0] [cxt 0] Deparser 'deparser': start
[20:25:46.507] [bmv2] [T] [thread 27993] [16.0] [cxt 0] Skipping checksum 'cksum' update because condition not met
[20:25:46.507] [bmv2] [D] [thread 27993] [16.0] [cxt 0] Deparsing header 'ethernet'
[20:25:46.507] [bmv2] [D] [thread 27993] [16.0] [cxt 0] Deparser 'deparser': end
[20:25:46.507] [bmv2] [D] [thread 27993] [17.0] [cxt 0] Pipeline 'egress': start
[20:25:46.507] [bmv2] [D] [thread 27993] [17.0] [cxt 0] Pipeline 'egress': end
[20:25:46.507] [bmv2] [D] [thread 27993] [17.0] [cxt 0] Deparser 'deparser': start
[20:25:46.507] [bmv2] [T] [thread 27993] [17.0] [cxt 0] Skipping checksum 'cksum' update because condition not met
[20:25:46.507] [bmv2] [D] [thread 27993] [17.0] [cxt 0] Deparsing header 'ethernet'
[20:25:46.507] [bmv2] [D] [thread 27993] [17.0] [cxt 0] Deparser 'deparser': end
[20:25:46.507] [bmv2] [D] [thread 27997] [16.0] [cxt 0] Transmitting packet of size 90 out of port 0
[20:25:46.507] [bmv2] [D] [thread 27997] [17.0] [cxt 0] Transmitting packet of size 70 out of port 0
[20:25:46.535] [bmv2] [D] [thread 27992] [18.0] [cxt 0] Processing packet received on port 4
[20:25:46.535] [bmv2] [D] [thread 27992] [18.0] [cxt 0] Parser 'parser': start
[20:25:46.535] [bmv2] [D] [thread 27992] [18.0] [cxt 0] Parser 'parser' entering state 'start'
[20:25:46.535] [bmv2] [D] [thread 27992] [18.0] [cxt 0] Extracting header 'ethernet'
[20:25:46.535] [bmv2] [D] [thread 27992] [18.0] [cxt 0] Parser state 'start': key is 86dd
[20:25:46.535] [bmv2] [T] [thread 27992] [18.0] [cxt 0] Bytes parsed: 14
[20:25:46.535] [bmv2] [D] [thread 27992] [18.0] [cxt 0] Parser 'parser': end
[20:25:46.535] [bmv2] [D] [thread 27992] [18.0] [cxt 0] Pipeline 'ingress': start
[20:25:46.535] [bmv2] [T] [thread 27992] [18.0] [cxt 0] ../build_dependencies/net_cache.p4(114) Condition "hdr.ipv4.isValid()" (node_2) is false
[20:25:46.535] [bmv2] [D] [thread 27992] [18.0] [cxt 0] Pipeline 'ingress': end
[20:25:46.535] [bmv2] [D] [thread 27992] [18.0] [cxt 0] Egress port is 0
[20:25:46.535] [bmv2] [D] [thread 27992] [19.0] [cxt 0] Processing packet received on port 4
[20:25:46.535] [bmv2] [D] [thread 27992] [19.0] [cxt 0] Parser 'parser': start
[20:25:46.535] [bmv2] [D] [thread 27992] [19.0] [cxt 0] Parser 'parser' entering state 'start'
[20:25:46.535] [bmv2] [D] [thread 27992] [19.0] [cxt 0] Extracting header 'ethernet'
[20:25:46.535] [bmv2] [D] [thread 27992] [19.0] [cxt 0] Parser state 'start': key is 86dd
[20:25:46.535] [bmv2] [T] [thread 27992] [19.0] [cxt 0] Bytes parsed: 14
[20:25:46.535] [bmv2] [D] [thread 27992] [19.0] [cxt 0] Parser 'parser': end
[20:25:46.535] [bmv2] [D] [thread 27992] [19.0] [cxt 0] Pipeline 'ingress': start
[20:25:46.535] [bmv2] [T] [thread 27992] [19.0] [cxt 0] ../build_dependencies/net_cache.p4(114) Condition "hdr.ipv4.isValid()" (node_2) is false
[20:25:46.535] [bmv2] [D] [thread 27992] [19.0] [cxt 0] Pipeline 'ingress': end
[20:25:46.535] [bmv2] [D] [thread 27992] [19.0] [cxt 0] Egress port is 0
[20:25:46.535] [bmv2] [D] [thread 27993] [18.0] [cxt 0] Pipeline 'egress': start
[20:25:46.535] [bmv2] [D] [thread 27993] [18.0] [cxt 0] Pipeline 'egress': end
[20:25:46.535] [bmv2] [D] [thread 27993] [18.0] [cxt 0] Deparser 'deparser': start
[20:25:46.535] [bmv2] [T] [thread 27993] [18.0] [cxt 0] Skipping checksum 'cksum' update because condition not met
[20:25:46.535] [bmv2] [D] [thread 27993] [18.0] [cxt 0] Deparsing header 'ethernet'
[20:25:46.535] [bmv2] [D] [thread 27993] [18.0] [cxt 0] Deparser 'deparser': end
[20:25:46.535] [bmv2] [D] [thread 27993] [19.0] [cxt 0] Pipeline 'egress': start
[20:25:46.535] [bmv2] [D] [thread 27993] [19.0] [cxt 0] Pipeline 'egress': end
[20:25:46.535] [bmv2] [D] [thread 27993] [19.0] [cxt 0] Deparser 'deparser': start
[20:25:46.535] [bmv2] [T] [thread 27993] [19.0] [cxt 0] Skipping checksum 'cksum' update because condition not met
[20:25:46.535] [bmv2] [D] [thread 27993] [19.0] [cxt 0] Deparsing header 'ethernet'
[20:25:46.535] [bmv2] [D] [thread 27993] [19.0] [cxt 0] Deparser 'deparser': end
[20:25:46.535] [bmv2] [D] [thread 27997] [18.0] [cxt 0] Transmitting packet of size 90 out of port 0
[20:25:46.536] [bmv2] [D] [thread 27997] [19.0] [cxt 0] Transmitting packet of size 70 out of port 0
[20:25:46.604] [bmv2] [D] [thread 27992] [20.0] [cxt 0] Processing packet received on port 3
[20:25:46.604] [bmv2] [D] [thread 27992] [20.0] [cxt 0] Parser 'parser': start
[20:25:46.604] [bmv2] [D] [thread 27992] [20.0] [cxt 0] Parser 'parser' entering state 'start'
[20:25:46.604] [bmv2] [D] [thread 27992] [20.0] [cxt 0] Extracting header 'ethernet'
[20:25:46.604] [bmv2] [D] [thread 27992] [20.0] [cxt 0] Parser state 'start': key is 86dd
[20:25:46.604] [bmv2] [T] [thread 27992] [20.0] [cxt 0] Bytes parsed: 14
[20:25:46.604] [bmv2] [D] [thread 27992] [20.0] [cxt 0] Parser 'parser': end
[20:25:46.604] [bmv2] [D] [thread 27992] [20.0] [cxt 0] Pipeline 'ingress': start
[20:25:46.604] [bmv2] [T] [thread 27992] [20.0] [cxt 0] ../build_dependencies/net_cache.p4(114) Condition "hdr.ipv4.isValid()" (node_2) is false
[20:25:46.604] [bmv2] [D] [thread 27992] [20.0] [cxt 0] Pipeline 'ingress': end
[20:25:46.604] [bmv2] [D] [thread 27992] [20.0] [cxt 0] Egress port is 0
[20:25:46.604] [bmv2] [D] [thread 27992] [21.0] [cxt 0] Processing packet received on port 3
[20:25:46.604] [bmv2] [D] [thread 27992] [21.0] [cxt 0] Parser 'parser': start
[20:25:46.604] [bmv2] [D] [thread 27992] [21.0] [cxt 0] Parser 'parser' entering state 'start'
[20:25:46.604] [bmv2] [D] [thread 27992] [21.0] [cxt 0] Extracting header 'ethernet'
[20:25:46.604] [bmv2] [D] [thread 27992] [21.0] [cxt 0] Parser state 'start': key is 86dd
[20:25:46.604] [bmv2] [T] [thread 27992] [21.0] [cxt 0] Bytes parsed: 14
[20:25:46.604] [bmv2] [D] [thread 27992] [21.0] [cxt 0] Parser 'parser': end
[20:25:46.604] [bmv2] [D] [thread 27992] [21.0] [cxt 0] Pipeline 'ingress': start
[20:25:46.604] [bmv2] [T] [thread 27992] [21.0] [cxt 0] ../build_dependencies/net_cache.p4(114) Condition "hdr.ipv4.isValid()" (node_2) is false
[20:25:46.604] [bmv2] [D] [thread 27992] [21.0] [cxt 0] Pipeline 'ingress': end
[20:25:46.604] [bmv2] [D] [thread 27992] [21.0] [cxt 0] Egress port is 0
[20:25:46.604] [bmv2] [D] [thread 27993] [20.0] [cxt 0] Pipeline 'egress': start
[20:25:46.605] [bmv2] [D] [thread 27993] [20.0] [cxt 0] Pipeline 'egress': end
[20:25:46.605] [bmv2] [D] [thread 27993] [20.0] [cxt 0] Deparser 'deparser': start
[20:25:46.605] [bmv2] [T] [thread 27993] [20.0] [cxt 0] Skipping checksum 'cksum' update because condition not met
[20:25:46.605] [bmv2] [D] [thread 27993] [20.0] [cxt 0] Deparsing header 'ethernet'
[20:25:46.605] [bmv2] [D] [thread 27993] [20.0] [cxt 0] Deparser 'deparser': end
[20:25:46.605] [bmv2] [D] [thread 27993] [21.0] [cxt 0] Pipeline 'egress': start
[20:25:46.605] [bmv2] [D] [thread 27993] [21.0] [cxt 0] Pipeline 'egress': end
[20:25:46.605] [bmv2] [D] [thread 27993] [21.0] [cxt 0] Deparser 'deparser': start
[20:25:46.605] [bmv2] [T] [thread 27993] [21.0] [cxt 0] Skipping checksum 'cksum' update because condition not met
[20:25:46.605] [bmv2] [D] [thread 27993] [21.0] [cxt 0] Deparsing header 'ethernet'
[20:25:46.605] [bmv2] [D] [thread 27993] [21.0] [cxt 0] Deparser 'deparser': end
[20:25:46.605] [bmv2] [D] [thread 27997] [20.0] [cxt 0] Transmitting packet of size 90 out of port 0
[20:25:46.605] [bmv2] [D] [thread 27997] [21.0] [cxt 0] Transmitting packet of size 70 out of port 0
[20:25:46.642] [bmv2] [D] [thread 27992] [22.0] [cxt 0] Processing packet received on port 1
[20:25:46.642] [bmv2] [D] [thread 27992] [22.0] [cxt 0] Parser 'parser': start
[20:25:46.642] [bmv2] [D] [thread 27992] [22.0] [cxt 0] Parser 'parser' entering state 'start'
[20:25:46.642] [bmv2] [D] [thread 27992] [22.0] [cxt 0] Extracting header 'ethernet'
[20:25:46.642] [bmv2] [D] [thread 27992] [22.0] [cxt 0] Parser state 'start': key is 86dd
[20:25:46.642] [bmv2] [T] [thread 27992] [22.0] [cxt 0] Bytes parsed: 14
[20:25:46.642] [bmv2] [D] [thread 27992] [22.0] [cxt 0] Parser 'parser': end
[20:25:46.642] [bmv2] [D] [thread 27992] [22.0] [cxt 0] Pipeline 'ingress': start
[20:25:46.642] [bmv2] [T] [thread 27992] [22.0] [cxt 0] ../build_dependencies/net_cache.p4(114) Condition "hdr.ipv4.isValid()" (node_2) is false
[20:25:46.642] [bmv2] [D] [thread 27992] [22.0] [cxt 0] Pipeline 'ingress': end
[20:25:46.642] [bmv2] [D] [thread 27992] [22.0] [cxt 0] Egress port is 0
[20:25:46.642] [bmv2] [D] [thread 27993] [22.0] [cxt 0] Pipeline 'egress': start
[20:25:46.642] [bmv2] [D] [thread 27993] [22.0] [cxt 0] Pipeline 'egress': end
[20:25:46.642] [bmv2] [D] [thread 27993] [22.0] [cxt 0] Deparser 'deparser': start
[20:25:46.642] [bmv2] [T] [thread 27993] [22.0] [cxt 0] Skipping checksum 'cksum' update because condition not met
[20:25:46.642] [bmv2] [D] [thread 27993] [22.0] [cxt 0] Deparsing header 'ethernet'
[20:25:46.642] [bmv2] [D] [thread 27993] [22.0] [cxt 0] Deparser 'deparser': end
[20:25:46.642] [bmv2] [D] [thread 27997] [22.0] [cxt 0] Transmitting packet of size 90 out of port 0
[20:25:46.764] [bmv2] [D] [thread 27992] [23.0] [cxt 0] Processing packet received on port 4
[20:25:46.764] [bmv2] [D] [thread 27992] [23.0] [cxt 0] Parser 'parser': start
[20:25:46.764] [bmv2] [D] [thread 27992] [23.0] [cxt 0] Parser 'parser' entering state 'start'
[20:25:46.764] [bmv2] [D] [thread 27992] [23.0] [cxt 0] Extracting header 'ethernet'
[20:25:46.764] [bmv2] [D] [thread 27992] [23.0] [cxt 0] Parser state 'start': key is 86dd
[20:25:46.764] [bmv2] [T] [thread 27992] [23.0] [cxt 0] Bytes parsed: 14
[20:25:46.764] [bmv2] [D] [thread 27992] [23.0] [cxt 0] Parser 'parser': end
[20:25:46.764] [bmv2] [D] [thread 27992] [23.0] [cxt 0] Pipeline 'ingress': start
[20:25:46.764] [bmv2] [T] [thread 27992] [23.0] [cxt 0] ../build_dependencies/net_cache.p4(114) Condition "hdr.ipv4.isValid()" (node_2) is false
[20:25:46.764] [bmv2] [D] [thread 27992] [23.0] [cxt 0] Pipeline 'ingress': end
[20:25:46.764] [bmv2] [D] [thread 27992] [23.0] [cxt 0] Egress port is 0
[20:25:46.764] [bmv2] [D] [thread 27992] [24.0] [cxt 0] Processing packet received on port 4
[20:25:46.764] [bmv2] [D] [thread 27992] [24.0] [cxt 0] Parser 'parser': start
[20:25:46.764] [bmv2] [D] [thread 27992] [24.0] [cxt 0] Parser 'parser' entering state 'start'
[20:25:46.765] [bmv2] [D] [thread 27992] [24.0] [cxt 0] Extracting header 'ethernet'
[20:25:46.765] [bmv2] [D] [thread 27992] [24.0] [cxt 0] Parser state 'start': key is 86dd
[20:25:46.765] [bmv2] [T] [thread 27992] [24.0] [cxt 0] Bytes parsed: 14
[20:25:46.765] [bmv2] [D] [thread 27992] [24.0] [cxt 0] Parser 'parser': end
[20:25:46.765] [bmv2] [D] [thread 27992] [24.0] [cxt 0] Pipeline 'ingress': start
[20:25:46.765] [bmv2] [T] [thread 27992] [24.0] [cxt 0] ../build_dependencies/net_cache.p4(114) Condition "hdr.ipv4.isValid()" (node_2) is false
[20:25:46.765] [bmv2] [D] [thread 27992] [24.0] [cxt 0] Pipeline 'ingress': end
[20:25:46.765] [bmv2] [D] [thread 27992] [24.0] [cxt 0] Egress port is 0
[20:25:46.765] [bmv2] [D] [thread 27993] [23.0] [cxt 0] Pipeline 'egress': start
[20:25:46.765] [bmv2] [D] [thread 27993] [23.0] [cxt 0] Pipeline 'egress': end
[20:25:46.765] [bmv2] [D] [thread 27993] [23.0] [cxt 0] Deparser 'deparser': start
[20:25:46.765] [bmv2] [T] [thread 27993] [23.0] [cxt 0] Skipping checksum 'cksum' update because condition not met
[20:25:46.765] [bmv2] [D] [thread 27993] [23.0] [cxt 0] Deparsing header 'ethernet'
[20:25:46.765] [bmv2] [D] [thread 27993] [23.0] [cxt 0] Deparser 'deparser': end
[20:25:46.765] [bmv2] [D] [thread 27993] [24.0] [cxt 0] Pipeline 'egress': start
[20:25:46.765] [bmv2] [D] [thread 27993] [24.0] [cxt 0] Pipeline 'egress': end
[20:25:46.765] [bmv2] [D] [thread 27993] [24.0] [cxt 0] Deparser 'deparser': start
[20:25:46.765] [bmv2] [T] [thread 27993] [24.0] [cxt 0] Skipping checksum 'cksum' update because condition not met
[20:25:46.765] [bmv2] [D] [thread 27993] [24.0] [cxt 0] Deparsing header 'ethernet'
[20:25:46.765] [bmv2] [D] [thread 27993] [24.0] [cxt 0] Deparser 'deparser': end
[20:25:46.765] [bmv2] [D] [thread 27997] [23.0] [cxt 0] Transmitting packet of size 90 out of port 0
[20:25:46.765] [bmv2] [D] [thread 27997] [24.0] [cxt 0] Transmitting packet of size 70 out of port 0
[20:25:46.835] [bmv2] [D] [thread 27992] [25.0] [cxt 0] Processing packet received on port 1
[20:25:46.835] [bmv2] [D] [thread 27992] [25.0] [cxt 0] Parser 'parser': start
[20:25:46.835] [bmv2] [D] [thread 27992] [25.0] [cxt 0] Parser 'parser' entering state 'start'
[20:25:46.835] [bmv2] [D] [thread 27992] [25.0] [cxt 0] Extracting header 'ethernet'
[20:25:46.835] [bmv2] [D] [thread 27992] [25.0] [cxt 0] Parser state 'start': key is 86dd
[20:25:46.835] [bmv2] [T] [thread 27992] [25.0] [cxt 0] Bytes parsed: 14
[20:25:46.835] [bmv2] [D] [thread 27992] [25.0] [cxt 0] Parser 'parser': end
[20:25:46.835] [bmv2] [D] [thread 27992] [25.0] [cxt 0] Pipeline 'ingress': start
[20:25:46.835] [bmv2] [T] [thread 27992] [25.0] [cxt 0] ../build_dependencies/net_cache.p4(114) Condition "hdr.ipv4.isValid()" (node_2) is false
[20:25:46.835] [bmv2] [D] [thread 27992] [25.0] [cxt 0] Pipeline 'ingress': end
[20:25:46.835] [bmv2] [D] [thread 27992] [25.0] [cxt 0] Egress port is 0
[20:25:46.835] [bmv2] [D] [thread 27992] [26.0] [cxt 0] Processing packet received on port 1
[20:25:46.835] [bmv2] [D] [thread 27992] [26.0] [cxt 0] Parser 'parser': start
[20:25:46.835] [bmv2] [D] [thread 27992] [26.0] [cxt 0] Parser 'parser' entering state 'start'
[20:25:46.835] [bmv2] [D] [thread 27992] [26.0] [cxt 0] Extracting header 'ethernet'
[20:25:46.835] [bmv2] [D] [thread 27992] [26.0] [cxt 0] Parser state 'start': key is 86dd
[20:25:46.835] [bmv2] [T] [thread 27992] [26.0] [cxt 0] Bytes parsed: 14
[20:25:46.835] [bmv2] [D] [thread 27992] [26.0] [cxt 0] Parser 'parser': end
[20:25:46.835] [bmv2] [D] [thread 27992] [26.0] [cxt 0] Pipeline 'ingress': start
[20:25:46.835] [bmv2] [T] [thread 27992] [26.0] [cxt 0] ../build_dependencies/net_cache.p4(114) Condition "hdr.ipv4.isValid()" (node_2) is false
[20:25:46.835] [bmv2] [D] [thread 27992] [26.0] [cxt 0] Pipeline 'ingress': end
[20:25:46.835] [bmv2] [D] [thread 27992] [26.0] [cxt 0] Egress port is 0
[20:25:46.835] [bmv2] [D] [thread 27993] [25.0] [cxt 0] Pipeline 'egress': start
[20:25:46.835] [bmv2] [D] [thread 27993] [25.0] [cxt 0] Pipeline 'egress': end
[20:25:46.835] [bmv2] [D] [thread 27993] [25.0] [cxt 0] Deparser 'deparser': start
[20:25:46.835] [bmv2] [T] [thread 27993] [25.0] [cxt 0] Skipping checksum 'cksum' update because condition not met
[20:25:46.835] [bmv2] [D] [thread 27993] [25.0] [cxt 0] Deparsing header 'ethernet'
[20:25:46.835] [bmv2] [D] [thread 27993] [25.0] [cxt 0] Deparser 'deparser': end
[20:25:46.835] [bmv2] [D] [thread 27993] [26.0] [cxt 0] Pipeline 'egress': start
[20:25:46.835] [bmv2] [D] [thread 27993] [26.0] [cxt 0] Pipeline 'egress': end
[20:25:46.835] [bmv2] [D] [thread 27993] [26.0] [cxt 0] Deparser 'deparser': start
[20:25:46.835] [bmv2] [T] [thread 27993] [26.0] [cxt 0] Skipping checksum 'cksum' update because condition not met
[20:25:46.835] [bmv2] [D] [thread 27993] [26.0] [cxt 0] Deparsing header 'ethernet'
[20:25:46.835] [bmv2] [D] [thread 27993] [26.0] [cxt 0] Deparser 'deparser': end
[20:25:46.835] [bmv2] [D] [thread 27997] [25.0] [cxt 0] Transmitting packet of size 90 out of port 0
[20:25:46.835] [bmv2] [D] [thread 27997] [26.0] [cxt 0] Transmitting packet of size 70 out of port 0
[20:25:46.921] [bmv2] [D] [thread 27992] [27.0] [cxt 0] Processing packet received on port 3
[20:25:46.921] [bmv2] [D] [thread 27992] [27.0] [cxt 0] Parser 'parser': start
[20:25:46.921] [bmv2] [D] [thread 27992] [27.0] [cxt 0] Parser 'parser' entering state 'start'
[20:25:46.921] [bmv2] [D] [thread 27992] [27.0] [cxt 0] Extracting header 'ethernet'
[20:25:46.921] [bmv2] [D] [thread 27992] [27.0] [cxt 0] Parser state 'start': key is 86dd
[20:25:46.921] [bmv2] [T] [thread 27992] [27.0] [cxt 0] Bytes parsed: 14
[20:25:46.921] [bmv2] [D] [thread 27992] [27.0] [cxt 0] Parser 'parser': end
[20:25:46.921] [bmv2] [D] [thread 27992] [27.0] [cxt 0] Pipeline 'ingress': start
[20:25:46.921] [bmv2] [T] [thread 27992] [27.0] [cxt 0] ../build_dependencies/net_cache.p4(114) Condition "hdr.ipv4.isValid()" (node_2) is false
[20:25:46.921] [bmv2] [D] [thread 27992] [27.0] [cxt 0] Pipeline 'ingress': end
[20:25:46.921] [bmv2] [D] [thread 27992] [27.0] [cxt 0] Egress port is 0
[20:25:46.921] [bmv2] [D] [thread 27993] [27.0] [cxt 0] Pipeline 'egress': start
[20:25:46.921] [bmv2] [D] [thread 27993] [27.0] [cxt 0] Pipeline 'egress': end
[20:25:46.921] [bmv2] [D] [thread 27993] [27.0] [cxt 0] Deparser 'deparser': start
[20:25:46.921] [bmv2] [T] [thread 27993] [27.0] [cxt 0] Skipping checksum 'cksum' update because condition not met
[20:25:46.921] [bmv2] [D] [thread 27993] [27.0] [cxt 0] Deparsing header 'ethernet'
[20:25:46.921] [bmv2] [D] [thread 27993] [27.0] [cxt 0] Deparser 'deparser': end
[20:25:46.921] [bmv2] [D] [thread 27997] [27.0] [cxt 0] Transmitting packet of size 90 out of port 0
[20:25:47.063] [bmv2] [D] [thread 27992] [28.0] [cxt 0] Processing packet received on port 3
[20:25:47.063] [bmv2] [D] [thread 27992] [28.0] [cxt 0] Parser 'parser': start
[20:25:47.063] [bmv2] [D] [thread 27992] [28.0] [cxt 0] Parser 'parser' entering state 'start'
[20:25:47.063] [bmv2] [D] [thread 27992] [28.0] [cxt 0] Extracting header 'ethernet'
[20:25:47.063] [bmv2] [D] [thread 27992] [28.0] [cxt 0] Parser state 'start': key is 86dd
[20:25:47.063] [bmv2] [T] [thread 27992] [28.0] [cxt 0] Bytes parsed: 14
[20:25:47.063] [bmv2] [D] [thread 27992] [28.0] [cxt 0] Parser 'parser': end
[20:25:47.063] [bmv2] [D] [thread 27992] [28.0] [cxt 0] Pipeline 'ingress': start
[20:25:47.063] [bmv2] [T] [thread 27992] [28.0] [cxt 0] ../build_dependencies/net_cache.p4(114) Condition "hdr.ipv4.isValid()" (node_2) is false
[20:25:47.063] [bmv2] [D] [thread 27992] [28.0] [cxt 0] Pipeline 'ingress': end
[20:25:47.063] [bmv2] [D] [thread 27992] [28.0] [cxt 0] Egress port is 0
[20:25:47.063] [bmv2] [D] [thread 27993] [28.0] [cxt 0] Pipeline 'egress': start
[20:25:47.063] [bmv2] [D] [thread 27993] [28.0] [cxt 0] Pipeline 'egress': end
[20:25:47.063] [bmv2] [D] [thread 27993] [28.0] [cxt 0] Deparser 'deparser': start
[20:25:47.063] [bmv2] [T] [thread 27993] [28.0] [cxt 0] Skipping checksum 'cksum' update because condition not met
[20:25:47.063] [bmv2] [D] [thread 27993] [28.0] [cxt 0] Deparsing header 'ethernet'
[20:25:47.063] [bmv2] [D] [thread 27993] [28.0] [cxt 0] Deparser 'deparser': end
[20:25:47.063] [bmv2] [D] [thread 27997] [28.0] [cxt 0] Transmitting packet of size 90 out of port 0
[20:25:47.184] [bmv2] [D] [thread 27992] [29.0] [cxt 0] Processing packet received on port 4
[20:25:47.184] [bmv2] [D] [thread 27992] [29.0] [cxt 0] Parser 'parser': start
[20:25:47.184] [bmv2] [D] [thread 27992] [29.0] [cxt 0] Parser 'parser' entering state 'start'
[20:25:47.184] [bmv2] [D] [thread 27992] [29.0] [cxt 0] Extracting header 'ethernet'
[20:25:47.184] [bmv2] [D] [thread 27992] [29.0] [cxt 0] Parser state 'start': key is 86dd
[20:25:47.184] [bmv2] [T] [thread 27992] [29.0] [cxt 0] Bytes parsed: 14
[20:25:47.184] [bmv2] [D] [thread 27992] [29.0] [cxt 0] Parser 'parser': end
[20:25:47.184] [bmv2] [D] [thread 27992] [29.0] [cxt 0] Pipeline 'ingress': start
[20:25:47.184] [bmv2] [T] [thread 27992] [29.0] [cxt 0] ../build_dependencies/net_cache.p4(114) Condition "hdr.ipv4.isValid()" (node_2) is false
[20:25:47.184] [bmv2] [D] [thread 27992] [29.0] [cxt 0] Pipeline 'ingress': end
[20:25:47.184] [bmv2] [D] [thread 27992] [29.0] [cxt 0] Egress port is 0
[20:25:47.184] [bmv2] [D] [thread 27993] [29.0] [cxt 0] Pipeline 'egress': start
[20:25:47.184] [bmv2] [D] [thread 27993] [29.0] [cxt 0] Pipeline 'egress': end
[20:25:47.184] [bmv2] [D] [thread 27993] [29.0] [cxt 0] Deparser 'deparser': start
[20:25:47.184] [bmv2] [T] [thread 27993] [29.0] [cxt 0] Skipping checksum 'cksum' update because condition not met
[20:25:47.184] [bmv2] [D] [thread 27993] [29.0] [cxt 0] Deparsing header 'ethernet'
[20:25:47.184] [bmv2] [D] [thread 27993] [29.0] [cxt 0] Deparser 'deparser': end
[20:25:47.184] [bmv2] [D] [thread 27997] [29.0] [cxt 0] Transmitting packet of size 90 out of port 0
[20:25:47.328] [bmv2] [D] [thread 27992] [30.0] [cxt 0] Processing packet received on port 2
[20:25:47.328] [bmv2] [D] [thread 27992] [30.0] [cxt 0] Parser 'parser': start
[20:25:47.328] [bmv2] [D] [thread 27992] [30.0] [cxt 0] Parser 'parser' entering state 'start'
[20:25:47.328] [bmv2] [D] [thread 27992] [30.0] [cxt 0] Extracting header 'ethernet'
[20:25:47.328] [bmv2] [D] [thread 27992] [30.0] [cxt 0] Parser state 'start': key is 86dd
[20:25:47.328] [bmv2] [T] [thread 27992] [30.0] [cxt 0] Bytes parsed: 14
[20:25:47.328] [bmv2] [D] [thread 27992] [30.0] [cxt 0] Parser 'parser': end
[20:25:47.328] [bmv2] [D] [thread 27992] [30.0] [cxt 0] Pipeline 'ingress': start
[20:25:47.328] [bmv2] [T] [thread 27992] [30.0] [cxt 0] ../build_dependencies/net_cache.p4(114) Condition "hdr.ipv4.isValid()" (node_2) is false
[20:25:47.328] [bmv2] [D] [thread 27992] [30.0] [cxt 0] Pipeline 'ingress': end
[20:25:47.328] [bmv2] [D] [thread 27992] [30.0] [cxt 0] Egress port is 0
[20:25:47.328] [bmv2] [D] [thread 27993] [30.0] [cxt 0] Pipeline 'egress': start
[20:25:47.328] [bmv2] [D] [thread 27993] [30.0] [cxt 0] Pipeline 'egress': end
[20:25:47.328] [bmv2] [D] [thread 27993] [30.0] [cxt 0] Deparser 'deparser': start
[20:25:47.328] [bmv2] [T] [thread 27993] [30.0] [cxt 0] Skipping checksum 'cksum' update because condition not met
[20:25:47.328] [bmv2] [D] [thread 27993] [30.0] [cxt 0] Deparsing header 'ethernet'
[20:25:47.328] [bmv2] [D] [thread 27993] [30.0] [cxt 0] Deparser 'deparser': end
[20:25:47.328] [bmv2] [D] [thread 27997] [30.0] [cxt 0] Transmitting packet of size 90 out of port 0
[20:25:47.498] [bmv2] [D] [thread 27992] [31.0] [cxt 0] Processing packet received on port 4
[20:25:47.498] [bmv2] [D] [thread 27992] [31.0] [cxt 0] Parser 'parser': start
[20:25:47.498] [bmv2] [D] [thread 27992] [31.0] [cxt 0] Parser 'parser' entering state 'start'
[20:25:47.498] [bmv2] [D] [thread 27992] [31.0] [cxt 0] Extracting header 'ethernet'
[20:25:47.498] [bmv2] [D] [thread 27992] [31.0] [cxt 0] Parser state 'start': key is 86dd
[20:25:47.498] [bmv2] [T] [thread 27992] [31.0] [cxt 0] Bytes parsed: 14
[20:25:47.498] [bmv2] [D] [thread 27992] [31.0] [cxt 0] Parser 'parser': end
[20:25:47.498] [bmv2] [D] [thread 27992] [31.0] [cxt 0] Pipeline 'ingress': start
[20:25:47.498] [bmv2] [T] [thread 27992] [31.0] [cxt 0] ../build_dependencies/net_cache.p4(114) Condition "hdr.ipv4.isValid()" (node_2) is false
[20:25:47.498] [bmv2] [D] [thread 27992] [31.0] [cxt 0] Pipeline 'ingress': end
[20:25:47.498] [bmv2] [D] [thread 27992] [31.0] [cxt 0] Egress port is 0
[20:25:47.498] [bmv2] [D] [thread 27993] [31.0] [cxt 0] Pipeline 'egress': start
[20:25:47.498] [bmv2] [D] [thread 27993] [31.0] [cxt 0] Pipeline 'egress': end
[20:25:47.498] [bmv2] [D] [thread 27993] [31.0] [cxt 0] Deparser 'deparser': start
[20:25:47.498] [bmv2] [T] [thread 27993] [31.0] [cxt 0] Skipping checksum 'cksum' update because condition not met
[20:25:47.498] [bmv2] [D] [thread 27993] [31.0] [cxt 0] Deparsing header 'ethernet'
[20:25:47.498] [bmv2] [D] [thread 27993] [31.0] [cxt 0] Deparser 'deparser': end
[20:25:47.498] [bmv2] [D] [thread 27997] [31.0] [cxt 0] Transmitting packet of size 90 out of port 0
[20:25:47.692] [bmv2] [D] [thread 27992] [32.0] [cxt 0] Processing packet received on port 1
[20:25:47.692] [bmv2] [D] [thread 27992] [32.0] [cxt 0] Parser 'parser': start
[20:25:47.692] [bmv2] [D] [thread 27992] [32.0] [cxt 0] Parser 'parser' entering state 'start'
[20:25:47.692] [bmv2] [D] [thread 27992] [32.0] [cxt 0] Extracting header 'ethernet'
[20:25:47.693] [bmv2] [D] [thread 27992] [32.0] [cxt 0] Parser state 'start': key is 86dd
[20:25:47.693] [bmv2] [T] [thread 27992] [32.0] [cxt 0] Bytes parsed: 14
[20:25:47.693] [bmv2] [D] [thread 27992] [32.0] [cxt 0] Parser 'parser': end
[20:25:47.693] [bmv2] [D] [thread 27992] [32.0] [cxt 0] Pipeline 'ingress': start
[20:25:47.693] [bmv2] [T] [thread 27992] [32.0] [cxt 0] ../build_dependencies/net_cache.p4(114) Condition "hdr.ipv4.isValid()" (node_2) is false
[20:25:47.693] [bmv2] [D] [thread 27992] [32.0] [cxt 0] Pipeline 'ingress': end
[20:25:47.693] [bmv2] [D] [thread 27992] [32.0] [cxt 0] Egress port is 0
[20:25:47.693] [bmv2] [D] [thread 27993] [32.0] [cxt 0] Pipeline 'egress': start
[20:25:47.693] [bmv2] [D] [thread 27993] [32.0] [cxt 0] Pipeline 'egress': end
[20:25:47.693] [bmv2] [D] [thread 27993] [32.0] [cxt 0] Deparser 'deparser': start
[20:25:47.693] [bmv2] [T] [thread 27993] [32.0] [cxt 0] Skipping checksum 'cksum' update because condition not met
[20:25:47.693] [bmv2] [D] [thread 27993] [32.0] [cxt 0] Deparsing header 'ethernet'
[20:25:47.693] [bmv2] [D] [thread 27993] [32.0] [cxt 0] Deparser 'deparser': end
[20:25:47.693] [bmv2] [D] [thread 27997] [32.0] [cxt 0] Transmitting packet of size 90 out of port 0
New connection
P4Runtime SetForwardingPipelineConfig
[20:25:49.069] [bmv2] [W] [thread 28096] [P4Runtime] p4::tmp::P4DeviceConfig is deprecated
[20:25:49.069] [bmv2] [D] [thread 28096] Set default default entry for table 'tbl_drop': MyIngress.drop - 
[20:25:49.069] [bmv2] [D] [thread 28096] Set default default entry for table 'MyIngress.ipv4_lpm': MyIngress.drop - 
P4Runtime Write
election_id {
  low: 1
}
updates {
  type: INSERT
  entity {
    table_entry {
      table_id: 33574068
      match {
        field_id: 1
        lpm {
          value: "\n\000\001\001"
          prefix_len: 32
        }
      }
      action {
        action {
          action_id: 16799317
          params {
            param_id: 1
            value: "\010\000\000\000\001\000"
          }
          params {
            param_id: 2
            value: "\000\001"
          }
        }
      }
    }
  }
}
[20:25:49.073] [bmv2] [D] [thread 28096] Entry 0 added to table 'MyIngress.ipv4_lpm'
[20:25:49.073] [bmv2] [D] [thread 28096] Dumping entry 0
Match key:
* hdr.ipv4.dstAddr    : LPM       0a000101/32
Action entry: MyIngress.ipv4_forward - 80000000100,1,

P4Runtime Write
election_id {
  low: 1
}
updates {
  type: INSERT
  entity {
    table_entry {
      table_id: 33574068
      match {
        field_id: 1
        lpm {
          value: "\n\000\002\002"
          prefix_len: 32
        }
      }
      action {
        action {
          action_id: 16799317
          params {
            param_id: 1
            value: "\010\000\000\000\002\000"
          }
          params {
            param_id: 2
            value: "\000\002"
          }
        }
      }
    }
  }
}
[20:25:49.074] [bmv2] [D] [thread 28096] Entry 1 added to table 'MyIngress.ipv4_lpm'
[20:25:49.074] [bmv2] [D] [thread 28096] Dumping entry 1
Match key:
* hdr.ipv4.dstAddr    : LPM       0a000202/32
Action entry: MyIngress.ipv4_forward - 80000000200,2,

P4Runtime Write
election_id {
  low: 1
}
updates {
  type: INSERT
  entity {
    table_entry {
      table_id: 33574068
      match {
        field_id: 1
        lpm {
          value: "\n\000\003\003"
          prefix_len: 32
        }
      }
      action {
        action {
          action_id: 16799317
          params {
            param_id: 1
            value: "\010\000\000\000\003\000"
          }
          params {
            param_id: 2
            value: "\000\003"
          }
        }
      }
    }
  }
}
[20:25:49.075] [bmv2] [D] [thread 28096] Entry 2 added to table 'MyIngress.ipv4_lpm'
[20:25:49.075] [bmv2] [D] [thread 28096] Dumping entry 2
Match key:
* hdr.ipv4.dstAddr    : LPM       0a000303/32
Action entry: MyIngress.ipv4_forward - 80000000300,3,

P4Runtime Write
election_id {
  low: 1
}
updates {
  type: INSERT
  entity {
    table_entry {
      table_id: 33574068
      match {
        field_id: 1
        lpm {
          value: "\300\000\000\000"
          prefix_len: 8
        }
      }
      action {
        action {
          action_id: 16799317
          params {
            param_id: 1
            value: "\010\000\000\000\000\000"
          }
          params {
            param_id: 2
            value: "\000\004"
          }
        }
      }
    }
  }
}
[20:25:49.075] [bmv2] [D] [thread 28096] Entry 3 added to table 'MyIngress.ipv4_lpm'
[20:25:49.075] [bmv2] [D] [thread 28096] Dumping entry 3
Match key:
* hdr.ipv4.dstAddr    : LPM       c0000000/8
Action entry: MyIngress.ipv4_forward - 80000000000,4,

Connection removed
[20:25:50.181] [bmv2] [D] [thread 27992] [33.0] [cxt 0] Processing packet received on port 2
[20:25:50.181] [bmv2] [D] [thread 27992] [33.0] [cxt 0] Parser 'parser': start
[20:25:50.181] [bmv2] [D] [thread 27992] [33.0] [cxt 0] Parser 'parser' entering state 'start'
[20:25:50.181] [bmv2] [D] [thread 27992] [33.0] [cxt 0] Extracting header 'ethernet'
[20:25:50.181] [bmv2] [D] [thread 27992] [33.0] [cxt 0] Parser state 'start': key is 86dd
[20:25:50.181] [bmv2] [T] [thread 27992] [33.0] [cxt 0] Bytes parsed: 14
[20:25:50.181] [bmv2] [D] [thread 27992] [33.0] [cxt 0] Parser 'parser': end
[20:25:50.181] [bmv2] [D] [thread 27992] [33.0] [cxt 0] Pipeline 'ingress': start
[20:25:50.181] [bmv2] [T] [thread 27992] [33.0] [cxt 0] ../build_dependencies/net_cache.p4(114) Condition "hdr.ipv4.isValid()" (node_2) is false
[20:25:50.181] [bmv2] [D] [thread 27992] [33.0] [cxt 0] Pipeline 'ingress': end
[20:25:50.181] [bmv2] [D] [thread 27992] [33.0] [cxt 0] Egress port is 0
[20:25:50.181] [bmv2] [D] [thread 27992] [34.0] [cxt 0] Processing packet received on port 3
[20:25:50.181] [bmv2] [D] [thread 27992] [34.0] [cxt 0] Parser 'parser': start
[20:25:50.181] [bmv2] [D] [thread 27992] [34.0] [cxt 0] Parser 'parser' entering state 'start'
[20:25:50.181] [bmv2] [D] [thread 27992] [34.0] [cxt 0] Extracting header 'ethernet'
[20:25:50.181] [bmv2] [D] [thread 27992] [34.0] [cxt 0] Parser state 'start': key is 86dd
[20:25:50.181] [bmv2] [T] [thread 27992] [34.0] [cxt 0] Bytes parsed: 14
[20:25:50.181] [bmv2] [D] [thread 27992] [34.0] [cxt 0] Parser 'parser': end
[20:25:50.181] [bmv2] [D] [thread 27992] [34.0] [cxt 0] Pipeline 'ingress': start
[20:25:50.181] [bmv2] [T] [thread 27992] [34.0] [cxt 0] ../build_dependencies/net_cache.p4(114) Condition "hdr.ipv4.isValid()" (node_2) is false
[20:25:50.181] [bmv2] [D] [thread 27992] [34.0] [cxt 0] Pipeline 'ingress': end
[20:25:50.181] [bmv2] [D] [thread 27992] [34.0] [cxt 0] Egress port is 0
[20:25:50.181] [bmv2] [D] [thread 27993] [33.0] [cxt 0] Pipeline 'egress': start
[20:25:50.181] [bmv2] [D] [thread 27993] [33.0] [cxt 0] Pipeline 'egress': end
[20:25:50.181] [bmv2] [D] [thread 27993] [33.0] [cxt 0] Deparser 'deparser': start
[20:25:50.181] [bmv2] [T] [thread 27993] [33.0] [cxt 0] Skipping checksum 'cksum' update because condition not met
[20:25:50.181] [bmv2] [D] [thread 27993] [33.0] [cxt 0] Deparsing header 'ethernet'
[20:25:50.181] [bmv2] [D] [thread 27993] [33.0] [cxt 0] Deparser 'deparser': end
[20:25:50.181] [bmv2] [D] [thread 27993] [34.0] [cxt 0] Pipeline 'egress': start
[20:25:50.181] [bmv2] [D] [thread 27993] [34.0] [cxt 0] Pipeline 'egress': end
[20:25:50.181] [bmv2] [D] [thread 27993] [34.0] [cxt 0] Deparser 'deparser': start
[20:25:50.181] [bmv2] [T] [thread 27993] [34.0] [cxt 0] Skipping checksum 'cksum' update because condition not met
[20:25:50.181] [bmv2] [D] [thread 27993] [34.0] [cxt 0] Deparsing header 'ethernet'
[20:25:50.181] [bmv2] [D] [thread 27993] [34.0] [cxt 0] Deparser 'deparser': end
[20:25:50.181] [bmv2] [D] [thread 27997] [33.0] [cxt 0] Transmitting packet of size 70 out of port 0
[20:25:50.181] [bmv2] [D] [thread 27997] [34.0] [cxt 0] Transmitting packet of size 70 out of port 0
[20:25:50.309] [bmv2] [D] [thread 27992] [35.0] [cxt 0] Processing packet received on port 1
[20:25:50.309] [bmv2] [D] [thread 27992] [35.0] [cxt 0] Parser 'parser': start
[20:25:50.309] [bmv2] [D] [thread 27992] [35.0] [cxt 0] Parser 'parser' entering state 'start'
[20:25:50.309] [bmv2] [D] [thread 27992] [35.0] [cxt 0] Extracting header 'ethernet'
[20:25:50.309] [bmv2] [D] [thread 27992] [35.0] [cxt 0] Parser state 'start': key is 86dd
[20:25:50.309] [bmv2] [T] [thread 27992] [35.0] [cxt 0] Bytes parsed: 14
[20:25:50.309] [bmv2] [D] [thread 27992] [35.0] [cxt 0] Parser 'parser': end
[20:25:50.309] [bmv2] [D] [thread 27992] [35.0] [cxt 0] Pipeline 'ingress': start
[20:25:50.309] [bmv2] [T] [thread 27992] [35.0] [cxt 0] ../build_dependencies/net_cache.p4(114) Condition "hdr.ipv4.isValid()" (node_2) is false
[20:25:50.309] [bmv2] [D] [thread 27992] [35.0] [cxt 0] Pipeline 'ingress': end
[20:25:50.309] [bmv2] [D] [thread 27992] [35.0] [cxt 0] Egress port is 0
[20:25:50.309] [bmv2] [D] [thread 27993] [35.0] [cxt 0] Pipeline 'egress': start
[20:25:50.309] [bmv2] [D] [thread 27993] [35.0] [cxt 0] Pipeline 'egress': end
[20:25:50.309] [bmv2] [D] [thread 27993] [35.0] [cxt 0] Deparser 'deparser': start
[20:25:50.309] [bmv2] [T] [thread 27993] [35.0] [cxt 0] Skipping checksum 'cksum' update because condition not met
[20:25:50.309] [bmv2] [D] [thread 27993] [35.0] [cxt 0] Deparsing header 'ethernet'
[20:25:50.309] [bmv2] [D] [thread 27993] [35.0] [cxt 0] Deparser 'deparser': end
[20:25:50.309] [bmv2] [D] [thread 27997] [35.0] [cxt 0] Transmitting packet of size 70 out of port 0
[20:25:50.509] [bmv2] [D] [thread 27992] [36.0] [cxt 0] Processing packet received on port 2
[20:25:50.509] [bmv2] [D] [thread 27992] [36.0] [cxt 0] Parser 'parser': start
[20:25:50.509] [bmv2] [D] [thread 27992] [36.0] [cxt 0] Parser 'parser' entering state 'start'
[20:25:50.509] [bmv2] [D] [thread 27992] [36.0] [cxt 0] Extracting header 'ethernet'
[20:25:50.509] [bmv2] [D] [thread 27992] [36.0] [cxt 0] Parser state 'start': key is 86dd
[20:25:50.509] [bmv2] [T] [thread 27992] [36.0] [cxt 0] Bytes parsed: 14
[20:25:50.509] [bmv2] [D] [thread 27992] [36.0] [cxt 0] Parser 'parser': end
[20:25:50.509] [bmv2] [D] [thread 27992] [36.0] [cxt 0] Pipeline 'ingress': start
[20:25:50.509] [bmv2] [T] [thread 27992] [36.0] [cxt 0] ../build_dependencies/net_cache.p4(114) Condition "hdr.ipv4.isValid()" (node_2) is false
[20:25:50.509] [bmv2] [D] [thread 27992] [36.0] [cxt 0] Pipeline 'ingress': end
[20:25:50.509] [bmv2] [D] [thread 27992] [36.0] [cxt 0] Egress port is 0
[20:25:50.509] [bmv2] [D] [thread 27993] [36.0] [cxt 0] Pipeline 'egress': start
[20:25:50.509] [bmv2] [D] [thread 27993] [36.0] [cxt 0] Pipeline 'egress': end
[20:25:50.509] [bmv2] [D] [thread 27993] [36.0] [cxt 0] Deparser 'deparser': start
[20:25:50.509] [bmv2] [T] [thread 27993] [36.0] [cxt 0] Skipping checksum 'cksum' update because condition not met
[20:25:50.509] [bmv2] [D] [thread 27993] [36.0] [cxt 0] Deparsing header 'ethernet'
[20:25:50.509] [bmv2] [D] [thread 27993] [36.0] [cxt 0] Deparser 'deparser': end
[20:25:50.509] [bmv2] [D] [thread 27997] [36.0] [cxt 0] Transmitting packet of size 70 out of port 0
[20:25:50.549] [bmv2] [D] [thread 27992] [37.0] [cxt 0] Processing packet received on port 4
[20:25:50.549] [bmv2] [D] [thread 27992] [37.0] [cxt 0] Parser 'parser': start
[20:25:50.549] [bmv2] [D] [thread 27992] [37.0] [cxt 0] Parser 'parser' entering state 'start'
[20:25:50.549] [bmv2] [D] [thread 27992] [37.0] [cxt 0] Extracting header 'ethernet'
[20:25:50.549] [bmv2] [D] [thread 27992] [37.0] [cxt 0] Parser state 'start': key is 86dd
[20:25:50.549] [bmv2] [T] [thread 27992] [37.0] [cxt 0] Bytes parsed: 14
[20:25:50.549] [bmv2] [D] [thread 27992] [37.0] [cxt 0] Parser 'parser': end
[20:25:50.549] [bmv2] [D] [thread 27992] [37.0] [cxt 0] Pipeline 'ingress': start
[20:25:50.549] [bmv2] [T] [thread 27992] [37.0] [cxt 0] ../build_dependencies/net_cache.p4(114) Condition "hdr.ipv4.isValid()" (node_2) is false
[20:25:50.549] [bmv2] [D] [thread 27992] [37.0] [cxt 0] Pipeline 'ingress': end
[20:25:50.549] [bmv2] [D] [thread 27992] [37.0] [cxt 0] Egress port is 0
[20:25:50.549] [bmv2] [D] [thread 27993] [37.0] [cxt 0] Pipeline 'egress': start
[20:25:50.549] [bmv2] [D] [thread 27993] [37.0] [cxt 0] Pipeline 'egress': end
[20:25:50.549] [bmv2] [D] [thread 27993] [37.0] [cxt 0] Deparser 'deparser': start
[20:25:50.549] [bmv2] [T] [thread 27993] [37.0] [cxt 0] Skipping checksum 'cksum' update because condition not met
[20:25:50.549] [bmv2] [D] [thread 27993] [37.0] [cxt 0] Deparsing header 'ethernet'
[20:25:50.549] [bmv2] [D] [thread 27993] [37.0] [cxt 0] Deparser 'deparser': end
[20:25:50.549] [bmv2] [D] [thread 27997] [37.0] [cxt 0] Transmitting packet of size 70 out of port 0
[20:25:50.617] [bmv2] [D] [thread 27992] [38.0] [cxt 0] Processing packet received on port 3
[20:25:50.618] [bmv2] [D] [thread 27992] [38.0] [cxt 0] Parser 'parser': start
[20:25:50.618] [bmv2] [D] [thread 27992] [38.0] [cxt 0] Parser 'parser' entering state 'start'
[20:25:50.618] [bmv2] [D] [thread 27992] [38.0] [cxt 0] Extracting header 'ethernet'
[20:25:50.618] [bmv2] [D] [thread 27992] [38.0] [cxt 0] Parser state 'start': key is 86dd
[20:25:50.618] [bmv2] [T] [thread 27992] [38.0] [cxt 0] Bytes parsed: 14
[20:25:50.618] [bmv2] [D] [thread 27992] [38.0] [cxt 0] Parser 'parser': end
[20:25:50.618] [bmv2] [D] [thread 27992] [38.0] [cxt 0] Pipeline 'ingress': start
[20:25:50.618] [bmv2] [T] [thread 27992] [38.0] [cxt 0] ../build_dependencies/net_cache.p4(114) Condition "hdr.ipv4.isValid()" (node_2) is false
[20:25:50.618] [bmv2] [D] [thread 27992] [38.0] [cxt 0] Pipeline 'ingress': end
[20:25:50.618] [bmv2] [D] [thread 27992] [38.0] [cxt 0] Egress port is 0
[20:25:50.618] [bmv2] [D] [thread 27993] [38.0] [cxt 0] Pipeline 'egress': start
[20:25:50.618] [bmv2] [D] [thread 27993] [38.0] [cxt 0] Pipeline 'egress': end
[20:25:50.618] [bmv2] [D] [thread 27993] [38.0] [cxt 0] Deparser 'deparser': start
[20:25:50.618] [bmv2] [T] [thread 27993] [38.0] [cxt 0] Skipping checksum 'cksum' update because condition not met
[20:25:50.618] [bmv2] [D] [thread 27993] [38.0] [cxt 0] Deparsing header 'ethernet'
[20:25:50.618] [bmv2] [D] [thread 27993] [38.0] [cxt 0] Deparser 'deparser': end
[20:25:50.618] [bmv2] [D] [thread 27997] [38.0] [cxt 0] Transmitting packet of size 70 out of port 0
[20:25:50.764] [bmv2] [D] [thread 27992] [39.0] [cxt 0] Processing packet received on port 4
[20:25:50.764] [bmv2] [D] [thread 27992] [39.0] [cxt 0] Parser 'parser': start
[20:25:50.764] [bmv2] [D] [thread 27992] [39.0] [cxt 0] Parser 'parser' entering state 'start'
[20:25:50.764] [bmv2] [D] [thread 27992] [39.0] [cxt 0] Extracting header 'ethernet'
[20:25:50.764] [bmv2] [D] [thread 27992] [39.0] [cxt 0] Parser state 'start': key is 86dd
[20:25:50.764] [bmv2] [T] [thread 27992] [39.0] [cxt 0] Bytes parsed: 14
[20:25:50.764] [bmv2] [D] [thread 27992] [39.0] [cxt 0] Parser 'parser': end
[20:25:50.764] [bmv2] [D] [thread 27992] [39.0] [cxt 0] Pipeline 'ingress': start
[20:25:50.764] [bmv2] [T] [thread 27992] [39.0] [cxt 0] ../build_dependencies/net_cache.p4(114) Condition "hdr.ipv4.isValid()" (node_2) is false
[20:25:50.764] [bmv2] [D] [thread 27992] [39.0] [cxt 0] Pipeline 'ingress': end
[20:25:50.764] [bmv2] [D] [thread 27992] [39.0] [cxt 0] Egress port is 0
[20:25:50.764] [bmv2] [D] [thread 27993] [39.0] [cxt 0] Pipeline 'egress': start
[20:25:50.764] [bmv2] [D] [thread 27993] [39.0] [cxt 0] Pipeline 'egress': end
[20:25:50.764] [bmv2] [D] [thread 27993] [39.0] [cxt 0] Deparser 'deparser': start
[20:25:50.764] [bmv2] [T] [thread 27993] [39.0] [cxt 0] Skipping checksum 'cksum' update because condition not met
[20:25:50.764] [bmv2] [D] [thread 27993] [39.0] [cxt 0] Deparsing header 'ethernet'
[20:25:50.764] [bmv2] [D] [thread 27993] [39.0] [cxt 0] Deparser 'deparser': end
[20:25:50.764] [bmv2] [D] [thread 27997] [39.0] [cxt 0] Transmitting packet of size 70 out of port 0
[20:25:50.845] [bmv2] [D] [thread 27992] [40.0] [cxt 0] Processing packet received on port 1
[20:25:50.845] [bmv2] [D] [thread 27992] [40.0] [cxt 0] Parser 'parser': start
[20:25:50.845] [bmv2] [D] [thread 27992] [40.0] [cxt 0] Parser 'parser' entering state 'start'
[20:25:50.845] [bmv2] [D] [thread 27992] [40.0] [cxt 0] Extracting header 'ethernet'
[20:25:50.845] [bmv2] [D] [thread 27992] [40.0] [cxt 0] Parser state 'start': key is 86dd
[20:25:50.845] [bmv2] [T] [thread 27992] [40.0] [cxt 0] Bytes parsed: 14
[20:25:50.845] [bmv2] [D] [thread 27992] [40.0] [cxt 0] Parser 'parser': end
[20:25:50.845] [bmv2] [D] [thread 27992] [40.0] [cxt 0] Pipeline 'ingress': start
[20:25:50.845] [bmv2] [T] [thread 27992] [40.0] [cxt 0] ../build_dependencies/net_cache.p4(114) Condition "hdr.ipv4.isValid()" (node_2) is false
[20:25:50.845] [bmv2] [D] [thread 27992] [40.0] [cxt 0] Pipeline 'ingress': end
[20:25:50.845] [bmv2] [D] [thread 27992] [40.0] [cxt 0] Egress port is 0
[20:25:50.845] [bmv2] [D] [thread 27993] [40.0] [cxt 0] Pipeline 'egress': start
[20:25:50.845] [bmv2] [D] [thread 27993] [40.0] [cxt 0] Pipeline 'egress': end
[20:25:50.845] [bmv2] [D] [thread 27993] [40.0] [cxt 0] Deparser 'deparser': start
[20:25:50.845] [bmv2] [T] [thread 27993] [40.0] [cxt 0] Skipping checksum 'cksum' update because condition not met
[20:25:50.845] [bmv2] [D] [thread 27993] [40.0] [cxt 0] Deparsing header 'ethernet'
[20:25:50.845] [bmv2] [D] [thread 27993] [40.0] [cxt 0] Deparser 'deparser': end
[20:25:50.845] [bmv2] [D] [thread 27997] [40.0] [cxt 0] Transmitting packet of size 70 out of port 0
[20:25:54.187] [bmv2] [D] [thread 27992] [41.0] [cxt 0] Processing packet received on port 2
[20:25:54.187] [bmv2] [D] [thread 27992] [41.0] [cxt 0] Parser 'parser': start
[20:25:54.187] [bmv2] [D] [thread 27992] [41.0] [cxt 0] Parser 'parser' entering state 'start'
[20:25:54.187] [bmv2] [D] [thread 27992] [41.0] [cxt 0] Extracting header 'ethernet'
[20:25:54.187] [bmv2] [D] [thread 27992] [41.0] [cxt 0] Parser state 'start': key is 86dd
[20:25:54.187] [bmv2] [T] [thread 27992] [41.0] [cxt 0] Bytes parsed: 14
[20:25:54.187] [bmv2] [D] [thread 27992] [41.0] [cxt 0] Parser 'parser': end
[20:25:54.187] [bmv2] [D] [thread 27992] [41.0] [cxt 0] Pipeline 'ingress': start
[20:25:54.187] [bmv2] [T] [thread 27992] [41.0] [cxt 0] ../build_dependencies/net_cache.p4(114) Condition "hdr.ipv4.isValid()" (node_2) is false
[20:25:54.187] [bmv2] [D] [thread 27992] [41.0] [cxt 0] Pipeline 'ingress': end
[20:25:54.187] [bmv2] [D] [thread 27992] [41.0] [cxt 0] Egress port is 0
[20:25:54.187] [bmv2] [D] [thread 27992] [42.0] [cxt 0] Processing packet received on port 3
[20:25:54.187] [bmv2] [D] [thread 27992] [42.0] [cxt 0] Parser 'parser': start
[20:25:54.187] [bmv2] [D] [thread 27992] [42.0] [cxt 0] Parser 'parser' entering state 'start'
[20:25:54.187] [bmv2] [D] [thread 27992] [42.0] [cxt 0] Extracting header 'ethernet'
[20:25:54.187] [bmv2] [D] [thread 27992] [42.0] [cxt 0] Parser state 'start': key is 86dd
[20:25:54.187] [bmv2] [T] [thread 27992] [42.0] [cxt 0] Bytes parsed: 14
[20:25:54.187] [bmv2] [D] [thread 27992] [42.0] [cxt 0] Parser 'parser': end
[20:25:54.187] [bmv2] [D] [thread 27992] [42.0] [cxt 0] Pipeline 'ingress': start
[20:25:54.187] [bmv2] [T] [thread 27992] [42.0] [cxt 0] ../build_dependencies/net_cache.p4(114) Condition "hdr.ipv4.isValid()" (node_2) is false
[20:25:54.187] [bmv2] [D] [thread 27992] [42.0] [cxt 0] Pipeline 'ingress': end
[20:25:54.187] [bmv2] [D] [thread 27992] [42.0] [cxt 0] Egress port is 0
[20:25:54.187] [bmv2] [D] [thread 27993] [41.0] [cxt 0] Pipeline 'egress': start
[20:25:54.187] [bmv2] [D] [thread 27993] [41.0] [cxt 0] Pipeline 'egress': end
[20:25:54.187] [bmv2] [D] [thread 27993] [41.0] [cxt 0] Deparser 'deparser': start
[20:25:54.187] [bmv2] [T] [thread 27993] [41.0] [cxt 0] Skipping checksum 'cksum' update because condition not met
[20:25:54.187] [bmv2] [D] [thread 27993] [41.0] [cxt 0] Deparsing header 'ethernet'
[20:25:54.187] [bmv2] [D] [thread 27993] [41.0] [cxt 0] Deparser 'deparser': end
[20:25:54.187] [bmv2] [D] [thread 27993] [42.0] [cxt 0] Pipeline 'egress': start
[20:25:54.187] [bmv2] [D] [thread 27993] [42.0] [cxt 0] Pipeline 'egress': end
[20:25:54.187] [bmv2] [D] [thread 27993] [42.0] [cxt 0] Deparser 'deparser': start
[20:25:54.187] [bmv2] [T] [thread 27993] [42.0] [cxt 0] Skipping checksum 'cksum' update because condition not met
[20:25:54.187] [bmv2] [D] [thread 27993] [42.0] [cxt 0] Deparsing header 'ethernet'
[20:25:54.187] [bmv2] [D] [thread 27993] [42.0] [cxt 0] Deparser 'deparser': end
[20:25:54.187] [bmv2] [D] [thread 27997] [41.0] [cxt 0] Transmitting packet of size 70 out of port 0
[20:25:54.187] [bmv2] [D] [thread 27997] [42.0] [cxt 0] Transmitting packet of size 70 out of port 0
[20:25:54.315] [bmv2] [D] [thread 27992] [43.0] [cxt 0] Processing packet received on port 1
[20:25:54.315] [bmv2] [D] [thread 27992] [43.0] [cxt 0] Parser 'parser': start
[20:25:54.315] [bmv2] [D] [thread 27992] [43.0] [cxt 0] Parser 'parser' entering state 'start'
[20:25:54.315] [bmv2] [D] [thread 27992] [43.0] [cxt 0] Extracting header 'ethernet'
[20:25:54.315] [bmv2] [D] [thread 27992] [43.0] [cxt 0] Parser state 'start': key is 86dd
[20:25:54.315] [bmv2] [T] [thread 27992] [43.0] [cxt 0] Bytes parsed: 14
[20:25:54.315] [bmv2] [D] [thread 27992] [43.0] [cxt 0] Parser 'parser': end
[20:25:54.315] [bmv2] [D] [thread 27992] [43.0] [cxt 0] Pipeline 'ingress': start
[20:25:54.315] [bmv2] [T] [thread 27992] [43.0] [cxt 0] ../build_dependencies/net_cache.p4(114) Condition "hdr.ipv4.isValid()" (node_2) is false
[20:25:54.315] [bmv2] [D] [thread 27992] [43.0] [cxt 0] Pipeline 'ingress': end
[20:25:54.315] [bmv2] [D] [thread 27992] [43.0] [cxt 0] Egress port is 0
[20:25:54.315] [bmv2] [D] [thread 27993] [43.0] [cxt 0] Pipeline 'egress': start
[20:25:54.315] [bmv2] [D] [thread 27993] [43.0] [cxt 0] Pipeline 'egress': end
[20:25:54.315] [bmv2] [D] [thread 27993] [43.0] [cxt 0] Deparser 'deparser': start
[20:25:54.315] [bmv2] [T] [thread 27993] [43.0] [cxt 0] Skipping checksum 'cksum' update because condition not met
[20:25:54.315] [bmv2] [D] [thread 27993] [43.0] [cxt 0] Deparsing header 'ethernet'
[20:25:54.315] [bmv2] [D] [thread 27993] [43.0] [cxt 0] Deparser 'deparser': end
[20:25:54.315] [bmv2] [D] [thread 27997] [43.0] [cxt 0] Transmitting packet of size 70 out of port 0
[20:25:54.515] [bmv2] [D] [thread 27992] [44.0] [cxt 0] Processing packet received on port 2
[20:25:54.515] [bmv2] [D] [thread 27992] [44.0] [cxt 0] Parser 'parser': start
[20:25:54.515] [bmv2] [D] [thread 27992] [44.0] [cxt 0] Parser 'parser' entering state 'start'
[20:25:54.515] [bmv2] [D] [thread 27992] [44.0] [cxt 0] Extracting header 'ethernet'
[20:25:54.515] [bmv2] [D] [thread 27992] [44.0] [cxt 0] Parser state 'start': key is 86dd
[20:25:54.515] [bmv2] [T] [thread 27992] [44.0] [cxt 0] Bytes parsed: 14
[20:25:54.515] [bmv2] [D] [thread 27992] [44.0] [cxt 0] Parser 'parser': end
[20:25:54.515] [bmv2] [D] [thread 27992] [44.0] [cxt 0] Pipeline 'ingress': start
[20:25:54.515] [bmv2] [T] [thread 27992] [44.0] [cxt 0] ../build_dependencies/net_cache.p4(114) Condition "hdr.ipv4.isValid()" (node_2) is false
[20:25:54.515] [bmv2] [D] [thread 27992] [44.0] [cxt 0] Pipeline 'ingress': end
[20:25:54.515] [bmv2] [D] [thread 27992] [44.0] [cxt 0] Egress port is 0
[20:25:54.515] [bmv2] [D] [thread 27993] [44.0] [cxt 0] Pipeline 'egress': start
[20:25:54.515] [bmv2] [D] [thread 27993] [44.0] [cxt 0] Pipeline 'egress': end
[20:25:54.515] [bmv2] [D] [thread 27993] [44.0] [cxt 0] Deparser 'deparser': start
[20:25:54.515] [bmv2] [T] [thread 27993] [44.0] [cxt 0] Skipping checksum 'cksum' update because condition not met
[20:25:54.515] [bmv2] [D] [thread 27993] [44.0] [cxt 0] Deparsing header 'ethernet'
[20:25:54.515] [bmv2] [D] [thread 27993] [44.0] [cxt 0] Deparser 'deparser': end
[20:25:54.515] [bmv2] [D] [thread 27997] [44.0] [cxt 0] Transmitting packet of size 70 out of port 0
[20:25:54.559] [bmv2] [D] [thread 27992] [45.0] [cxt 0] Processing packet received on port 4
[20:25:54.559] [bmv2] [D] [thread 27992] [45.0] [cxt 0] Parser 'parser': start
[20:25:54.559] [bmv2] [D] [thread 27992] [45.0] [cxt 0] Parser 'parser' entering state 'start'
[20:25:54.559] [bmv2] [D] [thread 27992] [45.0] [cxt 0] Extracting header 'ethernet'
[20:25:54.559] [bmv2] [D] [thread 27992] [45.0] [cxt 0] Parser state 'start': key is 86dd
[20:25:54.559] [bmv2] [T] [thread 27992] [45.0] [cxt 0] Bytes parsed: 14
[20:25:54.559] [bmv2] [D] [thread 27992] [45.0] [cxt 0] Parser 'parser': end
[20:25:54.559] [bmv2] [D] [thread 27992] [45.0] [cxt 0] Pipeline 'ingress': start
[20:25:54.559] [bmv2] [T] [thread 27992] [45.0] [cxt 0] ../build_dependencies/net_cache.p4(114) Condition "hdr.ipv4.isValid()" (node_2) is false
[20:25:54.559] [bmv2] [D] [thread 27992] [45.0] [cxt 0] Pipeline 'ingress': end
[20:25:54.559] [bmv2] [D] [thread 27992] [45.0] [cxt 0] Egress port is 0
[20:25:54.559] [bmv2] [D] [thread 27993] [45.0] [cxt 0] Pipeline 'egress': start
[20:25:54.559] [bmv2] [D] [thread 27993] [45.0] [cxt 0] Pipeline 'egress': end
[20:25:54.559] [bmv2] [D] [thread 27993] [45.0] [cxt 0] Deparser 'deparser': start
[20:25:54.559] [bmv2] [T] [thread 27993] [45.0] [cxt 0] Skipping checksum 'cksum' update because condition not met
[20:25:54.559] [bmv2] [D] [thread 27993] [45.0] [cxt 0] Deparsing header 'ethernet'
[20:25:54.559] [bmv2] [D] [thread 27993] [45.0] [cxt 0] Deparser 'deparser': end
[20:25:54.559] [bmv2] [D] [thread 27997] [45.0] [cxt 0] Transmitting packet of size 70 out of port 0
[20:25:54.634] [bmv2] [D] [thread 27992] [46.0] [cxt 0] Processing packet received on port 3
[20:25:54.634] [bmv2] [D] [thread 27992] [46.0] [cxt 0] Parser 'parser': start
[20:25:54.634] [bmv2] [D] [thread 27992] [46.0] [cxt 0] Parser 'parser' entering state 'start'
[20:25:54.634] [bmv2] [D] [thread 27992] [46.0] [cxt 0] Extracting header 'ethernet'
[20:25:54.634] [bmv2] [D] [thread 27992] [46.0] [cxt 0] Parser state 'start': key is 86dd
[20:25:54.634] [bmv2] [T] [thread 27992] [46.0] [cxt 0] Bytes parsed: 14
[20:25:54.634] [bmv2] [D] [thread 27992] [46.0] [cxt 0] Parser 'parser': end
[20:25:54.634] [bmv2] [D] [thread 27992] [46.0] [cxt 0] Pipeline 'ingress': start
[20:25:54.634] [bmv2] [T] [thread 27992] [46.0] [cxt 0] ../build_dependencies/net_cache.p4(114) Condition "hdr.ipv4.isValid()" (node_2) is false
[20:25:54.634] [bmv2] [D] [thread 27992] [46.0] [cxt 0] Pipeline 'ingress': end
[20:25:54.634] [bmv2] [D] [thread 27992] [46.0] [cxt 0] Egress port is 0
[20:25:54.634] [bmv2] [D] [thread 27993] [46.0] [cxt 0] Pipeline 'egress': start
[20:25:54.634] [bmv2] [D] [thread 27993] [46.0] [cxt 0] Pipeline 'egress': end
[20:25:54.634] [bmv2] [D] [thread 27993] [46.0] [cxt 0] Deparser 'deparser': start
[20:25:54.634] [bmv2] [T] [thread 27993] [46.0] [cxt 0] Skipping checksum 'cksum' update because condition not met
[20:25:54.634] [bmv2] [D] [thread 27993] [46.0] [cxt 0] Deparsing header 'ethernet'
[20:25:54.634] [bmv2] [D] [thread 27993] [46.0] [cxt 0] Deparser 'deparser': end
[20:25:54.634] [bmv2] [D] [thread 27997] [46.0] [cxt 0] Transmitting packet of size 70 out of port 0
[20:25:54.772] [bmv2] [D] [thread 27992] [47.0] [cxt 0] Processing packet received on port 4
[20:25:54.772] [bmv2] [D] [thread 27992] [47.0] [cxt 0] Parser 'parser': start
[20:25:54.772] [bmv2] [D] [thread 27992] [47.0] [cxt 0] Parser 'parser' entering state 'start'
[20:25:54.772] [bmv2] [D] [thread 27992] [47.0] [cxt 0] Extracting header 'ethernet'
[20:25:54.772] [bmv2] [D] [thread 27992] [47.0] [cxt 0] Parser state 'start': key is 86dd
[20:25:54.772] [bmv2] [T] [thread 27992] [47.0] [cxt 0] Bytes parsed: 14
[20:25:54.772] [bmv2] [D] [thread 27992] [47.0] [cxt 0] Parser 'parser': end
[20:25:54.772] [bmv2] [D] [thread 27992] [47.0] [cxt 0] Pipeline 'ingress': start
[20:25:54.772] [bmv2] [T] [thread 27992] [47.0] [cxt 0] ../build_dependencies/net_cache.p4(114) Condition "hdr.ipv4.isValid()" (node_2) is false
[20:25:54.772] [bmv2] [D] [thread 27992] [47.0] [cxt 0] Pipeline 'ingress': end
[20:25:54.772] [bmv2] [D] [thread 27992] [47.0] [cxt 0] Egress port is 0
[20:25:54.772] [bmv2] [D] [thread 27993] [47.0] [cxt 0] Pipeline 'egress': start
[20:25:54.772] [bmv2] [D] [thread 27993] [47.0] [cxt 0] Pipeline 'egress': end
[20:25:54.772] [bmv2] [D] [thread 27993] [47.0] [cxt 0] Deparser 'deparser': start
[20:25:54.772] [bmv2] [T] [thread 27993] [47.0] [cxt 0] Skipping checksum 'cksum' update because condition not met
[20:25:54.772] [bmv2] [D] [thread 27993] [47.0] [cxt 0] Deparsing header 'ethernet'
[20:25:54.773] [bmv2] [D] [thread 27993] [47.0] [cxt 0] Deparser 'deparser': end
[20:25:54.773] [bmv2] [D] [thread 27997] [47.0] [cxt 0] Transmitting packet of size 70 out of port 0
[20:25:54.860] [bmv2] [D] [thread 27992] [48.0] [cxt 0] Processing packet received on port 1
[20:25:54.860] [bmv2] [D] [thread 27992] [48.0] [cxt 0] Parser 'parser': start
[20:25:54.860] [bmv2] [D] [thread 27992] [48.0] [cxt 0] Parser 'parser' entering state 'start'
[20:25:54.860] [bmv2] [D] [thread 27992] [48.0] [cxt 0] Extracting header 'ethernet'
[20:25:54.860] [bmv2] [D] [thread 27992] [48.0] [cxt 0] Parser state 'start': key is 86dd
[20:25:54.860] [bmv2] [T] [thread 27992] [48.0] [cxt 0] Bytes parsed: 14
[20:25:54.860] [bmv2] [D] [thread 27992] [48.0] [cxt 0] Parser 'parser': end
[20:25:54.860] [bmv2] [D] [thread 27992] [48.0] [cxt 0] Pipeline 'ingress': start
[20:25:54.860] [bmv2] [T] [thread 27992] [48.0] [cxt 0] ../build_dependencies/net_cache.p4(114) Condition "hdr.ipv4.isValid()" (node_2) is false
[20:25:54.860] [bmv2] [D] [thread 27992] [48.0] [cxt 0] Pipeline 'ingress': end
[20:25:54.860] [bmv2] [D] [thread 27992] [48.0] [cxt 0] Egress port is 0
[20:25:54.860] [bmv2] [D] [thread 27993] [48.0] [cxt 0] Pipeline 'egress': start
[20:25:54.860] [bmv2] [D] [thread 27993] [48.0] [cxt 0] Pipeline 'egress': end
[20:25:54.860] [bmv2] [D] [thread 27993] [48.0] [cxt 0] Deparser 'deparser': start
[20:25:54.860] [bmv2] [T] [thread 27993] [48.0] [cxt 0] Skipping checksum 'cksum' update because condition not met
[20:25:54.860] [bmv2] [D] [thread 27993] [48.0] [cxt 0] Deparsing header 'ethernet'
[20:25:54.860] [bmv2] [D] [thread 27993] [48.0] [cxt 0] Deparser 'deparser': end
[20:25:54.860] [bmv2] [D] [thread 27997] [48.0] [cxt 0] Transmitting packet of size 70 out of port 0
