Calling target program-options parser
[16:21:16.164] [bmv2] [D] [thread 15312] Set default default entry for table 'tbl_drop': MyIngress.drop - 
[16:21:16.164] [bmv2] [D] [thread 15312] Set default default entry for table 'MyIngress.ipv4_lpm': MyIngress.drop - 
Adding interface s1-eth1 as port 1
[16:21:16.164] [bmv2] [D] [thread 15312] Adding interface s1-eth1 as port 1
Adding interface s1-eth2 as port 2
[16:21:16.204] [bmv2] [D] [thread 15312] Adding interface s1-eth2 as port 2
Adding interface s1-eth3 as port 3
[16:21:16.232] [bmv2] [D] [thread 15312] Adding interface s1-eth3 as port 3
Adding interface s1-eth4 as port 4
[16:21:16.264] [bmv2] [D] [thread 15312] Adding interface s1-eth4 as port 4
I0504 16:21:16.304473520   15312 server_builder.cc:247]      Synchronous server. Num CQs: 1, Min pollers: 1, Max Pollers: 2147483647, CQ timeout (msec): 1000
Server listening on 0.0.0.0:50052
[16:21:16.307] [bmv2] [I] [thread 15312] Starting Thrift server on port 9091
[16:21:16.307] [bmv2] [I] [thread 15312] Thrift server was started
[16:21:16.400] [bmv2] [D] [thread 15319] [0.0] [cxt 0] Processing packet received on port 4
[16:21:16.400] [bmv2] [D] [thread 15319] [0.0] [cxt 0] Parser 'parser': start
[16:21:16.400] [bmv2] [D] [thread 15319] [0.0] [cxt 0] Parser 'parser' entering state 'start'
[16:21:16.400] [bmv2] [D] [thread 15319] [0.0] [cxt 0] Extracting header 'ethernet'
[16:21:16.400] [bmv2] [D] [thread 15319] [0.0] [cxt 0] Parser state 'start': key is 86dd
[16:21:16.400] [bmv2] [T] [thread 15319] [0.0] [cxt 0] Bytes parsed: 14
[16:21:16.400] [bmv2] [D] [thread 15319] [0.0] [cxt 0] Parser 'parser': end
[16:21:16.400] [bmv2] [D] [thread 15319] [0.0] [cxt 0] Pipeline 'ingress': start
[16:21:16.400] [bmv2] [T] [thread 15319] [0.0] [cxt 0] ../build_dependencies/net_cache.p4(114) Condition "hdr.ipv4.isValid()" (node_2) is false
[16:21:16.400] [bmv2] [D] [thread 15319] [0.0] [cxt 0] Pipeline 'ingress': end
[16:21:16.400] [bmv2] [D] [thread 15319] [0.0] [cxt 0] Egress port is 0
[16:21:16.400] [bmv2] [D] [thread 15320] [0.0] [cxt 0] Pipeline 'egress': start
[16:21:16.400] [bmv2] [D] [thread 15320] [0.0] [cxt 0] Pipeline 'egress': end
[16:21:16.400] [bmv2] [D] [thread 15320] [0.0] [cxt 0] Deparser 'deparser': start
[16:21:16.400] [bmv2] [T] [thread 15320] [0.0] [cxt 0] Skipping checksum 'cksum' update because condition not met
[16:21:16.400] [bmv2] [D] [thread 15320] [0.0] [cxt 0] Deparsing header 'ethernet'
[16:21:16.400] [bmv2] [D] [thread 15320] [0.0] [cxt 0] Deparser 'deparser': end
[16:21:16.400] [bmv2] [D] [thread 15324] [0.0] [cxt 0] Transmitting packet of size 90 out of port 0
[16:21:16.522] [bmv2] [D] [thread 15319] [1.0] [cxt 0] Processing packet received on port 4
[16:21:16.522] [bmv2] [D] [thread 15319] [1.0] [cxt 0] Parser 'parser': start
[16:21:16.522] [bmv2] [D] [thread 15319] [1.0] [cxt 0] Parser 'parser' entering state 'start'
[16:21:16.522] [bmv2] [D] [thread 15319] [1.0] [cxt 0] Extracting header 'ethernet'
[16:21:16.522] [bmv2] [D] [thread 15319] [1.0] [cxt 0] Parser state 'start': key is 86dd
[16:21:16.522] [bmv2] [T] [thread 15319] [1.0] [cxt 0] Bytes parsed: 14
[16:21:16.522] [bmv2] [D] [thread 15319] [1.0] [cxt 0] Parser 'parser': end
[16:21:16.522] [bmv2] [D] [thread 15319] [1.0] [cxt 0] Pipeline 'ingress': start
[16:21:16.522] [bmv2] [T] [thread 15319] [1.0] [cxt 0] ../build_dependencies/net_cache.p4(114) Condition "hdr.ipv4.isValid()" (node_2) is false
[16:21:16.522] [bmv2] [D] [thread 15319] [1.0] [cxt 0] Pipeline 'ingress': end
[16:21:16.522] [bmv2] [D] [thread 15319] [1.0] [cxt 0] Egress port is 0
[16:21:16.522] [bmv2] [D] [thread 15319] [2.0] [cxt 0] Processing packet received on port 4
[16:21:16.522] [bmv2] [D] [thread 15319] [2.0] [cxt 0] Parser 'parser': start
[16:21:16.522] [bmv2] [D] [thread 15319] [2.0] [cxt 0] Parser 'parser' entering state 'start'
[16:21:16.522] [bmv2] [D] [thread 15319] [2.0] [cxt 0] Extracting header 'ethernet'
[16:21:16.522] [bmv2] [D] [thread 15319] [2.0] [cxt 0] Parser state 'start': key is 86dd
[16:21:16.522] [bmv2] [T] [thread 15319] [2.0] [cxt 0] Bytes parsed: 14
[16:21:16.522] [bmv2] [D] [thread 15319] [2.0] [cxt 0] Parser 'parser': end
[16:21:16.522] [bmv2] [D] [thread 15319] [2.0] [cxt 0] Pipeline 'ingress': start
[16:21:16.522] [bmv2] [T] [thread 15319] [2.0] [cxt 0] ../build_dependencies/net_cache.p4(114) Condition "hdr.ipv4.isValid()" (node_2) is false
[16:21:16.522] [bmv2] [D] [thread 15319] [2.0] [cxt 0] Pipeline 'ingress': end
[16:21:16.522] [bmv2] [D] [thread 15319] [2.0] [cxt 0] Egress port is 0
[16:21:16.522] [bmv2] [D] [thread 15320] [1.0] [cxt 0] Pipeline 'egress': start
[16:21:16.522] [bmv2] [D] [thread 15320] [1.0] [cxt 0] Pipeline 'egress': end
[16:21:16.522] [bmv2] [D] [thread 15320] [1.0] [cxt 0] Deparser 'deparser': start
[16:21:16.522] [bmv2] [T] [thread 15320] [1.0] [cxt 0] Skipping checksum 'cksum' update because condition not met
[16:21:16.522] [bmv2] [D] [thread 15320] [1.0] [cxt 0] Deparsing header 'ethernet'
[16:21:16.522] [bmv2] [D] [thread 15320] [1.0] [cxt 0] Deparser 'deparser': end
[16:21:16.522] [bmv2] [D] [thread 15320] [2.0] [cxt 0] Pipeline 'egress': start
[16:21:16.522] [bmv2] [D] [thread 15320] [2.0] [cxt 0] Pipeline 'egress': end
[16:21:16.522] [bmv2] [D] [thread 15320] [2.0] [cxt 0] Deparser 'deparser': start
[16:21:16.522] [bmv2] [T] [thread 15320] [2.0] [cxt 0] Skipping checksum 'cksum' update because condition not met
[16:21:16.522] [bmv2] [D] [thread 15320] [2.0] [cxt 0] Deparsing header 'ethernet'
[16:21:16.522] [bmv2] [D] [thread 15320] [2.0] [cxt 0] Deparser 'deparser': end
[16:21:16.522] [bmv2] [D] [thread 15324] [1.0] [cxt 0] Transmitting packet of size 90 out of port 0
[16:21:16.522] [bmv2] [D] [thread 15324] [2.0] [cxt 0] Transmitting packet of size 70 out of port 0
[16:21:16.563] [bmv2] [D] [thread 15319] [3.0] [cxt 0] Processing packet received on port 3
[16:21:16.563] [bmv2] [D] [thread 15319] [3.0] [cxt 0] Parser 'parser': start
[16:21:16.563] [bmv2] [D] [thread 15319] [3.0] [cxt 0] Parser 'parser' entering state 'start'
[16:21:16.563] [bmv2] [D] [thread 15319] [3.0] [cxt 0] Extracting header 'ethernet'
[16:21:16.563] [bmv2] [D] [thread 15319] [3.0] [cxt 0] Parser state 'start': key is 86dd
[16:21:16.563] [bmv2] [T] [thread 15319] [3.0] [cxt 0] Bytes parsed: 14
[16:21:16.563] [bmv2] [D] [thread 15319] [3.0] [cxt 0] Parser 'parser': end
[16:21:16.563] [bmv2] [D] [thread 15319] [3.0] [cxt 0] Pipeline 'ingress': start
[16:21:16.563] [bmv2] [T] [thread 15319] [3.0] [cxt 0] ../build_dependencies/net_cache.p4(114) Condition "hdr.ipv4.isValid()" (node_2) is false
[16:21:16.563] [bmv2] [D] [thread 15319] [3.0] [cxt 0] Pipeline 'ingress': end
[16:21:16.563] [bmv2] [D] [thread 15319] [3.0] [cxt 0] Egress port is 0
[16:21:16.564] [bmv2] [D] [thread 15319] [4.0] [cxt 0] Processing packet received on port 3
[16:21:16.564] [bmv2] [D] [thread 15319] [4.0] [cxt 0] Parser 'parser': start
[16:21:16.564] [bmv2] [D] [thread 15319] [4.0] [cxt 0] Parser 'parser' entering state 'start'
[16:21:16.564] [bmv2] [D] [thread 15319] [4.0] [cxt 0] Extracting header 'ethernet'
[16:21:16.564] [bmv2] [D] [thread 15319] [4.0] [cxt 0] Parser state 'start': key is 86dd
[16:21:16.564] [bmv2] [T] [thread 15319] [4.0] [cxt 0] Bytes parsed: 14
[16:21:16.564] [bmv2] [D] [thread 15319] [4.0] [cxt 0] Parser 'parser': end
[16:21:16.564] [bmv2] [D] [thread 15319] [4.0] [cxt 0] Pipeline 'ingress': start
[16:21:16.564] [bmv2] [T] [thread 15319] [4.0] [cxt 0] ../build_dependencies/net_cache.p4(114) Condition "hdr.ipv4.isValid()" (node_2) is false
[16:21:16.564] [bmv2] [D] [thread 15319] [4.0] [cxt 0] Pipeline 'ingress': end
[16:21:16.564] [bmv2] [D] [thread 15319] [4.0] [cxt 0] Egress port is 0
[16:21:16.564] [bmv2] [D] [thread 15320] [3.0] [cxt 0] Pipeline 'egress': start
[16:21:16.564] [bmv2] [D] [thread 15320] [3.0] [cxt 0] Pipeline 'egress': end
[16:21:16.564] [bmv2] [D] [thread 15320] [3.0] [cxt 0] Deparser 'deparser': start
[16:21:16.564] [bmv2] [T] [thread 15320] [3.0] [cxt 0] Skipping checksum 'cksum' update because condition not met
[16:21:16.564] [bmv2] [D] [thread 15320] [3.0] [cxt 0] Deparsing header 'ethernet'
[16:21:16.564] [bmv2] [D] [thread 15320] [3.0] [cxt 0] Deparser 'deparser': end
[16:21:16.564] [bmv2] [D] [thread 15320] [4.0] [cxt 0] Pipeline 'egress': start
[16:21:16.564] [bmv2] [D] [thread 15320] [4.0] [cxt 0] Pipeline 'egress': end
[16:21:16.564] [bmv2] [D] [thread 15320] [4.0] [cxt 0] Deparser 'deparser': start
[16:21:16.564] [bmv2] [T] [thread 15320] [4.0] [cxt 0] Skipping checksum 'cksum' update because condition not met
[16:21:16.564] [bmv2] [D] [thread 15320] [4.0] [cxt 0] Deparsing header 'ethernet'
[16:21:16.564] [bmv2] [D] [thread 15320] [4.0] [cxt 0] Deparser 'deparser': end
[16:21:16.565] [bmv2] [D] [thread 15324] [3.0] [cxt 0] Transmitting packet of size 90 out of port 0
[16:21:16.565] [bmv2] [D] [thread 15324] [4.0] [cxt 0] Transmitting packet of size 70 out of port 0
[16:21:16.664] [bmv2] [D] [thread 15319] [5.0] [cxt 0] Processing packet received on port 2
[16:21:16.664] [bmv2] [D] [thread 15319] [5.0] [cxt 0] Parser 'parser': start
[16:21:16.664] [bmv2] [D] [thread 15319] [5.0] [cxt 0] Parser 'parser' entering state 'start'
[16:21:16.664] [bmv2] [D] [thread 15319] [5.0] [cxt 0] Extracting header 'ethernet'
[16:21:16.664] [bmv2] [D] [thread 15319] [5.0] [cxt 0] Parser state 'start': key is 86dd
[16:21:16.664] [bmv2] [T] [thread 15319] [5.0] [cxt 0] Bytes parsed: 14
[16:21:16.664] [bmv2] [D] [thread 15319] [5.0] [cxt 0] Parser 'parser': end
[16:21:16.664] [bmv2] [D] [thread 15319] [5.0] [cxt 0] Pipeline 'ingress': start
[16:21:16.664] [bmv2] [T] [thread 15319] [5.0] [cxt 0] ../build_dependencies/net_cache.p4(114) Condition "hdr.ipv4.isValid()" (node_2) is false
[16:21:16.664] [bmv2] [D] [thread 15319] [5.0] [cxt 0] Pipeline 'ingress': end
[16:21:16.664] [bmv2] [D] [thread 15319] [5.0] [cxt 0] Egress port is 0
[16:21:16.665] [bmv2] [D] [thread 15320] [5.0] [cxt 0] Pipeline 'egress': start
[16:21:16.665] [bmv2] [D] [thread 15320] [5.0] [cxt 0] Pipeline 'egress': end
[16:21:16.665] [bmv2] [D] [thread 15320] [5.0] [cxt 0] Deparser 'deparser': start
[16:21:16.665] [bmv2] [T] [thread 15320] [5.0] [cxt 0] Skipping checksum 'cksum' update because condition not met
[16:21:16.665] [bmv2] [D] [thread 15320] [5.0] [cxt 0] Deparsing header 'ethernet'
[16:21:16.665] [bmv2] [D] [thread 15320] [5.0] [cxt 0] Deparser 'deparser': end
[16:21:16.665] [bmv2] [D] [thread 15324] [5.0] [cxt 0] Transmitting packet of size 90 out of port 0
[16:21:16.870] [bmv2] [D] [thread 15319] [6.0] [cxt 0] Processing packet received on port 3
[16:21:16.870] [bmv2] [D] [thread 15319] [6.0] [cxt 0] Parser 'parser': start
[16:21:16.870] [bmv2] [D] [thread 15319] [6.0] [cxt 0] Parser 'parser' entering state 'start'
[16:21:16.871] [bmv2] [D] [thread 15319] [6.0] [cxt 0] Extracting header 'ethernet'
[16:21:16.871] [bmv2] [D] [thread 15319] [6.0] [cxt 0] Parser state 'start': key is 86dd
[16:21:16.871] [bmv2] [T] [thread 15319] [6.0] [cxt 0] Bytes parsed: 14
[16:21:16.871] [bmv2] [D] [thread 15319] [6.0] [cxt 0] Parser 'parser': end
[16:21:16.871] [bmv2] [D] [thread 15319] [6.0] [cxt 0] Pipeline 'ingress': start
[16:21:16.871] [bmv2] [T] [thread 15319] [6.0] [cxt 0] ../build_dependencies/net_cache.p4(114) Condition "hdr.ipv4.isValid()" (node_2) is false
[16:21:16.871] [bmv2] [D] [thread 15319] [6.0] [cxt 0] Pipeline 'ingress': end
[16:21:16.871] [bmv2] [D] [thread 15319] [6.0] [cxt 0] Egress port is 0
[16:21:16.871] [bmv2] [D] [thread 15319] [7.0] [cxt 0] Processing packet received on port 3
[16:21:16.871] [bmv2] [D] [thread 15319] [7.0] [cxt 0] Parser 'parser': start
[16:21:16.871] [bmv2] [D] [thread 15319] [7.0] [cxt 0] Parser 'parser' entering state 'start'
[16:21:16.871] [bmv2] [D] [thread 15319] [7.0] [cxt 0] Extracting header 'ethernet'
[16:21:16.871] [bmv2] [D] [thread 15319] [7.0] [cxt 0] Parser state 'start': key is 86dd
[16:21:16.871] [bmv2] [T] [thread 15319] [7.0] [cxt 0] Bytes parsed: 14
[16:21:16.871] [bmv2] [D] [thread 15319] [7.0] [cxt 0] Parser 'parser': end
[16:21:16.871] [bmv2] [D] [thread 15319] [7.0] [cxt 0] Pipeline 'ingress': start
[16:21:16.871] [bmv2] [T] [thread 15319] [7.0] [cxt 0] ../build_dependencies/net_cache.p4(114) Condition "hdr.ipv4.isValid()" (node_2) is false
[16:21:16.871] [bmv2] [D] [thread 15319] [7.0] [cxt 0] Pipeline 'ingress': end
[16:21:16.871] [bmv2] [D] [thread 15319] [7.0] [cxt 0] Egress port is 0
[16:21:16.871] [bmv2] [D] [thread 15320] [6.0] [cxt 0] Pipeline 'egress': start
[16:21:16.871] [bmv2] [D] [thread 15320] [6.0] [cxt 0] Pipeline 'egress': end
[16:21:16.871] [bmv2] [D] [thread 15320] [6.0] [cxt 0] Deparser 'deparser': start
[16:21:16.871] [bmv2] [T] [thread 15320] [6.0] [cxt 0] Skipping checksum 'cksum' update because condition not met
[16:21:16.871] [bmv2] [D] [thread 15320] [6.0] [cxt 0] Deparsing header 'ethernet'
[16:21:16.871] [bmv2] [D] [thread 15320] [6.0] [cxt 0] Deparser 'deparser': end
[16:21:16.871] [bmv2] [D] [thread 15320] [7.0] [cxt 0] Pipeline 'egress': start
[16:21:16.871] [bmv2] [D] [thread 15320] [7.0] [cxt 0] Pipeline 'egress': end
[16:21:16.871] [bmv2] [D] [thread 15320] [7.0] [cxt 0] Deparser 'deparser': start
[16:21:16.871] [bmv2] [T] [thread 15320] [7.0] [cxt 0] Skipping checksum 'cksum' update because condition not met
[16:21:16.871] [bmv2] [D] [thread 15320] [7.0] [cxt 0] Deparsing header 'ethernet'
[16:21:16.871] [bmv2] [D] [thread 15320] [7.0] [cxt 0] Deparser 'deparser': end
[16:21:16.872] [bmv2] [D] [thread 15324] [6.0] [cxt 0] Transmitting packet of size 90 out of port 0
[16:21:16.872] [bmv2] [D] [thread 15324] [7.0] [cxt 0] Transmitting packet of size 70 out of port 0
[16:21:17.060] [bmv2] [D] [thread 15319] [8.0] [cxt 0] Processing packet received on port 2
[16:21:17.060] [bmv2] [D] [thread 15319] [8.0] [cxt 0] Parser 'parser': start
[16:21:17.060] [bmv2] [D] [thread 15319] [8.0] [cxt 0] Parser 'parser' entering state 'start'
[16:21:17.060] [bmv2] [D] [thread 15319] [8.0] [cxt 0] Extracting header 'ethernet'
[16:21:17.060] [bmv2] [D] [thread 15319] [8.0] [cxt 0] Parser state 'start': key is 86dd
[16:21:17.060] [bmv2] [T] [thread 15319] [8.0] [cxt 0] Bytes parsed: 14
[16:21:17.060] [bmv2] [D] [thread 15319] [8.0] [cxt 0] Parser 'parser': end
[16:21:17.060] [bmv2] [D] [thread 15319] [8.0] [cxt 0] Pipeline 'ingress': start
[16:21:17.060] [bmv2] [T] [thread 15319] [8.0] [cxt 0] ../build_dependencies/net_cache.p4(114) Condition "hdr.ipv4.isValid()" (node_2) is false
[16:21:17.060] [bmv2] [D] [thread 15319] [8.0] [cxt 0] Pipeline 'ingress': end
[16:21:17.060] [bmv2] [D] [thread 15319] [8.0] [cxt 0] Egress port is 0
[16:21:17.060] [bmv2] [D] [thread 15319] [9.0] [cxt 0] Processing packet received on port 3
[16:21:17.060] [bmv2] [D] [thread 15319] [9.0] [cxt 0] Parser 'parser': start
[16:21:17.060] [bmv2] [D] [thread 15319] [9.0] [cxt 0] Parser 'parser' entering state 'start'
[16:21:17.060] [bmv2] [D] [thread 15319] [9.0] [cxt 0] Extracting header 'ethernet'
[16:21:17.060] [bmv2] [D] [thread 15319] [9.0] [cxt 0] Parser state 'start': key is 86dd
[16:21:17.060] [bmv2] [T] [thread 15319] [9.0] [cxt 0] Bytes parsed: 14
[16:21:17.060] [bmv2] [D] [thread 15319] [9.0] [cxt 0] Parser 'parser': end
[16:21:17.060] [bmv2] [D] [thread 15319] [9.0] [cxt 0] Pipeline 'ingress': start
[16:21:17.060] [bmv2] [T] [thread 15319] [9.0] [cxt 0] ../build_dependencies/net_cache.p4(114) Condition "hdr.ipv4.isValid()" (node_2) is false
[16:21:17.060] [bmv2] [D] [thread 15319] [9.0] [cxt 0] Pipeline 'ingress': end
[16:21:17.060] [bmv2] [D] [thread 15319] [9.0] [cxt 0] Egress port is 0
[16:21:17.060] [bmv2] [D] [thread 15319] [10.0] [cxt 0] Processing packet received on port 2
[16:21:17.060] [bmv2] [D] [thread 15319] [10.0] [cxt 0] Parser 'parser': start
[16:21:17.060] [bmv2] [D] [thread 15319] [10.0] [cxt 0] Parser 'parser' entering state 'start'
[16:21:17.060] [bmv2] [D] [thread 15319] [10.0] [cxt 0] Extracting header 'ethernet'
[16:21:17.060] [bmv2] [D] [thread 15319] [10.0] [cxt 0] Parser state 'start': key is 86dd
[16:21:17.060] [bmv2] [T] [thread 15319] [10.0] [cxt 0] Bytes parsed: 14
[16:21:17.060] [bmv2] [D] [thread 15319] [10.0] [cxt 0] Parser 'parser': end
[16:21:17.060] [bmv2] [D] [thread 15319] [10.0] [cxt 0] Pipeline 'ingress': start
[16:21:17.060] [bmv2] [T] [thread 15319] [10.0] [cxt 0] ../build_dependencies/net_cache.p4(114) Condition "hdr.ipv4.isValid()" (node_2) is false
[16:21:17.060] [bmv2] [D] [thread 15319] [10.0] [cxt 0] Pipeline 'ingress': end
[16:21:17.060] [bmv2] [D] [thread 15319] [10.0] [cxt 0] Egress port is 0
[16:21:17.060] [bmv2] [D] [thread 15320] [8.0] [cxt 0] Pipeline 'egress': start
[16:21:17.060] [bmv2] [D] [thread 15320] [8.0] [cxt 0] Pipeline 'egress': end
[16:21:17.060] [bmv2] [D] [thread 15320] [8.0] [cxt 0] Deparser 'deparser': start
[16:21:17.060] [bmv2] [T] [thread 15320] [8.0] [cxt 0] Skipping checksum 'cksum' update because condition not met
[16:21:17.060] [bmv2] [D] [thread 15320] [8.0] [cxt 0] Deparsing header 'ethernet'
[16:21:17.060] [bmv2] [D] [thread 15320] [8.0] [cxt 0] Deparser 'deparser': end
[16:21:17.060] [bmv2] [D] [thread 15320] [9.0] [cxt 0] Pipeline 'egress': start
[16:21:17.060] [bmv2] [D] [thread 15320] [9.0] [cxt 0] Pipeline 'egress': end
[16:21:17.060] [bmv2] [D] [thread 15320] [9.0] [cxt 0] Deparser 'deparser': start
[16:21:17.060] [bmv2] [T] [thread 15320] [9.0] [cxt 0] Skipping checksum 'cksum' update because condition not met
[16:21:17.060] [bmv2] [D] [thread 15320] [9.0] [cxt 0] Deparsing header 'ethernet'
[16:21:17.060] [bmv2] [D] [thread 15320] [9.0] [cxt 0] Deparser 'deparser': end
[16:21:17.060] [bmv2] [D] [thread 15320] [10.0] [cxt 0] Pipeline 'egress': start
[16:21:17.060] [bmv2] [D] [thread 15320] [10.0] [cxt 0] Pipeline 'egress': end
[16:21:17.060] [bmv2] [D] [thread 15320] [10.0] [cxt 0] Deparser 'deparser': start
[16:21:17.060] [bmv2] [T] [thread 15320] [10.0] [cxt 0] Skipping checksum 'cksum' update because condition not met
[16:21:17.060] [bmv2] [D] [thread 15320] [10.0] [cxt 0] Deparsing header 'ethernet'
[16:21:17.060] [bmv2] [D] [thread 15320] [10.0] [cxt 0] Deparser 'deparser': end
[16:21:17.060] [bmv2] [D] [thread 15324] [8.0] [cxt 0] Transmitting packet of size 90 out of port 0
[16:21:17.060] [bmv2] [D] [thread 15324] [9.0] [cxt 0] Transmitting packet of size 90 out of port 0
[16:21:17.060] [bmv2] [D] [thread 15324] [10.0] [cxt 0] Transmitting packet of size 70 out of port 0
[16:21:17.064] [bmv2] [D] [thread 15319] [11.0] [cxt 0] Processing packet received on port 3
[16:21:17.065] [bmv2] [D] [thread 15319] [11.0] [cxt 0] Parser 'parser': start
[16:21:17.065] [bmv2] [D] [thread 15319] [11.0] [cxt 0] Parser 'parser' entering state 'start'
[16:21:17.065] [bmv2] [D] [thread 15319] [11.0] [cxt 0] Extracting header 'ethernet'
[16:21:17.065] [bmv2] [D] [thread 15319] [11.0] [cxt 0] Parser state 'start': key is 86dd
[16:21:17.065] [bmv2] [T] [thread 15319] [11.0] [cxt 0] Bytes parsed: 14
[16:21:17.065] [bmv2] [D] [thread 15319] [11.0] [cxt 0] Parser 'parser': end
[16:21:17.065] [bmv2] [D] [thread 15319] [11.0] [cxt 0] Pipeline 'ingress': start
[16:21:17.065] [bmv2] [T] [thread 15319] [11.0] [cxt 0] ../build_dependencies/net_cache.p4(114) Condition "hdr.ipv4.isValid()" (node_2) is false
[16:21:17.065] [bmv2] [D] [thread 15319] [11.0] [cxt 0] Pipeline 'ingress': end
[16:21:17.065] [bmv2] [D] [thread 15319] [11.0] [cxt 0] Egress port is 0
[16:21:17.065] [bmv2] [D] [thread 15320] [11.0] [cxt 0] Pipeline 'egress': start
[16:21:17.065] [bmv2] [D] [thread 15320] [11.0] [cxt 0] Pipeline 'egress': end
[16:21:17.065] [bmv2] [D] [thread 15320] [11.0] [cxt 0] Deparser 'deparser': start
[16:21:17.065] [bmv2] [T] [thread 15320] [11.0] [cxt 0] Skipping checksum 'cksum' update because condition not met
[16:21:17.065] [bmv2] [D] [thread 15320] [11.0] [cxt 0] Deparsing header 'ethernet'
[16:21:17.065] [bmv2] [D] [thread 15320] [11.0] [cxt 0] Deparser 'deparser': end
[16:21:17.065] [bmv2] [D] [thread 15324] [11.0] [cxt 0] Transmitting packet of size 90 out of port 0
[16:21:17.325] [bmv2] [D] [thread 15319] [12.0] [cxt 0] Processing packet received on port 4
[16:21:17.325] [bmv2] [D] [thread 15319] [12.0] [cxt 0] Parser 'parser': start
[16:21:17.325] [bmv2] [D] [thread 15319] [12.0] [cxt 0] Parser 'parser' entering state 'start'
[16:21:17.325] [bmv2] [D] [thread 15319] [12.0] [cxt 0] Extracting header 'ethernet'
[16:21:17.325] [bmv2] [D] [thread 15319] [12.0] [cxt 0] Parser state 'start': key is 86dd
[16:21:17.325] [bmv2] [T] [thread 15319] [12.0] [cxt 0] Bytes parsed: 14
[16:21:17.326] [bmv2] [D] [thread 15319] [12.0] [cxt 0] Parser 'parser': end
[16:21:17.326] [bmv2] [D] [thread 15319] [12.0] [cxt 0] Pipeline 'ingress': start
[16:21:17.326] [bmv2] [T] [thread 15319] [12.0] [cxt 0] ../build_dependencies/net_cache.p4(114) Condition "hdr.ipv4.isValid()" (node_2) is false
[16:21:17.326] [bmv2] [D] [thread 15319] [12.0] [cxt 0] Pipeline 'ingress': end
[16:21:17.326] [bmv2] [D] [thread 15319] [12.0] [cxt 0] Egress port is 0
[16:21:17.326] [bmv2] [D] [thread 15320] [12.0] [cxt 0] Pipeline 'egress': start
[16:21:17.326] [bmv2] [D] [thread 15320] [12.0] [cxt 0] Pipeline 'egress': end
[16:21:17.326] [bmv2] [D] [thread 15320] [12.0] [cxt 0] Deparser 'deparser': start
[16:21:17.326] [bmv2] [T] [thread 15320] [12.0] [cxt 0] Skipping checksum 'cksum' update because condition not met
[16:21:17.326] [bmv2] [D] [thread 15320] [12.0] [cxt 0] Deparsing header 'ethernet'
[16:21:17.326] [bmv2] [D] [thread 15320] [12.0] [cxt 0] Deparser 'deparser': end
[16:21:17.326] [bmv2] [D] [thread 15324] [12.0] [cxt 0] Transmitting packet of size 90 out of port 0
[16:21:17.448] [bmv2] [D] [thread 15319] [13.0] [cxt 0] Processing packet received on port 2
[16:21:17.448] [bmv2] [D] [thread 15319] [13.0] [cxt 0] Parser 'parser': start
[16:21:17.448] [bmv2] [D] [thread 15319] [13.0] [cxt 0] Parser 'parser' entering state 'start'
[16:21:17.448] [bmv2] [D] [thread 15319] [13.0] [cxt 0] Extracting header 'ethernet'
[16:21:17.448] [bmv2] [D] [thread 15319] [13.0] [cxt 0] Parser state 'start': key is 86dd
[16:21:17.448] [bmv2] [T] [thread 15319] [13.0] [cxt 0] Bytes parsed: 14
[16:21:17.448] [bmv2] [D] [thread 15319] [13.0] [cxt 0] Parser 'parser': end
[16:21:17.448] [bmv2] [D] [thread 15319] [13.0] [cxt 0] Pipeline 'ingress': start
[16:21:17.448] [bmv2] [T] [thread 15319] [13.0] [cxt 0] ../build_dependencies/net_cache.p4(114) Condition "hdr.ipv4.isValid()" (node_2) is false
[16:21:17.448] [bmv2] [D] [thread 15319] [13.0] [cxt 0] Pipeline 'ingress': end
[16:21:17.448] [bmv2] [D] [thread 15319] [13.0] [cxt 0] Egress port is 0
[16:21:17.448] [bmv2] [D] [thread 15320] [13.0] [cxt 0] Pipeline 'egress': start
[16:21:17.448] [bmv2] [D] [thread 15320] [13.0] [cxt 0] Pipeline 'egress': end
[16:21:17.448] [bmv2] [D] [thread 15320] [13.0] [cxt 0] Deparser 'deparser': start
[16:21:17.448] [bmv2] [T] [thread 15320] [13.0] [cxt 0] Skipping checksum 'cksum' update because condition not met
[16:21:17.448] [bmv2] [D] [thread 15320] [13.0] [cxt 0] Deparsing header 'ethernet'
[16:21:17.448] [bmv2] [D] [thread 15320] [13.0] [cxt 0] Deparser 'deparser': end
[16:21:17.448] [bmv2] [D] [thread 15324] [13.0] [cxt 0] Transmitting packet of size 90 out of port 0
New connection
P4Runtime SetForwardingPipelineConfig
[16:21:19.426] [bmv2] [W] [thread 15408] [P4Runtime] p4::tmp::P4DeviceConfig is deprecated
[16:21:19.464] [bmv2] [D] [thread 15408] Set default default entry for table 'tbl_drop': MyIngress.drop - 
[16:21:19.464] [bmv2] [D] [thread 15408] Set default default entry for table 'MyIngress.ipv4_lpm': MyIngress.drop - 
P4Runtime Write
device_id: 1
election_id {
  low: 1
}
updates {
  type: INSERT
  entity {
    table_entry {
      table_id: 33574068
      match {
        field_id: 1
        lpm {
          value: "\n\000\001\001"
          prefix_len: 32
        }
      }
      action {
        action {
          action_id: 16799317
          params {
            param_id: 1
            value: "\010\000\000\000\001\021"
          }
          params {
            param_id: 2
            value: "\000\001"
          }
        }
      }
    }
  }
}
[16:21:19.470] [bmv2] [D] [thread 15408] Entry 0 added to table 'MyIngress.ipv4_lpm'
[16:21:19.470] [bmv2] [D] [thread 15408] Dumping entry 0
Match key:
* hdr.ipv4.dstAddr    : LPM       0a000101/32
Action entry: MyIngress.ipv4_forward - 80000000111,1,

P4Runtime Write
device_id: 1
election_id {
  low: 1
}
updates {
  type: INSERT
  entity {
    table_entry {
      table_id: 33574068
      match {
        field_id: 1
        lpm {
          value: "\n\000\002\002"
          prefix_len: 32
        }
      }
      action {
        action {
          action_id: 16799317
          params {
            param_id: 1
            value: "\010\000\000\000\002\000"
          }
          params {
            param_id: 2
            value: "\000\002"
          }
        }
      }
    }
  }
}
[16:21:19.471] [bmv2] [D] [thread 15410] Entry 1 added to table 'MyIngress.ipv4_lpm'
[16:21:19.471] [bmv2] [D] [thread 15410] Dumping entry 1
Match key:
* hdr.ipv4.dstAddr    : LPM       0a000202/32
Action entry: MyIngress.ipv4_forward - 80000000200,2,

P4Runtime Write
device_id: 1
election_id {
  low: 1
}
updates {
  type: INSERT
  entity {
    table_entry {
      table_id: 33574068
      match {
        field_id: 1
        lpm {
          value: "\n\000\003\003"
          prefix_len: 32
        }
      }
      action {
        action {
          action_id: 16799317
          params {
            param_id: 1
            value: "\010\000\000\000\003\000"
          }
          params {
            param_id: 2
            value: "\000\003"
          }
        }
      }
    }
  }
}
[16:21:19.472] [bmv2] [D] [thread 15408] Entry 2 added to table 'MyIngress.ipv4_lpm'
[16:21:19.472] [bmv2] [D] [thread 15408] Dumping entry 2
Match key:
* hdr.ipv4.dstAddr    : LPM       0a000303/32
Action entry: MyIngress.ipv4_forward - 80000000300,3,

P4Runtime Write
device_id: 1
election_id {
  low: 1
}
updates {
  type: INSERT
  entity {
    table_entry {
      table_id: 33574068
      match {
        field_id: 1
        lpm {
          value: "\300\000\000\000"
          prefix_len: 8
        }
      }
      action {
        action {
          action_id: 16799317
          params {
            param_id: 1
            value: "\010\000\000\000\001\021"
          }
          params {
            param_id: 2
            value: "\000\004"
          }
        }
      }
    }
  }
}
[16:21:19.473] [bmv2] [D] [thread 15408] Entry 3 added to table 'MyIngress.ipv4_lpm'
[16:21:19.473] [bmv2] [D] [thread 15408] Dumping entry 3
Match key:
* hdr.ipv4.dstAddr    : LPM       c0000000/8
Action entry: MyIngress.ipv4_forward - 80000000111,4,

Connection removed
[16:21:19.892] [bmv2] [D] [thread 15319] [14.0] [cxt 0] Processing packet received on port 1
[16:21:19.892] [bmv2] [D] [thread 15319] [14.0] [cxt 0] Parser 'parser': start
[16:21:19.892] [bmv2] [D] [thread 15319] [14.0] [cxt 0] Parser 'parser' entering state 'start'
[16:21:19.892] [bmv2] [D] [thread 15319] [14.0] [cxt 0] Extracting header 'ethernet'
[16:21:19.892] [bmv2] [D] [thread 15319] [14.0] [cxt 0] Parser state 'start': key is 86dd
[16:21:19.892] [bmv2] [T] [thread 15319] [14.0] [cxt 0] Bytes parsed: 14
[16:21:19.892] [bmv2] [D] [thread 15319] [14.0] [cxt 0] Parser 'parser': end
[16:21:19.892] [bmv2] [D] [thread 15319] [14.0] [cxt 0] Pipeline 'ingress': start
[16:21:19.892] [bmv2] [T] [thread 15319] [14.0] [cxt 0] ../build_dependencies/net_cache.p4(114) Condition "hdr.ipv4.isValid()" (node_2) is false
[16:21:19.892] [bmv2] [D] [thread 15319] [14.0] [cxt 0] Pipeline 'ingress': end
[16:21:19.892] [bmv2] [D] [thread 15319] [14.0] [cxt 0] Egress port is 0
[16:21:19.893] [bmv2] [D] [thread 15320] [14.0] [cxt 0] Pipeline 'egress': start
[16:21:19.893] [bmv2] [D] [thread 15320] [14.0] [cxt 0] Pipeline 'egress': end
[16:21:19.893] [bmv2] [D] [thread 15320] [14.0] [cxt 0] Deparser 'deparser': start
[16:21:19.893] [bmv2] [T] [thread 15320] [14.0] [cxt 0] Skipping checksum 'cksum' update because condition not met
[16:21:19.893] [bmv2] [D] [thread 15320] [14.0] [cxt 0] Deparsing header 'ethernet'
[16:21:19.893] [bmv2] [D] [thread 15320] [14.0] [cxt 0] Deparser 'deparser': end
[16:21:19.893] [bmv2] [D] [thread 15324] [14.0] [cxt 0] Transmitting packet of size 70 out of port 0
[16:21:20.187] [bmv2] [D] [thread 15319] [15.0] [cxt 0] Processing packet received on port 4
[16:21:20.187] [bmv2] [D] [thread 15319] [15.0] [cxt 0] Parser 'parser': start
[16:21:20.187] [bmv2] [D] [thread 15319] [15.0] [cxt 0] Parser 'parser' entering state 'start'
[16:21:20.187] [bmv2] [D] [thread 15319] [15.0] [cxt 0] Extracting header 'ethernet'
[16:21:20.187] [bmv2] [D] [thread 15319] [15.0] [cxt 0] Parser state 'start': key is 86dd
[16:21:20.187] [bmv2] [T] [thread 15319] [15.0] [cxt 0] Bytes parsed: 14
[16:21:20.187] [bmv2] [D] [thread 15319] [15.0] [cxt 0] Parser 'parser': end
[16:21:20.187] [bmv2] [D] [thread 15319] [15.0] [cxt 0] Pipeline 'ingress': start
[16:21:20.187] [bmv2] [T] [thread 15319] [15.0] [cxt 0] ../build_dependencies/net_cache.p4(114) Condition "hdr.ipv4.isValid()" (node_2) is false
[16:21:20.187] [bmv2] [D] [thread 15319] [15.0] [cxt 0] Pipeline 'ingress': end
[16:21:20.187] [bmv2] [D] [thread 15319] [15.0] [cxt 0] Egress port is 0
[16:21:20.188] [bmv2] [D] [thread 15320] [15.0] [cxt 0] Pipeline 'egress': start
[16:21:20.188] [bmv2] [D] [thread 15320] [15.0] [cxt 0] Pipeline 'egress': end
[16:21:20.188] [bmv2] [D] [thread 15320] [15.0] [cxt 0] Deparser 'deparser': start
[16:21:20.188] [bmv2] [T] [thread 15320] [15.0] [cxt 0] Skipping checksum 'cksum' update because condition not met
[16:21:20.188] [bmv2] [D] [thread 15320] [15.0] [cxt 0] Deparsing header 'ethernet'
[16:21:20.188] [bmv2] [D] [thread 15320] [15.0] [cxt 0] Deparser 'deparser': end
[16:21:20.188] [bmv2] [D] [thread 15324] [15.0] [cxt 0] Transmitting packet of size 70 out of port 0
[16:21:20.244] [bmv2] [D] [thread 15319] [16.0] [cxt 0] Processing packet received on port 2
[16:21:20.244] [bmv2] [D] [thread 15319] [16.0] [cxt 0] Parser 'parser': start
[16:21:20.244] [bmv2] [D] [thread 15319] [16.0] [cxt 0] Parser 'parser' entering state 'start'
[16:21:20.244] [bmv2] [D] [thread 15319] [16.0] [cxt 0] Extracting header 'ethernet'
[16:21:20.244] [bmv2] [D] [thread 15319] [16.0] [cxt 0] Parser state 'start': key is 86dd
[16:21:20.244] [bmv2] [T] [thread 15319] [16.0] [cxt 0] Bytes parsed: 14
[16:21:20.244] [bmv2] [D] [thread 15319] [16.0] [cxt 0] Parser 'parser': end
[16:21:20.244] [bmv2] [D] [thread 15319] [16.0] [cxt 0] Pipeline 'ingress': start
[16:21:20.244] [bmv2] [T] [thread 15319] [16.0] [cxt 0] ../build_dependencies/net_cache.p4(114) Condition "hdr.ipv4.isValid()" (node_2) is false
[16:21:20.244] [bmv2] [D] [thread 15319] [16.0] [cxt 0] Pipeline 'ingress': end
[16:21:20.244] [bmv2] [D] [thread 15319] [16.0] [cxt 0] Egress port is 0
[16:21:20.244] [bmv2] [D] [thread 15320] [16.0] [cxt 0] Pipeline 'egress': start
[16:21:20.244] [bmv2] [D] [thread 15320] [16.0] [cxt 0] Pipeline 'egress': end
[16:21:20.244] [bmv2] [D] [thread 15320] [16.0] [cxt 0] Deparser 'deparser': start
[16:21:20.244] [bmv2] [T] [thread 15320] [16.0] [cxt 0] Skipping checksum 'cksum' update because condition not met
[16:21:20.244] [bmv2] [D] [thread 15320] [16.0] [cxt 0] Deparsing header 'ethernet'
[16:21:20.244] [bmv2] [D] [thread 15320] [16.0] [cxt 0] Deparser 'deparser': end
[16:21:20.245] [bmv2] [D] [thread 15324] [16.0] [cxt 0] Transmitting packet of size 70 out of port 0
[16:21:20.530] [bmv2] [D] [thread 15319] [17.0] [cxt 0] Processing packet received on port 4
[16:21:20.530] [bmv2] [D] [thread 15319] [17.0] [cxt 0] Parser 'parser': start
[16:21:20.530] [bmv2] [D] [thread 15319] [17.0] [cxt 0] Parser 'parser' entering state 'start'
[16:21:20.530] [bmv2] [D] [thread 15319] [17.0] [cxt 0] Extracting header 'ethernet'
[16:21:20.530] [bmv2] [D] [thread 15319] [17.0] [cxt 0] Parser state 'start': key is 86dd
[16:21:20.530] [bmv2] [T] [thread 15319] [17.0] [cxt 0] Bytes parsed: 14
[16:21:20.530] [bmv2] [D] [thread 15319] [17.0] [cxt 0] Parser 'parser': end
[16:21:20.530] [bmv2] [D] [thread 15319] [17.0] [cxt 0] Pipeline 'ingress': start
[16:21:20.530] [bmv2] [T] [thread 15319] [17.0] [cxt 0] ../build_dependencies/net_cache.p4(114) Condition "hdr.ipv4.isValid()" (node_2) is false
[16:21:20.530] [bmv2] [D] [thread 15319] [17.0] [cxt 0] Pipeline 'ingress': end
[16:21:20.530] [bmv2] [D] [thread 15319] [17.0] [cxt 0] Egress port is 0
[16:21:20.530] [bmv2] [D] [thread 15320] [17.0] [cxt 0] Pipeline 'egress': start
[16:21:20.530] [bmv2] [D] [thread 15320] [17.0] [cxt 0] Pipeline 'egress': end
[16:21:20.530] [bmv2] [D] [thread 15320] [17.0] [cxt 0] Deparser 'deparser': start
[16:21:20.530] [bmv2] [T] [thread 15320] [17.0] [cxt 0] Skipping checksum 'cksum' update because condition not met
[16:21:20.530] [bmv2] [D] [thread 15320] [17.0] [cxt 0] Deparsing header 'ethernet'
[16:21:20.530] [bmv2] [D] [thread 15320] [17.0] [cxt 0] Deparser 'deparser': end
[16:21:20.530] [bmv2] [D] [thread 15324] [17.0] [cxt 0] Transmitting packet of size 70 out of port 0
[16:21:20.598] [bmv2] [D] [thread 15319] [18.0] [cxt 0] Processing packet received on port 3
[16:21:20.598] [bmv2] [D] [thread 15319] [18.0] [cxt 0] Parser 'parser': start
[16:21:20.598] [bmv2] [D] [thread 15319] [18.0] [cxt 0] Parser 'parser' entering state 'start'
[16:21:20.598] [bmv2] [D] [thread 15319] [18.0] [cxt 0] Extracting header 'ethernet'
[16:21:20.598] [bmv2] [D] [thread 15319] [18.0] [cxt 0] Parser state 'start': key is 86dd
[16:21:20.598] [bmv2] [T] [thread 15319] [18.0] [cxt 0] Bytes parsed: 14
[16:21:20.598] [bmv2] [D] [thread 15319] [18.0] [cxt 0] Parser 'parser': end
[16:21:20.598] [bmv2] [D] [thread 15319] [18.0] [cxt 0] Pipeline 'ingress': start
[16:21:20.598] [bmv2] [T] [thread 15319] [18.0] [cxt 0] ../build_dependencies/net_cache.p4(114) Condition "hdr.ipv4.isValid()" (node_2) is false
[16:21:20.598] [bmv2] [D] [thread 15319] [18.0] [cxt 0] Pipeline 'ingress': end
[16:21:20.598] [bmv2] [D] [thread 15319] [18.0] [cxt 0] Egress port is 0
[16:21:20.598] [bmv2] [D] [thread 15320] [18.0] [cxt 0] Pipeline 'egress': start
[16:21:20.598] [bmv2] [D] [thread 15320] [18.0] [cxt 0] Pipeline 'egress': end
[16:21:20.598] [bmv2] [D] [thread 15320] [18.0] [cxt 0] Deparser 'deparser': start
[16:21:20.598] [bmv2] [T] [thread 15320] [18.0] [cxt 0] Skipping checksum 'cksum' update because condition not met
[16:21:20.598] [bmv2] [D] [thread 15320] [18.0] [cxt 0] Deparsing header 'ethernet'
[16:21:20.598] [bmv2] [D] [thread 15320] [18.0] [cxt 0] Deparser 'deparser': end
[16:21:20.598] [bmv2] [D] [thread 15324] [18.0] [cxt 0] Transmitting packet of size 70 out of port 0
[16:21:20.875] [bmv2] [D] [thread 15319] [19.0] [cxt 0] Processing packet received on port 3
[16:21:20.875] [bmv2] [D] [thread 15319] [19.0] [cxt 0] Parser 'parser': start
[16:21:20.875] [bmv2] [D] [thread 15319] [19.0] [cxt 0] Parser 'parser' entering state 'start'
[16:21:20.875] [bmv2] [D] [thread 15319] [19.0] [cxt 0] Extracting header 'ethernet'
[16:21:20.875] [bmv2] [D] [thread 15319] [19.0] [cxt 0] Parser state 'start': key is 86dd
[16:21:20.875] [bmv2] [T] [thread 15319] [19.0] [cxt 0] Bytes parsed: 14
[16:21:20.875] [bmv2] [D] [thread 15319] [19.0] [cxt 0] Parser 'parser': end
[16:21:20.876] [bmv2] [D] [thread 15319] [19.0] [cxt 0] Pipeline 'ingress': start
[16:21:20.876] [bmv2] [T] [thread 15319] [19.0] [cxt 0] ../build_dependencies/net_cache.p4(114) Condition "hdr.ipv4.isValid()" (node_2) is false
[16:21:20.876] [bmv2] [D] [thread 15319] [19.0] [cxt 0] Pipeline 'ingress': end
[16:21:20.876] [bmv2] [D] [thread 15319] [19.0] [cxt 0] Egress port is 0
[16:21:20.876] [bmv2] [D] [thread 15320] [19.0] [cxt 0] Pipeline 'egress': start
[16:21:20.876] [bmv2] [D] [thread 15320] [19.0] [cxt 0] Pipeline 'egress': end
[16:21:20.876] [bmv2] [D] [thread 15320] [19.0] [cxt 0] Deparser 'deparser': start
[16:21:20.876] [bmv2] [T] [thread 15320] [19.0] [cxt 0] Skipping checksum 'cksum' update because condition not met
[16:21:20.876] [bmv2] [D] [thread 15320] [19.0] [cxt 0] Deparsing header 'ethernet'
[16:21:20.876] [bmv2] [D] [thread 15320] [19.0] [cxt 0] Deparser 'deparser': end
[16:21:20.876] [bmv2] [D] [thread 15324] [19.0] [cxt 0] Transmitting packet of size 70 out of port 0
[16:21:21.069] [bmv2] [D] [thread 15319] [20.0] [cxt 0] Processing packet received on port 2
[16:21:21.069] [bmv2] [D] [thread 15319] [20.0] [cxt 0] Parser 'parser': start
[16:21:21.069] [bmv2] [D] [thread 15319] [20.0] [cxt 0] Parser 'parser' entering state 'start'
[16:21:21.069] [bmv2] [D] [thread 15319] [20.0] [cxt 0] Extracting header 'ethernet'
[16:21:21.069] [bmv2] [D] [thread 15319] [20.0] [cxt 0] Parser state 'start': key is 86dd
[16:21:21.069] [bmv2] [T] [thread 15319] [20.0] [cxt 0] Bytes parsed: 14
[16:21:21.069] [bmv2] [D] [thread 15319] [20.0] [cxt 0] Parser 'parser': end
[16:21:21.069] [bmv2] [D] [thread 15319] [20.0] [cxt 0] Pipeline 'ingress': start
[16:21:21.069] [bmv2] [T] [thread 15319] [20.0] [cxt 0] ../build_dependencies/net_cache.p4(114) Condition "hdr.ipv4.isValid()" (node_2) is false
[16:21:21.069] [bmv2] [D] [thread 15319] [20.0] [cxt 0] Pipeline 'ingress': end
[16:21:21.069] [bmv2] [D] [thread 15319] [20.0] [cxt 0] Egress port is 0
[16:21:21.069] [bmv2] [D] [thread 15320] [20.0] [cxt 0] Pipeline 'egress': start
[16:21:21.069] [bmv2] [D] [thread 15320] [20.0] [cxt 0] Pipeline 'egress': end
[16:21:21.069] [bmv2] [D] [thread 15320] [20.0] [cxt 0] Deparser 'deparser': start
[16:21:21.069] [bmv2] [T] [thread 15320] [20.0] [cxt 0] Skipping checksum 'cksum' update because condition not met
[16:21:21.069] [bmv2] [D] [thread 15320] [20.0] [cxt 0] Deparsing header 'ethernet'
[16:21:21.069] [bmv2] [D] [thread 15320] [20.0] [cxt 0] Deparser 'deparser': end
[16:21:21.069] [bmv2] [D] [thread 15324] [20.0] [cxt 0] Transmitting packet of size 70 out of port 0
[16:21:23.901] [bmv2] [D] [thread 15319] [21.0] [cxt 0] Processing packet received on port 1
[16:21:23.901] [bmv2] [D] [thread 15319] [21.0] [cxt 0] Parser 'parser': start
[16:21:23.901] [bmv2] [D] [thread 15319] [21.0] [cxt 0] Parser 'parser' entering state 'start'
[16:21:23.901] [bmv2] [D] [thread 15319] [21.0] [cxt 0] Extracting header 'ethernet'
[16:21:23.901] [bmv2] [D] [thread 15319] [21.0] [cxt 0] Parser state 'start': key is 86dd
[16:21:23.901] [bmv2] [T] [thread 15319] [21.0] [cxt 0] Bytes parsed: 14
[16:21:23.901] [bmv2] [D] [thread 15319] [21.0] [cxt 0] Parser 'parser': end
[16:21:23.901] [bmv2] [D] [thread 15319] [21.0] [cxt 0] Pipeline 'ingress': start
[16:21:23.901] [bmv2] [T] [thread 15319] [21.0] [cxt 0] ../build_dependencies/net_cache.p4(114) Condition "hdr.ipv4.isValid()" (node_2) is false
[16:21:23.901] [bmv2] [D] [thread 15319] [21.0] [cxt 0] Pipeline 'ingress': end
[16:21:23.901] [bmv2] [D] [thread 15319] [21.0] [cxt 0] Egress port is 0
[16:21:23.901] [bmv2] [D] [thread 15320] [21.0] [cxt 0] Pipeline 'egress': start
[16:21:23.901] [bmv2] [D] [thread 15320] [21.0] [cxt 0] Pipeline 'egress': end
[16:21:23.901] [bmv2] [D] [thread 15320] [21.0] [cxt 0] Deparser 'deparser': start
[16:21:23.901] [bmv2] [T] [thread 15320] [21.0] [cxt 0] Skipping checksum 'cksum' update because condition not met
[16:21:23.901] [bmv2] [D] [thread 15320] [21.0] [cxt 0] Deparsing header 'ethernet'
[16:21:23.901] [bmv2] [D] [thread 15320] [21.0] [cxt 0] Deparser 'deparser': end
[16:21:23.902] [bmv2] [D] [thread 15324] [21.0] [cxt 0] Transmitting packet of size 70 out of port 0
[16:21:24.188] [bmv2] [D] [thread 15319] [22.0] [cxt 0] Processing packet received on port 4
[16:21:24.188] [bmv2] [D] [thread 15319] [22.0] [cxt 0] Parser 'parser': start
[16:21:24.188] [bmv2] [D] [thread 15319] [22.0] [cxt 0] Parser 'parser' entering state 'start'
[16:21:24.188] [bmv2] [D] [thread 15319] [22.0] [cxt 0] Extracting header 'ethernet'
[16:21:24.188] [bmv2] [D] [thread 15319] [22.0] [cxt 0] Parser state 'start': key is 86dd
[16:21:24.188] [bmv2] [T] [thread 15319] [22.0] [cxt 0] Bytes parsed: 14
[16:21:24.188] [bmv2] [D] [thread 15319] [22.0] [cxt 0] Parser 'parser': end
[16:21:24.188] [bmv2] [D] [thread 15319] [22.0] [cxt 0] Pipeline 'ingress': start
[16:21:24.188] [bmv2] [T] [thread 15319] [22.0] [cxt 0] ../build_dependencies/net_cache.p4(114) Condition "hdr.ipv4.isValid()" (node_2) is false
[16:21:24.188] [bmv2] [D] [thread 15319] [22.0] [cxt 0] Pipeline 'ingress': end
[16:21:24.188] [bmv2] [D] [thread 15319] [22.0] [cxt 0] Egress port is 0
[16:21:24.188] [bmv2] [D] [thread 15320] [22.0] [cxt 0] Pipeline 'egress': start
[16:21:24.188] [bmv2] [D] [thread 15320] [22.0] [cxt 0] Pipeline 'egress': end
[16:21:24.188] [bmv2] [D] [thread 15320] [22.0] [cxt 0] Deparser 'deparser': start
[16:21:24.188] [bmv2] [T] [thread 15320] [22.0] [cxt 0] Skipping checksum 'cksum' update because condition not met
[16:21:24.188] [bmv2] [D] [thread 15320] [22.0] [cxt 0] Deparsing header 'ethernet'
[16:21:24.188] [bmv2] [D] [thread 15320] [22.0] [cxt 0] Deparser 'deparser': end
[16:21:24.189] [bmv2] [D] [thread 15324] [22.0] [cxt 0] Transmitting packet of size 70 out of port 0
[16:21:24.252] [bmv2] [D] [thread 15319] [23.0] [cxt 0] Processing packet received on port 2
[16:21:24.252] [bmv2] [D] [thread 15319] [23.0] [cxt 0] Parser 'parser': start
[16:21:24.252] [bmv2] [D] [thread 15319] [23.0] [cxt 0] Parser 'parser' entering state 'start'
[16:21:24.252] [bmv2] [D] [thread 15319] [23.0] [cxt 0] Extracting header 'ethernet'
[16:21:24.252] [bmv2] [D] [thread 15319] [23.0] [cxt 0] Parser state 'start': key is 86dd
[16:21:24.252] [bmv2] [T] [thread 15319] [23.0] [cxt 0] Bytes parsed: 14
[16:21:24.252] [bmv2] [D] [thread 15319] [23.0] [cxt 0] Parser 'parser': end
[16:21:24.252] [bmv2] [D] [thread 15319] [23.0] [cxt 0] Pipeline 'ingress': start
[16:21:24.252] [bmv2] [T] [thread 15319] [23.0] [cxt 0] ../build_dependencies/net_cache.p4(114) Condition "hdr.ipv4.isValid()" (node_2) is false
[16:21:24.252] [bmv2] [D] [thread 15319] [23.0] [cxt 0] Pipeline 'ingress': end
[16:21:24.252] [bmv2] [D] [thread 15319] [23.0] [cxt 0] Egress port is 0
[16:21:24.252] [bmv2] [D] [thread 15320] [23.0] [cxt 0] Pipeline 'egress': start
[16:21:24.252] [bmv2] [D] [thread 15320] [23.0] [cxt 0] Pipeline 'egress': end
[16:21:24.252] [bmv2] [D] [thread 15320] [23.0] [cxt 0] Deparser 'deparser': start
[16:21:24.252] [bmv2] [T] [thread 15320] [23.0] [cxt 0] Skipping checksum 'cksum' update because condition not met
[16:21:24.252] [bmv2] [D] [thread 15320] [23.0] [cxt 0] Deparsing header 'ethernet'
[16:21:24.252] [bmv2] [D] [thread 15320] [23.0] [cxt 0] Deparser 'deparser': end
[16:21:24.253] [bmv2] [D] [thread 15324] [23.0] [cxt 0] Transmitting packet of size 70 out of port 0
[16:21:24.579] [bmv2] [D] [thread 15319] [24.0] [cxt 0] Processing packet received on port 4
[16:21:24.579] [bmv2] [D] [thread 15319] [24.0] [cxt 0] Parser 'parser': start
[16:21:24.579] [bmv2] [D] [thread 15319] [24.0] [cxt 0] Parser 'parser' entering state 'start'
[16:21:24.579] [bmv2] [D] [thread 15319] [24.0] [cxt 0] Extracting header 'ethernet'
[16:21:24.579] [bmv2] [D] [thread 15319] [24.0] [cxt 0] Parser state 'start': key is 86dd
[16:21:24.579] [bmv2] [T] [thread 15319] [24.0] [cxt 0] Bytes parsed: 14
[16:21:24.579] [bmv2] [D] [thread 15319] [24.0] [cxt 0] Parser 'parser': end
[16:21:24.579] [bmv2] [D] [thread 15319] [24.0] [cxt 0] Pipeline 'ingress': start
[16:21:24.579] [bmv2] [T] [thread 15319] [24.0] [cxt 0] ../build_dependencies/net_cache.p4(114) Condition "hdr.ipv4.isValid()" (node_2) is false
[16:21:24.579] [bmv2] [D] [thread 15319] [24.0] [cxt 0] Pipeline 'ingress': end
[16:21:24.579] [bmv2] [D] [thread 15319] [24.0] [cxt 0] Egress port is 0
[16:21:24.579] [bmv2] [D] [thread 15320] [24.0] [cxt 0] Pipeline 'egress': start
[16:21:24.579] [bmv2] [D] [thread 15320] [24.0] [cxt 0] Pipeline 'egress': end
[16:21:24.579] [bmv2] [D] [thread 15320] [24.0] [cxt 0] Deparser 'deparser': start
[16:21:24.579] [bmv2] [T] [thread 15320] [24.0] [cxt 0] Skipping checksum 'cksum' update because condition not met
[16:21:24.579] [bmv2] [D] [thread 15320] [24.0] [cxt 0] Deparsing header 'ethernet'
[16:21:24.579] [bmv2] [D] [thread 15320] [24.0] [cxt 0] Deparser 'deparser': end
[16:21:24.580] [bmv2] [D] [thread 15324] [24.0] [cxt 0] Transmitting packet of size 70 out of port 0
[16:21:24.596] [bmv2] [D] [thread 15319] [25.0] [cxt 0] Processing packet received on port 3
[16:21:24.596] [bmv2] [D] [thread 15319] [25.0] [cxt 0] Parser 'parser': start
[16:21:24.596] [bmv2] [D] [thread 15319] [25.0] [cxt 0] Parser 'parser' entering state 'start'
[16:21:24.596] [bmv2] [D] [thread 15319] [25.0] [cxt 0] Extracting header 'ethernet'
[16:21:24.596] [bmv2] [D] [thread 15319] [25.0] [cxt 0] Parser state 'start': key is 86dd
[16:21:24.596] [bmv2] [T] [thread 15319] [25.0] [cxt 0] Bytes parsed: 14
[16:21:24.596] [bmv2] [D] [thread 15319] [25.0] [cxt 0] Parser 'parser': end
[16:21:24.596] [bmv2] [D] [thread 15319] [25.0] [cxt 0] Pipeline 'ingress': start
[16:21:24.596] [bmv2] [T] [thread 15319] [25.0] [cxt 0] ../build_dependencies/net_cache.p4(114) Condition "hdr.ipv4.isValid()" (node_2) is false
[16:21:24.596] [bmv2] [D] [thread 15319] [25.0] [cxt 0] Pipeline 'ingress': end
[16:21:24.596] [bmv2] [D] [thread 15319] [25.0] [cxt 0] Egress port is 0
[16:21:24.596] [bmv2] [D] [thread 15320] [25.0] [cxt 0] Pipeline 'egress': start
[16:21:24.596] [bmv2] [D] [thread 15320] [25.0] [cxt 0] Pipeline 'egress': end
[16:21:24.596] [bmv2] [D] [thread 15320] [25.0] [cxt 0] Deparser 'deparser': start
[16:21:24.596] [bmv2] [T] [thread 15320] [25.0] [cxt 0] Skipping checksum 'cksum' update because condition not met
[16:21:24.596] [bmv2] [D] [thread 15320] [25.0] [cxt 0] Deparsing header 'ethernet'
[16:21:24.596] [bmv2] [D] [thread 15320] [25.0] [cxt 0] Deparser 'deparser': end
[16:21:24.597] [bmv2] [D] [thread 15324] [25.0] [cxt 0] Transmitting packet of size 70 out of port 0
[16:21:24.892] [bmv2] [D] [thread 15319] [26.0] [cxt 0] Processing packet received on port 3
[16:21:24.892] [bmv2] [D] [thread 15319] [26.0] [cxt 0] Parser 'parser': start
[16:21:24.892] [bmv2] [D] [thread 15319] [26.0] [cxt 0] Parser 'parser' entering state 'start'
[16:21:24.892] [bmv2] [D] [thread 15319] [26.0] [cxt 0] Extracting header 'ethernet'
[16:21:24.892] [bmv2] [D] [thread 15319] [26.0] [cxt 0] Parser state 'start': key is 86dd
[16:21:24.892] [bmv2] [T] [thread 15319] [26.0] [cxt 0] Bytes parsed: 14
[16:21:24.892] [bmv2] [D] [thread 15319] [26.0] [cxt 0] Parser 'parser': end
[16:21:24.892] [bmv2] [D] [thread 15319] [26.0] [cxt 0] Pipeline 'ingress': start
[16:21:24.892] [bmv2] [T] [thread 15319] [26.0] [cxt 0] ../build_dependencies/net_cache.p4(114) Condition "hdr.ipv4.isValid()" (node_2) is false
[16:21:24.892] [bmv2] [D] [thread 15319] [26.0] [cxt 0] Pipeline 'ingress': end
[16:21:24.892] [bmv2] [D] [thread 15319] [26.0] [cxt 0] Egress port is 0
[16:21:24.892] [bmv2] [D] [thread 15320] [26.0] [cxt 0] Pipeline 'egress': start
[16:21:24.892] [bmv2] [D] [thread 15320] [26.0] [cxt 0] Pipeline 'egress': end
[16:21:24.892] [bmv2] [D] [thread 15320] [26.0] [cxt 0] Deparser 'deparser': start
[16:21:24.892] [bmv2] [T] [thread 15320] [26.0] [cxt 0] Skipping checksum 'cksum' update because condition not met
[16:21:24.892] [bmv2] [D] [thread 15320] [26.0] [cxt 0] Deparsing header 'ethernet'
[16:21:24.892] [bmv2] [D] [thread 15320] [26.0] [cxt 0] Deparser 'deparser': end
[16:21:24.892] [bmv2] [D] [thread 15324] [26.0] [cxt 0] Transmitting packet of size 70 out of port 0
[16:21:25.077] [bmv2] [D] [thread 15319] [27.0] [cxt 0] Processing packet received on port 2
[16:21:25.077] [bmv2] [D] [thread 15319] [27.0] [cxt 0] Parser 'parser': start
[16:21:25.077] [bmv2] [D] [thread 15319] [27.0] [cxt 0] Parser 'parser' entering state 'start'
[16:21:25.077] [bmv2] [D] [thread 15319] [27.0] [cxt 0] Extracting header 'ethernet'
[16:21:25.077] [bmv2] [D] [thread 15319] [27.0] [cxt 0] Parser state 'start': key is 86dd
[16:21:25.077] [bmv2] [T] [thread 15319] [27.0] [cxt 0] Bytes parsed: 14
[16:21:25.077] [bmv2] [D] [thread 15319] [27.0] [cxt 0] Parser 'parser': end
[16:21:25.077] [bmv2] [D] [thread 15319] [27.0] [cxt 0] Pipeline 'ingress': start
[16:21:25.077] [bmv2] [T] [thread 15319] [27.0] [cxt 0] ../build_dependencies/net_cache.p4(114) Condition "hdr.ipv4.isValid()" (node_2) is false
[16:21:25.077] [bmv2] [D] [thread 15319] [27.0] [cxt 0] Pipeline 'ingress': end
[16:21:25.077] [bmv2] [D] [thread 15319] [27.0] [cxt 0] Egress port is 0
[16:21:25.077] [bmv2] [D] [thread 15320] [27.0] [cxt 0] Pipeline 'egress': start
[16:21:25.077] [bmv2] [D] [thread 15320] [27.0] [cxt 0] Pipeline 'egress': end
[16:21:25.077] [bmv2] [D] [thread 15320] [27.0] [cxt 0] Deparser 'deparser': start
[16:21:25.077] [bmv2] [T] [thread 15320] [27.0] [cxt 0] Skipping checksum 'cksum' update because condition not met
[16:21:25.077] [bmv2] [D] [thread 15320] [27.0] [cxt 0] Deparsing header 'ethernet'
[16:21:25.077] [bmv2] [D] [thread 15320] [27.0] [cxt 0] Deparser 'deparser': end
[16:21:25.078] [bmv2] [D] [thread 15324] [27.0] [cxt 0] Transmitting packet of size 70 out of port 0
New connection
P4Runtime SetForwardingPipelineConfig
[16:21:26.912] [bmv2] [W] [thread 15408] [P4Runtime] p4::tmp::P4DeviceConfig is deprecated
[16:21:26.913] [bmv2] [D] [thread 15408] Set default default entry for table 'tbl_drop': MyIngress.drop - 
[16:21:26.913] [bmv2] [D] [thread 15408] Set default default entry for table 'MyIngress.ipv4_lpm': MyIngress.drop - 
P4Runtime Write
device_id: 1
election_id {
  low: 1
}
updates {
  type: INSERT
  entity {
    table_entry {
      table_id: 33574068
      match {
        field_id: 1
        lpm {
          value: "\n\000\001\001"
          prefix_len: 32
        }
      }
      action {
        action {
          action_id: 16799317
          params {
            param_id: 1
            value: "\010\000\000\000\001\000"
          }
          params {
            param_id: 2
            value: "\000\002"
          }
        }
      }
    }
  }
}
[16:21:26.924] [bmv2] [D] [thread 15408] Entry 0 added to table 'MyIngress.ipv4_lpm'
[16:21:26.924] [bmv2] [D] [thread 15408] Dumping entry 0
Match key:
* hdr.ipv4.dstAddr    : LPM       0a000101/32
Action entry: MyIngress.ipv4_forward - 80000000100,2,

P4Runtime Write
device_id: 1
election_id {
  low: 1
}
updates {
  type: INSERT
  entity {
    table_entry {
      table_id: 33574068
      match {
        field_id: 1
        lpm {
          value: "\n\000\002\002"
          prefix_len: 32
        }
      }
      action {
        action {
          action_id: 16799317
          params {
            param_id: 1
            value: "\010\000\000\000\002\""
          }
          params {
            param_id: 2
            value: "\000\001"
          }
        }
      }
    }
  }
}
[16:21:26.925] [bmv2] [D] [thread 15408] Entry 1 added to table 'MyIngress.ipv4_lpm'
[16:21:26.925] [bmv2] [D] [thread 15408] Dumping entry 1
Match key:
* hdr.ipv4.dstAddr    : LPM       0a000202/32
Action entry: MyIngress.ipv4_forward - 80000000222,1,

P4Runtime Write
device_id: 1
election_id {
  low: 1
}
updates {
  type: INSERT
  entity {
    table_entry {
      table_id: 33574068
      match {
        field_id: 1
        lpm {
          value: "\n\000\003\003"
          prefix_len: 32
        }
      }
      action {
        action {
          action_id: 16799317
          params {
            param_id: 1
            value: "\010\000\000\000\003\000"
          }
          params {
            param_id: 2
            value: "\000\003"
          }
        }
      }
    }
  }
}
[16:21:26.926] [bmv2] [D] [thread 15408] Entry 2 added to table 'MyIngress.ipv4_lpm'
[16:21:26.926] [bmv2] [D] [thread 15408] Dumping entry 2
Match key:
* hdr.ipv4.dstAddr    : LPM       0a000303/32
Action entry: MyIngress.ipv4_forward - 80000000300,3,

P4Runtime Write
device_id: 1
election_id {
  low: 1
}
updates {
  type: INSERT
  entity {
    table_entry {
      table_id: 33574068
      match {
        field_id: 1
        lpm {
          value: "\300\000\000\000"
          prefix_len: 8
        }
      }
      action {
        action {
          action_id: 16799317
          params {
            param_id: 1
            value: "\010\000\000\000\000\000"
          }
          params {
            param_id: 2
            value: "\000\004"
          }
        }
      }
    }
  }
}
[16:21:26.973] [bmv2] [D] [thread 15408] Entry 3 added to table 'MyIngress.ipv4_lpm'
[16:21:26.973] [bmv2] [D] [thread 15408] Dumping entry 3
Match key:
* hdr.ipv4.dstAddr    : LPM       c0000000/8
Action entry: MyIngress.ipv4_forward - 80000000000,4,

