Calling target program-options parser
[20:25:47.507] [bmv2] [D] [thread 28042] Set default default entry for table 'tbl_drop': MyIngress.drop - 
[20:25:47.507] [bmv2] [D] [thread 28042] Set default default entry for table 'MyIngress.ipv4_lpm': MyIngress.drop - 
Adding interface s10-eth1 as port 1
[20:25:47.508] [bmv2] [D] [thread 28042] Adding interface s10-eth1 as port 1
I0505 20:25:47.527938588   28042 server_builder.cc:247]      Synchronous server. Num CQs: 1, Min pollers: 1, Max Pollers: 2147483647, CQ timeout (msec): 1000
Server listening on 0.0.0.0:50055
[20:25:47.529] [bmv2] [I] [thread 28042] Starting Thrift server on port 9094
[20:25:47.529] [bmv2] [I] [thread 28042] Thrift server was started
[20:25:50.549] [bmv2] [D] [thread 28049] [0.0] [cxt 0] Processing packet received on port 1
[20:25:50.549] [bmv2] [D] [thread 28049] [0.0] [cxt 0] Parser 'parser': start
[20:25:50.549] [bmv2] [D] [thread 28049] [0.0] [cxt 0] Parser 'parser' entering state 'start'
[20:25:50.549] [bmv2] [D] [thread 28049] [0.0] [cxt 0] Extracting header 'ethernet'
[20:25:50.549] [bmv2] [D] [thread 28049] [0.0] [cxt 0] Parser state 'start': key is 86dd
[20:25:50.549] [bmv2] [T] [thread 28049] [0.0] [cxt 0] Bytes parsed: 14
[20:25:50.549] [bmv2] [D] [thread 28049] [0.0] [cxt 0] Parser 'parser': end
[20:25:50.549] [bmv2] [D] [thread 28049] [0.0] [cxt 0] Pipeline 'ingress': start
[20:25:50.549] [bmv2] [T] [thread 28049] [0.0] [cxt 0] ../build_dependencies/net_cache.p4(114) Condition "hdr.ipv4.isValid()" (node_2) is false
[20:25:50.549] [bmv2] [D] [thread 28049] [0.0] [cxt 0] Pipeline 'ingress': end
[20:25:50.550] [bmv2] [D] [thread 28049] [0.0] [cxt 0] Egress port is 0
[20:25:50.550] [bmv2] [D] [thread 28050] [0.0] [cxt 0] Pipeline 'egress': start
[20:25:50.550] [bmv2] [D] [thread 28050] [0.0] [cxt 0] Pipeline 'egress': end
[20:25:50.550] [bmv2] [D] [thread 28050] [0.0] [cxt 0] Deparser 'deparser': start
[20:25:50.550] [bmv2] [T] [thread 28050] [0.0] [cxt 0] Skipping checksum 'cksum' update because condition not met
[20:25:50.550] [bmv2] [D] [thread 28050] [0.0] [cxt 0] Deparsing header 'ethernet'
[20:25:50.550] [bmv2] [D] [thread 28050] [0.0] [cxt 0] Deparser 'deparser': end
[20:25:50.550] [bmv2] [D] [thread 28054] [0.0] [cxt 0] Transmitting packet of size 70 out of port 0
[20:25:50.764] [bmv2] [D] [thread 28049] [1.0] [cxt 0] Processing packet received on port 1
[20:25:50.764] [bmv2] [D] [thread 28049] [1.0] [cxt 0] Parser 'parser': start
[20:25:50.764] [bmv2] [D] [thread 28049] [1.0] [cxt 0] Parser 'parser' entering state 'start'
[20:25:50.764] [bmv2] [D] [thread 28049] [1.0] [cxt 0] Extracting header 'ethernet'
[20:25:50.764] [bmv2] [D] [thread 28049] [1.0] [cxt 0] Parser state 'start': key is 86dd
[20:25:50.764] [bmv2] [T] [thread 28049] [1.0] [cxt 0] Bytes parsed: 14
[20:25:50.764] [bmv2] [D] [thread 28049] [1.0] [cxt 0] Parser 'parser': end
[20:25:50.764] [bmv2] [D] [thread 28049] [1.0] [cxt 0] Pipeline 'ingress': start
[20:25:50.764] [bmv2] [T] [thread 28049] [1.0] [cxt 0] ../build_dependencies/net_cache.p4(114) Condition "hdr.ipv4.isValid()" (node_2) is false
[20:25:50.764] [bmv2] [D] [thread 28049] [1.0] [cxt 0] Pipeline 'ingress': end
[20:25:50.764] [bmv2] [D] [thread 28049] [1.0] [cxt 0] Egress port is 0
[20:25:50.764] [bmv2] [D] [thread 28050] [1.0] [cxt 0] Pipeline 'egress': start
[20:25:50.764] [bmv2] [D] [thread 28050] [1.0] [cxt 0] Pipeline 'egress': end
[20:25:50.764] [bmv2] [D] [thread 28050] [1.0] [cxt 0] Deparser 'deparser': start
[20:25:50.764] [bmv2] [T] [thread 28050] [1.0] [cxt 0] Skipping checksum 'cksum' update because condition not met
[20:25:50.764] [bmv2] [D] [thread 28050] [1.0] [cxt 0] Deparsing header 'ethernet'
[20:25:50.764] [bmv2] [D] [thread 28050] [1.0] [cxt 0] Deparser 'deparser': end
[20:25:50.764] [bmv2] [D] [thread 28054] [1.0] [cxt 0] Transmitting packet of size 70 out of port 0
[20:25:54.559] [bmv2] [D] [thread 28049] [2.0] [cxt 0] Processing packet received on port 1
[20:25:54.559] [bmv2] [D] [thread 28049] [2.0] [cxt 0] Parser 'parser': start
[20:25:54.559] [bmv2] [D] [thread 28049] [2.0] [cxt 0] Parser 'parser' entering state 'start'
[20:25:54.559] [bmv2] [D] [thread 28049] [2.0] [cxt 0] Extracting header 'ethernet'
[20:25:54.559] [bmv2] [D] [thread 28049] [2.0] [cxt 0] Parser state 'start': key is 86dd
[20:25:54.559] [bmv2] [T] [thread 28049] [2.0] [cxt 0] Bytes parsed: 14
[20:25:54.559] [bmv2] [D] [thread 28049] [2.0] [cxt 0] Parser 'parser': end
[20:25:54.559] [bmv2] [D] [thread 28049] [2.0] [cxt 0] Pipeline 'ingress': start
[20:25:54.559] [bmv2] [T] [thread 28049] [2.0] [cxt 0] ../build_dependencies/net_cache.p4(114) Condition "hdr.ipv4.isValid()" (node_2) is false
[20:25:54.559] [bmv2] [D] [thread 28049] [2.0] [cxt 0] Pipeline 'ingress': end
[20:25:54.559] [bmv2] [D] [thread 28049] [2.0] [cxt 0] Egress port is 0
[20:25:54.559] [bmv2] [D] [thread 28050] [2.0] [cxt 0] Pipeline 'egress': start
[20:25:54.559] [bmv2] [D] [thread 28050] [2.0] [cxt 0] Pipeline 'egress': end
[20:25:54.559] [bmv2] [D] [thread 28050] [2.0] [cxt 0] Deparser 'deparser': start
[20:25:54.559] [bmv2] [T] [thread 28050] [2.0] [cxt 0] Skipping checksum 'cksum' update because condition not met
[20:25:54.559] [bmv2] [D] [thread 28050] [2.0] [cxt 0] Deparsing header 'ethernet'
[20:25:54.559] [bmv2] [D] [thread 28050] [2.0] [cxt 0] Deparser 'deparser': end
[20:25:54.559] [bmv2] [D] [thread 28054] [2.0] [cxt 0] Transmitting packet of size 70 out of port 0
[20:25:54.772] [bmv2] [D] [thread 28049] [3.0] [cxt 0] Processing packet received on port 1
[20:25:54.772] [bmv2] [D] [thread 28049] [3.0] [cxt 0] Parser 'parser': start
[20:25:54.772] [bmv2] [D] [thread 28049] [3.0] [cxt 0] Parser 'parser' entering state 'start'
[20:25:54.772] [bmv2] [D] [thread 28049] [3.0] [cxt 0] Extracting header 'ethernet'
[20:25:54.772] [bmv2] [D] [thread 28049] [3.0] [cxt 0] Parser state 'start': key is 86dd
[20:25:54.772] [bmv2] [T] [thread 28049] [3.0] [cxt 0] Bytes parsed: 14
[20:25:54.772] [bmv2] [D] [thread 28049] [3.0] [cxt 0] Parser 'parser': end
[20:25:54.772] [bmv2] [D] [thread 28049] [3.0] [cxt 0] Pipeline 'ingress': start
[20:25:54.772] [bmv2] [T] [thread 28049] [3.0] [cxt 0] ../build_dependencies/net_cache.p4(114) Condition "hdr.ipv4.isValid()" (node_2) is false
[20:25:54.772] [bmv2] [D] [thread 28049] [3.0] [cxt 0] Pipeline 'ingress': end
[20:25:54.772] [bmv2] [D] [thread 28049] [3.0] [cxt 0] Egress port is 0
[20:25:54.772] [bmv2] [D] [thread 28050] [3.0] [cxt 0] Pipeline 'egress': start
[20:25:54.772] [bmv2] [D] [thread 28050] [3.0] [cxt 0] Pipeline 'egress': end
[20:25:54.772] [bmv2] [D] [thread 28050] [3.0] [cxt 0] Deparser 'deparser': start
[20:25:54.772] [bmv2] [T] [thread 28050] [3.0] [cxt 0] Skipping checksum 'cksum' update because condition not met
[20:25:54.772] [bmv2] [D] [thread 28050] [3.0] [cxt 0] Deparsing header 'ethernet'
[20:25:54.772] [bmv2] [D] [thread 28050] [3.0] [cxt 0] Deparser 'deparser': end
[20:25:54.772] [bmv2] [D] [thread 28054] [3.0] [cxt 0] Transmitting packet of size 70 out of port 0
