Calling target program-options parser
[20:25:46.473] [bmv2] [D] [thread 28014] Set default default entry for table 'tbl_drop': MyIngress.drop - 
[20:25:46.473] [bmv2] [D] [thread 28014] Set default default entry for table 'MyIngress.ipv4_lpm': MyIngress.drop - 
Adding interface s2-eth1 as port 1
[20:25:46.474] [bmv2] [D] [thread 28014] Adding interface s2-eth1 as port 1
Adding interface s2-eth2 as port 2
[20:25:46.500] [bmv2] [D] [thread 28014] Adding interface s2-eth2 as port 2
Adding interface s2-eth3 as port 3
[20:25:46.536] [bmv2] [D] [thread 28014] Adding interface s2-eth3 as port 3
Adding interface s2-eth4 as port 4
[20:25:46.571] [bmv2] [D] [thread 28014] Adding interface s2-eth4 as port 4
I0505 20:25:46.596716772   28014 server_builder.cc:247]      Synchronous server. Num CQs: 1, Min pollers: 1, Max Pollers: 2147483647, CQ timeout (msec): 1000
Server listening on 0.0.0.0:50053
[20:25:46.598] [bmv2] [I] [thread 28014] Starting Thrift server on port 9092
[20:25:46.598] [bmv2] [I] [thread 28014] Thrift server was started
[20:25:46.600] [bmv2] [D] [thread 28021] [0.0] [cxt 0] Processing packet received on port 1
[20:25:46.600] [bmv2] [D] [thread 28021] [0.0] [cxt 0] Parser 'parser': start
[20:25:46.600] [bmv2] [D] [thread 28021] [0.0] [cxt 0] Parser 'parser' entering state 'start'
[20:25:46.600] [bmv2] [D] [thread 28021] [0.0] [cxt 0] Extracting header 'ethernet'
[20:25:46.600] [bmv2] [D] [thread 28021] [0.0] [cxt 0] Parser state 'start': key is 86dd
[20:25:46.600] [bmv2] [T] [thread 28021] [0.0] [cxt 0] Bytes parsed: 14
[20:25:46.600] [bmv2] [D] [thread 28021] [0.0] [cxt 0] Parser 'parser': end
[20:25:46.600] [bmv2] [D] [thread 28021] [0.0] [cxt 0] Pipeline 'ingress': start
[20:25:46.600] [bmv2] [T] [thread 28021] [0.0] [cxt 0] ../build_dependencies/net_cache.p4(114) Condition "hdr.ipv4.isValid()" (node_2) is false
[20:25:46.600] [bmv2] [D] [thread 28021] [0.0] [cxt 0] Pipeline 'ingress': end
[20:25:46.600] [bmv2] [D] [thread 28021] [0.0] [cxt 0] Egress port is 0
[20:25:46.600] [bmv2] [D] [thread 28021] [1.0] [cxt 0] Processing packet received on port 2
[20:25:46.600] [bmv2] [D] [thread 28021] [1.0] [cxt 0] Parser 'parser': start
[20:25:46.600] [bmv2] [D] [thread 28021] [1.0] [cxt 0] Parser 'parser' entering state 'start'
[20:25:46.600] [bmv2] [D] [thread 28021] [1.0] [cxt 0] Extracting header 'ethernet'
[20:25:46.600] [bmv2] [D] [thread 28021] [1.0] [cxt 0] Parser state 'start': key is 86dd
[20:25:46.600] [bmv2] [T] [thread 28021] [1.0] [cxt 0] Bytes parsed: 14
[20:25:46.600] [bmv2] [D] [thread 28021] [1.0] [cxt 0] Parser 'parser': end
[20:25:46.600] [bmv2] [D] [thread 28021] [1.0] [cxt 0] Pipeline 'ingress': start
[20:25:46.600] [bmv2] [T] [thread 28021] [1.0] [cxt 0] ../build_dependencies/net_cache.p4(114) Condition "hdr.ipv4.isValid()" (node_2) is false
[20:25:46.600] [bmv2] [D] [thread 28021] [1.0] [cxt 0] Pipeline 'ingress': end
[20:25:46.600] [bmv2] [D] [thread 28021] [1.0] [cxt 0] Egress port is 0
[20:25:46.600] [bmv2] [D] [thread 28022] [0.0] [cxt 0] Pipeline 'egress': start
[20:25:46.600] [bmv2] [D] [thread 28022] [0.0] [cxt 0] Pipeline 'egress': end
[20:25:46.600] [bmv2] [D] [thread 28022] [0.0] [cxt 0] Deparser 'deparser': start
[20:25:46.600] [bmv2] [T] [thread 28022] [0.0] [cxt 0] Skipping checksum 'cksum' update because condition not met
[20:25:46.600] [bmv2] [D] [thread 28022] [0.0] [cxt 0] Deparsing header 'ethernet'
[20:25:46.600] [bmv2] [D] [thread 28022] [0.0] [cxt 0] Deparser 'deparser': end
[20:25:46.600] [bmv2] [D] [thread 28022] [1.0] [cxt 0] Pipeline 'egress': start
[20:25:46.600] [bmv2] [D] [thread 28022] [1.0] [cxt 0] Pipeline 'egress': end
[20:25:46.600] [bmv2] [D] [thread 28022] [1.0] [cxt 0] Deparser 'deparser': start
[20:25:46.600] [bmv2] [T] [thread 28022] [1.0] [cxt 0] Skipping checksum 'cksum' update because condition not met
[20:25:46.600] [bmv2] [D] [thread 28022] [1.0] [cxt 0] Deparsing header 'ethernet'
[20:25:46.600] [bmv2] [D] [thread 28022] [1.0] [cxt 0] Deparser 'deparser': end
[20:25:46.600] [bmv2] [D] [thread 28026] [0.0] [cxt 0] Transmitting packet of size 90 out of port 0
[20:25:46.600] [bmv2] [D] [thread 28026] [1.0] [cxt 0] Transmitting packet of size 90 out of port 0
[20:25:46.663] [bmv2] [D] [thread 28021] [2.0] [cxt 0] Processing packet received on port 3
[20:25:46.663] [bmv2] [D] [thread 28021] [2.0] [cxt 0] Parser 'parser': start
[20:25:46.663] [bmv2] [D] [thread 28021] [2.0] [cxt 0] Parser 'parser' entering state 'start'
[20:25:46.663] [bmv2] [D] [thread 28021] [2.0] [cxt 0] Extracting header 'ethernet'
[20:25:46.663] [bmv2] [D] [thread 28021] [2.0] [cxt 0] Parser state 'start': key is 86dd
[20:25:46.663] [bmv2] [T] [thread 28021] [2.0] [cxt 0] Bytes parsed: 14
[20:25:46.663] [bmv2] [D] [thread 28021] [2.0] [cxt 0] Parser 'parser': end
[20:25:46.663] [bmv2] [D] [thread 28021] [2.0] [cxt 0] Pipeline 'ingress': start
[20:25:46.663] [bmv2] [T] [thread 28021] [2.0] [cxt 0] ../build_dependencies/net_cache.p4(114) Condition "hdr.ipv4.isValid()" (node_2) is false
[20:25:46.663] [bmv2] [D] [thread 28021] [2.0] [cxt 0] Pipeline 'ingress': end
[20:25:46.663] [bmv2] [D] [thread 28021] [2.0] [cxt 0] Egress port is 0
[20:25:46.663] [bmv2] [D] [thread 28021] [3.0] [cxt 0] Processing packet received on port 3
[20:25:46.663] [bmv2] [D] [thread 28021] [3.0] [cxt 0] Parser 'parser': start
[20:25:46.663] [bmv2] [D] [thread 28021] [3.0] [cxt 0] Parser 'parser' entering state 'start'
[20:25:46.663] [bmv2] [D] [thread 28021] [3.0] [cxt 0] Extracting header 'ethernet'
[20:25:46.663] [bmv2] [D] [thread 28021] [3.0] [cxt 0] Parser state 'start': key is 86dd
[20:25:46.663] [bmv2] [T] [thread 28021] [3.0] [cxt 0] Bytes parsed: 14
[20:25:46.663] [bmv2] [D] [thread 28021] [3.0] [cxt 0] Parser 'parser': end
[20:25:46.663] [bmv2] [D] [thread 28021] [3.0] [cxt 0] Pipeline 'ingress': start
[20:25:46.663] [bmv2] [T] [thread 28021] [3.0] [cxt 0] ../build_dependencies/net_cache.p4(114) Condition "hdr.ipv4.isValid()" (node_2) is false
[20:25:46.663] [bmv2] [D] [thread 28021] [3.0] [cxt 0] Pipeline 'ingress': end
[20:25:46.663] [bmv2] [D] [thread 28021] [3.0] [cxt 0] Egress port is 0
[20:25:46.663] [bmv2] [D] [thread 28022] [2.0] [cxt 0] Pipeline 'egress': start
[20:25:46.663] [bmv2] [D] [thread 28022] [2.0] [cxt 0] Pipeline 'egress': end
[20:25:46.663] [bmv2] [D] [thread 28022] [2.0] [cxt 0] Deparser 'deparser': start
[20:25:46.663] [bmv2] [T] [thread 28022] [2.0] [cxt 0] Skipping checksum 'cksum' update because condition not met
[20:25:46.663] [bmv2] [D] [thread 28022] [2.0] [cxt 0] Deparsing header 'ethernet'
[20:25:46.663] [bmv2] [D] [thread 28022] [2.0] [cxt 0] Deparser 'deparser': end
[20:25:46.663] [bmv2] [D] [thread 28022] [3.0] [cxt 0] Pipeline 'egress': start
[20:25:46.663] [bmv2] [D] [thread 28022] [3.0] [cxt 0] Pipeline 'egress': end
[20:25:46.663] [bmv2] [D] [thread 28022] [3.0] [cxt 0] Deparser 'deparser': start
[20:25:46.663] [bmv2] [T] [thread 28022] [3.0] [cxt 0] Skipping checksum 'cksum' update because condition not met
[20:25:46.663] [bmv2] [D] [thread 28022] [3.0] [cxt 0] Deparsing header 'ethernet'
[20:25:46.663] [bmv2] [D] [thread 28022] [3.0] [cxt 0] Deparser 'deparser': end
[20:25:46.664] [bmv2] [D] [thread 28026] [2.0] [cxt 0] Transmitting packet of size 90 out of port 0
[20:25:46.664] [bmv2] [D] [thread 28026] [3.0] [cxt 0] Transmitting packet of size 70 out of port 0
[20:25:46.671] [bmv2] [D] [thread 28021] [4.0] [cxt 0] Processing packet received on port 3
[20:25:46.671] [bmv2] [D] [thread 28021] [4.0] [cxt 0] Parser 'parser': start
[20:25:46.671] [bmv2] [D] [thread 28021] [4.0] [cxt 0] Parser 'parser' entering state 'start'
[20:25:46.671] [bmv2] [D] [thread 28021] [4.0] [cxt 0] Extracting header 'ethernet'
[20:25:46.671] [bmv2] [D] [thread 28021] [4.0] [cxt 0] Parser state 'start': key is 86dd
[20:25:46.671] [bmv2] [T] [thread 28021] [4.0] [cxt 0] Bytes parsed: 14
[20:25:46.671] [bmv2] [D] [thread 28021] [4.0] [cxt 0] Parser 'parser': end
[20:25:46.671] [bmv2] [D] [thread 28021] [4.0] [cxt 0] Pipeline 'ingress': start
[20:25:46.671] [bmv2] [T] [thread 28021] [4.0] [cxt 0] ../build_dependencies/net_cache.p4(114) Condition "hdr.ipv4.isValid()" (node_2) is false
[20:25:46.671] [bmv2] [D] [thread 28021] [4.0] [cxt 0] Pipeline 'ingress': end
[20:25:46.671] [bmv2] [D] [thread 28021] [4.0] [cxt 0] Egress port is 0
[20:25:46.671] [bmv2] [D] [thread 28022] [4.0] [cxt 0] Pipeline 'egress': start
[20:25:46.671] [bmv2] [D] [thread 28022] [4.0] [cxt 0] Pipeline 'egress': end
[20:25:46.671] [bmv2] [D] [thread 28022] [4.0] [cxt 0] Deparser 'deparser': start
[20:25:46.671] [bmv2] [T] [thread 28022] [4.0] [cxt 0] Skipping checksum 'cksum' update because condition not met
[20:25:46.671] [bmv2] [D] [thread 28022] [4.0] [cxt 0] Deparsing header 'ethernet'
[20:25:46.671] [bmv2] [D] [thread 28022] [4.0] [cxt 0] Deparser 'deparser': end
[20:25:46.671] [bmv2] [D] [thread 28026] [4.0] [cxt 0] Transmitting packet of size 90 out of port 0
[20:25:46.812] [bmv2] [D] [thread 28021] [5.0] [cxt 0] Processing packet received on port 2
[20:25:46.812] [bmv2] [D] [thread 28021] [5.0] [cxt 0] Parser 'parser': start
[20:25:46.812] [bmv2] [D] [thread 28021] [5.0] [cxt 0] Parser 'parser' entering state 'start'
[20:25:46.812] [bmv2] [D] [thread 28021] [5.0] [cxt 0] Extracting header 'ethernet'
[20:25:46.812] [bmv2] [D] [thread 28021] [5.0] [cxt 0] Parser state 'start': key is 86dd
[20:25:46.812] [bmv2] [T] [thread 28021] [5.0] [cxt 0] Bytes parsed: 14
[20:25:46.812] [bmv2] [D] [thread 28021] [5.0] [cxt 0] Parser 'parser': end
[20:25:46.812] [bmv2] [D] [thread 28021] [5.0] [cxt 0] Pipeline 'ingress': start
[20:25:46.812] [bmv2] [T] [thread 28021] [5.0] [cxt 0] ../build_dependencies/net_cache.p4(114) Condition "hdr.ipv4.isValid()" (node_2) is false
[20:25:46.812] [bmv2] [D] [thread 28021] [5.0] [cxt 0] Pipeline 'ingress': end
[20:25:46.812] [bmv2] [D] [thread 28021] [5.0] [cxt 0] Egress port is 0
[20:25:46.812] [bmv2] [D] [thread 28021] [6.0] [cxt 0] Processing packet received on port 2
[20:25:46.812] [bmv2] [D] [thread 28021] [6.0] [cxt 0] Parser 'parser': start
[20:25:46.812] [bmv2] [D] [thread 28021] [6.0] [cxt 0] Parser 'parser' entering state 'start'
[20:25:46.812] [bmv2] [D] [thread 28021] [6.0] [cxt 0] Extracting header 'ethernet'
[20:25:46.812] [bmv2] [D] [thread 28021] [6.0] [cxt 0] Parser state 'start': key is 86dd
[20:25:46.812] [bmv2] [T] [thread 28021] [6.0] [cxt 0] Bytes parsed: 14
[20:25:46.812] [bmv2] [D] [thread 28021] [6.0] [cxt 0] Parser 'parser': end
[20:25:46.812] [bmv2] [D] [thread 28021] [6.0] [cxt 0] Pipeline 'ingress': start
[20:25:46.812] [bmv2] [T] [thread 28021] [6.0] [cxt 0] ../build_dependencies/net_cache.p4(114) Condition "hdr.ipv4.isValid()" (node_2) is false
[20:25:46.812] [bmv2] [D] [thread 28021] [6.0] [cxt 0] Pipeline 'ingress': end
[20:25:46.812] [bmv2] [D] [thread 28021] [6.0] [cxt 0] Egress port is 0
[20:25:46.812] [bmv2] [D] [thread 28022] [5.0] [cxt 0] Pipeline 'egress': start
[20:25:46.812] [bmv2] [D] [thread 28022] [5.0] [cxt 0] Pipeline 'egress': end
[20:25:46.812] [bmv2] [D] [thread 28022] [5.0] [cxt 0] Deparser 'deparser': start
[20:25:46.812] [bmv2] [T] [thread 28022] [5.0] [cxt 0] Skipping checksum 'cksum' update because condition not met
[20:25:46.812] [bmv2] [D] [thread 28022] [5.0] [cxt 0] Deparsing header 'ethernet'
[20:25:46.812] [bmv2] [D] [thread 28022] [5.0] [cxt 0] Deparser 'deparser': end
[20:25:46.812] [bmv2] [D] [thread 28022] [6.0] [cxt 0] Pipeline 'egress': start
[20:25:46.812] [bmv2] [D] [thread 28022] [6.0] [cxt 0] Pipeline 'egress': end
[20:25:46.812] [bmv2] [D] [thread 28022] [6.0] [cxt 0] Deparser 'deparser': start
[20:25:46.812] [bmv2] [T] [thread 28022] [6.0] [cxt 0] Skipping checksum 'cksum' update because condition not met
[20:25:46.812] [bmv2] [D] [thread 28022] [6.0] [cxt 0] Deparsing header 'ethernet'
[20:25:46.812] [bmv2] [D] [thread 28022] [6.0] [cxt 0] Deparser 'deparser': end
[20:25:46.812] [bmv2] [D] [thread 28026] [5.0] [cxt 0] Transmitting packet of size 90 out of port 0
[20:25:46.812] [bmv2] [D] [thread 28026] [6.0] [cxt 0] Transmitting packet of size 70 out of port 0
[20:25:46.913] [bmv2] [D] [thread 28021] [7.0] [cxt 0] Processing packet received on port 3
[20:25:46.913] [bmv2] [D] [thread 28021] [7.0] [cxt 0] Parser 'parser': start
[20:25:46.913] [bmv2] [D] [thread 28021] [7.0] [cxt 0] Parser 'parser' entering state 'start'
[20:25:46.913] [bmv2] [D] [thread 28021] [7.0] [cxt 0] Extracting header 'ethernet'
[20:25:46.913] [bmv2] [D] [thread 28021] [7.0] [cxt 0] Parser state 'start': key is 86dd
[20:25:46.913] [bmv2] [T] [thread 28021] [7.0] [cxt 0] Bytes parsed: 14
[20:25:46.913] [bmv2] [D] [thread 28021] [7.0] [cxt 0] Parser 'parser': end
[20:25:46.913] [bmv2] [D] [thread 28021] [7.0] [cxt 0] Pipeline 'ingress': start
[20:25:46.913] [bmv2] [T] [thread 28021] [7.0] [cxt 0] ../build_dependencies/net_cache.p4(114) Condition "hdr.ipv4.isValid()" (node_2) is false
[20:25:46.913] [bmv2] [D] [thread 28021] [7.0] [cxt 0] Pipeline 'ingress': end
[20:25:46.913] [bmv2] [D] [thread 28021] [7.0] [cxt 0] Egress port is 0
[20:25:46.913] [bmv2] [D] [thread 28022] [7.0] [cxt 0] Pipeline 'egress': start
[20:25:46.913] [bmv2] [D] [thread 28022] [7.0] [cxt 0] Pipeline 'egress': end
[20:25:46.913] [bmv2] [D] [thread 28022] [7.0] [cxt 0] Deparser 'deparser': start
[20:25:46.913] [bmv2] [T] [thread 28022] [7.0] [cxt 0] Skipping checksum 'cksum' update because condition not met
[20:25:46.913] [bmv2] [D] [thread 28022] [7.0] [cxt 0] Deparsing header 'ethernet'
[20:25:46.913] [bmv2] [D] [thread 28022] [7.0] [cxt 0] Deparser 'deparser': end
[20:25:46.913] [bmv2] [D] [thread 28026] [7.0] [cxt 0] Transmitting packet of size 90 out of port 0
[20:25:47.328] [bmv2] [D] [thread 28021] [8.0] [cxt 0] Processing packet received on port 4
[20:25:47.328] [bmv2] [D] [thread 28021] [8.0] [cxt 0] Parser 'parser': start
[20:25:47.328] [bmv2] [D] [thread 28021] [8.0] [cxt 0] Parser 'parser' entering state 'start'
[20:25:47.328] [bmv2] [D] [thread 28021] [8.0] [cxt 0] Extracting header 'ethernet'
[20:25:47.328] [bmv2] [D] [thread 28021] [8.0] [cxt 0] Parser state 'start': key is 86dd
[20:25:47.328] [bmv2] [T] [thread 28021] [8.0] [cxt 0] Bytes parsed: 14
[20:25:47.328] [bmv2] [D] [thread 28021] [8.0] [cxt 0] Parser 'parser': end
[20:25:47.328] [bmv2] [D] [thread 28021] [8.0] [cxt 0] Pipeline 'ingress': start
[20:25:47.328] [bmv2] [T] [thread 28021] [8.0] [cxt 0] ../build_dependencies/net_cache.p4(114) Condition "hdr.ipv4.isValid()" (node_2) is false
[20:25:47.328] [bmv2] [D] [thread 28021] [8.0] [cxt 0] Pipeline 'ingress': end
[20:25:47.328] [bmv2] [D] [thread 28021] [8.0] [cxt 0] Egress port is 0
[20:25:47.328] [bmv2] [D] [thread 28022] [8.0] [cxt 0] Pipeline 'egress': start
[20:25:47.328] [bmv2] [D] [thread 28022] [8.0] [cxt 0] Pipeline 'egress': end
[20:25:47.328] [bmv2] [D] [thread 28022] [8.0] [cxt 0] Deparser 'deparser': start
[20:25:47.328] [bmv2] [T] [thread 28022] [8.0] [cxt 0] Skipping checksum 'cksum' update because condition not met
[20:25:47.328] [bmv2] [D] [thread 28022] [8.0] [cxt 0] Deparsing header 'ethernet'
[20:25:47.328] [bmv2] [D] [thread 28022] [8.0] [cxt 0] Deparser 'deparser': end
[20:25:47.328] [bmv2] [D] [thread 28026] [8.0] [cxt 0] Transmitting packet of size 90 out of port 0
[20:25:47.562] [bmv2] [D] [thread 28021] [9.0] [cxt 0] Processing packet received on port 2
[20:25:47.562] [bmv2] [D] [thread 28021] [9.0] [cxt 0] Parser 'parser': start
[20:25:47.562] [bmv2] [D] [thread 28021] [9.0] [cxt 0] Parser 'parser' entering state 'start'
[20:25:47.562] [bmv2] [D] [thread 28021] [9.0] [cxt 0] Extracting header 'ethernet'
[20:25:47.562] [bmv2] [D] [thread 28021] [9.0] [cxt 0] Parser state 'start': key is 86dd
[20:25:47.562] [bmv2] [T] [thread 28021] [9.0] [cxt 0] Bytes parsed: 14
[20:25:47.562] [bmv2] [D] [thread 28021] [9.0] [cxt 0] Parser 'parser': end
[20:25:47.562] [bmv2] [D] [thread 28021] [9.0] [cxt 0] Pipeline 'ingress': start
[20:25:47.562] [bmv2] [T] [thread 28021] [9.0] [cxt 0] ../build_dependencies/net_cache.p4(114) Condition "hdr.ipv4.isValid()" (node_2) is false
[20:25:47.562] [bmv2] [D] [thread 28021] [9.0] [cxt 0] Pipeline 'ingress': end
[20:25:47.562] [bmv2] [D] [thread 28021] [9.0] [cxt 0] Egress port is 0
[20:25:47.562] [bmv2] [D] [thread 28022] [9.0] [cxt 0] Pipeline 'egress': start
[20:25:47.562] [bmv2] [D] [thread 28022] [9.0] [cxt 0] Pipeline 'egress': end
[20:25:47.562] [bmv2] [D] [thread 28022] [9.0] [cxt 0] Deparser 'deparser': start
[20:25:47.562] [bmv2] [T] [thread 28022] [9.0] [cxt 0] Skipping checksum 'cksum' update because condition not met
[20:25:47.562] [bmv2] [D] [thread 28022] [9.0] [cxt 0] Deparsing header 'ethernet'
[20:25:47.562] [bmv2] [D] [thread 28022] [9.0] [cxt 0] Deparser 'deparser': end
[20:25:47.562] [bmv2] [D] [thread 28026] [9.0] [cxt 0] Transmitting packet of size 90 out of port 0
New connection
P4Runtime SetForwardingPipelineConfig
[20:25:49.049] [bmv2] [W] [thread 28077] [P4Runtime] p4::tmp::P4DeviceConfig is deprecated
[20:25:49.049] [bmv2] [D] [thread 28077] Set default default entry for table 'tbl_drop': MyIngress.drop - 
[20:25:49.049] [bmv2] [D] [thread 28077] Set default default entry for table 'MyIngress.ipv4_lpm': MyIngress.drop - 
P4Runtime Write
device_id: 2
election_id {
  low: 1
}
updates {
  type: INSERT
  entity {
    table_entry {
      table_id: 33574068
      match {
        field_id: 1
        lpm {
          value: "\n\000\001\001"
          prefix_len: 32
        }
      }
      action {
        action {
          action_id: 16799317
          params {
            param_id: 1
            value: "\010\000\000\000\001\000"
          }
          params {
            param_id: 2
            value: "\000\002"
          }
        }
      }
    }
  }
}
[20:25:49.052] [bmv2] [D] [thread 28077] Entry 0 added to table 'MyIngress.ipv4_lpm'
[20:25:49.052] [bmv2] [D] [thread 28077] Dumping entry 0
Match key:
* hdr.ipv4.dstAddr    : LPM       0a000101/32
Action entry: MyIngress.ipv4_forward - 80000000100,2,

P4Runtime Write
device_id: 2
election_id {
  low: 1
}
updates {
  type: INSERT
  entity {
    table_entry {
      table_id: 33574068
      match {
        field_id: 1
        lpm {
          value: "\n\000\002\002"
          prefix_len: 32
        }
      }
      action {
        action {
          action_id: 16799317
          params {
            param_id: 1
            value: "\010\000\000\000\002\""
          }
          params {
            param_id: 2
            value: "\000\001"
          }
        }
      }
    }
  }
}
[20:25:49.053] [bmv2] [D] [thread 28077] Entry 1 added to table 'MyIngress.ipv4_lpm'
[20:25:49.053] [bmv2] [D] [thread 28077] Dumping entry 1
Match key:
* hdr.ipv4.dstAddr    : LPM       0a000202/32
Action entry: MyIngress.ipv4_forward - 80000000222,1,

P4Runtime Write
device_id: 2
election_id {
  low: 1
}
updates {
  type: INSERT
  entity {
    table_entry {
      table_id: 33574068
      match {
        field_id: 1
        lpm {
          value: "\n\000\003\003"
          prefix_len: 32
        }
      }
      action {
        action {
          action_id: 16799317
          params {
            param_id: 1
            value: "\010\000\000\000\003\000"
          }
          params {
            param_id: 2
            value: "\000\003"
          }
        }
      }
    }
  }
}
[20:25:49.054] [bmv2] [D] [thread 28079] Entry 2 added to table 'MyIngress.ipv4_lpm'
[20:25:49.054] [bmv2] [D] [thread 28079] Dumping entry 2
Match key:
* hdr.ipv4.dstAddr    : LPM       0a000303/32
Action entry: MyIngress.ipv4_forward - 80000000300,3,

P4Runtime Write
device_id: 2
election_id {
  low: 1
}
updates {
  type: INSERT
  entity {
    table_entry {
      table_id: 33574068
      match {
        field_id: 1
        lpm {
          value: "\300\000\000\000"
          prefix_len: 8
        }
      }
      action {
        action {
          action_id: 16799317
          params {
            param_id: 1
            value: "\010\000\000\000\001\000"
          }
          params {
            param_id: 2
            value: "\000\004"
          }
        }
      }
    }
  }
}
[20:25:49.054] [bmv2] [D] [thread 28079] Entry 3 added to table 'MyIngress.ipv4_lpm'
[20:25:49.054] [bmv2] [D] [thread 28079] Dumping entry 3
Match key:
* hdr.ipv4.dstAddr    : LPM       c0000000/8
Action entry: MyIngress.ipv4_forward - 80000000100,4,

Connection removed
[20:25:50.117] [bmv2] [D] [thread 28021] [10.0] [cxt 0] Processing packet received on port 1
[20:25:50.117] [bmv2] [D] [thread 28021] [10.0] [cxt 0] Parser 'parser': start
[20:25:50.117] [bmv2] [D] [thread 28021] [10.0] [cxt 0] Parser 'parser' entering state 'start'
[20:25:50.117] [bmv2] [D] [thread 28021] [10.0] [cxt 0] Extracting header 'ethernet'
[20:25:50.117] [bmv2] [D] [thread 28021] [10.0] [cxt 0] Parser state 'start': key is 86dd
[20:25:50.117] [bmv2] [T] [thread 28021] [10.0] [cxt 0] Bytes parsed: 14
[20:25:50.117] [bmv2] [D] [thread 28021] [10.0] [cxt 0] Parser 'parser': end
[20:25:50.117] [bmv2] [D] [thread 28021] [10.0] [cxt 0] Pipeline 'ingress': start
[20:25:50.117] [bmv2] [T] [thread 28021] [10.0] [cxt 0] ../build_dependencies/net_cache.p4(114) Condition "hdr.ipv4.isValid()" (node_2) is false
[20:25:50.117] [bmv2] [D] [thread 28021] [10.0] [cxt 0] Pipeline 'ingress': end
[20:25:50.117] [bmv2] [D] [thread 28021] [10.0] [cxt 0] Egress port is 0
[20:25:50.117] [bmv2] [D] [thread 28022] [10.0] [cxt 0] Pipeline 'egress': start
[20:25:50.117] [bmv2] [D] [thread 28022] [10.0] [cxt 0] Pipeline 'egress': end
[20:25:50.117] [bmv2] [D] [thread 28022] [10.0] [cxt 0] Deparser 'deparser': start
[20:25:50.117] [bmv2] [T] [thread 28022] [10.0] [cxt 0] Skipping checksum 'cksum' update because condition not met
[20:25:50.117] [bmv2] [D] [thread 28022] [10.0] [cxt 0] Deparsing header 'ethernet'
[20:25:50.117] [bmv2] [D] [thread 28022] [10.0] [cxt 0] Deparser 'deparser': end
[20:25:50.117] [bmv2] [D] [thread 28026] [10.0] [cxt 0] Transmitting packet of size 70 out of port 0
[20:25:50.181] [bmv2] [D] [thread 28021] [11.0] [cxt 0] Processing packet received on port 4
[20:25:50.181] [bmv2] [D] [thread 28021] [11.0] [cxt 0] Parser 'parser': start
[20:25:50.181] [bmv2] [D] [thread 28021] [11.0] [cxt 0] Parser 'parser' entering state 'start'
[20:25:50.181] [bmv2] [D] [thread 28021] [11.0] [cxt 0] Extracting header 'ethernet'
[20:25:50.181] [bmv2] [D] [thread 28021] [11.0] [cxt 0] Parser state 'start': key is 86dd
[20:25:50.181] [bmv2] [T] [thread 28021] [11.0] [cxt 0] Bytes parsed: 14
[20:25:50.181] [bmv2] [D] [thread 28021] [11.0] [cxt 0] Parser 'parser': end
[20:25:50.181] [bmv2] [D] [thread 28021] [11.0] [cxt 0] Pipeline 'ingress': start
[20:25:50.181] [bmv2] [T] [thread 28021] [11.0] [cxt 0] ../build_dependencies/net_cache.p4(114) Condition "hdr.ipv4.isValid()" (node_2) is false
[20:25:50.181] [bmv2] [D] [thread 28021] [11.0] [cxt 0] Pipeline 'ingress': end
[20:25:50.181] [bmv2] [D] [thread 28021] [11.0] [cxt 0] Egress port is 0
[20:25:50.181] [bmv2] [D] [thread 28022] [11.0] [cxt 0] Pipeline 'egress': start
[20:25:50.181] [bmv2] [D] [thread 28022] [11.0] [cxt 0] Pipeline 'egress': end
[20:25:50.181] [bmv2] [D] [thread 28022] [11.0] [cxt 0] Deparser 'deparser': start
[20:25:50.181] [bmv2] [T] [thread 28022] [11.0] [cxt 0] Skipping checksum 'cksum' update because condition not met
[20:25:50.181] [bmv2] [D] [thread 28022] [11.0] [cxt 0] Deparsing header 'ethernet'
[20:25:50.181] [bmv2] [D] [thread 28022] [11.0] [cxt 0] Deparser 'deparser': end
[20:25:50.181] [bmv2] [D] [thread 28026] [11.0] [cxt 0] Transmitting packet of size 70 out of port 0
[20:25:50.451] [bmv2] [D] [thread 28021] [12.0] [cxt 0] Processing packet received on port 3
[20:25:50.451] [bmv2] [D] [thread 28021] [12.0] [cxt 0] Parser 'parser': start
[20:25:50.451] [bmv2] [D] [thread 28021] [12.0] [cxt 0] Parser 'parser' entering state 'start'
[20:25:50.451] [bmv2] [D] [thread 28021] [12.0] [cxt 0] Extracting header 'ethernet'
[20:25:50.451] [bmv2] [D] [thread 28021] [12.0] [cxt 0] Parser state 'start': key is 86dd
[20:25:50.451] [bmv2] [T] [thread 28021] [12.0] [cxt 0] Bytes parsed: 14
[20:25:50.451] [bmv2] [D] [thread 28021] [12.0] [cxt 0] Parser 'parser': end
[20:25:50.451] [bmv2] [D] [thread 28021] [12.0] [cxt 0] Pipeline 'ingress': start
[20:25:50.451] [bmv2] [T] [thread 28021] [12.0] [cxt 0] ../build_dependencies/net_cache.p4(114) Condition "hdr.ipv4.isValid()" (node_2) is false
[20:25:50.451] [bmv2] [D] [thread 28021] [12.0] [cxt 0] Pipeline 'ingress': end
[20:25:50.451] [bmv2] [D] [thread 28021] [12.0] [cxt 0] Egress port is 0
[20:25:50.451] [bmv2] [D] [thread 28022] [12.0] [cxt 0] Pipeline 'egress': start
[20:25:50.451] [bmv2] [D] [thread 28022] [12.0] [cxt 0] Pipeline 'egress': end
[20:25:50.451] [bmv2] [D] [thread 28022] [12.0] [cxt 0] Deparser 'deparser': start
[20:25:50.451] [bmv2] [T] [thread 28022] [12.0] [cxt 0] Skipping checksum 'cksum' update because condition not met
[20:25:50.451] [bmv2] [D] [thread 28022] [12.0] [cxt 0] Deparsing header 'ethernet'
[20:25:50.451] [bmv2] [D] [thread 28022] [12.0] [cxt 0] Deparser 'deparser': end
[20:25:50.451] [bmv2] [D] [thread 28026] [12.0] [cxt 0] Transmitting packet of size 70 out of port 0
[20:25:50.509] [bmv2] [D] [thread 28021] [13.0] [cxt 0] Processing packet received on port 4
[20:25:50.509] [bmv2] [D] [thread 28021] [13.0] [cxt 0] Parser 'parser': start
[20:25:50.509] [bmv2] [D] [thread 28021] [13.0] [cxt 0] Parser 'parser' entering state 'start'
[20:25:50.509] [bmv2] [D] [thread 28021] [13.0] [cxt 0] Extracting header 'ethernet'
[20:25:50.509] [bmv2] [D] [thread 28021] [13.0] [cxt 0] Parser state 'start': key is 86dd
[20:25:50.509] [bmv2] [T] [thread 28021] [13.0] [cxt 0] Bytes parsed: 14
[20:25:50.509] [bmv2] [D] [thread 28021] [13.0] [cxt 0] Parser 'parser': end
[20:25:50.509] [bmv2] [D] [thread 28021] [13.0] [cxt 0] Pipeline 'ingress': start
[20:25:50.509] [bmv2] [T] [thread 28021] [13.0] [cxt 0] ../build_dependencies/net_cache.p4(114) Condition "hdr.ipv4.isValid()" (node_2) is false
[20:25:50.509] [bmv2] [D] [thread 28021] [13.0] [cxt 0] Pipeline 'ingress': end
[20:25:50.509] [bmv2] [D] [thread 28021] [13.0] [cxt 0] Egress port is 0
[20:25:50.509] [bmv2] [D] [thread 28022] [13.0] [cxt 0] Pipeline 'egress': start
[20:25:50.509] [bmv2] [D] [thread 28022] [13.0] [cxt 0] Pipeline 'egress': end
[20:25:50.509] [bmv2] [D] [thread 28022] [13.0] [cxt 0] Deparser 'deparser': start
[20:25:50.509] [bmv2] [T] [thread 28022] [13.0] [cxt 0] Skipping checksum 'cksum' update because condition not met
[20:25:50.509] [bmv2] [D] [thread 28022] [13.0] [cxt 0] Deparsing header 'ethernet'
[20:25:50.509] [bmv2] [D] [thread 28022] [13.0] [cxt 0] Deparser 'deparser': end
[20:25:50.509] [bmv2] [D] [thread 28026] [13.0] [cxt 0] Transmitting packet of size 70 out of port 0
[20:25:50.516] [bmv2] [D] [thread 28021] [14.0] [cxt 0] Processing packet received on port 2
[20:25:50.516] [bmv2] [D] [thread 28021] [14.0] [cxt 0] Parser 'parser': start
[20:25:50.516] [bmv2] [D] [thread 28021] [14.0] [cxt 0] Parser 'parser' entering state 'start'
[20:25:50.516] [bmv2] [D] [thread 28021] [14.0] [cxt 0] Extracting header 'ethernet'
[20:25:50.516] [bmv2] [D] [thread 28021] [14.0] [cxt 0] Parser state 'start': key is 86dd
[20:25:50.516] [bmv2] [T] [thread 28021] [14.0] [cxt 0] Bytes parsed: 14
[20:25:50.516] [bmv2] [D] [thread 28021] [14.0] [cxt 0] Parser 'parser': end
[20:25:50.516] [bmv2] [D] [thread 28021] [14.0] [cxt 0] Pipeline 'ingress': start
[20:25:50.516] [bmv2] [T] [thread 28021] [14.0] [cxt 0] ../build_dependencies/net_cache.p4(114) Condition "hdr.ipv4.isValid()" (node_2) is false
[20:25:50.516] [bmv2] [D] [thread 28021] [14.0] [cxt 0] Pipeline 'ingress': end
[20:25:50.516] [bmv2] [D] [thread 28021] [14.0] [cxt 0] Egress port is 0
[20:25:50.516] [bmv2] [D] [thread 28022] [14.0] [cxt 0] Pipeline 'egress': start
[20:25:50.516] [bmv2] [D] [thread 28022] [14.0] [cxt 0] Pipeline 'egress': end
[20:25:50.516] [bmv2] [D] [thread 28022] [14.0] [cxt 0] Deparser 'deparser': start
[20:25:50.516] [bmv2] [T] [thread 28022] [14.0] [cxt 0] Skipping checksum 'cksum' update because condition not met
[20:25:50.516] [bmv2] [D] [thread 28022] [14.0] [cxt 0] Deparsing header 'ethernet'
[20:25:50.516] [bmv2] [D] [thread 28022] [14.0] [cxt 0] Deparser 'deparser': end
[20:25:50.516] [bmv2] [D] [thread 28026] [14.0] [cxt 0] Transmitting packet of size 70 out of port 0
[20:25:50.671] [bmv2] [D] [thread 28021] [15.0] [cxt 0] Processing packet received on port 3
[20:25:50.671] [bmv2] [D] [thread 28021] [15.0] [cxt 0] Parser 'parser': start
[20:25:50.671] [bmv2] [D] [thread 28021] [15.0] [cxt 0] Parser 'parser' entering state 'start'
[20:25:50.671] [bmv2] [D] [thread 28021] [15.0] [cxt 0] Extracting header 'ethernet'
[20:25:50.671] [bmv2] [D] [thread 28021] [15.0] [cxt 0] Parser state 'start': key is 86dd
[20:25:50.671] [bmv2] [T] [thread 28021] [15.0] [cxt 0] Bytes parsed: 14
[20:25:50.671] [bmv2] [D] [thread 28021] [15.0] [cxt 0] Parser 'parser': end
[20:25:50.671] [bmv2] [D] [thread 28021] [15.0] [cxt 0] Pipeline 'ingress': start
[20:25:50.671] [bmv2] [T] [thread 28021] [15.0] [cxt 0] ../build_dependencies/net_cache.p4(114) Condition "hdr.ipv4.isValid()" (node_2) is false
[20:25:50.671] [bmv2] [D] [thread 28021] [15.0] [cxt 0] Pipeline 'ingress': end
[20:25:50.671] [bmv2] [D] [thread 28021] [15.0] [cxt 0] Egress port is 0
[20:25:50.671] [bmv2] [D] [thread 28022] [15.0] [cxt 0] Pipeline 'egress': start
[20:25:50.671] [bmv2] [D] [thread 28022] [15.0] [cxt 0] Pipeline 'egress': end
[20:25:50.671] [bmv2] [D] [thread 28022] [15.0] [cxt 0] Deparser 'deparser': start
[20:25:50.671] [bmv2] [T] [thread 28022] [15.0] [cxt 0] Skipping checksum 'cksum' update because condition not met
[20:25:50.671] [bmv2] [D] [thread 28022] [15.0] [cxt 0] Deparsing header 'ethernet'
[20:25:50.671] [bmv2] [D] [thread 28022] [15.0] [cxt 0] Deparser 'deparser': end
[20:25:50.671] [bmv2] [D] [thread 28026] [15.0] [cxt 0] Transmitting packet of size 70 out of port 0
[20:25:50.819] [bmv2] [D] [thread 28021] [16.0] [cxt 0] Processing packet received on port 2
[20:25:50.819] [bmv2] [D] [thread 28021] [16.0] [cxt 0] Parser 'parser': start
[20:25:50.819] [bmv2] [D] [thread 28021] [16.0] [cxt 0] Parser 'parser' entering state 'start'
[20:25:50.819] [bmv2] [D] [thread 28021] [16.0] [cxt 0] Extracting header 'ethernet'
[20:25:50.819] [bmv2] [D] [thread 28021] [16.0] [cxt 0] Parser state 'start': key is 86dd
[20:25:50.819] [bmv2] [T] [thread 28021] [16.0] [cxt 0] Bytes parsed: 14
[20:25:50.819] [bmv2] [D] [thread 28021] [16.0] [cxt 0] Parser 'parser': end
[20:25:50.819] [bmv2] [D] [thread 28021] [16.0] [cxt 0] Pipeline 'ingress': start
[20:25:50.819] [bmv2] [T] [thread 28021] [16.0] [cxt 0] ../build_dependencies/net_cache.p4(114) Condition "hdr.ipv4.isValid()" (node_2) is false
[20:25:50.819] [bmv2] [D] [thread 28021] [16.0] [cxt 0] Pipeline 'ingress': end
[20:25:50.819] [bmv2] [D] [thread 28021] [16.0] [cxt 0] Egress port is 0
[20:25:50.820] [bmv2] [D] [thread 28022] [16.0] [cxt 0] Pipeline 'egress': start
[20:25:50.820] [bmv2] [D] [thread 28022] [16.0] [cxt 0] Pipeline 'egress': end
[20:25:50.820] [bmv2] [D] [thread 28022] [16.0] [cxt 0] Deparser 'deparser': start
[20:25:50.820] [bmv2] [T] [thread 28022] [16.0] [cxt 0] Skipping checksum 'cksum' update because condition not met
[20:25:50.820] [bmv2] [D] [thread 28022] [16.0] [cxt 0] Deparsing header 'ethernet'
[20:25:50.820] [bmv2] [D] [thread 28022] [16.0] [cxt 0] Deparser 'deparser': end
[20:25:50.820] [bmv2] [D] [thread 28026] [16.0] [cxt 0] Transmitting packet of size 70 out of port 0
[20:25:54.124] [bmv2] [D] [thread 28021] [17.0] [cxt 0] Processing packet received on port 1
[20:25:54.124] [bmv2] [D] [thread 28021] [17.0] [cxt 0] Parser 'parser': start
[20:25:54.124] [bmv2] [D] [thread 28021] [17.0] [cxt 0] Parser 'parser' entering state 'start'
[20:25:54.124] [bmv2] [D] [thread 28021] [17.0] [cxt 0] Extracting header 'ethernet'
[20:25:54.124] [bmv2] [D] [thread 28021] [17.0] [cxt 0] Parser state 'start': key is 86dd
[20:25:54.124] [bmv2] [T] [thread 28021] [17.0] [cxt 0] Bytes parsed: 14
[20:25:54.124] [bmv2] [D] [thread 28021] [17.0] [cxt 0] Parser 'parser': end
[20:25:54.124] [bmv2] [D] [thread 28021] [17.0] [cxt 0] Pipeline 'ingress': start
[20:25:54.124] [bmv2] [T] [thread 28021] [17.0] [cxt 0] ../build_dependencies/net_cache.p4(114) Condition "hdr.ipv4.isValid()" (node_2) is false
[20:25:54.124] [bmv2] [D] [thread 28021] [17.0] [cxt 0] Pipeline 'ingress': end
[20:25:54.124] [bmv2] [D] [thread 28021] [17.0] [cxt 0] Egress port is 0
[20:25:54.124] [bmv2] [D] [thread 28022] [17.0] [cxt 0] Pipeline 'egress': start
[20:25:54.124] [bmv2] [D] [thread 28022] [17.0] [cxt 0] Pipeline 'egress': end
[20:25:54.124] [bmv2] [D] [thread 28022] [17.0] [cxt 0] Deparser 'deparser': start
[20:25:54.124] [bmv2] [T] [thread 28022] [17.0] [cxt 0] Skipping checksum 'cksum' update because condition not met
[20:25:54.124] [bmv2] [D] [thread 28022] [17.0] [cxt 0] Deparsing header 'ethernet'
[20:25:54.124] [bmv2] [D] [thread 28022] [17.0] [cxt 0] Deparser 'deparser': end
[20:25:54.124] [bmv2] [D] [thread 28026] [17.0] [cxt 0] Transmitting packet of size 70 out of port 0
[20:25:54.187] [bmv2] [D] [thread 28021] [18.0] [cxt 0] Processing packet received on port 4
[20:25:54.187] [bmv2] [D] [thread 28021] [18.0] [cxt 0] Parser 'parser': start
[20:25:54.187] [bmv2] [D] [thread 28021] [18.0] [cxt 0] Parser 'parser' entering state 'start'
[20:25:54.187] [bmv2] [D] [thread 28021] [18.0] [cxt 0] Extracting header 'ethernet'
[20:25:54.187] [bmv2] [D] [thread 28021] [18.0] [cxt 0] Parser state 'start': key is 86dd
[20:25:54.187] [bmv2] [T] [thread 28021] [18.0] [cxt 0] Bytes parsed: 14
[20:25:54.187] [bmv2] [D] [thread 28021] [18.0] [cxt 0] Parser 'parser': end
[20:25:54.187] [bmv2] [D] [thread 28021] [18.0] [cxt 0] Pipeline 'ingress': start
[20:25:54.187] [bmv2] [T] [thread 28021] [18.0] [cxt 0] ../build_dependencies/net_cache.p4(114) Condition "hdr.ipv4.isValid()" (node_2) is false
[20:25:54.187] [bmv2] [D] [thread 28021] [18.0] [cxt 0] Pipeline 'ingress': end
[20:25:54.187] [bmv2] [D] [thread 28021] [18.0] [cxt 0] Egress port is 0
[20:25:54.187] [bmv2] [D] [thread 28022] [18.0] [cxt 0] Pipeline 'egress': start
[20:25:54.187] [bmv2] [D] [thread 28022] [18.0] [cxt 0] Pipeline 'egress': end
[20:25:54.187] [bmv2] [D] [thread 28022] [18.0] [cxt 0] Deparser 'deparser': start
[20:25:54.187] [bmv2] [T] [thread 28022] [18.0] [cxt 0] Skipping checksum 'cksum' update because condition not met
[20:25:54.187] [bmv2] [D] [thread 28022] [18.0] [cxt 0] Deparsing header 'ethernet'
[20:25:54.187] [bmv2] [D] [thread 28022] [18.0] [cxt 0] Deparser 'deparser': end
[20:25:54.187] [bmv2] [D] [thread 28026] [18.0] [cxt 0] Transmitting packet of size 70 out of port 0
[20:25:54.459] [bmv2] [D] [thread 28021] [19.0] [cxt 0] Processing packet received on port 3
[20:25:54.459] [bmv2] [D] [thread 28021] [19.0] [cxt 0] Parser 'parser': start
[20:25:54.459] [bmv2] [D] [thread 28021] [19.0] [cxt 0] Parser 'parser' entering state 'start'
[20:25:54.459] [bmv2] [D] [thread 28021] [19.0] [cxt 0] Extracting header 'ethernet'
[20:25:54.459] [bmv2] [D] [thread 28021] [19.0] [cxt 0] Parser state 'start': key is 86dd
[20:25:54.459] [bmv2] [T] [thread 28021] [19.0] [cxt 0] Bytes parsed: 14
[20:25:54.459] [bmv2] [D] [thread 28021] [19.0] [cxt 0] Parser 'parser': end
[20:25:54.459] [bmv2] [D] [thread 28021] [19.0] [cxt 0] Pipeline 'ingress': start
[20:25:54.459] [bmv2] [T] [thread 28021] [19.0] [cxt 0] ../build_dependencies/net_cache.p4(114) Condition "hdr.ipv4.isValid()" (node_2) is false
[20:25:54.459] [bmv2] [D] [thread 28021] [19.0] [cxt 0] Pipeline 'ingress': end
[20:25:54.459] [bmv2] [D] [thread 28021] [19.0] [cxt 0] Egress port is 0
[20:25:54.459] [bmv2] [D] [thread 28022] [19.0] [cxt 0] Pipeline 'egress': start
[20:25:54.459] [bmv2] [D] [thread 28022] [19.0] [cxt 0] Pipeline 'egress': end
[20:25:54.459] [bmv2] [D] [thread 28022] [19.0] [cxt 0] Deparser 'deparser': start
[20:25:54.459] [bmv2] [T] [thread 28022] [19.0] [cxt 0] Skipping checksum 'cksum' update because condition not met
[20:25:54.459] [bmv2] [D] [thread 28022] [19.0] [cxt 0] Deparsing header 'ethernet'
[20:25:54.460] [bmv2] [D] [thread 28022] [19.0] [cxt 0] Deparser 'deparser': end
[20:25:54.460] [bmv2] [D] [thread 28026] [19.0] [cxt 0] Transmitting packet of size 70 out of port 0
[20:25:54.515] [bmv2] [D] [thread 28021] [20.0] [cxt 0] Processing packet received on port 4
[20:25:54.515] [bmv2] [D] [thread 28021] [20.0] [cxt 0] Parser 'parser': start
[20:25:54.515] [bmv2] [D] [thread 28021] [20.0] [cxt 0] Parser 'parser' entering state 'start'
[20:25:54.515] [bmv2] [D] [thread 28021] [20.0] [cxt 0] Extracting header 'ethernet'
[20:25:54.515] [bmv2] [D] [thread 28021] [20.0] [cxt 0] Parser state 'start': key is 86dd
[20:25:54.515] [bmv2] [T] [thread 28021] [20.0] [cxt 0] Bytes parsed: 14
[20:25:54.515] [bmv2] [D] [thread 28021] [20.0] [cxt 0] Parser 'parser': end
[20:25:54.515] [bmv2] [D] [thread 28021] [20.0] [cxt 0] Pipeline 'ingress': start
[20:25:54.515] [bmv2] [T] [thread 28021] [20.0] [cxt 0] ../build_dependencies/net_cache.p4(114) Condition "hdr.ipv4.isValid()" (node_2) is false
[20:25:54.515] [bmv2] [D] [thread 28021] [20.0] [cxt 0] Pipeline 'ingress': end
[20:25:54.515] [bmv2] [D] [thread 28021] [20.0] [cxt 0] Egress port is 0
[20:25:54.515] [bmv2] [D] [thread 28022] [20.0] [cxt 0] Pipeline 'egress': start
[20:25:54.515] [bmv2] [D] [thread 28022] [20.0] [cxt 0] Pipeline 'egress': end
[20:25:54.515] [bmv2] [D] [thread 28022] [20.0] [cxt 0] Deparser 'deparser': start
[20:25:54.515] [bmv2] [T] [thread 28022] [20.0] [cxt 0] Skipping checksum 'cksum' update because condition not met
[20:25:54.515] [bmv2] [D] [thread 28022] [20.0] [cxt 0] Deparsing header 'ethernet'
[20:25:54.515] [bmv2] [D] [thread 28022] [20.0] [cxt 0] Deparser 'deparser': end
[20:25:54.515] [bmv2] [D] [thread 28026] [20.0] [cxt 0] Transmitting packet of size 70 out of port 0
[20:25:54.524] [bmv2] [D] [thread 28021] [21.0] [cxt 0] Processing packet received on port 2
[20:25:54.524] [bmv2] [D] [thread 28021] [21.0] [cxt 0] Parser 'parser': start
[20:25:54.524] [bmv2] [D] [thread 28021] [21.0] [cxt 0] Parser 'parser' entering state 'start'
[20:25:54.524] [bmv2] [D] [thread 28021] [21.0] [cxt 0] Extracting header 'ethernet'
[20:25:54.524] [bmv2] [D] [thread 28021] [21.0] [cxt 0] Parser state 'start': key is 86dd
[20:25:54.524] [bmv2] [T] [thread 28021] [21.0] [cxt 0] Bytes parsed: 14
[20:25:54.524] [bmv2] [D] [thread 28021] [21.0] [cxt 0] Parser 'parser': end
[20:25:54.524] [bmv2] [D] [thread 28021] [21.0] [cxt 0] Pipeline 'ingress': start
[20:25:54.524] [bmv2] [T] [thread 28021] [21.0] [cxt 0] ../build_dependencies/net_cache.p4(114) Condition "hdr.ipv4.isValid()" (node_2) is false
[20:25:54.524] [bmv2] [D] [thread 28021] [21.0] [cxt 0] Pipeline 'ingress': end
[20:25:54.524] [bmv2] [D] [thread 28021] [21.0] [cxt 0] Egress port is 0
[20:25:54.524] [bmv2] [D] [thread 28022] [21.0] [cxt 0] Pipeline 'egress': start
[20:25:54.524] [bmv2] [D] [thread 28022] [21.0] [cxt 0] Pipeline 'egress': end
[20:25:54.524] [bmv2] [D] [thread 28022] [21.0] [cxt 0] Deparser 'deparser': start
[20:25:54.524] [bmv2] [T] [thread 28022] [21.0] [cxt 0] Skipping checksum 'cksum' update because condition not met
[20:25:54.524] [bmv2] [D] [thread 28022] [21.0] [cxt 0] Deparsing header 'ethernet'
[20:25:54.524] [bmv2] [D] [thread 28022] [21.0] [cxt 0] Deparser 'deparser': end
[20:25:54.524] [bmv2] [D] [thread 28026] [21.0] [cxt 0] Transmitting packet of size 70 out of port 0
[20:25:54.676] [bmv2] [D] [thread 28021] [22.0] [cxt 0] Processing packet received on port 3
[20:25:54.676] [bmv2] [D] [thread 28021] [22.0] [cxt 0] Parser 'parser': start
[20:25:54.676] [bmv2] [D] [thread 28021] [22.0] [cxt 0] Parser 'parser' entering state 'start'
[20:25:54.676] [bmv2] [D] [thread 28021] [22.0] [cxt 0] Extracting header 'ethernet'
[20:25:54.676] [bmv2] [D] [thread 28021] [22.0] [cxt 0] Parser state 'start': key is 86dd
[20:25:54.676] [bmv2] [T] [thread 28021] [22.0] [cxt 0] Bytes parsed: 14
[20:25:54.676] [bmv2] [D] [thread 28021] [22.0] [cxt 0] Parser 'parser': end
[20:25:54.676] [bmv2] [D] [thread 28021] [22.0] [cxt 0] Pipeline 'ingress': start
[20:25:54.676] [bmv2] [T] [thread 28021] [22.0] [cxt 0] ../build_dependencies/net_cache.p4(114) Condition "hdr.ipv4.isValid()" (node_2) is false
[20:25:54.676] [bmv2] [D] [thread 28021] [22.0] [cxt 0] Pipeline 'ingress': end
[20:25:54.676] [bmv2] [D] [thread 28021] [22.0] [cxt 0] Egress port is 0
[20:25:54.676] [bmv2] [D] [thread 28022] [22.0] [cxt 0] Pipeline 'egress': start
[20:25:54.676] [bmv2] [D] [thread 28022] [22.0] [cxt 0] Pipeline 'egress': end
[20:25:54.676] [bmv2] [D] [thread 28022] [22.0] [cxt 0] Deparser 'deparser': start
[20:25:54.676] [bmv2] [T] [thread 28022] [22.0] [cxt 0] Skipping checksum 'cksum' update because condition not met
[20:25:54.676] [bmv2] [D] [thread 28022] [22.0] [cxt 0] Deparsing header 'ethernet'
[20:25:54.676] [bmv2] [D] [thread 28022] [22.0] [cxt 0] Deparser 'deparser': end
[20:25:54.676] [bmv2] [D] [thread 28026] [22.0] [cxt 0] Transmitting packet of size 70 out of port 0
[20:25:54.828] [bmv2] [D] [thread 28021] [23.0] [cxt 0] Processing packet received on port 2
[20:25:54.828] [bmv2] [D] [thread 28021] [23.0] [cxt 0] Parser 'parser': start
[20:25:54.828] [bmv2] [D] [thread 28021] [23.0] [cxt 0] Parser 'parser' entering state 'start'
[20:25:54.828] [bmv2] [D] [thread 28021] [23.0] [cxt 0] Extracting header 'ethernet'
[20:25:54.828] [bmv2] [D] [thread 28021] [23.0] [cxt 0] Parser state 'start': key is 86dd
[20:25:54.828] [bmv2] [T] [thread 28021] [23.0] [cxt 0] Bytes parsed: 14
[20:25:54.828] [bmv2] [D] [thread 28021] [23.0] [cxt 0] Parser 'parser': end
[20:25:54.828] [bmv2] [D] [thread 28021] [23.0] [cxt 0] Pipeline 'ingress': start
[20:25:54.828] [bmv2] [T] [thread 28021] [23.0] [cxt 0] ../build_dependencies/net_cache.p4(114) Condition "hdr.ipv4.isValid()" (node_2) is false
[20:25:54.828] [bmv2] [D] [thread 28021] [23.0] [cxt 0] Pipeline 'ingress': end
[20:25:54.828] [bmv2] [D] [thread 28021] [23.0] [cxt 0] Egress port is 0
[20:25:54.828] [bmv2] [D] [thread 28022] [23.0] [cxt 0] Pipeline 'egress': start
[20:25:54.828] [bmv2] [D] [thread 28022] [23.0] [cxt 0] Pipeline 'egress': end
[20:25:54.828] [bmv2] [D] [thread 28022] [23.0] [cxt 0] Deparser 'deparser': start
[20:25:54.828] [bmv2] [T] [thread 28022] [23.0] [cxt 0] Skipping checksum 'cksum' update because condition not met
[20:25:54.828] [bmv2] [D] [thread 28022] [23.0] [cxt 0] Deparsing header 'ethernet'
[20:25:54.828] [bmv2] [D] [thread 28022] [23.0] [cxt 0] Deparser 'deparser': end
[20:25:54.828] [bmv2] [D] [thread 28026] [23.0] [cxt 0] Transmitting packet of size 70 out of port 0
