Calling target program-options parser
[16:21:17.216] [bmv2] [D] [thread 15342] Set default default entry for table 'tbl_drop': MyIngress.drop - 
[16:21:17.216] [bmv2] [D] [thread 15342] Set default default entry for table 'MyIngress.ipv4_lpm': MyIngress.drop - 
Adding interface s3-eth1 as port 1
[16:21:17.216] [bmv2] [D] [thread 15342] Adding interface s3-eth1 as port 1
Adding interface s3-eth2 as port 2
[16:21:17.272] [bmv2] [D] [thread 15342] Adding interface s3-eth2 as port 2
Adding interface s3-eth3 as port 3
[16:21:17.318] [bmv2] [D] [thread 15342] Adding interface s3-eth3 as port 3
Adding interface s3-eth4 as port 4
[16:21:17.344] [bmv2] [D] [thread 15342] Adding interface s3-eth4 as port 4
I0504 16:21:17.378685304   15342 server_builder.cc:247]      Synchronous server. Num CQs: 1, Min pollers: 1, Max Pollers: 2147483647, CQ timeout (msec): 1000
Server listening on 0.0.0.0:50054
[16:21:17.380] [bmv2] [I] [thread 15342] Starting Thrift server on port 9093
[16:21:17.381] [bmv2] [I] [thread 15342] Thrift server was started
[16:21:17.812] [bmv2] [D] [thread 15349] [0.0] [cxt 0] Processing packet received on port 3
[16:21:17.812] [bmv2] [D] [thread 15349] [0.0] [cxt 0] Parser 'parser': start
[16:21:17.812] [bmv2] [D] [thread 15349] [0.0] [cxt 0] Parser 'parser' entering state 'start'
[16:21:17.812] [bmv2] [D] [thread 15349] [0.0] [cxt 0] Extracting header 'ethernet'
[16:21:17.812] [bmv2] [D] [thread 15349] [0.0] [cxt 0] Parser state 'start': key is 86dd
[16:21:17.812] [bmv2] [T] [thread 15349] [0.0] [cxt 0] Bytes parsed: 14
[16:21:17.812] [bmv2] [D] [thread 15349] [0.0] [cxt 0] Parser 'parser': end
[16:21:17.812] [bmv2] [D] [thread 15349] [0.0] [cxt 0] Pipeline 'ingress': start
[16:21:17.812] [bmv2] [T] [thread 15349] [0.0] [cxt 0] ../build_dependencies/net_cache.p4(114) Condition "hdr.ipv4.isValid()" (node_2) is false
[16:21:17.812] [bmv2] [D] [thread 15349] [0.0] [cxt 0] Pipeline 'ingress': end
[16:21:17.812] [bmv2] [D] [thread 15349] [0.0] [cxt 0] Egress port is 0
[16:21:17.812] [bmv2] [D] [thread 15350] [0.0] [cxt 0] Pipeline 'egress': start
[16:21:17.812] [bmv2] [D] [thread 15350] [0.0] [cxt 0] Pipeline 'egress': end
[16:21:17.812] [bmv2] [D] [thread 15350] [0.0] [cxt 0] Deparser 'deparser': start
[16:21:17.812] [bmv2] [T] [thread 15350] [0.0] [cxt 0] Skipping checksum 'cksum' update because condition not met
[16:21:17.812] [bmv2] [D] [thread 15350] [0.0] [cxt 0] Deparsing header 'ethernet'
[16:21:17.812] [bmv2] [D] [thread 15350] [0.0] [cxt 0] Deparser 'deparser': end
[16:21:17.812] [bmv2] [D] [thread 15354] [0.0] [cxt 0] Transmitting packet of size 90 out of port 0
New connection
P4Runtime SetForwardingPipelineConfig
[16:21:19.348] [bmv2] [W] [thread 15388] [P4Runtime] p4::tmp::P4DeviceConfig is deprecated
[16:21:19.349] [bmv2] [D] [thread 15388] Set default default entry for table 'tbl_drop': MyIngress.drop - 
[16:21:19.349] [bmv2] [D] [thread 15388] Set default default entry for table 'MyIngress.ipv4_lpm': MyIngress.drop - 
P4Runtime Write
device_id: 3
election_id {
  low: 1
}
updates {
  type: INSERT
  entity {
    table_entry {
      table_id: 33574068
      match {
        field_id: 1
        lpm {
          value: "\n\000\001\001"
          prefix_len: 32
        }
      }
      action {
        action {
          action_id: 16799317
          params {
            param_id: 1
            value: "\010\000\000\000\001\000"
          }
          params {
            param_id: 2
            value: "\000\002"
          }
        }
      }
    }
  }
}
[16:21:19.354] [bmv2] [D] [thread 15388] Entry 0 added to table 'MyIngress.ipv4_lpm'
[16:21:19.354] [bmv2] [D] [thread 15388] Dumping entry 0
Match key:
* hdr.ipv4.dstAddr    : LPM       0a000101/32
Action entry: MyIngress.ipv4_forward - 80000000100,2,

P4Runtime Write
device_id: 3
election_id {
  low: 1
}
updates {
  type: INSERT
  entity {
    table_entry {
      table_id: 33574068
      match {
        field_id: 1
        lpm {
          value: "\n\000\002\002"
          prefix_len: 32
        }
      }
      action {
        action {
          action_id: 16799317
          params {
            param_id: 1
            value: "\010\000\000\000\002\000"
          }
          params {
            param_id: 2
            value: "\000\003"
          }
        }
      }
    }
  }
}
[16:21:19.355] [bmv2] [D] [thread 15388] Entry 1 added to table 'MyIngress.ipv4_lpm'
[16:21:19.355] [bmv2] [D] [thread 15388] Dumping entry 1
Match key:
* hdr.ipv4.dstAddr    : LPM       0a000202/32
Action entry: MyIngress.ipv4_forward - 80000000200,3,

P4Runtime Write
device_id: 3
election_id {
  low: 1
}
updates {
  type: INSERT
  entity {
    table_entry {
      table_id: 33574068
      match {
        field_id: 1
        lpm {
          value: "\n\000\003\003"
          prefix_len: 32
        }
      }
      action {
        action {
          action_id: 16799317
          params {
            param_id: 1
            value: "\010\000\000\000\0033"
          }
          params {
            param_id: 2
            value: "\000\001"
          }
        }
      }
    }
  }
}
[16:21:19.356] [bmv2] [D] [thread 15388] Entry 2 added to table 'MyIngress.ipv4_lpm'
[16:21:19.356] [bmv2] [D] [thread 15388] Dumping entry 2
Match key:
* hdr.ipv4.dstAddr    : LPM       0a000303/32
Action entry: MyIngress.ipv4_forward - 80000000333,1,

P4Runtime Write
device_id: 3
election_id {
  low: 1
}
updates {
  type: INSERT
  entity {
    table_entry {
      table_id: 33574068
      match {
        field_id: 1
        lpm {
          value: "\300\000\000\000"
          prefix_len: 8
        }
      }
      action {
        action {
          action_id: 16799317
          params {
            param_id: 1
            value: "\010\000\000\000\001\000"
          }
          params {
            param_id: 2
            value: "\000\004"
          }
        }
      }
    }
  }
}
[16:21:19.357] [bmv2] [D] [thread 15388] Entry 3 added to table 'MyIngress.ipv4_lpm'
[16:21:19.357] [bmv2] [D] [thread 15388] Dumping entry 3
Match key:
* hdr.ipv4.dstAddr    : LPM       c0000000/8
Action entry: MyIngress.ipv4_forward - 80000000100,4,

Connection removed
[16:21:20.244] [bmv2] [D] [thread 15349] [1.0] [cxt 0] Processing packet received on port 1
[16:21:20.244] [bmv2] [D] [thread 15349] [1.0] [cxt 0] Parser 'parser': start
[16:21:20.244] [bmv2] [D] [thread 15349] [1.0] [cxt 0] Parser 'parser' entering state 'start'
[16:21:20.244] [bmv2] [D] [thread 15349] [1.0] [cxt 0] Extracting header 'ethernet'
[16:21:20.244] [bmv2] [D] [thread 15349] [1.0] [cxt 0] Parser state 'start': key is 86dd
[16:21:20.244] [bmv2] [T] [thread 15349] [1.0] [cxt 0] Bytes parsed: 14
[16:21:20.244] [bmv2] [D] [thread 15349] [1.0] [cxt 0] Parser 'parser': end
[16:21:20.244] [bmv2] [D] [thread 15349] [1.0] [cxt 0] Pipeline 'ingress': start
[16:21:20.244] [bmv2] [T] [thread 15349] [1.0] [cxt 0] ../build_dependencies/net_cache.p4(114) Condition "hdr.ipv4.isValid()" (node_2) is false
[16:21:20.244] [bmv2] [D] [thread 15349] [1.0] [cxt 0] Pipeline 'ingress': end
[16:21:20.244] [bmv2] [D] [thread 15349] [1.0] [cxt 0] Egress port is 0
[16:21:20.244] [bmv2] [D] [thread 15350] [1.0] [cxt 0] Pipeline 'egress': start
[16:21:20.244] [bmv2] [D] [thread 15350] [1.0] [cxt 0] Pipeline 'egress': end
[16:21:20.244] [bmv2] [D] [thread 15350] [1.0] [cxt 0] Deparser 'deparser': start
[16:21:20.244] [bmv2] [T] [thread 15350] [1.0] [cxt 0] Skipping checksum 'cksum' update because condition not met
[16:21:20.244] [bmv2] [D] [thread 15350] [1.0] [cxt 0] Deparsing header 'ethernet'
[16:21:20.244] [bmv2] [D] [thread 15350] [1.0] [cxt 0] Deparser 'deparser': end
[16:21:20.244] [bmv2] [D] [thread 15354] [1.0] [cxt 0] Transmitting packet of size 70 out of port 0
[16:21:20.258] [bmv2] [D] [thread 15349] [2.0] [cxt 0] Processing packet received on port 4
[16:21:20.258] [bmv2] [D] [thread 15349] [2.0] [cxt 0] Parser 'parser': start
[16:21:20.258] [bmv2] [D] [thread 15349] [2.0] [cxt 0] Parser 'parser' entering state 'start'
[16:21:20.258] [bmv2] [D] [thread 15349] [2.0] [cxt 0] Extracting header 'ethernet'
[16:21:20.258] [bmv2] [D] [thread 15349] [2.0] [cxt 0] Parser state 'start': key is 86dd
[16:21:20.258] [bmv2] [T] [thread 15349] [2.0] [cxt 0] Bytes parsed: 14
[16:21:20.258] [bmv2] [D] [thread 15349] [2.0] [cxt 0] Parser 'parser': end
[16:21:20.258] [bmv2] [D] [thread 15349] [2.0] [cxt 0] Pipeline 'ingress': start
[16:21:20.258] [bmv2] [T] [thread 15349] [2.0] [cxt 0] ../build_dependencies/net_cache.p4(114) Condition "hdr.ipv4.isValid()" (node_2) is false
[16:21:20.258] [bmv2] [D] [thread 15349] [2.0] [cxt 0] Pipeline 'ingress': end
[16:21:20.258] [bmv2] [D] [thread 15349] [2.0] [cxt 0] Egress port is 0
[16:21:20.258] [bmv2] [D] [thread 15350] [2.0] [cxt 0] Pipeline 'egress': start
[16:21:20.258] [bmv2] [D] [thread 15350] [2.0] [cxt 0] Pipeline 'egress': end
[16:21:20.258] [bmv2] [D] [thread 15350] [2.0] [cxt 0] Deparser 'deparser': start
[16:21:20.258] [bmv2] [T] [thread 15350] [2.0] [cxt 0] Skipping checksum 'cksum' update because condition not met
[16:21:20.258] [bmv2] [D] [thread 15350] [2.0] [cxt 0] Deparsing header 'ethernet'
[16:21:20.258] [bmv2] [D] [thread 15350] [2.0] [cxt 0] Deparser 'deparser': end
[16:21:20.258] [bmv2] [D] [thread 15354] [2.0] [cxt 0] Transmitting packet of size 70 out of port 0
[16:21:20.588] [bmv2] [D] [thread 15349] [3.0] [cxt 0] Processing packet received on port 2
[16:21:20.588] [bmv2] [D] [thread 15349] [3.0] [cxt 0] Parser 'parser': start
[16:21:20.588] [bmv2] [D] [thread 15349] [3.0] [cxt 0] Parser 'parser' entering state 'start'
[16:21:20.588] [bmv2] [D] [thread 15349] [3.0] [cxt 0] Extracting header 'ethernet'
[16:21:20.588] [bmv2] [D] [thread 15349] [3.0] [cxt 0] Parser state 'start': key is 86dd
[16:21:20.588] [bmv2] [T] [thread 15349] [3.0] [cxt 0] Bytes parsed: 14
[16:21:20.588] [bmv2] [D] [thread 15349] [3.0] [cxt 0] Parser 'parser': end
[16:21:20.588] [bmv2] [D] [thread 15349] [3.0] [cxt 0] Pipeline 'ingress': start
[16:21:20.588] [bmv2] [T] [thread 15349] [3.0] [cxt 0] ../build_dependencies/net_cache.p4(114) Condition "hdr.ipv4.isValid()" (node_2) is false
[16:21:20.588] [bmv2] [D] [thread 15349] [3.0] [cxt 0] Pipeline 'ingress': end
[16:21:20.588] [bmv2] [D] [thread 15349] [3.0] [cxt 0] Egress port is 0
[16:21:20.588] [bmv2] [D] [thread 15350] [3.0] [cxt 0] Pipeline 'egress': start
[16:21:20.588] [bmv2] [D] [thread 15350] [3.0] [cxt 0] Pipeline 'egress': end
[16:21:20.588] [bmv2] [D] [thread 15350] [3.0] [cxt 0] Deparser 'deparser': start
[16:21:20.588] [bmv2] [T] [thread 15350] [3.0] [cxt 0] Skipping checksum 'cksum' update because condition not met
[16:21:20.588] [bmv2] [D] [thread 15350] [3.0] [cxt 0] Deparsing header 'ethernet'
[16:21:20.588] [bmv2] [D] [thread 15350] [3.0] [cxt 0] Deparser 'deparser': end
[16:21:20.588] [bmv2] [D] [thread 15354] [3.0] [cxt 0] Transmitting packet of size 70 out of port 0
[16:21:20.732] [bmv2] [D] [thread 15349] [4.0] [cxt 0] Processing packet received on port 4
[16:21:20.732] [bmv2] [D] [thread 15349] [4.0] [cxt 0] Parser 'parser': start
[16:21:20.732] [bmv2] [D] [thread 15349] [4.0] [cxt 0] Parser 'parser' entering state 'start'
[16:21:20.732] [bmv2] [D] [thread 15349] [4.0] [cxt 0] Extracting header 'ethernet'
[16:21:20.732] [bmv2] [D] [thread 15349] [4.0] [cxt 0] Parser state 'start': key is 86dd
[16:21:20.732] [bmv2] [T] [thread 15349] [4.0] [cxt 0] Bytes parsed: 14
[16:21:20.732] [bmv2] [D] [thread 15349] [4.0] [cxt 0] Parser 'parser': end
[16:21:20.732] [bmv2] [D] [thread 15349] [4.0] [cxt 0] Pipeline 'ingress': start
[16:21:20.732] [bmv2] [T] [thread 15349] [4.0] [cxt 0] ../build_dependencies/net_cache.p4(114) Condition "hdr.ipv4.isValid()" (node_2) is false
[16:21:20.732] [bmv2] [D] [thread 15349] [4.0] [cxt 0] Pipeline 'ingress': end
[16:21:20.732] [bmv2] [D] [thread 15349] [4.0] [cxt 0] Egress port is 0
[16:21:20.732] [bmv2] [D] [thread 15350] [4.0] [cxt 0] Pipeline 'egress': start
[16:21:20.732] [bmv2] [D] [thread 15350] [4.0] [cxt 0] Pipeline 'egress': end
[16:21:20.732] [bmv2] [D] [thread 15350] [4.0] [cxt 0] Deparser 'deparser': start
[16:21:20.732] [bmv2] [T] [thread 15350] [4.0] [cxt 0] Skipping checksum 'cksum' update because condition not met
[16:21:20.732] [bmv2] [D] [thread 15350] [4.0] [cxt 0] Deparsing header 'ethernet'
[16:21:20.732] [bmv2] [D] [thread 15350] [4.0] [cxt 0] Deparser 'deparser': end
[16:21:20.732] [bmv2] [D] [thread 15354] [4.0] [cxt 0] Transmitting packet of size 70 out of port 0
[16:21:20.796] [bmv2] [D] [thread 15349] [5.0] [cxt 0] Processing packet received on port 3
[16:21:20.796] [bmv2] [D] [thread 15349] [5.0] [cxt 0] Parser 'parser': start
[16:21:20.796] [bmv2] [D] [thread 15349] [5.0] [cxt 0] Parser 'parser' entering state 'start'
[16:21:20.796] [bmv2] [D] [thread 15349] [5.0] [cxt 0] Extracting header 'ethernet'
[16:21:20.796] [bmv2] [D] [thread 15349] [5.0] [cxt 0] Parser state 'start': key is 86dd
[16:21:20.796] [bmv2] [T] [thread 15349] [5.0] [cxt 0] Bytes parsed: 14
[16:21:20.796] [bmv2] [D] [thread 15349] [5.0] [cxt 0] Parser 'parser': end
[16:21:20.796] [bmv2] [D] [thread 15349] [5.0] [cxt 0] Pipeline 'ingress': start
[16:21:20.796] [bmv2] [T] [thread 15349] [5.0] [cxt 0] ../build_dependencies/net_cache.p4(114) Condition "hdr.ipv4.isValid()" (node_2) is false
[16:21:20.796] [bmv2] [D] [thread 15349] [5.0] [cxt 0] Pipeline 'ingress': end
[16:21:20.796] [bmv2] [D] [thread 15349] [5.0] [cxt 0] Egress port is 0
[16:21:20.796] [bmv2] [D] [thread 15350] [5.0] [cxt 0] Pipeline 'egress': start
[16:21:20.796] [bmv2] [D] [thread 15350] [5.0] [cxt 0] Pipeline 'egress': end
[16:21:20.796] [bmv2] [D] [thread 15350] [5.0] [cxt 0] Deparser 'deparser': start
[16:21:20.796] [bmv2] [T] [thread 15350] [5.0] [cxt 0] Skipping checksum 'cksum' update because condition not met
[16:21:20.796] [bmv2] [D] [thread 15350] [5.0] [cxt 0] Deparsing header 'ethernet'
[16:21:20.796] [bmv2] [D] [thread 15350] [5.0] [cxt 0] Deparser 'deparser': end
[16:21:20.796] [bmv2] [D] [thread 15354] [5.0] [cxt 0] Transmitting packet of size 70 out of port 0
[16:21:20.876] [bmv2] [D] [thread 15349] [6.0] [cxt 0] Processing packet received on port 2
[16:21:20.876] [bmv2] [D] [thread 15349] [6.0] [cxt 0] Parser 'parser': start
[16:21:20.876] [bmv2] [D] [thread 15349] [6.0] [cxt 0] Parser 'parser' entering state 'start'
[16:21:20.876] [bmv2] [D] [thread 15349] [6.0] [cxt 0] Extracting header 'ethernet'
[16:21:20.876] [bmv2] [D] [thread 15349] [6.0] [cxt 0] Parser state 'start': key is 86dd
[16:21:20.876] [bmv2] [T] [thread 15349] [6.0] [cxt 0] Bytes parsed: 14
[16:21:20.876] [bmv2] [D] [thread 15349] [6.0] [cxt 0] Parser 'parser': end
[16:21:20.876] [bmv2] [D] [thread 15349] [6.0] [cxt 0] Pipeline 'ingress': start
[16:21:20.876] [bmv2] [T] [thread 15349] [6.0] [cxt 0] ../build_dependencies/net_cache.p4(114) Condition "hdr.ipv4.isValid()" (node_2) is false
[16:21:20.876] [bmv2] [D] [thread 15349] [6.0] [cxt 0] Pipeline 'ingress': end
[16:21:20.876] [bmv2] [D] [thread 15349] [6.0] [cxt 0] Egress port is 0
[16:21:20.876] [bmv2] [D] [thread 15349] [7.0] [cxt 0] Processing packet received on port 3
[16:21:20.876] [bmv2] [D] [thread 15349] [7.0] [cxt 0] Parser 'parser': start
[16:21:20.876] [bmv2] [D] [thread 15349] [7.0] [cxt 0] Parser 'parser' entering state 'start'
[16:21:20.876] [bmv2] [D] [thread 15349] [7.0] [cxt 0] Extracting header 'ethernet'
[16:21:20.876] [bmv2] [D] [thread 15349] [7.0] [cxt 0] Parser state 'start': key is 86dd
[16:21:20.876] [bmv2] [T] [thread 15349] [7.0] [cxt 0] Bytes parsed: 14
[16:21:20.876] [bmv2] [D] [thread 15349] [7.0] [cxt 0] Parser 'parser': end
[16:21:20.876] [bmv2] [D] [thread 15349] [7.0] [cxt 0] Pipeline 'ingress': start
[16:21:20.876] [bmv2] [T] [thread 15349] [7.0] [cxt 0] ../build_dependencies/net_cache.p4(114) Condition "hdr.ipv4.isValid()" (node_2) is false
[16:21:20.876] [bmv2] [D] [thread 15349] [7.0] [cxt 0] Pipeline 'ingress': end
[16:21:20.876] [bmv2] [D] [thread 15349] [7.0] [cxt 0] Egress port is 0
[16:21:20.876] [bmv2] [D] [thread 15350] [6.0] [cxt 0] Pipeline 'egress': start
[16:21:20.876] [bmv2] [D] [thread 15350] [6.0] [cxt 0] Pipeline 'egress': end
[16:21:20.876] [bmv2] [D] [thread 15350] [6.0] [cxt 0] Deparser 'deparser': start
[16:21:20.876] [bmv2] [T] [thread 15350] [6.0] [cxt 0] Skipping checksum 'cksum' update because condition not met
[16:21:20.876] [bmv2] [D] [thread 15350] [6.0] [cxt 0] Deparsing header 'ethernet'
[16:21:20.876] [bmv2] [D] [thread 15350] [6.0] [cxt 0] Deparser 'deparser': end
[16:21:20.876] [bmv2] [D] [thread 15350] [7.0] [cxt 0] Pipeline 'egress': start
[16:21:20.876] [bmv2] [D] [thread 15350] [7.0] [cxt 0] Pipeline 'egress': end
[16:21:20.876] [bmv2] [D] [thread 15350] [7.0] [cxt 0] Deparser 'deparser': start
[16:21:20.876] [bmv2] [T] [thread 15350] [7.0] [cxt 0] Skipping checksum 'cksum' update because condition not met
[16:21:20.876] [bmv2] [D] [thread 15350] [7.0] [cxt 0] Deparsing header 'ethernet'
[16:21:20.876] [bmv2] [D] [thread 15350] [7.0] [cxt 0] Deparser 'deparser': end
[16:21:20.876] [bmv2] [D] [thread 15354] [6.0] [cxt 0] Transmitting packet of size 70 out of port 0
[16:21:20.876] [bmv2] [D] [thread 15354] [7.0] [cxt 0] Transmitting packet of size 70 out of port 0
[16:21:24.252] [bmv2] [D] [thread 15349] [8.0] [cxt 0] Processing packet received on port 1
[16:21:24.252] [bmv2] [D] [thread 15349] [8.0] [cxt 0] Parser 'parser': start
[16:21:24.252] [bmv2] [D] [thread 15349] [8.0] [cxt 0] Parser 'parser' entering state 'start'
[16:21:24.252] [bmv2] [D] [thread 15349] [8.0] [cxt 0] Extracting header 'ethernet'
[16:21:24.252] [bmv2] [D] [thread 15349] [8.0] [cxt 0] Parser state 'start': key is 86dd
[16:21:24.252] [bmv2] [T] [thread 15349] [8.0] [cxt 0] Bytes parsed: 14
[16:21:24.252] [bmv2] [D] [thread 15349] [8.0] [cxt 0] Parser 'parser': end
[16:21:24.253] [bmv2] [D] [thread 15349] [8.0] [cxt 0] Pipeline 'ingress': start
[16:21:24.253] [bmv2] [T] [thread 15349] [8.0] [cxt 0] ../build_dependencies/net_cache.p4(114) Condition "hdr.ipv4.isValid()" (node_2) is false
[16:21:24.253] [bmv2] [D] [thread 15349] [8.0] [cxt 0] Pipeline 'ingress': end
[16:21:24.253] [bmv2] [D] [thread 15349] [8.0] [cxt 0] Egress port is 0
[16:21:24.253] [bmv2] [D] [thread 15350] [8.0] [cxt 0] Pipeline 'egress': start
[16:21:24.253] [bmv2] [D] [thread 15350] [8.0] [cxt 0] Pipeline 'egress': end
[16:21:24.253] [bmv2] [D] [thread 15350] [8.0] [cxt 0] Deparser 'deparser': start
[16:21:24.253] [bmv2] [T] [thread 15350] [8.0] [cxt 0] Skipping checksum 'cksum' update because condition not met
[16:21:24.253] [bmv2] [D] [thread 15350] [8.0] [cxt 0] Deparsing header 'ethernet'
[16:21:24.253] [bmv2] [D] [thread 15350] [8.0] [cxt 0] Deparser 'deparser': end
[16:21:24.253] [bmv2] [D] [thread 15354] [8.0] [cxt 0] Transmitting packet of size 70 out of port 0
[16:21:24.268] [bmv2] [D] [thread 15349] [9.0] [cxt 0] Processing packet received on port 4
[16:21:24.268] [bmv2] [D] [thread 15349] [9.0] [cxt 0] Parser 'parser': start
[16:21:24.268] [bmv2] [D] [thread 15349] [9.0] [cxt 0] Parser 'parser' entering state 'start'
[16:21:24.268] [bmv2] [D] [thread 15349] [9.0] [cxt 0] Extracting header 'ethernet'
[16:21:24.268] [bmv2] [D] [thread 15349] [9.0] [cxt 0] Parser state 'start': key is 86dd
[16:21:24.268] [bmv2] [T] [thread 15349] [9.0] [cxt 0] Bytes parsed: 14
[16:21:24.268] [bmv2] [D] [thread 15349] [9.0] [cxt 0] Parser 'parser': end
[16:21:24.268] [bmv2] [D] [thread 15349] [9.0] [cxt 0] Pipeline 'ingress': start
[16:21:24.268] [bmv2] [T] [thread 15349] [9.0] [cxt 0] ../build_dependencies/net_cache.p4(114) Condition "hdr.ipv4.isValid()" (node_2) is false
[16:21:24.268] [bmv2] [D] [thread 15349] [9.0] [cxt 0] Pipeline 'ingress': end
[16:21:24.268] [bmv2] [D] [thread 15349] [9.0] [cxt 0] Egress port is 0
[16:21:24.268] [bmv2] [D] [thread 15350] [9.0] [cxt 0] Pipeline 'egress': start
[16:21:24.268] [bmv2] [D] [thread 15350] [9.0] [cxt 0] Pipeline 'egress': end
[16:21:24.268] [bmv2] [D] [thread 15350] [9.0] [cxt 0] Deparser 'deparser': start
[16:21:24.268] [bmv2] [T] [thread 15350] [9.0] [cxt 0] Skipping checksum 'cksum' update because condition not met
[16:21:24.268] [bmv2] [D] [thread 15350] [9.0] [cxt 0] Deparsing header 'ethernet'
[16:21:24.268] [bmv2] [D] [thread 15350] [9.0] [cxt 0] Deparser 'deparser': end
[16:21:24.268] [bmv2] [D] [thread 15354] [9.0] [cxt 0] Transmitting packet of size 70 out of port 0
[16:21:24.596] [bmv2] [D] [thread 15349] [10.0] [cxt 0] Processing packet received on port 2
[16:21:24.596] [bmv2] [D] [thread 15349] [10.0] [cxt 0] Parser 'parser': start
[16:21:24.596] [bmv2] [D] [thread 15349] [10.0] [cxt 0] Parser 'parser' entering state 'start'
[16:21:24.597] [bmv2] [D] [thread 15349] [10.0] [cxt 0] Extracting header 'ethernet'
[16:21:24.597] [bmv2] [D] [thread 15349] [10.0] [cxt 0] Parser state 'start': key is 86dd
[16:21:24.597] [bmv2] [T] [thread 15349] [10.0] [cxt 0] Bytes parsed: 14
[16:21:24.597] [bmv2] [D] [thread 15349] [10.0] [cxt 0] Parser 'parser': end
[16:21:24.597] [bmv2] [D] [thread 15349] [10.0] [cxt 0] Pipeline 'ingress': start
[16:21:24.597] [bmv2] [T] [thread 15349] [10.0] [cxt 0] ../build_dependencies/net_cache.p4(114) Condition "hdr.ipv4.isValid()" (node_2) is false
[16:21:24.597] [bmv2] [D] [thread 15349] [10.0] [cxt 0] Pipeline 'ingress': end
[16:21:24.597] [bmv2] [D] [thread 15349] [10.0] [cxt 0] Egress port is 0
[16:21:24.597] [bmv2] [D] [thread 15350] [10.0] [cxt 0] Pipeline 'egress': start
[16:21:24.597] [bmv2] [D] [thread 15350] [10.0] [cxt 0] Pipeline 'egress': end
[16:21:24.597] [bmv2] [D] [thread 15350] [10.0] [cxt 0] Deparser 'deparser': start
[16:21:24.597] [bmv2] [T] [thread 15350] [10.0] [cxt 0] Skipping checksum 'cksum' update because condition not met
[16:21:24.597] [bmv2] [D] [thread 15350] [10.0] [cxt 0] Deparsing header 'ethernet'
[16:21:24.597] [bmv2] [D] [thread 15350] [10.0] [cxt 0] Deparser 'deparser': end
[16:21:24.597] [bmv2] [D] [thread 15354] [10.0] [cxt 0] Transmitting packet of size 70 out of port 0
[16:21:24.740] [bmv2] [D] [thread 15349] [11.0] [cxt 0] Processing packet received on port 4
[16:21:24.740] [bmv2] [D] [thread 15349] [11.0] [cxt 0] Parser 'parser': start
[16:21:24.740] [bmv2] [D] [thread 15349] [11.0] [cxt 0] Parser 'parser' entering state 'start'
[16:21:24.740] [bmv2] [D] [thread 15349] [11.0] [cxt 0] Extracting header 'ethernet'
[16:21:24.740] [bmv2] [D] [thread 15349] [11.0] [cxt 0] Parser state 'start': key is 86dd
[16:21:24.740] [bmv2] [T] [thread 15349] [11.0] [cxt 0] Bytes parsed: 14
[16:21:24.741] [bmv2] [D] [thread 15349] [11.0] [cxt 0] Parser 'parser': end
[16:21:24.741] [bmv2] [D] [thread 15349] [11.0] [cxt 0] Pipeline 'ingress': start
[16:21:24.741] [bmv2] [T] [thread 15349] [11.0] [cxt 0] ../build_dependencies/net_cache.p4(114) Condition "hdr.ipv4.isValid()" (node_2) is false
[16:21:24.741] [bmv2] [D] [thread 15349] [11.0] [cxt 0] Pipeline 'ingress': end
[16:21:24.741] [bmv2] [D] [thread 15349] [11.0] [cxt 0] Egress port is 0
[16:21:24.741] [bmv2] [D] [thread 15350] [11.0] [cxt 0] Pipeline 'egress': start
[16:21:24.741] [bmv2] [D] [thread 15350] [11.0] [cxt 0] Pipeline 'egress': end
[16:21:24.741] [bmv2] [D] [thread 15350] [11.0] [cxt 0] Deparser 'deparser': start
[16:21:24.741] [bmv2] [T] [thread 15350] [11.0] [cxt 0] Skipping checksum 'cksum' update because condition not met
[16:21:24.741] [bmv2] [D] [thread 15350] [11.0] [cxt 0] Deparsing header 'ethernet'
[16:21:24.741] [bmv2] [D] [thread 15350] [11.0] [cxt 0] Deparser 'deparser': end
[16:21:24.741] [bmv2] [D] [thread 15354] [11.0] [cxt 0] Transmitting packet of size 70 out of port 0
[16:21:24.805] [bmv2] [D] [thread 15349] [12.0] [cxt 0] Processing packet received on port 3
[16:21:24.805] [bmv2] [D] [thread 15349] [12.0] [cxt 0] Parser 'parser': start
[16:21:24.805] [bmv2] [D] [thread 15349] [12.0] [cxt 0] Parser 'parser' entering state 'start'
[16:21:24.805] [bmv2] [D] [thread 15349] [12.0] [cxt 0] Extracting header 'ethernet'
[16:21:24.805] [bmv2] [D] [thread 15349] [12.0] [cxt 0] Parser state 'start': key is 86dd
[16:21:24.805] [bmv2] [T] [thread 15349] [12.0] [cxt 0] Bytes parsed: 14
[16:21:24.805] [bmv2] [D] [thread 15349] [12.0] [cxt 0] Parser 'parser': end
[16:21:24.805] [bmv2] [D] [thread 15349] [12.0] [cxt 0] Pipeline 'ingress': start
[16:21:24.805] [bmv2] [T] [thread 15349] [12.0] [cxt 0] ../build_dependencies/net_cache.p4(114) Condition "hdr.ipv4.isValid()" (node_2) is false
[16:21:24.805] [bmv2] [D] [thread 15349] [12.0] [cxt 0] Pipeline 'ingress': end
[16:21:24.805] [bmv2] [D] [thread 15349] [12.0] [cxt 0] Egress port is 0
[16:21:24.805] [bmv2] [D] [thread 15350] [12.0] [cxt 0] Pipeline 'egress': start
[16:21:24.805] [bmv2] [D] [thread 15350] [12.0] [cxt 0] Pipeline 'egress': end
[16:21:24.805] [bmv2] [D] [thread 15350] [12.0] [cxt 0] Deparser 'deparser': start
[16:21:24.805] [bmv2] [T] [thread 15350] [12.0] [cxt 0] Skipping checksum 'cksum' update because condition not met
[16:21:24.805] [bmv2] [D] [thread 15350] [12.0] [cxt 0] Deparsing header 'ethernet'
[16:21:24.805] [bmv2] [D] [thread 15350] [12.0] [cxt 0] Deparser 'deparser': end
[16:21:24.806] [bmv2] [D] [thread 15354] [12.0] [cxt 0] Transmitting packet of size 70 out of port 0
[16:21:24.891] [bmv2] [D] [thread 15349] [13.0] [cxt 0] Processing packet received on port 3
[16:21:24.891] [bmv2] [D] [thread 15349] [13.0] [cxt 0] Parser 'parser': start
[16:21:24.891] [bmv2] [D] [thread 15349] [13.0] [cxt 0] Parser 'parser' entering state 'start'
[16:21:24.891] [bmv2] [D] [thread 15349] [13.0] [cxt 0] Extracting header 'ethernet'
[16:21:24.891] [bmv2] [D] [thread 15349] [13.0] [cxt 0] Parser state 'start': key is 86dd
[16:21:24.891] [bmv2] [T] [thread 15349] [13.0] [cxt 0] Bytes parsed: 14
[16:21:24.891] [bmv2] [D] [thread 15349] [13.0] [cxt 0] Parser 'parser': end
[16:21:24.891] [bmv2] [D] [thread 15349] [13.0] [cxt 0] Pipeline 'ingress': start
[16:21:24.891] [bmv2] [T] [thread 15349] [13.0] [cxt 0] ../build_dependencies/net_cache.p4(114) Condition "hdr.ipv4.isValid()" (node_2) is false
[16:21:24.891] [bmv2] [D] [thread 15349] [13.0] [cxt 0] Pipeline 'ingress': end
[16:21:24.891] [bmv2] [D] [thread 15349] [13.0] [cxt 0] Egress port is 0
[16:21:24.891] [bmv2] [D] [thread 15350] [13.0] [cxt 0] Pipeline 'egress': start
[16:21:24.891] [bmv2] [D] [thread 15350] [13.0] [cxt 0] Pipeline 'egress': end
[16:21:24.891] [bmv2] [D] [thread 15350] [13.0] [cxt 0] Deparser 'deparser': start
[16:21:24.891] [bmv2] [T] [thread 15350] [13.0] [cxt 0] Skipping checksum 'cksum' update because condition not met
[16:21:24.891] [bmv2] [D] [thread 15350] [13.0] [cxt 0] Deparsing header 'ethernet'
[16:21:24.891] [bmv2] [D] [thread 15350] [13.0] [cxt 0] Deparser 'deparser': end
[16:21:24.891] [bmv2] [D] [thread 15354] [13.0] [cxt 0] Transmitting packet of size 70 out of port 0
[16:21:24.892] [bmv2] [D] [thread 15349] [14.0] [cxt 0] Processing packet received on port 2
[16:21:24.892] [bmv2] [D] [thread 15349] [14.0] [cxt 0] Parser 'parser': start
[16:21:24.892] [bmv2] [D] [thread 15349] [14.0] [cxt 0] Parser 'parser' entering state 'start'
[16:21:24.892] [bmv2] [D] [thread 15349] [14.0] [cxt 0] Extracting header 'ethernet'
[16:21:24.893] [bmv2] [D] [thread 15349] [14.0] [cxt 0] Parser state 'start': key is 86dd
[16:21:24.893] [bmv2] [T] [thread 15349] [14.0] [cxt 0] Bytes parsed: 14
[16:21:24.893] [bmv2] [D] [thread 15349] [14.0] [cxt 0] Parser 'parser': end
[16:21:24.893] [bmv2] [D] [thread 15349] [14.0] [cxt 0] Pipeline 'ingress': start
[16:21:24.893] [bmv2] [T] [thread 15349] [14.0] [cxt 0] ../build_dependencies/net_cache.p4(114) Condition "hdr.ipv4.isValid()" (node_2) is false
[16:21:24.893] [bmv2] [D] [thread 15349] [14.0] [cxt 0] Pipeline 'ingress': end
[16:21:24.893] [bmv2] [D] [thread 15349] [14.0] [cxt 0] Egress port is 0
[16:21:24.893] [bmv2] [D] [thread 15350] [14.0] [cxt 0] Pipeline 'egress': start
[16:21:24.893] [bmv2] [D] [thread 15350] [14.0] [cxt 0] Pipeline 'egress': end
[16:21:24.893] [bmv2] [D] [thread 15350] [14.0] [cxt 0] Deparser 'deparser': start
[16:21:24.893] [bmv2] [T] [thread 15350] [14.0] [cxt 0] Skipping checksum 'cksum' update because condition not met
[16:21:24.893] [bmv2] [D] [thread 15350] [14.0] [cxt 0] Deparsing header 'ethernet'
[16:21:24.893] [bmv2] [D] [thread 15350] [14.0] [cxt 0] Deparser 'deparser': end
[16:21:24.893] [bmv2] [D] [thread 15354] [14.0] [cxt 0] Transmitting packet of size 70 out of port 0
