Calling target program-options parser
[16:14:44.914] [bmv2] [D] [thread 29292] Set default default entry for table 'MyIngress.toController': MyIngress.drop - 
[16:14:44.914] [bmv2] [D] [thread 29292] Set default default entry for table 'tbl_drop': MyIngress.drop - 
[16:14:44.914] [bmv2] [D] [thread 29292] Set default default entry for table 'MyIngress.ipv4_lpm': MyIngress.drop - 
Adding interface s1-eth1 as port 1
[16:14:44.915] [bmv2] [D] [thread 29292] Adding interface s1-eth1 as port 1
Adding interface s1-eth2 as port 2
[16:14:44.939] [bmv2] [D] [thread 29292] Adding interface s1-eth2 as port 2
Adding interface s1-eth3 as port 3
[16:14:44.962] [bmv2] [D] [thread 29292] Adding interface s1-eth3 as port 3
I0208 16:14:44.990948321   29292 server_builder.cc:247]      Synchronous server. Num CQs: 1, Min pollers: 1, Max Pollers: 2147483647, CQ timeout (msec): 1000
Server listening on 0.0.0.0:50051
[16:14:44.992] [bmv2] [I] [thread 29292] Starting Thrift server on port 9090
[16:14:44.992] [bmv2] [I] [thread 29292] Thrift server was started
[16:14:45.091] [bmv2] [D] [thread 29299] [0.0] [cxt 0] Processing packet received on port 2
[16:14:45.091] [bmv2] [D] [thread 29299] [0.0] [cxt 0] Parser 'parser': start
[16:14:45.091] [bmv2] [D] [thread 29299] [0.0] [cxt 0] Parser 'parser' entering state 'start'
[16:14:45.091] [bmv2] [D] [thread 29299] [0.0] [cxt 0] Extracting header 'ethernet'
[16:14:45.091] [bmv2] [D] [thread 29299] [0.0] [cxt 0] Parser state 'start': key is 86dd
[16:14:45.091] [bmv2] [T] [thread 29299] [0.0] [cxt 0] Bytes parsed: 14
[16:14:45.091] [bmv2] [D] [thread 29299] [0.0] [cxt 0] Parser 'parser': end
[16:14:45.091] [bmv2] [D] [thread 29299] [0.0] [cxt 0] Pipeline 'ingress': start
[16:14:45.091] [bmv2] [T] [thread 29299] [0.0] [cxt 0] basic_tunnel.p4(146) Condition "hdr.ipv4.isValid()" (node_2) is false
[16:14:45.091] [bmv2] [D] [thread 29299] [0.0] [cxt 0] Pipeline 'ingress': end
[16:14:45.091] [bmv2] [D] [thread 29299] [0.0] [cxt 0] Egress port is 0
[16:14:45.091] [bmv2] [D] [thread 29300] [0.0] [cxt 0] Pipeline 'egress': start
[16:14:45.091] [bmv2] [D] [thread 29300] [0.0] [cxt 0] Pipeline 'egress': end
[16:14:45.091] [bmv2] [D] [thread 29300] [0.0] [cxt 0] Deparser 'deparser': start
[16:14:45.091] [bmv2] [T] [thread 29300] [0.0] [cxt 0] Skipping checksum 'cksum' update because condition not met
[16:14:45.091] [bmv2] [D] [thread 29300] [0.0] [cxt 0] Deparsing header 'ethernet'
[16:14:45.091] [bmv2] [D] [thread 29300] [0.0] [cxt 0] Deparser 'deparser': end
[16:14:45.091] [bmv2] [D] [thread 29304] [0.0] [cxt 0] Transmitting packet of size 90 out of port 0
[16:14:45.110] [bmv2] [D] [thread 29299] [1.0] [cxt 0] Processing packet received on port 2
[16:14:45.110] [bmv2] [D] [thread 29299] [1.0] [cxt 0] Parser 'parser': start
[16:14:45.110] [bmv2] [D] [thread 29299] [1.0] [cxt 0] Parser 'parser' entering state 'start'
[16:14:45.110] [bmv2] [D] [thread 29299] [1.0] [cxt 0] Extracting header 'ethernet'
[16:14:45.110] [bmv2] [D] [thread 29299] [1.0] [cxt 0] Parser state 'start': key is 86dd
[16:14:45.110] [bmv2] [T] [thread 29299] [1.0] [cxt 0] Bytes parsed: 14
[16:14:45.110] [bmv2] [D] [thread 29299] [1.0] [cxt 0] Parser 'parser': end
[16:14:45.110] [bmv2] [D] [thread 29299] [1.0] [cxt 0] Pipeline 'ingress': start
[16:14:45.110] [bmv2] [T] [thread 29299] [1.0] [cxt 0] basic_tunnel.p4(146) Condition "hdr.ipv4.isValid()" (node_2) is false
[16:14:45.110] [bmv2] [D] [thread 29299] [1.0] [cxt 0] Pipeline 'ingress': end
[16:14:45.110] [bmv2] [D] [thread 29299] [1.0] [cxt 0] Egress port is 0
[16:14:45.110] [bmv2] [D] [thread 29300] [1.0] [cxt 0] Pipeline 'egress': start
[16:14:45.110] [bmv2] [D] [thread 29300] [1.0] [cxt 0] Pipeline 'egress': end
[16:14:45.110] [bmv2] [D] [thread 29300] [1.0] [cxt 0] Deparser 'deparser': start
[16:14:45.110] [bmv2] [T] [thread 29300] [1.0] [cxt 0] Skipping checksum 'cksum' update because condition not met
[16:14:45.110] [bmv2] [D] [thread 29300] [1.0] [cxt 0] Deparsing header 'ethernet'
[16:14:45.110] [bmv2] [D] [thread 29300] [1.0] [cxt 0] Deparser 'deparser': end
[16:14:45.110] [bmv2] [D] [thread 29304] [1.0] [cxt 0] Transmitting packet of size 78 out of port 0
[16:14:45.147] [bmv2] [D] [thread 29299] [2.0] [cxt 0] Processing packet received on port 3
[16:14:45.147] [bmv2] [D] [thread 29299] [2.0] [cxt 0] Parser 'parser': start
[16:14:45.147] [bmv2] [D] [thread 29299] [2.0] [cxt 0] Parser 'parser' entering state 'start'
[16:14:45.147] [bmv2] [D] [thread 29299] [2.0] [cxt 0] Extracting header 'ethernet'
[16:14:45.147] [bmv2] [D] [thread 29299] [2.0] [cxt 0] Parser state 'start': key is 86dd
[16:14:45.147] [bmv2] [T] [thread 29299] [2.0] [cxt 0] Bytes parsed: 14
[16:14:45.147] [bmv2] [D] [thread 29299] [2.0] [cxt 0] Parser 'parser': end
[16:14:45.147] [bmv2] [D] [thread 29299] [2.0] [cxt 0] Pipeline 'ingress': start
[16:14:45.147] [bmv2] [T] [thread 29299] [2.0] [cxt 0] basic_tunnel.p4(146) Condition "hdr.ipv4.isValid()" (node_2) is false
[16:14:45.147] [bmv2] [D] [thread 29299] [2.0] [cxt 0] Pipeline 'ingress': end
[16:14:45.147] [bmv2] [D] [thread 29299] [2.0] [cxt 0] Egress port is 0
[16:14:45.147] [bmv2] [D] [thread 29300] [2.0] [cxt 0] Pipeline 'egress': start
[16:14:45.147] [bmv2] [D] [thread 29300] [2.0] [cxt 0] Pipeline 'egress': end
[16:14:45.147] [bmv2] [D] [thread 29300] [2.0] [cxt 0] Deparser 'deparser': start
[16:14:45.147] [bmv2] [T] [thread 29300] [2.0] [cxt 0] Skipping checksum 'cksum' update because condition not met
[16:14:45.147] [bmv2] [D] [thread 29300] [2.0] [cxt 0] Deparsing header 'ethernet'
[16:14:45.147] [bmv2] [D] [thread 29300] [2.0] [cxt 0] Deparser 'deparser': end
[16:14:45.147] [bmv2] [D] [thread 29304] [2.0] [cxt 0] Transmitting packet of size 78 out of port 0
[16:14:45.175] [bmv2] [D] [thread 29299] [3.0] [cxt 0] Processing packet received on port 3
[16:14:45.175] [bmv2] [D] [thread 29299] [3.0] [cxt 0] Parser 'parser': start
[16:14:45.175] [bmv2] [D] [thread 29299] [3.0] [cxt 0] Parser 'parser' entering state 'start'
[16:14:45.175] [bmv2] [D] [thread 29299] [3.0] [cxt 0] Extracting header 'ethernet'
[16:14:45.175] [bmv2] [D] [thread 29299] [3.0] [cxt 0] Parser state 'start': key is 86dd
[16:14:45.175] [bmv2] [T] [thread 29299] [3.0] [cxt 0] Bytes parsed: 14
[16:14:45.175] [bmv2] [D] [thread 29299] [3.0] [cxt 0] Parser 'parser': end
[16:14:45.175] [bmv2] [D] [thread 29299] [3.0] [cxt 0] Pipeline 'ingress': start
[16:14:45.175] [bmv2] [T] [thread 29299] [3.0] [cxt 0] basic_tunnel.p4(146) Condition "hdr.ipv4.isValid()" (node_2) is false
[16:14:45.175] [bmv2] [D] [thread 29299] [3.0] [cxt 0] Pipeline 'ingress': end
[16:14:45.175] [bmv2] [D] [thread 29299] [3.0] [cxt 0] Egress port is 0
[16:14:45.175] [bmv2] [D] [thread 29300] [3.0] [cxt 0] Pipeline 'egress': start
[16:14:45.175] [bmv2] [D] [thread 29300] [3.0] [cxt 0] Pipeline 'egress': end
[16:14:45.175] [bmv2] [D] [thread 29300] [3.0] [cxt 0] Deparser 'deparser': start
[16:14:45.175] [bmv2] [T] [thread 29300] [3.0] [cxt 0] Skipping checksum 'cksum' update because condition not met
[16:14:45.175] [bmv2] [D] [thread 29300] [3.0] [cxt 0] Deparsing header 'ethernet'
[16:14:45.175] [bmv2] [D] [thread 29300] [3.0] [cxt 0] Deparser 'deparser': end
[16:14:45.175] [bmv2] [D] [thread 29304] [3.0] [cxt 0] Transmitting packet of size 90 out of port 0
[16:14:45.271] [bmv2] [D] [thread 29299] [4.0] [cxt 0] Processing packet received on port 3
[16:14:45.271] [bmv2] [D] [thread 29299] [4.0] [cxt 0] Parser 'parser': start
[16:14:45.271] [bmv2] [D] [thread 29299] [4.0] [cxt 0] Parser 'parser' entering state 'start'
[16:14:45.271] [bmv2] [D] [thread 29299] [4.0] [cxt 0] Extracting header 'ethernet'
[16:14:45.272] [bmv2] [D] [thread 29299] [4.0] [cxt 0] Parser state 'start': key is 86dd
[16:14:45.272] [bmv2] [T] [thread 29299] [4.0] [cxt 0] Bytes parsed: 14
[16:14:45.272] [bmv2] [D] [thread 29299] [4.0] [cxt 0] Parser 'parser': end
[16:14:45.272] [bmv2] [D] [thread 29299] [4.0] [cxt 0] Pipeline 'ingress': start
[16:14:45.272] [bmv2] [T] [thread 29299] [4.0] [cxt 0] basic_tunnel.p4(146) Condition "hdr.ipv4.isValid()" (node_2) is false
[16:14:45.272] [bmv2] [D] [thread 29299] [4.0] [cxt 0] Pipeline 'ingress': end
[16:14:45.272] [bmv2] [D] [thread 29299] [4.0] [cxt 0] Egress port is 0
[16:14:45.272] [bmv2] [D] [thread 29300] [4.0] [cxt 0] Pipeline 'egress': start
[16:14:45.272] [bmv2] [D] [thread 29300] [4.0] [cxt 0] Pipeline 'egress': end
[16:14:45.272] [bmv2] [D] [thread 29300] [4.0] [cxt 0] Deparser 'deparser': start
[16:14:45.272] [bmv2] [T] [thread 29300] [4.0] [cxt 0] Skipping checksum 'cksum' update because condition not met
[16:14:45.272] [bmv2] [D] [thread 29300] [4.0] [cxt 0] Deparsing header 'ethernet'
[16:14:45.272] [bmv2] [D] [thread 29300] [4.0] [cxt 0] Deparser 'deparser': end
[16:14:45.272] [bmv2] [D] [thread 29304] [4.0] [cxt 0] Transmitting packet of size 90 out of port 0
[16:14:45.367] [bmv2] [D] [thread 29299] [5.0] [cxt 0] Processing packet received on port 3
[16:14:45.367] [bmv2] [D] [thread 29299] [5.0] [cxt 0] Parser 'parser': start
[16:14:45.367] [bmv2] [D] [thread 29299] [5.0] [cxt 0] Parser 'parser' entering state 'start'
[16:14:45.367] [bmv2] [D] [thread 29299] [5.0] [cxt 0] Extracting header 'ethernet'
[16:14:45.367] [bmv2] [D] [thread 29299] [5.0] [cxt 0] Parser state 'start': key is 86dd
[16:14:45.367] [bmv2] [T] [thread 29299] [5.0] [cxt 0] Bytes parsed: 14
[16:14:45.367] [bmv2] [D] [thread 29299] [5.0] [cxt 0] Parser 'parser': end
[16:14:45.367] [bmv2] [D] [thread 29299] [5.0] [cxt 0] Pipeline 'ingress': start
[16:14:45.367] [bmv2] [T] [thread 29299] [5.0] [cxt 0] basic_tunnel.p4(146) Condition "hdr.ipv4.isValid()" (node_2) is false
[16:14:45.367] [bmv2] [D] [thread 29299] [5.0] [cxt 0] Pipeline 'ingress': end
[16:14:45.367] [bmv2] [D] [thread 29299] [5.0] [cxt 0] Egress port is 0
[16:14:45.367] [bmv2] [D] [thread 29300] [5.0] [cxt 0] Pipeline 'egress': start
[16:14:45.367] [bmv2] [D] [thread 29300] [5.0] [cxt 0] Pipeline 'egress': end
[16:14:45.367] [bmv2] [D] [thread 29300] [5.0] [cxt 0] Deparser 'deparser': start
[16:14:45.367] [bmv2] [T] [thread 29300] [5.0] [cxt 0] Skipping checksum 'cksum' update because condition not met
[16:14:45.367] [bmv2] [D] [thread 29300] [5.0] [cxt 0] Deparsing header 'ethernet'
[16:14:45.367] [bmv2] [D] [thread 29300] [5.0] [cxt 0] Deparser 'deparser': end
[16:14:45.367] [bmv2] [D] [thread 29304] [5.0] [cxt 0] Transmitting packet of size 78 out of port 0
[16:14:45.609] [bmv2] [D] [thread 29299] [6.0] [cxt 0] Processing packet received on port 2
[16:14:45.609] [bmv2] [D] [thread 29299] [6.0] [cxt 0] Parser 'parser': start
[16:14:45.609] [bmv2] [D] [thread 29299] [6.0] [cxt 0] Parser 'parser' entering state 'start'
[16:14:45.609] [bmv2] [D] [thread 29299] [6.0] [cxt 0] Extracting header 'ethernet'
[16:14:45.609] [bmv2] [D] [thread 29299] [6.0] [cxt 0] Parser state 'start': key is 86dd
[16:14:45.609] [bmv2] [T] [thread 29299] [6.0] [cxt 0] Bytes parsed: 14
[16:14:45.609] [bmv2] [D] [thread 29299] [6.0] [cxt 0] Parser 'parser': end
[16:14:45.609] [bmv2] [D] [thread 29299] [6.0] [cxt 0] Pipeline 'ingress': start
[16:14:45.609] [bmv2] [T] [thread 29299] [6.0] [cxt 0] basic_tunnel.p4(146) Condition "hdr.ipv4.isValid()" (node_2) is false
[16:14:45.609] [bmv2] [D] [thread 29299] [6.0] [cxt 0] Pipeline 'ingress': end
[16:14:45.609] [bmv2] [D] [thread 29299] [6.0] [cxt 0] Egress port is 0
[16:14:45.609] [bmv2] [D] [thread 29300] [6.0] [cxt 0] Pipeline 'egress': start
[16:14:45.609] [bmv2] [D] [thread 29300] [6.0] [cxt 0] Pipeline 'egress': end
[16:14:45.609] [bmv2] [D] [thread 29300] [6.0] [cxt 0] Deparser 'deparser': start
[16:14:45.609] [bmv2] [T] [thread 29300] [6.0] [cxt 0] Skipping checksum 'cksum' update because condition not met
[16:14:45.609] [bmv2] [D] [thread 29300] [6.0] [cxt 0] Deparsing header 'ethernet'
[16:14:45.609] [bmv2] [D] [thread 29300] [6.0] [cxt 0] Deparser 'deparser': end
[16:14:45.609] [bmv2] [D] [thread 29304] [6.0] [cxt 0] Transmitting packet of size 78 out of port 0
[16:14:45.632] [bmv2] [D] [thread 29299] [7.0] [cxt 0] Processing packet received on port 1
[16:14:45.632] [bmv2] [D] [thread 29299] [7.0] [cxt 0] Parser 'parser': start
[16:14:45.632] [bmv2] [D] [thread 29299] [7.0] [cxt 0] Parser 'parser' entering state 'start'
[16:14:45.632] [bmv2] [D] [thread 29299] [7.0] [cxt 0] Extracting header 'ethernet'
[16:14:45.632] [bmv2] [D] [thread 29299] [7.0] [cxt 0] Parser state 'start': key is 86dd
[16:14:45.632] [bmv2] [T] [thread 29299] [7.0] [cxt 0] Bytes parsed: 14
[16:14:45.632] [bmv2] [D] [thread 29299] [7.0] [cxt 0] Parser 'parser': end
[16:14:45.632] [bmv2] [D] [thread 29299] [7.0] [cxt 0] Pipeline 'ingress': start
[16:14:45.632] [bmv2] [T] [thread 29299] [7.0] [cxt 0] basic_tunnel.p4(146) Condition "hdr.ipv4.isValid()" (node_2) is false
[16:14:45.632] [bmv2] [D] [thread 29299] [7.0] [cxt 0] Pipeline 'ingress': end
[16:14:45.632] [bmv2] [D] [thread 29299] [7.0] [cxt 0] Egress port is 0
[16:14:45.632] [bmv2] [D] [thread 29299] [8.0] [cxt 0] Processing packet received on port 1
[16:14:45.632] [bmv2] [D] [thread 29299] [8.0] [cxt 0] Parser 'parser': start
[16:14:45.632] [bmv2] [D] [thread 29299] [8.0] [cxt 0] Parser 'parser' entering state 'start'
[16:14:45.632] [bmv2] [D] [thread 29299] [8.0] [cxt 0] Extracting header 'ethernet'
[16:14:45.632] [bmv2] [D] [thread 29299] [8.0] [cxt 0] Parser state 'start': key is 86dd
[16:14:45.632] [bmv2] [T] [thread 29299] [8.0] [cxt 0] Bytes parsed: 14
[16:14:45.632] [bmv2] [D] [thread 29299] [8.0] [cxt 0] Parser 'parser': end
[16:14:45.632] [bmv2] [D] [thread 29299] [8.0] [cxt 0] Pipeline 'ingress': start
[16:14:45.632] [bmv2] [T] [thread 29299] [8.0] [cxt 0] basic_tunnel.p4(146) Condition "hdr.ipv4.isValid()" (node_2) is false
[16:14:45.632] [bmv2] [D] [thread 29299] [8.0] [cxt 0] Pipeline 'ingress': end
[16:14:45.632] [bmv2] [D] [thread 29299] [8.0] [cxt 0] Egress port is 0
[16:14:45.632] [bmv2] [D] [thread 29300] [7.0] [cxt 0] Pipeline 'egress': start
[16:14:45.632] [bmv2] [D] [thread 29300] [7.0] [cxt 0] Pipeline 'egress': end
[16:14:45.632] [bmv2] [D] [thread 29300] [7.0] [cxt 0] Deparser 'deparser': start
[16:14:45.632] [bmv2] [T] [thread 29300] [7.0] [cxt 0] Skipping checksum 'cksum' update because condition not met
[16:14:45.632] [bmv2] [D] [thread 29300] [7.0] [cxt 0] Deparsing header 'ethernet'
[16:14:45.632] [bmv2] [D] [thread 29300] [7.0] [cxt 0] Deparser 'deparser': end
[16:14:45.632] [bmv2] [D] [thread 29300] [8.0] [cxt 0] Pipeline 'egress': start
[16:14:45.632] [bmv2] [D] [thread 29300] [8.0] [cxt 0] Pipeline 'egress': end
[16:14:45.632] [bmv2] [D] [thread 29300] [8.0] [cxt 0] Deparser 'deparser': start
[16:14:45.632] [bmv2] [T] [thread 29300] [8.0] [cxt 0] Skipping checksum 'cksum' update because condition not met
[16:14:45.632] [bmv2] [D] [thread 29300] [8.0] [cxt 0] Deparsing header 'ethernet'
[16:14:45.632] [bmv2] [D] [thread 29300] [8.0] [cxt 0] Deparser 'deparser': end
[16:14:45.632] [bmv2] [D] [thread 29304] [7.0] [cxt 0] Transmitting packet of size 90 out of port 0
[16:14:45.632] [bmv2] [D] [thread 29304] [8.0] [cxt 0] Transmitting packet of size 70 out of port 0
[16:14:45.635] [bmv2] [D] [thread 29299] [9.0] [cxt 0] Processing packet received on port 1
[16:14:45.635] [bmv2] [D] [thread 29299] [9.0] [cxt 0] Parser 'parser': start
[16:14:45.635] [bmv2] [D] [thread 29299] [9.0] [cxt 0] Parser 'parser' entering state 'start'
[16:14:45.635] [bmv2] [D] [thread 29299] [9.0] [cxt 0] Extracting header 'ethernet'
[16:14:45.635] [bmv2] [D] [thread 29299] [9.0] [cxt 0] Parser state 'start': key is 86dd
[16:14:45.635] [bmv2] [T] [thread 29299] [9.0] [cxt 0] Bytes parsed: 14
[16:14:45.635] [bmv2] [D] [thread 29299] [9.0] [cxt 0] Parser 'parser': end
[16:14:45.635] [bmv2] [D] [thread 29299] [9.0] [cxt 0] Pipeline 'ingress': start
[16:14:45.635] [bmv2] [T] [thread 29299] [9.0] [cxt 0] basic_tunnel.p4(146) Condition "hdr.ipv4.isValid()" (node_2) is false
[16:14:45.635] [bmv2] [D] [thread 29299] [9.0] [cxt 0] Pipeline 'ingress': end
[16:14:45.635] [bmv2] [D] [thread 29299] [9.0] [cxt 0] Egress port is 0
[16:14:45.635] [bmv2] [D] [thread 29300] [9.0] [cxt 0] Pipeline 'egress': start
[16:14:45.635] [bmv2] [D] [thread 29300] [9.0] [cxt 0] Pipeline 'egress': end
[16:14:45.635] [bmv2] [D] [thread 29300] [9.0] [cxt 0] Deparser 'deparser': start
[16:14:45.635] [bmv2] [T] [thread 29300] [9.0] [cxt 0] Skipping checksum 'cksum' update because condition not met
[16:14:45.635] [bmv2] [D] [thread 29300] [9.0] [cxt 0] Deparsing header 'ethernet'
[16:14:45.635] [bmv2] [D] [thread 29300] [9.0] [cxt 0] Deparser 'deparser': end
[16:14:45.635] [bmv2] [D] [thread 29304] [9.0] [cxt 0] Transmitting packet of size 90 out of port 0
[16:14:45.690] [bmv2] [D] [thread 29299] [10.0] [cxt 0] Processing packet received on port 2
[16:14:45.690] [bmv2] [D] [thread 29299] [10.0] [cxt 0] Parser 'parser': start
[16:14:45.690] [bmv2] [D] [thread 29299] [10.0] [cxt 0] Parser 'parser' entering state 'start'
[16:14:45.690] [bmv2] [D] [thread 29299] [10.0] [cxt 0] Extracting header 'ethernet'
[16:14:45.691] [bmv2] [D] [thread 29299] [10.0] [cxt 0] Parser state 'start': key is 86dd
[16:14:45.691] [bmv2] [T] [thread 29299] [10.0] [cxt 0] Bytes parsed: 14
[16:14:45.691] [bmv2] [D] [thread 29299] [10.0] [cxt 0] Parser 'parser': end
[16:14:45.691] [bmv2] [D] [thread 29299] [10.0] [cxt 0] Pipeline 'ingress': start
[16:14:45.691] [bmv2] [T] [thread 29299] [10.0] [cxt 0] basic_tunnel.p4(146) Condition "hdr.ipv4.isValid()" (node_2) is false
[16:14:45.691] [bmv2] [D] [thread 29299] [10.0] [cxt 0] Pipeline 'ingress': end
[16:14:45.691] [bmv2] [D] [thread 29299] [10.0] [cxt 0] Egress port is 0
[16:14:45.691] [bmv2] [D] [thread 29300] [10.0] [cxt 0] Pipeline 'egress': start
[16:14:45.691] [bmv2] [D] [thread 29300] [10.0] [cxt 0] Pipeline 'egress': end
[16:14:45.691] [bmv2] [D] [thread 29300] [10.0] [cxt 0] Deparser 'deparser': start
[16:14:45.691] [bmv2] [T] [thread 29300] [10.0] [cxt 0] Skipping checksum 'cksum' update because condition not met
[16:14:45.691] [bmv2] [D] [thread 29300] [10.0] [cxt 0] Deparsing header 'ethernet'
[16:14:45.691] [bmv2] [D] [thread 29300] [10.0] [cxt 0] Deparser 'deparser': end
[16:14:45.691] [bmv2] [D] [thread 29304] [10.0] [cxt 0] Transmitting packet of size 90 out of port 0
[16:14:45.919] [bmv2] [D] [thread 29299] [11.0] [cxt 0] Processing packet received on port 1
[16:14:45.919] [bmv2] [D] [thread 29299] [11.0] [cxt 0] Parser 'parser': start
[16:14:45.919] [bmv2] [D] [thread 29299] [11.0] [cxt 0] Parser 'parser' entering state 'start'
[16:14:45.919] [bmv2] [D] [thread 29299] [11.0] [cxt 0] Extracting header 'ethernet'
[16:14:45.919] [bmv2] [D] [thread 29299] [11.0] [cxt 0] Parser state 'start': key is 86dd
[16:14:45.919] [bmv2] [T] [thread 29299] [11.0] [cxt 0] Bytes parsed: 14
[16:14:45.919] [bmv2] [D] [thread 29299] [11.0] [cxt 0] Parser 'parser': end
[16:14:45.919] [bmv2] [D] [thread 29299] [11.0] [cxt 0] Pipeline 'ingress': start
[16:14:45.919] [bmv2] [T] [thread 29299] [11.0] [cxt 0] basic_tunnel.p4(146) Condition "hdr.ipv4.isValid()" (node_2) is false
[16:14:45.919] [bmv2] [D] [thread 29299] [11.0] [cxt 0] Pipeline 'ingress': end
[16:14:45.919] [bmv2] [D] [thread 29299] [11.0] [cxt 0] Egress port is 0
[16:14:45.919] [bmv2] [D] [thread 29300] [11.0] [cxt 0] Pipeline 'egress': start
[16:14:45.919] [bmv2] [D] [thread 29300] [11.0] [cxt 0] Pipeline 'egress': end
[16:14:45.919] [bmv2] [D] [thread 29300] [11.0] [cxt 0] Deparser 'deparser': start
[16:14:45.919] [bmv2] [T] [thread 29300] [11.0] [cxt 0] Skipping checksum 'cksum' update because condition not met
[16:14:45.919] [bmv2] [D] [thread 29300] [11.0] [cxt 0] Deparsing header 'ethernet'
[16:14:45.919] [bmv2] [D] [thread 29300] [11.0] [cxt 0] Deparser 'deparser': end
[16:14:45.919] [bmv2] [D] [thread 29304] [11.0] [cxt 0] Transmitting packet of size 90 out of port 0
[16:14:46.112] [bmv2] [D] [thread 29299] [12.0] [cxt 0] Processing packet received on port 2
[16:14:46.112] [bmv2] [D] [thread 29299] [12.0] [cxt 0] Parser 'parser': start
[16:14:46.112] [bmv2] [D] [thread 29299] [12.0] [cxt 0] Parser 'parser' entering state 'start'
[16:14:46.112] [bmv2] [D] [thread 29299] [12.0] [cxt 0] Extracting header 'ethernet'
[16:14:46.112] [bmv2] [D] [thread 29299] [12.0] [cxt 0] Parser state 'start': key is 86dd
[16:14:46.112] [bmv2] [T] [thread 29299] [12.0] [cxt 0] Bytes parsed: 14
[16:14:46.112] [bmv2] [D] [thread 29299] [12.0] [cxt 0] Parser 'parser': end
[16:14:46.112] [bmv2] [D] [thread 29299] [12.0] [cxt 0] Pipeline 'ingress': start
[16:14:46.112] [bmv2] [T] [thread 29299] [12.0] [cxt 0] basic_tunnel.p4(146) Condition "hdr.ipv4.isValid()" (node_2) is false
[16:14:46.112] [bmv2] [D] [thread 29299] [12.0] [cxt 0] Pipeline 'ingress': end
[16:14:46.112] [bmv2] [D] [thread 29299] [12.0] [cxt 0] Egress port is 0
[16:14:46.112] [bmv2] [D] [thread 29299] [13.0] [cxt 0] Processing packet received on port 2
[16:14:46.112] [bmv2] [D] [thread 29299] [13.0] [cxt 0] Parser 'parser': start
[16:14:46.112] [bmv2] [D] [thread 29299] [13.0] [cxt 0] Parser 'parser' entering state 'start'
[16:14:46.112] [bmv2] [D] [thread 29299] [13.0] [cxt 0] Extracting header 'ethernet'
[16:14:46.112] [bmv2] [D] [thread 29299] [13.0] [cxt 0] Parser state 'start': key is 86dd
[16:14:46.112] [bmv2] [T] [thread 29299] [13.0] [cxt 0] Bytes parsed: 14
[16:14:46.112] [bmv2] [D] [thread 29299] [13.0] [cxt 0] Parser 'parser': end
[16:14:46.112] [bmv2] [D] [thread 29299] [13.0] [cxt 0] Pipeline 'ingress': start
[16:14:46.112] [bmv2] [T] [thread 29299] [13.0] [cxt 0] basic_tunnel.p4(146) Condition "hdr.ipv4.isValid()" (node_2) is false
[16:14:46.112] [bmv2] [D] [thread 29299] [13.0] [cxt 0] Pipeline 'ingress': end
[16:14:46.112] [bmv2] [D] [thread 29299] [13.0] [cxt 0] Egress port is 0
[16:14:46.112] [bmv2] [D] [thread 29300] [12.0] [cxt 0] Pipeline 'egress': start
[16:14:46.112] [bmv2] [D] [thread 29300] [12.0] [cxt 0] Pipeline 'egress': end
[16:14:46.112] [bmv2] [D] [thread 29300] [12.0] [cxt 0] Deparser 'deparser': start
[16:14:46.112] [bmv2] [T] [thread 29300] [12.0] [cxt 0] Skipping checksum 'cksum' update because condition not met
[16:14:46.112] [bmv2] [D] [thread 29300] [12.0] [cxt 0] Deparsing header 'ethernet'
[16:14:46.112] [bmv2] [D] [thread 29300] [12.0] [cxt 0] Deparser 'deparser': end
[16:14:46.112] [bmv2] [D] [thread 29300] [13.0] [cxt 0] Pipeline 'egress': start
[16:14:46.112] [bmv2] [D] [thread 29300] [13.0] [cxt 0] Pipeline 'egress': end
[16:14:46.112] [bmv2] [D] [thread 29300] [13.0] [cxt 0] Deparser 'deparser': start
[16:14:46.112] [bmv2] [T] [thread 29300] [13.0] [cxt 0] Skipping checksum 'cksum' update because condition not met
[16:14:46.112] [bmv2] [D] [thread 29300] [13.0] [cxt 0] Deparsing header 'ethernet'
[16:14:46.112] [bmv2] [D] [thread 29300] [13.0] [cxt 0] Deparser 'deparser': end
[16:14:46.112] [bmv2] [D] [thread 29304] [12.0] [cxt 0] Transmitting packet of size 90 out of port 0
[16:14:46.112] [bmv2] [D] [thread 29304] [13.0] [cxt 0] Transmitting packet of size 70 out of port 0
[16:14:46.147] [bmv2] [D] [thread 29299] [14.0] [cxt 0] Processing packet received on port 3
[16:14:46.147] [bmv2] [D] [thread 29299] [14.0] [cxt 0] Parser 'parser': start
[16:14:46.147] [bmv2] [D] [thread 29299] [14.0] [cxt 0] Parser 'parser' entering state 'start'
[16:14:46.147] [bmv2] [D] [thread 29299] [14.0] [cxt 0] Extracting header 'ethernet'
[16:14:46.147] [bmv2] [D] [thread 29299] [14.0] [cxt 0] Parser state 'start': key is 86dd
[16:14:46.147] [bmv2] [T] [thread 29299] [14.0] [cxt 0] Bytes parsed: 14
[16:14:46.147] [bmv2] [D] [thread 29299] [14.0] [cxt 0] Parser 'parser': end
[16:14:46.147] [bmv2] [D] [thread 29299] [14.0] [cxt 0] Pipeline 'ingress': start
[16:14:46.147] [bmv2] [T] [thread 29299] [14.0] [cxt 0] basic_tunnel.p4(146) Condition "hdr.ipv4.isValid()" (node_2) is false
[16:14:46.147] [bmv2] [D] [thread 29299] [14.0] [cxt 0] Pipeline 'ingress': end
[16:14:46.147] [bmv2] [D] [thread 29299] [14.0] [cxt 0] Egress port is 0
[16:14:46.147] [bmv2] [D] [thread 29299] [15.0] [cxt 0] Processing packet received on port 3
[16:14:46.147] [bmv2] [D] [thread 29299] [15.0] [cxt 0] Parser 'parser': start
[16:14:46.148] [bmv2] [D] [thread 29300] [14.0] [cxt 0] Pipeline 'egress': start
[16:14:46.148] [bmv2] [D] [thread 29300] [14.0] [cxt 0] Pipeline 'egress': end
[16:14:46.148] [bmv2] [D] [thread 29300] [14.0] [cxt 0] Deparser 'deparser': start
[16:14:46.148] [bmv2] [T] [thread 29300] [14.0] [cxt 0] Skipping checksum 'cksum' update because condition not met
[16:14:46.148] [bmv2] [D] [thread 29300] [14.0] [cxt 0] Deparsing header 'ethernet'
[16:14:46.148] [bmv2] [D] [thread 29300] [14.0] [cxt 0] Deparser 'deparser': end
[16:14:46.148] [bmv2] [D] [thread 29304] [14.0] [cxt 0] Transmitting packet of size 90 out of port 0
[16:14:46.149] [bmv2] [D] [thread 29299] [15.0] [cxt 0] Parser 'parser' entering state 'start'
[16:14:46.149] [bmv2] [D] [thread 29299] [15.0] [cxt 0] Extracting header 'ethernet'
[16:14:46.149] [bmv2] [D] [thread 29299] [15.0] [cxt 0] Parser state 'start': key is 86dd
[16:14:46.149] [bmv2] [T] [thread 29299] [15.0] [cxt 0] Bytes parsed: 14
[16:14:46.149] [bmv2] [D] [thread 29299] [15.0] [cxt 0] Parser 'parser': end
[16:14:46.149] [bmv2] [D] [thread 29299] [15.0] [cxt 0] Pipeline 'ingress': start
[16:14:46.149] [bmv2] [T] [thread 29299] [15.0] [cxt 0] basic_tunnel.p4(146) Condition "hdr.ipv4.isValid()" (node_2) is false
[16:14:46.149] [bmv2] [D] [thread 29299] [15.0] [cxt 0] Pipeline 'ingress': end
[16:14:46.149] [bmv2] [D] [thread 29299] [15.0] [cxt 0] Egress port is 0
[16:14:46.149] [bmv2] [D] [thread 29300] [15.0] [cxt 0] Pipeline 'egress': start
[16:14:46.149] [bmv2] [D] [thread 29300] [15.0] [cxt 0] Pipeline 'egress': end
[16:14:46.149] [bmv2] [D] [thread 29300] [15.0] [cxt 0] Deparser 'deparser': start
[16:14:46.149] [bmv2] [T] [thread 29300] [15.0] [cxt 0] Skipping checksum 'cksum' update because condition not met
[16:14:46.149] [bmv2] [D] [thread 29300] [15.0] [cxt 0] Deparsing header 'ethernet'
[16:14:46.149] [bmv2] [D] [thread 29300] [15.0] [cxt 0] Deparser 'deparser': end
[16:14:46.149] [bmv2] [D] [thread 29304] [15.0] [cxt 0] Transmitting packet of size 70 out of port 0
[16:14:46.166] [bmv2] [D] [thread 29299] [16.0] [cxt 0] Processing packet received on port 3
[16:14:46.166] [bmv2] [D] [thread 29299] [16.0] [cxt 0] Parser 'parser': start
[16:14:46.166] [bmv2] [D] [thread 29299] [16.0] [cxt 0] Parser 'parser' entering state 'start'
[16:14:46.166] [bmv2] [D] [thread 29299] [16.0] [cxt 0] Extracting header 'ethernet'
[16:14:46.166] [bmv2] [D] [thread 29299] [16.0] [cxt 0] Parser state 'start': key is 86dd
[16:14:46.166] [bmv2] [T] [thread 29299] [16.0] [cxt 0] Bytes parsed: 14
[16:14:46.166] [bmv2] [D] [thread 29299] [16.0] [cxt 0] Parser 'parser': end
[16:14:46.166] [bmv2] [D] [thread 29299] [16.0] [cxt 0] Pipeline 'ingress': start
[16:14:46.166] [bmv2] [T] [thread 29299] [16.0] [cxt 0] basic_tunnel.p4(146) Condition "hdr.ipv4.isValid()" (node_2) is false
[16:14:46.166] [bmv2] [D] [thread 29299] [16.0] [cxt 0] Pipeline 'ingress': end
[16:14:46.166] [bmv2] [D] [thread 29299] [16.0] [cxt 0] Egress port is 0
[16:14:46.166] [bmv2] [D] [thread 29300] [16.0] [cxt 0] Pipeline 'egress': start
[16:14:46.166] [bmv2] [D] [thread 29300] [16.0] [cxt 0] Pipeline 'egress': end
[16:14:46.166] [bmv2] [D] [thread 29300] [16.0] [cxt 0] Deparser 'deparser': start
[16:14:46.166] [bmv2] [T] [thread 29300] [16.0] [cxt 0] Skipping checksum 'cksum' update because condition not met
[16:14:46.166] [bmv2] [D] [thread 29300] [16.0] [cxt 0] Deparsing header 'ethernet'
[16:14:46.166] [bmv2] [D] [thread 29300] [16.0] [cxt 0] Deparser 'deparser': end
[16:14:46.167] [bmv2] [D] [thread 29304] [16.0] [cxt 0] Transmitting packet of size 90 out of port 0
[16:14:46.359] [bmv2] [D] [thread 29299] [17.0] [cxt 0] Processing packet received on port 2
[16:14:46.359] [bmv2] [D] [thread 29299] [17.0] [cxt 0] Parser 'parser': start
[16:14:46.359] [bmv2] [D] [thread 29299] [17.0] [cxt 0] Parser 'parser' entering state 'start'
[16:14:46.359] [bmv2] [D] [thread 29299] [17.0] [cxt 0] Extracting header 'ethernet'
[16:14:46.359] [bmv2] [D] [thread 29299] [17.0] [cxt 0] Parser state 'start': key is 86dd
[16:14:46.359] [bmv2] [T] [thread 29299] [17.0] [cxt 0] Bytes parsed: 14
[16:14:46.359] [bmv2] [D] [thread 29299] [17.0] [cxt 0] Parser 'parser': end
[16:14:46.359] [bmv2] [D] [thread 29299] [17.0] [cxt 0] Pipeline 'ingress': start
[16:14:46.359] [bmv2] [T] [thread 29299] [17.0] [cxt 0] basic_tunnel.p4(146) Condition "hdr.ipv4.isValid()" (node_2) is false
[16:14:46.359] [bmv2] [D] [thread 29299] [17.0] [cxt 0] Pipeline 'ingress': end
[16:14:46.359] [bmv2] [D] [thread 29299] [17.0] [cxt 0] Egress port is 0
[16:14:46.359] [bmv2] [D] [thread 29300] [17.0] [cxt 0] Pipeline 'egress': start
[16:14:46.359] [bmv2] [D] [thread 29300] [17.0] [cxt 0] Pipeline 'egress': end
[16:14:46.359] [bmv2] [D] [thread 29300] [17.0] [cxt 0] Deparser 'deparser': start
[16:14:46.359] [bmv2] [T] [thread 29300] [17.0] [cxt 0] Skipping checksum 'cksum' update because condition not met
[16:14:46.359] [bmv2] [D] [thread 29300] [17.0] [cxt 0] Deparsing header 'ethernet'
[16:14:46.359] [bmv2] [D] [thread 29300] [17.0] [cxt 0] Deparser 'deparser': end
[16:14:46.359] [bmv2] [D] [thread 29304] [17.0] [cxt 0] Transmitting packet of size 90 out of port 0
[16:14:46.367] [bmv2] [D] [thread 29299] [18.0] [cxt 0] Processing packet received on port 3
[16:14:46.367] [bmv2] [D] [thread 29299] [18.0] [cxt 0] Parser 'parser': start
[16:14:46.367] [bmv2] [D] [thread 29299] [18.0] [cxt 0] Parser 'parser' entering state 'start'
[16:14:46.367] [bmv2] [D] [thread 29299] [18.0] [cxt 0] Extracting header 'ethernet'
[16:14:46.367] [bmv2] [D] [thread 29299] [18.0] [cxt 0] Parser state 'start': key is 86dd
[16:14:46.367] [bmv2] [T] [thread 29299] [18.0] [cxt 0] Bytes parsed: 14
[16:14:46.367] [bmv2] [D] [thread 29299] [18.0] [cxt 0] Parser 'parser': end
[16:14:46.367] [bmv2] [D] [thread 29299] [18.0] [cxt 0] Pipeline 'ingress': start
[16:14:46.367] [bmv2] [T] [thread 29299] [18.0] [cxt 0] basic_tunnel.p4(146) Condition "hdr.ipv4.isValid()" (node_2) is false
[16:14:46.367] [bmv2] [D] [thread 29299] [18.0] [cxt 0] Pipeline 'ingress': end
[16:14:46.367] [bmv2] [D] [thread 29299] [18.0] [cxt 0] Egress port is 0
[16:14:46.367] [bmv2] [D] [thread 29299] [19.0] [cxt 0] Processing packet received on port 3
[16:14:46.367] [bmv2] [D] [thread 29299] [19.0] [cxt 0] Parser 'parser': start
[16:14:46.367] [bmv2] [D] [thread 29299] [19.0] [cxt 0] Parser 'parser' entering state 'start'
[16:14:46.367] [bmv2] [D] [thread 29299] [19.0] [cxt 0] Extracting header 'ethernet'
[16:14:46.367] [bmv2] [D] [thread 29299] [19.0] [cxt 0] Parser state 'start': key is 86dd
[16:14:46.367] [bmv2] [T] [thread 29299] [19.0] [cxt 0] Bytes parsed: 14
[16:14:46.367] [bmv2] [D] [thread 29299] [19.0] [cxt 0] Parser 'parser': end
[16:14:46.367] [bmv2] [D] [thread 29299] [19.0] [cxt 0] Pipeline 'ingress': start
[16:14:46.367] [bmv2] [T] [thread 29299] [19.0] [cxt 0] basic_tunnel.p4(146) Condition "hdr.ipv4.isValid()" (node_2) is false
[16:14:46.367] [bmv2] [D] [thread 29299] [19.0] [cxt 0] Pipeline 'ingress': end
[16:14:46.367] [bmv2] [D] [thread 29299] [19.0] [cxt 0] Egress port is 0
[16:14:46.367] [bmv2] [D] [thread 29300] [18.0] [cxt 0] Pipeline 'egress': start
[16:14:46.367] [bmv2] [D] [thread 29300] [18.0] [cxt 0] Pipeline 'egress': end
[16:14:46.367] [bmv2] [D] [thread 29300] [18.0] [cxt 0] Deparser 'deparser': start
[16:14:46.367] [bmv2] [T] [thread 29300] [18.0] [cxt 0] Skipping checksum 'cksum' update because condition not met
[16:14:46.367] [bmv2] [D] [thread 29300] [18.0] [cxt 0] Deparsing header 'ethernet'
[16:14:46.367] [bmv2] [D] [thread 29300] [18.0] [cxt 0] Deparser 'deparser': end
[16:14:46.367] [bmv2] [D] [thread 29300] [19.0] [cxt 0] Pipeline 'egress': start
[16:14:46.367] [bmv2] [D] [thread 29300] [19.0] [cxt 0] Pipeline 'egress': end
[16:14:46.367] [bmv2] [D] [thread 29300] [19.0] [cxt 0] Deparser 'deparser': start
[16:14:46.367] [bmv2] [T] [thread 29300] [19.0] [cxt 0] Skipping checksum 'cksum' update because condition not met
[16:14:46.367] [bmv2] [D] [thread 29300] [19.0] [cxt 0] Deparsing header 'ethernet'
[16:14:46.367] [bmv2] [D] [thread 29300] [19.0] [cxt 0] Deparser 'deparser': end
[16:14:46.368] [bmv2] [D] [thread 29304] [18.0] [cxt 0] Transmitting packet of size 90 out of port 0
[16:14:46.368] [bmv2] [D] [thread 29304] [19.0] [cxt 0] Transmitting packet of size 70 out of port 0
[16:14:46.606] [bmv2] [D] [thread 29299] [20.0] [cxt 0] Processing packet received on port 2
[16:14:46.606] [bmv2] [D] [thread 29299] [20.0] [cxt 0] Parser 'parser': start
[16:14:46.606] [bmv2] [D] [thread 29299] [20.0] [cxt 0] Parser 'parser' entering state 'start'
[16:14:46.606] [bmv2] [D] [thread 29299] [20.0] [cxt 0] Extracting header 'ethernet'
[16:14:46.606] [bmv2] [D] [thread 29299] [20.0] [cxt 0] Parser state 'start': key is 86dd
[16:14:46.606] [bmv2] [T] [thread 29299] [20.0] [cxt 0] Bytes parsed: 14
[16:14:46.606] [bmv2] [D] [thread 29299] [20.0] [cxt 0] Parser 'parser': end
[16:14:46.606] [bmv2] [D] [thread 29299] [20.0] [cxt 0] Pipeline 'ingress': start
[16:14:46.606] [bmv2] [T] [thread 29299] [20.0] [cxt 0] basic_tunnel.p4(146) Condition "hdr.ipv4.isValid()" (node_2) is false
[16:14:46.606] [bmv2] [D] [thread 29299] [20.0] [cxt 0] Pipeline 'ingress': end
[16:14:46.606] [bmv2] [D] [thread 29299] [20.0] [cxt 0] Egress port is 0
[16:14:46.606] [bmv2] [D] [thread 29299] [21.0] [cxt 0] Processing packet received on port 2
[16:14:46.606] [bmv2] [D] [thread 29299] [21.0] [cxt 0] Parser 'parser': start
[16:14:46.606] [bmv2] [D] [thread 29299] [21.0] [cxt 0] Parser 'parser' entering state 'start'
[16:14:46.606] [bmv2] [D] [thread 29299] [21.0] [cxt 0] Extracting header 'ethernet'
[16:14:46.606] [bmv2] [D] [thread 29299] [21.0] [cxt 0] Parser state 'start': key is 86dd
[16:14:46.606] [bmv2] [T] [thread 29299] [21.0] [cxt 0] Bytes parsed: 14
[16:14:46.606] [bmv2] [D] [thread 29299] [21.0] [cxt 0] Parser 'parser': end
[16:14:46.606] [bmv2] [D] [thread 29299] [21.0] [cxt 0] Pipeline 'ingress': start
[16:14:46.606] [bmv2] [T] [thread 29299] [21.0] [cxt 0] basic_tunnel.p4(146) Condition "hdr.ipv4.isValid()" (node_2) is false
[16:14:46.606] [bmv2] [D] [thread 29299] [21.0] [cxt 0] Pipeline 'ingress': end
[16:14:46.606] [bmv2] [D] [thread 29299] [21.0] [cxt 0] Egress port is 0
[16:14:46.606] [bmv2] [D] [thread 29300] [20.0] [cxt 0] Pipeline 'egress': start
[16:14:46.606] [bmv2] [D] [thread 29300] [20.0] [cxt 0] Pipeline 'egress': end
[16:14:46.606] [bmv2] [D] [thread 29300] [20.0] [cxt 0] Deparser 'deparser': start
[16:14:46.606] [bmv2] [T] [thread 29300] [20.0] [cxt 0] Skipping checksum 'cksum' update because condition not met
[16:14:46.606] [bmv2] [D] [thread 29300] [20.0] [cxt 0] Deparsing header 'ethernet'
[16:14:46.606] [bmv2] [D] [thread 29300] [20.0] [cxt 0] Deparser 'deparser': end
[16:14:46.606] [bmv2] [D] [thread 29300] [21.0] [cxt 0] Pipeline 'egress': start
[16:14:46.606] [bmv2] [D] [thread 29300] [21.0] [cxt 0] Pipeline 'egress': end
[16:14:46.606] [bmv2] [D] [thread 29300] [21.0] [cxt 0] Deparser 'deparser': start
[16:14:46.606] [bmv2] [T] [thread 29300] [21.0] [cxt 0] Skipping checksum 'cksum' update because condition not met
[16:14:46.606] [bmv2] [D] [thread 29300] [21.0] [cxt 0] Deparsing header 'ethernet'
[16:14:46.606] [bmv2] [D] [thread 29300] [21.0] [cxt 0] Deparser 'deparser': end
[16:14:46.606] [bmv2] [D] [thread 29304] [20.0] [cxt 0] Transmitting packet of size 90 out of port 0
[16:14:46.606] [bmv2] [D] [thread 29304] [21.0] [cxt 0] Transmitting packet of size 70 out of port 0
[16:14:46.755] [bmv2] [D] [thread 29299] [22.0] [cxt 0] Processing packet received on port 2
[16:14:46.755] [bmv2] [D] [thread 29299] [22.0] [cxt 0] Parser 'parser': start
[16:14:46.755] [bmv2] [D] [thread 29299] [22.0] [cxt 0] Parser 'parser' entering state 'start'
[16:14:46.755] [bmv2] [D] [thread 29299] [22.0] [cxt 0] Extracting header 'ethernet'
[16:14:46.755] [bmv2] [D] [thread 29299] [22.0] [cxt 0] Parser state 'start': key is 86dd
[16:14:46.755] [bmv2] [T] [thread 29299] [22.0] [cxt 0] Bytes parsed: 14
[16:14:46.755] [bmv2] [D] [thread 29299] [22.0] [cxt 0] Parser 'parser': end
[16:14:46.755] [bmv2] [D] [thread 29299] [22.0] [cxt 0] Pipeline 'ingress': start
[16:14:46.755] [bmv2] [T] [thread 29299] [22.0] [cxt 0] basic_tunnel.p4(146) Condition "hdr.ipv4.isValid()" (node_2) is false
[16:14:46.755] [bmv2] [D] [thread 29299] [22.0] [cxt 0] Pipeline 'ingress': end
[16:14:46.755] [bmv2] [D] [thread 29299] [22.0] [cxt 0] Egress port is 0
[16:14:46.755] [bmv2] [D] [thread 29300] [22.0] [cxt 0] Pipeline 'egress': start
[16:14:46.755] [bmv2] [D] [thread 29300] [22.0] [cxt 0] Pipeline 'egress': end
[16:14:46.755] [bmv2] [D] [thread 29300] [22.0] [cxt 0] Deparser 'deparser': start
[16:14:46.755] [bmv2] [T] [thread 29300] [22.0] [cxt 0] Skipping checksum 'cksum' update because condition not met
[16:14:46.755] [bmv2] [D] [thread 29300] [22.0] [cxt 0] Deparsing header 'ethernet'
[16:14:46.755] [bmv2] [D] [thread 29300] [22.0] [cxt 0] Deparser 'deparser': end
[16:14:46.755] [bmv2] [D] [thread 29304] [22.0] [cxt 0] Transmitting packet of size 90 out of port 0
[16:14:46.959] [bmv2] [D] [thread 29299] [23.0] [cxt 0] Processing packet received on port 3
[16:14:46.959] [bmv2] [D] [thread 29299] [23.0] [cxt 0] Parser 'parser': start
[16:14:46.959] [bmv2] [D] [thread 29299] [23.0] [cxt 0] Parser 'parser' entering state 'start'
[16:14:46.959] [bmv2] [D] [thread 29299] [23.0] [cxt 0] Extracting header 'ethernet'
[16:14:46.959] [bmv2] [D] [thread 29299] [23.0] [cxt 0] Parser state 'start': key is 86dd
[16:14:46.959] [bmv2] [T] [thread 29299] [23.0] [cxt 0] Bytes parsed: 14
[16:14:46.959] [bmv2] [D] [thread 29299] [23.0] [cxt 0] Parser 'parser': end
[16:14:46.959] [bmv2] [D] [thread 29299] [23.0] [cxt 0] Pipeline 'ingress': start
[16:14:46.959] [bmv2] [T] [thread 29299] [23.0] [cxt 0] basic_tunnel.p4(146) Condition "hdr.ipv4.isValid()" (node_2) is false
[16:14:46.959] [bmv2] [D] [thread 29299] [23.0] [cxt 0] Pipeline 'ingress': end
[16:14:46.959] [bmv2] [D] [thread 29299] [23.0] [cxt 0] Egress port is 0
[16:14:46.959] [bmv2] [D] [thread 29300] [23.0] [cxt 0] Pipeline 'egress': start
[16:14:46.959] [bmv2] [D] [thread 29300] [23.0] [cxt 0] Pipeline 'egress': end
[16:14:46.959] [bmv2] [D] [thread 29300] [23.0] [cxt 0] Deparser 'deparser': start
[16:14:46.959] [bmv2] [T] [thread 29300] [23.0] [cxt 0] Skipping checksum 'cksum' update because condition not met
[16:14:46.959] [bmv2] [D] [thread 29300] [23.0] [cxt 0] Deparsing header 'ethernet'
[16:14:46.959] [bmv2] [D] [thread 29300] [23.0] [cxt 0] Deparser 'deparser': end
[16:14:46.959] [bmv2] [D] [thread 29304] [23.0] [cxt 0] Transmitting packet of size 90 out of port 0
New connection
P4Runtime SetForwardingPipelineConfig
[16:14:47.511] [bmv2] [W] [thread 29365] [P4Runtime] p4::tmp::P4DeviceConfig is deprecated
[16:14:47.512] [bmv2] [D] [thread 29365] Set default default entry for table 'MyIngress.toController': MyIngress.drop - 
[16:14:47.512] [bmv2] [D] [thread 29365] Set default default entry for table 'tbl_drop': MyIngress.drop - 
[16:14:47.512] [bmv2] [D] [thread 29365] Set default default entry for table 'MyIngress.ipv4_lpm': MyIngress.drop - 
P4Runtime Write
election_id {
  low: 1
}
updates {
  type: INSERT
  entity {
    table_entry {
      table_id: 33574068
      match {
        field_id: 1
        lpm {
          value: "\n\000\001\001"
          prefix_len: 32
        }
      }
      action {
        action {
          action_id: 16799317
          params {
            param_id: 1
            value: "\010\000\000\000\001\021"
          }
          params {
            param_id: 2
            value: "\000\001"
          }
        }
      }
    }
  }
}
[16:14:47.515] [bmv2] [D] [thread 29368] Entry 0 added to table 'MyIngress.ipv4_lpm'
[16:14:47.515] [bmv2] [D] [thread 29368] Dumping entry 0
Match key:
* hdr.ipv4.dstAddr    : LPM       0a000101/32
Action entry: MyIngress.ipv4_forward - 80000000111,1,

P4Runtime Write
election_id {
  low: 1
}
updates {
  type: INSERT
  entity {
    table_entry {
      table_id: 33574068
      match {
        field_id: 1
        lpm {
          value: "\n\000\002\002"
          prefix_len: 32
        }
      }
      action {
        action {
          action_id: 16799317
          params {
            param_id: 1
            value: "\010\000\000\000\002\000"
          }
          params {
            param_id: 2
            value: "\000\002"
          }
        }
      }
    }
  }
}
[16:14:47.516] [bmv2] [D] [thread 29368] Entry 1 added to table 'MyIngress.ipv4_lpm'
[16:14:47.516] [bmv2] [D] [thread 29368] Dumping entry 1
Match key:
* hdr.ipv4.dstAddr    : LPM       0a000202/32
Action entry: MyIngress.ipv4_forward - 80000000200,2,

P4Runtime Write
election_id {
  low: 1
}
updates {
  type: INSERT
  entity {
    table_entry {
      table_id: 33574068
      match {
        field_id: 1
        lpm {
          value: "\n\000\003\003"
          prefix_len: 32
        }
      }
      action {
        action {
          action_id: 16799317
          params {
            param_id: 1
            value: "\010\000\000\000\003\000"
          }
          params {
            param_id: 2
            value: "\000\003"
          }
        }
      }
    }
  }
}
[16:14:47.516] [bmv2] [D] [thread 29368] Entry 2 added to table 'MyIngress.ipv4_lpm'
[16:14:47.516] [bmv2] [D] [thread 29368] Dumping entry 2
Match key:
* hdr.ipv4.dstAddr    : LPM       0a000303/32
Action entry: MyIngress.ipv4_forward - 80000000300,3,

