Calling target program-options parser
[16:14:45.425] [bmv2] [D] [thread 29306] Set default default entry for table 'MyIngress.toController': MyIngress.drop - 
[16:14:45.425] [bmv2] [D] [thread 29306] Set default default entry for table 'tbl_drop': MyIngress.drop - 
[16:14:45.425] [bmv2] [D] [thread 29306] Set default default entry for table 'MyIngress.ipv4_lpm': MyIngress.drop - 
Adding interface s2-eth1 as port 1
[16:14:45.425] [bmv2] [D] [thread 29306] Adding interface s2-eth1 as port 1
Adding interface s2-eth2 as port 2
[16:14:45.447] [bmv2] [D] [thread 29306] Adding interface s2-eth2 as port 2
Adding interface s2-eth3 as port 3
[16:14:45.470] [bmv2] [D] [thread 29306] Adding interface s2-eth3 as port 3
I0208 16:14:45.498834662   29306 server_builder.cc:247]      Synchronous server. Num CQs: 1, Min pollers: 1, Max Pollers: 2147483647, CQ timeout (msec): 1000
Server listening on 0.0.0.0:50052
[16:14:45.500] [bmv2] [I] [thread 29306] Starting Thrift server on port 9091
[16:14:45.500] [bmv2] [I] [thread 29306] Thrift server was started
[16:14:45.504] [bmv2] [D] [thread 29313] [0.0] [cxt 0] Processing packet received on port 1
[16:14:45.504] [bmv2] [D] [thread 29313] [0.0] [cxt 0] Parser 'parser': start
[16:14:45.504] [bmv2] [D] [thread 29313] [0.0] [cxt 0] Parser 'parser' entering state 'start'
[16:14:45.504] [bmv2] [D] [thread 29313] [0.0] [cxt 0] Extracting header 'ethernet'
[16:14:45.504] [bmv2] [D] [thread 29313] [0.0] [cxt 0] Parser state 'start': key is 86dd
[16:14:45.504] [bmv2] [T] [thread 29313] [0.0] [cxt 0] Bytes parsed: 14
[16:14:45.504] [bmv2] [D] [thread 29313] [0.0] [cxt 0] Parser 'parser': end
[16:14:45.504] [bmv2] [D] [thread 29313] [0.0] [cxt 0] Pipeline 'ingress': start
[16:14:45.504] [bmv2] [T] [thread 29313] [0.0] [cxt 0] basic_tunnel.p4(146) Condition "hdr.ipv4.isValid()" (node_2) is false
[16:14:45.504] [bmv2] [D] [thread 29313] [0.0] [cxt 0] Pipeline 'ingress': end
[16:14:45.504] [bmv2] [D] [thread 29313] [0.0] [cxt 0] Egress port is 0
[16:14:45.504] [bmv2] [D] [thread 29314] [0.0] [cxt 0] Pipeline 'egress': start
[16:14:45.504] [bmv2] [D] [thread 29314] [0.0] [cxt 0] Pipeline 'egress': end
[16:14:45.504] [bmv2] [D] [thread 29314] [0.0] [cxt 0] Deparser 'deparser': start
[16:14:45.504] [bmv2] [T] [thread 29314] [0.0] [cxt 0] Skipping checksum 'cksum' update because condition not met
[16:14:45.504] [bmv2] [D] [thread 29314] [0.0] [cxt 0] Deparsing header 'ethernet'
[16:14:45.504] [bmv2] [D] [thread 29314] [0.0] [cxt 0] Deparser 'deparser': end
[16:14:45.504] [bmv2] [D] [thread 29318] [0.0] [cxt 0] Transmitting packet of size 90 out of port 0
[16:14:45.530] [bmv2] [D] [thread 29313] [1.0] [cxt 0] Processing packet received on port 3
[16:14:45.530] [bmv2] [D] [thread 29313] [1.0] [cxt 0] Parser 'parser': start
[16:14:45.530] [bmv2] [D] [thread 29313] [1.0] [cxt 0] Parser 'parser' entering state 'start'
[16:14:45.530] [bmv2] [D] [thread 29313] [1.0] [cxt 0] Extracting header 'ethernet'
[16:14:45.530] [bmv2] [D] [thread 29313] [1.0] [cxt 0] Parser state 'start': key is 86dd
[16:14:45.530] [bmv2] [T] [thread 29313] [1.0] [cxt 0] Bytes parsed: 14
[16:14:45.530] [bmv2] [D] [thread 29313] [1.0] [cxt 0] Parser 'parser': end
[16:14:45.530] [bmv2] [D] [thread 29313] [1.0] [cxt 0] Pipeline 'ingress': start
[16:14:45.530] [bmv2] [T] [thread 29313] [1.0] [cxt 0] basic_tunnel.p4(146) Condition "hdr.ipv4.isValid()" (node_2) is false
[16:14:45.530] [bmv2] [D] [thread 29313] [1.0] [cxt 0] Pipeline 'ingress': end
[16:14:45.530] [bmv2] [D] [thread 29313] [1.0] [cxt 0] Egress port is 0
[16:14:45.531] [bmv2] [D] [thread 29314] [1.0] [cxt 0] Pipeline 'egress': start
[16:14:45.531] [bmv2] [D] [thread 29314] [1.0] [cxt 0] Pipeline 'egress': end
[16:14:45.531] [bmv2] [D] [thread 29314] [1.0] [cxt 0] Deparser 'deparser': start
[16:14:45.531] [bmv2] [T] [thread 29314] [1.0] [cxt 0] Skipping checksum 'cksum' update because condition not met
[16:14:45.531] [bmv2] [D] [thread 29314] [1.0] [cxt 0] Deparsing header 'ethernet'
[16:14:45.531] [bmv2] [D] [thread 29314] [1.0] [cxt 0] Deparser 'deparser': end
[16:14:45.531] [bmv2] [D] [thread 29318] [1.0] [cxt 0] Transmitting packet of size 78 out of port 0
[16:14:45.609] [bmv2] [D] [thread 29313] [2.0] [cxt 0] Processing packet received on port 2
[16:14:45.609] [bmv2] [D] [thread 29313] [2.0] [cxt 0] Parser 'parser': start
[16:14:45.609] [bmv2] [D] [thread 29313] [2.0] [cxt 0] Parser 'parser' entering state 'start'
[16:14:45.609] [bmv2] [D] [thread 29313] [2.0] [cxt 0] Extracting header 'ethernet'
[16:14:45.609] [bmv2] [D] [thread 29313] [2.0] [cxt 0] Parser state 'start': key is 86dd
[16:14:45.609] [bmv2] [T] [thread 29313] [2.0] [cxt 0] Bytes parsed: 14
[16:14:45.609] [bmv2] [D] [thread 29313] [2.0] [cxt 0] Parser 'parser': end
[16:14:45.609] [bmv2] [D] [thread 29313] [2.0] [cxt 0] Pipeline 'ingress': start
[16:14:45.609] [bmv2] [T] [thread 29313] [2.0] [cxt 0] basic_tunnel.p4(146) Condition "hdr.ipv4.isValid()" (node_2) is false
[16:14:45.609] [bmv2] [D] [thread 29313] [2.0] [cxt 0] Pipeline 'ingress': end
[16:14:45.609] [bmv2] [D] [thread 29313] [2.0] [cxt 0] Egress port is 0
[16:14:45.609] [bmv2] [D] [thread 29314] [2.0] [cxt 0] Pipeline 'egress': start
[16:14:45.609] [bmv2] [D] [thread 29314] [2.0] [cxt 0] Pipeline 'egress': end
[16:14:45.609] [bmv2] [D] [thread 29314] [2.0] [cxt 0] Deparser 'deparser': start
[16:14:45.609] [bmv2] [T] [thread 29314] [2.0] [cxt 0] Skipping checksum 'cksum' update because condition not met
[16:14:45.609] [bmv2] [D] [thread 29314] [2.0] [cxt 0] Deparsing header 'ethernet'
[16:14:45.609] [bmv2] [D] [thread 29314] [2.0] [cxt 0] Deparser 'deparser': end
[16:14:45.609] [bmv2] [D] [thread 29318] [2.0] [cxt 0] Transmitting packet of size 78 out of port 0
[16:14:45.691] [bmv2] [D] [thread 29313] [3.0] [cxt 0] Processing packet received on port 2
[16:14:45.691] [bmv2] [D] [thread 29313] [3.0] [cxt 0] Parser 'parser': start
[16:14:45.691] [bmv2] [D] [thread 29313] [3.0] [cxt 0] Parser 'parser' entering state 'start'
[16:14:45.691] [bmv2] [D] [thread 29313] [3.0] [cxt 0] Extracting header 'ethernet'
[16:14:45.691] [bmv2] [D] [thread 29313] [3.0] [cxt 0] Parser state 'start': key is 86dd
[16:14:45.691] [bmv2] [T] [thread 29313] [3.0] [cxt 0] Bytes parsed: 14
[16:14:45.691] [bmv2] [D] [thread 29313] [3.0] [cxt 0] Parser 'parser': end
[16:14:45.691] [bmv2] [D] [thread 29313] [3.0] [cxt 0] Pipeline 'ingress': start
[16:14:45.691] [bmv2] [T] [thread 29313] [3.0] [cxt 0] basic_tunnel.p4(146) Condition "hdr.ipv4.isValid()" (node_2) is false
[16:14:45.691] [bmv2] [D] [thread 29313] [3.0] [cxt 0] Pipeline 'ingress': end
[16:14:45.691] [bmv2] [D] [thread 29313] [3.0] [cxt 0] Egress port is 0
[16:14:45.691] [bmv2] [D] [thread 29314] [3.0] [cxt 0] Pipeline 'egress': start
[16:14:45.691] [bmv2] [D] [thread 29314] [3.0] [cxt 0] Pipeline 'egress': end
[16:14:45.691] [bmv2] [D] [thread 29314] [3.0] [cxt 0] Deparser 'deparser': start
[16:14:45.691] [bmv2] [T] [thread 29314] [3.0] [cxt 0] Skipping checksum 'cksum' update because condition not met
[16:14:45.691] [bmv2] [D] [thread 29314] [3.0] [cxt 0] Deparsing header 'ethernet'
[16:14:45.691] [bmv2] [D] [thread 29314] [3.0] [cxt 0] Deparser 'deparser': end
[16:14:45.691] [bmv2] [D] [thread 29318] [3.0] [cxt 0] Transmitting packet of size 90 out of port 0
[16:14:45.720] [bmv2] [D] [thread 29313] [4.0] [cxt 0] Processing packet received on port 1
[16:14:45.720] [bmv2] [D] [thread 29313] [4.0] [cxt 0] Parser 'parser': start
[16:14:45.720] [bmv2] [D] [thread 29313] [4.0] [cxt 0] Parser 'parser' entering state 'start'
[16:14:45.720] [bmv2] [D] [thread 29313] [4.0] [cxt 0] Extracting header 'ethernet'
[16:14:45.720] [bmv2] [D] [thread 29313] [4.0] [cxt 0] Parser state 'start': key is 86dd
[16:14:45.720] [bmv2] [T] [thread 29313] [4.0] [cxt 0] Bytes parsed: 14
[16:14:45.720] [bmv2] [D] [thread 29313] [4.0] [cxt 0] Parser 'parser': end
[16:14:45.720] [bmv2] [D] [thread 29313] [4.0] [cxt 0] Pipeline 'ingress': start
[16:14:45.720] [bmv2] [T] [thread 29313] [4.0] [cxt 0] basic_tunnel.p4(146) Condition "hdr.ipv4.isValid()" (node_2) is false
[16:14:45.720] [bmv2] [D] [thread 29313] [4.0] [cxt 0] Pipeline 'ingress': end
[16:14:45.720] [bmv2] [D] [thread 29313] [4.0] [cxt 0] Egress port is 0
[16:14:45.720] [bmv2] [D] [thread 29313] [5.0] [cxt 0] Processing packet received on port 1
[16:14:45.720] [bmv2] [D] [thread 29313] [5.0] [cxt 0] Parser 'parser': start
[16:14:45.720] [bmv2] [D] [thread 29313] [5.0] [cxt 0] Parser 'parser' entering state 'start'
[16:14:45.720] [bmv2] [D] [thread 29313] [5.0] [cxt 0] Extracting header 'ethernet'
[16:14:45.720] [bmv2] [D] [thread 29313] [5.0] [cxt 0] Parser state 'start': key is 86dd
[16:14:45.720] [bmv2] [T] [thread 29313] [5.0] [cxt 0] Bytes parsed: 14
[16:14:45.720] [bmv2] [D] [thread 29313] [5.0] [cxt 0] Parser 'parser': end
[16:14:45.720] [bmv2] [D] [thread 29313] [5.0] [cxt 0] Pipeline 'ingress': start
[16:14:45.720] [bmv2] [T] [thread 29313] [5.0] [cxt 0] basic_tunnel.p4(146) Condition "hdr.ipv4.isValid()" (node_2) is false
[16:14:45.720] [bmv2] [D] [thread 29313] [5.0] [cxt 0] Pipeline 'ingress': end
[16:14:45.720] [bmv2] [D] [thread 29313] [5.0] [cxt 0] Egress port is 0
[16:14:45.720] [bmv2] [D] [thread 29314] [4.0] [cxt 0] Pipeline 'egress': start
[16:14:45.720] [bmv2] [D] [thread 29314] [4.0] [cxt 0] Pipeline 'egress': end
[16:14:45.720] [bmv2] [D] [thread 29314] [4.0] [cxt 0] Deparser 'deparser': start
[16:14:45.720] [bmv2] [T] [thread 29314] [4.0] [cxt 0] Skipping checksum 'cksum' update because condition not met
[16:14:45.720] [bmv2] [D] [thread 29314] [4.0] [cxt 0] Deparsing header 'ethernet'
[16:14:45.720] [bmv2] [D] [thread 29314] [4.0] [cxt 0] Deparser 'deparser': end
[16:14:45.720] [bmv2] [D] [thread 29318] [4.0] [cxt 0] Transmitting packet of size 90 out of port 0
[16:14:45.720] [bmv2] [D] [thread 29314] [5.0] [cxt 0] Pipeline 'egress': start
[16:14:45.720] [bmv2] [D] [thread 29314] [5.0] [cxt 0] Pipeline 'egress': end
[16:14:45.720] [bmv2] [D] [thread 29314] [5.0] [cxt 0] Deparser 'deparser': start
[16:14:45.720] [bmv2] [T] [thread 29314] [5.0] [cxt 0] Skipping checksum 'cksum' update because condition not met
[16:14:45.720] [bmv2] [D] [thread 29314] [5.0] [cxt 0] Deparsing header 'ethernet'
[16:14:45.720] [bmv2] [D] [thread 29314] [5.0] [cxt 0] Deparser 'deparser': end
[16:14:45.720] [bmv2] [D] [thread 29318] [5.0] [cxt 0] Transmitting packet of size 70 out of port 0
[16:14:46.111] [bmv2] [D] [thread 29313] [6.0] [cxt 0] Processing packet received on port 2
[16:14:46.111] [bmv2] [D] [thread 29313] [6.0] [cxt 0] Parser 'parser': start
[16:14:46.111] [bmv2] [D] [thread 29313] [6.0] [cxt 0] Parser 'parser' entering state 'start'
[16:14:46.111] [bmv2] [D] [thread 29313] [6.0] [cxt 0] Extracting header 'ethernet'
[16:14:46.111] [bmv2] [D] [thread 29313] [6.0] [cxt 0] Parser state 'start': key is 86dd
[16:14:46.111] [bmv2] [T] [thread 29313] [6.0] [cxt 0] Bytes parsed: 14
[16:14:46.111] [bmv2] [D] [thread 29313] [6.0] [cxt 0] Parser 'parser': end
[16:14:46.111] [bmv2] [D] [thread 29313] [6.0] [cxt 0] Pipeline 'ingress': start
[16:14:46.111] [bmv2] [T] [thread 29313] [6.0] [cxt 0] basic_tunnel.p4(146) Condition "hdr.ipv4.isValid()" (node_2) is false
[16:14:46.111] [bmv2] [D] [thread 29313] [6.0] [cxt 0] Pipeline 'ingress': end
[16:14:46.111] [bmv2] [D] [thread 29313] [6.0] [cxt 0] Egress port is 0
[16:14:46.112] [bmv2] [D] [thread 29313] [7.0] [cxt 0] Processing packet received on port 2
[16:14:46.112] [bmv2] [D] [thread 29313] [7.0] [cxt 0] Parser 'parser': start
[16:14:46.112] [bmv2] [D] [thread 29313] [7.0] [cxt 0] Parser 'parser' entering state 'start'
[16:14:46.112] [bmv2] [D] [thread 29313] [7.0] [cxt 0] Extracting header 'ethernet'
[16:14:46.112] [bmv2] [D] [thread 29313] [7.0] [cxt 0] Parser state 'start': key is 86dd
[16:14:46.112] [bmv2] [T] [thread 29313] [7.0] [cxt 0] Bytes parsed: 14
[16:14:46.112] [bmv2] [D] [thread 29313] [7.0] [cxt 0] Parser 'parser': end
[16:14:46.112] [bmv2] [D] [thread 29313] [7.0] [cxt 0] Pipeline 'ingress': start
[16:14:46.112] [bmv2] [T] [thread 29313] [7.0] [cxt 0] basic_tunnel.p4(146) Condition "hdr.ipv4.isValid()" (node_2) is false
[16:14:46.112] [bmv2] [D] [thread 29313] [7.0] [cxt 0] Pipeline 'ingress': end
[16:14:46.112] [bmv2] [D] [thread 29313] [7.0] [cxt 0] Egress port is 0
[16:14:46.112] [bmv2] [D] [thread 29314] [6.0] [cxt 0] Pipeline 'egress': start
[16:14:46.112] [bmv2] [D] [thread 29314] [6.0] [cxt 0] Pipeline 'egress': end
[16:14:46.112] [bmv2] [D] [thread 29314] [6.0] [cxt 0] Deparser 'deparser': start
[16:14:46.112] [bmv2] [T] [thread 29314] [6.0] [cxt 0] Skipping checksum 'cksum' update because condition not met
[16:14:46.112] [bmv2] [D] [thread 29314] [6.0] [cxt 0] Deparsing header 'ethernet'
[16:14:46.112] [bmv2] [D] [thread 29314] [6.0] [cxt 0] Deparser 'deparser': end
[16:14:46.112] [bmv2] [D] [thread 29314] [7.0] [cxt 0] Pipeline 'egress': start
[16:14:46.112] [bmv2] [D] [thread 29314] [7.0] [cxt 0] Pipeline 'egress': end
[16:14:46.112] [bmv2] [D] [thread 29314] [7.0] [cxt 0] Deparser 'deparser': start
[16:14:46.112] [bmv2] [T] [thread 29314] [7.0] [cxt 0] Skipping checksum 'cksum' update because condition not met
[16:14:46.112] [bmv2] [D] [thread 29314] [7.0] [cxt 0] Deparsing header 'ethernet'
[16:14:46.112] [bmv2] [D] [thread 29314] [7.0] [cxt 0] Deparser 'deparser': end
[16:14:46.112] [bmv2] [D] [thread 29318] [6.0] [cxt 0] Transmitting packet of size 90 out of port 0
[16:14:46.112] [bmv2] [D] [thread 29318] [7.0] [cxt 0] Transmitting packet of size 70 out of port 0
[16:14:46.335] [bmv2] [D] [thread 29313] [8.0] [cxt 0] Processing packet received on port 3
[16:14:46.335] [bmv2] [D] [thread 29313] [8.0] [cxt 0] Parser 'parser': start
[16:14:46.335] [bmv2] [D] [thread 29313] [8.0] [cxt 0] Parser 'parser' entering state 'start'
[16:14:46.335] [bmv2] [D] [thread 29313] [8.0] [cxt 0] Extracting header 'ethernet'
[16:14:46.335] [bmv2] [D] [thread 29313] [8.0] [cxt 0] Parser state 'start': key is 86dd
[16:14:46.335] [bmv2] [T] [thread 29313] [8.0] [cxt 0] Bytes parsed: 14
[16:14:46.335] [bmv2] [D] [thread 29313] [8.0] [cxt 0] Parser 'parser': end
[16:14:46.335] [bmv2] [D] [thread 29313] [8.0] [cxt 0] Pipeline 'ingress': start
[16:14:46.335] [bmv2] [T] [thread 29313] [8.0] [cxt 0] basic_tunnel.p4(146) Condition "hdr.ipv4.isValid()" (node_2) is false
[16:14:46.335] [bmv2] [D] [thread 29313] [8.0] [cxt 0] Pipeline 'ingress': end
[16:14:46.335] [bmv2] [D] [thread 29313] [8.0] [cxt 0] Egress port is 0
[16:14:46.335] [bmv2] [D] [thread 29313] [9.0] [cxt 0] Processing packet received on port 3
[16:14:46.335] [bmv2] [D] [thread 29313] [9.0] [cxt 0] Parser 'parser': start
[16:14:46.335] [bmv2] [D] [thread 29313] [9.0] [cxt 0] Parser 'parser' entering state 'start'
[16:14:46.335] [bmv2] [D] [thread 29313] [9.0] [cxt 0] Extracting header 'ethernet'
[16:14:46.335] [bmv2] [D] [thread 29313] [9.0] [cxt 0] Parser state 'start': key is 86dd
[16:14:46.335] [bmv2] [T] [thread 29313] [9.0] [cxt 0] Bytes parsed: 14
[16:14:46.335] [bmv2] [D] [thread 29313] [9.0] [cxt 0] Parser 'parser': end
[16:14:46.335] [bmv2] [D] [thread 29313] [9.0] [cxt 0] Pipeline 'ingress': start
[16:14:46.335] [bmv2] [T] [thread 29313] [9.0] [cxt 0] basic_tunnel.p4(146) Condition "hdr.ipv4.isValid()" (node_2) is false
[16:14:46.335] [bmv2] [D] [thread 29313] [9.0] [cxt 0] Pipeline 'ingress': end
[16:14:46.335] [bmv2] [D] [thread 29313] [9.0] [cxt 0] Egress port is 0
[16:14:46.335] [bmv2] [D] [thread 29314] [8.0] [cxt 0] Pipeline 'egress': start
[16:14:46.335] [bmv2] [D] [thread 29314] [8.0] [cxt 0] Pipeline 'egress': end
[16:14:46.335] [bmv2] [D] [thread 29314] [8.0] [cxt 0] Deparser 'deparser': start
[16:14:46.335] [bmv2] [T] [thread 29314] [8.0] [cxt 0] Skipping checksum 'cksum' update because condition not met
[16:14:46.335] [bmv2] [D] [thread 29314] [8.0] [cxt 0] Deparsing header 'ethernet'
[16:14:46.335] [bmv2] [D] [thread 29314] [8.0] [cxt 0] Deparser 'deparser': end
[16:14:46.335] [bmv2] [D] [thread 29314] [9.0] [cxt 0] Pipeline 'egress': start
[16:14:46.335] [bmv2] [D] [thread 29314] [9.0] [cxt 0] Pipeline 'egress': end
[16:14:46.335] [bmv2] [D] [thread 29314] [9.0] [cxt 0] Deparser 'deparser': start
[16:14:46.335] [bmv2] [T] [thread 29314] [9.0] [cxt 0] Skipping checksum 'cksum' update because condition not met
[16:14:46.335] [bmv2] [D] [thread 29314] [9.0] [cxt 0] Deparsing header 'ethernet'
[16:14:46.335] [bmv2] [D] [thread 29314] [9.0] [cxt 0] Deparser 'deparser': end
[16:14:46.335] [bmv2] [D] [thread 29318] [8.0] [cxt 0] Transmitting packet of size 90 out of port 0
[16:14:46.335] [bmv2] [D] [thread 29318] [9.0] [cxt 0] Transmitting packet of size 70 out of port 0
[16:14:46.359] [bmv2] [D] [thread 29313] [10.0] [cxt 0] Processing packet received on port 2
[16:14:46.359] [bmv2] [D] [thread 29313] [10.0] [cxt 0] Parser 'parser': start
[16:14:46.359] [bmv2] [D] [thread 29313] [10.0] [cxt 0] Parser 'parser' entering state 'start'
[16:14:46.359] [bmv2] [D] [thread 29313] [10.0] [cxt 0] Extracting header 'ethernet'
[16:14:46.359] [bmv2] [D] [thread 29313] [10.0] [cxt 0] Parser state 'start': key is 86dd
[16:14:46.359] [bmv2] [T] [thread 29313] [10.0] [cxt 0] Bytes parsed: 14
[16:14:46.359] [bmv2] [D] [thread 29313] [10.0] [cxt 0] Parser 'parser': end
[16:14:46.359] [bmv2] [D] [thread 29313] [10.0] [cxt 0] Pipeline 'ingress': start
[16:14:46.359] [bmv2] [T] [thread 29313] [10.0] [cxt 0] basic_tunnel.p4(146) Condition "hdr.ipv4.isValid()" (node_2) is false
[16:14:46.359] [bmv2] [D] [thread 29313] [10.0] [cxt 0] Pipeline 'ingress': end
[16:14:46.359] [bmv2] [D] [thread 29313] [10.0] [cxt 0] Egress port is 0
[16:14:46.359] [bmv2] [D] [thread 29314] [10.0] [cxt 0] Pipeline 'egress': start
[16:14:46.359] [bmv2] [D] [thread 29314] [10.0] [cxt 0] Pipeline 'egress': end
[16:14:46.359] [bmv2] [D] [thread 29314] [10.0] [cxt 0] Deparser 'deparser': start
[16:14:46.359] [bmv2] [T] [thread 29314] [10.0] [cxt 0] Skipping checksum 'cksum' update because condition not met
[16:14:46.359] [bmv2] [D] [thread 29314] [10.0] [cxt 0] Deparsing header 'ethernet'
[16:14:46.359] [bmv2] [D] [thread 29314] [10.0] [cxt 0] Deparser 'deparser': end
[16:14:46.359] [bmv2] [D] [thread 29318] [10.0] [cxt 0] Transmitting packet of size 90 out of port 0
[16:14:46.487] [bmv2] [D] [thread 29313] [11.0] [cxt 0] Processing packet received on port 3
[16:14:46.487] [bmv2] [D] [thread 29313] [11.0] [cxt 0] Parser 'parser': start
[16:14:46.487] [bmv2] [D] [thread 29313] [11.0] [cxt 0] Parser 'parser' entering state 'start'
[16:14:46.487] [bmv2] [D] [thread 29313] [11.0] [cxt 0] Extracting header 'ethernet'
[16:14:46.487] [bmv2] [D] [thread 29313] [11.0] [cxt 0] Parser state 'start': key is 86dd
[16:14:46.487] [bmv2] [T] [thread 29313] [11.0] [cxt 0] Bytes parsed: 14
[16:14:46.487] [bmv2] [D] [thread 29313] [11.0] [cxt 0] Parser 'parser': end
[16:14:46.487] [bmv2] [D] [thread 29313] [11.0] [cxt 0] Pipeline 'ingress': start
[16:14:46.487] [bmv2] [T] [thread 29313] [11.0] [cxt 0] basic_tunnel.p4(146) Condition "hdr.ipv4.isValid()" (node_2) is false
[16:14:46.487] [bmv2] [D] [thread 29313] [11.0] [cxt 0] Pipeline 'ingress': end
[16:14:46.487] [bmv2] [D] [thread 29313] [11.0] [cxt 0] Egress port is 0
[16:14:46.487] [bmv2] [D] [thread 29314] [11.0] [cxt 0] Pipeline 'egress': start
[16:14:46.487] [bmv2] [D] [thread 29314] [11.0] [cxt 0] Pipeline 'egress': end
[16:14:46.487] [bmv2] [D] [thread 29314] [11.0] [cxt 0] Deparser 'deparser': start
[16:14:46.487] [bmv2] [T] [thread 29314] [11.0] [cxt 0] Skipping checksum 'cksum' update because condition not met
[16:14:46.487] [bmv2] [D] [thread 29314] [11.0] [cxt 0] Deparsing header 'ethernet'
[16:14:46.487] [bmv2] [D] [thread 29314] [11.0] [cxt 0] Deparser 'deparser': end
[16:14:46.487] [bmv2] [D] [thread 29318] [11.0] [cxt 0] Transmitting packet of size 90 out of port 0
[16:14:46.506] [bmv2] [D] [thread 29313] [12.0] [cxt 0] Processing packet received on port 1
[16:14:46.506] [bmv2] [D] [thread 29313] [12.0] [cxt 0] Parser 'parser': start
[16:14:46.506] [bmv2] [D] [thread 29313] [12.0] [cxt 0] Parser 'parser' entering state 'start'
[16:14:46.506] [bmv2] [D] [thread 29313] [12.0] [cxt 0] Extracting header 'ethernet'
[16:14:46.506] [bmv2] [D] [thread 29313] [12.0] [cxt 0] Parser state 'start': key is 86dd
[16:14:46.506] [bmv2] [T] [thread 29313] [12.0] [cxt 0] Bytes parsed: 14
[16:14:46.506] [bmv2] [D] [thread 29313] [12.0] [cxt 0] Parser 'parser': end
[16:14:46.506] [bmv2] [D] [thread 29313] [12.0] [cxt 0] Pipeline 'ingress': start
[16:14:46.506] [bmv2] [T] [thread 29313] [12.0] [cxt 0] basic_tunnel.p4(146) Condition "hdr.ipv4.isValid()" (node_2) is false
[16:14:46.506] [bmv2] [D] [thread 29313] [12.0] [cxt 0] Pipeline 'ingress': end
[16:14:46.506] [bmv2] [D] [thread 29313] [12.0] [cxt 0] Egress port is 0
[16:14:46.506] [bmv2] [D] [thread 29314] [12.0] [cxt 0] Pipeline 'egress': start
[16:14:46.506] [bmv2] [D] [thread 29314] [12.0] [cxt 0] Pipeline 'egress': end
[16:14:46.506] [bmv2] [D] [thread 29314] [12.0] [cxt 0] Deparser 'deparser': start
[16:14:46.506] [bmv2] [T] [thread 29314] [12.0] [cxt 0] Skipping checksum 'cksum' update because condition not met
[16:14:46.506] [bmv2] [D] [thread 29314] [12.0] [cxt 0] Deparsing header 'ethernet'
[16:14:46.506] [bmv2] [D] [thread 29314] [12.0] [cxt 0] Deparser 'deparser': end
[16:14:46.506] [bmv2] [D] [thread 29318] [12.0] [cxt 0] Transmitting packet of size 90 out of port 0
[16:14:46.531] [bmv2] [D] [thread 29313] [13.0] [cxt 0] Processing packet received on port 3
[16:14:46.531] [bmv2] [D] [thread 29313] [13.0] [cxt 0] Parser 'parser': start
[16:14:46.531] [bmv2] [D] [thread 29313] [13.0] [cxt 0] Parser 'parser' entering state 'start'
[16:14:46.531] [bmv2] [D] [thread 29313] [13.0] [cxt 0] Extracting header 'ethernet'
[16:14:46.531] [bmv2] [D] [thread 29313] [13.0] [cxt 0] Parser state 'start': key is 86dd
[16:14:46.531] [bmv2] [T] [thread 29313] [13.0] [cxt 0] Bytes parsed: 14
[16:14:46.531] [bmv2] [D] [thread 29313] [13.0] [cxt 0] Parser 'parser': end
[16:14:46.531] [bmv2] [D] [thread 29313] [13.0] [cxt 0] Pipeline 'ingress': start
[16:14:46.531] [bmv2] [T] [thread 29313] [13.0] [cxt 0] basic_tunnel.p4(146) Condition "hdr.ipv4.isValid()" (node_2) is false
[16:14:46.531] [bmv2] [D] [thread 29313] [13.0] [cxt 0] Pipeline 'ingress': end
[16:14:46.531] [bmv2] [D] [thread 29313] [13.0] [cxt 0] Egress port is 0
[16:14:46.531] [bmv2] [D] [thread 29313] [14.0] [cxt 0] Processing packet received on port 3
[16:14:46.531] [bmv2] [D] [thread 29313] [14.0] [cxt 0] Parser 'parser': start
[16:14:46.531] [bmv2] [D] [thread 29313] [14.0] [cxt 0] Parser 'parser' entering state 'start'
[16:14:46.531] [bmv2] [D] [thread 29313] [14.0] [cxt 0] Extracting header 'ethernet'
[16:14:46.531] [bmv2] [D] [thread 29313] [14.0] [cxt 0] Parser state 'start': key is 86dd
[16:14:46.531] [bmv2] [T] [thread 29313] [14.0] [cxt 0] Bytes parsed: 14
[16:14:46.531] [bmv2] [D] [thread 29313] [14.0] [cxt 0] Parser 'parser': end
[16:14:46.531] [bmv2] [D] [thread 29313] [14.0] [cxt 0] Pipeline 'ingress': start
[16:14:46.531] [bmv2] [T] [thread 29313] [14.0] [cxt 0] basic_tunnel.p4(146) Condition "hdr.ipv4.isValid()" (node_2) is false
[16:14:46.531] [bmv2] [D] [thread 29313] [14.0] [cxt 0] Pipeline 'ingress': end
[16:14:46.531] [bmv2] [D] [thread 29313] [14.0] [cxt 0] Egress port is 0
[16:14:46.531] [bmv2] [D] [thread 29314] [13.0] [cxt 0] Pipeline 'egress': start
[16:14:46.531] [bmv2] [D] [thread 29314] [13.0] [cxt 0] Pipeline 'egress': end
[16:14:46.531] [bmv2] [D] [thread 29314] [13.0] [cxt 0] Deparser 'deparser': start
[16:14:46.531] [bmv2] [T] [thread 29314] [13.0] [cxt 0] Skipping checksum 'cksum' update because condition not met
[16:14:46.531] [bmv2] [D] [thread 29314] [13.0] [cxt 0] Deparsing header 'ethernet'
[16:14:46.531] [bmv2] [D] [thread 29314] [13.0] [cxt 0] Deparser 'deparser': end
[16:14:46.531] [bmv2] [D] [thread 29314] [14.0] [cxt 0] Pipeline 'egress': start
[16:14:46.531] [bmv2] [D] [thread 29314] [14.0] [cxt 0] Pipeline 'egress': end
[16:14:46.531] [bmv2] [D] [thread 29314] [14.0] [cxt 0] Deparser 'deparser': start
[16:14:46.531] [bmv2] [T] [thread 29314] [14.0] [cxt 0] Skipping checksum 'cksum' update because condition not met
[16:14:46.531] [bmv2] [D] [thread 29314] [14.0] [cxt 0] Deparsing header 'ethernet'
[16:14:46.531] [bmv2] [D] [thread 29314] [14.0] [cxt 0] Deparser 'deparser': end
[16:14:46.531] [bmv2] [D] [thread 29318] [13.0] [cxt 0] Transmitting packet of size 90 out of port 0
[16:14:46.531] [bmv2] [D] [thread 29318] [14.0] [cxt 0] Transmitting packet of size 70 out of port 0
[16:14:46.606] [bmv2] [D] [thread 29313] [15.0] [cxt 0] Processing packet received on port 2
[16:14:46.606] [bmv2] [D] [thread 29313] [15.0] [cxt 0] Parser 'parser': start
[16:14:46.606] [bmv2] [D] [thread 29313] [15.0] [cxt 0] Parser 'parser' entering state 'start'
[16:14:46.606] [bmv2] [D] [thread 29313] [15.0] [cxt 0] Extracting header 'ethernet'
[16:14:46.606] [bmv2] [D] [thread 29313] [15.0] [cxt 0] Parser state 'start': key is 86dd
[16:14:46.606] [bmv2] [T] [thread 29313] [15.0] [cxt 0] Bytes parsed: 14
[16:14:46.606] [bmv2] [D] [thread 29313] [15.0] [cxt 0] Parser 'parser': end
[16:14:46.606] [bmv2] [D] [thread 29313] [15.0] [cxt 0] Pipeline 'ingress': start
[16:14:46.606] [bmv2] [T] [thread 29313] [15.0] [cxt 0] basic_tunnel.p4(146) Condition "hdr.ipv4.isValid()" (node_2) is false
[16:14:46.606] [bmv2] [D] [thread 29313] [15.0] [cxt 0] Pipeline 'ingress': end
[16:14:46.607] [bmv2] [D] [thread 29313] [15.0] [cxt 0] Egress port is 0
[16:14:46.607] [bmv2] [D] [thread 29313] [16.0] [cxt 0] Processing packet received on port 2
[16:14:46.607] [bmv2] [D] [thread 29313] [16.0] [cxt 0] Parser 'parser': start
[16:14:46.607] [bmv2] [D] [thread 29313] [16.0] [cxt 0] Parser 'parser' entering state 'start'
[16:14:46.607] [bmv2] [D] [thread 29313] [16.0] [cxt 0] Extracting header 'ethernet'
[16:14:46.607] [bmv2] [D] [thread 29313] [16.0] [cxt 0] Parser state 'start': key is 86dd
[16:14:46.607] [bmv2] [T] [thread 29313] [16.0] [cxt 0] Bytes parsed: 14
[16:14:46.607] [bmv2] [D] [thread 29313] [16.0] [cxt 0] Parser 'parser': end
[16:14:46.607] [bmv2] [D] [thread 29313] [16.0] [cxt 0] Pipeline 'ingress': start
[16:14:46.607] [bmv2] [T] [thread 29313] [16.0] [cxt 0] basic_tunnel.p4(146) Condition "hdr.ipv4.isValid()" (node_2) is false
[16:14:46.607] [bmv2] [D] [thread 29313] [16.0] [cxt 0] Pipeline 'ingress': end
[16:14:46.607] [bmv2] [D] [thread 29313] [16.0] [cxt 0] Egress port is 0
[16:14:46.607] [bmv2] [D] [thread 29314] [15.0] [cxt 0] Pipeline 'egress': start
[16:14:46.607] [bmv2] [D] [thread 29314] [15.0] [cxt 0] Pipeline 'egress': end
[16:14:46.607] [bmv2] [D] [thread 29314] [15.0] [cxt 0] Deparser 'deparser': start
[16:14:46.607] [bmv2] [T] [thread 29314] [15.0] [cxt 0] Skipping checksum 'cksum' update because condition not met
[16:14:46.607] [bmv2] [D] [thread 29314] [15.0] [cxt 0] Deparsing header 'ethernet'
[16:14:46.607] [bmv2] [D] [thread 29314] [15.0] [cxt 0] Deparser 'deparser': end
[16:14:46.607] [bmv2] [D] [thread 29314] [16.0] [cxt 0] Pipeline 'egress': start
[16:14:46.607] [bmv2] [D] [thread 29314] [16.0] [cxt 0] Pipeline 'egress': end
[16:14:46.607] [bmv2] [D] [thread 29314] [16.0] [cxt 0] Deparser 'deparser': start
[16:14:46.607] [bmv2] [T] [thread 29314] [16.0] [cxt 0] Skipping checksum 'cksum' update because condition not met
[16:14:46.607] [bmv2] [D] [thread 29314] [16.0] [cxt 0] Deparsing header 'ethernet'
[16:14:46.607] [bmv2] [D] [thread 29314] [16.0] [cxt 0] Deparser 'deparser': end
[16:14:46.607] [bmv2] [D] [thread 29318] [15.0] [cxt 0] Transmitting packet of size 90 out of port 0
[16:14:46.607] [bmv2] [D] [thread 29318] [16.0] [cxt 0] Transmitting packet of size 70 out of port 0
[16:14:46.755] [bmv2] [D] [thread 29313] [17.0] [cxt 0] Processing packet received on port 2
[16:14:46.755] [bmv2] [D] [thread 29313] [17.0] [cxt 0] Parser 'parser': start
[16:14:46.755] [bmv2] [D] [thread 29313] [17.0] [cxt 0] Parser 'parser' entering state 'start'
[16:14:46.755] [bmv2] [D] [thread 29313] [17.0] [cxt 0] Extracting header 'ethernet'
[16:14:46.755] [bmv2] [D] [thread 29313] [17.0] [cxt 0] Parser state 'start': key is 86dd
[16:14:46.755] [bmv2] [T] [thread 29313] [17.0] [cxt 0] Bytes parsed: 14
[16:14:46.755] [bmv2] [D] [thread 29313] [17.0] [cxt 0] Parser 'parser': end
[16:14:46.755] [bmv2] [D] [thread 29313] [17.0] [cxt 0] Pipeline 'ingress': start
[16:14:46.755] [bmv2] [T] [thread 29313] [17.0] [cxt 0] basic_tunnel.p4(146) Condition "hdr.ipv4.isValid()" (node_2) is false
[16:14:46.755] [bmv2] [D] [thread 29313] [17.0] [cxt 0] Pipeline 'ingress': end
[16:14:46.755] [bmv2] [D] [thread 29313] [17.0] [cxt 0] Egress port is 0
[16:14:46.755] [bmv2] [D] [thread 29314] [17.0] [cxt 0] Pipeline 'egress': start
[16:14:46.755] [bmv2] [D] [thread 29314] [17.0] [cxt 0] Pipeline 'egress': end
[16:14:46.755] [bmv2] [D] [thread 29314] [17.0] [cxt 0] Deparser 'deparser': start
[16:14:46.755] [bmv2] [T] [thread 29314] [17.0] [cxt 0] Skipping checksum 'cksum' update because condition not met
[16:14:46.755] [bmv2] [D] [thread 29314] [17.0] [cxt 0] Deparsing header 'ethernet'
[16:14:46.755] [bmv2] [D] [thread 29314] [17.0] [cxt 0] Deparser 'deparser': end
[16:14:46.755] [bmv2] [D] [thread 29318] [17.0] [cxt 0] Transmitting packet of size 90 out of port 0
[16:14:47.035] [bmv2] [D] [thread 29313] [18.0] [cxt 0] Processing packet received on port 3
[16:14:47.035] [bmv2] [D] [thread 29313] [18.0] [cxt 0] Parser 'parser': start
[16:14:47.035] [bmv2] [D] [thread 29313] [18.0] [cxt 0] Parser 'parser' entering state 'start'
[16:14:47.035] [bmv2] [D] [thread 29313] [18.0] [cxt 0] Extracting header 'ethernet'
[16:14:47.035] [bmv2] [D] [thread 29313] [18.0] [cxt 0] Parser state 'start': key is 86dd
[16:14:47.035] [bmv2] [T] [thread 29313] [18.0] [cxt 0] Bytes parsed: 14
[16:14:47.035] [bmv2] [D] [thread 29313] [18.0] [cxt 0] Parser 'parser': end
[16:14:47.035] [bmv2] [D] [thread 29313] [18.0] [cxt 0] Pipeline 'ingress': start
[16:14:47.035] [bmv2] [T] [thread 29313] [18.0] [cxt 0] basic_tunnel.p4(146) Condition "hdr.ipv4.isValid()" (node_2) is false
[16:14:47.035] [bmv2] [D] [thread 29313] [18.0] [cxt 0] Pipeline 'ingress': end
[16:14:47.035] [bmv2] [D] [thread 29313] [18.0] [cxt 0] Egress port is 0
[16:14:47.035] [bmv2] [D] [thread 29314] [18.0] [cxt 0] Pipeline 'egress': start
[16:14:47.035] [bmv2] [D] [thread 29314] [18.0] [cxt 0] Pipeline 'egress': end
[16:14:47.035] [bmv2] [D] [thread 29314] [18.0] [cxt 0] Deparser 'deparser': start
[16:14:47.035] [bmv2] [T] [thread 29314] [18.0] [cxt 0] Skipping checksum 'cksum' update because condition not met
[16:14:47.035] [bmv2] [D] [thread 29314] [18.0] [cxt 0] Deparsing header 'ethernet'
[16:14:47.035] [bmv2] [D] [thread 29314] [18.0] [cxt 0] Deparser 'deparser': end
[16:14:47.035] [bmv2] [D] [thread 29318] [18.0] [cxt 0] Transmitting packet of size 90 out of port 0
New connection
P4Runtime SetForwardingPipelineConfig
[16:14:47.501] [bmv2] [W] [thread 29355] [P4Runtime] p4::tmp::P4DeviceConfig is deprecated
[16:14:47.502] [bmv2] [D] [thread 29355] Set default default entry for table 'MyIngress.toController': MyIngress.drop - 
[16:14:47.502] [bmv2] [D] [thread 29355] Set default default entry for table 'tbl_drop': MyIngress.drop - 
[16:14:47.502] [bmv2] [D] [thread 29355] Set default default entry for table 'MyIngress.ipv4_lpm': MyIngress.drop - 
P4Runtime Write
device_id: 1
election_id {
  low: 1
}
updates {
  type: INSERT
  entity {
    table_entry {
      table_id: 33574068
      match {
        field_id: 1
        lpm {
          value: "\n\000\001\001"
          prefix_len: 32
        }
      }
      action {
        action {
          action_id: 16799317
          params {
            param_id: 1
            value: "\010\000\000\000\001\000"
          }
          params {
            param_id: 2
            value: "\000\002"
          }
        }
      }
    }
  }
}
[16:14:47.505] [bmv2] [D] [thread 29355] Entry 0 added to table 'MyIngress.ipv4_lpm'
[16:14:47.505] [bmv2] [D] [thread 29355] Dumping entry 0
Match key:
* hdr.ipv4.dstAddr    : LPM       0a000101/32
Action entry: MyIngress.ipv4_forward - 80000000100,2,

P4Runtime Write
device_id: 1
election_id {
  low: 1
}
updates {
  type: INSERT
  entity {
    table_entry {
      table_id: 33574068
      match {
        field_id: 1
        lpm {
          value: "\n\000\002\002"
          prefix_len: 32
        }
      }
      action {
        action {
          action_id: 16799317
          params {
            param_id: 1
            value: "\010\000\000\000\002\""
          }
          params {
            param_id: 2
            value: "\000\001"
          }
        }
      }
    }
  }
}
[16:14:47.506] [bmv2] [D] [thread 29355] Entry 1 added to table 'MyIngress.ipv4_lpm'
[16:14:47.506] [bmv2] [D] [thread 29355] Dumping entry 1
Match key:
* hdr.ipv4.dstAddr    : LPM       0a000202/32
Action entry: MyIngress.ipv4_forward - 80000000222,1,

P4Runtime Write
device_id: 1
election_id {
  low: 1
}
updates {
  type: INSERT
  entity {
    table_entry {
      table_id: 33574068
      match {
        field_id: 1
        lpm {
          value: "\n\000\003\003"
          prefix_len: 32
        }
      }
      action {
        action {
          action_id: 16799317
          params {
            param_id: 1
            value: "\010\000\000\000\003\000"
          }
          params {
            param_id: 2
            value: "\000\003"
          }
        }
      }
    }
  }
}
[16:14:47.507] [bmv2] [D] [thread 29355] Entry 2 added to table 'MyIngress.ipv4_lpm'
[16:14:47.507] [bmv2] [D] [thread 29355] Dumping entry 2
Match key:
* hdr.ipv4.dstAddr    : LPM       0a000303/32
Action entry: MyIngress.ipv4_forward - 80000000300,3,

P4Runtime Write
device_id: 1
election_id {
  low: 1
}
updates {
  type: INSERT
  entity {
    table_entry {
      table_id: 33586881
      match {
        field_id: 1
        exact {
          value: "\001"
        }
      }
      action {
        action {
          action_id: 16835169
          params {
            param_id: 1
            value: "\010\000\000\000\001\000"
          }
          params {
            param_id: 2
            value: "\000\002"
          }
        }
      }
    }
  }
}
[16:14:47.507] [bmv2] [D] [thread 29355] Entry 0 added to table 'MyIngress.toController'
[16:14:47.507] [bmv2] [D] [thread 29355] Dumping entry 0
Match key:
* hdr.ipv4.flags      : EXACT     01
Action entry: MyIngress.send_to_controller - 80000000100,2,

