Calling target program-options parser
[16:14:45.938] [bmv2] [D] [thread 29320] Set default default entry for table 'MyIngress.toController': MyIngress.drop - 
[16:14:45.938] [bmv2] [D] [thread 29320] Set default default entry for table 'tbl_drop': MyIngress.drop - 
[16:14:45.938] [bmv2] [D] [thread 29320] Set default default entry for table 'MyIngress.ipv4_lpm': MyIngress.drop - 
Adding interface s3-eth1 as port 1
[16:14:45.938] [bmv2] [D] [thread 29320] Adding interface s3-eth1 as port 1
Adding interface s3-eth2 as port 2
[16:14:45.963] [bmv2] [D] [thread 29320] Adding interface s3-eth2 as port 2
Adding interface s3-eth3 as port 3
[16:14:45.986] [bmv2] [D] [thread 29320] Adding interface s3-eth3 as port 3
I0208 16:14:46.011259231   29320 server_builder.cc:247]      Synchronous server. Num CQs: 1, Min pollers: 1, Max Pollers: 2147483647, CQ timeout (msec): 1000
Server listening on 0.0.0.0:50053
[16:14:46.012] [bmv2] [I] [thread 29320] Starting Thrift server on port 9092
[16:14:46.012] [bmv2] [I] [thread 29320] Thrift server was started
[16:14:46.149] [bmv2] [D] [thread 29327] [0.0] [cxt 0] Processing packet received on port 2
[16:14:46.149] [bmv2] [D] [thread 29327] [0.0] [cxt 0] Parser 'parser': start
[16:14:46.149] [bmv2] [D] [thread 29327] [0.0] [cxt 0] Parser 'parser' entering state 'start'
[16:14:46.149] [bmv2] [D] [thread 29327] [0.0] [cxt 0] Extracting header 'ethernet'
[16:14:46.149] [bmv2] [D] [thread 29327] [0.0] [cxt 0] Parser state 'start': key is 86dd
[16:14:46.149] [bmv2] [T] [thread 29327] [0.0] [cxt 0] Bytes parsed: 14
[16:14:46.149] [bmv2] [D] [thread 29327] [0.0] [cxt 0] Parser 'parser': end
[16:14:46.149] [bmv2] [D] [thread 29327] [0.0] [cxt 0] Pipeline 'ingress': start
[16:14:46.149] [bmv2] [T] [thread 29327] [0.0] [cxt 0] basic_tunnel.p4(146) Condition "hdr.ipv4.isValid()" (node_2) is false
[16:14:46.149] [bmv2] [D] [thread 29327] [0.0] [cxt 0] Pipeline 'ingress': end
[16:14:46.149] [bmv2] [D] [thread 29327] [0.0] [cxt 0] Egress port is 0
[16:14:46.149] [bmv2] [D] [thread 29327] [1.0] [cxt 0] Processing packet received on port 2
[16:14:46.149] [bmv2] [D] [thread 29327] [1.0] [cxt 0] Parser 'parser': start
[16:14:46.149] [bmv2] [D] [thread 29327] [1.0] [cxt 0] Parser 'parser' entering state 'start'
[16:14:46.149] [bmv2] [D] [thread 29327] [1.0] [cxt 0] Extracting header 'ethernet'
[16:14:46.149] [bmv2] [D] [thread 29327] [1.0] [cxt 0] Parser state 'start': key is 86dd
[16:14:46.149] [bmv2] [T] [thread 29327] [1.0] [cxt 0] Bytes parsed: 14
[16:14:46.149] [bmv2] [D] [thread 29327] [1.0] [cxt 0] Parser 'parser': end
[16:14:46.149] [bmv2] [D] [thread 29327] [1.0] [cxt 0] Pipeline 'ingress': start
[16:14:46.149] [bmv2] [T] [thread 29327] [1.0] [cxt 0] basic_tunnel.p4(146) Condition "hdr.ipv4.isValid()" (node_2) is false
[16:14:46.149] [bmv2] [D] [thread 29327] [1.0] [cxt 0] Pipeline 'ingress': end
[16:14:46.149] [bmv2] [D] [thread 29327] [1.0] [cxt 0] Egress port is 0
[16:14:46.149] [bmv2] [D] [thread 29328] [0.0] [cxt 0] Pipeline 'egress': start
[16:14:46.149] [bmv2] [D] [thread 29328] [0.0] [cxt 0] Pipeline 'egress': end
[16:14:46.149] [bmv2] [D] [thread 29328] [0.0] [cxt 0] Deparser 'deparser': start
[16:14:46.149] [bmv2] [T] [thread 29328] [0.0] [cxt 0] Skipping checksum 'cksum' update because condition not met
[16:14:46.149] [bmv2] [D] [thread 29328] [0.0] [cxt 0] Deparsing header 'ethernet'
[16:14:46.149] [bmv2] [D] [thread 29328] [0.0] [cxt 0] Deparser 'deparser': end
[16:14:46.149] [bmv2] [D] [thread 29328] [1.0] [cxt 0] Pipeline 'egress': start
[16:14:46.149] [bmv2] [D] [thread 29328] [1.0] [cxt 0] Pipeline 'egress': end
[16:14:46.149] [bmv2] [D] [thread 29328] [1.0] [cxt 0] Deparser 'deparser': start
[16:14:46.149] [bmv2] [T] [thread 29328] [1.0] [cxt 0] Skipping checksum 'cksum' update because condition not met
[16:14:46.149] [bmv2] [D] [thread 29328] [1.0] [cxt 0] Deparsing header 'ethernet'
[16:14:46.149] [bmv2] [D] [thread 29328] [1.0] [cxt 0] Deparser 'deparser': end
[16:14:46.149] [bmv2] [D] [thread 29332] [0.0] [cxt 0] Transmitting packet of size 90 out of port 0
[16:14:46.149] [bmv2] [D] [thread 29332] [1.0] [cxt 0] Transmitting packet of size 70 out of port 0
[16:14:46.167] [bmv2] [D] [thread 29327] [2.0] [cxt 0] Processing packet received on port 2
[16:14:46.167] [bmv2] [D] [thread 29327] [2.0] [cxt 0] Parser 'parser': start
[16:14:46.167] [bmv2] [D] [thread 29327] [2.0] [cxt 0] Parser 'parser' entering state 'start'
[16:14:46.167] [bmv2] [D] [thread 29327] [2.0] [cxt 0] Extracting header 'ethernet'
[16:14:46.167] [bmv2] [D] [thread 29327] [2.0] [cxt 0] Parser state 'start': key is 86dd
[16:14:46.167] [bmv2] [T] [thread 29327] [2.0] [cxt 0] Bytes parsed: 14
[16:14:46.167] [bmv2] [D] [thread 29327] [2.0] [cxt 0] Parser 'parser': end
[16:14:46.167] [bmv2] [D] [thread 29327] [2.0] [cxt 0] Pipeline 'ingress': start
[16:14:46.167] [bmv2] [T] [thread 29327] [2.0] [cxt 0] basic_tunnel.p4(146) Condition "hdr.ipv4.isValid()" (node_2) is false
[16:14:46.167] [bmv2] [D] [thread 29327] [2.0] [cxt 0] Pipeline 'ingress': end
[16:14:46.167] [bmv2] [D] [thread 29327] [2.0] [cxt 0] Egress port is 0
[16:14:46.167] [bmv2] [D] [thread 29328] [2.0] [cxt 0] Pipeline 'egress': start
[16:14:46.167] [bmv2] [D] [thread 29328] [2.0] [cxt 0] Pipeline 'egress': end
[16:14:46.167] [bmv2] [D] [thread 29328] [2.0] [cxt 0] Deparser 'deparser': start
[16:14:46.167] [bmv2] [T] [thread 29328] [2.0] [cxt 0] Skipping checksum 'cksum' update because condition not met
[16:14:46.167] [bmv2] [D] [thread 29328] [2.0] [cxt 0] Deparsing header 'ethernet'
[16:14:46.167] [bmv2] [D] [thread 29328] [2.0] [cxt 0] Deparser 'deparser': end
[16:14:46.167] [bmv2] [D] [thread 29332] [2.0] [cxt 0] Transmitting packet of size 90 out of port 0
[16:14:46.255] [bmv2] [D] [thread 29327] [3.0] [cxt 0] Processing packet received on port 1
[16:14:46.255] [bmv2] [D] [thread 29327] [3.0] [cxt 0] Parser 'parser': start
[16:14:46.255] [bmv2] [D] [thread 29327] [3.0] [cxt 0] Parser 'parser' entering state 'start'
[16:14:46.255] [bmv2] [D] [thread 29327] [3.0] [cxt 0] Extracting header 'ethernet'
[16:14:46.255] [bmv2] [D] [thread 29327] [3.0] [cxt 0] Parser state 'start': key is 86dd
[16:14:46.255] [bmv2] [T] [thread 29327] [3.0] [cxt 0] Bytes parsed: 14
[16:14:46.255] [bmv2] [D] [thread 29327] [3.0] [cxt 0] Parser 'parser': end
[16:14:46.255] [bmv2] [D] [thread 29327] [3.0] [cxt 0] Pipeline 'ingress': start
[16:14:46.255] [bmv2] [T] [thread 29327] [3.0] [cxt 0] basic_tunnel.p4(146) Condition "hdr.ipv4.isValid()" (node_2) is false
[16:14:46.255] [bmv2] [D] [thread 29327] [3.0] [cxt 0] Pipeline 'ingress': end
[16:14:46.255] [bmv2] [D] [thread 29327] [3.0] [cxt 0] Egress port is 0
[16:14:46.255] [bmv2] [D] [thread 29327] [4.0] [cxt 0] Processing packet received on port 1
[16:14:46.255] [bmv2] [D] [thread 29327] [4.0] [cxt 0] Parser 'parser': start
[16:14:46.255] [bmv2] [D] [thread 29327] [4.0] [cxt 0] Parser 'parser' entering state 'start'
[16:14:46.255] [bmv2] [D] [thread 29327] [4.0] [cxt 0] Extracting header 'ethernet'
[16:14:46.255] [bmv2] [D] [thread 29327] [4.0] [cxt 0] Parser state 'start': key is 86dd
[16:14:46.255] [bmv2] [T] [thread 29327] [4.0] [cxt 0] Bytes parsed: 14
[16:14:46.255] [bmv2] [D] [thread 29327] [4.0] [cxt 0] Parser 'parser': end
[16:14:46.255] [bmv2] [D] [thread 29327] [4.0] [cxt 0] Pipeline 'ingress': start
[16:14:46.255] [bmv2] [T] [thread 29327] [4.0] [cxt 0] basic_tunnel.p4(146) Condition "hdr.ipv4.isValid()" (node_2) is false
[16:14:46.255] [bmv2] [D] [thread 29327] [4.0] [cxt 0] Pipeline 'ingress': end
[16:14:46.255] [bmv2] [D] [thread 29327] [4.0] [cxt 0] Egress port is 0
[16:14:46.256] [bmv2] [D] [thread 29328] [3.0] [cxt 0] Pipeline 'egress': start
[16:14:46.256] [bmv2] [D] [thread 29328] [3.0] [cxt 0] Pipeline 'egress': end
[16:14:46.256] [bmv2] [D] [thread 29328] [3.0] [cxt 0] Deparser 'deparser': start
[16:14:46.256] [bmv2] [T] [thread 29328] [3.0] [cxt 0] Skipping checksum 'cksum' update because condition not met
[16:14:46.256] [bmv2] [D] [thread 29328] [3.0] [cxt 0] Deparsing header 'ethernet'
[16:14:46.256] [bmv2] [D] [thread 29328] [3.0] [cxt 0] Deparser 'deparser': end
[16:14:46.256] [bmv2] [D] [thread 29328] [4.0] [cxt 0] Pipeline 'egress': start
[16:14:46.256] [bmv2] [D] [thread 29328] [4.0] [cxt 0] Pipeline 'egress': end
[16:14:46.256] [bmv2] [D] [thread 29328] [4.0] [cxt 0] Deparser 'deparser': start
[16:14:46.256] [bmv2] [T] [thread 29328] [4.0] [cxt 0] Skipping checksum 'cksum' update because condition not met
[16:14:46.256] [bmv2] [D] [thread 29328] [4.0] [cxt 0] Deparsing header 'ethernet'
[16:14:46.256] [bmv2] [D] [thread 29328] [4.0] [cxt 0] Deparser 'deparser': end
[16:14:46.256] [bmv2] [D] [thread 29332] [3.0] [cxt 0] Transmitting packet of size 90 out of port 0
[16:14:46.256] [bmv2] [D] [thread 29332] [4.0] [cxt 0] Transmitting packet of size 70 out of port 0
[16:14:46.335] [bmv2] [D] [thread 29327] [5.0] [cxt 0] Processing packet received on port 3
[16:14:46.335] [bmv2] [D] [thread 29327] [5.0] [cxt 0] Parser 'parser': start
[16:14:46.335] [bmv2] [D] [thread 29327] [5.0] [cxt 0] Parser 'parser' entering state 'start'
[16:14:46.335] [bmv2] [D] [thread 29327] [5.0] [cxt 0] Extracting header 'ethernet'
[16:14:46.335] [bmv2] [D] [thread 29327] [5.0] [cxt 0] Parser state 'start': key is 86dd
[16:14:46.335] [bmv2] [T] [thread 29327] [5.0] [cxt 0] Bytes parsed: 14
[16:14:46.335] [bmv2] [D] [thread 29327] [5.0] [cxt 0] Parser 'parser': end
[16:14:46.335] [bmv2] [D] [thread 29327] [5.0] [cxt 0] Pipeline 'ingress': start
[16:14:46.335] [bmv2] [T] [thread 29327] [5.0] [cxt 0] basic_tunnel.p4(146) Condition "hdr.ipv4.isValid()" (node_2) is false
[16:14:46.335] [bmv2] [D] [thread 29327] [5.0] [cxt 0] Pipeline 'ingress': end
[16:14:46.335] [bmv2] [D] [thread 29327] [5.0] [cxt 0] Egress port is 0
[16:14:46.335] [bmv2] [D] [thread 29327] [6.0] [cxt 0] Processing packet received on port 3
[16:14:46.335] [bmv2] [D] [thread 29327] [6.0] [cxt 0] Parser 'parser': start
[16:14:46.335] [bmv2] [D] [thread 29327] [6.0] [cxt 0] Parser 'parser' entering state 'start'
[16:14:46.335] [bmv2] [D] [thread 29327] [6.0] [cxt 0] Extracting header 'ethernet'
[16:14:46.335] [bmv2] [D] [thread 29327] [6.0] [cxt 0] Parser state 'start': key is 86dd
[16:14:46.335] [bmv2] [T] [thread 29327] [6.0] [cxt 0] Bytes parsed: 14
[16:14:46.335] [bmv2] [D] [thread 29327] [6.0] [cxt 0] Parser 'parser': end
[16:14:46.335] [bmv2] [D] [thread 29327] [6.0] [cxt 0] Pipeline 'ingress': start
[16:14:46.335] [bmv2] [T] [thread 29327] [6.0] [cxt 0] basic_tunnel.p4(146) Condition "hdr.ipv4.isValid()" (node_2) is false
[16:14:46.335] [bmv2] [D] [thread 29327] [6.0] [cxt 0] Pipeline 'ingress': end
[16:14:46.335] [bmv2] [D] [thread 29327] [6.0] [cxt 0] Egress port is 0
[16:14:46.337] [bmv2] [D] [thread 29328] [5.0] [cxt 0] Pipeline 'egress': start
[16:14:46.337] [bmv2] [D] [thread 29328] [5.0] [cxt 0] Pipeline 'egress': end
[16:14:46.337] [bmv2] [D] [thread 29328] [5.0] [cxt 0] Deparser 'deparser': start
[16:14:46.337] [bmv2] [T] [thread 29328] [5.0] [cxt 0] Skipping checksum 'cksum' update because condition not met
[16:14:46.337] [bmv2] [D] [thread 29328] [5.0] [cxt 0] Deparsing header 'ethernet'
[16:14:46.337] [bmv2] [D] [thread 29328] [5.0] [cxt 0] Deparser 'deparser': end
[16:14:46.337] [bmv2] [D] [thread 29328] [6.0] [cxt 0] Pipeline 'egress': start
[16:14:46.337] [bmv2] [D] [thread 29328] [6.0] [cxt 0] Pipeline 'egress': end
[16:14:46.337] [bmv2] [D] [thread 29328] [6.0] [cxt 0] Deparser 'deparser': start
[16:14:46.337] [bmv2] [T] [thread 29328] [6.0] [cxt 0] Skipping checksum 'cksum' update because condition not met
[16:14:46.337] [bmv2] [D] [thread 29328] [6.0] [cxt 0] Deparsing header 'ethernet'
[16:14:46.337] [bmv2] [D] [thread 29328] [6.0] [cxt 0] Deparser 'deparser': end
[16:14:46.337] [bmv2] [D] [thread 29332] [5.0] [cxt 0] Transmitting packet of size 90 out of port 0
[16:14:46.337] [bmv2] [D] [thread 29332] [6.0] [cxt 0] Transmitting packet of size 70 out of port 0
[16:14:46.367] [bmv2] [D] [thread 29327] [7.0] [cxt 0] Processing packet received on port 2
[16:14:46.367] [bmv2] [D] [thread 29327] [7.0] [cxt 0] Parser 'parser': start
[16:14:46.367] [bmv2] [D] [thread 29327] [7.0] [cxt 0] Parser 'parser' entering state 'start'
[16:14:46.367] [bmv2] [D] [thread 29327] [7.0] [cxt 0] Extracting header 'ethernet'
[16:14:46.367] [bmv2] [D] [thread 29327] [7.0] [cxt 0] Parser state 'start': key is 86dd
[16:14:46.367] [bmv2] [T] [thread 29327] [7.0] [cxt 0] Bytes parsed: 14
[16:14:46.367] [bmv2] [D] [thread 29327] [7.0] [cxt 0] Parser 'parser': end
[16:14:46.367] [bmv2] [D] [thread 29327] [7.0] [cxt 0] Pipeline 'ingress': start
[16:14:46.367] [bmv2] [T] [thread 29327] [7.0] [cxt 0] basic_tunnel.p4(146) Condition "hdr.ipv4.isValid()" (node_2) is false
[16:14:46.367] [bmv2] [D] [thread 29327] [7.0] [cxt 0] Pipeline 'ingress': end
[16:14:46.367] [bmv2] [D] [thread 29327] [7.0] [cxt 0] Egress port is 0
[16:14:46.367] [bmv2] [D] [thread 29327] [8.0] [cxt 0] Processing packet received on port 2
[16:14:46.367] [bmv2] [D] [thread 29327] [8.0] [cxt 0] Parser 'parser': start
[16:14:46.367] [bmv2] [D] [thread 29327] [8.0] [cxt 0] Parser 'parser' entering state 'start'
[16:14:46.367] [bmv2] [D] [thread 29327] [8.0] [cxt 0] Extracting header 'ethernet'
[16:14:46.367] [bmv2] [D] [thread 29327] [8.0] [cxt 0] Parser state 'start': key is 86dd
[16:14:46.367] [bmv2] [T] [thread 29327] [8.0] [cxt 0] Bytes parsed: 14
[16:14:46.367] [bmv2] [D] [thread 29327] [8.0] [cxt 0] Parser 'parser': end
[16:14:46.367] [bmv2] [D] [thread 29327] [8.0] [cxt 0] Pipeline 'ingress': start
[16:14:46.367] [bmv2] [T] [thread 29327] [8.0] [cxt 0] basic_tunnel.p4(146) Condition "hdr.ipv4.isValid()" (node_2) is false
[16:14:46.367] [bmv2] [D] [thread 29327] [8.0] [cxt 0] Pipeline 'ingress': end
[16:14:46.367] [bmv2] [D] [thread 29327] [8.0] [cxt 0] Egress port is 0
[16:14:46.368] [bmv2] [D] [thread 29328] [7.0] [cxt 0] Pipeline 'egress': start
[16:14:46.368] [bmv2] [D] [thread 29328] [7.0] [cxt 0] Pipeline 'egress': end
[16:14:46.368] [bmv2] [D] [thread 29328] [7.0] [cxt 0] Deparser 'deparser': start
[16:14:46.368] [bmv2] [T] [thread 29328] [7.0] [cxt 0] Skipping checksum 'cksum' update because condition not met
[16:14:46.368] [bmv2] [D] [thread 29328] [7.0] [cxt 0] Deparsing header 'ethernet'
[16:14:46.368] [bmv2] [D] [thread 29328] [7.0] [cxt 0] Deparser 'deparser': end
[16:14:46.368] [bmv2] [D] [thread 29328] [8.0] [cxt 0] Pipeline 'egress': start
[16:14:46.368] [bmv2] [D] [thread 29328] [8.0] [cxt 0] Pipeline 'egress': end
[16:14:46.368] [bmv2] [D] [thread 29328] [8.0] [cxt 0] Deparser 'deparser': start
[16:14:46.368] [bmv2] [T] [thread 29328] [8.0] [cxt 0] Skipping checksum 'cksum' update because condition not met
[16:14:46.368] [bmv2] [D] [thread 29328] [8.0] [cxt 0] Deparsing header 'ethernet'
[16:14:46.368] [bmv2] [D] [thread 29328] [8.0] [cxt 0] Deparser 'deparser': end
[16:14:46.368] [bmv2] [D] [thread 29332] [7.0] [cxt 0] Transmitting packet of size 90 out of port 0
[16:14:46.368] [bmv2] [D] [thread 29332] [8.0] [cxt 0] Transmitting packet of size 70 out of port 0
[16:14:46.487] [bmv2] [D] [thread 29327] [9.0] [cxt 0] Processing packet received on port 3
[16:14:46.487] [bmv2] [D] [thread 29327] [9.0] [cxt 0] Parser 'parser': start
[16:14:46.487] [bmv2] [D] [thread 29327] [9.0] [cxt 0] Parser 'parser' entering state 'start'
[16:14:46.487] [bmv2] [D] [thread 29327] [9.0] [cxt 0] Extracting header 'ethernet'
[16:14:46.487] [bmv2] [D] [thread 29327] [9.0] [cxt 0] Parser state 'start': key is 86dd
[16:14:46.487] [bmv2] [T] [thread 29327] [9.0] [cxt 0] Bytes parsed: 14
[16:14:46.487] [bmv2] [D] [thread 29327] [9.0] [cxt 0] Parser 'parser': end
[16:14:46.487] [bmv2] [D] [thread 29327] [9.0] [cxt 0] Pipeline 'ingress': start
[16:14:46.487] [bmv2] [T] [thread 29327] [9.0] [cxt 0] basic_tunnel.p4(146) Condition "hdr.ipv4.isValid()" (node_2) is false
[16:14:46.487] [bmv2] [D] [thread 29327] [9.0] [cxt 0] Pipeline 'ingress': end
[16:14:46.487] [bmv2] [D] [thread 29327] [9.0] [cxt 0] Egress port is 0
[16:14:46.487] [bmv2] [D] [thread 29328] [9.0] [cxt 0] Pipeline 'egress': start
[16:14:46.487] [bmv2] [D] [thread 29328] [9.0] [cxt 0] Pipeline 'egress': end
[16:14:46.487] [bmv2] [D] [thread 29328] [9.0] [cxt 0] Deparser 'deparser': start
[16:14:46.487] [bmv2] [T] [thread 29328] [9.0] [cxt 0] Skipping checksum 'cksum' update because condition not met
[16:14:46.487] [bmv2] [D] [thread 29328] [9.0] [cxt 0] Deparsing header 'ethernet'
[16:14:46.487] [bmv2] [D] [thread 29328] [9.0] [cxt 0] Deparser 'deparser': end
[16:14:46.487] [bmv2] [D] [thread 29332] [9.0] [cxt 0] Transmitting packet of size 90 out of port 0
[16:14:46.531] [bmv2] [D] [thread 29327] [10.0] [cxt 0] Processing packet received on port 3
[16:14:46.531] [bmv2] [D] [thread 29327] [10.0] [cxt 0] Parser 'parser': start
[16:14:46.531] [bmv2] [D] [thread 29327] [10.0] [cxt 0] Parser 'parser' entering state 'start'
[16:14:46.531] [bmv2] [D] [thread 29327] [10.0] [cxt 0] Extracting header 'ethernet'
[16:14:46.531] [bmv2] [D] [thread 29327] [10.0] [cxt 0] Parser state 'start': key is 86dd
[16:14:46.531] [bmv2] [T] [thread 29327] [10.0] [cxt 0] Bytes parsed: 14
[16:14:46.531] [bmv2] [D] [thread 29327] [10.0] [cxt 0] Parser 'parser': end
[16:14:46.531] [bmv2] [D] [thread 29327] [10.0] [cxt 0] Pipeline 'ingress': start
[16:14:46.531] [bmv2] [T] [thread 29327] [10.0] [cxt 0] basic_tunnel.p4(146) Condition "hdr.ipv4.isValid()" (node_2) is false
[16:14:46.531] [bmv2] [D] [thread 29327] [10.0] [cxt 0] Pipeline 'ingress': end
[16:14:46.531] [bmv2] [D] [thread 29327] [10.0] [cxt 0] Egress port is 0
[16:14:46.531] [bmv2] [D] [thread 29327] [11.0] [cxt 0] Processing packet received on port 3
[16:14:46.531] [bmv2] [D] [thread 29327] [11.0] [cxt 0] Parser 'parser': start
[16:14:46.531] [bmv2] [D] [thread 29327] [11.0] [cxt 0] Parser 'parser' entering state 'start'
[16:14:46.531] [bmv2] [D] [thread 29327] [11.0] [cxt 0] Extracting header 'ethernet'
[16:14:46.531] [bmv2] [D] [thread 29327] [11.0] [cxt 0] Parser state 'start': key is 86dd
[16:14:46.531] [bmv2] [T] [thread 29327] [11.0] [cxt 0] Bytes parsed: 14
[16:14:46.531] [bmv2] [D] [thread 29327] [11.0] [cxt 0] Parser 'parser': end
[16:14:46.531] [bmv2] [D] [thread 29327] [11.0] [cxt 0] Pipeline 'ingress': start
[16:14:46.531] [bmv2] [T] [thread 29327] [11.0] [cxt 0] basic_tunnel.p4(146) Condition "hdr.ipv4.isValid()" (node_2) is false
[16:14:46.531] [bmv2] [D] [thread 29327] [11.0] [cxt 0] Pipeline 'ingress': end
[16:14:46.531] [bmv2] [D] [thread 29327] [11.0] [cxt 0] Egress port is 0
[16:14:46.531] [bmv2] [D] [thread 29328] [10.0] [cxt 0] Pipeline 'egress': start
[16:14:46.531] [bmv2] [D] [thread 29328] [10.0] [cxt 0] Pipeline 'egress': end
[16:14:46.531] [bmv2] [D] [thread 29328] [10.0] [cxt 0] Deparser 'deparser': start
[16:14:46.531] [bmv2] [T] [thread 29328] [10.0] [cxt 0] Skipping checksum 'cksum' update because condition not met
[16:14:46.531] [bmv2] [D] [thread 29328] [10.0] [cxt 0] Deparsing header 'ethernet'
[16:14:46.531] [bmv2] [D] [thread 29328] [10.0] [cxt 0] Deparser 'deparser': end
[16:14:46.531] [bmv2] [D] [thread 29328] [11.0] [cxt 0] Pipeline 'egress': start
[16:14:46.531] [bmv2] [D] [thread 29328] [11.0] [cxt 0] Pipeline 'egress': end
[16:14:46.531] [bmv2] [D] [thread 29328] [11.0] [cxt 0] Deparser 'deparser': start
[16:14:46.531] [bmv2] [T] [thread 29328] [11.0] [cxt 0] Skipping checksum 'cksum' update because condition not met
[16:14:46.531] [bmv2] [D] [thread 29328] [11.0] [cxt 0] Deparsing header 'ethernet'
[16:14:46.531] [bmv2] [D] [thread 29328] [11.0] [cxt 0] Deparser 'deparser': end
[16:14:46.531] [bmv2] [D] [thread 29332] [10.0] [cxt 0] Transmitting packet of size 90 out of port 0
[16:14:46.531] [bmv2] [D] [thread 29332] [11.0] [cxt 0] Transmitting packet of size 70 out of port 0
[16:14:46.959] [bmv2] [D] [thread 29327] [12.0] [cxt 0] Processing packet received on port 2
[16:14:46.959] [bmv2] [D] [thread 29327] [12.0] [cxt 0] Parser 'parser': start
[16:14:46.959] [bmv2] [D] [thread 29327] [12.0] [cxt 0] Parser 'parser' entering state 'start'
[16:14:46.959] [bmv2] [D] [thread 29327] [12.0] [cxt 0] Extracting header 'ethernet'
[16:14:46.959] [bmv2] [D] [thread 29327] [12.0] [cxt 0] Parser state 'start': key is 86dd
[16:14:46.959] [bmv2] [T] [thread 29327] [12.0] [cxt 0] Bytes parsed: 14
[16:14:46.959] [bmv2] [D] [thread 29327] [12.0] [cxt 0] Parser 'parser': end
[16:14:46.959] [bmv2] [D] [thread 29327] [12.0] [cxt 0] Pipeline 'ingress': start
[16:14:46.959] [bmv2] [T] [thread 29327] [12.0] [cxt 0] basic_tunnel.p4(146) Condition "hdr.ipv4.isValid()" (node_2) is false
[16:14:46.959] [bmv2] [D] [thread 29327] [12.0] [cxt 0] Pipeline 'ingress': end
[16:14:46.959] [bmv2] [D] [thread 29327] [12.0] [cxt 0] Egress port is 0
[16:14:46.959] [bmv2] [D] [thread 29328] [12.0] [cxt 0] Pipeline 'egress': start
[16:14:46.959] [bmv2] [D] [thread 29328] [12.0] [cxt 0] Pipeline 'egress': end
[16:14:46.959] [bmv2] [D] [thread 29328] [12.0] [cxt 0] Deparser 'deparser': start
[16:14:46.959] [bmv2] [T] [thread 29328] [12.0] [cxt 0] Skipping checksum 'cksum' update because condition not met
[16:14:46.959] [bmv2] [D] [thread 29328] [12.0] [cxt 0] Deparsing header 'ethernet'
[16:14:46.959] [bmv2] [D] [thread 29328] [12.0] [cxt 0] Deparser 'deparser': end
[16:14:46.959] [bmv2] [D] [thread 29332] [12.0] [cxt 0] Transmitting packet of size 90 out of port 0
[16:14:46.995] [bmv2] [D] [thread 29327] [13.0] [cxt 0] Processing packet received on port 1
[16:14:46.995] [bmv2] [D] [thread 29327] [13.0] [cxt 0] Parser 'parser': start
[16:14:46.995] [bmv2] [D] [thread 29327] [13.0] [cxt 0] Parser 'parser' entering state 'start'
[16:14:46.995] [bmv2] [D] [thread 29327] [13.0] [cxt 0] Extracting header 'ethernet'
[16:14:46.995] [bmv2] [D] [thread 29327] [13.0] [cxt 0] Parser state 'start': key is 86dd
[16:14:46.995] [bmv2] [T] [thread 29327] [13.0] [cxt 0] Bytes parsed: 14
[16:14:46.995] [bmv2] [D] [thread 29327] [13.0] [cxt 0] Parser 'parser': end
[16:14:46.995] [bmv2] [D] [thread 29327] [13.0] [cxt 0] Pipeline 'ingress': start
[16:14:46.995] [bmv2] [T] [thread 29327] [13.0] [cxt 0] basic_tunnel.p4(146) Condition "hdr.ipv4.isValid()" (node_2) is false
[16:14:46.995] [bmv2] [D] [thread 29327] [13.0] [cxt 0] Pipeline 'ingress': end
[16:14:46.995] [bmv2] [D] [thread 29327] [13.0] [cxt 0] Egress port is 0
[16:14:46.995] [bmv2] [D] [thread 29328] [13.0] [cxt 0] Pipeline 'egress': start
[16:14:46.995] [bmv2] [D] [thread 29328] [13.0] [cxt 0] Pipeline 'egress': end
[16:14:46.995] [bmv2] [D] [thread 29328] [13.0] [cxt 0] Deparser 'deparser': start
[16:14:46.995] [bmv2] [T] [thread 29328] [13.0] [cxt 0] Skipping checksum 'cksum' update because condition not met
[16:14:46.995] [bmv2] [D] [thread 29328] [13.0] [cxt 0] Deparsing header 'ethernet'
[16:14:46.995] [bmv2] [D] [thread 29328] [13.0] [cxt 0] Deparser 'deparser': end
[16:14:46.995] [bmv2] [D] [thread 29332] [13.0] [cxt 0] Transmitting packet of size 90 out of port 0
[16:14:47.035] [bmv2] [D] [thread 29327] [14.0] [cxt 0] Processing packet received on port 3
[16:14:47.035] [bmv2] [D] [thread 29327] [14.0] [cxt 0] Parser 'parser': start
[16:14:47.035] [bmv2] [D] [thread 29327] [14.0] [cxt 0] Parser 'parser' entering state 'start'
[16:14:47.035] [bmv2] [D] [thread 29327] [14.0] [cxt 0] Extracting header 'ethernet'
[16:14:47.035] [bmv2] [D] [thread 29327] [14.0] [cxt 0] Parser state 'start': key is 86dd
[16:14:47.035] [bmv2] [T] [thread 29327] [14.0] [cxt 0] Bytes parsed: 14
[16:14:47.035] [bmv2] [D] [thread 29327] [14.0] [cxt 0] Parser 'parser': end
[16:14:47.035] [bmv2] [D] [thread 29327] [14.0] [cxt 0] Pipeline 'ingress': start
[16:14:47.035] [bmv2] [T] [thread 29327] [14.0] [cxt 0] basic_tunnel.p4(146) Condition "hdr.ipv4.isValid()" (node_2) is false
[16:14:47.035] [bmv2] [D] [thread 29327] [14.0] [cxt 0] Pipeline 'ingress': end
[16:14:47.035] [bmv2] [D] [thread 29327] [14.0] [cxt 0] Egress port is 0
[16:14:47.035] [bmv2] [D] [thread 29328] [14.0] [cxt 0] Pipeline 'egress': start
[16:14:47.035] [bmv2] [D] [thread 29328] [14.0] [cxt 0] Pipeline 'egress': end
[16:14:47.035] [bmv2] [D] [thread 29328] [14.0] [cxt 0] Deparser 'deparser': start
[16:14:47.035] [bmv2] [T] [thread 29328] [14.0] [cxt 0] Skipping checksum 'cksum' update because condition not met
[16:14:47.035] [bmv2] [D] [thread 29328] [14.0] [cxt 0] Deparsing header 'ethernet'
[16:14:47.035] [bmv2] [D] [thread 29328] [14.0] [cxt 0] Deparser 'deparser': end
[16:14:47.035] [bmv2] [D] [thread 29332] [14.0] [cxt 0] Transmitting packet of size 90 out of port 0
New connection
P4Runtime SetForwardingPipelineConfig
[16:14:47.491] [bmv2] [W] [thread 29346] [P4Runtime] p4::tmp::P4DeviceConfig is deprecated
[16:14:47.492] [bmv2] [D] [thread 29346] Set default default entry for table 'MyIngress.toController': MyIngress.drop - 
[16:14:47.492] [bmv2] [D] [thread 29346] Set default default entry for table 'tbl_drop': MyIngress.drop - 
[16:14:47.492] [bmv2] [D] [thread 29346] Set default default entry for table 'MyIngress.ipv4_lpm': MyIngress.drop - 
P4Runtime Write
device_id: 2
election_id {
  low: 1
}
updates {
  type: INSERT
  entity {
    table_entry {
      table_id: 33574068
      match {
        field_id: 1
        lpm {
          value: "\n\000\001\001"
          prefix_len: 32
        }
      }
      action {
        action {
          action_id: 16799317
          params {
            param_id: 1
            value: "\010\000\000\000\001\000"
          }
          params {
            param_id: 2
            value: "\000\002"
          }
        }
      }
    }
  }
}
[16:14:47.495] [bmv2] [D] [thread 29347] Entry 0 added to table 'MyIngress.ipv4_lpm'
[16:14:47.495] [bmv2] [D] [thread 29347] Dumping entry 0
Match key:
* hdr.ipv4.dstAddr    : LPM       0a000101/32
Action entry: MyIngress.ipv4_forward - 80000000100,2,

P4Runtime Write
device_id: 2
election_id {
  low: 1
}
updates {
  type: INSERT
  entity {
    table_entry {
      table_id: 33574068
      match {
        field_id: 1
        lpm {
          value: "\n\000\002\002"
          prefix_len: 32
        }
      }
      action {
        action {
          action_id: 16799317
          params {
            param_id: 1
            value: "\010\000\000\000\002\000"
          }
          params {
            param_id: 2
            value: "\000\003"
          }
        }
      }
    }
  }
}
[16:14:47.496] [bmv2] [D] [thread 29346] Entry 1 added to table 'MyIngress.ipv4_lpm'
[16:14:47.496] [bmv2] [D] [thread 29346] Dumping entry 1
Match key:
* hdr.ipv4.dstAddr    : LPM       0a000202/32
Action entry: MyIngress.ipv4_forward - 80000000200,3,

P4Runtime Write
device_id: 2
election_id {
  low: 1
}
updates {
  type: INSERT
  entity {
    table_entry {
      table_id: 33574068
      match {
        field_id: 1
        lpm {
          value: "\n\000\003\003"
          prefix_len: 32
        }
      }
      action {
        action {
          action_id: 16799317
          params {
            param_id: 1
            value: "\010\000\000\000\0033"
          }
          params {
            param_id: 2
            value: "\000\001"
          }
        }
      }
    }
  }
}
[16:14:47.496] [bmv2] [D] [thread 29347] Entry 2 added to table 'MyIngress.ipv4_lpm'
[16:14:47.496] [bmv2] [D] [thread 29347] Dumping entry 2
Match key:
* hdr.ipv4.dstAddr    : LPM       0a000303/32
Action entry: MyIngress.ipv4_forward - 80000000333,1,

