Calling target program-options parser
[11:32:04.216] [bmv2] [D] [thread 27570] Set default default entry for table 'tbl_drop': MyIngress.drop - 
[11:32:04.216] [bmv2] [D] [thread 27570] Set default default entry for table 'MyIngress.ipv4_lpm': MyIngress.drop - 
Adding interface s1-eth1 as port 1
[11:32:04.216] [bmv2] [D] [thread 27570] Adding interface s1-eth1 as port 1
Adding interface s1-eth2 as port 2
[11:32:04.238] [bmv2] [D] [thread 27570] Adding interface s1-eth2 as port 2
Adding interface s1-eth3 as port 3
[11:32:04.267] [bmv2] [D] [thread 27570] Adding interface s1-eth3 as port 3
Adding interface s1-eth4 as port 4
[11:32:04.289] [bmv2] [D] [thread 27570] Adding interface s1-eth4 as port 4
I0508 11:32:04.306553819   27570 server_builder.cc:247]      Synchronous server. Num CQs: 1, Min pollers: 1, Max Pollers: 2147483647, CQ timeout (msec): 1000
Server listening on 0.0.0.0:50052
[11:32:04.307] [bmv2] [I] [thread 27570] Starting Thrift server on port 9091
[11:32:04.308] [bmv2] [I] [thread 27570] Thrift server was started
[11:32:04.309] [bmv2] [D] [thread 27577] [0.0] [cxt 0] Processing packet received on port 2
[11:32:04.309] [bmv2] [D] [thread 27577] [0.0] [cxt 0] Parser 'parser': start
[11:32:04.309] [bmv2] [D] [thread 27577] [0.0] [cxt 0] Parser 'parser' entering state 'start'
[11:32:04.309] [bmv2] [D] [thread 27577] [0.0] [cxt 0] Extracting header 'ethernet'
[11:32:04.309] [bmv2] [D] [thread 27577] [0.0] [cxt 0] Parser state 'start': key is 86dd
[11:32:04.309] [bmv2] [T] [thread 27577] [0.0] [cxt 0] Bytes parsed: 14
[11:32:04.309] [bmv2] [D] [thread 27577] [0.0] [cxt 0] Parser 'parser': end
[11:32:04.309] [bmv2] [D] [thread 27577] [0.0] [cxt 0] Pipeline 'ingress': start
[11:32:04.309] [bmv2] [T] [thread 27577] [0.0] [cxt 0] ../build_dependencies/net_cache.p4(114) Condition "hdr.ipv4.isValid()" (node_2) is false
[11:32:04.309] [bmv2] [D] [thread 27577] [0.0] [cxt 0] Pipeline 'ingress': end
[11:32:04.309] [bmv2] [D] [thread 27577] [0.0] [cxt 0] Egress port is 0
[11:32:04.309] [bmv2] [D] [thread 27578] [0.0] [cxt 0] Pipeline 'egress': start
[11:32:04.309] [bmv2] [D] [thread 27578] [0.0] [cxt 0] Pipeline 'egress': end
[11:32:04.309] [bmv2] [D] [thread 27578] [0.0] [cxt 0] Deparser 'deparser': start
[11:32:04.309] [bmv2] [T] [thread 27578] [0.0] [cxt 0] Skipping checksum 'cksum' update because condition not met
[11:32:04.309] [bmv2] [D] [thread 27578] [0.0] [cxt 0] Deparsing header 'ethernet'
[11:32:04.309] [bmv2] [D] [thread 27578] [0.0] [cxt 0] Deparser 'deparser': end
[11:32:04.309] [bmv2] [D] [thread 27577] [1.0] [cxt 0] Processing packet received on port 2
[11:32:04.309] [bmv2] [D] [thread 27577] [1.0] [cxt 0] Parser 'parser': start
[11:32:04.309] [bmv2] [D] [thread 27577] [1.0] [cxt 0] Parser 'parser' entering state 'start'
[11:32:04.309] [bmv2] [D] [thread 27577] [1.0] [cxt 0] Extracting header 'ethernet'
[11:32:04.309] [bmv2] [D] [thread 27577] [1.0] [cxt 0] Parser state 'start': key is 86dd
[11:32:04.309] [bmv2] [T] [thread 27577] [1.0] [cxt 0] Bytes parsed: 14
[11:32:04.309] [bmv2] [D] [thread 27577] [1.0] [cxt 0] Parser 'parser': end
[11:32:04.309] [bmv2] [D] [thread 27577] [1.0] [cxt 0] Pipeline 'ingress': start
[11:32:04.309] [bmv2] [T] [thread 27577] [1.0] [cxt 0] ../build_dependencies/net_cache.p4(114) Condition "hdr.ipv4.isValid()" (node_2) is false
[11:32:04.309] [bmv2] [D] [thread 27577] [1.0] [cxt 0] Pipeline 'ingress': end
[11:32:04.309] [bmv2] [D] [thread 27577] [1.0] [cxt 0] Egress port is 0
[11:32:04.309] [bmv2] [D] [thread 27578] [1.0] [cxt 0] Pipeline 'egress': start
[11:32:04.309] [bmv2] [D] [thread 27578] [1.0] [cxt 0] Pipeline 'egress': end
[11:32:04.309] [bmv2] [D] [thread 27578] [1.0] [cxt 0] Deparser 'deparser': start
[11:32:04.309] [bmv2] [T] [thread 27578] [1.0] [cxt 0] Skipping checksum 'cksum' update because condition not met
[11:32:04.309] [bmv2] [D] [thread 27578] [1.0] [cxt 0] Deparsing header 'ethernet'
[11:32:04.309] [bmv2] [D] [thread 27578] [1.0] [cxt 0] Deparser 'deparser': end
[11:32:04.310] [bmv2] [D] [thread 27582] [0.0] [cxt 0] Transmitting packet of size 90 out of port 0
[11:32:04.310] [bmv2] [D] [thread 27582] [1.0] [cxt 0] Transmitting packet of size 78 out of port 0
[11:32:04.354] [bmv2] [D] [thread 27577] [2.0] [cxt 0] Processing packet received on port 3
[11:32:04.354] [bmv2] [D] [thread 27577] [2.0] [cxt 0] Parser 'parser': start
[11:32:04.354] [bmv2] [D] [thread 27577] [2.0] [cxt 0] Parser 'parser' entering state 'start'
[11:32:04.354] [bmv2] [D] [thread 27577] [2.0] [cxt 0] Extracting header 'ethernet'
[11:32:04.354] [bmv2] [D] [thread 27577] [2.0] [cxt 0] Parser state 'start': key is 86dd
[11:32:04.354] [bmv2] [T] [thread 27577] [2.0] [cxt 0] Bytes parsed: 14
[11:32:04.354] [bmv2] [D] [thread 27577] [2.0] [cxt 0] Parser 'parser': end
[11:32:04.354] [bmv2] [D] [thread 27577] [2.0] [cxt 0] Pipeline 'ingress': start
[11:32:04.354] [bmv2] [T] [thread 27577] [2.0] [cxt 0] ../build_dependencies/net_cache.p4(114) Condition "hdr.ipv4.isValid()" (node_2) is false
[11:32:04.354] [bmv2] [D] [thread 27577] [2.0] [cxt 0] Pipeline 'ingress': end
[11:32:04.354] [bmv2] [D] [thread 27577] [2.0] [cxt 0] Egress port is 0
[11:32:04.354] [bmv2] [D] [thread 27578] [2.0] [cxt 0] Pipeline 'egress': start
[11:32:04.354] [bmv2] [D] [thread 27578] [2.0] [cxt 0] Pipeline 'egress': end
[11:32:04.354] [bmv2] [D] [thread 27578] [2.0] [cxt 0] Deparser 'deparser': start
[11:32:04.354] [bmv2] [T] [thread 27578] [2.0] [cxt 0] Skipping checksum 'cksum' update because condition not met
[11:32:04.354] [bmv2] [D] [thread 27578] [2.0] [cxt 0] Deparsing header 'ethernet'
[11:32:04.354] [bmv2] [D] [thread 27578] [2.0] [cxt 0] Deparser 'deparser': end
[11:32:04.354] [bmv2] [D] [thread 27582] [2.0] [cxt 0] Transmitting packet of size 90 out of port 0
[11:32:04.387] [bmv2] [D] [thread 27577] [3.0] [cxt 0] Processing packet received on port 4
[11:32:04.387] [bmv2] [D] [thread 27577] [3.0] [cxt 0] Parser 'parser': start
[11:32:04.387] [bmv2] [D] [thread 27577] [3.0] [cxt 0] Parser 'parser' entering state 'start'
[11:32:04.387] [bmv2] [D] [thread 27577] [3.0] [cxt 0] Extracting header 'ethernet'
[11:32:04.387] [bmv2] [D] [thread 27577] [3.0] [cxt 0] Parser state 'start': key is 86dd
[11:32:04.387] [bmv2] [T] [thread 27577] [3.0] [cxt 0] Bytes parsed: 14
[11:32:04.387] [bmv2] [D] [thread 27577] [3.0] [cxt 0] Parser 'parser': end
[11:32:04.387] [bmv2] [D] [thread 27577] [3.0] [cxt 0] Pipeline 'ingress': start
[11:32:04.387] [bmv2] [T] [thread 27577] [3.0] [cxt 0] ../build_dependencies/net_cache.p4(114) Condition "hdr.ipv4.isValid()" (node_2) is false
[11:32:04.387] [bmv2] [D] [thread 27577] [3.0] [cxt 0] Pipeline 'ingress': end
[11:32:04.387] [bmv2] [D] [thread 27577] [3.0] [cxt 0] Egress port is 0
[11:32:04.387] [bmv2] [D] [thread 27578] [3.0] [cxt 0] Pipeline 'egress': start
[11:32:04.387] [bmv2] [D] [thread 27578] [3.0] [cxt 0] Pipeline 'egress': end
[11:32:04.387] [bmv2] [D] [thread 27578] [3.0] [cxt 0] Deparser 'deparser': start
[11:32:04.387] [bmv2] [T] [thread 27578] [3.0] [cxt 0] Skipping checksum 'cksum' update because condition not met
[11:32:04.387] [bmv2] [D] [thread 27578] [3.0] [cxt 0] Deparsing header 'ethernet'
[11:32:04.387] [bmv2] [D] [thread 27578] [3.0] [cxt 0] Deparser 'deparser': end
[11:32:04.387] [bmv2] [D] [thread 27582] [3.0] [cxt 0] Transmitting packet of size 78 out of port 0
[11:32:04.393] [bmv2] [D] [thread 27577] [4.0] [cxt 0] Processing packet received on port 4
[11:32:04.393] [bmv2] [D] [thread 27577] [4.0] [cxt 0] Parser 'parser': start
[11:32:04.393] [bmv2] [D] [thread 27577] [4.0] [cxt 0] Parser 'parser' entering state 'start'
[11:32:04.393] [bmv2] [D] [thread 27577] [4.0] [cxt 0] Extracting header 'ethernet'
[11:32:04.393] [bmv2] [D] [thread 27577] [4.0] [cxt 0] Parser state 'start': key is 86dd
[11:32:04.393] [bmv2] [T] [thread 27577] [4.0] [cxt 0] Bytes parsed: 14
[11:32:04.393] [bmv2] [D] [thread 27577] [4.0] [cxt 0] Parser 'parser': end
[11:32:04.393] [bmv2] [D] [thread 27577] [4.0] [cxt 0] Pipeline 'ingress': start
[11:32:04.393] [bmv2] [T] [thread 27577] [4.0] [cxt 0] ../build_dependencies/net_cache.p4(114) Condition "hdr.ipv4.isValid()" (node_2) is false
[11:32:04.393] [bmv2] [D] [thread 27577] [4.0] [cxt 0] Pipeline 'ingress': end
[11:32:04.393] [bmv2] [D] [thread 27577] [4.0] [cxt 0] Egress port is 0
[11:32:04.393] [bmv2] [D] [thread 27578] [4.0] [cxt 0] Pipeline 'egress': start
[11:32:04.393] [bmv2] [D] [thread 27578] [4.0] [cxt 0] Pipeline 'egress': end
[11:32:04.393] [bmv2] [D] [thread 27578] [4.0] [cxt 0] Deparser 'deparser': start
[11:32:04.393] [bmv2] [T] [thread 27578] [4.0] [cxt 0] Skipping checksum 'cksum' update because condition not met
[11:32:04.393] [bmv2] [D] [thread 27578] [4.0] [cxt 0] Deparsing header 'ethernet'
[11:32:04.393] [bmv2] [D] [thread 27578] [4.0] [cxt 0] Deparser 'deparser': end
[11:32:04.393] [bmv2] [D] [thread 27582] [4.0] [cxt 0] Transmitting packet of size 90 out of port 0
[11:32:04.407] [bmv2] [D] [thread 27577] [5.0] [cxt 0] Processing packet received on port 2
[11:32:04.407] [bmv2] [D] [thread 27577] [5.0] [cxt 0] Parser 'parser': start
[11:32:04.407] [bmv2] [D] [thread 27577] [5.0] [cxt 0] Parser 'parser' entering state 'start'
[11:32:04.407] [bmv2] [D] [thread 27577] [5.0] [cxt 0] Extracting header 'ethernet'
[11:32:04.407] [bmv2] [D] [thread 27577] [5.0] [cxt 0] Parser state 'start': key is 86dd
[11:32:04.407] [bmv2] [T] [thread 27577] [5.0] [cxt 0] Bytes parsed: 14
[11:32:04.407] [bmv2] [D] [thread 27577] [5.0] [cxt 0] Parser 'parser': end
[11:32:04.407] [bmv2] [D] [thread 27577] [5.0] [cxt 0] Pipeline 'ingress': start
[11:32:04.407] [bmv2] [T] [thread 27577] [5.0] [cxt 0] ../build_dependencies/net_cache.p4(114) Condition "hdr.ipv4.isValid()" (node_2) is false
[11:32:04.407] [bmv2] [D] [thread 27577] [5.0] [cxt 0] Pipeline 'ingress': end
[11:32:04.407] [bmv2] [D] [thread 27577] [5.0] [cxt 0] Egress port is 0
[11:32:04.407] [bmv2] [D] [thread 27578] [5.0] [cxt 0] Pipeline 'egress': start
[11:32:04.407] [bmv2] [D] [thread 27578] [5.0] [cxt 0] Pipeline 'egress': end
[11:32:04.407] [bmv2] [D] [thread 27578] [5.0] [cxt 0] Deparser 'deparser': start
[11:32:04.407] [bmv2] [T] [thread 27578] [5.0] [cxt 0] Skipping checksum 'cksum' update because condition not met
[11:32:04.407] [bmv2] [D] [thread 27578] [5.0] [cxt 0] Deparsing header 'ethernet'
[11:32:04.407] [bmv2] [D] [thread 27578] [5.0] [cxt 0] Deparser 'deparser': end
[11:32:04.407] [bmv2] [D] [thread 27582] [5.0] [cxt 0] Transmitting packet of size 90 out of port 0
[11:32:04.713] [bmv2] [D] [thread 27577] [6.0] [cxt 0] Processing packet received on port 3
[11:32:04.713] [bmv2] [D] [thread 27577] [6.0] [cxt 0] Parser 'parser': start
[11:32:04.713] [bmv2] [D] [thread 27577] [6.0] [cxt 0] Parser 'parser' entering state 'start'
[11:32:04.713] [bmv2] [D] [thread 27577] [6.0] [cxt 0] Extracting header 'ethernet'
[11:32:04.713] [bmv2] [D] [thread 27577] [6.0] [cxt 0] Parser state 'start': key is 86dd
[11:32:04.713] [bmv2] [T] [thread 27577] [6.0] [cxt 0] Bytes parsed: 14
[11:32:04.713] [bmv2] [D] [thread 27577] [6.0] [cxt 0] Parser 'parser': end
[11:32:04.714] [bmv2] [D] [thread 27577] [6.0] [cxt 0] Pipeline 'ingress': start
[11:32:04.714] [bmv2] [T] [thread 27577] [6.0] [cxt 0] ../build_dependencies/net_cache.p4(114) Condition "hdr.ipv4.isValid()" (node_2) is false
[11:32:04.714] [bmv2] [D] [thread 27577] [6.0] [cxt 0] Pipeline 'ingress': end
[11:32:04.714] [bmv2] [D] [thread 27577] [6.0] [cxt 0] Egress port is 0
[11:32:04.714] [bmv2] [D] [thread 27577] [7.0] [cxt 0] Processing packet received on port 3
[11:32:04.714] [bmv2] [D] [thread 27577] [7.0] [cxt 0] Parser 'parser': start
[11:32:04.714] [bmv2] [D] [thread 27577] [7.0] [cxt 0] Parser 'parser' entering state 'start'
[11:32:04.714] [bmv2] [D] [thread 27577] [7.0] [cxt 0] Extracting header 'ethernet'
[11:32:04.714] [bmv2] [D] [thread 27577] [7.0] [cxt 0] Parser state 'start': key is 86dd
[11:32:04.714] [bmv2] [T] [thread 27577] [7.0] [cxt 0] Bytes parsed: 14
[11:32:04.714] [bmv2] [D] [thread 27577] [7.0] [cxt 0] Parser 'parser': end
[11:32:04.714] [bmv2] [D] [thread 27577] [7.0] [cxt 0] Pipeline 'ingress': start
[11:32:04.714] [bmv2] [T] [thread 27577] [7.0] [cxt 0] ../build_dependencies/net_cache.p4(114) Condition "hdr.ipv4.isValid()" (node_2) is false
[11:32:04.714] [bmv2] [D] [thread 27577] [7.0] [cxt 0] Pipeline 'ingress': end
[11:32:04.714] [bmv2] [D] [thread 27577] [7.0] [cxt 0] Egress port is 0
[11:32:04.714] [bmv2] [D] [thread 27578] [6.0] [cxt 0] Pipeline 'egress': start
[11:32:04.714] [bmv2] [D] [thread 27578] [6.0] [cxt 0] Pipeline 'egress': end
[11:32:04.714] [bmv2] [D] [thread 27578] [6.0] [cxt 0] Deparser 'deparser': start
[11:32:04.714] [bmv2] [T] [thread 27578] [6.0] [cxt 0] Skipping checksum 'cksum' update because condition not met
[11:32:04.714] [bmv2] [D] [thread 27578] [6.0] [cxt 0] Deparsing header 'ethernet'
[11:32:04.714] [bmv2] [D] [thread 27578] [6.0] [cxt 0] Deparser 'deparser': end
[11:32:04.714] [bmv2] [D] [thread 27578] [7.0] [cxt 0] Pipeline 'egress': start
[11:32:04.714] [bmv2] [D] [thread 27578] [7.0] [cxt 0] Pipeline 'egress': end
[11:32:04.714] [bmv2] [D] [thread 27578] [7.0] [cxt 0] Deparser 'deparser': start
[11:32:04.714] [bmv2] [T] [thread 27578] [7.0] [cxt 0] Skipping checksum 'cksum' update because condition not met
[11:32:04.714] [bmv2] [D] [thread 27578] [7.0] [cxt 0] Deparsing header 'ethernet'
[11:32:04.714] [bmv2] [D] [thread 27578] [7.0] [cxt 0] Deparser 'deparser': end
[11:32:04.718] [bmv2] [D] [thread 27582] [6.0] [cxt 0] Transmitting packet of size 90 out of port 0
[11:32:04.718] [bmv2] [D] [thread 27582] [7.0] [cxt 0] Transmitting packet of size 70 out of port 0
[11:32:04.904] [bmv2] [D] [thread 27577] [8.0] [cxt 0] Processing packet received on port 3
[11:32:04.904] [bmv2] [D] [thread 27577] [8.0] [cxt 0] Parser 'parser': start
[11:32:04.904] [bmv2] [D] [thread 27577] [8.0] [cxt 0] Parser 'parser' entering state 'start'
[11:32:04.904] [bmv2] [D] [thread 27577] [8.0] [cxt 0] Extracting header 'ethernet'
[11:32:04.904] [bmv2] [D] [thread 27577] [8.0] [cxt 0] Parser state 'start': key is 86dd
[11:32:04.904] [bmv2] [T] [thread 27577] [8.0] [cxt 0] Bytes parsed: 14
[11:32:04.904] [bmv2] [D] [thread 27577] [8.0] [cxt 0] Parser 'parser': end
[11:32:04.904] [bmv2] [D] [thread 27577] [8.0] [cxt 0] Pipeline 'ingress': start
[11:32:04.904] [bmv2] [T] [thread 27577] [8.0] [cxt 0] ../build_dependencies/net_cache.p4(114) Condition "hdr.ipv4.isValid()" (node_2) is false
[11:32:04.904] [bmv2] [D] [thread 27577] [8.0] [cxt 0] Pipeline 'ingress': end
[11:32:04.904] [bmv2] [D] [thread 27577] [8.0] [cxt 0] Egress port is 0
[11:32:04.904] [bmv2] [D] [thread 27577] [9.0] [cxt 0] Processing packet received on port 3
[11:32:04.904] [bmv2] [D] [thread 27577] [9.0] [cxt 0] Parser 'parser': start
[11:32:04.904] [bmv2] [D] [thread 27577] [9.0] [cxt 0] Parser 'parser' entering state 'start'
[11:32:04.904] [bmv2] [D] [thread 27577] [9.0] [cxt 0] Extracting header 'ethernet'
[11:32:04.904] [bmv2] [D] [thread 27577] [9.0] [cxt 0] Parser state 'start': key is 86dd
[11:32:04.904] [bmv2] [T] [thread 27577] [9.0] [cxt 0] Bytes parsed: 14
[11:32:04.904] [bmv2] [D] [thread 27577] [9.0] [cxt 0] Parser 'parser': end
[11:32:04.904] [bmv2] [D] [thread 27577] [9.0] [cxt 0] Pipeline 'ingress': start
[11:32:04.904] [bmv2] [T] [thread 27577] [9.0] [cxt 0] ../build_dependencies/net_cache.p4(114) Condition "hdr.ipv4.isValid()" (node_2) is false
[11:32:04.904] [bmv2] [D] [thread 27577] [9.0] [cxt 0] Pipeline 'ingress': end
[11:32:04.904] [bmv2] [D] [thread 27577] [9.0] [cxt 0] Egress port is 0
[11:32:04.904] [bmv2] [D] [thread 27578] [8.0] [cxt 0] Pipeline 'egress': start
[11:32:04.904] [bmv2] [D] [thread 27578] [8.0] [cxt 0] Pipeline 'egress': end
[11:32:04.904] [bmv2] [D] [thread 27578] [8.0] [cxt 0] Deparser 'deparser': start
[11:32:04.904] [bmv2] [T] [thread 27578] [8.0] [cxt 0] Skipping checksum 'cksum' update because condition not met
[11:32:04.904] [bmv2] [D] [thread 27578] [8.0] [cxt 0] Deparsing header 'ethernet'
[11:32:04.904] [bmv2] [D] [thread 27578] [8.0] [cxt 0] Deparser 'deparser': end
[11:32:04.904] [bmv2] [D] [thread 27578] [9.0] [cxt 0] Pipeline 'egress': start
[11:32:04.904] [bmv2] [D] [thread 27578] [9.0] [cxt 0] Pipeline 'egress': end
[11:32:04.904] [bmv2] [D] [thread 27578] [9.0] [cxt 0] Deparser 'deparser': start
[11:32:04.904] [bmv2] [T] [thread 27578] [9.0] [cxt 0] Skipping checksum 'cksum' update because condition not met
[11:32:04.904] [bmv2] [D] [thread 27578] [9.0] [cxt 0] Deparsing header 'ethernet'
[11:32:04.904] [bmv2] [D] [thread 27578] [9.0] [cxt 0] Deparser 'deparser': end
[11:32:04.904] [bmv2] [D] [thread 27582] [8.0] [cxt 0] Transmitting packet of size 90 out of port 0
[11:32:04.904] [bmv2] [D] [thread 27582] [9.0] [cxt 0] Transmitting packet of size 70 out of port 0
[11:32:04.987] [bmv2] [D] [thread 27577] [10.0] [cxt 0] Processing packet received on port 1
[11:32:04.987] [bmv2] [D] [thread 27577] [10.0] [cxt 0] Parser 'parser': start
[11:32:04.987] [bmv2] [D] [thread 27577] [10.0] [cxt 0] Parser 'parser' entering state 'start'
[11:32:04.987] [bmv2] [D] [thread 27577] [10.0] [cxt 0] Extracting header 'ethernet'
[11:32:04.987] [bmv2] [D] [thread 27577] [10.0] [cxt 0] Parser state 'start': key is 86dd
[11:32:04.987] [bmv2] [T] [thread 27577] [10.0] [cxt 0] Bytes parsed: 14
[11:32:04.987] [bmv2] [D] [thread 27577] [10.0] [cxt 0] Parser 'parser': end
[11:32:04.987] [bmv2] [D] [thread 27577] [10.0] [cxt 0] Pipeline 'ingress': start
[11:32:04.987] [bmv2] [T] [thread 27577] [10.0] [cxt 0] ../build_dependencies/net_cache.p4(114) Condition "hdr.ipv4.isValid()" (node_2) is false
[11:32:04.987] [bmv2] [D] [thread 27577] [10.0] [cxt 0] Pipeline 'ingress': end
[11:32:04.987] [bmv2] [D] [thread 27577] [10.0] [cxt 0] Egress port is 0
[11:32:04.987] [bmv2] [D] [thread 27577] [11.0] [cxt 0] Processing packet received on port 1
[11:32:04.987] [bmv2] [D] [thread 27577] [11.0] [cxt 0] Parser 'parser': start
[11:32:04.987] [bmv2] [D] [thread 27577] [11.0] [cxt 0] Parser 'parser' entering state 'start'
[11:32:04.987] [bmv2] [D] [thread 27577] [11.0] [cxt 0] Extracting header 'ethernet'
[11:32:04.987] [bmv2] [D] [thread 27577] [11.0] [cxt 0] Parser state 'start': key is 86dd
[11:32:04.987] [bmv2] [T] [thread 27577] [11.0] [cxt 0] Bytes parsed: 14
[11:32:04.987] [bmv2] [D] [thread 27577] [11.0] [cxt 0] Parser 'parser': end
[11:32:04.987] [bmv2] [D] [thread 27577] [11.0] [cxt 0] Pipeline 'ingress': start
[11:32:04.987] [bmv2] [T] [thread 27577] [11.0] [cxt 0] ../build_dependencies/net_cache.p4(114) Condition "hdr.ipv4.isValid()" (node_2) is false
[11:32:04.987] [bmv2] [D] [thread 27577] [11.0] [cxt 0] Pipeline 'ingress': end
[11:32:04.987] [bmv2] [D] [thread 27577] [11.0] [cxt 0] Egress port is 0
[11:32:04.987] [bmv2] [D] [thread 27578] [10.0] [cxt 0] Pipeline 'egress': start
[11:32:04.987] [bmv2] [D] [thread 27578] [10.0] [cxt 0] Pipeline 'egress': end
[11:32:04.987] [bmv2] [D] [thread 27578] [10.0] [cxt 0] Deparser 'deparser': start
[11:32:04.987] [bmv2] [T] [thread 27578] [10.0] [cxt 0] Skipping checksum 'cksum' update because condition not met
[11:32:04.987] [bmv2] [D] [thread 27578] [10.0] [cxt 0] Deparsing header 'ethernet'
[11:32:04.987] [bmv2] [D] [thread 27578] [10.0] [cxt 0] Deparser 'deparser': end
[11:32:04.987] [bmv2] [D] [thread 27578] [11.0] [cxt 0] Pipeline 'egress': start
[11:32:04.987] [bmv2] [D] [thread 27578] [11.0] [cxt 0] Pipeline 'egress': end
[11:32:04.987] [bmv2] [D] [thread 27578] [11.0] [cxt 0] Deparser 'deparser': start
[11:32:04.987] [bmv2] [T] [thread 27578] [11.0] [cxt 0] Skipping checksum 'cksum' update because condition not met
[11:32:04.987] [bmv2] [D] [thread 27578] [11.0] [cxt 0] Deparsing header 'ethernet'
[11:32:04.987] [bmv2] [D] [thread 27578] [11.0] [cxt 0] Deparser 'deparser': end
[11:32:04.987] [bmv2] [D] [thread 27582] [10.0] [cxt 0] Transmitting packet of size 90 out of port 0
[11:32:04.987] [bmv2] [D] [thread 27582] [11.0] [cxt 0] Transmitting packet of size 70 out of port 0
[11:32:05.077] [bmv2] [D] [thread 27577] [12.0] [cxt 0] Processing packet received on port 3
[11:32:05.077] [bmv2] [D] [thread 27577] [12.0] [cxt 0] Parser 'parser': start
[11:32:05.077] [bmv2] [D] [thread 27577] [12.0] [cxt 0] Parser 'parser' entering state 'start'
[11:32:05.077] [bmv2] [D] [thread 27577] [12.0] [cxt 0] Extracting header 'ethernet'
[11:32:05.077] [bmv2] [D] [thread 27577] [12.0] [cxt 0] Parser state 'start': key is 86dd
[11:32:05.077] [bmv2] [T] [thread 27577] [12.0] [cxt 0] Bytes parsed: 14
[11:32:05.077] [bmv2] [D] [thread 27577] [12.0] [cxt 0] Parser 'parser': end
[11:32:05.077] [bmv2] [D] [thread 27577] [12.0] [cxt 0] Pipeline 'ingress': start
[11:32:05.077] [bmv2] [T] [thread 27577] [12.0] [cxt 0] ../build_dependencies/net_cache.p4(114) Condition "hdr.ipv4.isValid()" (node_2) is false
[11:32:05.077] [bmv2] [D] [thread 27577] [12.0] [cxt 0] Pipeline 'ingress': end
[11:32:05.077] [bmv2] [D] [thread 27577] [12.0] [cxt 0] Egress port is 0
[11:32:05.077] [bmv2] [D] [thread 27578] [12.0] [cxt 0] Pipeline 'egress': start
[11:32:05.077] [bmv2] [D] [thread 27578] [12.0] [cxt 0] Pipeline 'egress': end
[11:32:05.077] [bmv2] [D] [thread 27578] [12.0] [cxt 0] Deparser 'deparser': start
[11:32:05.077] [bmv2] [T] [thread 27578] [12.0] [cxt 0] Skipping checksum 'cksum' update because condition not met
[11:32:05.077] [bmv2] [D] [thread 27578] [12.0] [cxt 0] Deparsing header 'ethernet'
[11:32:05.077] [bmv2] [D] [thread 27578] [12.0] [cxt 0] Deparser 'deparser': end
[11:32:05.077] [bmv2] [D] [thread 27582] [12.0] [cxt 0] Transmitting packet of size 90 out of port 0
[11:32:05.106] [bmv2] [D] [thread 27577] [13.0] [cxt 0] Processing packet received on port 2
[11:32:05.106] [bmv2] [D] [thread 27577] [13.0] [cxt 0] Parser 'parser': start
[11:32:05.106] [bmv2] [D] [thread 27577] [13.0] [cxt 0] Parser 'parser' entering state 'start'
[11:32:05.106] [bmv2] [D] [thread 27577] [13.0] [cxt 0] Extracting header 'ethernet'
[11:32:05.106] [bmv2] [D] [thread 27577] [13.0] [cxt 0] Parser state 'start': key is 86dd
[11:32:05.106] [bmv2] [T] [thread 27577] [13.0] [cxt 0] Bytes parsed: 14
[11:32:05.106] [bmv2] [D] [thread 27577] [13.0] [cxt 0] Parser 'parser': end
[11:32:05.106] [bmv2] [D] [thread 27577] [13.0] [cxt 0] Pipeline 'ingress': start
[11:32:05.106] [bmv2] [T] [thread 27577] [13.0] [cxt 0] ../build_dependencies/net_cache.p4(114) Condition "hdr.ipv4.isValid()" (node_2) is false
[11:32:05.106] [bmv2] [D] [thread 27577] [13.0] [cxt 0] Pipeline 'ingress': end
[11:32:05.106] [bmv2] [D] [thread 27577] [13.0] [cxt 0] Egress port is 0
[11:32:05.106] [bmv2] [D] [thread 27577] [14.0] [cxt 0] Processing packet received on port 2
[11:32:05.106] [bmv2] [D] [thread 27577] [14.0] [cxt 0] Parser 'parser': start
[11:32:05.106] [bmv2] [D] [thread 27577] [14.0] [cxt 0] Parser 'parser' entering state 'start'
[11:32:05.106] [bmv2] [D] [thread 27577] [14.0] [cxt 0] Extracting header 'ethernet'
[11:32:05.106] [bmv2] [D] [thread 27577] [14.0] [cxt 0] Parser state 'start': key is 86dd
[11:32:05.106] [bmv2] [T] [thread 27577] [14.0] [cxt 0] Bytes parsed: 14
[11:32:05.106] [bmv2] [D] [thread 27577] [14.0] [cxt 0] Parser 'parser': end
[11:32:05.106] [bmv2] [D] [thread 27577] [14.0] [cxt 0] Pipeline 'ingress': start
[11:32:05.106] [bmv2] [T] [thread 27577] [14.0] [cxt 0] ../build_dependencies/net_cache.p4(114) Condition "hdr.ipv4.isValid()" (node_2) is false
[11:32:05.106] [bmv2] [D] [thread 27577] [14.0] [cxt 0] Pipeline 'ingress': end
[11:32:05.106] [bmv2] [D] [thread 27577] [14.0] [cxt 0] Egress port is 0
[11:32:05.106] [bmv2] [D] [thread 27578] [13.0] [cxt 0] Pipeline 'egress': start
[11:32:05.106] [bmv2] [D] [thread 27578] [13.0] [cxt 0] Pipeline 'egress': end
[11:32:05.106] [bmv2] [D] [thread 27578] [13.0] [cxt 0] Deparser 'deparser': start
[11:32:05.106] [bmv2] [T] [thread 27578] [13.0] [cxt 0] Skipping checksum 'cksum' update because condition not met
[11:32:05.106] [bmv2] [D] [thread 27578] [13.0] [cxt 0] Deparsing header 'ethernet'
[11:32:05.106] [bmv2] [D] [thread 27578] [13.0] [cxt 0] Deparser 'deparser': end
[11:32:05.106] [bmv2] [D] [thread 27578] [14.0] [cxt 0] Pipeline 'egress': start
[11:32:05.106] [bmv2] [D] [thread 27578] [14.0] [cxt 0] Pipeline 'egress': end
[11:32:05.106] [bmv2] [D] [thread 27578] [14.0] [cxt 0] Deparser 'deparser': start
[11:32:05.106] [bmv2] [T] [thread 27578] [14.0] [cxt 0] Skipping checksum 'cksum' update because condition not met
[11:32:05.106] [bmv2] [D] [thread 27578] [14.0] [cxt 0] Deparsing header 'ethernet'
[11:32:05.106] [bmv2] [D] [thread 27578] [14.0] [cxt 0] Deparser 'deparser': end
[11:32:05.106] [bmv2] [D] [thread 27582] [13.0] [cxt 0] Transmitting packet of size 90 out of port 0
[11:32:05.106] [bmv2] [D] [thread 27582] [14.0] [cxt 0] Transmitting packet of size 70 out of port 0
[11:32:05.129] [bmv2] [D] [thread 27577] [15.0] [cxt 0] Processing packet received on port 2
[11:32:05.129] [bmv2] [D] [thread 27577] [15.0] [cxt 0] Parser 'parser': start
[11:32:05.129] [bmv2] [D] [thread 27577] [15.0] [cxt 0] Parser 'parser' entering state 'start'
[11:32:05.129] [bmv2] [D] [thread 27577] [15.0] [cxt 0] Extracting header 'ethernet'
[11:32:05.129] [bmv2] [D] [thread 27577] [15.0] [cxt 0] Parser state 'start': key is 86dd
[11:32:05.129] [bmv2] [T] [thread 27577] [15.0] [cxt 0] Bytes parsed: 14
[11:32:05.129] [bmv2] [D] [thread 27577] [15.0] [cxt 0] Parser 'parser': end
[11:32:05.129] [bmv2] [D] [thread 27577] [15.0] [cxt 0] Pipeline 'ingress': start
[11:32:05.129] [bmv2] [T] [thread 27577] [15.0] [cxt 0] ../build_dependencies/net_cache.p4(114) Condition "hdr.ipv4.isValid()" (node_2) is false
[11:32:05.129] [bmv2] [D] [thread 27577] [15.0] [cxt 0] Pipeline 'ingress': end
[11:32:05.129] [bmv2] [D] [thread 27577] [15.0] [cxt 0] Egress port is 0
[11:32:05.129] [bmv2] [D] [thread 27578] [15.0] [cxt 0] Pipeline 'egress': start
[11:32:05.129] [bmv2] [D] [thread 27578] [15.0] [cxt 0] Pipeline 'egress': end
[11:32:05.129] [bmv2] [D] [thread 27578] [15.0] [cxt 0] Deparser 'deparser': start
[11:32:05.129] [bmv2] [T] [thread 27578] [15.0] [cxt 0] Skipping checksum 'cksum' update because condition not met
[11:32:05.129] [bmv2] [D] [thread 27578] [15.0] [cxt 0] Deparsing header 'ethernet'
[11:32:05.129] [bmv2] [D] [thread 27578] [15.0] [cxt 0] Deparser 'deparser': end
[11:32:05.129] [bmv2] [D] [thread 27582] [15.0] [cxt 0] Transmitting packet of size 90 out of port 0
[11:32:05.141] [bmv2] [D] [thread 27577] [16.0] [cxt 0] Processing packet received on port 4
[11:32:05.141] [bmv2] [D] [thread 27577] [16.0] [cxt 0] Parser 'parser': start
[11:32:05.141] [bmv2] [D] [thread 27577] [16.0] [cxt 0] Parser 'parser' entering state 'start'
[11:32:05.141] [bmv2] [D] [thread 27577] [16.0] [cxt 0] Extracting header 'ethernet'
[11:32:05.141] [bmv2] [D] [thread 27577] [16.0] [cxt 0] Parser state 'start': key is 86dd
[11:32:05.141] [bmv2] [T] [thread 27577] [16.0] [cxt 0] Bytes parsed: 14
[11:32:05.141] [bmv2] [D] [thread 27577] [16.0] [cxt 0] Parser 'parser': end
[11:32:05.141] [bmv2] [D] [thread 27577] [16.0] [cxt 0] Pipeline 'ingress': start
[11:32:05.141] [bmv2] [T] [thread 27577] [16.0] [cxt 0] ../build_dependencies/net_cache.p4(114) Condition "hdr.ipv4.isValid()" (node_2) is false
[11:32:05.141] [bmv2] [D] [thread 27577] [16.0] [cxt 0] Pipeline 'ingress': end
[11:32:05.141] [bmv2] [D] [thread 27577] [16.0] [cxt 0] Egress port is 0
[11:32:05.141] [bmv2] [D] [thread 27577] [17.0] [cxt 0] Processing packet received on port 4
[11:32:05.141] [bmv2] [D] [thread 27577] [17.0] [cxt 0] Parser 'parser': start
[11:32:05.141] [bmv2] [D] [thread 27577] [17.0] [cxt 0] Parser 'parser' entering state 'start'
[11:32:05.141] [bmv2] [D] [thread 27577] [17.0] [cxt 0] Extracting header 'ethernet'
[11:32:05.141] [bmv2] [D] [thread 27577] [17.0] [cxt 0] Parser state 'start': key is 86dd
[11:32:05.141] [bmv2] [T] [thread 27577] [17.0] [cxt 0] Bytes parsed: 14
[11:32:05.141] [bmv2] [D] [thread 27577] [17.0] [cxt 0] Parser 'parser': end
[11:32:05.141] [bmv2] [D] [thread 27577] [17.0] [cxt 0] Pipeline 'ingress': start
[11:32:05.141] [bmv2] [T] [thread 27577] [17.0] [cxt 0] ../build_dependencies/net_cache.p4(114) Condition "hdr.ipv4.isValid()" (node_2) is false
[11:32:05.141] [bmv2] [D] [thread 27577] [17.0] [cxt 0] Pipeline 'ingress': end
[11:32:05.142] [bmv2] [D] [thread 27577] [17.0] [cxt 0] Egress port is 0
[11:32:05.142] [bmv2] [D] [thread 27578] [16.0] [cxt 0] Pipeline 'egress': start
[11:32:05.142] [bmv2] [D] [thread 27578] [16.0] [cxt 0] Pipeline 'egress': end
[11:32:05.142] [bmv2] [D] [thread 27578] [16.0] [cxt 0] Deparser 'deparser': start
[11:32:05.142] [bmv2] [T] [thread 27578] [16.0] [cxt 0] Skipping checksum 'cksum' update because condition not met
[11:32:05.142] [bmv2] [D] [thread 27578] [16.0] [cxt 0] Deparsing header 'ethernet'
[11:32:05.142] [bmv2] [D] [thread 27578] [16.0] [cxt 0] Deparser 'deparser': end
[11:32:05.142] [bmv2] [D] [thread 27578] [17.0] [cxt 0] Pipeline 'egress': start
[11:32:05.142] [bmv2] [D] [thread 27578] [17.0] [cxt 0] Pipeline 'egress': end
[11:32:05.142] [bmv2] [D] [thread 27578] [17.0] [cxt 0] Deparser 'deparser': start
[11:32:05.142] [bmv2] [T] [thread 27578] [17.0] [cxt 0] Skipping checksum 'cksum' update because condition not met
[11:32:05.142] [bmv2] [D] [thread 27578] [17.0] [cxt 0] Deparsing header 'ethernet'
[11:32:05.142] [bmv2] [D] [thread 27578] [17.0] [cxt 0] Deparser 'deparser': end
[11:32:05.142] [bmv2] [D] [thread 27582] [16.0] [cxt 0] Transmitting packet of size 90 out of port 0
[11:32:05.142] [bmv2] [D] [thread 27582] [17.0] [cxt 0] Transmitting packet of size 70 out of port 0
[11:32:05.286] [bmv2] [D] [thread 27577] [18.0] [cxt 0] Processing packet received on port 2
[11:32:05.286] [bmv2] [D] [thread 27577] [18.0] [cxt 0] Parser 'parser': start
[11:32:05.286] [bmv2] [D] [thread 27577] [18.0] [cxt 0] Parser 'parser' entering state 'start'
[11:32:05.286] [bmv2] [D] [thread 27577] [18.0] [cxt 0] Extracting header 'ethernet'
[11:32:05.286] [bmv2] [D] [thread 27577] [18.0] [cxt 0] Parser state 'start': key is 86dd
[11:32:05.286] [bmv2] [T] [thread 27577] [18.0] [cxt 0] Bytes parsed: 14
[11:32:05.286] [bmv2] [D] [thread 27577] [18.0] [cxt 0] Parser 'parser': end
[11:32:05.286] [bmv2] [D] [thread 27577] [18.0] [cxt 0] Pipeline 'ingress': start
[11:32:05.286] [bmv2] [T] [thread 27577] [18.0] [cxt 0] ../build_dependencies/net_cache.p4(114) Condition "hdr.ipv4.isValid()" (node_2) is false
[11:32:05.286] [bmv2] [D] [thread 27577] [18.0] [cxt 0] Pipeline 'ingress': end
[11:32:05.286] [bmv2] [D] [thread 27577] [18.0] [cxt 0] Egress port is 0
[11:32:05.286] [bmv2] [D] [thread 27577] [19.0] [cxt 0] Processing packet received on port 2
[11:32:05.286] [bmv2] [D] [thread 27577] [19.0] [cxt 0] Parser 'parser': start
[11:32:05.286] [bmv2] [D] [thread 27577] [19.0] [cxt 0] Parser 'parser' entering state 'start'
[11:32:05.286] [bmv2] [D] [thread 27577] [19.0] [cxt 0] Extracting header 'ethernet'
[11:32:05.286] [bmv2] [D] [thread 27577] [19.0] [cxt 0] Parser state 'start': key is 86dd
[11:32:05.286] [bmv2] [T] [thread 27577] [19.0] [cxt 0] Bytes parsed: 14
[11:32:05.286] [bmv2] [D] [thread 27577] [19.0] [cxt 0] Parser 'parser': end
[11:32:05.286] [bmv2] [D] [thread 27577] [19.0] [cxt 0] Pipeline 'ingress': start
[11:32:05.286] [bmv2] [T] [thread 27577] [19.0] [cxt 0] ../build_dependencies/net_cache.p4(114) Condition "hdr.ipv4.isValid()" (node_2) is false
[11:32:05.286] [bmv2] [D] [thread 27577] [19.0] [cxt 0] Pipeline 'ingress': end
[11:32:05.286] [bmv2] [D] [thread 27577] [19.0] [cxt 0] Egress port is 0
[11:32:05.287] [bmv2] [D] [thread 27578] [18.0] [cxt 0] Pipeline 'egress': start
[11:32:05.287] [bmv2] [D] [thread 27578] [18.0] [cxt 0] Pipeline 'egress': end
[11:32:05.287] [bmv2] [D] [thread 27578] [18.0] [cxt 0] Deparser 'deparser': start
[11:32:05.287] [bmv2] [T] [thread 27578] [18.0] [cxt 0] Skipping checksum 'cksum' update because condition not met
[11:32:05.287] [bmv2] [D] [thread 27578] [18.0] [cxt 0] Deparsing header 'ethernet'
[11:32:05.287] [bmv2] [D] [thread 27578] [18.0] [cxt 0] Deparser 'deparser': end
[11:32:05.287] [bmv2] [D] [thread 27578] [19.0] [cxt 0] Pipeline 'egress': start
[11:32:05.287] [bmv2] [D] [thread 27578] [19.0] [cxt 0] Pipeline 'egress': end
[11:32:05.287] [bmv2] [D] [thread 27578] [19.0] [cxt 0] Deparser 'deparser': start
[11:32:05.287] [bmv2] [T] [thread 27578] [19.0] [cxt 0] Skipping checksum 'cksum' update because condition not met
[11:32:05.287] [bmv2] [D] [thread 27578] [19.0] [cxt 0] Deparsing header 'ethernet'
[11:32:05.287] [bmv2] [D] [thread 27578] [19.0] [cxt 0] Deparser 'deparser': end
[11:32:05.287] [bmv2] [D] [thread 27582] [18.0] [cxt 0] Transmitting packet of size 90 out of port 0
[11:32:05.287] [bmv2] [D] [thread 27582] [19.0] [cxt 0] Transmitting packet of size 70 out of port 0
[11:32:05.330] [bmv2] [D] [thread 27577] [20.0] [cxt 0] Processing packet received on port 4
[11:32:05.330] [bmv2] [D] [thread 27577] [20.0] [cxt 0] Parser 'parser': start
[11:32:05.330] [bmv2] [D] [thread 27577] [20.0] [cxt 0] Parser 'parser' entering state 'start'
[11:32:05.330] [bmv2] [D] [thread 27577] [20.0] [cxt 0] Extracting header 'ethernet'
[11:32:05.330] [bmv2] [D] [thread 27577] [20.0] [cxt 0] Parser state 'start': key is 86dd
[11:32:05.330] [bmv2] [T] [thread 27577] [20.0] [cxt 0] Bytes parsed: 14
[11:32:05.330] [bmv2] [D] [thread 27577] [20.0] [cxt 0] Parser 'parser': end
[11:32:05.330] [bmv2] [D] [thread 27577] [20.0] [cxt 0] Pipeline 'ingress': start
[11:32:05.330] [bmv2] [T] [thread 27577] [20.0] [cxt 0] ../build_dependencies/net_cache.p4(114) Condition "hdr.ipv4.isValid()" (node_2) is false
[11:32:05.330] [bmv2] [D] [thread 27577] [20.0] [cxt 0] Pipeline 'ingress': end
[11:32:05.330] [bmv2] [D] [thread 27577] [20.0] [cxt 0] Egress port is 0
[11:32:05.330] [bmv2] [D] [thread 27578] [20.0] [cxt 0] Pipeline 'egress': start
[11:32:05.330] [bmv2] [D] [thread 27578] [20.0] [cxt 0] Pipeline 'egress': end
[11:32:05.330] [bmv2] [D] [thread 27578] [20.0] [cxt 0] Deparser 'deparser': start
[11:32:05.330] [bmv2] [T] [thread 27578] [20.0] [cxt 0] Skipping checksum 'cksum' update because condition not met
[11:32:05.330] [bmv2] [D] [thread 27578] [20.0] [cxt 0] Deparsing header 'ethernet'
[11:32:05.330] [bmv2] [D] [thread 27578] [20.0] [cxt 0] Deparser 'deparser': end
[11:32:05.330] [bmv2] [D] [thread 27582] [20.0] [cxt 0] Transmitting packet of size 90 out of port 0
[11:32:05.386] [bmv2] [D] [thread 27577] [21.0] [cxt 0] Processing packet received on port 4
[11:32:05.386] [bmv2] [D] [thread 27577] [21.0] [cxt 0] Parser 'parser': start
[11:32:05.386] [bmv2] [D] [thread 27577] [21.0] [cxt 0] Parser 'parser' entering state 'start'
[11:32:05.386] [bmv2] [D] [thread 27577] [21.0] [cxt 0] Extracting header 'ethernet'
[11:32:05.386] [bmv2] [D] [thread 27577] [21.0] [cxt 0] Parser state 'start': key is 86dd
[11:32:05.386] [bmv2] [T] [thread 27577] [21.0] [cxt 0] Bytes parsed: 14
[11:32:05.386] [bmv2] [D] [thread 27577] [21.0] [cxt 0] Parser 'parser': end
[11:32:05.386] [bmv2] [D] [thread 27577] [21.0] [cxt 0] Pipeline 'ingress': start
[11:32:05.386] [bmv2] [T] [thread 27577] [21.0] [cxt 0] ../build_dependencies/net_cache.p4(114) Condition "hdr.ipv4.isValid()" (node_2) is false
[11:32:05.386] [bmv2] [D] [thread 27577] [21.0] [cxt 0] Pipeline 'ingress': end
[11:32:05.386] [bmv2] [D] [thread 27577] [21.0] [cxt 0] Egress port is 0
[11:32:05.386] [bmv2] [D] [thread 27577] [22.0] [cxt 0] Processing packet received on port 4
[11:32:05.386] [bmv2] [D] [thread 27577] [22.0] [cxt 0] Parser 'parser': start
[11:32:05.386] [bmv2] [D] [thread 27577] [22.0] [cxt 0] Parser 'parser' entering state 'start'
[11:32:05.386] [bmv2] [D] [thread 27577] [22.0] [cxt 0] Extracting header 'ethernet'
[11:32:05.386] [bmv2] [D] [thread 27577] [22.0] [cxt 0] Parser state 'start': key is 86dd
[11:32:05.386] [bmv2] [T] [thread 27577] [22.0] [cxt 0] Bytes parsed: 14
[11:32:05.386] [bmv2] [D] [thread 27577] [22.0] [cxt 0] Parser 'parser': end
[11:32:05.386] [bmv2] [D] [thread 27577] [22.0] [cxt 0] Pipeline 'ingress': start
[11:32:05.386] [bmv2] [T] [thread 27577] [22.0] [cxt 0] ../build_dependencies/net_cache.p4(114) Condition "hdr.ipv4.isValid()" (node_2) is false
[11:32:05.386] [bmv2] [D] [thread 27577] [22.0] [cxt 0] Pipeline 'ingress': end
[11:32:05.386] [bmv2] [D] [thread 27577] [22.0] [cxt 0] Egress port is 0
[11:32:05.386] [bmv2] [D] [thread 27578] [21.0] [cxt 0] Pipeline 'egress': start
[11:32:05.386] [bmv2] [D] [thread 27578] [21.0] [cxt 0] Pipeline 'egress': end
[11:32:05.386] [bmv2] [D] [thread 27578] [21.0] [cxt 0] Deparser 'deparser': start
[11:32:05.386] [bmv2] [T] [thread 27578] [21.0] [cxt 0] Skipping checksum 'cksum' update because condition not met
[11:32:05.386] [bmv2] [D] [thread 27578] [21.0] [cxt 0] Deparsing header 'ethernet'
[11:32:05.386] [bmv2] [D] [thread 27578] [21.0] [cxt 0] Deparser 'deparser': end
[11:32:05.386] [bmv2] [D] [thread 27578] [22.0] [cxt 0] Pipeline 'egress': start
[11:32:05.386] [bmv2] [D] [thread 27578] [22.0] [cxt 0] Pipeline 'egress': end
[11:32:05.386] [bmv2] [D] [thread 27578] [22.0] [cxt 0] Deparser 'deparser': start
[11:32:05.386] [bmv2] [T] [thread 27578] [22.0] [cxt 0] Skipping checksum 'cksum' update because condition not met
[11:32:05.386] [bmv2] [D] [thread 27578] [22.0] [cxt 0] Deparsing header 'ethernet'
[11:32:05.386] [bmv2] [D] [thread 27578] [22.0] [cxt 0] Deparser 'deparser': end
[11:32:05.386] [bmv2] [D] [thread 27582] [21.0] [cxt 0] Transmitting packet of size 90 out of port 0
[11:32:05.386] [bmv2] [D] [thread 27582] [22.0] [cxt 0] Transmitting packet of size 70 out of port 0
[11:32:05.433] [bmv2] [D] [thread 27577] [23.0] [cxt 0] Processing packet received on port 3
[11:32:05.433] [bmv2] [D] [thread 27577] [23.0] [cxt 0] Parser 'parser': start
[11:32:05.433] [bmv2] [D] [thread 27577] [23.0] [cxt 0] Parser 'parser' entering state 'start'
[11:32:05.433] [bmv2] [D] [thread 27577] [23.0] [cxt 0] Extracting header 'ethernet'
[11:32:05.433] [bmv2] [D] [thread 27577] [23.0] [cxt 0] Parser state 'start': key is 86dd
[11:32:05.433] [bmv2] [T] [thread 27577] [23.0] [cxt 0] Bytes parsed: 14
[11:32:05.433] [bmv2] [D] [thread 27577] [23.0] [cxt 0] Parser 'parser': end
[11:32:05.433] [bmv2] [D] [thread 27577] [23.0] [cxt 0] Pipeline 'ingress': start
[11:32:05.433] [bmv2] [T] [thread 27577] [23.0] [cxt 0] ../build_dependencies/net_cache.p4(114) Condition "hdr.ipv4.isValid()" (node_2) is false
[11:32:05.433] [bmv2] [D] [thread 27577] [23.0] [cxt 0] Pipeline 'ingress': end
[11:32:05.433] [bmv2] [D] [thread 27577] [23.0] [cxt 0] Egress port is 0
[11:32:05.433] [bmv2] [D] [thread 27578] [23.0] [cxt 0] Pipeline 'egress': start
[11:32:05.433] [bmv2] [D] [thread 27578] [23.0] [cxt 0] Pipeline 'egress': end
[11:32:05.433] [bmv2] [D] [thread 27578] [23.0] [cxt 0] Deparser 'deparser': start
[11:32:05.433] [bmv2] [T] [thread 27578] [23.0] [cxt 0] Skipping checksum 'cksum' update because condition not met
[11:32:05.433] [bmv2] [D] [thread 27578] [23.0] [cxt 0] Deparsing header 'ethernet'
[11:32:05.433] [bmv2] [D] [thread 27578] [23.0] [cxt 0] Deparser 'deparser': end
[11:32:05.433] [bmv2] [D] [thread 27582] [23.0] [cxt 0] Transmitting packet of size 90 out of port 0
[11:32:05.483] [bmv2] [D] [thread 27577] [24.0] [cxt 0] Processing packet received on port 1
[11:32:05.483] [bmv2] [D] [thread 27577] [24.0] [cxt 0] Parser 'parser': start
[11:32:05.483] [bmv2] [D] [thread 27577] [24.0] [cxt 0] Parser 'parser' entering state 'start'
[11:32:05.483] [bmv2] [D] [thread 27577] [24.0] [cxt 0] Extracting header 'ethernet'
[11:32:05.483] [bmv2] [D] [thread 27577] [24.0] [cxt 0] Parser state 'start': key is 86dd
[11:32:05.483] [bmv2] [T] [thread 27577] [24.0] [cxt 0] Bytes parsed: 14
[11:32:05.483] [bmv2] [D] [thread 27577] [24.0] [cxt 0] Parser 'parser': end
[11:32:05.483] [bmv2] [D] [thread 27577] [24.0] [cxt 0] Pipeline 'ingress': start
[11:32:05.483] [bmv2] [T] [thread 27577] [24.0] [cxt 0] ../build_dependencies/net_cache.p4(114) Condition "hdr.ipv4.isValid()" (node_2) is false
[11:32:05.483] [bmv2] [D] [thread 27577] [24.0] [cxt 0] Pipeline 'ingress': end
[11:32:05.483] [bmv2] [D] [thread 27577] [24.0] [cxt 0] Egress port is 0
[11:32:05.483] [bmv2] [D] [thread 27578] [24.0] [cxt 0] Pipeline 'egress': start
[11:32:05.483] [bmv2] [D] [thread 27578] [24.0] [cxt 0] Pipeline 'egress': end
[11:32:05.483] [bmv2] [D] [thread 27578] [24.0] [cxt 0] Deparser 'deparser': start
[11:32:05.483] [bmv2] [T] [thread 27578] [24.0] [cxt 0] Skipping checksum 'cksum' update because condition not met
[11:32:05.483] [bmv2] [D] [thread 27578] [24.0] [cxt 0] Deparsing header 'ethernet'
[11:32:05.483] [bmv2] [D] [thread 27578] [24.0] [cxt 0] Deparser 'deparser': end
[11:32:05.483] [bmv2] [D] [thread 27582] [24.0] [cxt 0] Transmitting packet of size 90 out of port 0
[11:32:05.708] [bmv2] [D] [thread 27577] [25.0] [cxt 0] Processing packet received on port 4
[11:32:05.708] [bmv2] [D] [thread 27577] [25.0] [cxt 0] Parser 'parser': start
[11:32:05.708] [bmv2] [D] [thread 27577] [25.0] [cxt 0] Parser 'parser' entering state 'start'
[11:32:05.708] [bmv2] [D] [thread 27577] [25.0] [cxt 0] Extracting header 'ethernet'
[11:32:05.708] [bmv2] [D] [thread 27577] [25.0] [cxt 0] Parser state 'start': key is 86dd
[11:32:05.708] [bmv2] [T] [thread 27577] [25.0] [cxt 0] Bytes parsed: 14
[11:32:05.708] [bmv2] [D] [thread 27577] [25.0] [cxt 0] Parser 'parser': end
[11:32:05.708] [bmv2] [D] [thread 27577] [25.0] [cxt 0] Pipeline 'ingress': start
[11:32:05.708] [bmv2] [T] [thread 27577] [25.0] [cxt 0] ../build_dependencies/net_cache.p4(114) Condition "hdr.ipv4.isValid()" (node_2) is false
[11:32:05.708] [bmv2] [D] [thread 27577] [25.0] [cxt 0] Pipeline 'ingress': end
[11:32:05.708] [bmv2] [D] [thread 27577] [25.0] [cxt 0] Egress port is 0
[11:32:05.708] [bmv2] [D] [thread 27578] [25.0] [cxt 0] Pipeline 'egress': start
[11:32:05.708] [bmv2] [D] [thread 27578] [25.0] [cxt 0] Pipeline 'egress': end
[11:32:05.708] [bmv2] [D] [thread 27578] [25.0] [cxt 0] Deparser 'deparser': start
[11:32:05.708] [bmv2] [T] [thread 27578] [25.0] [cxt 0] Skipping checksum 'cksum' update because condition not met
[11:32:05.708] [bmv2] [D] [thread 27578] [25.0] [cxt 0] Deparsing header 'ethernet'
[11:32:05.708] [bmv2] [D] [thread 27578] [25.0] [cxt 0] Deparser 'deparser': end
[11:32:05.708] [bmv2] [D] [thread 27582] [25.0] [cxt 0] Transmitting packet of size 90 out of port 0
[11:32:05.894] [bmv2] [D] [thread 27577] [26.0] [cxt 0] Processing packet received on port 2
[11:32:05.894] [bmv2] [D] [thread 27577] [26.0] [cxt 0] Parser 'parser': start
[11:32:05.894] [bmv2] [D] [thread 27577] [26.0] [cxt 0] Parser 'parser' entering state 'start'
[11:32:05.894] [bmv2] [D] [thread 27577] [26.0] [cxt 0] Extracting header 'ethernet'
[11:32:05.894] [bmv2] [D] [thread 27577] [26.0] [cxt 0] Parser state 'start': key is 86dd
[11:32:05.894] [bmv2] [T] [thread 27577] [26.0] [cxt 0] Bytes parsed: 14
[11:32:05.894] [bmv2] [D] [thread 27577] [26.0] [cxt 0] Parser 'parser': end
[11:32:05.894] [bmv2] [D] [thread 27577] [26.0] [cxt 0] Pipeline 'ingress': start
[11:32:05.894] [bmv2] [T] [thread 27577] [26.0] [cxt 0] ../build_dependencies/net_cache.p4(114) Condition "hdr.ipv4.isValid()" (node_2) is false
[11:32:05.894] [bmv2] [D] [thread 27577] [26.0] [cxt 0] Pipeline 'ingress': end
[11:32:05.894] [bmv2] [D] [thread 27577] [26.0] [cxt 0] Egress port is 0
[11:32:05.894] [bmv2] [D] [thread 27578] [26.0] [cxt 0] Pipeline 'egress': start
[11:32:05.894] [bmv2] [D] [thread 27578] [26.0] [cxt 0] Pipeline 'egress': end
[11:32:05.894] [bmv2] [D] [thread 27578] [26.0] [cxt 0] Deparser 'deparser': start
[11:32:05.894] [bmv2] [T] [thread 27578] [26.0] [cxt 0] Skipping checksum 'cksum' update because condition not met
[11:32:05.894] [bmv2] [D] [thread 27578] [26.0] [cxt 0] Deparsing header 'ethernet'
[11:32:05.894] [bmv2] [D] [thread 27578] [26.0] [cxt 0] Deparser 'deparser': end
[11:32:05.894] [bmv2] [D] [thread 27582] [26.0] [cxt 0] Transmitting packet of size 90 out of port 0
New connection
P4Runtime SetForwardingPipelineConfig
[11:32:07.308] [bmv2] [W] [thread 27666] [P4Runtime] p4::tmp::P4DeviceConfig is deprecated
[11:32:07.308] [bmv2] [D] [thread 27666] Set default default entry for table 'tbl_drop': MyIngress.drop - 
[11:32:07.308] [bmv2] [D] [thread 27666] Set default default entry for table 'MyIngress.ipv4_lpm': MyIngress.drop - 
P4Runtime Write
device_id: 1
election_id {
  low: 1
}
updates {
  type: INSERT
  entity {
    table_entry {
      table_id: 33574068
      match {
        field_id: 1
        lpm {
          value: "\n\000\001\001"
          prefix_len: 32
        }
      }
      action {
        action {
          action_id: 16799317
          params {
            param_id: 1
            value: "\010\000\000\000\001\021"
          }
          params {
            param_id: 2
            value: "\000\001"
          }
        }
      }
    }
  }
}
[11:32:07.311] [bmv2] [D] [thread 27666] Entry 0 added to table 'MyIngress.ipv4_lpm'
[11:32:07.311] [bmv2] [D] [thread 27666] Dumping entry 0
Match key:
* hdr.ipv4.dstAddr    : LPM       0a000101/32
Action entry: MyIngress.ipv4_forward - 80000000111,1,

P4Runtime Write
device_id: 1
election_id {
  low: 1
}
updates {
  type: INSERT
  entity {
    table_entry {
      table_id: 33574068
      match {
        field_id: 1
        lpm {
          value: "\n\000\002\002"
          prefix_len: 32
        }
      }
      action {
        action {
          action_id: 16799317
          params {
            param_id: 1
            value: "\010\000\000\000\002\000"
          }
          params {
            param_id: 2
            value: "\000\002"
          }
        }
      }
    }
  }
}
[11:32:07.312] [bmv2] [D] [thread 27666] Entry 1 added to table 'MyIngress.ipv4_lpm'
[11:32:07.312] [bmv2] [D] [thread 27666] Dumping entry 1
Match key:
* hdr.ipv4.dstAddr    : LPM       0a000202/32
Action entry: MyIngress.ipv4_forward - 80000000200,2,

P4Runtime Write
device_id: 1
election_id {
  low: 1
}
updates {
  type: INSERT
  entity {
    table_entry {
      table_id: 33574068
      match {
        field_id: 1
        lpm {
          value: "\n\000\003\003"
          prefix_len: 32
        }
      }
      action {
        action {
          action_id: 16799317
          params {
            param_id: 1
            value: "\010\000\000\000\003\000"
          }
          params {
            param_id: 2
            value: "\000\003"
          }
        }
      }
    }
  }
}
[11:32:07.313] [bmv2] [D] [thread 27666] Entry 2 added to table 'MyIngress.ipv4_lpm'
[11:32:07.313] [bmv2] [D] [thread 27666] Dumping entry 2
Match key:
* hdr.ipv4.dstAddr    : LPM       0a000303/32
Action entry: MyIngress.ipv4_forward - 80000000300,3,

P4Runtime Write
device_id: 1
election_id {
  low: 1
}
updates {
  type: INSERT
  entity {
    table_entry {
      table_id: 33574068
      match {
        field_id: 1
        lpm {
          value: "\300\000\000\000"
          prefix_len: 8
        }
      }
      action {
        action {
          action_id: 16799317
          params {
            param_id: 1
            value: "\010\000\000\000\001\021"
          }
          params {
            param_id: 2
            value: "\000\004"
          }
        }
      }
    }
  }
}
[11:32:07.314] [bmv2] [D] [thread 27666] Entry 3 added to table 'MyIngress.ipv4_lpm'
[11:32:07.314] [bmv2] [D] [thread 27666] Dumping entry 3
Match key:
* hdr.ipv4.dstAddr    : LPM       c0000000/8
Action entry: MyIngress.ipv4_forward - 80000000111,4,

Connection removed
[11:32:08.714] [bmv2] [D] [thread 27577] [27.0] [cxt 0] Processing packet received on port 3
[11:32:08.714] [bmv2] [D] [thread 27577] [27.0] [cxt 0] Parser 'parser': start
[11:32:08.714] [bmv2] [D] [thread 27577] [27.0] [cxt 0] Parser 'parser' entering state 'start'
[11:32:08.714] [bmv2] [D] [thread 27577] [27.0] [cxt 0] Extracting header 'ethernet'
[11:32:08.714] [bmv2] [D] [thread 27577] [27.0] [cxt 0] Parser state 'start': key is 86dd
[11:32:08.714] [bmv2] [T] [thread 27577] [27.0] [cxt 0] Bytes parsed: 14
[11:32:08.714] [bmv2] [D] [thread 27577] [27.0] [cxt 0] Parser 'parser': end
[11:32:08.714] [bmv2] [D] [thread 27577] [27.0] [cxt 0] Pipeline 'ingress': start
[11:32:08.714] [bmv2] [T] [thread 27577] [27.0] [cxt 0] ../build_dependencies/net_cache.p4(114) Condition "hdr.ipv4.isValid()" (node_2) is false
[11:32:08.714] [bmv2] [D] [thread 27577] [27.0] [cxt 0] Pipeline 'ingress': end
[11:32:08.714] [bmv2] [D] [thread 27577] [27.0] [cxt 0] Egress port is 0
[11:32:08.714] [bmv2] [D] [thread 27578] [27.0] [cxt 0] Pipeline 'egress': start
[11:32:08.714] [bmv2] [D] [thread 27578] [27.0] [cxt 0] Pipeline 'egress': end
[11:32:08.714] [bmv2] [D] [thread 27578] [27.0] [cxt 0] Deparser 'deparser': start
[11:32:08.714] [bmv2] [T] [thread 27578] [27.0] [cxt 0] Skipping checksum 'cksum' update because condition not met
[11:32:08.714] [bmv2] [D] [thread 27578] [27.0] [cxt 0] Deparsing header 'ethernet'
[11:32:08.714] [bmv2] [D] [thread 27578] [27.0] [cxt 0] Deparser 'deparser': end
[11:32:08.714] [bmv2] [D] [thread 27582] [27.0] [cxt 0] Transmitting packet of size 70 out of port 0
[11:32:08.908] [bmv2] [D] [thread 27577] [28.0] [cxt 0] Processing packet received on port 3
[11:32:08.908] [bmv2] [D] [thread 27577] [28.0] [cxt 0] Parser 'parser': start
[11:32:08.908] [bmv2] [D] [thread 27577] [28.0] [cxt 0] Parser 'parser' entering state 'start'
[11:32:08.908] [bmv2] [D] [thread 27577] [28.0] [cxt 0] Extracting header 'ethernet'
[11:32:08.908] [bmv2] [D] [thread 27577] [28.0] [cxt 0] Parser state 'start': key is 86dd
[11:32:08.908] [bmv2] [T] [thread 27577] [28.0] [cxt 0] Bytes parsed: 14
[11:32:08.908] [bmv2] [D] [thread 27577] [28.0] [cxt 0] Parser 'parser': end
[11:32:08.908] [bmv2] [D] [thread 27577] [28.0] [cxt 0] Pipeline 'ingress': start
[11:32:08.908] [bmv2] [T] [thread 27577] [28.0] [cxt 0] ../build_dependencies/net_cache.p4(114) Condition "hdr.ipv4.isValid()" (node_2) is false
[11:32:08.909] [bmv2] [D] [thread 27577] [28.0] [cxt 0] Pipeline 'ingress': end
[11:32:08.909] [bmv2] [D] [thread 27577] [28.0] [cxt 0] Egress port is 0
[11:32:08.909] [bmv2] [D] [thread 27578] [28.0] [cxt 0] Pipeline 'egress': start
[11:32:08.909] [bmv2] [D] [thread 27578] [28.0] [cxt 0] Pipeline 'egress': end
[11:32:08.909] [bmv2] [D] [thread 27578] [28.0] [cxt 0] Deparser 'deparser': start
[11:32:08.909] [bmv2] [T] [thread 27578] [28.0] [cxt 0] Skipping checksum 'cksum' update because condition not met
[11:32:08.909] [bmv2] [D] [thread 27578] [28.0] [cxt 0] Deparsing header 'ethernet'
[11:32:08.909] [bmv2] [D] [thread 27578] [28.0] [cxt 0] Deparser 'deparser': end
[11:32:08.909] [bmv2] [D] [thread 27582] [28.0] [cxt 0] Transmitting packet of size 70 out of port 0
[11:32:08.994] [bmv2] [D] [thread 27577] [29.0] [cxt 0] Processing packet received on port 1
[11:32:08.994] [bmv2] [D] [thread 27577] [29.0] [cxt 0] Parser 'parser': start
[11:32:08.994] [bmv2] [D] [thread 27577] [29.0] [cxt 0] Parser 'parser' entering state 'start'
[11:32:08.994] [bmv2] [D] [thread 27577] [29.0] [cxt 0] Extracting header 'ethernet'
[11:32:08.994] [bmv2] [D] [thread 27577] [29.0] [cxt 0] Parser state 'start': key is 86dd
[11:32:08.994] [bmv2] [T] [thread 27577] [29.0] [cxt 0] Bytes parsed: 14
[11:32:08.994] [bmv2] [D] [thread 27577] [29.0] [cxt 0] Parser 'parser': end
[11:32:08.994] [bmv2] [D] [thread 27577] [29.0] [cxt 0] Pipeline 'ingress': start
[11:32:08.994] [bmv2] [T] [thread 27577] [29.0] [cxt 0] ../build_dependencies/net_cache.p4(114) Condition "hdr.ipv4.isValid()" (node_2) is false
[11:32:08.994] [bmv2] [D] [thread 27577] [29.0] [cxt 0] Pipeline 'ingress': end
[11:32:08.994] [bmv2] [D] [thread 27577] [29.0] [cxt 0] Egress port is 0
[11:32:08.994] [bmv2] [D] [thread 27578] [29.0] [cxt 0] Pipeline 'egress': start
[11:32:08.994] [bmv2] [D] [thread 27578] [29.0] [cxt 0] Pipeline 'egress': end
[11:32:08.994] [bmv2] [D] [thread 27578] [29.0] [cxt 0] Deparser 'deparser': start
[11:32:08.994] [bmv2] [T] [thread 27578] [29.0] [cxt 0] Skipping checksum 'cksum' update because condition not met
[11:32:08.994] [bmv2] [D] [thread 27578] [29.0] [cxt 0] Deparsing header 'ethernet'
[11:32:08.994] [bmv2] [D] [thread 27578] [29.0] [cxt 0] Deparser 'deparser': end
[11:32:08.995] [bmv2] [D] [thread 27582] [29.0] [cxt 0] Transmitting packet of size 70 out of port 0
[11:32:09.113] [bmv2] [D] [thread 27577] [30.0] [cxt 0] Processing packet received on port 2
[11:32:09.113] [bmv2] [D] [thread 27577] [30.0] [cxt 0] Parser 'parser': start
[11:32:09.113] [bmv2] [D] [thread 27577] [30.0] [cxt 0] Parser 'parser' entering state 'start'
[11:32:09.113] [bmv2] [D] [thread 27577] [30.0] [cxt 0] Extracting header 'ethernet'
[11:32:09.113] [bmv2] [D] [thread 27577] [30.0] [cxt 0] Parser state 'start': key is 86dd
[11:32:09.113] [bmv2] [T] [thread 27577] [30.0] [cxt 0] Bytes parsed: 14
[11:32:09.113] [bmv2] [D] [thread 27577] [30.0] [cxt 0] Parser 'parser': end
[11:32:09.113] [bmv2] [D] [thread 27577] [30.0] [cxt 0] Pipeline 'ingress': start
[11:32:09.113] [bmv2] [T] [thread 27577] [30.0] [cxt 0] ../build_dependencies/net_cache.p4(114) Condition "hdr.ipv4.isValid()" (node_2) is false
[11:32:09.113] [bmv2] [D] [thread 27577] [30.0] [cxt 0] Pipeline 'ingress': end
[11:32:09.113] [bmv2] [D] [thread 27577] [30.0] [cxt 0] Egress port is 0
[11:32:09.114] [bmv2] [D] [thread 27578] [30.0] [cxt 0] Pipeline 'egress': start
[11:32:09.114] [bmv2] [D] [thread 27578] [30.0] [cxt 0] Pipeline 'egress': end
[11:32:09.114] [bmv2] [D] [thread 27578] [30.0] [cxt 0] Deparser 'deparser': start
[11:32:09.114] [bmv2] [T] [thread 27578] [30.0] [cxt 0] Skipping checksum 'cksum' update because condition not met
[11:32:09.114] [bmv2] [D] [thread 27578] [30.0] [cxt 0] Deparsing header 'ethernet'
[11:32:09.114] [bmv2] [D] [thread 27578] [30.0] [cxt 0] Deparser 'deparser': end
[11:32:09.114] [bmv2] [D] [thread 27582] [30.0] [cxt 0] Transmitting packet of size 70 out of port 0
[11:32:09.157] [bmv2] [D] [thread 27577] [31.0] [cxt 0] Processing packet received on port 4
[11:32:09.157] [bmv2] [D] [thread 27577] [31.0] [cxt 0] Parser 'parser': start
[11:32:09.157] [bmv2] [D] [thread 27577] [31.0] [cxt 0] Parser 'parser' entering state 'start'
[11:32:09.157] [bmv2] [D] [thread 27577] [31.0] [cxt 0] Extracting header 'ethernet'
[11:32:09.157] [bmv2] [D] [thread 27577] [31.0] [cxt 0] Parser state 'start': key is 86dd
[11:32:09.157] [bmv2] [T] [thread 27577] [31.0] [cxt 0] Bytes parsed: 14
[11:32:09.157] [bmv2] [D] [thread 27577] [31.0] [cxt 0] Parser 'parser': end
[11:32:09.157] [bmv2] [D] [thread 27577] [31.0] [cxt 0] Pipeline 'ingress': start
[11:32:09.157] [bmv2] [T] [thread 27577] [31.0] [cxt 0] ../build_dependencies/net_cache.p4(114) Condition "hdr.ipv4.isValid()" (node_2) is false
[11:32:09.157] [bmv2] [D] [thread 27577] [31.0] [cxt 0] Pipeline 'ingress': end
[11:32:09.157] [bmv2] [D] [thread 27577] [31.0] [cxt 0] Egress port is 0
[11:32:09.157] [bmv2] [D] [thread 27578] [31.0] [cxt 0] Pipeline 'egress': start
[11:32:09.157] [bmv2] [D] [thread 27578] [31.0] [cxt 0] Pipeline 'egress': end
[11:32:09.157] [bmv2] [D] [thread 27578] [31.0] [cxt 0] Deparser 'deparser': start
[11:32:09.157] [bmv2] [T] [thread 27578] [31.0] [cxt 0] Skipping checksum 'cksum' update because condition not met
[11:32:09.157] [bmv2] [D] [thread 27578] [31.0] [cxt 0] Deparsing header 'ethernet'
[11:32:09.157] [bmv2] [D] [thread 27578] [31.0] [cxt 0] Deparser 'deparser': end
[11:32:09.158] [bmv2] [D] [thread 27582] [31.0] [cxt 0] Transmitting packet of size 70 out of port 0
[11:32:09.293] [bmv2] [D] [thread 27577] [32.0] [cxt 0] Processing packet received on port 2
[11:32:09.293] [bmv2] [D] [thread 27577] [32.0] [cxt 0] Parser 'parser': start
[11:32:09.293] [bmv2] [D] [thread 27577] [32.0] [cxt 0] Parser 'parser' entering state 'start'
[11:32:09.293] [bmv2] [D] [thread 27577] [32.0] [cxt 0] Extracting header 'ethernet'
[11:32:09.293] [bmv2] [D] [thread 27577] [32.0] [cxt 0] Parser state 'start': key is 86dd
[11:32:09.293] [bmv2] [T] [thread 27577] [32.0] [cxt 0] Bytes parsed: 14
[11:32:09.293] [bmv2] [D] [thread 27577] [32.0] [cxt 0] Parser 'parser': end
[11:32:09.293] [bmv2] [D] [thread 27577] [32.0] [cxt 0] Pipeline 'ingress': start
[11:32:09.293] [bmv2] [T] [thread 27577] [32.0] [cxt 0] ../build_dependencies/net_cache.p4(114) Condition "hdr.ipv4.isValid()" (node_2) is false
[11:32:09.293] [bmv2] [D] [thread 27577] [32.0] [cxt 0] Pipeline 'ingress': end
[11:32:09.293] [bmv2] [D] [thread 27577] [32.0] [cxt 0] Egress port is 0
[11:32:09.293] [bmv2] [D] [thread 27578] [32.0] [cxt 0] Pipeline 'egress': start
[11:32:09.293] [bmv2] [D] [thread 27578] [32.0] [cxt 0] Pipeline 'egress': end
[11:32:09.293] [bmv2] [D] [thread 27578] [32.0] [cxt 0] Deparser 'deparser': start
[11:32:09.293] [bmv2] [T] [thread 27578] [32.0] [cxt 0] Skipping checksum 'cksum' update because condition not met
[11:32:09.293] [bmv2] [D] [thread 27578] [32.0] [cxt 0] Deparsing header 'ethernet'
[11:32:09.293] [bmv2] [D] [thread 27578] [32.0] [cxt 0] Deparser 'deparser': end
[11:32:09.293] [bmv2] [D] [thread 27582] [32.0] [cxt 0] Transmitting packet of size 70 out of port 0
[11:32:09.395] [bmv2] [D] [thread 27577] [33.0] [cxt 0] Processing packet received on port 4
[11:32:09.395] [bmv2] [D] [thread 27577] [33.0] [cxt 0] Parser 'parser': start
[11:32:09.395] [bmv2] [D] [thread 27577] [33.0] [cxt 0] Parser 'parser' entering state 'start'
[11:32:09.395] [bmv2] [D] [thread 27577] [33.0] [cxt 0] Extracting header 'ethernet'
[11:32:09.395] [bmv2] [D] [thread 27577] [33.0] [cxt 0] Parser state 'start': key is 86dd
[11:32:09.395] [bmv2] [T] [thread 27577] [33.0] [cxt 0] Bytes parsed: 14
[11:32:09.395] [bmv2] [D] [thread 27577] [33.0] [cxt 0] Parser 'parser': end
[11:32:09.395] [bmv2] [D] [thread 27577] [33.0] [cxt 0] Pipeline 'ingress': start
[11:32:09.395] [bmv2] [T] [thread 27577] [33.0] [cxt 0] ../build_dependencies/net_cache.p4(114) Condition "hdr.ipv4.isValid()" (node_2) is false
[11:32:09.395] [bmv2] [D] [thread 27577] [33.0] [cxt 0] Pipeline 'ingress': end
[11:32:09.395] [bmv2] [D] [thread 27577] [33.0] [cxt 0] Egress port is 0
[11:32:09.395] [bmv2] [D] [thread 27578] [33.0] [cxt 0] Pipeline 'egress': start
[11:32:09.395] [bmv2] [D] [thread 27578] [33.0] [cxt 0] Pipeline 'egress': end
[11:32:09.395] [bmv2] [D] [thread 27578] [33.0] [cxt 0] Deparser 'deparser': start
[11:32:09.395] [bmv2] [T] [thread 27578] [33.0] [cxt 0] Skipping checksum 'cksum' update because condition not met
[11:32:09.395] [bmv2] [D] [thread 27578] [33.0] [cxt 0] Deparsing header 'ethernet'
[11:32:09.395] [bmv2] [D] [thread 27578] [33.0] [cxt 0] Deparser 'deparser': end
[11:32:09.395] [bmv2] [D] [thread 27582] [33.0] [cxt 0] Transmitting packet of size 70 out of port 0
[11:32:12.751] [bmv2] [D] [thread 27577] [34.0] [cxt 0] Processing packet received on port 3
[11:32:12.751] [bmv2] [D] [thread 27577] [34.0] [cxt 0] Parser 'parser': start
[11:32:12.751] [bmv2] [D] [thread 27577] [34.0] [cxt 0] Parser 'parser' entering state 'start'
[11:32:12.751] [bmv2] [D] [thread 27577] [34.0] [cxt 0] Extracting header 'ethernet'
[11:32:12.751] [bmv2] [D] [thread 27577] [34.0] [cxt 0] Parser state 'start': key is 86dd
[11:32:12.751] [bmv2] [T] [thread 27577] [34.0] [cxt 0] Bytes parsed: 14
[11:32:12.751] [bmv2] [D] [thread 27577] [34.0] [cxt 0] Parser 'parser': end
[11:32:12.751] [bmv2] [D] [thread 27577] [34.0] [cxt 0] Pipeline 'ingress': start
[11:32:12.751] [bmv2] [T] [thread 27577] [34.0] [cxt 0] ../build_dependencies/net_cache.p4(114) Condition "hdr.ipv4.isValid()" (node_2) is false
[11:32:12.751] [bmv2] [D] [thread 27577] [34.0] [cxt 0] Pipeline 'ingress': end
[11:32:12.751] [bmv2] [D] [thread 27577] [34.0] [cxt 0] Egress port is 0
[11:32:12.751] [bmv2] [D] [thread 27578] [34.0] [cxt 0] Pipeline 'egress': start
[11:32:12.751] [bmv2] [D] [thread 27578] [34.0] [cxt 0] Pipeline 'egress': end
[11:32:12.751] [bmv2] [D] [thread 27578] [34.0] [cxt 0] Deparser 'deparser': start
[11:32:12.751] [bmv2] [T] [thread 27578] [34.0] [cxt 0] Skipping checksum 'cksum' update because condition not met
[11:32:12.751] [bmv2] [D] [thread 27578] [34.0] [cxt 0] Deparsing header 'ethernet'
[11:32:12.751] [bmv2] [D] [thread 27578] [34.0] [cxt 0] Deparser 'deparser': end
[11:32:12.751] [bmv2] [D] [thread 27582] [34.0] [cxt 0] Transmitting packet of size 70 out of port 0
[11:32:12.925] [bmv2] [D] [thread 27577] [35.0] [cxt 0] Processing packet received on port 3
[11:32:12.925] [bmv2] [D] [thread 27577] [35.0] [cxt 0] Parser 'parser': start
[11:32:12.925] [bmv2] [D] [thread 27577] [35.0] [cxt 0] Parser 'parser' entering state 'start'
[11:32:12.925] [bmv2] [D] [thread 27577] [35.0] [cxt 0] Extracting header 'ethernet'
[11:32:12.925] [bmv2] [D] [thread 27577] [35.0] [cxt 0] Parser state 'start': key is 86dd
[11:32:12.925] [bmv2] [T] [thread 27577] [35.0] [cxt 0] Bytes parsed: 14
[11:32:12.925] [bmv2] [D] [thread 27577] [35.0] [cxt 0] Parser 'parser': end
[11:32:12.925] [bmv2] [D] [thread 27577] [35.0] [cxt 0] Pipeline 'ingress': start
[11:32:12.925] [bmv2] [T] [thread 27577] [35.0] [cxt 0] ../build_dependencies/net_cache.p4(114) Condition "hdr.ipv4.isValid()" (node_2) is false
[11:32:12.925] [bmv2] [D] [thread 27577] [35.0] [cxt 0] Pipeline 'ingress': end
[11:32:12.925] [bmv2] [D] [thread 27577] [35.0] [cxt 0] Egress port is 0
[11:32:12.925] [bmv2] [D] [thread 27578] [35.0] [cxt 0] Pipeline 'egress': start
[11:32:12.925] [bmv2] [D] [thread 27578] [35.0] [cxt 0] Pipeline 'egress': end
[11:32:12.925] [bmv2] [D] [thread 27578] [35.0] [cxt 0] Deparser 'deparser': start
[11:32:12.925] [bmv2] [T] [thread 27578] [35.0] [cxt 0] Skipping checksum 'cksum' update because condition not met
[11:32:12.925] [bmv2] [D] [thread 27578] [35.0] [cxt 0] Deparsing header 'ethernet'
[11:32:12.925] [bmv2] [D] [thread 27578] [35.0] [cxt 0] Deparser 'deparser': end
[11:32:12.925] [bmv2] [D] [thread 27582] [35.0] [cxt 0] Transmitting packet of size 70 out of port 0
[11:32:13.002] [bmv2] [D] [thread 27577] [36.0] [cxt 0] Processing packet received on port 1
[11:32:13.002] [bmv2] [D] [thread 27577] [36.0] [cxt 0] Parser 'parser': start
[11:32:13.002] [bmv2] [D] [thread 27577] [36.0] [cxt 0] Parser 'parser' entering state 'start'
[11:32:13.002] [bmv2] [D] [thread 27577] [36.0] [cxt 0] Extracting header 'ethernet'
[11:32:13.002] [bmv2] [D] [thread 27577] [36.0] [cxt 0] Parser state 'start': key is 86dd
[11:32:13.002] [bmv2] [T] [thread 27577] [36.0] [cxt 0] Bytes parsed: 14
[11:32:13.002] [bmv2] [D] [thread 27577] [36.0] [cxt 0] Parser 'parser': end
[11:32:13.002] [bmv2] [D] [thread 27577] [36.0] [cxt 0] Pipeline 'ingress': start
[11:32:13.002] [bmv2] [T] [thread 27577] [36.0] [cxt 0] ../build_dependencies/net_cache.p4(114) Condition "hdr.ipv4.isValid()" (node_2) is false
[11:32:13.002] [bmv2] [D] [thread 27577] [36.0] [cxt 0] Pipeline 'ingress': end
[11:32:13.002] [bmv2] [D] [thread 27577] [36.0] [cxt 0] Egress port is 0
[11:32:13.002] [bmv2] [D] [thread 27578] [36.0] [cxt 0] Pipeline 'egress': start
[11:32:13.002] [bmv2] [D] [thread 27578] [36.0] [cxt 0] Pipeline 'egress': end
[11:32:13.002] [bmv2] [D] [thread 27578] [36.0] [cxt 0] Deparser 'deparser': start
[11:32:13.002] [bmv2] [T] [thread 27578] [36.0] [cxt 0] Skipping checksum 'cksum' update because condition not met
[11:32:13.002] [bmv2] [D] [thread 27578] [36.0] [cxt 0] Deparsing header 'ethernet'
[11:32:13.002] [bmv2] [D] [thread 27578] [36.0] [cxt 0] Deparser 'deparser': end
[11:32:13.002] [bmv2] [D] [thread 27582] [36.0] [cxt 0] Transmitting packet of size 70 out of port 0
[11:32:13.132] [bmv2] [D] [thread 27577] [37.0] [cxt 0] Processing packet received on port 2
[11:32:13.132] [bmv2] [D] [thread 27577] [37.0] [cxt 0] Parser 'parser': start
[11:32:13.132] [bmv2] [D] [thread 27577] [37.0] [cxt 0] Parser 'parser' entering state 'start'
[11:32:13.132] [bmv2] [D] [thread 27577] [37.0] [cxt 0] Extracting header 'ethernet'
[11:32:13.132] [bmv2] [D] [thread 27577] [37.0] [cxt 0] Parser state 'start': key is 86dd
[11:32:13.132] [bmv2] [T] [thread 27577] [37.0] [cxt 0] Bytes parsed: 14
[11:32:13.132] [bmv2] [D] [thread 27577] [37.0] [cxt 0] Parser 'parser': end
[11:32:13.132] [bmv2] [D] [thread 27577] [37.0] [cxt 0] Pipeline 'ingress': start
[11:32:13.132] [bmv2] [T] [thread 27577] [37.0] [cxt 0] ../build_dependencies/net_cache.p4(114) Condition "hdr.ipv4.isValid()" (node_2) is false
[11:32:13.132] [bmv2] [D] [thread 27577] [37.0] [cxt 0] Pipeline 'ingress': end
[11:32:13.132] [bmv2] [D] [thread 27577] [37.0] [cxt 0] Egress port is 0
[11:32:13.132] [bmv2] [D] [thread 27578] [37.0] [cxt 0] Pipeline 'egress': start
[11:32:13.132] [bmv2] [D] [thread 27578] [37.0] [cxt 0] Pipeline 'egress': end
[11:32:13.132] [bmv2] [D] [thread 27578] [37.0] [cxt 0] Deparser 'deparser': start
[11:32:13.132] [bmv2] [T] [thread 27578] [37.0] [cxt 0] Skipping checksum 'cksum' update because condition not met
[11:32:13.132] [bmv2] [D] [thread 27578] [37.0] [cxt 0] Deparsing header 'ethernet'
[11:32:13.132] [bmv2] [D] [thread 27578] [37.0] [cxt 0] Deparser 'deparser': end
[11:32:13.132] [bmv2] [D] [thread 27582] [37.0] [cxt 0] Transmitting packet of size 70 out of port 0
[11:32:13.169] [bmv2] [D] [thread 27577] [38.0] [cxt 0] Processing packet received on port 4
[11:32:13.169] [bmv2] [D] [thread 27577] [38.0] [cxt 0] Parser 'parser': start
[11:32:13.169] [bmv2] [D] [thread 27577] [38.0] [cxt 0] Parser 'parser' entering state 'start'
[11:32:13.169] [bmv2] [D] [thread 27577] [38.0] [cxt 0] Extracting header 'ethernet'
[11:32:13.169] [bmv2] [D] [thread 27577] [38.0] [cxt 0] Parser state 'start': key is 86dd
[11:32:13.169] [bmv2] [T] [thread 27577] [38.0] [cxt 0] Bytes parsed: 14
[11:32:13.169] [bmv2] [D] [thread 27577] [38.0] [cxt 0] Parser 'parser': end
[11:32:13.169] [bmv2] [D] [thread 27577] [38.0] [cxt 0] Pipeline 'ingress': start
[11:32:13.169] [bmv2] [T] [thread 27577] [38.0] [cxt 0] ../build_dependencies/net_cache.p4(114) Condition "hdr.ipv4.isValid()" (node_2) is false
[11:32:13.169] [bmv2] [D] [thread 27577] [38.0] [cxt 0] Pipeline 'ingress': end
[11:32:13.169] [bmv2] [D] [thread 27577] [38.0] [cxt 0] Egress port is 0
[11:32:13.170] [bmv2] [D] [thread 27578] [38.0] [cxt 0] Pipeline 'egress': start
[11:32:13.170] [bmv2] [D] [thread 27578] [38.0] [cxt 0] Pipeline 'egress': end
[11:32:13.170] [bmv2] [D] [thread 27578] [38.0] [cxt 0] Deparser 'deparser': start
[11:32:13.170] [bmv2] [T] [thread 27578] [38.0] [cxt 0] Skipping checksum 'cksum' update because condition not met
[11:32:13.170] [bmv2] [D] [thread 27578] [38.0] [cxt 0] Deparsing header 'ethernet'
[11:32:13.170] [bmv2] [D] [thread 27578] [38.0] [cxt 0] Deparser 'deparser': end
[11:32:13.169] [bmv2] [D] [thread 27582] [38.0] [cxt 0] Transmitting packet of size 70 out of port 0
[11:32:13.306] [bmv2] [D] [thread 27577] [39.0] [cxt 0] Processing packet received on port 2
[11:32:13.306] [bmv2] [D] [thread 27577] [39.0] [cxt 0] Parser 'parser': start
[11:32:13.306] [bmv2] [D] [thread 27577] [39.0] [cxt 0] Parser 'parser' entering state 'start'
[11:32:13.306] [bmv2] [D] [thread 27577] [39.0] [cxt 0] Extracting header 'ethernet'
[11:32:13.306] [bmv2] [D] [thread 27577] [39.0] [cxt 0] Parser state 'start': key is 86dd
[11:32:13.306] [bmv2] [T] [thread 27577] [39.0] [cxt 0] Bytes parsed: 14
[11:32:13.306] [bmv2] [D] [thread 27577] [39.0] [cxt 0] Parser 'parser': end
[11:32:13.306] [bmv2] [D] [thread 27577] [39.0] [cxt 0] Pipeline 'ingress': start
[11:32:13.306] [bmv2] [T] [thread 27577] [39.0] [cxt 0] ../build_dependencies/net_cache.p4(114) Condition "hdr.ipv4.isValid()" (node_2) is false
[11:32:13.306] [bmv2] [D] [thread 27577] [39.0] [cxt 0] Pipeline 'ingress': end
[11:32:13.306] [bmv2] [D] [thread 27577] [39.0] [cxt 0] Egress port is 0
[11:32:13.306] [bmv2] [D] [thread 27578] [39.0] [cxt 0] Pipeline 'egress': start
[11:32:13.306] [bmv2] [D] [thread 27578] [39.0] [cxt 0] Pipeline 'egress': end
[11:32:13.306] [bmv2] [D] [thread 27578] [39.0] [cxt 0] Deparser 'deparser': start
[11:32:13.306] [bmv2] [T] [thread 27578] [39.0] [cxt 0] Skipping checksum 'cksum' update because condition not met
[11:32:13.306] [bmv2] [D] [thread 27578] [39.0] [cxt 0] Deparsing header 'ethernet'
[11:32:13.306] [bmv2] [D] [thread 27578] [39.0] [cxt 0] Deparser 'deparser': end
[11:32:13.306] [bmv2] [D] [thread 27582] [39.0] [cxt 0] Transmitting packet of size 70 out of port 0
[11:32:13.402] [bmv2] [D] [thread 27577] [40.0] [cxt 0] Processing packet received on port 4
[11:32:13.402] [bmv2] [D] [thread 27577] [40.0] [cxt 0] Parser 'parser': start
[11:32:13.402] [bmv2] [D] [thread 27577] [40.0] [cxt 0] Parser 'parser' entering state 'start'
[11:32:13.402] [bmv2] [D] [thread 27577] [40.0] [cxt 0] Extracting header 'ethernet'
[11:32:13.402] [bmv2] [D] [thread 27577] [40.0] [cxt 0] Parser state 'start': key is 86dd
[11:32:13.402] [bmv2] [T] [thread 27577] [40.0] [cxt 0] Bytes parsed: 14
[11:32:13.402] [bmv2] [D] [thread 27577] [40.0] [cxt 0] Parser 'parser': end
[11:32:13.402] [bmv2] [D] [thread 27577] [40.0] [cxt 0] Pipeline 'ingress': start
[11:32:13.402] [bmv2] [T] [thread 27577] [40.0] [cxt 0] ../build_dependencies/net_cache.p4(114) Condition "hdr.ipv4.isValid()" (node_2) is false
[11:32:13.402] [bmv2] [D] [thread 27577] [40.0] [cxt 0] Pipeline 'ingress': end
[11:32:13.402] [bmv2] [D] [thread 27577] [40.0] [cxt 0] Egress port is 0
[11:32:13.402] [bmv2] [D] [thread 27578] [40.0] [cxt 0] Pipeline 'egress': start
[11:32:13.402] [bmv2] [D] [thread 27578] [40.0] [cxt 0] Pipeline 'egress': end
[11:32:13.402] [bmv2] [D] [thread 27578] [40.0] [cxt 0] Deparser 'deparser': start
[11:32:13.402] [bmv2] [T] [thread 27578] [40.0] [cxt 0] Skipping checksum 'cksum' update because condition not met
[11:32:13.402] [bmv2] [D] [thread 27578] [40.0] [cxt 0] Deparsing header 'ethernet'
[11:32:13.402] [bmv2] [D] [thread 27578] [40.0] [cxt 0] Deparser 'deparser': end
[11:32:13.402] [bmv2] [D] [thread 27582] [40.0] [cxt 0] Transmitting packet of size 70 out of port 0
New connection
P4Runtime SetForwardingPipelineConfig
[11:32:20.102] [bmv2] [W] [thread 27666] [P4Runtime] p4::tmp::P4DeviceConfig is deprecated
[11:32:20.102] [bmv2] [D] [thread 27666] Set default default entry for table 'tbl_drop': MyIngress.drop - 
[11:32:20.102] [bmv2] [D] [thread 27666] Set default default entry for table 'MyIngress.ipv4_lpm': MyIngress.drop - 
P4Runtime Write
device_id: 1
election_id {
  low: 1
}
updates {
  type: INSERT
  entity {
    table_entry {
      table_id: 33574068
      match {
        field_id: 1
        lpm {
          value: "\n\000\001\001"
          prefix_len: 32
        }
      }
      action {
        action {
          action_id: 16799317
          params {
            param_id: 1
            value: "\010\000\000\000\001\021"
          }
          params {
            param_id: 2
            value: "\000\001"
          }
        }
      }
    }
  }
}
[11:32:20.114] [bmv2] [D] [thread 27666] Entry 0 added to table 'MyIngress.ipv4_lpm'
[11:32:20.114] [bmv2] [D] [thread 27666] Dumping entry 0
Match key:
* hdr.ipv4.dstAddr    : LPM       0a000101/32
Action entry: MyIngress.ipv4_forward - 80000000111,1,

P4Runtime Write
device_id: 1
election_id {
  low: 1
}
updates {
  type: INSERT
  entity {
    table_entry {
      table_id: 33574068
      match {
        field_id: 1
        lpm {
          value: "\n\000\002\002"
          prefix_len: 32
        }
      }
      action {
        action {
          action_id: 16799317
          params {
            param_id: 1
            value: "\010\000\000\000\002\000"
          }
          params {
            param_id: 2
            value: "\000\002"
          }
        }
      }
    }
  }
}
[11:32:20.116] [bmv2] [D] [thread 27666] Entry 1 added to table 'MyIngress.ipv4_lpm'
[11:32:20.116] [bmv2] [D] [thread 27666] Dumping entry 1
Match key:
* hdr.ipv4.dstAddr    : LPM       0a000202/32
Action entry: MyIngress.ipv4_forward - 80000000200,2,

P4Runtime Write
device_id: 1
election_id {
  low: 1
}
updates {
  type: INSERT
  entity {
    table_entry {
      table_id: 33574068
      match {
        field_id: 1
        lpm {
          value: "\n\000\003\003"
          prefix_len: 32
        }
      }
      action {
        action {
          action_id: 16799317
          params {
            param_id: 1
            value: "\010\000\000\000\003\000"
          }
          params {
            param_id: 2
            value: "\000\003"
          }
        }
      }
    }
  }
}
[11:32:20.117] [bmv2] [D] [thread 27666] Entry 2 added to table 'MyIngress.ipv4_lpm'
[11:32:20.117] [bmv2] [D] [thread 27666] Dumping entry 2
Match key:
* hdr.ipv4.dstAddr    : LPM       0a000303/32
Action entry: MyIngress.ipv4_forward - 80000000300,3,

P4Runtime Write
device_id: 1
election_id {
  low: 1
}
updates {
  type: INSERT
  entity {
    table_entry {
      table_id: 33574068
      match {
        field_id: 1
        lpm {
          value: "\300\000\000\000"
          prefix_len: 8
        }
      }
      action {
        action {
          action_id: 16799317
          params {
            param_id: 1
            value: "\010\000\000\000\000\000"
          }
          params {
            param_id: 2
            value: "\000\004"
          }
        }
      }
    }
  }
}
[11:32:20.149] [bmv2] [D] [thread 27666] Entry 3 added to table 'MyIngress.ipv4_lpm'
[11:32:20.149] [bmv2] [D] [thread 27666] Dumping entry 3
Match key:
* hdr.ipv4.dstAddr    : LPM       c0000000/8
Action entry: MyIngress.ipv4_forward - 80000000000,4,

open: No such file or directory
open: No such file or directory
open: No such file or directory
open: No such file or directory
open: No such file or directory
open: No such file or directory
open: No such file or directory
