Calling target program-options parser
[11:32:05.248] [bmv2] [D] [thread 27600] Set default default entry for table 'tbl_drop': MyIngress.drop - 
[11:32:05.249] [bmv2] [D] [thread 27600] Set default default entry for table 'MyIngress.ipv4_lpm': MyIngress.drop - 
Adding interface s3-eth1 as port 1
[11:32:05.249] [bmv2] [D] [thread 27600] Adding interface s3-eth1 as port 1
Adding interface s3-eth2 as port 2
[11:32:05.266] [bmv2] [D] [thread 27600] Adding interface s3-eth2 as port 2
Adding interface s3-eth3 as port 3
[11:32:05.288] [bmv2] [D] [thread 27600] Adding interface s3-eth3 as port 3
Adding interface s3-eth4 as port 4
[11:32:05.313] [bmv2] [D] [thread 27600] Adding interface s3-eth4 as port 4
I0508 11:32:05.342199697   27600 server_builder.cc:247]      Synchronous server. Num CQs: 1, Min pollers: 1, Max Pollers: 2147483647, CQ timeout (msec): 1000
Server listening on 0.0.0.0:50054
[11:32:05.343] [bmv2] [I] [thread 27600] Starting Thrift server on port 9093
[11:32:05.343] [bmv2] [I] [thread 27600] Thrift server was started
[11:32:05.344] [bmv2] [D] [thread 27607] [0.0] [cxt 0] Processing packet received on port 1
[11:32:05.344] [bmv2] [D] [thread 27607] [0.0] [cxt 0] Parser 'parser': start
[11:32:05.344] [bmv2] [D] [thread 27607] [0.0] [cxt 0] Parser 'parser' entering state 'start'
[11:32:05.344] [bmv2] [D] [thread 27607] [0.0] [cxt 0] Extracting header 'ethernet'
[11:32:05.344] [bmv2] [D] [thread 27607] [0.0] [cxt 0] Parser state 'start': key is 86dd
[11:32:05.344] [bmv2] [T] [thread 27607] [0.0] [cxt 0] Bytes parsed: 14
[11:32:05.344] [bmv2] [D] [thread 27607] [0.0] [cxt 0] Parser 'parser': end
[11:32:05.344] [bmv2] [D] [thread 27607] [0.0] [cxt 0] Pipeline 'ingress': start
[11:32:05.344] [bmv2] [T] [thread 27607] [0.0] [cxt 0] ../build_dependencies/net_cache.p4(114) Condition "hdr.ipv4.isValid()" (node_2) is false
[11:32:05.344] [bmv2] [D] [thread 27607] [0.0] [cxt 0] Pipeline 'ingress': end
[11:32:05.344] [bmv2] [D] [thread 27607] [0.0] [cxt 0] Egress port is 0
[11:32:05.344] [bmv2] [D] [thread 27607] [1.0] [cxt 0] Processing packet received on port 1
[11:32:05.344] [bmv2] [D] [thread 27607] [1.0] [cxt 0] Parser 'parser': start
[11:32:05.344] [bmv2] [D] [thread 27607] [1.0] [cxt 0] Parser 'parser' entering state 'start'
[11:32:05.344] [bmv2] [D] [thread 27607] [1.0] [cxt 0] Extracting header 'ethernet'
[11:32:05.344] [bmv2] [D] [thread 27607] [1.0] [cxt 0] Parser state 'start': key is 86dd
[11:32:05.344] [bmv2] [T] [thread 27607] [1.0] [cxt 0] Bytes parsed: 14
[11:32:05.344] [bmv2] [D] [thread 27607] [1.0] [cxt 0] Parser 'parser': end
[11:32:05.344] [bmv2] [D] [thread 27607] [1.0] [cxt 0] Pipeline 'ingress': start
[11:32:05.344] [bmv2] [T] [thread 27607] [1.0] [cxt 0] ../build_dependencies/net_cache.p4(114) Condition "hdr.ipv4.isValid()" (node_2) is false
[11:32:05.344] [bmv2] [D] [thread 27607] [1.0] [cxt 0] Pipeline 'ingress': end
[11:32:05.344] [bmv2] [D] [thread 27607] [1.0] [cxt 0] Egress port is 0
[11:32:05.344] [bmv2] [D] [thread 27608] [0.0] [cxt 0] Pipeline 'egress': start
[11:32:05.344] [bmv2] [D] [thread 27608] [0.0] [cxt 0] Pipeline 'egress': end
[11:32:05.344] [bmv2] [D] [thread 27608] [0.0] [cxt 0] Deparser 'deparser': start
[11:32:05.344] [bmv2] [T] [thread 27608] [0.0] [cxt 0] Skipping checksum 'cksum' update because condition not met
[11:32:05.344] [bmv2] [D] [thread 27608] [0.0] [cxt 0] Deparsing header 'ethernet'
[11:32:05.344] [bmv2] [D] [thread 27608] [0.0] [cxt 0] Deparser 'deparser': end
[11:32:05.344] [bmv2] [D] [thread 27608] [1.0] [cxt 0] Pipeline 'egress': start
[11:32:05.344] [bmv2] [D] [thread 27608] [1.0] [cxt 0] Pipeline 'egress': end
[11:32:05.344] [bmv2] [D] [thread 27608] [1.0] [cxt 0] Deparser 'deparser': start
[11:32:05.344] [bmv2] [T] [thread 27608] [1.0] [cxt 0] Skipping checksum 'cksum' update because condition not met
[11:32:05.344] [bmv2] [D] [thread 27608] [1.0] [cxt 0] Deparsing header 'ethernet'
[11:32:05.344] [bmv2] [D] [thread 27608] [1.0] [cxt 0] Deparser 'deparser': end
[11:32:05.344] [bmv2] [D] [thread 27612] [0.0] [cxt 0] Transmitting packet of size 90 out of port 0
[11:32:05.344] [bmv2] [D] [thread 27612] [1.0] [cxt 0] Transmitting packet of size 70 out of port 0
[11:32:05.361] [bmv2] [D] [thread 27607] [2.0] [cxt 0] Processing packet received on port 4
[11:32:05.361] [bmv2] [D] [thread 27607] [2.0] [cxt 0] Parser 'parser': start
[11:32:05.361] [bmv2] [D] [thread 27607] [2.0] [cxt 0] Parser 'parser' entering state 'start'
[11:32:05.361] [bmv2] [D] [thread 27607] [2.0] [cxt 0] Extracting header 'ethernet'
[11:32:05.361] [bmv2] [D] [thread 27607] [2.0] [cxt 0] Parser state 'start': key is 86dd
[11:32:05.361] [bmv2] [T] [thread 27607] [2.0] [cxt 0] Bytes parsed: 14
[11:32:05.361] [bmv2] [D] [thread 27607] [2.0] [cxt 0] Parser 'parser': end
[11:32:05.361] [bmv2] [D] [thread 27607] [2.0] [cxt 0] Pipeline 'ingress': start
[11:32:05.361] [bmv2] [T] [thread 27607] [2.0] [cxt 0] ../build_dependencies/net_cache.p4(114) Condition "hdr.ipv4.isValid()" (node_2) is false
[11:32:05.361] [bmv2] [D] [thread 27607] [2.0] [cxt 0] Pipeline 'ingress': end
[11:32:05.361] [bmv2] [D] [thread 27607] [2.0] [cxt 0] Egress port is 0
[11:32:05.361] [bmv2] [D] [thread 27608] [2.0] [cxt 0] Pipeline 'egress': start
[11:32:05.361] [bmv2] [D] [thread 27608] [2.0] [cxt 0] Pipeline 'egress': end
[11:32:05.361] [bmv2] [D] [thread 27608] [2.0] [cxt 0] Deparser 'deparser': start
[11:32:05.361] [bmv2] [T] [thread 27608] [2.0] [cxt 0] Skipping checksum 'cksum' update because condition not met
[11:32:05.361] [bmv2] [D] [thread 27608] [2.0] [cxt 0] Deparsing header 'ethernet'
[11:32:05.361] [bmv2] [D] [thread 27608] [2.0] [cxt 0] Deparser 'deparser': end
[11:32:05.361] [bmv2] [D] [thread 27612] [2.0] [cxt 0] Transmitting packet of size 90 out of port 0
[11:32:05.433] [bmv2] [D] [thread 27607] [3.0] [cxt 0] Processing packet received on port 2
[11:32:05.433] [bmv2] [D] [thread 27607] [3.0] [cxt 0] Parser 'parser': start
[11:32:05.433] [bmv2] [D] [thread 27607] [3.0] [cxt 0] Parser 'parser' entering state 'start'
[11:32:05.433] [bmv2] [D] [thread 27607] [3.0] [cxt 0] Extracting header 'ethernet'
[11:32:05.433] [bmv2] [D] [thread 27607] [3.0] [cxt 0] Parser state 'start': key is 86dd
[11:32:05.433] [bmv2] [T] [thread 27607] [3.0] [cxt 0] Bytes parsed: 14
[11:32:05.433] [bmv2] [D] [thread 27607] [3.0] [cxt 0] Parser 'parser': end
[11:32:05.433] [bmv2] [D] [thread 27607] [3.0] [cxt 0] Pipeline 'ingress': start
[11:32:05.433] [bmv2] [T] [thread 27607] [3.0] [cxt 0] ../build_dependencies/net_cache.p4(114) Condition "hdr.ipv4.isValid()" (node_2) is false
[11:32:05.433] [bmv2] [D] [thread 27607] [3.0] [cxt 0] Pipeline 'ingress': end
[11:32:05.433] [bmv2] [D] [thread 27607] [3.0] [cxt 0] Egress port is 0
[11:32:05.433] [bmv2] [D] [thread 27608] [3.0] [cxt 0] Pipeline 'egress': start
[11:32:05.433] [bmv2] [D] [thread 27608] [3.0] [cxt 0] Pipeline 'egress': end
[11:32:05.433] [bmv2] [D] [thread 27608] [3.0] [cxt 0] Deparser 'deparser': start
[11:32:05.433] [bmv2] [T] [thread 27608] [3.0] [cxt 0] Skipping checksum 'cksum' update because condition not met
[11:32:05.433] [bmv2] [D] [thread 27608] [3.0] [cxt 0] Deparsing header 'ethernet'
[11:32:05.433] [bmv2] [D] [thread 27608] [3.0] [cxt 0] Deparser 'deparser': end
[11:32:05.433] [bmv2] [D] [thread 27612] [3.0] [cxt 0] Transmitting packet of size 90 out of port 0
[11:32:05.755] [bmv2] [D] [thread 27607] [4.0] [cxt 0] Processing packet received on port 4
[11:32:05.755] [bmv2] [D] [thread 27607] [4.0] [cxt 0] Parser 'parser': start
[11:32:05.755] [bmv2] [D] [thread 27607] [4.0] [cxt 0] Parser 'parser' entering state 'start'
[11:32:05.755] [bmv2] [D] [thread 27607] [4.0] [cxt 0] Extracting header 'ethernet'
[11:32:05.755] [bmv2] [D] [thread 27607] [4.0] [cxt 0] Parser state 'start': key is 86dd
[11:32:05.755] [bmv2] [T] [thread 27607] [4.0] [cxt 0] Bytes parsed: 14
[11:32:05.755] [bmv2] [D] [thread 27607] [4.0] [cxt 0] Parser 'parser': end
[11:32:05.755] [bmv2] [D] [thread 27607] [4.0] [cxt 0] Pipeline 'ingress': start
[11:32:05.755] [bmv2] [T] [thread 27607] [4.0] [cxt 0] ../build_dependencies/net_cache.p4(114) Condition "hdr.ipv4.isValid()" (node_2) is false
[11:32:05.755] [bmv2] [D] [thread 27607] [4.0] [cxt 0] Pipeline 'ingress': end
[11:32:05.755] [bmv2] [D] [thread 27607] [4.0] [cxt 0] Egress port is 0
[11:32:05.755] [bmv2] [D] [thread 27608] [4.0] [cxt 0] Pipeline 'egress': start
[11:32:05.755] [bmv2] [D] [thread 27608] [4.0] [cxt 0] Pipeline 'egress': end
[11:32:05.755] [bmv2] [D] [thread 27608] [4.0] [cxt 0] Deparser 'deparser': start
[11:32:05.755] [bmv2] [T] [thread 27608] [4.0] [cxt 0] Skipping checksum 'cksum' update because condition not met
[11:32:05.755] [bmv2] [D] [thread 27608] [4.0] [cxt 0] Deparsing header 'ethernet'
[11:32:05.755] [bmv2] [D] [thread 27608] [4.0] [cxt 0] Deparser 'deparser': end
[11:32:05.755] [bmv2] [D] [thread 27612] [4.0] [cxt 0] Transmitting packet of size 90 out of port 0
[11:32:06.275] [bmv2] [D] [thread 27607] [5.0] [cxt 0] Processing packet received on port 1
[11:32:06.275] [bmv2] [D] [thread 27607] [5.0] [cxt 0] Parser 'parser': start
[11:32:06.275] [bmv2] [D] [thread 27607] [5.0] [cxt 0] Parser 'parser' entering state 'start'
[11:32:06.275] [bmv2] [D] [thread 27607] [5.0] [cxt 0] Extracting header 'ethernet'
[11:32:06.275] [bmv2] [D] [thread 27607] [5.0] [cxt 0] Parser state 'start': key is 86dd
[11:32:06.275] [bmv2] [T] [thread 27607] [5.0] [cxt 0] Bytes parsed: 14
[11:32:06.275] [bmv2] [D] [thread 27607] [5.0] [cxt 0] Parser 'parser': end
[11:32:06.275] [bmv2] [D] [thread 27607] [5.0] [cxt 0] Pipeline 'ingress': start
[11:32:06.275] [bmv2] [T] [thread 27607] [5.0] [cxt 0] ../build_dependencies/net_cache.p4(114) Condition "hdr.ipv4.isValid()" (node_2) is false
[11:32:06.275] [bmv2] [D] [thread 27607] [5.0] [cxt 0] Pipeline 'ingress': end
[11:32:06.275] [bmv2] [D] [thread 27607] [5.0] [cxt 0] Egress port is 0
[11:32:06.275] [bmv2] [D] [thread 27608] [5.0] [cxt 0] Pipeline 'egress': start
[11:32:06.275] [bmv2] [D] [thread 27608] [5.0] [cxt 0] Pipeline 'egress': end
[11:32:06.275] [bmv2] [D] [thread 27608] [5.0] [cxt 0] Deparser 'deparser': start
[11:32:06.275] [bmv2] [T] [thread 27608] [5.0] [cxt 0] Skipping checksum 'cksum' update because condition not met
[11:32:06.275] [bmv2] [D] [thread 27608] [5.0] [cxt 0] Deparsing header 'ethernet'
[11:32:06.275] [bmv2] [D] [thread 27608] [5.0] [cxt 0] Deparser 'deparser': end
[11:32:06.275] [bmv2] [D] [thread 27612] [5.0] [cxt 0] Transmitting packet of size 90 out of port 0
New connection
P4Runtime SetForwardingPipelineConfig
[11:32:07.282] [bmv2] [W] [thread 27645] [P4Runtime] p4::tmp::P4DeviceConfig is deprecated
[11:32:07.283] [bmv2] [D] [thread 27645] Set default default entry for table 'tbl_drop': MyIngress.drop - 
[11:32:07.283] [bmv2] [D] [thread 27645] Set default default entry for table 'MyIngress.ipv4_lpm': MyIngress.drop - 
P4Runtime Write
device_id: 3
election_id {
  low: 1
}
updates {
  type: INSERT
  entity {
    table_entry {
      table_id: 33574068
      match {
        field_id: 1
        lpm {
          value: "\n\000\001\001"
          prefix_len: 32
        }
      }
      action {
        action {
          action_id: 16799317
          params {
            param_id: 1
            value: "\010\000\000\000\001\000"
          }
          params {
            param_id: 2
            value: "\000\002"
          }
        }
      }
    }
  }
}
[11:32:07.288] [bmv2] [D] [thread 27645] Entry 0 added to table 'MyIngress.ipv4_lpm'
[11:32:07.288] [bmv2] [D] [thread 27645] Dumping entry 0
Match key:
* hdr.ipv4.dstAddr    : LPM       0a000101/32
Action entry: MyIngress.ipv4_forward - 80000000100,2,

P4Runtime Write
device_id: 3
election_id {
  low: 1
}
updates {
  type: INSERT
  entity {
    table_entry {
      table_id: 33574068
      match {
        field_id: 1
        lpm {
          value: "\n\000\002\002"
          prefix_len: 32
        }
      }
      action {
        action {
          action_id: 16799317
          params {
            param_id: 1
            value: "\010\000\000\000\002\000"
          }
          params {
            param_id: 2
            value: "\000\003"
          }
        }
      }
    }
  }
}
[11:32:07.289] [bmv2] [D] [thread 27645] Entry 1 added to table 'MyIngress.ipv4_lpm'
[11:32:07.289] [bmv2] [D] [thread 27645] Dumping entry 1
Match key:
* hdr.ipv4.dstAddr    : LPM       0a000202/32
Action entry: MyIngress.ipv4_forward - 80000000200,3,

P4Runtime Write
device_id: 3
election_id {
  low: 1
}
updates {
  type: INSERT
  entity {
    table_entry {
      table_id: 33574068
      match {
        field_id: 1
        lpm {
          value: "\n\000\003\003"
          prefix_len: 32
        }
      }
      action {
        action {
          action_id: 16799317
          params {
            param_id: 1
            value: "\010\000\000\000\0033"
          }
          params {
            param_id: 2
            value: "\000\001"
          }
        }
      }
    }
  }
}
[11:32:07.290] [bmv2] [D] [thread 27645] Entry 2 added to table 'MyIngress.ipv4_lpm'
[11:32:07.290] [bmv2] [D] [thread 27645] Dumping entry 2
Match key:
* hdr.ipv4.dstAddr    : LPM       0a000303/32
Action entry: MyIngress.ipv4_forward - 80000000333,1,

P4Runtime Write
device_id: 3
election_id {
  low: 1
}
updates {
  type: INSERT
  entity {
    table_entry {
      table_id: 33574068
      match {
        field_id: 1
        lpm {
          value: "\300\000\000\000"
          prefix_len: 8
        }
      }
      action {
        action {
          action_id: 16799317
          params {
            param_id: 1
            value: "\010\000\000\000\001\000"
          }
          params {
            param_id: 2
            value: "\000\004"
          }
        }
      }
    }
  }
}
[11:32:07.290] [bmv2] [D] [thread 27645] Entry 3 added to table 'MyIngress.ipv4_lpm'
[11:32:07.290] [bmv2] [D] [thread 27645] Dumping entry 3
Match key:
* hdr.ipv4.dstAddr    : LPM       c0000000/8
Action entry: MyIngress.ipv4_forward - 80000000100,4,

Connection removed
[11:32:08.542] [bmv2] [D] [thread 27607] [6.0] [cxt 0] Processing packet received on port 3
[11:32:08.542] [bmv2] [D] [thread 27607] [6.0] [cxt 0] Parser 'parser': start
[11:32:08.542] [bmv2] [D] [thread 27607] [6.0] [cxt 0] Parser 'parser' entering state 'start'
[11:32:08.542] [bmv2] [D] [thread 27607] [6.0] [cxt 0] Extracting header 'ethernet'
[11:32:08.542] [bmv2] [D] [thread 27607] [6.0] [cxt 0] Parser state 'start': key is 86dd
[11:32:08.542] [bmv2] [T] [thread 27607] [6.0] [cxt 0] Bytes parsed: 14
[11:32:08.542] [bmv2] [D] [thread 27607] [6.0] [cxt 0] Parser 'parser': end
[11:32:08.542] [bmv2] [D] [thread 27607] [6.0] [cxt 0] Pipeline 'ingress': start
[11:32:08.542] [bmv2] [T] [thread 27607] [6.0] [cxt 0] ../build_dependencies/net_cache.p4(114) Condition "hdr.ipv4.isValid()" (node_2) is false
[11:32:08.542] [bmv2] [D] [thread 27607] [6.0] [cxt 0] Pipeline 'ingress': end
[11:32:08.542] [bmv2] [D] [thread 27607] [6.0] [cxt 0] Egress port is 0
[11:32:08.542] [bmv2] [D] [thread 27608] [6.0] [cxt 0] Pipeline 'egress': start
[11:32:08.542] [bmv2] [D] [thread 27608] [6.0] [cxt 0] Pipeline 'egress': end
[11:32:08.542] [bmv2] [D] [thread 27608] [6.0] [cxt 0] Deparser 'deparser': start
[11:32:08.542] [bmv2] [T] [thread 27608] [6.0] [cxt 0] Skipping checksum 'cksum' update because condition not met
[11:32:08.542] [bmv2] [D] [thread 27608] [6.0] [cxt 0] Deparsing header 'ethernet'
[11:32:08.542] [bmv2] [D] [thread 27608] [6.0] [cxt 0] Deparser 'deparser': end
[11:32:08.542] [bmv2] [D] [thread 27612] [6.0] [cxt 0] Transmitting packet of size 70 out of port 0
[11:32:08.713] [bmv2] [D] [thread 27607] [7.0] [cxt 0] Processing packet received on port 2
[11:32:08.713] [bmv2] [D] [thread 27607] [7.0] [cxt 0] Parser 'parser': start
[11:32:08.713] [bmv2] [D] [thread 27607] [7.0] [cxt 0] Parser 'parser' entering state 'start'
[11:32:08.713] [bmv2] [D] [thread 27607] [7.0] [cxt 0] Extracting header 'ethernet'
[11:32:08.713] [bmv2] [D] [thread 27607] [7.0] [cxt 0] Parser state 'start': key is 86dd
[11:32:08.713] [bmv2] [T] [thread 27607] [7.0] [cxt 0] Bytes parsed: 14
[11:32:08.713] [bmv2] [D] [thread 27607] [7.0] [cxt 0] Parser 'parser': end
[11:32:08.713] [bmv2] [D] [thread 27607] [7.0] [cxt 0] Pipeline 'ingress': start
[11:32:08.713] [bmv2] [T] [thread 27607] [7.0] [cxt 0] ../build_dependencies/net_cache.p4(114) Condition "hdr.ipv4.isValid()" (node_2) is false
[11:32:08.713] [bmv2] [D] [thread 27607] [7.0] [cxt 0] Pipeline 'ingress': end
[11:32:08.713] [bmv2] [D] [thread 27607] [7.0] [cxt 0] Egress port is 0
[11:32:08.713] [bmv2] [D] [thread 27608] [7.0] [cxt 0] Pipeline 'egress': start
[11:32:08.713] [bmv2] [D] [thread 27608] [7.0] [cxt 0] Pipeline 'egress': end
[11:32:08.713] [bmv2] [D] [thread 27608] [7.0] [cxt 0] Deparser 'deparser': start
[11:32:08.714] [bmv2] [T] [thread 27608] [7.0] [cxt 0] Skipping checksum 'cksum' update because condition not met
[11:32:08.714] [bmv2] [D] [thread 27608] [7.0] [cxt 0] Deparsing header 'ethernet'
[11:32:08.714] [bmv2] [D] [thread 27608] [7.0] [cxt 0] Deparser 'deparser': end
[11:32:08.714] [bmv2] [D] [thread 27612] [7.0] [cxt 0] Transmitting packet of size 70 out of port 0
[11:32:08.825] [bmv2] [D] [thread 27607] [8.0] [cxt 0] Processing packet received on port 4
[11:32:08.826] [bmv2] [D] [thread 27607] [8.0] [cxt 0] Parser 'parser': start
[11:32:08.826] [bmv2] [D] [thread 27607] [8.0] [cxt 0] Parser 'parser' entering state 'start'
[11:32:08.826] [bmv2] [D] [thread 27607] [8.0] [cxt 0] Extracting header 'ethernet'
[11:32:08.826] [bmv2] [D] [thread 27607] [8.0] [cxt 0] Parser state 'start': key is 86dd
[11:32:08.826] [bmv2] [T] [thread 27607] [8.0] [cxt 0] Bytes parsed: 14
[11:32:08.826] [bmv2] [D] [thread 27607] [8.0] [cxt 0] Parser 'parser': end
[11:32:08.826] [bmv2] [D] [thread 27607] [8.0] [cxt 0] Pipeline 'ingress': start
[11:32:08.826] [bmv2] [T] [thread 27607] [8.0] [cxt 0] ../build_dependencies/net_cache.p4(114) Condition "hdr.ipv4.isValid()" (node_2) is false
[11:32:08.826] [bmv2] [D] [thread 27607] [8.0] [cxt 0] Pipeline 'ingress': end
[11:32:08.826] [bmv2] [D] [thread 27607] [8.0] [cxt 0] Egress port is 0
[11:32:08.826] [bmv2] [D] [thread 27608] [8.0] [cxt 0] Pipeline 'egress': start
[11:32:08.826] [bmv2] [D] [thread 27608] [8.0] [cxt 0] Pipeline 'egress': end
[11:32:08.826] [bmv2] [D] [thread 27608] [8.0] [cxt 0] Deparser 'deparser': start
[11:32:08.826] [bmv2] [T] [thread 27608] [8.0] [cxt 0] Skipping checksum 'cksum' update because condition not met
[11:32:08.826] [bmv2] [D] [thread 27608] [8.0] [cxt 0] Deparsing header 'ethernet'
[11:32:08.826] [bmv2] [D] [thread 27608] [8.0] [cxt 0] Deparser 'deparser': end
[11:32:08.826] [bmv2] [D] [thread 27612] [8.0] [cxt 0] Transmitting packet of size 70 out of port 0
[11:32:08.909] [bmv2] [D] [thread 27607] [9.0] [cxt 0] Processing packet received on port 2
[11:32:08.909] [bmv2] [D] [thread 27607] [9.0] [cxt 0] Parser 'parser': start
[11:32:08.909] [bmv2] [D] [thread 27607] [9.0] [cxt 0] Parser 'parser' entering state 'start'
[11:32:08.909] [bmv2] [D] [thread 27607] [9.0] [cxt 0] Extracting header 'ethernet'
[11:32:08.909] [bmv2] [D] [thread 27607] [9.0] [cxt 0] Parser state 'start': key is 86dd
[11:32:08.909] [bmv2] [T] [thread 27607] [9.0] [cxt 0] Bytes parsed: 14
[11:32:08.909] [bmv2] [D] [thread 27607] [9.0] [cxt 0] Parser 'parser': end
[11:32:08.909] [bmv2] [D] [thread 27607] [9.0] [cxt 0] Pipeline 'ingress': start
[11:32:08.909] [bmv2] [T] [thread 27607] [9.0] [cxt 0] ../build_dependencies/net_cache.p4(114) Condition "hdr.ipv4.isValid()" (node_2) is false
[11:32:08.909] [bmv2] [D] [thread 27607] [9.0] [cxt 0] Pipeline 'ingress': end
[11:32:08.909] [bmv2] [D] [thread 27607] [9.0] [cxt 0] Egress port is 0
[11:32:08.909] [bmv2] [D] [thread 27608] [9.0] [cxt 0] Pipeline 'egress': start
[11:32:08.909] [bmv2] [D] [thread 27608] [9.0] [cxt 0] Pipeline 'egress': end
[11:32:08.909] [bmv2] [D] [thread 27608] [9.0] [cxt 0] Deparser 'deparser': start
[11:32:08.909] [bmv2] [T] [thread 27608] [9.0] [cxt 0] Skipping checksum 'cksum' update because condition not met
[11:32:08.909] [bmv2] [D] [thread 27608] [9.0] [cxt 0] Deparsing header 'ethernet'
[11:32:08.909] [bmv2] [D] [thread 27608] [9.0] [cxt 0] Deparser 'deparser': end
[11:32:08.909] [bmv2] [D] [thread 27612] [9.0] [cxt 0] Transmitting packet of size 70 out of port 0
[11:32:08.979] [bmv2] [D] [thread 27607] [10.0] [cxt 0] Processing packet received on port 3
[11:32:08.979] [bmv2] [D] [thread 27607] [10.0] [cxt 0] Parser 'parser': start
[11:32:08.979] [bmv2] [D] [thread 27607] [10.0] [cxt 0] Parser 'parser' entering state 'start'
[11:32:08.979] [bmv2] [D] [thread 27607] [10.0] [cxt 0] Extracting header 'ethernet'
[11:32:08.979] [bmv2] [D] [thread 27607] [10.0] [cxt 0] Parser state 'start': key is 86dd
[11:32:08.979] [bmv2] [T] [thread 27607] [10.0] [cxt 0] Bytes parsed: 14
[11:32:08.979] [bmv2] [D] [thread 27607] [10.0] [cxt 0] Parser 'parser': end
[11:32:08.979] [bmv2] [D] [thread 27607] [10.0] [cxt 0] Pipeline 'ingress': start
[11:32:08.979] [bmv2] [T] [thread 27607] [10.0] [cxt 0] ../build_dependencies/net_cache.p4(114) Condition "hdr.ipv4.isValid()" (node_2) is false
[11:32:08.979] [bmv2] [D] [thread 27607] [10.0] [cxt 0] Pipeline 'ingress': end
[11:32:08.979] [bmv2] [D] [thread 27607] [10.0] [cxt 0] Egress port is 0
[11:32:08.979] [bmv2] [D] [thread 27608] [10.0] [cxt 0] Pipeline 'egress': start
[11:32:08.979] [bmv2] [D] [thread 27608] [10.0] [cxt 0] Pipeline 'egress': end
[11:32:08.979] [bmv2] [D] [thread 27608] [10.0] [cxt 0] Deparser 'deparser': start
[11:32:08.979] [bmv2] [T] [thread 27608] [10.0] [cxt 0] Skipping checksum 'cksum' update because condition not met
[11:32:08.979] [bmv2] [D] [thread 27608] [10.0] [cxt 0] Deparsing header 'ethernet'
[11:32:08.979] [bmv2] [D] [thread 27608] [10.0] [cxt 0] Deparser 'deparser': end
[11:32:08.979] [bmv2] [D] [thread 27612] [10.0] [cxt 0] Transmitting packet of size 70 out of port 0
[11:32:09.274] [bmv2] [D] [thread 27607] [11.0] [cxt 0] Processing packet received on port 1
[11:32:09.274] [bmv2] [D] [thread 27607] [11.0] [cxt 0] Parser 'parser': start
[11:32:09.274] [bmv2] [D] [thread 27607] [11.0] [cxt 0] Parser 'parser' entering state 'start'
[11:32:09.274] [bmv2] [D] [thread 27607] [11.0] [cxt 0] Extracting header 'ethernet'
[11:32:09.274] [bmv2] [D] [thread 27607] [11.0] [cxt 0] Parser state 'start': key is 86dd
[11:32:09.274] [bmv2] [T] [thread 27607] [11.0] [cxt 0] Bytes parsed: 14
[11:32:09.274] [bmv2] [D] [thread 27607] [11.0] [cxt 0] Parser 'parser': end
[11:32:09.274] [bmv2] [D] [thread 27607] [11.0] [cxt 0] Pipeline 'ingress': start
[11:32:09.274] [bmv2] [T] [thread 27607] [11.0] [cxt 0] ../build_dependencies/net_cache.p4(114) Condition "hdr.ipv4.isValid()" (node_2) is false
[11:32:09.274] [bmv2] [D] [thread 27607] [11.0] [cxt 0] Pipeline 'ingress': end
[11:32:09.274] [bmv2] [D] [thread 27607] [11.0] [cxt 0] Egress port is 0
[11:32:09.274] [bmv2] [D] [thread 27608] [11.0] [cxt 0] Pipeline 'egress': start
[11:32:09.274] [bmv2] [D] [thread 27608] [11.0] [cxt 0] Pipeline 'egress': end
[11:32:09.274] [bmv2] [D] [thread 27608] [11.0] [cxt 0] Deparser 'deparser': start
[11:32:09.274] [bmv2] [T] [thread 27608] [11.0] [cxt 0] Skipping checksum 'cksum' update because condition not met
[11:32:09.274] [bmv2] [D] [thread 27608] [11.0] [cxt 0] Deparsing header 'ethernet'
[11:32:09.274] [bmv2] [D] [thread 27608] [11.0] [cxt 0] Deparser 'deparser': end
[11:32:09.274] [bmv2] [D] [thread 27612] [11.0] [cxt 0] Transmitting packet of size 70 out of port 0
[11:32:09.322] [bmv2] [D] [thread 27607] [12.0] [cxt 0] Processing packet received on port 4
[11:32:09.322] [bmv2] [D] [thread 27607] [12.0] [cxt 0] Parser 'parser': start
[11:32:09.322] [bmv2] [D] [thread 27607] [12.0] [cxt 0] Parser 'parser' entering state 'start'
[11:32:09.322] [bmv2] [D] [thread 27607] [12.0] [cxt 0] Extracting header 'ethernet'
[11:32:09.322] [bmv2] [D] [thread 27607] [12.0] [cxt 0] Parser state 'start': key is 86dd
[11:32:09.322] [bmv2] [T] [thread 27607] [12.0] [cxt 0] Bytes parsed: 14
[11:32:09.322] [bmv2] [D] [thread 27607] [12.0] [cxt 0] Parser 'parser': end
[11:32:09.322] [bmv2] [D] [thread 27607] [12.0] [cxt 0] Pipeline 'ingress': start
[11:32:09.322] [bmv2] [T] [thread 27607] [12.0] [cxt 0] ../build_dependencies/net_cache.p4(114) Condition "hdr.ipv4.isValid()" (node_2) is false
[11:32:09.322] [bmv2] [D] [thread 27607] [12.0] [cxt 0] Pipeline 'ingress': end
[11:32:09.322] [bmv2] [D] [thread 27607] [12.0] [cxt 0] Egress port is 0
[11:32:09.322] [bmv2] [D] [thread 27608] [12.0] [cxt 0] Pipeline 'egress': start
[11:32:09.322] [bmv2] [D] [thread 27608] [12.0] [cxt 0] Pipeline 'egress': end
[11:32:09.322] [bmv2] [D] [thread 27608] [12.0] [cxt 0] Deparser 'deparser': start
[11:32:09.322] [bmv2] [T] [thread 27608] [12.0] [cxt 0] Skipping checksum 'cksum' update because condition not met
[11:32:09.322] [bmv2] [D] [thread 27608] [12.0] [cxt 0] Deparsing header 'ethernet'
[11:32:09.322] [bmv2] [D] [thread 27608] [12.0] [cxt 0] Deparser 'deparser': end
[11:32:09.322] [bmv2] [D] [thread 27612] [12.0] [cxt 0] Transmitting packet of size 70 out of port 0
[11:32:12.561] [bmv2] [D] [thread 27607] [13.0] [cxt 0] Processing packet received on port 3
[11:32:12.562] [bmv2] [D] [thread 27607] [13.0] [cxt 0] Parser 'parser': start
[11:32:12.562] [bmv2] [D] [thread 27607] [13.0] [cxt 0] Parser 'parser' entering state 'start'
[11:32:12.562] [bmv2] [D] [thread 27607] [13.0] [cxt 0] Extracting header 'ethernet'
[11:32:12.562] [bmv2] [D] [thread 27607] [13.0] [cxt 0] Parser state 'start': key is 86dd
[11:32:12.562] [bmv2] [T] [thread 27607] [13.0] [cxt 0] Bytes parsed: 14
[11:32:12.562] [bmv2] [D] [thread 27607] [13.0] [cxt 0] Parser 'parser': end
[11:32:12.562] [bmv2] [D] [thread 27607] [13.0] [cxt 0] Pipeline 'ingress': start
[11:32:12.562] [bmv2] [T] [thread 27607] [13.0] [cxt 0] ../build_dependencies/net_cache.p4(114) Condition "hdr.ipv4.isValid()" (node_2) is false
[11:32:12.562] [bmv2] [D] [thread 27607] [13.0] [cxt 0] Pipeline 'ingress': end
[11:32:12.562] [bmv2] [D] [thread 27607] [13.0] [cxt 0] Egress port is 0
[11:32:12.562] [bmv2] [D] [thread 27608] [13.0] [cxt 0] Pipeline 'egress': start
[11:32:12.562] [bmv2] [D] [thread 27608] [13.0] [cxt 0] Pipeline 'egress': end
[11:32:12.562] [bmv2] [D] [thread 27608] [13.0] [cxt 0] Deparser 'deparser': start
[11:32:12.562] [bmv2] [T] [thread 27608] [13.0] [cxt 0] Skipping checksum 'cksum' update because condition not met
[11:32:12.562] [bmv2] [D] [thread 27608] [13.0] [cxt 0] Deparsing header 'ethernet'
[11:32:12.562] [bmv2] [D] [thread 27608] [13.0] [cxt 0] Deparser 'deparser': end
[11:32:12.562] [bmv2] [D] [thread 27612] [13.0] [cxt 0] Transmitting packet of size 70 out of port 0
[11:32:12.750] [bmv2] [D] [thread 27607] [14.0] [cxt 0] Processing packet received on port 2
[11:32:12.750] [bmv2] [D] [thread 27607] [14.0] [cxt 0] Parser 'parser': start
[11:32:12.750] [bmv2] [D] [thread 27607] [14.0] [cxt 0] Parser 'parser' entering state 'start'
[11:32:12.750] [bmv2] [D] [thread 27607] [14.0] [cxt 0] Extracting header 'ethernet'
[11:32:12.750] [bmv2] [D] [thread 27607] [14.0] [cxt 0] Parser state 'start': key is 86dd
[11:32:12.750] [bmv2] [T] [thread 27607] [14.0] [cxt 0] Bytes parsed: 14
[11:32:12.751] [bmv2] [D] [thread 27607] [14.0] [cxt 0] Parser 'parser': end
[11:32:12.751] [bmv2] [D] [thread 27607] [14.0] [cxt 0] Pipeline 'ingress': start
[11:32:12.751] [bmv2] [T] [thread 27607] [14.0] [cxt 0] ../build_dependencies/net_cache.p4(114) Condition "hdr.ipv4.isValid()" (node_2) is false
[11:32:12.751] [bmv2] [D] [thread 27607] [14.0] [cxt 0] Pipeline 'ingress': end
[11:32:12.751] [bmv2] [D] [thread 27607] [14.0] [cxt 0] Egress port is 0
[11:32:12.751] [bmv2] [D] [thread 27608] [14.0] [cxt 0] Pipeline 'egress': start
[11:32:12.751] [bmv2] [D] [thread 27608] [14.0] [cxt 0] Pipeline 'egress': end
[11:32:12.751] [bmv2] [D] [thread 27608] [14.0] [cxt 0] Deparser 'deparser': start
[11:32:12.751] [bmv2] [T] [thread 27608] [14.0] [cxt 0] Skipping checksum 'cksum' update because condition not met
[11:32:12.751] [bmv2] [D] [thread 27608] [14.0] [cxt 0] Deparsing header 'ethernet'
[11:32:12.751] [bmv2] [D] [thread 27608] [14.0] [cxt 0] Deparser 'deparser': end
[11:32:12.751] [bmv2] [D] [thread 27612] [14.0] [cxt 0] Transmitting packet of size 70 out of port 0
[11:32:12.834] [bmv2] [D] [thread 27607] [15.0] [cxt 0] Processing packet received on port 4
[11:32:12.834] [bmv2] [D] [thread 27607] [15.0] [cxt 0] Parser 'parser': start
[11:32:12.834] [bmv2] [D] [thread 27607] [15.0] [cxt 0] Parser 'parser' entering state 'start'
[11:32:12.834] [bmv2] [D] [thread 27607] [15.0] [cxt 0] Extracting header 'ethernet'
[11:32:12.834] [bmv2] [D] [thread 27607] [15.0] [cxt 0] Parser state 'start': key is 86dd
[11:32:12.834] [bmv2] [T] [thread 27607] [15.0] [cxt 0] Bytes parsed: 14
[11:32:12.834] [bmv2] [D] [thread 27607] [15.0] [cxt 0] Parser 'parser': end
[11:32:12.834] [bmv2] [D] [thread 27607] [15.0] [cxt 0] Pipeline 'ingress': start
[11:32:12.834] [bmv2] [T] [thread 27607] [15.0] [cxt 0] ../build_dependencies/net_cache.p4(114) Condition "hdr.ipv4.isValid()" (node_2) is false
[11:32:12.834] [bmv2] [D] [thread 27607] [15.0] [cxt 0] Pipeline 'ingress': end
[11:32:12.834] [bmv2] [D] [thread 27607] [15.0] [cxt 0] Egress port is 0
[11:32:12.834] [bmv2] [D] [thread 27608] [15.0] [cxt 0] Pipeline 'egress': start
[11:32:12.834] [bmv2] [D] [thread 27608] [15.0] [cxt 0] Pipeline 'egress': end
[11:32:12.834] [bmv2] [D] [thread 27608] [15.0] [cxt 0] Deparser 'deparser': start
[11:32:12.834] [bmv2] [T] [thread 27608] [15.0] [cxt 0] Skipping checksum 'cksum' update because condition not met
[11:32:12.834] [bmv2] [D] [thread 27608] [15.0] [cxt 0] Deparsing header 'ethernet'
[11:32:12.834] [bmv2] [D] [thread 27608] [15.0] [cxt 0] Deparser 'deparser': end
[11:32:12.834] [bmv2] [D] [thread 27612] [15.0] [cxt 0] Transmitting packet of size 70 out of port 0
[11:32:12.925] [bmv2] [D] [thread 27607] [16.0] [cxt 0] Processing packet received on port 2
[11:32:12.925] [bmv2] [D] [thread 27607] [16.0] [cxt 0] Parser 'parser': start
[11:32:12.925] [bmv2] [D] [thread 27607] [16.0] [cxt 0] Parser 'parser' entering state 'start'
[11:32:12.925] [bmv2] [D] [thread 27607] [16.0] [cxt 0] Extracting header 'ethernet'
[11:32:12.925] [bmv2] [D] [thread 27607] [16.0] [cxt 0] Parser state 'start': key is 86dd
[11:32:12.925] [bmv2] [T] [thread 27607] [16.0] [cxt 0] Bytes parsed: 14
[11:32:12.925] [bmv2] [D] [thread 27607] [16.0] [cxt 0] Parser 'parser': end
[11:32:12.925] [bmv2] [D] [thread 27607] [16.0] [cxt 0] Pipeline 'ingress': start
[11:32:12.925] [bmv2] [T] [thread 27607] [16.0] [cxt 0] ../build_dependencies/net_cache.p4(114) Condition "hdr.ipv4.isValid()" (node_2) is false
[11:32:12.925] [bmv2] [D] [thread 27607] [16.0] [cxt 0] Pipeline 'ingress': end
[11:32:12.925] [bmv2] [D] [thread 27607] [16.0] [cxt 0] Egress port is 0
[11:32:12.925] [bmv2] [D] [thread 27608] [16.0] [cxt 0] Pipeline 'egress': start
[11:32:12.925] [bmv2] [D] [thread 27608] [16.0] [cxt 0] Pipeline 'egress': end
[11:32:12.925] [bmv2] [D] [thread 27608] [16.0] [cxt 0] Deparser 'deparser': start
[11:32:12.925] [bmv2] [T] [thread 27608] [16.0] [cxt 0] Skipping checksum 'cksum' update because condition not met
[11:32:12.925] [bmv2] [D] [thread 27608] [16.0] [cxt 0] Deparsing header 'ethernet'
[11:32:12.925] [bmv2] [D] [thread 27608] [16.0] [cxt 0] Deparser 'deparser': end
[11:32:12.925] [bmv2] [D] [thread 27612] [16.0] [cxt 0] Transmitting packet of size 70 out of port 0
[11:32:12.985] [bmv2] [D] [thread 27607] [17.0] [cxt 0] Processing packet received on port 3
[11:32:12.985] [bmv2] [D] [thread 27607] [17.0] [cxt 0] Parser 'parser': start
[11:32:12.985] [bmv2] [D] [thread 27607] [17.0] [cxt 0] Parser 'parser' entering state 'start'
[11:32:12.985] [bmv2] [D] [thread 27607] [17.0] [cxt 0] Extracting header 'ethernet'
[11:32:12.985] [bmv2] [D] [thread 27607] [17.0] [cxt 0] Parser state 'start': key is 86dd
[11:32:12.985] [bmv2] [T] [thread 27607] [17.0] [cxt 0] Bytes parsed: 14
[11:32:12.985] [bmv2] [D] [thread 27607] [17.0] [cxt 0] Parser 'parser': end
[11:32:12.985] [bmv2] [D] [thread 27607] [17.0] [cxt 0] Pipeline 'ingress': start
[11:32:12.985] [bmv2] [T] [thread 27607] [17.0] [cxt 0] ../build_dependencies/net_cache.p4(114) Condition "hdr.ipv4.isValid()" (node_2) is false
[11:32:12.985] [bmv2] [D] [thread 27607] [17.0] [cxt 0] Pipeline 'ingress': end
[11:32:12.985] [bmv2] [D] [thread 27607] [17.0] [cxt 0] Egress port is 0
[11:32:12.985] [bmv2] [D] [thread 27608] [17.0] [cxt 0] Pipeline 'egress': start
[11:32:12.985] [bmv2] [D] [thread 27608] [17.0] [cxt 0] Pipeline 'egress': end
[11:32:12.985] [bmv2] [D] [thread 27608] [17.0] [cxt 0] Deparser 'deparser': start
[11:32:12.985] [bmv2] [T] [thread 27608] [17.0] [cxt 0] Skipping checksum 'cksum' update because condition not met
[11:32:12.985] [bmv2] [D] [thread 27608] [17.0] [cxt 0] Deparsing header 'ethernet'
[11:32:12.985] [bmv2] [D] [thread 27608] [17.0] [cxt 0] Deparser 'deparser': end
[11:32:12.985] [bmv2] [D] [thread 27612] [17.0] [cxt 0] Transmitting packet of size 70 out of port 0
[11:32:13.290] [bmv2] [D] [thread 27607] [18.0] [cxt 0] Processing packet received on port 1
[11:32:13.290] [bmv2] [D] [thread 27607] [18.0] [cxt 0] Parser 'parser': start
[11:32:13.290] [bmv2] [D] [thread 27607] [18.0] [cxt 0] Parser 'parser' entering state 'start'
[11:32:13.290] [bmv2] [D] [thread 27607] [18.0] [cxt 0] Extracting header 'ethernet'
[11:32:13.290] [bmv2] [D] [thread 27607] [18.0] [cxt 0] Parser state 'start': key is 86dd
[11:32:13.290] [bmv2] [T] [thread 27607] [18.0] [cxt 0] Bytes parsed: 14
[11:32:13.290] [bmv2] [D] [thread 27607] [18.0] [cxt 0] Parser 'parser': end
[11:32:13.290] [bmv2] [D] [thread 27607] [18.0] [cxt 0] Pipeline 'ingress': start
[11:32:13.290] [bmv2] [T] [thread 27607] [18.0] [cxt 0] ../build_dependencies/net_cache.p4(114) Condition "hdr.ipv4.isValid()" (node_2) is false
[11:32:13.290] [bmv2] [D] [thread 27607] [18.0] [cxt 0] Pipeline 'ingress': end
[11:32:13.290] [bmv2] [D] [thread 27607] [18.0] [cxt 0] Egress port is 0
[11:32:13.290] [bmv2] [D] [thread 27608] [18.0] [cxt 0] Pipeline 'egress': start
[11:32:13.290] [bmv2] [D] [thread 27608] [18.0] [cxt 0] Pipeline 'egress': end
[11:32:13.290] [bmv2] [D] [thread 27608] [18.0] [cxt 0] Deparser 'deparser': start
[11:32:13.290] [bmv2] [T] [thread 27608] [18.0] [cxt 0] Skipping checksum 'cksum' update because condition not met
[11:32:13.290] [bmv2] [D] [thread 27608] [18.0] [cxt 0] Deparsing header 'ethernet'
[11:32:13.290] [bmv2] [D] [thread 27608] [18.0] [cxt 0] Deparser 'deparser': end
[11:32:13.290] [bmv2] [D] [thread 27612] [18.0] [cxt 0] Transmitting packet of size 70 out of port 0
[11:32:13.329] [bmv2] [D] [thread 27607] [19.0] [cxt 0] Processing packet received on port 4
[11:32:13.329] [bmv2] [D] [thread 27607] [19.0] [cxt 0] Parser 'parser': start
[11:32:13.329] [bmv2] [D] [thread 27607] [19.0] [cxt 0] Parser 'parser' entering state 'start'
[11:32:13.330] [bmv2] [D] [thread 27607] [19.0] [cxt 0] Extracting header 'ethernet'
[11:32:13.330] [bmv2] [D] [thread 27607] [19.0] [cxt 0] Parser state 'start': key is 86dd
[11:32:13.330] [bmv2] [T] [thread 27607] [19.0] [cxt 0] Bytes parsed: 14
[11:32:13.330] [bmv2] [D] [thread 27607] [19.0] [cxt 0] Parser 'parser': end
[11:32:13.330] [bmv2] [D] [thread 27607] [19.0] [cxt 0] Pipeline 'ingress': start
[11:32:13.330] [bmv2] [T] [thread 27607] [19.0] [cxt 0] ../build_dependencies/net_cache.p4(114) Condition "hdr.ipv4.isValid()" (node_2) is false
[11:32:13.330] [bmv2] [D] [thread 27607] [19.0] [cxt 0] Pipeline 'ingress': end
[11:32:13.330] [bmv2] [D] [thread 27607] [19.0] [cxt 0] Egress port is 0
[11:32:13.330] [bmv2] [D] [thread 27608] [19.0] [cxt 0] Pipeline 'egress': start
[11:32:13.330] [bmv2] [D] [thread 27608] [19.0] [cxt 0] Pipeline 'egress': end
[11:32:13.330] [bmv2] [D] [thread 27608] [19.0] [cxt 0] Deparser 'deparser': start
[11:32:13.330] [bmv2] [T] [thread 27608] [19.0] [cxt 0] Skipping checksum 'cksum' update because condition not met
[11:32:13.330] [bmv2] [D] [thread 27608] [19.0] [cxt 0] Deparsing header 'ethernet'
[11:32:13.330] [bmv2] [D] [thread 27608] [19.0] [cxt 0] Deparser 'deparser': end
[11:32:13.330] [bmv2] [D] [thread 27612] [19.0] [cxt 0] Transmitting packet of size 70 out of port 0
New connection
P4Runtime SetForwardingPipelineConfig
[11:32:20.110] [bmv2] [W] [thread 27603] [P4Runtime] p4::tmp::P4DeviceConfig is deprecated
[11:32:20.111] [bmv2] [D] [thread 27603] Set default default entry for table 'tbl_drop': MyIngress.drop - 
[11:32:20.111] [bmv2] [D] [thread 27603] Set default default entry for table 'MyIngress.ipv4_lpm': MyIngress.drop - 
P4Runtime Write
device_id: 3
election_id {
  low: 1
}
updates {
  type: INSERT
  entity {
    table_entry {
      table_id: 33574068
      match {
        field_id: 1
        lpm {
          value: "\n\000\001\001"
          prefix_len: 32
        }
      }
      action {
        action {
          action_id: 16799317
          params {
            param_id: 1
            value: "\010\000\000\000\001\000"
          }
          params {
            param_id: 2
            value: "\000\003"
          }
        }
      }
    }
  }
}
[11:32:20.145] [bmv2] [D] [thread 27603] Entry 0 added to table 'MyIngress.ipv4_lpm'
[11:32:20.145] [bmv2] [D] [thread 27603] Dumping entry 0
Match key:
* hdr.ipv4.dstAddr    : LPM       0a000101/32
Action entry: MyIngress.ipv4_forward - 80000000100,3,

P4Runtime Write
device_id: 3
election_id {
  low: 1
}
updates {
  type: INSERT
  entity {
    table_entry {
      table_id: 33574068
      match {
        field_id: 1
        lpm {
          value: "\n\000\002\002"
          prefix_len: 32
        }
      }
      action {
        action {
          action_id: 16799317
          params {
            param_id: 1
            value: "\010\000\000\000\002\000"
          }
          params {
            param_id: 2
            value: "\000\002"
          }
        }
      }
    }
  }
}
[11:32:20.146] [bmv2] [D] [thread 27783] Entry 1 added to table 'MyIngress.ipv4_lpm'
[11:32:20.146] [bmv2] [D] [thread 27783] Dumping entry 1
Match key:
* hdr.ipv4.dstAddr    : LPM       0a000202/32
Action entry: MyIngress.ipv4_forward - 80000000200,2,

P4Runtime Write
device_id: 3
election_id {
  low: 1
}
updates {
  type: INSERT
  entity {
    table_entry {
      table_id: 33574068
      match {
        field_id: 1
        lpm {
          value: "\n\000\003\003"
          prefix_len: 32
        }
      }
      action {
        action {
          action_id: 16799317
          params {
            param_id: 1
            value: "\010\000\000\000\0033"
          }
          params {
            param_id: 2
            value: "\000\001"
          }
        }
      }
    }
  }
}
[11:32:20.147] [bmv2] [D] [thread 27783] Entry 2 added to table 'MyIngress.ipv4_lpm'
[11:32:20.147] [bmv2] [D] [thread 27783] Dumping entry 2
Match key:
* hdr.ipv4.dstAddr    : LPM       0a000303/32
Action entry: MyIngress.ipv4_forward - 80000000333,1,

P4Runtime Write
device_id: 3
election_id {
  low: 1
}
updates {
  type: INSERT
  entity {
    table_entry {
      table_id: 33574068
      match {
        field_id: 1
        lpm {
          value: "\300\000\000\000"
          prefix_len: 8
        }
      }
      action {
        action {
          action_id: 16799317
          params {
            param_id: 1
            value: "\010\000\000\000\000\000"
          }
          params {
            param_id: 2
            value: "\000\004"
          }
        }
      }
    }
  }
}
[11:32:20.153] [bmv2] [D] [thread 27783] Entry 3 added to table 'MyIngress.ipv4_lpm'
[11:32:20.153] [bmv2] [D] [thread 27783] Dumping entry 3
Match key:
* hdr.ipv4.dstAddr    : LPM       c0000000/8
Action entry: MyIngress.ipv4_forward - 80000000000,4,

open: No such file or directory
open: No such file or directory
open: No such file or directory
open: No such file or directory
open: No such file or directory
open: No such file or directory
open: No such file or directory
open: No such file or directory
open: No such file or directory
