Calling target program-options parser
[07:25:36.912] [bmv2] [D] [thread 30589] Set default default entry for table 'tbl_drop': MyIngress.drop - 
[07:25:36.912] [bmv2] [D] [thread 30589] Set default default entry for table 'MyIngress.ipv4_lpm': MyIngress.drop - 
Adding interface s0-eth1 as port 1
[07:25:36.912] [bmv2] [D] [thread 30589] Adding interface s0-eth1 as port 1
Adding interface s0-eth2 as port 2
[07:25:36.928] [bmv2] [D] [thread 30589] Adding interface s0-eth2 as port 2
Adding interface s0-eth3 as port 3
[07:25:36.957] [bmv2] [D] [thread 30589] Adding interface s0-eth3 as port 3
Adding interface s0-eth4 as port 4
[07:25:36.978] [bmv2] [D] [thread 30589] Adding interface s0-eth4 as port 4
I0509 07:25:37.000698041   30589 server_builder.cc:247]      Synchronous server. Num CQs: 1, Min pollers: 1, Max Pollers: 2147483647, CQ timeout (msec): 1000
Server listening on 0.0.0.0:50051
[07:25:37.003] [bmv2] [I] [thread 30589] Starting Thrift server on port 9090
[07:25:37.003] [bmv2] [I] [thread 30589] Thrift server was started
[07:25:37.100] [bmv2] [D] [thread 30615] [0.0] [cxt 0] Processing packet received on port 4
[07:25:37.100] [bmv2] [D] [thread 30615] [0.0] [cxt 0] Parser 'parser': start
[07:25:37.100] [bmv2] [D] [thread 30615] [0.0] [cxt 0] Parser 'parser' entering state 'start'
[07:25:37.100] [bmv2] [D] [thread 30615] [0.0] [cxt 0] Extracting header 'ethernet'
[07:25:37.100] [bmv2] [D] [thread 30615] [0.0] [cxt 0] Parser state 'start': key is 86dd
[07:25:37.100] [bmv2] [T] [thread 30615] [0.0] [cxt 0] Bytes parsed: 14
[07:25:37.100] [bmv2] [D] [thread 30615] [0.0] [cxt 0] Parser 'parser': end
[07:25:37.100] [bmv2] [D] [thread 30615] [0.0] [cxt 0] Pipeline 'ingress': start
[07:25:37.100] [bmv2] [T] [thread 30615] [0.0] [cxt 0] ../build_dependencies/net_cache.p4(114) Condition "hdr.ipv4.isValid()" (node_2) is false
[07:25:37.100] [bmv2] [D] [thread 30615] [0.0] [cxt 0] Pipeline 'ingress': end
[07:25:37.100] [bmv2] [D] [thread 30615] [0.0] [cxt 0] Egress port is 0
[07:25:37.100] [bmv2] [D] [thread 30616] [0.0] [cxt 0] Pipeline 'egress': start
[07:25:37.100] [bmv2] [D] [thread 30616] [0.0] [cxt 0] Pipeline 'egress': end
[07:25:37.100] [bmv2] [D] [thread 30616] [0.0] [cxt 0] Deparser 'deparser': start
[07:25:37.100] [bmv2] [T] [thread 30616] [0.0] [cxt 0] Skipping checksum 'cksum' update because condition not met
[07:25:37.100] [bmv2] [D] [thread 30616] [0.0] [cxt 0] Deparsing header 'ethernet'
[07:25:37.100] [bmv2] [D] [thread 30616] [0.0] [cxt 0] Deparser 'deparser': end
[07:25:37.101] [bmv2] [D] [thread 30620] [0.0] [cxt 0] Transmitting packet of size 78 out of port 0
[07:25:37.141] [bmv2] [D] [thread 30615] [1.0] [cxt 0] Processing packet received on port 3
[07:25:37.141] [bmv2] [D] [thread 30615] [1.0] [cxt 0] Parser 'parser': start
[07:25:37.141] [bmv2] [D] [thread 30615] [1.0] [cxt 0] Parser 'parser' entering state 'start'
[07:25:37.141] [bmv2] [D] [thread 30615] [1.0] [cxt 0] Extracting header 'ethernet'
[07:25:37.141] [bmv2] [D] [thread 30615] [1.0] [cxt 0] Parser state 'start': key is 86dd
[07:25:37.141] [bmv2] [T] [thread 30615] [1.0] [cxt 0] Bytes parsed: 14
[07:25:37.141] [bmv2] [D] [thread 30615] [1.0] [cxt 0] Parser 'parser': end
[07:25:37.141] [bmv2] [D] [thread 30615] [1.0] [cxt 0] Pipeline 'ingress': start
[07:25:37.141] [bmv2] [T] [thread 30615] [1.0] [cxt 0] ../build_dependencies/net_cache.p4(114) Condition "hdr.ipv4.isValid()" (node_2) is false
[07:25:37.141] [bmv2] [D] [thread 30615] [1.0] [cxt 0] Pipeline 'ingress': end
[07:25:37.141] [bmv2] [D] [thread 30615] [1.0] [cxt 0] Egress port is 0
[07:25:37.141] [bmv2] [D] [thread 30616] [1.0] [cxt 0] Pipeline 'egress': start
[07:25:37.141] [bmv2] [D] [thread 30616] [1.0] [cxt 0] Pipeline 'egress': end
[07:25:37.141] [bmv2] [D] [thread 30616] [1.0] [cxt 0] Deparser 'deparser': start
[07:25:37.141] [bmv2] [T] [thread 30616] [1.0] [cxt 0] Skipping checksum 'cksum' update because condition not met
[07:25:37.141] [bmv2] [D] [thread 30616] [1.0] [cxt 0] Deparsing header 'ethernet'
[07:25:37.141] [bmv2] [D] [thread 30616] [1.0] [cxt 0] Deparser 'deparser': end
[07:25:37.142] [bmv2] [D] [thread 30620] [1.0] [cxt 0] Transmitting packet of size 90 out of port 0
[07:25:37.324] [bmv2] [D] [thread 30615] [2.0] [cxt 0] Processing packet received on port 1
[07:25:37.324] [bmv2] [D] [thread 30615] [2.0] [cxt 0] Parser 'parser': start
[07:25:37.324] [bmv2] [D] [thread 30615] [2.0] [cxt 0] Parser 'parser' entering state 'start'
[07:25:37.324] [bmv2] [D] [thread 30615] [2.0] [cxt 0] Extracting header 'ethernet'
[07:25:37.324] [bmv2] [D] [thread 30615] [2.0] [cxt 0] Parser state 'start': key is 86dd
[07:25:37.324] [bmv2] [T] [thread 30615] [2.0] [cxt 0] Bytes parsed: 14
[07:25:37.324] [bmv2] [D] [thread 30615] [2.0] [cxt 0] Parser 'parser': end
[07:25:37.324] [bmv2] [D] [thread 30615] [2.0] [cxt 0] Pipeline 'ingress': start
[07:25:37.324] [bmv2] [T] [thread 30615] [2.0] [cxt 0] ../build_dependencies/net_cache.p4(114) Condition "hdr.ipv4.isValid()" (node_2) is false
[07:25:37.324] [bmv2] [D] [thread 30615] [2.0] [cxt 0] Pipeline 'ingress': end
[07:25:37.324] [bmv2] [D] [thread 30615] [2.0] [cxt 0] Egress port is 0
[07:25:37.324] [bmv2] [D] [thread 30616] [2.0] [cxt 0] Pipeline 'egress': start
[07:25:37.324] [bmv2] [D] [thread 30616] [2.0] [cxt 0] Pipeline 'egress': end
[07:25:37.324] [bmv2] [D] [thread 30616] [2.0] [cxt 0] Deparser 'deparser': start
[07:25:37.324] [bmv2] [T] [thread 30616] [2.0] [cxt 0] Skipping checksum 'cksum' update because condition not met
[07:25:37.324] [bmv2] [D] [thread 30616] [2.0] [cxt 0] Deparsing header 'ethernet'
[07:25:37.324] [bmv2] [D] [thread 30616] [2.0] [cxt 0] Deparser 'deparser': end
[07:25:37.325] [bmv2] [D] [thread 30620] [2.0] [cxt 0] Transmitting packet of size 90 out of port 0
[07:25:37.340] [bmv2] [D] [thread 30615] [3.0] [cxt 0] Processing packet received on port 3
[07:25:37.340] [bmv2] [D] [thread 30615] [3.0] [cxt 0] Parser 'parser': start
[07:25:37.340] [bmv2] [D] [thread 30615] [3.0] [cxt 0] Parser 'parser' entering state 'start'
[07:25:37.340] [bmv2] [D] [thread 30615] [3.0] [cxt 0] Extracting header 'ethernet'
[07:25:37.340] [bmv2] [D] [thread 30615] [3.0] [cxt 0] Parser state 'start': key is 86dd
[07:25:37.340] [bmv2] [T] [thread 30615] [3.0] [cxt 0] Bytes parsed: 14
[07:25:37.340] [bmv2] [D] [thread 30615] [3.0] [cxt 0] Parser 'parser': end
[07:25:37.340] [bmv2] [D] [thread 30615] [3.0] [cxt 0] Pipeline 'ingress': start
[07:25:37.340] [bmv2] [T] [thread 30615] [3.0] [cxt 0] ../build_dependencies/net_cache.p4(114) Condition "hdr.ipv4.isValid()" (node_2) is false
[07:25:37.340] [bmv2] [D] [thread 30615] [3.0] [cxt 0] Pipeline 'ingress': end
[07:25:37.340] [bmv2] [D] [thread 30615] [3.0] [cxt 0] Egress port is 0
[07:25:37.340] [bmv2] [D] [thread 30616] [3.0] [cxt 0] Pipeline 'egress': start
[07:25:37.340] [bmv2] [D] [thread 30616] [3.0] [cxt 0] Pipeline 'egress': end
[07:25:37.340] [bmv2] [D] [thread 30616] [3.0] [cxt 0] Deparser 'deparser': start
[07:25:37.340] [bmv2] [T] [thread 30616] [3.0] [cxt 0] Skipping checksum 'cksum' update because condition not met
[07:25:37.340] [bmv2] [D] [thread 30616] [3.0] [cxt 0] Deparsing header 'ethernet'
[07:25:37.340] [bmv2] [D] [thread 30616] [3.0] [cxt 0] Deparser 'deparser': end
[07:25:37.341] [bmv2] [D] [thread 30620] [3.0] [cxt 0] Transmitting packet of size 78 out of port 0
[07:25:37.428] [bmv2] [D] [thread 30615] [4.0] [cxt 0] Processing packet received on port 4
[07:25:37.428] [bmv2] [D] [thread 30615] [4.0] [cxt 0] Parser 'parser': start
[07:25:37.428] [bmv2] [D] [thread 30615] [4.0] [cxt 0] Parser 'parser' entering state 'start'
[07:25:37.428] [bmv2] [D] [thread 30615] [4.0] [cxt 0] Extracting header 'ethernet'
[07:25:37.428] [bmv2] [D] [thread 30615] [4.0] [cxt 0] Parser state 'start': key is 86dd
[07:25:37.428] [bmv2] [T] [thread 30615] [4.0] [cxt 0] Bytes parsed: 14
[07:25:37.428] [bmv2] [D] [thread 30615] [4.0] [cxt 0] Parser 'parser': end
[07:25:37.428] [bmv2] [D] [thread 30615] [4.0] [cxt 0] Pipeline 'ingress': start
[07:25:37.428] [bmv2] [T] [thread 30615] [4.0] [cxt 0] ../build_dependencies/net_cache.p4(114) Condition "hdr.ipv4.isValid()" (node_2) is false
[07:25:37.428] [bmv2] [D] [thread 30615] [4.0] [cxt 0] Pipeline 'ingress': end
[07:25:37.428] [bmv2] [D] [thread 30615] [4.0] [cxt 0] Egress port is 0
[07:25:37.428] [bmv2] [D] [thread 30616] [4.0] [cxt 0] Pipeline 'egress': start
[07:25:37.428] [bmv2] [D] [thread 30616] [4.0] [cxt 0] Pipeline 'egress': end
[07:25:37.428] [bmv2] [D] [thread 30616] [4.0] [cxt 0] Deparser 'deparser': start
[07:25:37.428] [bmv2] [T] [thread 30616] [4.0] [cxt 0] Skipping checksum 'cksum' update because condition not met
[07:25:37.428] [bmv2] [D] [thread 30616] [4.0] [cxt 0] Deparsing header 'ethernet'
[07:25:37.428] [bmv2] [D] [thread 30616] [4.0] [cxt 0] Deparser 'deparser': end
[07:25:37.428] [bmv2] [D] [thread 30620] [4.0] [cxt 0] Transmitting packet of size 90 out of port 0
[07:25:37.488] [bmv2] [D] [thread 30615] [5.0] [cxt 0] Processing packet received on port 1
[07:25:37.488] [bmv2] [D] [thread 30615] [5.0] [cxt 0] Parser 'parser': start
[07:25:37.488] [bmv2] [D] [thread 30615] [5.0] [cxt 0] Parser 'parser' entering state 'start'
[07:25:37.488] [bmv2] [D] [thread 30615] [5.0] [cxt 0] Extracting header 'ethernet'
[07:25:37.488] [bmv2] [D] [thread 30615] [5.0] [cxt 0] Parser state 'start': key is 86dd
[07:25:37.488] [bmv2] [T] [thread 30615] [5.0] [cxt 0] Bytes parsed: 14
[07:25:37.488] [bmv2] [D] [thread 30615] [5.0] [cxt 0] Parser 'parser': end
[07:25:37.488] [bmv2] [D] [thread 30615] [5.0] [cxt 0] Pipeline 'ingress': start
[07:25:37.488] [bmv2] [T] [thread 30615] [5.0] [cxt 0] ../build_dependencies/net_cache.p4(114) Condition "hdr.ipv4.isValid()" (node_2) is false
[07:25:37.488] [bmv2] [D] [thread 30615] [5.0] [cxt 0] Pipeline 'ingress': end
[07:25:37.488] [bmv2] [D] [thread 30615] [5.0] [cxt 0] Egress port is 0
[07:25:37.488] [bmv2] [D] [thread 30616] [5.0] [cxt 0] Pipeline 'egress': start
[07:25:37.488] [bmv2] [D] [thread 30616] [5.0] [cxt 0] Pipeline 'egress': end
[07:25:37.488] [bmv2] [D] [thread 30616] [5.0] [cxt 0] Deparser 'deparser': start
[07:25:37.488] [bmv2] [T] [thread 30616] [5.0] [cxt 0] Skipping checksum 'cksum' update because condition not met
[07:25:37.488] [bmv2] [D] [thread 30616] [5.0] [cxt 0] Deparsing header 'ethernet'
[07:25:37.488] [bmv2] [D] [thread 30616] [5.0] [cxt 0] Deparser 'deparser': end
[07:25:37.488] [bmv2] [D] [thread 30620] [5.0] [cxt 0] Transmitting packet of size 78 out of port 0
[07:25:37.512] [bmv2] [D] [thread 30615] [6.0] [cxt 0] Processing packet received on port 1
[07:25:37.512] [bmv2] [D] [thread 30615] [6.0] [cxt 0] Parser 'parser': start
[07:25:37.512] [bmv2] [D] [thread 30615] [6.0] [cxt 0] Parser 'parser' entering state 'start'
[07:25:37.512] [bmv2] [D] [thread 30615] [6.0] [cxt 0] Extracting header 'ethernet'
[07:25:37.512] [bmv2] [D] [thread 30615] [6.0] [cxt 0] Parser state 'start': key is 86dd
[07:25:37.512] [bmv2] [T] [thread 30615] [6.0] [cxt 0] Bytes parsed: 14
[07:25:37.512] [bmv2] [D] [thread 30615] [6.0] [cxt 0] Parser 'parser': end
[07:25:37.512] [bmv2] [D] [thread 30615] [6.0] [cxt 0] Pipeline 'ingress': start
[07:25:37.512] [bmv2] [T] [thread 30615] [6.0] [cxt 0] ../build_dependencies/net_cache.p4(114) Condition "hdr.ipv4.isValid()" (node_2) is false
[07:25:37.512] [bmv2] [D] [thread 30615] [6.0] [cxt 0] Pipeline 'ingress': end
[07:25:37.512] [bmv2] [D] [thread 30615] [6.0] [cxt 0] Egress port is 0
[07:25:37.512] [bmv2] [D] [thread 30616] [6.0] [cxt 0] Pipeline 'egress': start
[07:25:37.512] [bmv2] [D] [thread 30616] [6.0] [cxt 0] Pipeline 'egress': end
[07:25:37.512] [bmv2] [D] [thread 30616] [6.0] [cxt 0] Deparser 'deparser': start
[07:25:37.512] [bmv2] [T] [thread 30616] [6.0] [cxt 0] Skipping checksum 'cksum' update because condition not met
[07:25:37.512] [bmv2] [D] [thread 30616] [6.0] [cxt 0] Deparsing header 'ethernet'
[07:25:37.512] [bmv2] [D] [thread 30616] [6.0] [cxt 0] Deparser 'deparser': end
[07:25:37.512] [bmv2] [D] [thread 30620] [6.0] [cxt 0] Transmitting packet of size 78 out of port 0
[07:25:37.520] [bmv2] [D] [thread 30615] [7.0] [cxt 0] Processing packet received on port 1
[07:25:37.520] [bmv2] [D] [thread 30615] [7.0] [cxt 0] Parser 'parser': start
[07:25:37.520] [bmv2] [D] [thread 30615] [7.0] [cxt 0] Parser 'parser' entering state 'start'
[07:25:37.520] [bmv2] [D] [thread 30615] [7.0] [cxt 0] Extracting header 'ethernet'
[07:25:37.520] [bmv2] [D] [thread 30615] [7.0] [cxt 0] Parser state 'start': key is 86dd
[07:25:37.520] [bmv2] [T] [thread 30615] [7.0] [cxt 0] Bytes parsed: 14
[07:25:37.520] [bmv2] [D] [thread 30615] [7.0] [cxt 0] Parser 'parser': end
[07:25:37.520] [bmv2] [D] [thread 30615] [7.0] [cxt 0] Pipeline 'ingress': start
[07:25:37.520] [bmv2] [T] [thread 30615] [7.0] [cxt 0] ../build_dependencies/net_cache.p4(114) Condition "hdr.ipv4.isValid()" (node_2) is false
[07:25:37.520] [bmv2] [D] [thread 30615] [7.0] [cxt 0] Pipeline 'ingress': end
[07:25:37.520] [bmv2] [D] [thread 30615] [7.0] [cxt 0] Egress port is 0
[07:25:37.520] [bmv2] [D] [thread 30616] [7.0] [cxt 0] Pipeline 'egress': start
[07:25:37.520] [bmv2] [D] [thread 30616] [7.0] [cxt 0] Pipeline 'egress': end
[07:25:37.520] [bmv2] [D] [thread 30616] [7.0] [cxt 0] Deparser 'deparser': start
[07:25:37.520] [bmv2] [T] [thread 30616] [7.0] [cxt 0] Skipping checksum 'cksum' update because condition not met
[07:25:37.520] [bmv2] [D] [thread 30616] [7.0] [cxt 0] Deparsing header 'ethernet'
[07:25:37.520] [bmv2] [D] [thread 30616] [7.0] [cxt 0] Deparser 'deparser': end
[07:25:37.520] [bmv2] [D] [thread 30620] [7.0] [cxt 0] Transmitting packet of size 90 out of port 0
[07:25:37.682] [bmv2] [D] [thread 30615] [8.0] [cxt 0] Processing packet received on port 3
[07:25:37.682] [bmv2] [D] [thread 30615] [8.0] [cxt 0] Parser 'parser': start
[07:25:37.682] [bmv2] [D] [thread 30615] [8.0] [cxt 0] Parser 'parser' entering state 'start'
[07:25:37.682] [bmv2] [D] [thread 30615] [8.0] [cxt 0] Extracting header 'ethernet'
[07:25:37.682] [bmv2] [D] [thread 30615] [8.0] [cxt 0] Parser state 'start': key is 86dd
[07:25:37.682] [bmv2] [T] [thread 30615] [8.0] [cxt 0] Bytes parsed: 14
[07:25:37.682] [bmv2] [D] [thread 30615] [8.0] [cxt 0] Parser 'parser': end
[07:25:37.682] [bmv2] [D] [thread 30615] [8.0] [cxt 0] Pipeline 'ingress': start
[07:25:37.682] [bmv2] [T] [thread 30615] [8.0] [cxt 0] ../build_dependencies/net_cache.p4(114) Condition "hdr.ipv4.isValid()" (node_2) is false
[07:25:37.682] [bmv2] [D] [thread 30615] [8.0] [cxt 0] Pipeline 'ingress': end
[07:25:37.682] [bmv2] [D] [thread 30615] [8.0] [cxt 0] Egress port is 0
[07:25:37.682] [bmv2] [D] [thread 30615] [9.0] [cxt 0] Processing packet received on port 3
[07:25:37.682] [bmv2] [D] [thread 30615] [9.0] [cxt 0] Parser 'parser': start
[07:25:37.682] [bmv2] [D] [thread 30615] [9.0] [cxt 0] Parser 'parser' entering state 'start'
[07:25:37.682] [bmv2] [D] [thread 30615] [9.0] [cxt 0] Extracting header 'ethernet'
[07:25:37.682] [bmv2] [D] [thread 30615] [9.0] [cxt 0] Parser state 'start': key is 86dd
[07:25:37.682] [bmv2] [T] [thread 30615] [9.0] [cxt 0] Bytes parsed: 14
[07:25:37.682] [bmv2] [D] [thread 30615] [9.0] [cxt 0] Parser 'parser': end
[07:25:37.682] [bmv2] [D] [thread 30615] [9.0] [cxt 0] Pipeline 'ingress': start
[07:25:37.682] [bmv2] [T] [thread 30615] [9.0] [cxt 0] ../build_dependencies/net_cache.p4(114) Condition "hdr.ipv4.isValid()" (node_2) is false
[07:25:37.682] [bmv2] [D] [thread 30615] [9.0] [cxt 0] Pipeline 'ingress': end
[07:25:37.682] [bmv2] [D] [thread 30615] [9.0] [cxt 0] Egress port is 0
[07:25:37.682] [bmv2] [D] [thread 30616] [8.0] [cxt 0] Pipeline 'egress': start
[07:25:37.682] [bmv2] [D] [thread 30616] [8.0] [cxt 0] Pipeline 'egress': end
[07:25:37.682] [bmv2] [D] [thread 30616] [8.0] [cxt 0] Deparser 'deparser': start
[07:25:37.682] [bmv2] [T] [thread 30616] [8.0] [cxt 0] Skipping checksum 'cksum' update because condition not met
[07:25:37.682] [bmv2] [D] [thread 30616] [8.0] [cxt 0] Deparsing header 'ethernet'
[07:25:37.682] [bmv2] [D] [thread 30616] [8.0] [cxt 0] Deparser 'deparser': end
[07:25:37.682] [bmv2] [D] [thread 30616] [9.0] [cxt 0] Pipeline 'egress': start
[07:25:37.682] [bmv2] [D] [thread 30616] [9.0] [cxt 0] Pipeline 'egress': end
[07:25:37.682] [bmv2] [D] [thread 30616] [9.0] [cxt 0] Deparser 'deparser': start
[07:25:37.682] [bmv2] [T] [thread 30616] [9.0] [cxt 0] Skipping checksum 'cksum' update because condition not met
[07:25:37.682] [bmv2] [D] [thread 30616] [9.0] [cxt 0] Deparsing header 'ethernet'
[07:25:37.682] [bmv2] [D] [thread 30616] [9.0] [cxt 0] Deparser 'deparser': end
[07:25:37.682] [bmv2] [D] [thread 30620] [8.0] [cxt 0] Transmitting packet of size 90 out of port 0
[07:25:37.682] [bmv2] [D] [thread 30620] [9.0] [cxt 0] Transmitting packet of size 70 out of port 0
[07:25:37.754] [bmv2] [D] [thread 30615] [10.0] [cxt 0] Processing packet received on port 2
[07:25:37.754] [bmv2] [D] [thread 30615] [10.0] [cxt 0] Parser 'parser': start
[07:25:37.754] [bmv2] [D] [thread 30615] [10.0] [cxt 0] Parser 'parser' entering state 'start'
[07:25:37.754] [bmv2] [D] [thread 30615] [10.0] [cxt 0] Extracting header 'ethernet'
[07:25:37.754] [bmv2] [D] [thread 30615] [10.0] [cxt 0] Parser state 'start': key is 86dd
[07:25:37.754] [bmv2] [T] [thread 30615] [10.0] [cxt 0] Bytes parsed: 14
[07:25:37.754] [bmv2] [D] [thread 30615] [10.0] [cxt 0] Parser 'parser': end
[07:25:37.754] [bmv2] [D] [thread 30615] [10.0] [cxt 0] Pipeline 'ingress': start
[07:25:37.754] [bmv2] [T] [thread 30615] [10.0] [cxt 0] ../build_dependencies/net_cache.p4(114) Condition "hdr.ipv4.isValid()" (node_2) is false
[07:25:37.754] [bmv2] [D] [thread 30615] [10.0] [cxt 0] Pipeline 'ingress': end
[07:25:37.755] [bmv2] [D] [thread 30615] [10.0] [cxt 0] Egress port is 0
[07:25:37.755] [bmv2] [D] [thread 30615] [11.0] [cxt 0] Processing packet received on port 2
[07:25:37.755] [bmv2] [D] [thread 30615] [11.0] [cxt 0] Parser 'parser': start
[07:25:37.755] [bmv2] [D] [thread 30615] [11.0] [cxt 0] Parser 'parser' entering state 'start'
[07:25:37.755] [bmv2] [D] [thread 30615] [11.0] [cxt 0] Extracting header 'ethernet'
[07:25:37.755] [bmv2] [D] [thread 30615] [11.0] [cxt 0] Parser state 'start': key is 86dd
[07:25:37.755] [bmv2] [T] [thread 30615] [11.0] [cxt 0] Bytes parsed: 14
[07:25:37.755] [bmv2] [D] [thread 30615] [11.0] [cxt 0] Parser 'parser': end
[07:25:37.755] [bmv2] [D] [thread 30615] [11.0] [cxt 0] Pipeline 'ingress': start
[07:25:37.755] [bmv2] [T] [thread 30615] [11.0] [cxt 0] ../build_dependencies/net_cache.p4(114) Condition "hdr.ipv4.isValid()" (node_2) is false
[07:25:37.755] [bmv2] [D] [thread 30615] [11.0] [cxt 0] Pipeline 'ingress': end
[07:25:37.755] [bmv2] [D] [thread 30615] [11.0] [cxt 0] Egress port is 0
[07:25:37.755] [bmv2] [D] [thread 30616] [10.0] [cxt 0] Pipeline 'egress': start
[07:25:37.755] [bmv2] [D] [thread 30616] [10.0] [cxt 0] Pipeline 'egress': end
[07:25:37.755] [bmv2] [D] [thread 30616] [10.0] [cxt 0] Deparser 'deparser': start
[07:25:37.755] [bmv2] [T] [thread 30616] [10.0] [cxt 0] Skipping checksum 'cksum' update because condition not met
[07:25:37.755] [bmv2] [D] [thread 30616] [10.0] [cxt 0] Deparsing header 'ethernet'
[07:25:37.755] [bmv2] [D] [thread 30616] [10.0] [cxt 0] Deparser 'deparser': end
[07:25:37.755] [bmv2] [D] [thread 30616] [11.0] [cxt 0] Pipeline 'egress': start
[07:25:37.755] [bmv2] [D] [thread 30616] [11.0] [cxt 0] Pipeline 'egress': end
[07:25:37.755] [bmv2] [D] [thread 30616] [11.0] [cxt 0] Deparser 'deparser': start
[07:25:37.755] [bmv2] [T] [thread 30616] [11.0] [cxt 0] Skipping checksum 'cksum' update because condition not met
[07:25:37.755] [bmv2] [D] [thread 30616] [11.0] [cxt 0] Deparsing header 'ethernet'
[07:25:37.755] [bmv2] [D] [thread 30616] [11.0] [cxt 0] Deparser 'deparser': end
[07:25:37.755] [bmv2] [D] [thread 30620] [10.0] [cxt 0] Transmitting packet of size 90 out of port 0
[07:25:37.755] [bmv2] [D] [thread 30620] [11.0] [cxt 0] Transmitting packet of size 70 out of port 0
[07:25:37.856] [bmv2] [D] [thread 30615] [12.0] [cxt 0] Processing packet received on port 2
[07:25:37.856] [bmv2] [D] [thread 30615] [12.0] [cxt 0] Parser 'parser': start
[07:25:37.856] [bmv2] [D] [thread 30615] [12.0] [cxt 0] Parser 'parser' entering state 'start'
[07:25:37.856] [bmv2] [D] [thread 30615] [12.0] [cxt 0] Extracting header 'ethernet'
[07:25:37.856] [bmv2] [D] [thread 30615] [12.0] [cxt 0] Parser state 'start': key is 86dd
[07:25:37.856] [bmv2] [T] [thread 30615] [12.0] [cxt 0] Bytes parsed: 14
[07:25:37.856] [bmv2] [D] [thread 30615] [12.0] [cxt 0] Parser 'parser': end
[07:25:37.856] [bmv2] [D] [thread 30615] [12.0] [cxt 0] Pipeline 'ingress': start
[07:25:37.856] [bmv2] [T] [thread 30615] [12.0] [cxt 0] ../build_dependencies/net_cache.p4(114) Condition "hdr.ipv4.isValid()" (node_2) is false
[07:25:37.856] [bmv2] [D] [thread 30615] [12.0] [cxt 0] Pipeline 'ingress': end
[07:25:37.856] [bmv2] [D] [thread 30615] [12.0] [cxt 0] Egress port is 0
[07:25:37.856] [bmv2] [D] [thread 30615] [13.0] [cxt 0] Processing packet received on port 2
[07:25:37.856] [bmv2] [D] [thread 30615] [13.0] [cxt 0] Parser 'parser': start
[07:25:37.856] [bmv2] [D] [thread 30615] [13.0] [cxt 0] Parser 'parser' entering state 'start'
[07:25:37.856] [bmv2] [D] [thread 30615] [13.0] [cxt 0] Extracting header 'ethernet'
[07:25:37.856] [bmv2] [D] [thread 30615] [13.0] [cxt 0] Parser state 'start': key is 86dd
[07:25:37.856] [bmv2] [T] [thread 30615] [13.0] [cxt 0] Bytes parsed: 14
[07:25:37.856] [bmv2] [D] [thread 30615] [13.0] [cxt 0] Parser 'parser': end
[07:25:37.856] [bmv2] [D] [thread 30615] [13.0] [cxt 0] Pipeline 'ingress': start
[07:25:37.856] [bmv2] [T] [thread 30615] [13.0] [cxt 0] ../build_dependencies/net_cache.p4(114) Condition "hdr.ipv4.isValid()" (node_2) is false
[07:25:37.857] [bmv2] [D] [thread 30615] [13.0] [cxt 0] Pipeline 'ingress': end
[07:25:37.857] [bmv2] [D] [thread 30615] [13.0] [cxt 0] Egress port is 0
[07:25:37.857] [bmv2] [D] [thread 30616] [12.0] [cxt 0] Pipeline 'egress': start
[07:25:37.857] [bmv2] [D] [thread 30616] [12.0] [cxt 0] Pipeline 'egress': end
[07:25:37.857] [bmv2] [D] [thread 30616] [12.0] [cxt 0] Deparser 'deparser': start
[07:25:37.857] [bmv2] [T] [thread 30616] [12.0] [cxt 0] Skipping checksum 'cksum' update because condition not met
[07:25:37.857] [bmv2] [D] [thread 30616] [12.0] [cxt 0] Deparsing header 'ethernet'
[07:25:37.857] [bmv2] [D] [thread 30616] [12.0] [cxt 0] Deparser 'deparser': end
[07:25:37.857] [bmv2] [D] [thread 30616] [13.0] [cxt 0] Pipeline 'egress': start
[07:25:37.857] [bmv2] [D] [thread 30616] [13.0] [cxt 0] Pipeline 'egress': end
[07:25:37.857] [bmv2] [D] [thread 30616] [13.0] [cxt 0] Deparser 'deparser': start
[07:25:37.857] [bmv2] [T] [thread 30616] [13.0] [cxt 0] Skipping checksum 'cksum' update because condition not met
[07:25:37.857] [bmv2] [D] [thread 30616] [13.0] [cxt 0] Deparsing header 'ethernet'
[07:25:37.857] [bmv2] [D] [thread 30616] [13.0] [cxt 0] Deparser 'deparser': end
[07:25:37.857] [bmv2] [D] [thread 30620] [12.0] [cxt 0] Transmitting packet of size 90 out of port 0
[07:25:37.857] [bmv2] [D] [thread 30620] [13.0] [cxt 0] Transmitting packet of size 70 out of port 0
[07:25:37.865] [bmv2] [D] [thread 30615] [14.0] [cxt 0] Processing packet received on port 4
[07:25:37.865] [bmv2] [D] [thread 30615] [14.0] [cxt 0] Parser 'parser': start
[07:25:37.865] [bmv2] [D] [thread 30615] [14.0] [cxt 0] Parser 'parser' entering state 'start'
[07:25:37.865] [bmv2] [D] [thread 30615] [14.0] [cxt 0] Extracting header 'ethernet'
[07:25:37.865] [bmv2] [D] [thread 30615] [14.0] [cxt 0] Parser state 'start': key is 86dd
[07:25:37.865] [bmv2] [T] [thread 30615] [14.0] [cxt 0] Bytes parsed: 14
[07:25:37.865] [bmv2] [D] [thread 30615] [14.0] [cxt 0] Parser 'parser': end
[07:25:37.865] [bmv2] [D] [thread 30615] [14.0] [cxt 0] Pipeline 'ingress': start
[07:25:37.865] [bmv2] [T] [thread 30615] [14.0] [cxt 0] ../build_dependencies/net_cache.p4(114) Condition "hdr.ipv4.isValid()" (node_2) is false
[07:25:37.865] [bmv2] [D] [thread 30615] [14.0] [cxt 0] Pipeline 'ingress': end
[07:25:37.865] [bmv2] [D] [thread 30615] [14.0] [cxt 0] Egress port is 0
[07:25:37.865] [bmv2] [D] [thread 30615] [15.0] [cxt 0] Processing packet received on port 4
[07:25:37.865] [bmv2] [D] [thread 30615] [15.0] [cxt 0] Parser 'parser': start
[07:25:37.865] [bmv2] [D] [thread 30615] [15.0] [cxt 0] Parser 'parser' entering state 'start'
[07:25:37.865] [bmv2] [D] [thread 30615] [15.0] [cxt 0] Extracting header 'ethernet'
[07:25:37.865] [bmv2] [D] [thread 30615] [15.0] [cxt 0] Parser state 'start': key is 86dd
[07:25:37.865] [bmv2] [T] [thread 30615] [15.0] [cxt 0] Bytes parsed: 14
[07:25:37.865] [bmv2] [D] [thread 30615] [15.0] [cxt 0] Parser 'parser': end
[07:25:37.865] [bmv2] [D] [thread 30615] [15.0] [cxt 0] Pipeline 'ingress': start
[07:25:37.865] [bmv2] [T] [thread 30615] [15.0] [cxt 0] ../build_dependencies/net_cache.p4(114) Condition "hdr.ipv4.isValid()" (node_2) is false
[07:25:37.865] [bmv2] [D] [thread 30615] [15.0] [cxt 0] Pipeline 'ingress': end
[07:25:37.865] [bmv2] [D] [thread 30615] [15.0] [cxt 0] Egress port is 0
[07:25:37.866] [bmv2] [D] [thread 30616] [14.0] [cxt 0] Pipeline 'egress': start
[07:25:37.866] [bmv2] [D] [thread 30616] [14.0] [cxt 0] Pipeline 'egress': end
[07:25:37.866] [bmv2] [D] [thread 30616] [14.0] [cxt 0] Deparser 'deparser': start
[07:25:37.866] [bmv2] [T] [thread 30616] [14.0] [cxt 0] Skipping checksum 'cksum' update because condition not met
[07:25:37.866] [bmv2] [D] [thread 30616] [14.0] [cxt 0] Deparsing header 'ethernet'
[07:25:37.866] [bmv2] [D] [thread 30616] [14.0] [cxt 0] Deparser 'deparser': end
[07:25:37.866] [bmv2] [D] [thread 30616] [15.0] [cxt 0] Pipeline 'egress': start
[07:25:37.866] [bmv2] [D] [thread 30616] [15.0] [cxt 0] Pipeline 'egress': end
[07:25:37.866] [bmv2] [D] [thread 30616] [15.0] [cxt 0] Deparser 'deparser': start
[07:25:37.866] [bmv2] [T] [thread 30616] [15.0] [cxt 0] Skipping checksum 'cksum' update because condition not met
[07:25:37.866] [bmv2] [D] [thread 30616] [15.0] [cxt 0] Deparsing header 'ethernet'
[07:25:37.866] [bmv2] [D] [thread 30616] [15.0] [cxt 0] Deparser 'deparser': end
[07:25:37.866] [bmv2] [D] [thread 30620] [14.0] [cxt 0] Transmitting packet of size 90 out of port 0
[07:25:37.866] [bmv2] [D] [thread 30620] [15.0] [cxt 0] Transmitting packet of size 70 out of port 0
[07:25:37.915] [bmv2] [D] [thread 30615] [16.0] [cxt 0] Processing packet received on port 2
[07:25:37.915] [bmv2] [D] [thread 30615] [16.0] [cxt 0] Parser 'parser': start
[07:25:37.915] [bmv2] [D] [thread 30615] [16.0] [cxt 0] Parser 'parser' entering state 'start'
[07:25:37.915] [bmv2] [D] [thread 30615] [16.0] [cxt 0] Extracting header 'ethernet'
[07:25:37.915] [bmv2] [D] [thread 30615] [16.0] [cxt 0] Parser state 'start': key is 86dd
[07:25:37.915] [bmv2] [T] [thread 30615] [16.0] [cxt 0] Bytes parsed: 14
[07:25:37.915] [bmv2] [D] [thread 30615] [16.0] [cxt 0] Parser 'parser': end
[07:25:37.915] [bmv2] [D] [thread 30615] [16.0] [cxt 0] Pipeline 'ingress': start
[07:25:37.915] [bmv2] [T] [thread 30615] [16.0] [cxt 0] ../build_dependencies/net_cache.p4(114) Condition "hdr.ipv4.isValid()" (node_2) is false
[07:25:37.915] [bmv2] [D] [thread 30615] [16.0] [cxt 0] Pipeline 'ingress': end
[07:25:37.915] [bmv2] [D] [thread 30615] [16.0] [cxt 0] Egress port is 0
[07:25:37.915] [bmv2] [D] [thread 30616] [16.0] [cxt 0] Pipeline 'egress': start
[07:25:37.915] [bmv2] [D] [thread 30616] [16.0] [cxt 0] Pipeline 'egress': end
[07:25:37.915] [bmv2] [D] [thread 30616] [16.0] [cxt 0] Deparser 'deparser': start
[07:25:37.915] [bmv2] [T] [thread 30616] [16.0] [cxt 0] Skipping checksum 'cksum' update because condition not met
[07:25:37.915] [bmv2] [D] [thread 30616] [16.0] [cxt 0] Deparsing header 'ethernet'
[07:25:37.915] [bmv2] [D] [thread 30616] [16.0] [cxt 0] Deparser 'deparser': end
[07:25:37.921] [bmv2] [D] [thread 30620] [16.0] [cxt 0] Transmitting packet of size 90 out of port 0
[07:25:38.107] [bmv2] [D] [thread 30615] [17.0] [cxt 0] Processing packet received on port 4
[07:25:38.107] [bmv2] [D] [thread 30615] [17.0] [cxt 0] Parser 'parser': start
[07:25:38.107] [bmv2] [D] [thread 30615] [17.0] [cxt 0] Parser 'parser' entering state 'start'
[07:25:38.107] [bmv2] [D] [thread 30615] [17.0] [cxt 0] Extracting header 'ethernet'
[07:25:38.107] [bmv2] [D] [thread 30615] [17.0] [cxt 0] Parser state 'start': key is 86dd
[07:25:38.107] [bmv2] [T] [thread 30615] [17.0] [cxt 0] Bytes parsed: 14
[07:25:38.107] [bmv2] [D] [thread 30615] [17.0] [cxt 0] Parser 'parser': end
[07:25:38.107] [bmv2] [D] [thread 30615] [17.0] [cxt 0] Pipeline 'ingress': start
[07:25:38.107] [bmv2] [T] [thread 30615] [17.0] [cxt 0] ../build_dependencies/net_cache.p4(114) Condition "hdr.ipv4.isValid()" (node_2) is false
[07:25:38.107] [bmv2] [D] [thread 30615] [17.0] [cxt 0] Pipeline 'ingress': end
[07:25:38.107] [bmv2] [D] [thread 30615] [17.0] [cxt 0] Egress port is 0
[07:25:38.107] [bmv2] [D] [thread 30615] [18.0] [cxt 0] Processing packet received on port 4
[07:25:38.107] [bmv2] [D] [thread 30615] [18.0] [cxt 0] Parser 'parser': start
[07:25:38.107] [bmv2] [D] [thread 30615] [18.0] [cxt 0] Parser 'parser' entering state 'start'
[07:25:38.107] [bmv2] [D] [thread 30615] [18.0] [cxt 0] Extracting header 'ethernet'
[07:25:38.107] [bmv2] [D] [thread 30615] [18.0] [cxt 0] Parser state 'start': key is 86dd
[07:25:38.107] [bmv2] [T] [thread 30615] [18.0] [cxt 0] Bytes parsed: 14
[07:25:38.107] [bmv2] [D] [thread 30615] [18.0] [cxt 0] Parser 'parser': end
[07:25:38.107] [bmv2] [D] [thread 30615] [18.0] [cxt 0] Pipeline 'ingress': start
[07:25:38.107] [bmv2] [T] [thread 30615] [18.0] [cxt 0] ../build_dependencies/net_cache.p4(114) Condition "hdr.ipv4.isValid()" (node_2) is false
[07:25:38.107] [bmv2] [D] [thread 30615] [18.0] [cxt 0] Pipeline 'ingress': end
[07:25:38.107] [bmv2] [D] [thread 30615] [18.0] [cxt 0] Egress port is 0
[07:25:38.107] [bmv2] [D] [thread 30616] [17.0] [cxt 0] Pipeline 'egress': start
[07:25:38.107] [bmv2] [D] [thread 30616] [17.0] [cxt 0] Pipeline 'egress': end
[07:25:38.107] [bmv2] [D] [thread 30616] [17.0] [cxt 0] Deparser 'deparser': start
[07:25:38.107] [bmv2] [T] [thread 30616] [17.0] [cxt 0] Skipping checksum 'cksum' update because condition not met
[07:25:38.107] [bmv2] [D] [thread 30616] [17.0] [cxt 0] Deparsing header 'ethernet'
[07:25:38.107] [bmv2] [D] [thread 30616] [17.0] [cxt 0] Deparser 'deparser': end
[07:25:38.107] [bmv2] [D] [thread 30616] [18.0] [cxt 0] Pipeline 'egress': start
[07:25:38.107] [bmv2] [D] [thread 30616] [18.0] [cxt 0] Pipeline 'egress': end
[07:25:38.107] [bmv2] [D] [thread 30616] [18.0] [cxt 0] Deparser 'deparser': start
[07:25:38.107] [bmv2] [T] [thread 30616] [18.0] [cxt 0] Skipping checksum 'cksum' update because condition not met
[07:25:38.107] [bmv2] [D] [thread 30616] [18.0] [cxt 0] Deparsing header 'ethernet'
[07:25:38.107] [bmv2] [D] [thread 30616] [18.0] [cxt 0] Deparser 'deparser': end
[07:25:38.107] [bmv2] [D] [thread 30620] [17.0] [cxt 0] Transmitting packet of size 90 out of port 0
[07:25:38.107] [bmv2] [D] [thread 30620] [18.0] [cxt 0] Transmitting packet of size 70 out of port 0
[07:25:38.172] [bmv2] [D] [thread 30615] [19.0] [cxt 0] Processing packet received on port 3
[07:25:38.172] [bmv2] [D] [thread 30615] [19.0] [cxt 0] Parser 'parser': start
[07:25:38.172] [bmv2] [D] [thread 30615] [19.0] [cxt 0] Parser 'parser' entering state 'start'
[07:25:38.172] [bmv2] [D] [thread 30615] [19.0] [cxt 0] Extracting header 'ethernet'
[07:25:38.172] [bmv2] [D] [thread 30615] [19.0] [cxt 0] Parser state 'start': key is 86dd
[07:25:38.172] [bmv2] [T] [thread 30615] [19.0] [cxt 0] Bytes parsed: 14
[07:25:38.172] [bmv2] [D] [thread 30615] [19.0] [cxt 0] Parser 'parser': end
[07:25:38.172] [bmv2] [D] [thread 30615] [19.0] [cxt 0] Pipeline 'ingress': start
[07:25:38.172] [bmv2] [T] [thread 30615] [19.0] [cxt 0] ../build_dependencies/net_cache.p4(114) Condition "hdr.ipv4.isValid()" (node_2) is false
[07:25:38.172] [bmv2] [D] [thread 30615] [19.0] [cxt 0] Pipeline 'ingress': end
[07:25:38.172] [bmv2] [D] [thread 30615] [19.0] [cxt 0] Egress port is 0
[07:25:38.172] [bmv2] [D] [thread 30616] [19.0] [cxt 0] Pipeline 'egress': start
[07:25:38.172] [bmv2] [D] [thread 30616] [19.0] [cxt 0] Pipeline 'egress': end
[07:25:38.172] [bmv2] [D] [thread 30616] [19.0] [cxt 0] Deparser 'deparser': start
[07:25:38.172] [bmv2] [T] [thread 30616] [19.0] [cxt 0] Skipping checksum 'cksum' update because condition not met
[07:25:38.172] [bmv2] [D] [thread 30616] [19.0] [cxt 0] Deparsing header 'ethernet'
[07:25:38.172] [bmv2] [D] [thread 30616] [19.0] [cxt 0] Deparser 'deparser': end
[07:25:38.172] [bmv2] [D] [thread 30620] [19.0] [cxt 0] Transmitting packet of size 90 out of port 0
[07:25:38.217] [bmv2] [D] [thread 30615] [20.0] [cxt 0] Processing packet received on port 4
[07:25:38.217] [bmv2] [D] [thread 30615] [20.0] [cxt 0] Parser 'parser': start
[07:25:38.217] [bmv2] [D] [thread 30615] [20.0] [cxt 0] Parser 'parser' entering state 'start'
[07:25:38.217] [bmv2] [D] [thread 30615] [20.0] [cxt 0] Extracting header 'ethernet'
[07:25:38.217] [bmv2] [D] [thread 30615] [20.0] [cxt 0] Parser state 'start': key is 86dd
[07:25:38.217] [bmv2] [T] [thread 30615] [20.0] [cxt 0] Bytes parsed: 14
[07:25:38.217] [bmv2] [D] [thread 30615] [20.0] [cxt 0] Parser 'parser': end
[07:25:38.217] [bmv2] [D] [thread 30615] [20.0] [cxt 0] Pipeline 'ingress': start
[07:25:38.217] [bmv2] [T] [thread 30615] [20.0] [cxt 0] ../build_dependencies/net_cache.p4(114) Condition "hdr.ipv4.isValid()" (node_2) is false
[07:25:38.217] [bmv2] [D] [thread 30615] [20.0] [cxt 0] Pipeline 'ingress': end
[07:25:38.217] [bmv2] [D] [thread 30615] [20.0] [cxt 0] Egress port is 0
[07:25:38.217] [bmv2] [D] [thread 30616] [20.0] [cxt 0] Pipeline 'egress': start
[07:25:38.217] [bmv2] [D] [thread 30616] [20.0] [cxt 0] Pipeline 'egress': end
[07:25:38.217] [bmv2] [D] [thread 30616] [20.0] [cxt 0] Deparser 'deparser': start
[07:25:38.217] [bmv2] [T] [thread 30616] [20.0] [cxt 0] Skipping checksum 'cksum' update because condition not met
[07:25:38.217] [bmv2] [D] [thread 30616] [20.0] [cxt 0] Deparsing header 'ethernet'
[07:25:38.217] [bmv2] [D] [thread 30616] [20.0] [cxt 0] Deparser 'deparser': end
[07:25:38.217] [bmv2] [D] [thread 30620] [20.0] [cxt 0] Transmitting packet of size 90 out of port 0
[07:25:38.340] [bmv2] [D] [thread 30615] [21.0] [cxt 0] Processing packet received on port 3
[07:25:38.340] [bmv2] [D] [thread 30615] [21.0] [cxt 0] Parser 'parser': start
[07:25:38.340] [bmv2] [D] [thread 30615] [21.0] [cxt 0] Parser 'parser' entering state 'start'
[07:25:38.340] [bmv2] [D] [thread 30615] [21.0] [cxt 0] Extracting header 'ethernet'
[07:25:38.340] [bmv2] [D] [thread 30615] [21.0] [cxt 0] Parser state 'start': key is 86dd
[07:25:38.340] [bmv2] [T] [thread 30615] [21.0] [cxt 0] Bytes parsed: 14
[07:25:38.340] [bmv2] [D] [thread 30615] [21.0] [cxt 0] Parser 'parser': end
[07:25:38.340] [bmv2] [D] [thread 30615] [21.0] [cxt 0] Pipeline 'ingress': start
[07:25:38.340] [bmv2] [T] [thread 30615] [21.0] [cxt 0] ../build_dependencies/net_cache.p4(114) Condition "hdr.ipv4.isValid()" (node_2) is false
[07:25:38.340] [bmv2] [D] [thread 30615] [21.0] [cxt 0] Pipeline 'ingress': end
[07:25:38.340] [bmv2] [D] [thread 30615] [21.0] [cxt 0] Egress port is 0
[07:25:38.340] [bmv2] [D] [thread 30615] [22.0] [cxt 0] Processing packet received on port 3
[07:25:38.340] [bmv2] [D] [thread 30615] [22.0] [cxt 0] Parser 'parser': start
[07:25:38.340] [bmv2] [D] [thread 30615] [22.0] [cxt 0] Parser 'parser' entering state 'start'
[07:25:38.340] [bmv2] [D] [thread 30615] [22.0] [cxt 0] Extracting header 'ethernet'
[07:25:38.340] [bmv2] [D] [thread 30615] [22.0] [cxt 0] Parser state 'start': key is 86dd
[07:25:38.340] [bmv2] [T] [thread 30615] [22.0] [cxt 0] Bytes parsed: 14
[07:25:38.340] [bmv2] [D] [thread 30615] [22.0] [cxt 0] Parser 'parser': end
[07:25:38.340] [bmv2] [D] [thread 30615] [22.0] [cxt 0] Pipeline 'ingress': start
[07:25:38.340] [bmv2] [T] [thread 30615] [22.0] [cxt 0] ../build_dependencies/net_cache.p4(114) Condition "hdr.ipv4.isValid()" (node_2) is false
[07:25:38.340] [bmv2] [D] [thread 30615] [22.0] [cxt 0] Pipeline 'ingress': end
[07:25:38.340] [bmv2] [D] [thread 30615] [22.0] [cxt 0] Egress port is 0
[07:25:38.340] [bmv2] [D] [thread 30616] [21.0] [cxt 0] Pipeline 'egress': start
[07:25:38.340] [bmv2] [D] [thread 30616] [21.0] [cxt 0] Pipeline 'egress': end
[07:25:38.340] [bmv2] [D] [thread 30616] [21.0] [cxt 0] Deparser 'deparser': start
[07:25:38.340] [bmv2] [T] [thread 30616] [21.0] [cxt 0] Skipping checksum 'cksum' update because condition not met
[07:25:38.340] [bmv2] [D] [thread 30616] [21.0] [cxt 0] Deparsing header 'ethernet'
[07:25:38.340] [bmv2] [D] [thread 30616] [21.0] [cxt 0] Deparser 'deparser': end
[07:25:38.340] [bmv2] [D] [thread 30616] [22.0] [cxt 0] Pipeline 'egress': start
[07:25:38.340] [bmv2] [D] [thread 30616] [22.0] [cxt 0] Pipeline 'egress': end
[07:25:38.340] [bmv2] [D] [thread 30616] [22.0] [cxt 0] Deparser 'deparser': start
[07:25:38.340] [bmv2] [T] [thread 30616] [22.0] [cxt 0] Skipping checksum 'cksum' update because condition not met
[07:25:38.340] [bmv2] [D] [thread 30616] [22.0] [cxt 0] Deparsing header 'ethernet'
[07:25:38.340] [bmv2] [D] [thread 30616] [22.0] [cxt 0] Deparser 'deparser': end
[07:25:38.340] [bmv2] [D] [thread 30620] [21.0] [cxt 0] Transmitting packet of size 90 out of port 0
[07:25:38.340] [bmv2] [D] [thread 30620] [22.0] [cxt 0] Transmitting packet of size 70 out of port 0
[07:25:38.489] [bmv2] [D] [thread 30615] [23.0] [cxt 0] Processing packet received on port 1
[07:25:38.489] [bmv2] [D] [thread 30615] [23.0] [cxt 0] Parser 'parser': start
[07:25:38.489] [bmv2] [D] [thread 30615] [23.0] [cxt 0] Parser 'parser' entering state 'start'
[07:25:38.489] [bmv2] [D] [thread 30615] [23.0] [cxt 0] Extracting header 'ethernet'
[07:25:38.489] [bmv2] [D] [thread 30615] [23.0] [cxt 0] Parser state 'start': key is 86dd
[07:25:38.489] [bmv2] [T] [thread 30615] [23.0] [cxt 0] Bytes parsed: 14
[07:25:38.489] [bmv2] [D] [thread 30615] [23.0] [cxt 0] Parser 'parser': end
[07:25:38.489] [bmv2] [D] [thread 30615] [23.0] [cxt 0] Pipeline 'ingress': start
[07:25:38.489] [bmv2] [T] [thread 30615] [23.0] [cxt 0] ../build_dependencies/net_cache.p4(114) Condition "hdr.ipv4.isValid()" (node_2) is false
[07:25:38.489] [bmv2] [D] [thread 30615] [23.0] [cxt 0] Pipeline 'ingress': end
[07:25:38.489] [bmv2] [D] [thread 30615] [23.0] [cxt 0] Egress port is 0
[07:25:38.489] [bmv2] [D] [thread 30615] [24.0] [cxt 0] Processing packet received on port 1
[07:25:38.489] [bmv2] [D] [thread 30615] [24.0] [cxt 0] Parser 'parser': start
[07:25:38.489] [bmv2] [D] [thread 30615] [24.0] [cxt 0] Parser 'parser' entering state 'start'
[07:25:38.489] [bmv2] [D] [thread 30615] [24.0] [cxt 0] Extracting header 'ethernet'
[07:25:38.489] [bmv2] [D] [thread 30615] [24.0] [cxt 0] Parser state 'start': key is 86dd
[07:25:38.489] [bmv2] [T] [thread 30615] [24.0] [cxt 0] Bytes parsed: 14
[07:25:38.489] [bmv2] [D] [thread 30615] [24.0] [cxt 0] Parser 'parser': end
[07:25:38.489] [bmv2] [D] [thread 30615] [24.0] [cxt 0] Pipeline 'ingress': start
[07:25:38.489] [bmv2] [T] [thread 30615] [24.0] [cxt 0] ../build_dependencies/net_cache.p4(114) Condition "hdr.ipv4.isValid()" (node_2) is false
[07:25:38.489] [bmv2] [D] [thread 30615] [24.0] [cxt 0] Pipeline 'ingress': end
[07:25:38.489] [bmv2] [D] [thread 30615] [24.0] [cxt 0] Egress port is 0
[07:25:38.490] [bmv2] [D] [thread 30616] [23.0] [cxt 0] Pipeline 'egress': start
[07:25:38.490] [bmv2] [D] [thread 30616] [23.0] [cxt 0] Pipeline 'egress': end
[07:25:38.490] [bmv2] [D] [thread 30616] [23.0] [cxt 0] Deparser 'deparser': start
[07:25:38.490] [bmv2] [T] [thread 30616] [23.0] [cxt 0] Skipping checksum 'cksum' update because condition not met
[07:25:38.490] [bmv2] [D] [thread 30616] [23.0] [cxt 0] Deparsing header 'ethernet'
[07:25:38.490] [bmv2] [D] [thread 30616] [23.0] [cxt 0] Deparser 'deparser': end
[07:25:38.490] [bmv2] [D] [thread 30616] [24.0] [cxt 0] Pipeline 'egress': start
[07:25:38.490] [bmv2] [D] [thread 30616] [24.0] [cxt 0] Pipeline 'egress': end
[07:25:38.490] [bmv2] [D] [thread 30616] [24.0] [cxt 0] Deparser 'deparser': start
[07:25:38.490] [bmv2] [T] [thread 30616] [24.0] [cxt 0] Skipping checksum 'cksum' update because condition not met
[07:25:38.490] [bmv2] [D] [thread 30616] [24.0] [cxt 0] Deparsing header 'ethernet'
[07:25:38.490] [bmv2] [D] [thread 30616] [24.0] [cxt 0] Deparser 'deparser': end
[07:25:38.490] [bmv2] [D] [thread 30620] [23.0] [cxt 0] Transmitting packet of size 90 out of port 0
[07:25:38.490] [bmv2] [D] [thread 30620] [24.0] [cxt 0] Transmitting packet of size 70 out of port 0
[07:25:38.500] [bmv2] [D] [thread 30615] [25.0] [cxt 0] Processing packet received on port 2
[07:25:38.500] [bmv2] [D] [thread 30615] [25.0] [cxt 0] Parser 'parser': start
[07:25:38.500] [bmv2] [D] [thread 30615] [25.0] [cxt 0] Parser 'parser' entering state 'start'
[07:25:38.500] [bmv2] [D] [thread 30615] [25.0] [cxt 0] Extracting header 'ethernet'
[07:25:38.500] [bmv2] [D] [thread 30615] [25.0] [cxt 0] Parser state 'start': key is 86dd
[07:25:38.500] [bmv2] [T] [thread 30615] [25.0] [cxt 0] Bytes parsed: 14
[07:25:38.500] [bmv2] [D] [thread 30615] [25.0] [cxt 0] Parser 'parser': end
[07:25:38.500] [bmv2] [D] [thread 30615] [25.0] [cxt 0] Pipeline 'ingress': start
[07:25:38.500] [bmv2] [T] [thread 30615] [25.0] [cxt 0] ../build_dependencies/net_cache.p4(114) Condition "hdr.ipv4.isValid()" (node_2) is false
[07:25:38.500] [bmv2] [D] [thread 30615] [25.0] [cxt 0] Pipeline 'ingress': end
[07:25:38.500] [bmv2] [D] [thread 30615] [25.0] [cxt 0] Egress port is 0
[07:25:38.500] [bmv2] [D] [thread 30616] [25.0] [cxt 0] Pipeline 'egress': start
[07:25:38.500] [bmv2] [D] [thread 30616] [25.0] [cxt 0] Pipeline 'egress': end
[07:25:38.500] [bmv2] [D] [thread 30616] [25.0] [cxt 0] Deparser 'deparser': start
[07:25:38.500] [bmv2] [T] [thread 30616] [25.0] [cxt 0] Skipping checksum 'cksum' update because condition not met
[07:25:38.500] [bmv2] [D] [thread 30616] [25.0] [cxt 0] Deparsing header 'ethernet'
[07:25:38.500] [bmv2] [D] [thread 30616] [25.0] [cxt 0] Deparser 'deparser': end
[07:25:38.500] [bmv2] [D] [thread 30620] [25.0] [cxt 0] Transmitting packet of size 90 out of port 0
[07:25:38.514] [bmv2] [D] [thread 30615] [26.0] [cxt 0] Processing packet received on port 1
[07:25:38.514] [bmv2] [D] [thread 30615] [26.0] [cxt 0] Parser 'parser': start
[07:25:38.514] [bmv2] [D] [thread 30615] [26.0] [cxt 0] Parser 'parser' entering state 'start'
[07:25:38.514] [bmv2] [D] [thread 30615] [26.0] [cxt 0] Extracting header 'ethernet'
[07:25:38.514] [bmv2] [D] [thread 30615] [26.0] [cxt 0] Parser state 'start': key is 86dd
[07:25:38.514] [bmv2] [T] [thread 30615] [26.0] [cxt 0] Bytes parsed: 14
[07:25:38.514] [bmv2] [D] [thread 30615] [26.0] [cxt 0] Parser 'parser': end
[07:25:38.514] [bmv2] [D] [thread 30615] [26.0] [cxt 0] Pipeline 'ingress': start
[07:25:38.514] [bmv2] [T] [thread 30615] [26.0] [cxt 0] ../build_dependencies/net_cache.p4(114) Condition "hdr.ipv4.isValid()" (node_2) is false
[07:25:38.514] [bmv2] [D] [thread 30615] [26.0] [cxt 0] Pipeline 'ingress': end
[07:25:38.514] [bmv2] [D] [thread 30615] [26.0] [cxt 0] Egress port is 0
[07:25:38.514] [bmv2] [D] [thread 30615] [27.0] [cxt 0] Processing packet received on port 1
[07:25:38.514] [bmv2] [D] [thread 30615] [27.0] [cxt 0] Parser 'parser': start
[07:25:38.514] [bmv2] [D] [thread 30615] [27.0] [cxt 0] Parser 'parser' entering state 'start'
[07:25:38.514] [bmv2] [D] [thread 30615] [27.0] [cxt 0] Extracting header 'ethernet'
[07:25:38.514] [bmv2] [D] [thread 30615] [27.0] [cxt 0] Parser state 'start': key is 86dd
[07:25:38.514] [bmv2] [T] [thread 30615] [27.0] [cxt 0] Bytes parsed: 14
[07:25:38.514] [bmv2] [D] [thread 30615] [27.0] [cxt 0] Parser 'parser': end
[07:25:38.514] [bmv2] [D] [thread 30615] [27.0] [cxt 0] Pipeline 'ingress': start
[07:25:38.514] [bmv2] [T] [thread 30615] [27.0] [cxt 0] ../build_dependencies/net_cache.p4(114) Condition "hdr.ipv4.isValid()" (node_2) is false
[07:25:38.514] [bmv2] [D] [thread 30615] [27.0] [cxt 0] Pipeline 'ingress': end
[07:25:38.514] [bmv2] [D] [thread 30615] [27.0] [cxt 0] Egress port is 0
[07:25:38.514] [bmv2] [D] [thread 30616] [26.0] [cxt 0] Pipeline 'egress': start
[07:25:38.514] [bmv2] [D] [thread 30616] [26.0] [cxt 0] Pipeline 'egress': end
[07:25:38.514] [bmv2] [D] [thread 30616] [26.0] [cxt 0] Deparser 'deparser': start
[07:25:38.514] [bmv2] [T] [thread 30616] [26.0] [cxt 0] Skipping checksum 'cksum' update because condition not met
[07:25:38.514] [bmv2] [D] [thread 30616] [26.0] [cxt 0] Deparsing header 'ethernet'
[07:25:38.514] [bmv2] [D] [thread 30616] [26.0] [cxt 0] Deparser 'deparser': end
[07:25:38.514] [bmv2] [D] [thread 30616] [27.0] [cxt 0] Pipeline 'egress': start
[07:25:38.514] [bmv2] [D] [thread 30616] [27.0] [cxt 0] Pipeline 'egress': end
[07:25:38.514] [bmv2] [D] [thread 30616] [27.0] [cxt 0] Deparser 'deparser': start
[07:25:38.514] [bmv2] [T] [thread 30616] [27.0] [cxt 0] Skipping checksum 'cksum' update because condition not met
[07:25:38.514] [bmv2] [D] [thread 30616] [27.0] [cxt 0] Deparsing header 'ethernet'
[07:25:38.514] [bmv2] [D] [thread 30616] [27.0] [cxt 0] Deparser 'deparser': end
[07:25:38.514] [bmv2] [D] [thread 30620] [26.0] [cxt 0] Transmitting packet of size 90 out of port 0
[07:25:38.514] [bmv2] [D] [thread 30620] [27.0] [cxt 0] Transmitting packet of size 70 out of port 0
[07:25:38.588] [bmv2] [D] [thread 30615] [28.0] [cxt 0] Processing packet received on port 3
[07:25:38.588] [bmv2] [D] [thread 30615] [28.0] [cxt 0] Parser 'parser': start
[07:25:38.588] [bmv2] [D] [thread 30615] [28.0] [cxt 0] Parser 'parser' entering state 'start'
[07:25:38.588] [bmv2] [D] [thread 30615] [28.0] [cxt 0] Extracting header 'ethernet'
[07:25:38.588] [bmv2] [D] [thread 30615] [28.0] [cxt 0] Parser state 'start': key is 86dd
[07:25:38.588] [bmv2] [T] [thread 30615] [28.0] [cxt 0] Bytes parsed: 14
[07:25:38.588] [bmv2] [D] [thread 30615] [28.0] [cxt 0] Parser 'parser': end
[07:25:38.588] [bmv2] [D] [thread 30615] [28.0] [cxt 0] Pipeline 'ingress': start
[07:25:38.588] [bmv2] [T] [thread 30615] [28.0] [cxt 0] ../build_dependencies/net_cache.p4(114) Condition "hdr.ipv4.isValid()" (node_2) is false
[07:25:38.588] [bmv2] [D] [thread 30615] [28.0] [cxt 0] Pipeline 'ingress': end
[07:25:38.588] [bmv2] [D] [thread 30615] [28.0] [cxt 0] Egress port is 0
[07:25:38.588] [bmv2] [D] [thread 30616] [28.0] [cxt 0] Pipeline 'egress': start
[07:25:38.588] [bmv2] [D] [thread 30616] [28.0] [cxt 0] Pipeline 'egress': end
[07:25:38.588] [bmv2] [D] [thread 30616] [28.0] [cxt 0] Deparser 'deparser': start
[07:25:38.588] [bmv2] [T] [thread 30616] [28.0] [cxt 0] Skipping checksum 'cksum' update because condition not met
[07:25:38.588] [bmv2] [D] [thread 30616] [28.0] [cxt 0] Deparsing header 'ethernet'
[07:25:38.588] [bmv2] [D] [thread 30616] [28.0] [cxt 0] Deparser 'deparser': end
[07:25:38.588] [bmv2] [D] [thread 30620] [28.0] [cxt 0] Transmitting packet of size 90 out of port 0
[07:25:38.649] [bmv2] [D] [thread 30615] [29.0] [cxt 0] Processing packet received on port 4
[07:25:38.649] [bmv2] [D] [thread 30615] [29.0] [cxt 0] Parser 'parser': start
[07:25:38.649] [bmv2] [D] [thread 30615] [29.0] [cxt 0] Parser 'parser' entering state 'start'
[07:25:38.649] [bmv2] [D] [thread 30615] [29.0] [cxt 0] Extracting header 'ethernet'
[07:25:38.649] [bmv2] [D] [thread 30615] [29.0] [cxt 0] Parser state 'start': key is 86dd
[07:25:38.649] [bmv2] [T] [thread 30615] [29.0] [cxt 0] Bytes parsed: 14
[07:25:38.649] [bmv2] [D] [thread 30615] [29.0] [cxt 0] Parser 'parser': end
[07:25:38.649] [bmv2] [D] [thread 30615] [29.0] [cxt 0] Pipeline 'ingress': start
[07:25:38.649] [bmv2] [T] [thread 30615] [29.0] [cxt 0] ../build_dependencies/net_cache.p4(114) Condition "hdr.ipv4.isValid()" (node_2) is false
[07:25:38.649] [bmv2] [D] [thread 30615] [29.0] [cxt 0] Pipeline 'ingress': end
[07:25:38.649] [bmv2] [D] [thread 30615] [29.0] [cxt 0] Egress port is 0
[07:25:38.649] [bmv2] [D] [thread 30616] [29.0] [cxt 0] Pipeline 'egress': start
[07:25:38.649] [bmv2] [D] [thread 30616] [29.0] [cxt 0] Pipeline 'egress': end
[07:25:38.649] [bmv2] [D] [thread 30616] [29.0] [cxt 0] Deparser 'deparser': start
[07:25:38.649] [bmv2] [T] [thread 30616] [29.0] [cxt 0] Skipping checksum 'cksum' update because condition not met
[07:25:38.649] [bmv2] [D] [thread 30616] [29.0] [cxt 0] Deparsing header 'ethernet'
[07:25:38.649] [bmv2] [D] [thread 30616] [29.0] [cxt 0] Deparser 'deparser': end
[07:25:38.649] [bmv2] [D] [thread 30620] [29.0] [cxt 0] Transmitting packet of size 90 out of port 0
[07:25:38.682] [bmv2] [D] [thread 30615] [30.0] [cxt 0] Processing packet received on port 1
[07:25:38.682] [bmv2] [D] [thread 30615] [30.0] [cxt 0] Parser 'parser': start
[07:25:38.682] [bmv2] [D] [thread 30615] [30.0] [cxt 0] Parser 'parser' entering state 'start'
[07:25:38.682] [bmv2] [D] [thread 30615] [30.0] [cxt 0] Extracting header 'ethernet'
[07:25:38.682] [bmv2] [D] [thread 30615] [30.0] [cxt 0] Parser state 'start': key is 86dd
[07:25:38.682] [bmv2] [T] [thread 30615] [30.0] [cxt 0] Bytes parsed: 14
[07:25:38.682] [bmv2] [D] [thread 30615] [30.0] [cxt 0] Parser 'parser': end
[07:25:38.682] [bmv2] [D] [thread 30615] [30.0] [cxt 0] Pipeline 'ingress': start
[07:25:38.682] [bmv2] [T] [thread 30615] [30.0] [cxt 0] ../build_dependencies/net_cache.p4(114) Condition "hdr.ipv4.isValid()" (node_2) is false
[07:25:38.682] [bmv2] [D] [thread 30615] [30.0] [cxt 0] Pipeline 'ingress': end
[07:25:38.682] [bmv2] [D] [thread 30615] [30.0] [cxt 0] Egress port is 0
[07:25:38.682] [bmv2] [D] [thread 30616] [30.0] [cxt 0] Pipeline 'egress': start
[07:25:38.682] [bmv2] [D] [thread 30616] [30.0] [cxt 0] Pipeline 'egress': end
[07:25:38.682] [bmv2] [D] [thread 30616] [30.0] [cxt 0] Deparser 'deparser': start
[07:25:38.682] [bmv2] [T] [thread 30616] [30.0] [cxt 0] Skipping checksum 'cksum' update because condition not met
[07:25:38.682] [bmv2] [D] [thread 30616] [30.0] [cxt 0] Deparsing header 'ethernet'
[07:25:38.682] [bmv2] [D] [thread 30616] [30.0] [cxt 0] Deparser 'deparser': end
[07:25:38.683] [bmv2] [D] [thread 30620] [30.0] [cxt 0] Transmitting packet of size 90 out of port 0
[07:25:38.805] [bmv2] [D] [thread 30615] [31.0] [cxt 0] Processing packet received on port 1
[07:25:38.805] [bmv2] [D] [thread 30615] [31.0] [cxt 0] Parser 'parser': start
[07:25:38.805] [bmv2] [D] [thread 30615] [31.0] [cxt 0] Parser 'parser' entering state 'start'
[07:25:38.805] [bmv2] [D] [thread 30615] [31.0] [cxt 0] Extracting header 'ethernet'
[07:25:38.805] [bmv2] [D] [thread 30615] [31.0] [cxt 0] Parser state 'start': key is 86dd
[07:25:38.805] [bmv2] [T] [thread 30615] [31.0] [cxt 0] Bytes parsed: 14
[07:25:38.805] [bmv2] [D] [thread 30615] [31.0] [cxt 0] Parser 'parser': end
[07:25:38.805] [bmv2] [D] [thread 30615] [31.0] [cxt 0] Pipeline 'ingress': start
[07:25:38.805] [bmv2] [T] [thread 30615] [31.0] [cxt 0] ../build_dependencies/net_cache.p4(114) Condition "hdr.ipv4.isValid()" (node_2) is false
[07:25:38.805] [bmv2] [D] [thread 30615] [31.0] [cxt 0] Pipeline 'ingress': end
[07:25:38.805] [bmv2] [D] [thread 30615] [31.0] [cxt 0] Egress port is 0
[07:25:38.805] [bmv2] [D] [thread 30616] [31.0] [cxt 0] Pipeline 'egress': start
[07:25:38.805] [bmv2] [D] [thread 30616] [31.0] [cxt 0] Pipeline 'egress': end
[07:25:38.805] [bmv2] [D] [thread 30616] [31.0] [cxt 0] Deparser 'deparser': start
[07:25:38.805] [bmv2] [T] [thread 30616] [31.0] [cxt 0] Skipping checksum 'cksum' update because condition not met
[07:25:38.805] [bmv2] [D] [thread 30616] [31.0] [cxt 0] Deparsing header 'ethernet'
[07:25:38.805] [bmv2] [D] [thread 30616] [31.0] [cxt 0] Deparser 'deparser': end
[07:25:38.805] [bmv2] [D] [thread 30620] [31.0] [cxt 0] Transmitting packet of size 90 out of port 0
[07:25:41.703] [bmv2] [D] [thread 30615] [32.0] [cxt 0] Processing packet received on port 3
[07:25:41.703] [bmv2] [D] [thread 30615] [32.0] [cxt 0] Parser 'parser': start
[07:25:41.703] [bmv2] [D] [thread 30615] [32.0] [cxt 0] Parser 'parser' entering state 'start'
[07:25:41.703] [bmv2] [D] [thread 30615] [32.0] [cxt 0] Extracting header 'ethernet'
[07:25:41.703] [bmv2] [D] [thread 30615] [32.0] [cxt 0] Parser state 'start': key is 86dd
[07:25:41.703] [bmv2] [T] [thread 30615] [32.0] [cxt 0] Bytes parsed: 14
[07:25:41.703] [bmv2] [D] [thread 30615] [32.0] [cxt 0] Parser 'parser': end
[07:25:41.703] [bmv2] [D] [thread 30615] [32.0] [cxt 0] Pipeline 'ingress': start
[07:25:41.703] [bmv2] [T] [thread 30615] [32.0] [cxt 0] ../build_dependencies/net_cache.p4(114) Condition "hdr.ipv4.isValid()" (node_2) is false
[07:25:41.703] [bmv2] [D] [thread 30615] [32.0] [cxt 0] Pipeline 'ingress': end
[07:25:41.703] [bmv2] [D] [thread 30615] [32.0] [cxt 0] Egress port is 0
[07:25:41.703] [bmv2] [D] [thread 30616] [32.0] [cxt 0] Pipeline 'egress': start
[07:25:41.703] [bmv2] [D] [thread 30616] [32.0] [cxt 0] Pipeline 'egress': end
[07:25:41.703] [bmv2] [D] [thread 30616] [32.0] [cxt 0] Deparser 'deparser': start
[07:25:41.703] [bmv2] [T] [thread 30616] [32.0] [cxt 0] Skipping checksum 'cksum' update because condition not met
[07:25:41.703] [bmv2] [D] [thread 30616] [32.0] [cxt 0] Deparsing header 'ethernet'
[07:25:41.703] [bmv2] [D] [thread 30616] [32.0] [cxt 0] Deparser 'deparser': end
[07:25:41.704] [bmv2] [D] [thread 30620] [32.0] [cxt 0] Transmitting packet of size 70 out of port 0
[07:25:41.760] [bmv2] [D] [thread 30615] [33.0] [cxt 0] Processing packet received on port 2
[07:25:41.760] [bmv2] [D] [thread 30615] [33.0] [cxt 0] Parser 'parser': start
[07:25:41.760] [bmv2] [D] [thread 30615] [33.0] [cxt 0] Parser 'parser' entering state 'start'
[07:25:41.760] [bmv2] [D] [thread 30615] [33.0] [cxt 0] Extracting header 'ethernet'
[07:25:41.760] [bmv2] [D] [thread 30615] [33.0] [cxt 0] Parser state 'start': key is 86dd
[07:25:41.760] [bmv2] [T] [thread 30615] [33.0] [cxt 0] Bytes parsed: 14
[07:25:41.760] [bmv2] [D] [thread 30615] [33.0] [cxt 0] Parser 'parser': end
[07:25:41.760] [bmv2] [D] [thread 30615] [33.0] [cxt 0] Pipeline 'ingress': start
[07:25:41.760] [bmv2] [T] [thread 30615] [33.0] [cxt 0] ../build_dependencies/net_cache.p4(114) Condition "hdr.ipv4.isValid()" (node_2) is false
[07:25:41.760] [bmv2] [D] [thread 30615] [33.0] [cxt 0] Pipeline 'ingress': end
[07:25:41.760] [bmv2] [D] [thread 30615] [33.0] [cxt 0] Egress port is 0
[07:25:41.760] [bmv2] [D] [thread 30616] [33.0] [cxt 0] Pipeline 'egress': start
[07:25:41.760] [bmv2] [D] [thread 30616] [33.0] [cxt 0] Pipeline 'egress': end
[07:25:41.760] [bmv2] [D] [thread 30616] [33.0] [cxt 0] Deparser 'deparser': start
[07:25:41.760] [bmv2] [T] [thread 30616] [33.0] [cxt 0] Skipping checksum 'cksum' update because condition not met
[07:25:41.760] [bmv2] [D] [thread 30616] [33.0] [cxt 0] Deparsing header 'ethernet'
[07:25:41.760] [bmv2] [D] [thread 30616] [33.0] [cxt 0] Deparser 'deparser': end
[07:25:41.760] [bmv2] [D] [thread 30620] [33.0] [cxt 0] Transmitting packet of size 70 out of port 0
[07:25:41.875] [bmv2] [D] [thread 30615] [34.0] [cxt 0] Processing packet received on port 2
[07:25:41.876] [bmv2] [D] [thread 30615] [34.0] [cxt 0] Parser 'parser': start
[07:25:41.876] [bmv2] [D] [thread 30615] [34.0] [cxt 0] Parser 'parser' entering state 'start'
[07:25:41.876] [bmv2] [D] [thread 30615] [34.0] [cxt 0] Extracting header 'ethernet'
[07:25:41.876] [bmv2] [D] [thread 30615] [34.0] [cxt 0] Parser state 'start': key is 86dd
[07:25:41.876] [bmv2] [T] [thread 30615] [34.0] [cxt 0] Bytes parsed: 14
[07:25:41.876] [bmv2] [D] [thread 30615] [34.0] [cxt 0] Parser 'parser': end
[07:25:41.876] [bmv2] [D] [thread 30615] [34.0] [cxt 0] Pipeline 'ingress': start
[07:25:41.876] [bmv2] [T] [thread 30615] [34.0] [cxt 0] ../build_dependencies/net_cache.p4(114) Condition "hdr.ipv4.isValid()" (node_2) is false
[07:25:41.876] [bmv2] [D] [thread 30615] [34.0] [cxt 0] Pipeline 'ingress': end
[07:25:41.876] [bmv2] [D] [thread 30615] [34.0] [cxt 0] Egress port is 0
[07:25:41.876] [bmv2] [D] [thread 30615] [35.0] [cxt 0] Processing packet received on port 4
[07:25:41.876] [bmv2] [D] [thread 30615] [35.0] [cxt 0] Parser 'parser': start
[07:25:41.876] [bmv2] [D] [thread 30615] [35.0] [cxt 0] Parser 'parser' entering state 'start'
[07:25:41.876] [bmv2] [D] [thread 30615] [35.0] [cxt 0] Extracting header 'ethernet'
[07:25:41.876] [bmv2] [D] [thread 30615] [35.0] [cxt 0] Parser state 'start': key is 86dd
[07:25:41.876] [bmv2] [T] [thread 30615] [35.0] [cxt 0] Bytes parsed: 14
[07:25:41.876] [bmv2] [D] [thread 30615] [35.0] [cxt 0] Parser 'parser': end
[07:25:41.876] [bmv2] [D] [thread 30615] [35.0] [cxt 0] Pipeline 'ingress': start
[07:25:41.876] [bmv2] [T] [thread 30615] [35.0] [cxt 0] ../build_dependencies/net_cache.p4(114) Condition "hdr.ipv4.isValid()" (node_2) is false
[07:25:41.876] [bmv2] [D] [thread 30615] [35.0] [cxt 0] Pipeline 'ingress': end
[07:25:41.876] [bmv2] [D] [thread 30615] [35.0] [cxt 0] Egress port is 0
[07:25:41.876] [bmv2] [D] [thread 30616] [34.0] [cxt 0] Pipeline 'egress': start
[07:25:41.876] [bmv2] [D] [thread 30616] [34.0] [cxt 0] Pipeline 'egress': end
[07:25:41.876] [bmv2] [D] [thread 30616] [34.0] [cxt 0] Deparser 'deparser': start
[07:25:41.876] [bmv2] [T] [thread 30616] [34.0] [cxt 0] Skipping checksum 'cksum' update because condition not met
[07:25:41.876] [bmv2] [D] [thread 30616] [34.0] [cxt 0] Deparsing header 'ethernet'
[07:25:41.876] [bmv2] [D] [thread 30616] [34.0] [cxt 0] Deparser 'deparser': end
[07:25:41.876] [bmv2] [D] [thread 30616] [35.0] [cxt 0] Pipeline 'egress': start
[07:25:41.876] [bmv2] [D] [thread 30616] [35.0] [cxt 0] Pipeline 'egress': end
[07:25:41.876] [bmv2] [D] [thread 30616] [35.0] [cxt 0] Deparser 'deparser': start
[07:25:41.876] [bmv2] [T] [thread 30616] [35.0] [cxt 0] Skipping checksum 'cksum' update because condition not met
[07:25:41.876] [bmv2] [D] [thread 30616] [35.0] [cxt 0] Deparsing header 'ethernet'
[07:25:41.876] [bmv2] [D] [thread 30616] [35.0] [cxt 0] Deparser 'deparser': end
[07:25:41.876] [bmv2] [D] [thread 30620] [34.0] [cxt 0] Transmitting packet of size 70 out of port 0
[07:25:41.876] [bmv2] [D] [thread 30620] [35.0] [cxt 0] Transmitting packet of size 70 out of port 0
[07:25:42.128] [bmv2] [D] [thread 30615] [36.0] [cxt 0] Processing packet received on port 4
[07:25:42.128] [bmv2] [D] [thread 30615] [36.0] [cxt 0] Parser 'parser': start
[07:25:42.128] [bmv2] [D] [thread 30615] [36.0] [cxt 0] Parser 'parser' entering state 'start'
[07:25:42.128] [bmv2] [D] [thread 30615] [36.0] [cxt 0] Extracting header 'ethernet'
[07:25:42.128] [bmv2] [D] [thread 30615] [36.0] [cxt 0] Parser state 'start': key is 86dd
[07:25:42.128] [bmv2] [T] [thread 30615] [36.0] [cxt 0] Bytes parsed: 14
[07:25:42.128] [bmv2] [D] [thread 30615] [36.0] [cxt 0] Parser 'parser': end
[07:25:42.128] [bmv2] [D] [thread 30615] [36.0] [cxt 0] Pipeline 'ingress': start
[07:25:42.128] [bmv2] [T] [thread 30615] [36.0] [cxt 0] ../build_dependencies/net_cache.p4(114) Condition "hdr.ipv4.isValid()" (node_2) is false
[07:25:42.128] [bmv2] [D] [thread 30615] [36.0] [cxt 0] Pipeline 'ingress': end
[07:25:42.128] [bmv2] [D] [thread 30615] [36.0] [cxt 0] Egress port is 0
[07:25:42.128] [bmv2] [D] [thread 30616] [36.0] [cxt 0] Pipeline 'egress': start
[07:25:42.128] [bmv2] [D] [thread 30616] [36.0] [cxt 0] Pipeline 'egress': end
[07:25:42.128] [bmv2] [D] [thread 30616] [36.0] [cxt 0] Deparser 'deparser': start
[07:25:42.128] [bmv2] [T] [thread 30616] [36.0] [cxt 0] Skipping checksum 'cksum' update because condition not met
[07:25:42.128] [bmv2] [D] [thread 30616] [36.0] [cxt 0] Deparsing header 'ethernet'
[07:25:42.128] [bmv2] [D] [thread 30616] [36.0] [cxt 0] Deparser 'deparser': end
[07:25:42.128] [bmv2] [D] [thread 30620] [36.0] [cxt 0] Transmitting packet of size 70 out of port 0
[07:25:42.358] [bmv2] [D] [thread 30615] [37.0] [cxt 0] Processing packet received on port 3
[07:25:42.358] [bmv2] [D] [thread 30615] [37.0] [cxt 0] Parser 'parser': start
[07:25:42.358] [bmv2] [D] [thread 30615] [37.0] [cxt 0] Parser 'parser' entering state 'start'
[07:25:42.358] [bmv2] [D] [thread 30615] [37.0] [cxt 0] Extracting header 'ethernet'
[07:25:42.358] [bmv2] [D] [thread 30615] [37.0] [cxt 0] Parser state 'start': key is 86dd
[07:25:42.358] [bmv2] [T] [thread 30615] [37.0] [cxt 0] Bytes parsed: 14
[07:25:42.358] [bmv2] [D] [thread 30615] [37.0] [cxt 0] Parser 'parser': end
[07:25:42.358] [bmv2] [D] [thread 30615] [37.0] [cxt 0] Pipeline 'ingress': start
[07:25:42.358] [bmv2] [T] [thread 30615] [37.0] [cxt 0] ../build_dependencies/net_cache.p4(114) Condition "hdr.ipv4.isValid()" (node_2) is false
[07:25:42.358] [bmv2] [D] [thread 30615] [37.0] [cxt 0] Pipeline 'ingress': end
[07:25:42.358] [bmv2] [D] [thread 30615] [37.0] [cxt 0] Egress port is 0
[07:25:42.358] [bmv2] [D] [thread 30616] [37.0] [cxt 0] Pipeline 'egress': start
[07:25:42.358] [bmv2] [D] [thread 30616] [37.0] [cxt 0] Pipeline 'egress': end
[07:25:42.358] [bmv2] [D] [thread 30616] [37.0] [cxt 0] Deparser 'deparser': start
[07:25:42.358] [bmv2] [T] [thread 30616] [37.0] [cxt 0] Skipping checksum 'cksum' update because condition not met
[07:25:42.358] [bmv2] [D] [thread 30616] [37.0] [cxt 0] Deparsing header 'ethernet'
[07:25:42.358] [bmv2] [D] [thread 30616] [37.0] [cxt 0] Deparser 'deparser': end
[07:25:42.358] [bmv2] [D] [thread 30620] [37.0] [cxt 0] Transmitting packet of size 70 out of port 0
[07:25:42.498] [bmv2] [D] [thread 30615] [38.0] [cxt 0] Processing packet received on port 1
[07:25:42.498] [bmv2] [D] [thread 30615] [38.0] [cxt 0] Parser 'parser': start
[07:25:42.498] [bmv2] [D] [thread 30615] [38.0] [cxt 0] Parser 'parser' entering state 'start'
[07:25:42.498] [bmv2] [D] [thread 30615] [38.0] [cxt 0] Extracting header 'ethernet'
[07:25:42.498] [bmv2] [D] [thread 30615] [38.0] [cxt 0] Parser state 'start': key is 86dd
[07:25:42.498] [bmv2] [T] [thread 30615] [38.0] [cxt 0] Bytes parsed: 14
[07:25:42.498] [bmv2] [D] [thread 30615] [38.0] [cxt 0] Parser 'parser': end
[07:25:42.498] [bmv2] [D] [thread 30615] [38.0] [cxt 0] Pipeline 'ingress': start
[07:25:42.498] [bmv2] [T] [thread 30615] [38.0] [cxt 0] ../build_dependencies/net_cache.p4(114) Condition "hdr.ipv4.isValid()" (node_2) is false
[07:25:42.498] [bmv2] [D] [thread 30615] [38.0] [cxt 0] Pipeline 'ingress': end
[07:25:42.498] [bmv2] [D] [thread 30615] [38.0] [cxt 0] Egress port is 0
[07:25:42.499] [bmv2] [D] [thread 30616] [38.0] [cxt 0] Pipeline 'egress': start
[07:25:42.499] [bmv2] [D] [thread 30616] [38.0] [cxt 0] Pipeline 'egress': end
[07:25:42.499] [bmv2] [D] [thread 30616] [38.0] [cxt 0] Deparser 'deparser': start
[07:25:42.499] [bmv2] [T] [thread 30616] [38.0] [cxt 0] Skipping checksum 'cksum' update because condition not met
[07:25:42.499] [bmv2] [D] [thread 30616] [38.0] [cxt 0] Deparsing header 'ethernet'
[07:25:42.499] [bmv2] [D] [thread 30616] [38.0] [cxt 0] Deparser 'deparser': end
[07:25:42.500] [bmv2] [D] [thread 30620] [38.0] [cxt 0] Transmitting packet of size 70 out of port 0
[07:25:42.521] [bmv2] [D] [thread 30615] [39.0] [cxt 0] Processing packet received on port 1
[07:25:42.521] [bmv2] [D] [thread 30615] [39.0] [cxt 0] Parser 'parser': start
[07:25:42.521] [bmv2] [D] [thread 30615] [39.0] [cxt 0] Parser 'parser' entering state 'start'
[07:25:42.521] [bmv2] [D] [thread 30615] [39.0] [cxt 0] Extracting header 'ethernet'
[07:25:42.521] [bmv2] [D] [thread 30615] [39.0] [cxt 0] Parser state 'start': key is 86dd
[07:25:42.521] [bmv2] [T] [thread 30615] [39.0] [cxt 0] Bytes parsed: 14
[07:25:42.521] [bmv2] [D] [thread 30615] [39.0] [cxt 0] Parser 'parser': end
[07:25:42.521] [bmv2] [D] [thread 30615] [39.0] [cxt 0] Pipeline 'ingress': start
[07:25:42.521] [bmv2] [T] [thread 30615] [39.0] [cxt 0] ../build_dependencies/net_cache.p4(114) Condition "hdr.ipv4.isValid()" (node_2) is false
[07:25:42.521] [bmv2] [D] [thread 30615] [39.0] [cxt 0] Pipeline 'ingress': end
[07:25:42.521] [bmv2] [D] [thread 30615] [39.0] [cxt 0] Egress port is 0
[07:25:42.522] [bmv2] [D] [thread 30616] [39.0] [cxt 0] Pipeline 'egress': start
[07:25:42.522] [bmv2] [D] [thread 30616] [39.0] [cxt 0] Pipeline 'egress': end
[07:25:42.522] [bmv2] [D] [thread 30616] [39.0] [cxt 0] Deparser 'deparser': start
[07:25:42.522] [bmv2] [T] [thread 30616] [39.0] [cxt 0] Skipping checksum 'cksum' update because condition not met
[07:25:42.522] [bmv2] [D] [thread 30616] [39.0] [cxt 0] Deparsing header 'ethernet'
[07:25:42.522] [bmv2] [D] [thread 30616] [39.0] [cxt 0] Deparser 'deparser': end
[07:25:42.522] [bmv2] [D] [thread 30620] [39.0] [cxt 0] Transmitting packet of size 70 out of port 0
[07:25:45.712] [bmv2] [D] [thread 30615] [40.0] [cxt 0] Processing packet received on port 3
[07:25:45.713] [bmv2] [D] [thread 30615] [40.0] [cxt 0] Parser 'parser': start
[07:25:45.713] [bmv2] [D] [thread 30615] [40.0] [cxt 0] Parser 'parser' entering state 'start'
[07:25:45.713] [bmv2] [D] [thread 30615] [40.0] [cxt 0] Extracting header 'ethernet'
[07:25:45.713] [bmv2] [D] [thread 30615] [40.0] [cxt 0] Parser state 'start': key is 86dd
[07:25:45.713] [bmv2] [T] [thread 30615] [40.0] [cxt 0] Bytes parsed: 14
[07:25:45.713] [bmv2] [D] [thread 30615] [40.0] [cxt 0] Parser 'parser': end
[07:25:45.713] [bmv2] [D] [thread 30615] [40.0] [cxt 0] Pipeline 'ingress': start
[07:25:45.713] [bmv2] [T] [thread 30615] [40.0] [cxt 0] ../build_dependencies/net_cache.p4(114) Condition "hdr.ipv4.isValid()" (node_2) is false
[07:25:45.713] [bmv2] [D] [thread 30615] [40.0] [cxt 0] Pipeline 'ingress': end
[07:25:45.713] [bmv2] [D] [thread 30615] [40.0] [cxt 0] Egress port is 0
[07:25:45.713] [bmv2] [D] [thread 30616] [40.0] [cxt 0] Pipeline 'egress': start
[07:25:45.713] [bmv2] [D] [thread 30616] [40.0] [cxt 0] Pipeline 'egress': end
[07:25:45.713] [bmv2] [D] [thread 30616] [40.0] [cxt 0] Deparser 'deparser': start
[07:25:45.713] [bmv2] [T] [thread 30616] [40.0] [cxt 0] Skipping checksum 'cksum' update because condition not met
[07:25:45.713] [bmv2] [D] [thread 30616] [40.0] [cxt 0] Deparsing header 'ethernet'
[07:25:45.713] [bmv2] [D] [thread 30616] [40.0] [cxt 0] Deparser 'deparser': end
[07:25:45.713] [bmv2] [D] [thread 30620] [40.0] [cxt 0] Transmitting packet of size 70 out of port 0
[07:25:45.770] [bmv2] [D] [thread 30615] [41.0] [cxt 0] Processing packet received on port 2
[07:25:45.770] [bmv2] [D] [thread 30615] [41.0] [cxt 0] Parser 'parser': start
[07:25:45.770] [bmv2] [D] [thread 30615] [41.0] [cxt 0] Parser 'parser' entering state 'start'
[07:25:45.770] [bmv2] [D] [thread 30615] [41.0] [cxt 0] Extracting header 'ethernet'
[07:25:45.770] [bmv2] [D] [thread 30615] [41.0] [cxt 0] Parser state 'start': key is 86dd
[07:25:45.770] [bmv2] [T] [thread 30615] [41.0] [cxt 0] Bytes parsed: 14
[07:25:45.770] [bmv2] [D] [thread 30615] [41.0] [cxt 0] Parser 'parser': end
[07:25:45.770] [bmv2] [D] [thread 30615] [41.0] [cxt 0] Pipeline 'ingress': start
[07:25:45.770] [bmv2] [T] [thread 30615] [41.0] [cxt 0] ../build_dependencies/net_cache.p4(114) Condition "hdr.ipv4.isValid()" (node_2) is false
[07:25:45.770] [bmv2] [D] [thread 30615] [41.0] [cxt 0] Pipeline 'ingress': end
[07:25:45.770] [bmv2] [D] [thread 30615] [41.0] [cxt 0] Egress port is 0
[07:25:45.770] [bmv2] [D] [thread 30616] [41.0] [cxt 0] Pipeline 'egress': start
[07:25:45.770] [bmv2] [D] [thread 30616] [41.0] [cxt 0] Pipeline 'egress': end
[07:25:45.770] [bmv2] [D] [thread 30616] [41.0] [cxt 0] Deparser 'deparser': start
[07:25:45.770] [bmv2] [T] [thread 30616] [41.0] [cxt 0] Skipping checksum 'cksum' update because condition not met
[07:25:45.770] [bmv2] [D] [thread 30616] [41.0] [cxt 0] Deparsing header 'ethernet'
[07:25:45.770] [bmv2] [D] [thread 30616] [41.0] [cxt 0] Deparser 'deparser': end
[07:25:45.770] [bmv2] [D] [thread 30620] [41.0] [cxt 0] Transmitting packet of size 70 out of port 0
[07:25:45.880] [bmv2] [D] [thread 30615] [42.0] [cxt 0] Processing packet received on port 2
[07:25:45.880] [bmv2] [D] [thread 30615] [42.0] [cxt 0] Parser 'parser': start
[07:25:45.880] [bmv2] [D] [thread 30615] [42.0] [cxt 0] Parser 'parser' entering state 'start'
[07:25:45.880] [bmv2] [D] [thread 30615] [42.0] [cxt 0] Extracting header 'ethernet'
[07:25:45.880] [bmv2] [D] [thread 30615] [42.0] [cxt 0] Parser state 'start': key is 86dd
[07:25:45.880] [bmv2] [T] [thread 30615] [42.0] [cxt 0] Bytes parsed: 14
[07:25:45.880] [bmv2] [D] [thread 30615] [42.0] [cxt 0] Parser 'parser': end
[07:25:45.880] [bmv2] [D] [thread 30615] [42.0] [cxt 0] Pipeline 'ingress': start
[07:25:45.880] [bmv2] [T] [thread 30615] [42.0] [cxt 0] ../build_dependencies/net_cache.p4(114) Condition "hdr.ipv4.isValid()" (node_2) is false
[07:25:45.880] [bmv2] [D] [thread 30615] [42.0] [cxt 0] Pipeline 'ingress': end
[07:25:45.880] [bmv2] [D] [thread 30615] [42.0] [cxt 0] Egress port is 0
[07:25:45.880] [bmv2] [D] [thread 30615] [43.0] [cxt 0] Processing packet received on port 4
[07:25:45.880] [bmv2] [D] [thread 30615] [43.0] [cxt 0] Parser 'parser': start
[07:25:45.880] [bmv2] [D] [thread 30615] [43.0] [cxt 0] Parser 'parser' entering state 'start'
[07:25:45.880] [bmv2] [D] [thread 30615] [43.0] [cxt 0] Extracting header 'ethernet'
[07:25:45.880] [bmv2] [D] [thread 30615] [43.0] [cxt 0] Parser state 'start': key is 86dd
[07:25:45.880] [bmv2] [T] [thread 30615] [43.0] [cxt 0] Bytes parsed: 14
[07:25:45.880] [bmv2] [D] [thread 30615] [43.0] [cxt 0] Parser 'parser': end
[07:25:45.880] [bmv2] [D] [thread 30615] [43.0] [cxt 0] Pipeline 'ingress': start
[07:25:45.880] [bmv2] [T] [thread 30615] [43.0] [cxt 0] ../build_dependencies/net_cache.p4(114) Condition "hdr.ipv4.isValid()" (node_2) is false
[07:25:45.880] [bmv2] [D] [thread 30615] [43.0] [cxt 0] Pipeline 'ingress': end
[07:25:45.880] [bmv2] [D] [thread 30615] [43.0] [cxt 0] Egress port is 0
[07:25:45.880] [bmv2] [D] [thread 30616] [42.0] [cxt 0] Pipeline 'egress': start
[07:25:45.880] [bmv2] [D] [thread 30616] [42.0] [cxt 0] Pipeline 'egress': end
[07:25:45.880] [bmv2] [D] [thread 30616] [42.0] [cxt 0] Deparser 'deparser': start
[07:25:45.880] [bmv2] [T] [thread 30616] [42.0] [cxt 0] Skipping checksum 'cksum' update because condition not met
[07:25:45.880] [bmv2] [D] [thread 30616] [42.0] [cxt 0] Deparsing header 'ethernet'
[07:25:45.880] [bmv2] [D] [thread 30616] [42.0] [cxt 0] Deparser 'deparser': end
[07:25:45.880] [bmv2] [D] [thread 30616] [43.0] [cxt 0] Pipeline 'egress': start
[07:25:45.880] [bmv2] [D] [thread 30616] [43.0] [cxt 0] Pipeline 'egress': end
[07:25:45.881] [bmv2] [D] [thread 30616] [43.0] [cxt 0] Deparser 'deparser': start
[07:25:45.881] [bmv2] [T] [thread 30616] [43.0] [cxt 0] Skipping checksum 'cksum' update because condition not met
[07:25:45.881] [bmv2] [D] [thread 30616] [43.0] [cxt 0] Deparsing header 'ethernet'
[07:25:45.881] [bmv2] [D] [thread 30616] [43.0] [cxt 0] Deparser 'deparser': end
[07:25:45.881] [bmv2] [D] [thread 30620] [42.0] [cxt 0] Transmitting packet of size 70 out of port 0
[07:25:45.881] [bmv2] [D] [thread 30620] [43.0] [cxt 0] Transmitting packet of size 70 out of port 0
[07:25:46.141] [bmv2] [D] [thread 30615] [44.0] [cxt 0] Processing packet received on port 4
[07:25:46.141] [bmv2] [D] [thread 30615] [44.0] [cxt 0] Parser 'parser': start
[07:25:46.141] [bmv2] [D] [thread 30615] [44.0] [cxt 0] Parser 'parser' entering state 'start'
[07:25:46.141] [bmv2] [D] [thread 30615] [44.0] [cxt 0] Extracting header 'ethernet'
[07:25:46.141] [bmv2] [D] [thread 30615] [44.0] [cxt 0] Parser state 'start': key is 86dd
[07:25:46.141] [bmv2] [T] [thread 30615] [44.0] [cxt 0] Bytes parsed: 14
[07:25:46.141] [bmv2] [D] [thread 30615] [44.0] [cxt 0] Parser 'parser': end
[07:25:46.141] [bmv2] [D] [thread 30615] [44.0] [cxt 0] Pipeline 'ingress': start
[07:25:46.141] [bmv2] [T] [thread 30615] [44.0] [cxt 0] ../build_dependencies/net_cache.p4(114) Condition "hdr.ipv4.isValid()" (node_2) is false
[07:25:46.141] [bmv2] [D] [thread 30615] [44.0] [cxt 0] Pipeline 'ingress': end
[07:25:46.141] [bmv2] [D] [thread 30615] [44.0] [cxt 0] Egress port is 0
[07:25:46.141] [bmv2] [D] [thread 30616] [44.0] [cxt 0] Pipeline 'egress': start
[07:25:46.141] [bmv2] [D] [thread 30616] [44.0] [cxt 0] Pipeline 'egress': end
[07:25:46.141] [bmv2] [D] [thread 30616] [44.0] [cxt 0] Deparser 'deparser': start
[07:25:46.141] [bmv2] [T] [thread 30616] [44.0] [cxt 0] Skipping checksum 'cksum' update because condition not met
[07:25:46.141] [bmv2] [D] [thread 30616] [44.0] [cxt 0] Deparsing header 'ethernet'
[07:25:46.141] [bmv2] [D] [thread 30616] [44.0] [cxt 0] Deparser 'deparser': end
[07:25:46.141] [bmv2] [D] [thread 30620] [44.0] [cxt 0] Transmitting packet of size 70 out of port 0
[07:25:46.369] [bmv2] [D] [thread 30615] [45.0] [cxt 0] Processing packet received on port 3
[07:25:46.369] [bmv2] [D] [thread 30615] [45.0] [cxt 0] Parser 'parser': start
[07:25:46.369] [bmv2] [D] [thread 30615] [45.0] [cxt 0] Parser 'parser' entering state 'start'
[07:25:46.369] [bmv2] [D] [thread 30615] [45.0] [cxt 0] Extracting header 'ethernet'
[07:25:46.369] [bmv2] [D] [thread 30615] [45.0] [cxt 0] Parser state 'start': key is 86dd
[07:25:46.369] [bmv2] [T] [thread 30615] [45.0] [cxt 0] Bytes parsed: 14
[07:25:46.370] [bmv2] [D] [thread 30615] [45.0] [cxt 0] Parser 'parser': end
[07:25:46.370] [bmv2] [D] [thread 30615] [45.0] [cxt 0] Pipeline 'ingress': start
[07:25:46.370] [bmv2] [T] [thread 30615] [45.0] [cxt 0] ../build_dependencies/net_cache.p4(114) Condition "hdr.ipv4.isValid()" (node_2) is false
[07:25:46.370] [bmv2] [D] [thread 30615] [45.0] [cxt 0] Pipeline 'ingress': end
[07:25:46.370] [bmv2] [D] [thread 30615] [45.0] [cxt 0] Egress port is 0
[07:25:46.370] [bmv2] [D] [thread 30616] [45.0] [cxt 0] Pipeline 'egress': start
[07:25:46.370] [bmv2] [D] [thread 30616] [45.0] [cxt 0] Pipeline 'egress': end
[07:25:46.370] [bmv2] [D] [thread 30616] [45.0] [cxt 0] Deparser 'deparser': start
[07:25:46.370] [bmv2] [T] [thread 30616] [45.0] [cxt 0] Skipping checksum 'cksum' update because condition not met
[07:25:46.370] [bmv2] [D] [thread 30616] [45.0] [cxt 0] Deparsing header 'ethernet'
[07:25:46.370] [bmv2] [D] [thread 30616] [45.0] [cxt 0] Deparser 'deparser': end
[07:25:46.370] [bmv2] [D] [thread 30620] [45.0] [cxt 0] Transmitting packet of size 70 out of port 0
[07:25:46.504] [bmv2] [D] [thread 30615] [46.0] [cxt 0] Processing packet received on port 1
[07:25:46.504] [bmv2] [D] [thread 30615] [46.0] [cxt 0] Parser 'parser': start
[07:25:46.504] [bmv2] [D] [thread 30615] [46.0] [cxt 0] Parser 'parser' entering state 'start'
[07:25:46.504] [bmv2] [D] [thread 30615] [46.0] [cxt 0] Extracting header 'ethernet'
[07:25:46.504] [bmv2] [D] [thread 30615] [46.0] [cxt 0] Parser state 'start': key is 86dd
[07:25:46.504] [bmv2] [T] [thread 30615] [46.0] [cxt 0] Bytes parsed: 14
[07:25:46.504] [bmv2] [D] [thread 30615] [46.0] [cxt 0] Parser 'parser': end
[07:25:46.504] [bmv2] [D] [thread 30615] [46.0] [cxt 0] Pipeline 'ingress': start
[07:25:46.504] [bmv2] [T] [thread 30615] [46.0] [cxt 0] ../build_dependencies/net_cache.p4(114) Condition "hdr.ipv4.isValid()" (node_2) is false
[07:25:46.504] [bmv2] [D] [thread 30615] [46.0] [cxt 0] Pipeline 'ingress': end
[07:25:46.504] [bmv2] [D] [thread 30615] [46.0] [cxt 0] Egress port is 0
[07:25:46.504] [bmv2] [D] [thread 30616] [46.0] [cxt 0] Pipeline 'egress': start
[07:25:46.504] [bmv2] [D] [thread 30616] [46.0] [cxt 0] Pipeline 'egress': end
[07:25:46.504] [bmv2] [D] [thread 30616] [46.0] [cxt 0] Deparser 'deparser': start
[07:25:46.504] [bmv2] [T] [thread 30616] [46.0] [cxt 0] Skipping checksum 'cksum' update because condition not met
[07:25:46.504] [bmv2] [D] [thread 30616] [46.0] [cxt 0] Deparsing header 'ethernet'
[07:25:46.504] [bmv2] [D] [thread 30616] [46.0] [cxt 0] Deparser 'deparser': end
[07:25:46.504] [bmv2] [D] [thread 30620] [46.0] [cxt 0] Transmitting packet of size 70 out of port 0
[07:25:46.529] [bmv2] [D] [thread 30615] [47.0] [cxt 0] Processing packet received on port 1
[07:25:46.529] [bmv2] [D] [thread 30615] [47.0] [cxt 0] Parser 'parser': start
[07:25:46.529] [bmv2] [D] [thread 30615] [47.0] [cxt 0] Parser 'parser' entering state 'start'
[07:25:46.529] [bmv2] [D] [thread 30615] [47.0] [cxt 0] Extracting header 'ethernet'
[07:25:46.529] [bmv2] [D] [thread 30615] [47.0] [cxt 0] Parser state 'start': key is 86dd
[07:25:46.529] [bmv2] [T] [thread 30615] [47.0] [cxt 0] Bytes parsed: 14
[07:25:46.529] [bmv2] [D] [thread 30615] [47.0] [cxt 0] Parser 'parser': end
[07:25:46.529] [bmv2] [D] [thread 30615] [47.0] [cxt 0] Pipeline 'ingress': start
[07:25:46.529] [bmv2] [T] [thread 30615] [47.0] [cxt 0] ../build_dependencies/net_cache.p4(114) Condition "hdr.ipv4.isValid()" (node_2) is false
[07:25:46.529] [bmv2] [D] [thread 30615] [47.0] [cxt 0] Pipeline 'ingress': end
[07:25:46.529] [bmv2] [D] [thread 30615] [47.0] [cxt 0] Egress port is 0
[07:25:46.529] [bmv2] [D] [thread 30616] [47.0] [cxt 0] Pipeline 'egress': start
[07:25:46.529] [bmv2] [D] [thread 30616] [47.0] [cxt 0] Pipeline 'egress': end
[07:25:46.529] [bmv2] [D] [thread 30616] [47.0] [cxt 0] Deparser 'deparser': start
[07:25:46.529] [bmv2] [T] [thread 30616] [47.0] [cxt 0] Skipping checksum 'cksum' update because condition not met
[07:25:46.529] [bmv2] [D] [thread 30616] [47.0] [cxt 0] Deparsing header 'ethernet'
[07:25:46.529] [bmv2] [D] [thread 30616] [47.0] [cxt 0] Deparser 'deparser': end
[07:25:46.529] [bmv2] [D] [thread 30620] [47.0] [cxt 0] Transmitting packet of size 70 out of port 0
