Calling target program-options parser
[23:47:51.901] [bmv2] [D] [thread 26281] Set default default entry for table 'tbl_drop': MyIngress.drop - 
[23:47:51.901] [bmv2] [D] [thread 26281] Set default default entry for table 'MyIngress.ipv4_lpm': MyIngress.drop - 
Adding interface s1-eth1 as port 1
[23:47:51.902] [bmv2] [D] [thread 26281] Adding interface s1-eth1 as port 1
Adding interface s1-eth2 as port 2
[23:47:51.934] [bmv2] [D] [thread 26281] Adding interface s1-eth2 as port 2
Adding interface s1-eth3 as port 3
[23:47:51.962] [bmv2] [D] [thread 26281] Adding interface s1-eth3 as port 3
Adding interface s1-eth4 as port 4
[23:47:51.986] [bmv2] [D] [thread 26281] Adding interface s1-eth4 as port 4
I0519 23:47:52.017299101   26281 server_builder.cc:247]      Synchronous server. Num CQs: 1, Min pollers: 1, Max Pollers: 2147483647, CQ timeout (msec): 1000
Server listening on 0.0.0.0:50052
[23:47:52.020] [bmv2] [I] [thread 26281] Starting Thrift server on port 9091
[23:47:52.020] [bmv2] [I] [thread 26281] Thrift server was started
[23:47:52.022] [bmv2] [D] [thread 26288] [0.0] [cxt 0] Processing packet received on port 2
[23:47:52.023] [bmv2] [D] [thread 26288] [0.0] [cxt 0] Parser 'parser': start
[23:47:52.023] [bmv2] [D] [thread 26288] [0.0] [cxt 0] Parser 'parser' entering state 'start'
[23:47:52.023] [bmv2] [D] [thread 26288] [0.0] [cxt 0] Extracting header 'ethernet'
[23:47:52.023] [bmv2] [D] [thread 26288] [0.0] [cxt 0] Parser state 'start': key is 86dd
[23:47:52.023] [bmv2] [T] [thread 26288] [0.0] [cxt 0] Bytes parsed: 14
[23:47:52.023] [bmv2] [D] [thread 26288] [0.0] [cxt 0] Parser 'parser': end
[23:47:52.023] [bmv2] [D] [thread 26288] [0.0] [cxt 0] Pipeline 'ingress': start
[23:47:52.023] [bmv2] [T] [thread 26288] [0.0] [cxt 0] ../build_dependencies/net_cache.p4(114) Condition "hdr.ipv4.isValid()" (node_2) is false
[23:47:52.023] [bmv2] [D] [thread 26288] [0.0] [cxt 0] Pipeline 'ingress': end
[23:47:52.023] [bmv2] [D] [thread 26288] [0.0] [cxt 0] Egress port is 0
[23:47:52.025] [bmv2] [D] [thread 26289] [0.0] [cxt 0] Pipeline 'egress': start
[23:47:52.029] [bmv2] [D] [thread 26289] [0.0] [cxt 0] Pipeline 'egress': end
[23:47:52.029] [bmv2] [D] [thread 26289] [0.0] [cxt 0] Deparser 'deparser': start
[23:47:52.029] [bmv2] [T] [thread 26289] [0.0] [cxt 0] Skipping checksum 'cksum' update because condition not met
[23:47:52.029] [bmv2] [D] [thread 26289] [0.0] [cxt 0] Deparsing header 'ethernet'
[23:47:52.029] [bmv2] [D] [thread 26289] [0.0] [cxt 0] Deparser 'deparser': end
[23:47:52.029] [bmv2] [D] [thread 26288] [1.0] [cxt 0] Processing packet received on port 1
[23:47:52.029] [bmv2] [D] [thread 26288] [1.0] [cxt 0] Parser 'parser': start
[23:47:52.029] [bmv2] [D] [thread 26288] [1.0] [cxt 0] Parser 'parser' entering state 'start'
[23:47:52.029] [bmv2] [D] [thread 26288] [1.0] [cxt 0] Extracting header 'ethernet'
[23:47:52.029] [bmv2] [D] [thread 26288] [1.0] [cxt 0] Parser state 'start': key is 86dd
[23:47:52.029] [bmv2] [T] [thread 26288] [1.0] [cxt 0] Bytes parsed: 14
[23:47:52.029] [bmv2] [D] [thread 26288] [1.0] [cxt 0] Parser 'parser': end
[23:47:52.029] [bmv2] [D] [thread 26288] [1.0] [cxt 0] Pipeline 'ingress': start
[23:47:52.029] [bmv2] [T] [thread 26288] [1.0] [cxt 0] ../build_dependencies/net_cache.p4(114) Condition "hdr.ipv4.isValid()" (node_2) is false
[23:47:52.029] [bmv2] [D] [thread 26288] [1.0] [cxt 0] Pipeline 'ingress': end
[23:47:52.029] [bmv2] [D] [thread 26288] [1.0] [cxt 0] Egress port is 0
[23:47:52.029] [bmv2] [D] [thread 26289] [1.0] [cxt 0] Pipeline 'egress': start
[23:47:52.029] [bmv2] [D] [thread 26289] [1.0] [cxt 0] Pipeline 'egress': end
[23:47:52.029] [bmv2] [D] [thread 26289] [1.0] [cxt 0] Deparser 'deparser': start
[23:47:52.029] [bmv2] [T] [thread 26289] [1.0] [cxt 0] Skipping checksum 'cksum' update because condition not met
[23:47:52.029] [bmv2] [D] [thread 26289] [1.0] [cxt 0] Deparsing header 'ethernet'
[23:47:52.029] [bmv2] [D] [thread 26289] [1.0] [cxt 0] Deparser 'deparser': end
[23:47:52.029] [bmv2] [D] [thread 26293] [0.0] [cxt 0] Transmitting packet of size 90 out of port 0
[23:47:52.029] [bmv2] [D] [thread 26293] [1.0] [cxt 0] Transmitting packet of size 90 out of port 0
[23:47:52.047] [bmv2] [D] [thread 26288] [2.0] [cxt 0] Processing packet received on port 1
[23:47:52.047] [bmv2] [D] [thread 26288] [2.0] [cxt 0] Parser 'parser': start
[23:47:52.047] [bmv2] [D] [thread 26288] [2.0] [cxt 0] Parser 'parser' entering state 'start'
[23:47:52.047] [bmv2] [D] [thread 26288] [2.0] [cxt 0] Extracting header 'ethernet'
[23:47:52.047] [bmv2] [D] [thread 26288] [2.0] [cxt 0] Parser state 'start': key is 86dd
[23:47:52.047] [bmv2] [T] [thread 26288] [2.0] [cxt 0] Bytes parsed: 14
[23:47:52.047] [bmv2] [D] [thread 26288] [2.0] [cxt 0] Parser 'parser': end
[23:47:52.047] [bmv2] [D] [thread 26288] [2.0] [cxt 0] Pipeline 'ingress': start
[23:47:52.047] [bmv2] [T] [thread 26288] [2.0] [cxt 0] ../build_dependencies/net_cache.p4(114) Condition "hdr.ipv4.isValid()" (node_2) is false
[23:47:52.047] [bmv2] [D] [thread 26288] [2.0] [cxt 0] Pipeline 'ingress': end
[23:47:52.047] [bmv2] [D] [thread 26288] [2.0] [cxt 0] Egress port is 0
[23:47:52.047] [bmv2] [D] [thread 26289] [2.0] [cxt 0] Pipeline 'egress': start
[23:47:52.047] [bmv2] [D] [thread 26289] [2.0] [cxt 0] Pipeline 'egress': end
[23:47:52.047] [bmv2] [D] [thread 26289] [2.0] [cxt 0] Deparser 'deparser': start
[23:47:52.047] [bmv2] [T] [thread 26289] [2.0] [cxt 0] Skipping checksum 'cksum' update because condition not met
[23:47:52.047] [bmv2] [D] [thread 26289] [2.0] [cxt 0] Deparsing header 'ethernet'
[23:47:52.047] [bmv2] [D] [thread 26289] [2.0] [cxt 0] Deparser 'deparser': end
[23:47:52.048] [bmv2] [D] [thread 26293] [2.0] [cxt 0] Transmitting packet of size 90 out of port 0
[23:47:52.066] [bmv2] [D] [thread 26288] [3.0] [cxt 0] Processing packet received on port 3
[23:47:52.066] [bmv2] [D] [thread 26288] [3.0] [cxt 0] Parser 'parser': start
[23:47:52.066] [bmv2] [D] [thread 26288] [3.0] [cxt 0] Parser 'parser' entering state 'start'
[23:47:52.066] [bmv2] [D] [thread 26288] [3.0] [cxt 0] Extracting header 'ethernet'
[23:47:52.066] [bmv2] [D] [thread 26288] [3.0] [cxt 0] Parser state 'start': key is 86dd
[23:47:52.066] [bmv2] [T] [thread 26288] [3.0] [cxt 0] Bytes parsed: 14
[23:47:52.066] [bmv2] [D] [thread 26288] [3.0] [cxt 0] Parser 'parser': end
[23:47:52.066] [bmv2] [D] [thread 26288] [3.0] [cxt 0] Pipeline 'ingress': start
[23:47:52.066] [bmv2] [T] [thread 26288] [3.0] [cxt 0] ../build_dependencies/net_cache.p4(114) Condition "hdr.ipv4.isValid()" (node_2) is false
[23:47:52.066] [bmv2] [D] [thread 26288] [3.0] [cxt 0] Pipeline 'ingress': end
[23:47:52.066] [bmv2] [D] [thread 26288] [3.0] [cxt 0] Egress port is 0
[23:47:52.066] [bmv2] [D] [thread 26289] [3.0] [cxt 0] Pipeline 'egress': start
[23:47:52.066] [bmv2] [D] [thread 26289] [3.0] [cxt 0] Pipeline 'egress': end
[23:47:52.067] [bmv2] [D] [thread 26289] [3.0] [cxt 0] Deparser 'deparser': start
[23:47:52.067] [bmv2] [T] [thread 26289] [3.0] [cxt 0] Skipping checksum 'cksum' update because condition not met
[23:47:52.067] [bmv2] [D] [thread 26289] [3.0] [cxt 0] Deparsing header 'ethernet'
[23:47:52.067] [bmv2] [D] [thread 26289] [3.0] [cxt 0] Deparser 'deparser': end
[23:47:52.067] [bmv2] [D] [thread 26293] [3.0] [cxt 0] Transmitting packet of size 90 out of port 0
[23:47:52.112] [bmv2] [D] [thread 26288] [4.0] [cxt 0] Processing packet received on port 2
[23:47:52.112] [bmv2] [D] [thread 26288] [4.0] [cxt 0] Parser 'parser': start
[23:47:52.112] [bmv2] [D] [thread 26288] [4.0] [cxt 0] Parser 'parser' entering state 'start'
[23:47:52.112] [bmv2] [D] [thread 26288] [4.0] [cxt 0] Extracting header 'ethernet'
[23:47:52.112] [bmv2] [D] [thread 26288] [4.0] [cxt 0] Parser state 'start': key is 86dd
[23:47:52.112] [bmv2] [T] [thread 26288] [4.0] [cxt 0] Bytes parsed: 14
[23:47:52.112] [bmv2] [D] [thread 26288] [4.0] [cxt 0] Parser 'parser': end
[23:47:52.112] [bmv2] [D] [thread 26288] [4.0] [cxt 0] Pipeline 'ingress': start
[23:47:52.112] [bmv2] [T] [thread 26288] [4.0] [cxt 0] ../build_dependencies/net_cache.p4(114) Condition "hdr.ipv4.isValid()" (node_2) is false
[23:47:52.112] [bmv2] [D] [thread 26288] [4.0] [cxt 0] Pipeline 'ingress': end
[23:47:52.112] [bmv2] [D] [thread 26288] [4.0] [cxt 0] Egress port is 0
[23:47:52.112] [bmv2] [D] [thread 26288] [5.0] [cxt 0] Processing packet received on port 2
[23:47:52.112] [bmv2] [D] [thread 26288] [5.0] [cxt 0] Parser 'parser': start
[23:47:52.112] [bmv2] [D] [thread 26288] [5.0] [cxt 0] Parser 'parser' entering state 'start'
[23:47:52.113] [bmv2] [D] [thread 26288] [5.0] [cxt 0] Extracting header 'ethernet'
[23:47:52.113] [bmv2] [D] [thread 26288] [5.0] [cxt 0] Parser state 'start': key is 86dd
[23:47:52.113] [bmv2] [T] [thread 26288] [5.0] [cxt 0] Bytes parsed: 14
[23:47:52.113] [bmv2] [D] [thread 26288] [5.0] [cxt 0] Parser 'parser': end
[23:47:52.113] [bmv2] [D] [thread 26288] [5.0] [cxt 0] Pipeline 'ingress': start
[23:47:52.113] [bmv2] [T] [thread 26288] [5.0] [cxt 0] ../build_dependencies/net_cache.p4(114) Condition "hdr.ipv4.isValid()" (node_2) is false
[23:47:52.113] [bmv2] [D] [thread 26288] [5.0] [cxt 0] Pipeline 'ingress': end
[23:47:52.113] [bmv2] [D] [thread 26288] [5.0] [cxt 0] Egress port is 0
[23:47:52.113] [bmv2] [D] [thread 26289] [4.0] [cxt 0] Pipeline 'egress': start
[23:47:52.114] [bmv2] [D] [thread 26289] [4.0] [cxt 0] Pipeline 'egress': end
[23:47:52.114] [bmv2] [D] [thread 26289] [4.0] [cxt 0] Deparser 'deparser': start
[23:47:52.114] [bmv2] [T] [thread 26289] [4.0] [cxt 0] Skipping checksum 'cksum' update because condition not met
[23:47:52.114] [bmv2] [D] [thread 26289] [4.0] [cxt 0] Deparsing header 'ethernet'
[23:47:52.114] [bmv2] [D] [thread 26289] [4.0] [cxt 0] Deparser 'deparser': end
[23:47:52.114] [bmv2] [D] [thread 26289] [5.0] [cxt 0] Pipeline 'egress': start
[23:47:52.114] [bmv2] [D] [thread 26289] [5.0] [cxt 0] Pipeline 'egress': end
[23:47:52.114] [bmv2] [D] [thread 26289] [5.0] [cxt 0] Deparser 'deparser': start
[23:47:52.114] [bmv2] [T] [thread 26289] [5.0] [cxt 0] Skipping checksum 'cksum' update because condition not met
[23:47:52.114] [bmv2] [D] [thread 26289] [5.0] [cxt 0] Deparsing header 'ethernet'
[23:47:52.114] [bmv2] [D] [thread 26289] [5.0] [cxt 0] Deparser 'deparser': end
[23:47:52.115] [bmv2] [D] [thread 26293] [4.0] [cxt 0] Transmitting packet of size 90 out of port 0
[23:47:52.115] [bmv2] [D] [thread 26293] [5.0] [cxt 0] Transmitting packet of size 70 out of port 0
[23:47:52.205] [bmv2] [D] [thread 26288] [6.0] [cxt 0] Processing packet received on port 3
[23:47:52.205] [bmv2] [D] [thread 26288] [6.0] [cxt 0] Parser 'parser': start
[23:47:52.205] [bmv2] [D] [thread 26288] [6.0] [cxt 0] Parser 'parser' entering state 'start'
[23:47:52.205] [bmv2] [D] [thread 26288] [6.0] [cxt 0] Extracting header 'ethernet'
[23:47:52.205] [bmv2] [D] [thread 26288] [6.0] [cxt 0] Parser state 'start': key is 86dd
[23:47:52.205] [bmv2] [T] [thread 26288] [6.0] [cxt 0] Bytes parsed: 14
[23:47:52.205] [bmv2] [D] [thread 26288] [6.0] [cxt 0] Parser 'parser': end
[23:47:52.205] [bmv2] [D] [thread 26288] [6.0] [cxt 0] Pipeline 'ingress': start
[23:47:52.205] [bmv2] [T] [thread 26288] [6.0] [cxt 0] ../build_dependencies/net_cache.p4(114) Condition "hdr.ipv4.isValid()" (node_2) is false
[23:47:52.205] [bmv2] [D] [thread 26288] [6.0] [cxt 0] Pipeline 'ingress': end
[23:47:52.205] [bmv2] [D] [thread 26288] [6.0] [cxt 0] Egress port is 0
[23:47:52.205] [bmv2] [D] [thread 26289] [6.0] [cxt 0] Pipeline 'egress': start
[23:47:52.205] [bmv2] [D] [thread 26289] [6.0] [cxt 0] Pipeline 'egress': end
[23:47:52.205] [bmv2] [D] [thread 26289] [6.0] [cxt 0] Deparser 'deparser': start
[23:47:52.205] [bmv2] [T] [thread 26289] [6.0] [cxt 0] Skipping checksum 'cksum' update because condition not met
[23:47:52.205] [bmv2] [D] [thread 26289] [6.0] [cxt 0] Deparsing header 'ethernet'
[23:47:52.205] [bmv2] [D] [thread 26289] [6.0] [cxt 0] Deparser 'deparser': end
[23:47:52.206] [bmv2] [D] [thread 26293] [6.0] [cxt 0] Transmitting packet of size 90 out of port 0
[23:47:52.342] [bmv2] [D] [thread 26288] [7.0] [cxt 0] Processing packet received on port 4
[23:47:52.343] [bmv2] [D] [thread 26288] [7.0] [cxt 0] Parser 'parser': start
[23:47:52.343] [bmv2] [D] [thread 26288] [7.0] [cxt 0] Parser 'parser' entering state 'start'
[23:47:52.343] [bmv2] [D] [thread 26288] [7.0] [cxt 0] Extracting header 'ethernet'
[23:47:52.343] [bmv2] [D] [thread 26288] [7.0] [cxt 0] Parser state 'start': key is 86dd
[23:47:52.343] [bmv2] [T] [thread 26288] [7.0] [cxt 0] Bytes parsed: 14
[23:47:52.343] [bmv2] [D] [thread 26288] [7.0] [cxt 0] Parser 'parser': end
[23:47:52.343] [bmv2] [D] [thread 26288] [7.0] [cxt 0] Pipeline 'ingress': start
[23:47:52.343] [bmv2] [T] [thread 26288] [7.0] [cxt 0] ../build_dependencies/net_cache.p4(114) Condition "hdr.ipv4.isValid()" (node_2) is false
[23:47:52.343] [bmv2] [D] [thread 26288] [7.0] [cxt 0] Pipeline 'ingress': end
[23:47:52.343] [bmv2] [D] [thread 26288] [7.0] [cxt 0] Egress port is 0
[23:47:52.343] [bmv2] [D] [thread 26289] [7.0] [cxt 0] Pipeline 'egress': start
[23:47:52.343] [bmv2] [D] [thread 26289] [7.0] [cxt 0] Pipeline 'egress': end
[23:47:52.343] [bmv2] [D] [thread 26289] [7.0] [cxt 0] Deparser 'deparser': start
[23:47:52.343] [bmv2] [T] [thread 26289] [7.0] [cxt 0] Skipping checksum 'cksum' update because condition not met
[23:47:52.343] [bmv2] [D] [thread 26289] [7.0] [cxt 0] Deparsing header 'ethernet'
[23:47:52.343] [bmv2] [D] [thread 26289] [7.0] [cxt 0] Deparser 'deparser': end
[23:47:52.344] [bmv2] [D] [thread 26293] [7.0] [cxt 0] Transmitting packet of size 90 out of port 0
[23:47:52.362] [bmv2] [D] [thread 26288] [8.0] [cxt 0] Processing packet received on port 2
[23:47:52.362] [bmv2] [D] [thread 26288] [8.0] [cxt 0] Parser 'parser': start
[23:47:52.362] [bmv2] [D] [thread 26288] [8.0] [cxt 0] Parser 'parser' entering state 'start'
[23:47:52.362] [bmv2] [D] [thread 26288] [8.0] [cxt 0] Extracting header 'ethernet'
[23:47:52.363] [bmv2] [D] [thread 26288] [8.0] [cxt 0] Parser state 'start': key is 86dd
[23:47:52.363] [bmv2] [T] [thread 26288] [8.0] [cxt 0] Bytes parsed: 14
[23:47:52.363] [bmv2] [D] [thread 26288] [8.0] [cxt 0] Parser 'parser': end
[23:47:52.363] [bmv2] [D] [thread 26288] [8.0] [cxt 0] Pipeline 'ingress': start
[23:47:52.363] [bmv2] [T] [thread 26288] [8.0] [cxt 0] ../build_dependencies/net_cache.p4(114) Condition "hdr.ipv4.isValid()" (node_2) is false
[23:47:52.363] [bmv2] [D] [thread 26288] [8.0] [cxt 0] Pipeline 'ingress': end
[23:47:52.363] [bmv2] [D] [thread 26288] [8.0] [cxt 0] Egress port is 0
[23:47:52.363] [bmv2] [D] [thread 26289] [8.0] [cxt 0] Pipeline 'egress': start
[23:47:52.363] [bmv2] [D] [thread 26289] [8.0] [cxt 0] Pipeline 'egress': end
[23:47:52.363] [bmv2] [D] [thread 26289] [8.0] [cxt 0] Deparser 'deparser': start
[23:47:52.363] [bmv2] [T] [thread 26289] [8.0] [cxt 0] Skipping checksum 'cksum' update because condition not met
[23:47:52.363] [bmv2] [D] [thread 26289] [8.0] [cxt 0] Deparsing header 'ethernet'
[23:47:52.363] [bmv2] [D] [thread 26289] [8.0] [cxt 0] Deparser 'deparser': end
[23:47:52.363] [bmv2] [D] [thread 26293] [8.0] [cxt 0] Transmitting packet of size 90 out of port 0
[23:47:55.105] [bmv2] [D] [thread 26288] [9.0] [cxt 0] Processing packet received on port 1
[23:47:55.105] [bmv2] [D] [thread 26288] [9.0] [cxt 0] Parser 'parser': start
[23:47:55.105] [bmv2] [D] [thread 26288] [9.0] [cxt 0] Parser 'parser' entering state 'start'
[23:47:55.105] [bmv2] [D] [thread 26288] [9.0] [cxt 0] Extracting header 'ethernet'
[23:47:55.105] [bmv2] [D] [thread 26288] [9.0] [cxt 0] Parser state 'start': key is 86dd
[23:47:55.105] [bmv2] [T] [thread 26288] [9.0] [cxt 0] Bytes parsed: 14
[23:47:55.105] [bmv2] [D] [thread 26288] [9.0] [cxt 0] Parser 'parser': end
[23:47:55.105] [bmv2] [D] [thread 26288] [9.0] [cxt 0] Pipeline 'ingress': start
[23:47:55.105] [bmv2] [T] [thread 26288] [9.0] [cxt 0] ../build_dependencies/net_cache.p4(114) Condition "hdr.ipv4.isValid()" (node_2) is false
[23:47:55.105] [bmv2] [D] [thread 26288] [9.0] [cxt 0] Pipeline 'ingress': end
[23:47:55.105] [bmv2] [D] [thread 26288] [9.0] [cxt 0] Egress port is 0
[23:47:55.106] [bmv2] [D] [thread 26289] [9.0] [cxt 0] Pipeline 'egress': start
[23:47:55.106] [bmv2] [D] [thread 26289] [9.0] [cxt 0] Pipeline 'egress': end
[23:47:55.106] [bmv2] [D] [thread 26289] [9.0] [cxt 0] Deparser 'deparser': start
[23:47:55.106] [bmv2] [T] [thread 26289] [9.0] [cxt 0] Skipping checksum 'cksum' update because condition not met
[23:47:55.106] [bmv2] [D] [thread 26289] [9.0] [cxt 0] Deparsing header 'ethernet'
[23:47:55.106] [bmv2] [D] [thread 26289] [9.0] [cxt 0] Deparser 'deparser': end
[23:47:55.106] [bmv2] [D] [thread 26293] [9.0] [cxt 0] Transmitting packet of size 70 out of port 0
[23:47:55.327] [bmv2] [D] [thread 26288] [10.0] [cxt 0] Processing packet received on port 4
[23:47:55.327] [bmv2] [D] [thread 26288] [10.0] [cxt 0] Parser 'parser': start
[23:47:55.327] [bmv2] [D] [thread 26288] [10.0] [cxt 0] Parser 'parser' entering state 'start'
[23:47:55.327] [bmv2] [D] [thread 26288] [10.0] [cxt 0] Extracting header 'ethernet'
[23:47:55.327] [bmv2] [D] [thread 26288] [10.0] [cxt 0] Parser state 'start': key is 86dd
[23:47:55.327] [bmv2] [T] [thread 26288] [10.0] [cxt 0] Bytes parsed: 14
[23:47:55.327] [bmv2] [D] [thread 26288] [10.0] [cxt 0] Parser 'parser': end
[23:47:55.327] [bmv2] [D] [thread 26288] [10.0] [cxt 0] Pipeline 'ingress': start
[23:47:55.327] [bmv2] [T] [thread 26288] [10.0] [cxt 0] ../build_dependencies/net_cache.p4(114) Condition "hdr.ipv4.isValid()" (node_2) is false
[23:47:55.327] [bmv2] [D] [thread 26288] [10.0] [cxt 0] Pipeline 'ingress': end
[23:47:55.327] [bmv2] [D] [thread 26288] [10.0] [cxt 0] Egress port is 0
[23:47:55.328] [bmv2] [D] [thread 26289] [10.0] [cxt 0] Pipeline 'egress': start
[23:47:55.328] [bmv2] [D] [thread 26289] [10.0] [cxt 0] Pipeline 'egress': end
[23:47:55.328] [bmv2] [D] [thread 26289] [10.0] [cxt 0] Deparser 'deparser': start
[23:47:55.328] [bmv2] [T] [thread 26289] [10.0] [cxt 0] Skipping checksum 'cksum' update because condition not met
[23:47:55.328] [bmv2] [D] [thread 26289] [10.0] [cxt 0] Deparsing header 'ethernet'
[23:47:55.328] [bmv2] [D] [thread 26289] [10.0] [cxt 0] Deparser 'deparser': end
[23:47:55.329] [bmv2] [D] [thread 26293] [10.0] [cxt 0] Transmitting packet of size 70 out of port 0
[23:47:55.407] [bmv2] [D] [thread 26288] [11.0] [cxt 0] Processing packet received on port 4
[23:47:55.407] [bmv2] [D] [thread 26288] [11.0] [cxt 0] Parser 'parser': start
[23:47:55.407] [bmv2] [D] [thread 26288] [11.0] [cxt 0] Parser 'parser' entering state 'start'
[23:47:55.407] [bmv2] [D] [thread 26288] [11.0] [cxt 0] Extracting header 'ethernet'
[23:47:55.407] [bmv2] [D] [thread 26288] [11.0] [cxt 0] Parser state 'start': key is 86dd
[23:47:55.408] [bmv2] [T] [thread 26288] [11.0] [cxt 0] Bytes parsed: 14
[23:47:55.408] [bmv2] [D] [thread 26288] [11.0] [cxt 0] Parser 'parser': end
[23:47:55.408] [bmv2] [D] [thread 26288] [11.0] [cxt 0] Pipeline 'ingress': start
[23:47:55.408] [bmv2] [T] [thread 26288] [11.0] [cxt 0] ../build_dependencies/net_cache.p4(114) Condition "hdr.ipv4.isValid()" (node_2) is false
[23:47:55.408] [bmv2] [D] [thread 26288] [11.0] [cxt 0] Pipeline 'ingress': end
[23:47:55.408] [bmv2] [D] [thread 26288] [11.0] [cxt 0] Egress port is 0
[23:47:55.408] [bmv2] [D] [thread 26289] [11.0] [cxt 0] Pipeline 'egress': start
[23:47:55.408] [bmv2] [D] [thread 26289] [11.0] [cxt 0] Pipeline 'egress': end
[23:47:55.408] [bmv2] [D] [thread 26289] [11.0] [cxt 0] Deparser 'deparser': start
[23:47:55.409] [bmv2] [T] [thread 26289] [11.0] [cxt 0] Skipping checksum 'cksum' update because condition not met
[23:47:55.409] [bmv2] [D] [thread 26289] [11.0] [cxt 0] Deparsing header 'ethernet'
[23:47:55.409] [bmv2] [D] [thread 26289] [11.0] [cxt 0] Deparser 'deparser': end
[23:47:55.410] [bmv2] [D] [thread 26293] [11.0] [cxt 0] Transmitting packet of size 70 out of port 0
[23:47:55.726] [bmv2] [D] [thread 26288] [12.0] [cxt 0] Processing packet received on port 3
[23:47:55.726] [bmv2] [D] [thread 26288] [12.0] [cxt 0] Parser 'parser': start
[23:47:55.726] [bmv2] [D] [thread 26288] [12.0] [cxt 0] Parser 'parser' entering state 'start'
[23:47:55.726] [bmv2] [D] [thread 26288] [12.0] [cxt 0] Extracting header 'ethernet'
[23:47:55.726] [bmv2] [D] [thread 26288] [12.0] [cxt 0] Parser state 'start': key is 86dd
[23:47:55.726] [bmv2] [T] [thread 26288] [12.0] [cxt 0] Bytes parsed: 14
[23:47:55.726] [bmv2] [D] [thread 26288] [12.0] [cxt 0] Parser 'parser': end
[23:47:55.726] [bmv2] [D] [thread 26288] [12.0] [cxt 0] Pipeline 'ingress': start
[23:47:55.726] [bmv2] [T] [thread 26288] [12.0] [cxt 0] ../build_dependencies/net_cache.p4(114) Condition "hdr.ipv4.isValid()" (node_2) is false
[23:47:55.727] [bmv2] [D] [thread 26288] [12.0] [cxt 0] Pipeline 'ingress': end
[23:47:55.727] [bmv2] [D] [thread 26288] [12.0] [cxt 0] Egress port is 0
[23:47:55.727] [bmv2] [D] [thread 26288] [13.0] [cxt 0] Processing packet received on port 2
[23:47:55.727] [bmv2] [D] [thread 26288] [13.0] [cxt 0] Parser 'parser': start
[23:47:55.727] [bmv2] [D] [thread 26288] [13.0] [cxt 0] Parser 'parser' entering state 'start'
[23:47:55.727] [bmv2] [D] [thread 26288] [13.0] [cxt 0] Extracting header 'ethernet'
[23:47:55.727] [bmv2] [D] [thread 26288] [13.0] [cxt 0] Parser state 'start': key is 86dd
[23:47:55.727] [bmv2] [T] [thread 26288] [13.0] [cxt 0] Bytes parsed: 14
[23:47:55.727] [bmv2] [D] [thread 26288] [13.0] [cxt 0] Parser 'parser': end
[23:47:55.727] [bmv2] [D] [thread 26288] [13.0] [cxt 0] Pipeline 'ingress': start
[23:47:55.727] [bmv2] [T] [thread 26288] [13.0] [cxt 0] ../build_dependencies/net_cache.p4(114) Condition "hdr.ipv4.isValid()" (node_2) is false
[23:47:55.727] [bmv2] [D] [thread 26288] [13.0] [cxt 0] Pipeline 'ingress': end
[23:47:55.727] [bmv2] [D] [thread 26288] [13.0] [cxt 0] Egress port is 0
[23:47:55.727] [bmv2] [D] [thread 26289] [12.0] [cxt 0] Pipeline 'egress': start
[23:47:55.727] [bmv2] [D] [thread 26289] [12.0] [cxt 0] Pipeline 'egress': end
[23:47:55.727] [bmv2] [D] [thread 26289] [12.0] [cxt 0] Deparser 'deparser': start
[23:47:55.727] [bmv2] [T] [thread 26289] [12.0] [cxt 0] Skipping checksum 'cksum' update because condition not met
[23:47:55.727] [bmv2] [D] [thread 26289] [12.0] [cxt 0] Deparsing header 'ethernet'
[23:47:55.727] [bmv2] [D] [thread 26289] [12.0] [cxt 0] Deparser 'deparser': end
[23:47:55.727] [bmv2] [D] [thread 26289] [13.0] [cxt 0] Pipeline 'egress': start
[23:47:55.727] [bmv2] [D] [thread 26289] [13.0] [cxt 0] Pipeline 'egress': end
[23:47:55.727] [bmv2] [D] [thread 26289] [13.0] [cxt 0] Deparser 'deparser': start
[23:47:55.727] [bmv2] [T] [thread 26289] [13.0] [cxt 0] Skipping checksum 'cksum' update because condition not met
[23:47:55.727] [bmv2] [D] [thread 26289] [13.0] [cxt 0] Deparsing header 'ethernet'
[23:47:55.727] [bmv2] [D] [thread 26289] [13.0] [cxt 0] Deparser 'deparser': end
[23:47:55.727] [bmv2] [D] [thread 26293] [12.0] [cxt 0] Transmitting packet of size 70 out of port 0
[23:47:55.727] [bmv2] [D] [thread 26293] [13.0] [cxt 0] Transmitting packet of size 70 out of port 0
[23:47:55.782] [bmv2] [D] [thread 26288] [14.0] [cxt 0] Processing packet received on port 3
[23:47:55.782] [bmv2] [D] [thread 26288] [14.0] [cxt 0] Parser 'parser': start
[23:47:55.782] [bmv2] [D] [thread 26288] [14.0] [cxt 0] Parser 'parser' entering state 'start'
[23:47:55.782] [bmv2] [D] [thread 26288] [14.0] [cxt 0] Extracting header 'ethernet'
[23:47:55.782] [bmv2] [D] [thread 26288] [14.0] [cxt 0] Parser state 'start': key is 86dd
[23:47:55.782] [bmv2] [T] [thread 26288] [14.0] [cxt 0] Bytes parsed: 14
[23:47:55.782] [bmv2] [D] [thread 26288] [14.0] [cxt 0] Parser 'parser': end
[23:47:55.782] [bmv2] [D] [thread 26288] [14.0] [cxt 0] Pipeline 'ingress': start
[23:47:55.782] [bmv2] [T] [thread 26288] [14.0] [cxt 0] ../build_dependencies/net_cache.p4(114) Condition "hdr.ipv4.isValid()" (node_2) is false
[23:47:55.782] [bmv2] [D] [thread 26288] [14.0] [cxt 0] Pipeline 'ingress': end
[23:47:55.782] [bmv2] [D] [thread 26288] [14.0] [cxt 0] Egress port is 0
[23:47:55.783] [bmv2] [D] [thread 26289] [14.0] [cxt 0] Pipeline 'egress': start
[23:47:55.783] [bmv2] [D] [thread 26289] [14.0] [cxt 0] Pipeline 'egress': end
[23:47:55.783] [bmv2] [D] [thread 26289] [14.0] [cxt 0] Deparser 'deparser': start
[23:47:55.783] [bmv2] [T] [thread 26289] [14.0] [cxt 0] Skipping checksum 'cksum' update because condition not met
[23:47:55.783] [bmv2] [D] [thread 26289] [14.0] [cxt 0] Deparsing header 'ethernet'
[23:47:55.783] [bmv2] [D] [thread 26289] [14.0] [cxt 0] Deparser 'deparser': end
[23:47:55.783] [bmv2] [D] [thread 26293] [14.0] [cxt 0] Transmitting packet of size 70 out of port 0
[23:47:56.120] [bmv2] [D] [thread 26288] [15.0] [cxt 0] Processing packet received on port 2
[23:47:56.120] [bmv2] [D] [thread 26288] [15.0] [cxt 0] Parser 'parser': start
[23:47:56.120] [bmv2] [D] [thread 26288] [15.0] [cxt 0] Parser 'parser' entering state 'start'
[23:47:56.120] [bmv2] [D] [thread 26288] [15.0] [cxt 0] Extracting header 'ethernet'
[23:47:56.120] [bmv2] [D] [thread 26288] [15.0] [cxt 0] Parser state 'start': key is 86dd
[23:47:56.120] [bmv2] [T] [thread 26288] [15.0] [cxt 0] Bytes parsed: 14
[23:47:56.120] [bmv2] [D] [thread 26288] [15.0] [cxt 0] Parser 'parser': end
[23:47:56.120] [bmv2] [D] [thread 26288] [15.0] [cxt 0] Pipeline 'ingress': start
[23:47:56.120] [bmv2] [T] [thread 26288] [15.0] [cxt 0] ../build_dependencies/net_cache.p4(114) Condition "hdr.ipv4.isValid()" (node_2) is false
[23:47:56.120] [bmv2] [D] [thread 26288] [15.0] [cxt 0] Pipeline 'ingress': end
[23:47:56.120] [bmv2] [D] [thread 26288] [15.0] [cxt 0] Egress port is 0
[23:47:56.120] [bmv2] [D] [thread 26289] [15.0] [cxt 0] Pipeline 'egress': start
[23:47:56.120] [bmv2] [D] [thread 26289] [15.0] [cxt 0] Pipeline 'egress': end
[23:47:56.120] [bmv2] [D] [thread 26289] [15.0] [cxt 0] Deparser 'deparser': start
[23:47:56.120] [bmv2] [T] [thread 26289] [15.0] [cxt 0] Skipping checksum 'cksum' update because condition not met
[23:47:56.120] [bmv2] [D] [thread 26289] [15.0] [cxt 0] Deparsing header 'ethernet'
[23:47:56.120] [bmv2] [D] [thread 26289] [15.0] [cxt 0] Deparser 'deparser': end
[23:47:56.121] [bmv2] [D] [thread 26293] [15.0] [cxt 0] Transmitting packet of size 70 out of port 0
[23:47:59.111] [bmv2] [D] [thread 26288] [16.0] [cxt 0] Processing packet received on port 1
[23:47:59.111] [bmv2] [D] [thread 26288] [16.0] [cxt 0] Parser 'parser': start
[23:47:59.111] [bmv2] [D] [thread 26288] [16.0] [cxt 0] Parser 'parser' entering state 'start'
[23:47:59.111] [bmv2] [D] [thread 26288] [16.0] [cxt 0] Extracting header 'ethernet'
[23:47:59.111] [bmv2] [D] [thread 26288] [16.0] [cxt 0] Parser state 'start': key is 86dd
[23:47:59.111] [bmv2] [T] [thread 26288] [16.0] [cxt 0] Bytes parsed: 14
[23:47:59.111] [bmv2] [D] [thread 26288] [16.0] [cxt 0] Parser 'parser': end
[23:47:59.111] [bmv2] [D] [thread 26288] [16.0] [cxt 0] Pipeline 'ingress': start
[23:47:59.111] [bmv2] [T] [thread 26288] [16.0] [cxt 0] ../build_dependencies/net_cache.p4(114) Condition "hdr.ipv4.isValid()" (node_2) is false
[23:47:59.111] [bmv2] [D] [thread 26288] [16.0] [cxt 0] Pipeline 'ingress': end
[23:47:59.111] [bmv2] [D] [thread 26288] [16.0] [cxt 0] Egress port is 0
[23:47:59.112] [bmv2] [D] [thread 26289] [16.0] [cxt 0] Pipeline 'egress': start
[23:47:59.112] [bmv2] [D] [thread 26289] [16.0] [cxt 0] Pipeline 'egress': end
[23:47:59.112] [bmv2] [D] [thread 26289] [16.0] [cxt 0] Deparser 'deparser': start
[23:47:59.112] [bmv2] [T] [thread 26289] [16.0] [cxt 0] Skipping checksum 'cksum' update because condition not met
[23:47:59.112] [bmv2] [D] [thread 26289] [16.0] [cxt 0] Deparsing header 'ethernet'
[23:47:59.112] [bmv2] [D] [thread 26289] [16.0] [cxt 0] Deparser 'deparser': end
[23:47:59.113] [bmv2] [D] [thread 26293] [16.0] [cxt 0] Transmitting packet of size 70 out of port 0
[23:47:59.338] [bmv2] [D] [thread 26288] [17.0] [cxt 0] Processing packet received on port 4
[23:47:59.338] [bmv2] [D] [thread 26288] [17.0] [cxt 0] Parser 'parser': start
[23:47:59.338] [bmv2] [D] [thread 26288] [17.0] [cxt 0] Parser 'parser' entering state 'start'
[23:47:59.338] [bmv2] [D] [thread 26288] [17.0] [cxt 0] Extracting header 'ethernet'
[23:47:59.338] [bmv2] [D] [thread 26288] [17.0] [cxt 0] Parser state 'start': key is 86dd
[23:47:59.338] [bmv2] [T] [thread 26288] [17.0] [cxt 0] Bytes parsed: 14
[23:47:59.338] [bmv2] [D] [thread 26288] [17.0] [cxt 0] Parser 'parser': end
[23:47:59.338] [bmv2] [D] [thread 26288] [17.0] [cxt 0] Pipeline 'ingress': start
[23:47:59.338] [bmv2] [T] [thread 26288] [17.0] [cxt 0] ../build_dependencies/net_cache.p4(114) Condition "hdr.ipv4.isValid()" (node_2) is false
[23:47:59.338] [bmv2] [D] [thread 26288] [17.0] [cxt 0] Pipeline 'ingress': end
[23:47:59.338] [bmv2] [D] [thread 26288] [17.0] [cxt 0] Egress port is 0
[23:47:59.338] [bmv2] [D] [thread 26289] [17.0] [cxt 0] Pipeline 'egress': start
[23:47:59.338] [bmv2] [D] [thread 26289] [17.0] [cxt 0] Pipeline 'egress': end
[23:47:59.338] [bmv2] [D] [thread 26289] [17.0] [cxt 0] Deparser 'deparser': start
[23:47:59.339] [bmv2] [T] [thread 26289] [17.0] [cxt 0] Skipping checksum 'cksum' update because condition not met
[23:47:59.339] [bmv2] [D] [thread 26289] [17.0] [cxt 0] Deparsing header 'ethernet'
[23:47:59.339] [bmv2] [D] [thread 26289] [17.0] [cxt 0] Deparser 'deparser': end
[23:47:59.339] [bmv2] [D] [thread 26293] [17.0] [cxt 0] Transmitting packet of size 70 out of port 0
[23:47:59.414] [bmv2] [D] [thread 26288] [18.0] [cxt 0] Processing packet received on port 4
[23:47:59.414] [bmv2] [D] [thread 26288] [18.0] [cxt 0] Parser 'parser': start
[23:47:59.414] [bmv2] [D] [thread 26288] [18.0] [cxt 0] Parser 'parser' entering state 'start'
[23:47:59.414] [bmv2] [D] [thread 26288] [18.0] [cxt 0] Extracting header 'ethernet'
[23:47:59.414] [bmv2] [D] [thread 26288] [18.0] [cxt 0] Parser state 'start': key is 86dd
[23:47:59.414] [bmv2] [T] [thread 26288] [18.0] [cxt 0] Bytes parsed: 14
[23:47:59.414] [bmv2] [D] [thread 26288] [18.0] [cxt 0] Parser 'parser': end
[23:47:59.414] [bmv2] [D] [thread 26288] [18.0] [cxt 0] Pipeline 'ingress': start
[23:47:59.414] [bmv2] [T] [thread 26288] [18.0] [cxt 0] ../build_dependencies/net_cache.p4(114) Condition "hdr.ipv4.isValid()" (node_2) is false
[23:47:59.414] [bmv2] [D] [thread 26288] [18.0] [cxt 0] Pipeline 'ingress': end
[23:47:59.414] [bmv2] [D] [thread 26288] [18.0] [cxt 0] Egress port is 0
[23:47:59.415] [bmv2] [D] [thread 26289] [18.0] [cxt 0] Pipeline 'egress': start
[23:47:59.415] [bmv2] [D] [thread 26289] [18.0] [cxt 0] Pipeline 'egress': end
[23:47:59.415] [bmv2] [D] [thread 26289] [18.0] [cxt 0] Deparser 'deparser': start
[23:47:59.415] [bmv2] [T] [thread 26289] [18.0] [cxt 0] Skipping checksum 'cksum' update because condition not met
[23:47:59.415] [bmv2] [D] [thread 26289] [18.0] [cxt 0] Deparsing header 'ethernet'
[23:47:59.415] [bmv2] [D] [thread 26289] [18.0] [cxt 0] Deparser 'deparser': end
[23:47:59.415] [bmv2] [D] [thread 26293] [18.0] [cxt 0] Transmitting packet of size 70 out of port 0
[23:47:59.734] [bmv2] [D] [thread 26288] [19.0] [cxt 0] Processing packet received on port 3
[23:47:59.734] [bmv2] [D] [thread 26288] [19.0] [cxt 0] Parser 'parser': start
[23:47:59.734] [bmv2] [D] [thread 26288] [19.0] [cxt 0] Parser 'parser' entering state 'start'
[23:47:59.734] [bmv2] [D] [thread 26288] [19.0] [cxt 0] Extracting header 'ethernet'
[23:47:59.735] [bmv2] [D] [thread 26288] [19.0] [cxt 0] Parser state 'start': key is 86dd
[23:47:59.735] [bmv2] [T] [thread 26288] [19.0] [cxt 0] Bytes parsed: 14
[23:47:59.735] [bmv2] [D] [thread 26288] [19.0] [cxt 0] Parser 'parser': end
[23:47:59.735] [bmv2] [D] [thread 26288] [19.0] [cxt 0] Pipeline 'ingress': start
[23:47:59.735] [bmv2] [T] [thread 26288] [19.0] [cxt 0] ../build_dependencies/net_cache.p4(114) Condition "hdr.ipv4.isValid()" (node_2) is false
[23:47:59.735] [bmv2] [D] [thread 26288] [19.0] [cxt 0] Pipeline 'ingress': end
[23:47:59.735] [bmv2] [D] [thread 26288] [19.0] [cxt 0] Egress port is 0
[23:47:59.736] [bmv2] [D] [thread 26289] [19.0] [cxt 0] Pipeline 'egress': start
[23:47:59.736] [bmv2] [D] [thread 26289] [19.0] [cxt 0] Pipeline 'egress': end
[23:47:59.736] [bmv2] [D] [thread 26289] [19.0] [cxt 0] Deparser 'deparser': start
[23:47:59.736] [bmv2] [T] [thread 26289] [19.0] [cxt 0] Skipping checksum 'cksum' update because condition not met
[23:47:59.736] [bmv2] [D] [thread 26289] [19.0] [cxt 0] Deparsing header 'ethernet'
[23:47:59.736] [bmv2] [D] [thread 26289] [19.0] [cxt 0] Deparser 'deparser': end
[23:47:59.737] [bmv2] [D] [thread 26293] [19.0] [cxt 0] Transmitting packet of size 70 out of port 0
[23:47:59.739] [bmv2] [D] [thread 26288] [20.0] [cxt 0] Processing packet received on port 2
[23:47:59.739] [bmv2] [D] [thread 26288] [20.0] [cxt 0] Parser 'parser': start
[23:47:59.739] [bmv2] [D] [thread 26288] [20.0] [cxt 0] Parser 'parser' entering state 'start'
[23:47:59.739] [bmv2] [D] [thread 26288] [20.0] [cxt 0] Extracting header 'ethernet'
[23:47:59.739] [bmv2] [D] [thread 26288] [20.0] [cxt 0] Parser state 'start': key is 86dd
[23:47:59.739] [bmv2] [T] [thread 26288] [20.0] [cxt 0] Bytes parsed: 14
[23:47:59.739] [bmv2] [D] [thread 26288] [20.0] [cxt 0] Parser 'parser': end
[23:47:59.739] [bmv2] [D] [thread 26288] [20.0] [cxt 0] Pipeline 'ingress': start
[23:47:59.739] [bmv2] [T] [thread 26288] [20.0] [cxt 0] ../build_dependencies/net_cache.p4(114) Condition "hdr.ipv4.isValid()" (node_2) is false
[23:47:59.739] [bmv2] [D] [thread 26288] [20.0] [cxt 0] Pipeline 'ingress': end
[23:47:59.739] [bmv2] [D] [thread 26288] [20.0] [cxt 0] Egress port is 0
[23:47:59.739] [bmv2] [D] [thread 26289] [20.0] [cxt 0] Pipeline 'egress': start
[23:47:59.739] [bmv2] [D] [thread 26289] [20.0] [cxt 0] Pipeline 'egress': end
[23:47:59.739] [bmv2] [D] [thread 26289] [20.0] [cxt 0] Deparser 'deparser': start
[23:47:59.739] [bmv2] [T] [thread 26289] [20.0] [cxt 0] Skipping checksum 'cksum' update because condition not met
[23:47:59.739] [bmv2] [D] [thread 26289] [20.0] [cxt 0] Deparsing header 'ethernet'
[23:47:59.739] [bmv2] [D] [thread 26289] [20.0] [cxt 0] Deparser 'deparser': end
[23:47:59.740] [bmv2] [D] [thread 26293] [20.0] [cxt 0] Transmitting packet of size 70 out of port 0
[23:47:59.792] [bmv2] [D] [thread 26288] [21.0] [cxt 0] Processing packet received on port 3
[23:47:59.792] [bmv2] [D] [thread 26288] [21.0] [cxt 0] Parser 'parser': start
[23:47:59.792] [bmv2] [D] [thread 26288] [21.0] [cxt 0] Parser 'parser' entering state 'start'
[23:47:59.792] [bmv2] [D] [thread 26288] [21.0] [cxt 0] Extracting header 'ethernet'
[23:47:59.792] [bmv2] [D] [thread 26288] [21.0] [cxt 0] Parser state 'start': key is 86dd
[23:47:59.792] [bmv2] [T] [thread 26288] [21.0] [cxt 0] Bytes parsed: 14
[23:47:59.792] [bmv2] [D] [thread 26288] [21.0] [cxt 0] Parser 'parser': end
[23:47:59.792] [bmv2] [D] [thread 26288] [21.0] [cxt 0] Pipeline 'ingress': start
[23:47:59.792] [bmv2] [T] [thread 26288] [21.0] [cxt 0] ../build_dependencies/net_cache.p4(114) Condition "hdr.ipv4.isValid()" (node_2) is false
[23:47:59.792] [bmv2] [D] [thread 26288] [21.0] [cxt 0] Pipeline 'ingress': end
[23:47:59.792] [bmv2] [D] [thread 26288] [21.0] [cxt 0] Egress port is 0
[23:47:59.793] [bmv2] [D] [thread 26289] [21.0] [cxt 0] Pipeline 'egress': start
[23:47:59.793] [bmv2] [D] [thread 26289] [21.0] [cxt 0] Pipeline 'egress': end
[23:47:59.793] [bmv2] [D] [thread 26289] [21.0] [cxt 0] Deparser 'deparser': start
[23:47:59.793] [bmv2] [T] [thread 26289] [21.0] [cxt 0] Skipping checksum 'cksum' update because condition not met
[23:47:59.793] [bmv2] [D] [thread 26289] [21.0] [cxt 0] Deparsing header 'ethernet'
[23:47:59.793] [bmv2] [D] [thread 26289] [21.0] [cxt 0] Deparser 'deparser': end
[23:47:59.794] [bmv2] [D] [thread 26293] [21.0] [cxt 0] Transmitting packet of size 70 out of port 0
[23:48:00.127] [bmv2] [D] [thread 26288] [22.0] [cxt 0] Processing packet received on port 2
[23:48:00.127] [bmv2] [D] [thread 26288] [22.0] [cxt 0] Parser 'parser': start
[23:48:00.127] [bmv2] [D] [thread 26288] [22.0] [cxt 0] Parser 'parser' entering state 'start'
[23:48:00.127] [bmv2] [D] [thread 26288] [22.0] [cxt 0] Extracting header 'ethernet'
[23:48:00.127] [bmv2] [D] [thread 26288] [22.0] [cxt 0] Parser state 'start': key is 86dd
[23:48:00.127] [bmv2] [T] [thread 26288] [22.0] [cxt 0] Bytes parsed: 14
[23:48:00.127] [bmv2] [D] [thread 26288] [22.0] [cxt 0] Parser 'parser': end
[23:48:00.127] [bmv2] [D] [thread 26288] [22.0] [cxt 0] Pipeline 'ingress': start
[23:48:00.127] [bmv2] [T] [thread 26288] [22.0] [cxt 0] ../build_dependencies/net_cache.p4(114) Condition "hdr.ipv4.isValid()" (node_2) is false
[23:48:00.127] [bmv2] [D] [thread 26288] [22.0] [cxt 0] Pipeline 'ingress': end
[23:48:00.127] [bmv2] [D] [thread 26288] [22.0] [cxt 0] Egress port is 0
[23:48:00.128] [bmv2] [D] [thread 26289] [22.0] [cxt 0] Pipeline 'egress': start
[23:48:00.128] [bmv2] [D] [thread 26289] [22.0] [cxt 0] Pipeline 'egress': end
[23:48:00.128] [bmv2] [D] [thread 26289] [22.0] [cxt 0] Deparser 'deparser': start
[23:48:00.128] [bmv2] [T] [thread 26289] [22.0] [cxt 0] Skipping checksum 'cksum' update because condition not met
[23:48:00.128] [bmv2] [D] [thread 26289] [22.0] [cxt 0] Deparsing header 'ethernet'
[23:48:00.128] [bmv2] [D] [thread 26289] [22.0] [cxt 0] Deparser 'deparser': end
[23:48:00.129] [bmv2] [D] [thread 26293] [22.0] [cxt 0] Transmitting packet of size 70 out of port 0
