Calling target program-options parser
[12:59:49.121] [bmv2] [D] [thread 3621] Set default default entry for table 'tbl_drop': MyIngress.drop - 
[12:59:49.121] [bmv2] [D] [thread 3621] Set default default entry for table 'MyIngress.ipv4_lpm': MyIngress.drop - 
Adding interface s20-eth1 as port 1
[12:59:49.122] [bmv2] [D] [thread 3621] Adding interface s20-eth1 as port 1
I0516 12:59:49.160912294    3621 server_builder.cc:247]      Synchronous server. Num CQs: 1, Min pollers: 1, Max Pollers: 2147483647, CQ timeout (msec): 1000
Server listening on 0.0.0.0:50059
[12:59:49.162] [bmv2] [I] [thread 3621] Starting Thrift server on port 9098
[12:59:49.162] [bmv2] [I] [thread 3621] Thrift server was started
[12:59:49.665] [bmv2] [D] [thread 3628] [0.0] [cxt 0] Processing packet received on port 1
[12:59:49.665] [bmv2] [D] [thread 3628] [0.0] [cxt 0] Parser 'parser': start
[12:59:49.665] [bmv2] [D] [thread 3628] [0.0] [cxt 0] Parser 'parser' entering state 'start'
[12:59:49.665] [bmv2] [D] [thread 3628] [0.0] [cxt 0] Extracting header 'ethernet'
[12:59:49.665] [bmv2] [D] [thread 3628] [0.0] [cxt 0] Parser state 'start': key is 86dd
[12:59:49.665] [bmv2] [T] [thread 3628] [0.0] [cxt 0] Bytes parsed: 14
[12:59:49.665] [bmv2] [D] [thread 3628] [0.0] [cxt 0] Parser 'parser': end
[12:59:49.665] [bmv2] [D] [thread 3628] [0.0] [cxt 0] Pipeline 'ingress': start
[12:59:49.665] [bmv2] [T] [thread 3628] [0.0] [cxt 0] ../build_dependencies/net_cache.p4(114) Condition "hdr.ipv4.isValid()" (node_2) is false
[12:59:49.665] [bmv2] [D] [thread 3628] [0.0] [cxt 0] Pipeline 'ingress': end
[12:59:49.665] [bmv2] [D] [thread 3628] [0.0] [cxt 0] Egress port is 0
[12:59:49.665] [bmv2] [D] [thread 3629] [0.0] [cxt 0] Pipeline 'egress': start
[12:59:49.665] [bmv2] [D] [thread 3629] [0.0] [cxt 0] Pipeline 'egress': end
[12:59:49.665] [bmv2] [D] [thread 3629] [0.0] [cxt 0] Deparser 'deparser': start
[12:59:49.665] [bmv2] [T] [thread 3629] [0.0] [cxt 0] Skipping checksum 'cksum' update because condition not met
[12:59:49.665] [bmv2] [D] [thread 3629] [0.0] [cxt 0] Deparsing header 'ethernet'
[12:59:49.665] [bmv2] [D] [thread 3629] [0.0] [cxt 0] Deparser 'deparser': end
[12:59:49.665] [bmv2] [D] [thread 3633] [0.0] [cxt 0] Transmitting packet of size 70 out of port 0
[12:59:50.350] [bmv2] [D] [thread 3628] [1.0] [cxt 0] Processing packet received on port 1
[12:59:50.350] [bmv2] [D] [thread 3628] [1.0] [cxt 0] Parser 'parser': start
[12:59:50.350] [bmv2] [D] [thread 3628] [1.0] [cxt 0] Parser 'parser' entering state 'start'
[12:59:50.350] [bmv2] [D] [thread 3628] [1.0] [cxt 0] Extracting header 'ethernet'
[12:59:50.350] [bmv2] [D] [thread 3628] [1.0] [cxt 0] Parser state 'start': key is 86dd
[12:59:50.350] [bmv2] [T] [thread 3628] [1.0] [cxt 0] Bytes parsed: 14
[12:59:50.350] [bmv2] [D] [thread 3628] [1.0] [cxt 0] Parser 'parser': end
[12:59:50.350] [bmv2] [D] [thread 3628] [1.0] [cxt 0] Pipeline 'ingress': start
[12:59:50.350] [bmv2] [T] [thread 3628] [1.0] [cxt 0] ../build_dependencies/net_cache.p4(114) Condition "hdr.ipv4.isValid()" (node_2) is false
[12:59:50.350] [bmv2] [D] [thread 3628] [1.0] [cxt 0] Pipeline 'ingress': end
[12:59:50.350] [bmv2] [D] [thread 3628] [1.0] [cxt 0] Egress port is 0
[12:59:50.352] [bmv2] [D] [thread 3629] [1.0] [cxt 0] Pipeline 'egress': start
[12:59:50.352] [bmv2] [D] [thread 3629] [1.0] [cxt 0] Pipeline 'egress': end
[12:59:50.352] [bmv2] [D] [thread 3629] [1.0] [cxt 0] Deparser 'deparser': start
[12:59:50.352] [bmv2] [T] [thread 3629] [1.0] [cxt 0] Skipping checksum 'cksum' update because condition not met
[12:59:50.352] [bmv2] [D] [thread 3629] [1.0] [cxt 0] Deparsing header 'ethernet'
[12:59:50.352] [bmv2] [D] [thread 3629] [1.0] [cxt 0] Deparser 'deparser': end
[12:59:50.353] [bmv2] [D] [thread 3633] [1.0] [cxt 0] Transmitting packet of size 70 out of port 0
[12:59:53.672] [bmv2] [D] [thread 3628] [2.0] [cxt 0] Processing packet received on port 1
[12:59:53.672] [bmv2] [D] [thread 3628] [2.0] [cxt 0] Parser 'parser': start
[12:59:53.672] [bmv2] [D] [thread 3628] [2.0] [cxt 0] Parser 'parser' entering state 'start'
[12:59:53.672] [bmv2] [D] [thread 3628] [2.0] [cxt 0] Extracting header 'ethernet'
[12:59:53.672] [bmv2] [D] [thread 3628] [2.0] [cxt 0] Parser state 'start': key is 86dd
[12:59:53.672] [bmv2] [T] [thread 3628] [2.0] [cxt 0] Bytes parsed: 14
[12:59:53.672] [bmv2] [D] [thread 3628] [2.0] [cxt 0] Parser 'parser': end
[12:59:53.672] [bmv2] [D] [thread 3628] [2.0] [cxt 0] Pipeline 'ingress': start
[12:59:53.672] [bmv2] [T] [thread 3628] [2.0] [cxt 0] ../build_dependencies/net_cache.p4(114) Condition "hdr.ipv4.isValid()" (node_2) is false
[12:59:53.672] [bmv2] [D] [thread 3628] [2.0] [cxt 0] Pipeline 'ingress': end
[12:59:53.672] [bmv2] [D] [thread 3628] [2.0] [cxt 0] Egress port is 0
[12:59:53.672] [bmv2] [D] [thread 3629] [2.0] [cxt 0] Pipeline 'egress': start
[12:59:53.672] [bmv2] [D] [thread 3629] [2.0] [cxt 0] Pipeline 'egress': end
[12:59:53.672] [bmv2] [D] [thread 3629] [2.0] [cxt 0] Deparser 'deparser': start
[12:59:53.672] [bmv2] [T] [thread 3629] [2.0] [cxt 0] Skipping checksum 'cksum' update because condition not met
[12:59:53.672] [bmv2] [D] [thread 3629] [2.0] [cxt 0] Deparsing header 'ethernet'
[12:59:53.672] [bmv2] [D] [thread 3629] [2.0] [cxt 0] Deparser 'deparser': end
[12:59:53.672] [bmv2] [D] [thread 3633] [2.0] [cxt 0] Transmitting packet of size 70 out of port 0
[12:59:54.353] [bmv2] [D] [thread 3628] [3.0] [cxt 0] Processing packet received on port 1
[12:59:54.353] [bmv2] [D] [thread 3628] [3.0] [cxt 0] Parser 'parser': start
[12:59:54.353] [bmv2] [D] [thread 3628] [3.0] [cxt 0] Parser 'parser' entering state 'start'
[12:59:54.353] [bmv2] [D] [thread 3628] [3.0] [cxt 0] Extracting header 'ethernet'
[12:59:54.353] [bmv2] [D] [thread 3628] [3.0] [cxt 0] Parser state 'start': key is 86dd
[12:59:54.353] [bmv2] [T] [thread 3628] [3.0] [cxt 0] Bytes parsed: 14
[12:59:54.353] [bmv2] [D] [thread 3628] [3.0] [cxt 0] Parser 'parser': end
[12:59:54.353] [bmv2] [D] [thread 3628] [3.0] [cxt 0] Pipeline 'ingress': start
[12:59:54.353] [bmv2] [T] [thread 3628] [3.0] [cxt 0] ../build_dependencies/net_cache.p4(114) Condition "hdr.ipv4.isValid()" (node_2) is false
[12:59:54.353] [bmv2] [D] [thread 3628] [3.0] [cxt 0] Pipeline 'ingress': end
[12:59:54.353] [bmv2] [D] [thread 3628] [3.0] [cxt 0] Egress port is 0
[12:59:54.353] [bmv2] [D] [thread 3629] [3.0] [cxt 0] Pipeline 'egress': start
[12:59:54.353] [bmv2] [D] [thread 3629] [3.0] [cxt 0] Pipeline 'egress': end
[12:59:54.353] [bmv2] [D] [thread 3629] [3.0] [cxt 0] Deparser 'deparser': start
[12:59:54.353] [bmv2] [T] [thread 3629] [3.0] [cxt 0] Skipping checksum 'cksum' update because condition not met
[12:59:54.353] [bmv2] [D] [thread 3629] [3.0] [cxt 0] Deparsing header 'ethernet'
[12:59:54.353] [bmv2] [D] [thread 3629] [3.0] [cxt 0] Deparser 'deparser': end
[12:59:54.354] [bmv2] [D] [thread 3633] [3.0] [cxt 0] Transmitting packet of size 70 out of port 0
New connection
P4Runtime SetForwardingPipelineConfig
[13:00:04.253] [bmv2] [W] [thread 3771] [P4Runtime] p4::tmp::P4DeviceConfig is deprecated
[13:00:04.254] [bmv2] [D] [thread 3771] Set default default entry for table 'tbl_drop': MyIngress.drop - 
[13:00:04.254] [bmv2] [D] [thread 3771] Set default default entry for table 'MyIngress.ipv4_lpm': MyIngress.drop - 
