Calling target program-options parser
[14:21:22.057] [bmv2] [D] [thread 16244] Set default default entry for table 'tbl_drop': MyIngress.drop - 
[14:21:22.057] [bmv2] [D] [thread 16244] Set default default entry for table 'MyIngress.ipv4_lpm': MyIngress.drop - 
Adding interface s30-eth1 as port 1
[14:21:22.057] [bmv2] [D] [thread 16244] Adding interface s30-eth1 as port 1
I0509 14:21:22.086144762   16244 server_builder.cc:247]      Synchronous server. Num CQs: 1, Min pollers: 1, Max Pollers: 2147483647, CQ timeout (msec): 1000
Server listening on 0.0.0.0:50060
[14:21:22.087] [bmv2] [I] [thread 16244] Starting Thrift server on port 9099
[14:21:22.087] [bmv2] [I] [thread 16244] Thrift server was started
[14:21:22.226] [bmv2] [D] [thread 16251] [0.0] [cxt 0] Processing packet received on port 1
[14:21:22.226] [bmv2] [D] [thread 16251] [0.0] [cxt 0] Parser 'parser': start
[14:21:22.226] [bmv2] [D] [thread 16251] [0.0] [cxt 0] Parser 'parser' entering state 'start'
[14:21:22.227] [bmv2] [D] [thread 16251] [0.0] [cxt 0] Extracting header 'ethernet'
[14:21:22.227] [bmv2] [D] [thread 16251] [0.0] [cxt 0] Parser state 'start': key is 86dd
[14:21:22.227] [bmv2] [T] [thread 16251] [0.0] [cxt 0] Bytes parsed: 14
[14:21:22.227] [bmv2] [D] [thread 16251] [0.0] [cxt 0] Parser 'parser': end
[14:21:22.227] [bmv2] [D] [thread 16251] [0.0] [cxt 0] Pipeline 'ingress': start
[14:21:22.227] [bmv2] [T] [thread 16251] [0.0] [cxt 0] ../build_dependencies/net_cache.p4(114) Condition "hdr.ipv4.isValid()" (node_2) is false
[14:21:22.227] [bmv2] [D] [thread 16251] [0.0] [cxt 0] Pipeline 'ingress': end
[14:21:22.227] [bmv2] [D] [thread 16251] [0.0] [cxt 0] Egress port is 0
[14:21:22.227] [bmv2] [D] [thread 16252] [0.0] [cxt 0] Pipeline 'egress': start
[14:21:22.227] [bmv2] [D] [thread 16252] [0.0] [cxt 0] Pipeline 'egress': end
[14:21:22.227] [bmv2] [D] [thread 16252] [0.0] [cxt 0] Deparser 'deparser': start
[14:21:22.227] [bmv2] [T] [thread 16252] [0.0] [cxt 0] Skipping checksum 'cksum' update because condition not met
[14:21:22.227] [bmv2] [D] [thread 16252] [0.0] [cxt 0] Deparsing header 'ethernet'
[14:21:22.227] [bmv2] [D] [thread 16252] [0.0] [cxt 0] Deparser 'deparser': end
[14:21:22.227] [bmv2] [D] [thread 16256] [0.0] [cxt 0] Transmitting packet of size 70 out of port 0
[14:21:22.930] [bmv2] [D] [thread 16251] [1.0] [cxt 0] Processing packet received on port 1
[14:21:22.930] [bmv2] [D] [thread 16251] [1.0] [cxt 0] Parser 'parser': start
[14:21:22.930] [bmv2] [D] [thread 16251] [1.0] [cxt 0] Parser 'parser' entering state 'start'
[14:21:22.930] [bmv2] [D] [thread 16251] [1.0] [cxt 0] Extracting header 'ethernet'
[14:21:22.930] [bmv2] [D] [thread 16251] [1.0] [cxt 0] Parser state 'start': key is 86dd
[14:21:22.930] [bmv2] [T] [thread 16251] [1.0] [cxt 0] Bytes parsed: 14
[14:21:22.930] [bmv2] [D] [thread 16251] [1.0] [cxt 0] Parser 'parser': end
[14:21:22.930] [bmv2] [D] [thread 16251] [1.0] [cxt 0] Pipeline 'ingress': start
[14:21:22.930] [bmv2] [T] [thread 16251] [1.0] [cxt 0] ../build_dependencies/net_cache.p4(114) Condition "hdr.ipv4.isValid()" (node_2) is false
[14:21:22.930] [bmv2] [D] [thread 16251] [1.0] [cxt 0] Pipeline 'ingress': end
[14:21:22.930] [bmv2] [D] [thread 16251] [1.0] [cxt 0] Egress port is 0
[14:21:22.930] [bmv2] [D] [thread 16252] [1.0] [cxt 0] Pipeline 'egress': start
[14:21:22.930] [bmv2] [D] [thread 16252] [1.0] [cxt 0] Pipeline 'egress': end
[14:21:22.930] [bmv2] [D] [thread 16252] [1.0] [cxt 0] Deparser 'deparser': start
[14:21:22.930] [bmv2] [T] [thread 16252] [1.0] [cxt 0] Skipping checksum 'cksum' update because condition not met
[14:21:22.930] [bmv2] [D] [thread 16252] [1.0] [cxt 0] Deparsing header 'ethernet'
[14:21:22.930] [bmv2] [D] [thread 16252] [1.0] [cxt 0] Deparser 'deparser': end
[14:21:22.930] [bmv2] [D] [thread 16256] [1.0] [cxt 0] Transmitting packet of size 70 out of port 0
[14:21:26.234] [bmv2] [D] [thread 16251] [2.0] [cxt 0] Processing packet received on port 1
[14:21:26.234] [bmv2] [D] [thread 16251] [2.0] [cxt 0] Parser 'parser': start
[14:21:26.234] [bmv2] [D] [thread 16251] [2.0] [cxt 0] Parser 'parser' entering state 'start'
[14:21:26.234] [bmv2] [D] [thread 16251] [2.0] [cxt 0] Extracting header 'ethernet'
[14:21:26.234] [bmv2] [D] [thread 16251] [2.0] [cxt 0] Parser state 'start': key is 86dd
[14:21:26.234] [bmv2] [T] [thread 16251] [2.0] [cxt 0] Bytes parsed: 14
[14:21:26.234] [bmv2] [D] [thread 16251] [2.0] [cxt 0] Parser 'parser': end
[14:21:26.234] [bmv2] [D] [thread 16251] [2.0] [cxt 0] Pipeline 'ingress': start
[14:21:26.234] [bmv2] [T] [thread 16251] [2.0] [cxt 0] ../build_dependencies/net_cache.p4(114) Condition "hdr.ipv4.isValid()" (node_2) is false
[14:21:26.234] [bmv2] [D] [thread 16251] [2.0] [cxt 0] Pipeline 'ingress': end
[14:21:26.234] [bmv2] [D] [thread 16251] [2.0] [cxt 0] Egress port is 0
[14:21:26.234] [bmv2] [D] [thread 16252] [2.0] [cxt 0] Pipeline 'egress': start
[14:21:26.234] [bmv2] [D] [thread 16252] [2.0] [cxt 0] Pipeline 'egress': end
[14:21:26.234] [bmv2] [D] [thread 16252] [2.0] [cxt 0] Deparser 'deparser': start
[14:21:26.234] [bmv2] [T] [thread 16252] [2.0] [cxt 0] Skipping checksum 'cksum' update because condition not met
[14:21:26.234] [bmv2] [D] [thread 16252] [2.0] [cxt 0] Deparsing header 'ethernet'
[14:21:26.234] [bmv2] [D] [thread 16252] [2.0] [cxt 0] Deparser 'deparser': end
[14:21:26.234] [bmv2] [D] [thread 16256] [2.0] [cxt 0] Transmitting packet of size 70 out of port 0
[14:21:26.938] [bmv2] [D] [thread 16251] [3.0] [cxt 0] Processing packet received on port 1
[14:21:26.938] [bmv2] [D] [thread 16251] [3.0] [cxt 0] Parser 'parser': start
[14:21:26.938] [bmv2] [D] [thread 16251] [3.0] [cxt 0] Parser 'parser' entering state 'start'
[14:21:26.938] [bmv2] [D] [thread 16251] [3.0] [cxt 0] Extracting header 'ethernet'
[14:21:26.938] [bmv2] [D] [thread 16251] [3.0] [cxt 0] Parser state 'start': key is 86dd
[14:21:26.938] [bmv2] [T] [thread 16251] [3.0] [cxt 0] Bytes parsed: 14
[14:21:26.938] [bmv2] [D] [thread 16251] [3.0] [cxt 0] Parser 'parser': end
[14:21:26.938] [bmv2] [D] [thread 16251] [3.0] [cxt 0] Pipeline 'ingress': start
[14:21:26.938] [bmv2] [T] [thread 16251] [3.0] [cxt 0] ../build_dependencies/net_cache.p4(114) Condition "hdr.ipv4.isValid()" (node_2) is false
[14:21:26.938] [bmv2] [D] [thread 16251] [3.0] [cxt 0] Pipeline 'ingress': end
[14:21:26.938] [bmv2] [D] [thread 16251] [3.0] [cxt 0] Egress port is 0
[14:21:26.938] [bmv2] [D] [thread 16252] [3.0] [cxt 0] Pipeline 'egress': start
[14:21:26.938] [bmv2] [D] [thread 16252] [3.0] [cxt 0] Pipeline 'egress': end
[14:21:26.938] [bmv2] [D] [thread 16252] [3.0] [cxt 0] Deparser 'deparser': start
[14:21:26.938] [bmv2] [T] [thread 16252] [3.0] [cxt 0] Skipping checksum 'cksum' update because condition not met
[14:21:26.938] [bmv2] [D] [thread 16252] [3.0] [cxt 0] Deparsing header 'ethernet'
[14:21:26.938] [bmv2] [D] [thread 16252] [3.0] [cxt 0] Deparser 'deparser': end
[14:21:26.938] [bmv2] [D] [thread 16256] [3.0] [cxt 0] Transmitting packet of size 70 out of port 0
New connection
P4Runtime SetForwardingPipelineConfig
[14:21:34.350] [bmv2] [W] [thread 16385] [P4Runtime] p4::tmp::P4DeviceConfig is deprecated
[14:21:34.350] [bmv2] [D] [thread 16385] Set default default entry for table 'tbl_drop': MyIngress.drop - 
[14:21:34.350] [bmv2] [D] [thread 16385] Set default default entry for table 'MyIngress.ipv4_lpm': MyIngress.drop - 
