Calling target program-options parser
[09:25:31.291] [bmv2] [D] [thread 15666] Set default default entry for table 'tbl_drop': MyIngress.drop - 
[09:25:31.291] [bmv2] [D] [thread 15666] Set default default entry for table 'MyIngress.ipv4_lpm': MyIngress.drop - 
Adding interface s40-eth1 as port 1
[09:25:31.291] [bmv2] [D] [thread 15666] Adding interface s40-eth1 as port 1
I0516 09:25:31.302280946   15666 server_builder.cc:247]      Synchronous server. Num CQs: 1, Min pollers: 1, Max Pollers: 2147483647, CQ timeout (msec): 1000
Server listening on 0.0.0.0:50061
[09:25:31.303] [bmv2] [I] [thread 15666] Starting Thrift server on port 9100
[09:25:31.303] [bmv2] [I] [thread 15666] Thrift server was started
[09:25:31.740] [bmv2] [D] [thread 15673] [0.0] [cxt 0] Processing packet received on port 1
[09:25:31.740] [bmv2] [D] [thread 15673] [0.0] [cxt 0] Parser 'parser': start
[09:25:31.740] [bmv2] [D] [thread 15673] [0.0] [cxt 0] Parser 'parser' entering state 'start'
[09:25:31.740] [bmv2] [D] [thread 15673] [0.0] [cxt 0] Extracting header 'ethernet'
[09:25:31.740] [bmv2] [D] [thread 15673] [0.0] [cxt 0] Parser state 'start': key is 86dd
[09:25:31.740] [bmv2] [T] [thread 15673] [0.0] [cxt 0] Bytes parsed: 14
[09:25:31.740] [bmv2] [D] [thread 15673] [0.0] [cxt 0] Parser 'parser': end
[09:25:31.740] [bmv2] [D] [thread 15673] [0.0] [cxt 0] Pipeline 'ingress': start
[09:25:31.740] [bmv2] [T] [thread 15673] [0.0] [cxt 0] ../build_dependencies/net_cache.p4(114) Condition "hdr.ipv4.isValid()" (node_2) is false
[09:25:31.740] [bmv2] [D] [thread 15673] [0.0] [cxt 0] Pipeline 'ingress': end
[09:25:31.740] [bmv2] [D] [thread 15673] [0.0] [cxt 0] Egress port is 0
[09:25:31.740] [bmv2] [D] [thread 15674] [0.0] [cxt 0] Pipeline 'egress': start
[09:25:31.740] [bmv2] [D] [thread 15674] [0.0] [cxt 0] Pipeline 'egress': end
[09:25:31.740] [bmv2] [D] [thread 15674] [0.0] [cxt 0] Deparser 'deparser': start
[09:25:31.740] [bmv2] [T] [thread 15674] [0.0] [cxt 0] Skipping checksum 'cksum' update because condition not met
[09:25:31.740] [bmv2] [D] [thread 15674] [0.0] [cxt 0] Deparsing header 'ethernet'
[09:25:31.740] [bmv2] [D] [thread 15674] [0.0] [cxt 0] Deparser 'deparser': end
[09:25:31.740] [bmv2] [D] [thread 15678] [0.0] [cxt 0] Transmitting packet of size 70 out of port 0
[09:25:35.293] [bmv2] [D] [thread 15673] [1.0] [cxt 0] Processing packet received on port 1
[09:25:35.293] [bmv2] [D] [thread 15673] [1.0] [cxt 0] Parser 'parser': start
[09:25:35.293] [bmv2] [D] [thread 15673] [1.0] [cxt 0] Parser 'parser' entering state 'start'
[09:25:35.293] [bmv2] [D] [thread 15673] [1.0] [cxt 0] Extracting header 'ethernet'
[09:25:35.293] [bmv2] [D] [thread 15673] [1.0] [cxt 0] Parser state 'start': key is 86dd
[09:25:35.293] [bmv2] [T] [thread 15673] [1.0] [cxt 0] Bytes parsed: 14
[09:25:35.293] [bmv2] [D] [thread 15673] [1.0] [cxt 0] Parser 'parser': end
[09:25:35.293] [bmv2] [D] [thread 15673] [1.0] [cxt 0] Pipeline 'ingress': start
[09:25:35.293] [bmv2] [T] [thread 15673] [1.0] [cxt 0] ../build_dependencies/net_cache.p4(114) Condition "hdr.ipv4.isValid()" (node_2) is false
[09:25:35.293] [bmv2] [D] [thread 15673] [1.0] [cxt 0] Pipeline 'ingress': end
[09:25:35.293] [bmv2] [D] [thread 15673] [1.0] [cxt 0] Egress port is 0
[09:25:35.293] [bmv2] [D] [thread 15674] [1.0] [cxt 0] Pipeline 'egress': start
[09:25:35.293] [bmv2] [D] [thread 15674] [1.0] [cxt 0] Pipeline 'egress': end
[09:25:35.293] [bmv2] [D] [thread 15674] [1.0] [cxt 0] Deparser 'deparser': start
[09:25:35.293] [bmv2] [T] [thread 15674] [1.0] [cxt 0] Skipping checksum 'cksum' update because condition not met
[09:25:35.293] [bmv2] [D] [thread 15674] [1.0] [cxt 0] Deparsing header 'ethernet'
[09:25:35.293] [bmv2] [D] [thread 15674] [1.0] [cxt 0] Deparser 'deparser': end
[09:25:35.293] [bmv2] [D] [thread 15678] [1.0] [cxt 0] Transmitting packet of size 70 out of port 0
[09:25:35.749] [bmv2] [D] [thread 15673] [2.0] [cxt 0] Processing packet received on port 1
[09:25:35.749] [bmv2] [D] [thread 15673] [2.0] [cxt 0] Parser 'parser': start
[09:25:35.749] [bmv2] [D] [thread 15673] [2.0] [cxt 0] Parser 'parser' entering state 'start'
[09:25:35.749] [bmv2] [D] [thread 15673] [2.0] [cxt 0] Extracting header 'ethernet'
[09:25:35.749] [bmv2] [D] [thread 15673] [2.0] [cxt 0] Parser state 'start': key is 86dd
[09:25:35.749] [bmv2] [T] [thread 15673] [2.0] [cxt 0] Bytes parsed: 14
[09:25:35.749] [bmv2] [D] [thread 15673] [2.0] [cxt 0] Parser 'parser': end
[09:25:35.749] [bmv2] [D] [thread 15673] [2.0] [cxt 0] Pipeline 'ingress': start
[09:25:35.749] [bmv2] [T] [thread 15673] [2.0] [cxt 0] ../build_dependencies/net_cache.p4(114) Condition "hdr.ipv4.isValid()" (node_2) is false
[09:25:35.749] [bmv2] [D] [thread 15673] [2.0] [cxt 0] Pipeline 'ingress': end
[09:25:35.749] [bmv2] [D] [thread 15673] [2.0] [cxt 0] Egress port is 0
[09:25:35.749] [bmv2] [D] [thread 15674] [2.0] [cxt 0] Pipeline 'egress': start
[09:25:35.749] [bmv2] [D] [thread 15674] [2.0] [cxt 0] Pipeline 'egress': end
[09:25:35.749] [bmv2] [D] [thread 15674] [2.0] [cxt 0] Deparser 'deparser': start
[09:25:35.749] [bmv2] [T] [thread 15674] [2.0] [cxt 0] Skipping checksum 'cksum' update because condition not met
[09:25:35.749] [bmv2] [D] [thread 15674] [2.0] [cxt 0] Deparsing header 'ethernet'
[09:25:35.749] [bmv2] [D] [thread 15674] [2.0] [cxt 0] Deparser 'deparser': end
[09:25:35.749] [bmv2] [D] [thread 15678] [2.0] [cxt 0] Transmitting packet of size 70 out of port 0
New connection
P4Runtime SetForwardingPipelineConfig
[09:25:39.369] [bmv2] [W] [thread 15830] [P4Runtime] p4::tmp::P4DeviceConfig is deprecated
[09:25:39.371] [bmv2] [D] [thread 15830] Set default default entry for table 'tbl_drop': MyIngress.drop - 
[09:25:39.371] [bmv2] [D] [thread 15830] Set default default entry for table 'MyIngress.ipv4_lpm': MyIngress.drop - 
[09:37:37.561] [bmv2] [D] [thread 15673] [3.0] [cxt 0] Processing packet received on port 1
[09:37:37.561] [bmv2] [D] [thread 15673] [3.0] [cxt 0] Parser 'parser': start
[09:37:37.561] [bmv2] [D] [thread 15673] [3.0] [cxt 0] Parser 'parser' entering state 'start'
[09:37:37.561] [bmv2] [D] [thread 15673] [3.0] [cxt 0] Extracting header 'ethernet'
[09:37:37.561] [bmv2] [D] [thread 15673] [3.0] [cxt 0] Parser state 'start': key is 0800
[09:37:37.561] [bmv2] [T] [thread 15673] [3.0] [cxt 0] Bytes parsed: 14
[09:37:37.561] [bmv2] [D] [thread 15673] [3.0] [cxt 0] Parser 'parser' entering state 'parse_ipv4'
[09:37:37.561] [bmv2] [D] [thread 15673] [3.0] [cxt 0] Extracting header 'ipv4'
[09:37:37.561] [bmv2] [D] [thread 15673] [3.0] [cxt 0] Parser state 'parse_ipv4' has no switch, going to default next state
[09:37:37.561] [bmv2] [T] [thread 15673] [3.0] [cxt 0] Bytes parsed: 34
[09:37:37.561] [bmv2] [D] [thread 15673] [3.0] [cxt 0] Parser 'parser': end
[09:37:37.561] [bmv2] [D] [thread 15673] [3.0] [cxt 0] Pipeline 'ingress': start
[09:37:37.561] [bmv2] [T] [thread 15673] [3.0] [cxt 0] ../build_dependencies/net_cache.p4(114) Condition "hdr.ipv4.isValid()" (node_2) is true
[09:37:37.561] [bmv2] [T] [thread 15673] [3.0] [cxt 0] ../build_dependencies/net_cache.p4(115) Condition "hdr.ipv4.flags == 3" (node_3) is false
[09:37:37.561] [bmv2] [T] [thread 15673] [3.0] [cxt 0] Applying table 'MyIngress.ipv4_lpm'
[09:37:37.561] [bmv2] [D] [thread 15673] [3.0] [cxt 0] Looking up key:
* hdr.ipv4.dstAddr    : c000010a

[09:37:37.561] [bmv2] [D] [thread 15673] [3.0] [cxt 0] Table 'MyIngress.ipv4_lpm': miss
[09:37:37.561] [bmv2] [D] [thread 15673] [3.0] [cxt 0] Action entry is MyIngress.drop - 
[09:37:37.561] [bmv2] [T] [thread 15673] [3.0] [cxt 0] Action MyIngress.drop
[09:37:37.561] [bmv2] [T] [thread 15673] [3.0] [cxt 0] ../build_dependencies/net_cache.p4(90) Primitive mark_to_drop(standard_metadata)
[09:37:37.561] [bmv2] [D] [thread 15673] [3.0] [cxt 0] Pipeline 'ingress': end
[09:37:37.561] [bmv2] [D] [thread 15673] [3.0] [cxt 0] Egress port is 511
[09:37:37.561] [bmv2] [D] [thread 15673] [3.0] [cxt 0] Dropping packet at the end of ingress
[09:37:37.587] [bmv2] [D] [thread 15673] [4.0] [cxt 0] Processing packet received on port 1
[09:37:37.587] [bmv2] [D] [thread 15673] [4.0] [cxt 0] Parser 'parser': start
[09:37:37.587] [bmv2] [D] [thread 15673] [4.0] [cxt 0] Parser 'parser' entering state 'start'
[09:37:37.587] [bmv2] [D] [thread 15673] [4.0] [cxt 0] Extracting header 'ethernet'
[09:37:37.587] [bmv2] [D] [thread 15673] [4.0] [cxt 0] Parser state 'start': key is 0800
[09:37:37.587] [bmv2] [T] [thread 15673] [4.0] [cxt 0] Bytes parsed: 14
[09:37:37.587] [bmv2] [D] [thread 15673] [4.0] [cxt 0] Parser 'parser' entering state 'parse_ipv4'
[09:37:37.587] [bmv2] [D] [thread 15673] [4.0] [cxt 0] Extracting header 'ipv4'
[09:37:37.587] [bmv2] [D] [thread 15673] [4.0] [cxt 0] Parser state 'parse_ipv4' has no switch, going to default next state
[09:37:37.587] [bmv2] [T] [thread 15673] [4.0] [cxt 0] Bytes parsed: 34
[09:37:37.587] [bmv2] [D] [thread 15673] [4.0] [cxt 0] Parser 'parser': end
[09:37:37.587] [bmv2] [D] [thread 15673] [4.0] [cxt 0] Pipeline 'ingress': start
[09:37:37.587] [bmv2] [T] [thread 15673] [4.0] [cxt 0] ../build_dependencies/net_cache.p4(114) Condition "hdr.ipv4.isValid()" (node_2) is true
[09:37:37.587] [bmv2] [T] [thread 15673] [4.0] [cxt 0] ../build_dependencies/net_cache.p4(115) Condition "hdr.ipv4.flags == 3" (node_3) is false
[09:37:37.587] [bmv2] [T] [thread 15673] [4.0] [cxt 0] Applying table 'MyIngress.ipv4_lpm'
[09:37:37.587] [bmv2] [D] [thread 15673] [4.0] [cxt 0] Looking up key:
* hdr.ipv4.dstAddr    : c000010a

[09:37:37.587] [bmv2] [D] [thread 15673] [4.0] [cxt 0] Table 'MyIngress.ipv4_lpm': miss
[09:37:37.587] [bmv2] [D] [thread 15673] [4.0] [cxt 0] Action entry is MyIngress.drop - 
[09:37:37.587] [bmv2] [T] [thread 15673] [4.0] [cxt 0] Action MyIngress.drop
[09:37:37.587] [bmv2] [T] [thread 15673] [4.0] [cxt 0] ../build_dependencies/net_cache.p4(90) Primitive mark_to_drop(standard_metadata)
[09:37:37.587] [bmv2] [D] [thread 15673] [4.0] [cxt 0] Pipeline 'ingress': end
[09:37:37.587] [bmv2] [D] [thread 15673] [4.0] [cxt 0] Egress port is 511
[09:37:37.587] [bmv2] [D] [thread 15673] [4.0] [cxt 0] Dropping packet at the end of ingress
