Calling target program-options parser
[12:09:06.088] [bmv2] [D] [thread 12941] Set default default entry for table 'tbl_drop': MyIngress.drop - 
[12:09:06.088] [bmv2] [D] [thread 12941] Set default default entry for table 'MyIngress.ipv4_lpm': MyIngress.drop - 
Adding interface s5-eth1 as port 1
[12:09:06.088] [bmv2] [D] [thread 12941] Adding interface s5-eth1 as port 1
Adding interface s5-eth2 as port 2
[12:09:06.099] [bmv2] [D] [thread 12941] Adding interface s5-eth2 as port 2
Adding interface s5-eth3 as port 3
[12:09:06.127] [bmv2] [D] [thread 12941] Adding interface s5-eth3 as port 3
Adding interface s5-eth4 as port 4
[12:09:06.142] [bmv2] [D] [thread 12941] Adding interface s5-eth4 as port 4
Adding interface s5-eth5 as port 5
[12:09:06.155] [bmv2] [D] [thread 12941] Adding interface s5-eth5 as port 5
I0516 12:09:06.182328975   12941 server_builder.cc:247]      Synchronous server. Num CQs: 1, Min pollers: 1, Max Pollers: 2147483647, CQ timeout (msec): 1000
Server listening on 0.0.0.0:50056
[12:09:06.183] [bmv2] [I] [thread 12941] Starting Thrift server on port 9095
[12:09:06.183] [bmv2] [I] [thread 12941] Thrift server was started
[12:09:08.504] [bmv2] [D] [thread 12948] [0.0] [cxt 0] Processing packet received on port 1
[12:09:08.504] [bmv2] [D] [thread 12948] [0.0] [cxt 0] Parser 'parser': start
[12:09:08.504] [bmv2] [D] [thread 12948] [0.0] [cxt 0] Parser 'parser' entering state 'start'
[12:09:08.505] [bmv2] [D] [thread 12948] [0.0] [cxt 0] Extracting header 'ethernet'
[12:09:08.505] [bmv2] [D] [thread 12948] [0.0] [cxt 0] Parser state 'start': key is 86dd
[12:09:08.505] [bmv2] [T] [thread 12948] [0.0] [cxt 0] Bytes parsed: 14
[12:09:08.505] [bmv2] [D] [thread 12948] [0.0] [cxt 0] Parser 'parser': end
[12:09:08.505] [bmv2] [D] [thread 12948] [0.0] [cxt 0] Pipeline 'ingress': start
[12:09:08.505] [bmv2] [T] [thread 12948] [0.0] [cxt 0] ../build_dependencies/net_cache.p4(114) Condition "hdr.ipv4.isValid()" (node_2) is false
[12:09:08.505] [bmv2] [D] [thread 12948] [0.0] [cxt 0] Pipeline 'ingress': end
[12:09:08.505] [bmv2] [D] [thread 12948] [0.0] [cxt 0] Egress port is 0
[12:09:08.506] [bmv2] [D] [thread 12949] [0.0] [cxt 0] Pipeline 'egress': start
[12:09:08.506] [bmv2] [D] [thread 12949] [0.0] [cxt 0] Pipeline 'egress': end
[12:09:08.506] [bmv2] [D] [thread 12949] [0.0] [cxt 0] Deparser 'deparser': start
[12:09:08.506] [bmv2] [T] [thread 12949] [0.0] [cxt 0] Skipping checksum 'cksum' update because condition not met
[12:09:08.506] [bmv2] [D] [thread 12949] [0.0] [cxt 0] Deparsing header 'ethernet'
[12:09:08.506] [bmv2] [D] [thread 12949] [0.0] [cxt 0] Deparser 'deparser': end
[12:09:08.506] [bmv2] [D] [thread 12953] [0.0] [cxt 0] Transmitting packet of size 70 out of port 0
[12:09:08.643] [bmv2] [D] [thread 12948] [1.0] [cxt 0] Processing packet received on port 2
[12:09:08.643] [bmv2] [D] [thread 12948] [1.0] [cxt 0] Parser 'parser': start
[12:09:08.643] [bmv2] [D] [thread 12948] [1.0] [cxt 0] Parser 'parser' entering state 'start'
[12:09:08.643] [bmv2] [D] [thread 12948] [1.0] [cxt 0] Extracting header 'ethernet'
[12:09:08.643] [bmv2] [D] [thread 12948] [1.0] [cxt 0] Parser state 'start': key is 86dd
[12:09:08.643] [bmv2] [T] [thread 12948] [1.0] [cxt 0] Bytes parsed: 14
[12:09:08.643] [bmv2] [D] [thread 12948] [1.0] [cxt 0] Parser 'parser': end
[12:09:08.643] [bmv2] [D] [thread 12948] [1.0] [cxt 0] Pipeline 'ingress': start
[12:09:08.643] [bmv2] [T] [thread 12948] [1.0] [cxt 0] ../build_dependencies/net_cache.p4(114) Condition "hdr.ipv4.isValid()" (node_2) is false
[12:09:08.643] [bmv2] [D] [thread 12948] [1.0] [cxt 0] Pipeline 'ingress': end
[12:09:08.643] [bmv2] [D] [thread 12948] [1.0] [cxt 0] Egress port is 0
[12:09:08.643] [bmv2] [D] [thread 12949] [1.0] [cxt 0] Pipeline 'egress': start
[12:09:08.643] [bmv2] [D] [thread 12949] [1.0] [cxt 0] Pipeline 'egress': end
[12:09:08.643] [bmv2] [D] [thread 12949] [1.0] [cxt 0] Deparser 'deparser': start
[12:09:08.643] [bmv2] [T] [thread 12949] [1.0] [cxt 0] Skipping checksum 'cksum' update because condition not met
[12:09:08.643] [bmv2] [D] [thread 12949] [1.0] [cxt 0] Deparsing header 'ethernet'
[12:09:08.643] [bmv2] [D] [thread 12949] [1.0] [cxt 0] Deparser 'deparser': end
[12:09:08.643] [bmv2] [D] [thread 12953] [1.0] [cxt 0] Transmitting packet of size 70 out of port 0
[12:09:08.691] [bmv2] [D] [thread 12948] [2.0] [cxt 0] Processing packet received on port 3
[12:09:08.691] [bmv2] [D] [thread 12948] [2.0] [cxt 0] Parser 'parser': start
[12:09:08.691] [bmv2] [D] [thread 12948] [2.0] [cxt 0] Parser 'parser' entering state 'start'
[12:09:08.691] [bmv2] [D] [thread 12948] [2.0] [cxt 0] Extracting header 'ethernet'
[12:09:08.691] [bmv2] [D] [thread 12948] [2.0] [cxt 0] Parser state 'start': key is 86dd
[12:09:08.691] [bmv2] [T] [thread 12948] [2.0] [cxt 0] Bytes parsed: 14
[12:09:08.691] [bmv2] [D] [thread 12948] [2.0] [cxt 0] Parser 'parser': end
[12:09:08.691] [bmv2] [D] [thread 12948] [2.0] [cxt 0] Pipeline 'ingress': start
[12:09:08.691] [bmv2] [T] [thread 12948] [2.0] [cxt 0] ../build_dependencies/net_cache.p4(114) Condition "hdr.ipv4.isValid()" (node_2) is false
[12:09:08.691] [bmv2] [D] [thread 12948] [2.0] [cxt 0] Pipeline 'ingress': end
[12:09:08.691] [bmv2] [D] [thread 12948] [2.0] [cxt 0] Egress port is 0
[12:09:08.691] [bmv2] [D] [thread 12949] [2.0] [cxt 0] Pipeline 'egress': start
[12:09:08.691] [bmv2] [D] [thread 12949] [2.0] [cxt 0] Pipeline 'egress': end
[12:09:08.691] [bmv2] [D] [thread 12949] [2.0] [cxt 0] Deparser 'deparser': start
[12:09:08.691] [bmv2] [T] [thread 12949] [2.0] [cxt 0] Skipping checksum 'cksum' update because condition not met
[12:09:08.691] [bmv2] [D] [thread 12949] [2.0] [cxt 0] Deparsing header 'ethernet'
[12:09:08.691] [bmv2] [D] [thread 12949] [2.0] [cxt 0] Deparser 'deparser': end
[12:09:08.691] [bmv2] [D] [thread 12953] [2.0] [cxt 0] Transmitting packet of size 70 out of port 0
[12:09:08.707] [bmv2] [D] [thread 12948] [3.0] [cxt 0] Processing packet received on port 5
[12:09:08.707] [bmv2] [D] [thread 12948] [3.0] [cxt 0] Parser 'parser': start
[12:09:08.707] [bmv2] [D] [thread 12948] [3.0] [cxt 0] Parser 'parser' entering state 'start'
[12:09:08.707] [bmv2] [D] [thread 12948] [3.0] [cxt 0] Extracting header 'ethernet'
[12:09:08.707] [bmv2] [D] [thread 12948] [3.0] [cxt 0] Parser state 'start': key is 86dd
[12:09:08.707] [bmv2] [T] [thread 12948] [3.0] [cxt 0] Bytes parsed: 14
[12:09:08.707] [bmv2] [D] [thread 12948] [3.0] [cxt 0] Parser 'parser': end
[12:09:08.707] [bmv2] [D] [thread 12948] [3.0] [cxt 0] Pipeline 'ingress': start
[12:09:08.707] [bmv2] [T] [thread 12948] [3.0] [cxt 0] ../build_dependencies/net_cache.p4(114) Condition "hdr.ipv4.isValid()" (node_2) is false
[12:09:08.707] [bmv2] [D] [thread 12948] [3.0] [cxt 0] Pipeline 'ingress': end
[12:09:08.707] [bmv2] [D] [thread 12948] [3.0] [cxt 0] Egress port is 0
[12:09:08.707] [bmv2] [D] [thread 12949] [3.0] [cxt 0] Pipeline 'egress': start
[12:09:08.707] [bmv2] [D] [thread 12949] [3.0] [cxt 0] Pipeline 'egress': end
[12:09:08.707] [bmv2] [D] [thread 12949] [3.0] [cxt 0] Deparser 'deparser': start
[12:09:08.707] [bmv2] [T] [thread 12949] [3.0] [cxt 0] Skipping checksum 'cksum' update because condition not met
[12:09:08.707] [bmv2] [D] [thread 12949] [3.0] [cxt 0] Deparsing header 'ethernet'
[12:09:08.707] [bmv2] [D] [thread 12949] [3.0] [cxt 0] Deparser 'deparser': end
[12:09:08.707] [bmv2] [D] [thread 12953] [3.0] [cxt 0] Transmitting packet of size 70 out of port 0
[12:09:08.774] [bmv2] [D] [thread 12948] [4.0] [cxt 0] Processing packet received on port 4
[12:09:08.774] [bmv2] [D] [thread 12948] [4.0] [cxt 0] Parser 'parser': start
[12:09:08.774] [bmv2] [D] [thread 12948] [4.0] [cxt 0] Parser 'parser' entering state 'start'
[12:09:08.774] [bmv2] [D] [thread 12948] [4.0] [cxt 0] Extracting header 'ethernet'
[12:09:08.774] [bmv2] [D] [thread 12948] [4.0] [cxt 0] Parser state 'start': key is 86dd
[12:09:08.774] [bmv2] [T] [thread 12948] [4.0] [cxt 0] Bytes parsed: 14
[12:09:08.774] [bmv2] [D] [thread 12948] [4.0] [cxt 0] Parser 'parser': end
[12:09:08.774] [bmv2] [D] [thread 12948] [4.0] [cxt 0] Pipeline 'ingress': start
[12:09:08.774] [bmv2] [T] [thread 12948] [4.0] [cxt 0] ../build_dependencies/net_cache.p4(114) Condition "hdr.ipv4.isValid()" (node_2) is false
[12:09:08.774] [bmv2] [D] [thread 12948] [4.0] [cxt 0] Pipeline 'ingress': end
[12:09:08.774] [bmv2] [D] [thread 12948] [4.0] [cxt 0] Egress port is 0
[12:09:08.774] [bmv2] [D] [thread 12949] [4.0] [cxt 0] Pipeline 'egress': start
[12:09:08.774] [bmv2] [D] [thread 12949] [4.0] [cxt 0] Pipeline 'egress': end
[12:09:08.774] [bmv2] [D] [thread 12949] [4.0] [cxt 0] Deparser 'deparser': start
[12:09:08.774] [bmv2] [T] [thread 12949] [4.0] [cxt 0] Skipping checksum 'cksum' update because condition not met
[12:09:08.774] [bmv2] [D] [thread 12949] [4.0] [cxt 0] Deparsing header 'ethernet'
[12:09:08.774] [bmv2] [D] [thread 12949] [4.0] [cxt 0] Deparser 'deparser': end
[12:09:08.774] [bmv2] [D] [thread 12953] [4.0] [cxt 0] Transmitting packet of size 70 out of port 0
[12:09:08.862] [bmv2] [D] [thread 12948] [5.0] [cxt 0] Processing packet received on port 5
[12:09:08.862] [bmv2] [D] [thread 12948] [5.0] [cxt 0] Parser 'parser': start
[12:09:08.862] [bmv2] [D] [thread 12948] [5.0] [cxt 0] Parser 'parser' entering state 'start'
[12:09:08.862] [bmv2] [D] [thread 12948] [5.0] [cxt 0] Extracting header 'ethernet'
[12:09:08.862] [bmv2] [D] [thread 12948] [5.0] [cxt 0] Parser state 'start': key is 86dd
[12:09:08.862] [bmv2] [T] [thread 12948] [5.0] [cxt 0] Bytes parsed: 14
[12:09:08.862] [bmv2] [D] [thread 12948] [5.0] [cxt 0] Parser 'parser': end
[12:09:08.862] [bmv2] [D] [thread 12948] [5.0] [cxt 0] Pipeline 'ingress': start
[12:09:08.862] [bmv2] [T] [thread 12948] [5.0] [cxt 0] ../build_dependencies/net_cache.p4(114) Condition "hdr.ipv4.isValid()" (node_2) is false
[12:09:08.863] [bmv2] [D] [thread 12948] [5.0] [cxt 0] Pipeline 'ingress': end
[12:09:08.863] [bmv2] [D] [thread 12948] [5.0] [cxt 0] Egress port is 0
[12:09:08.863] [bmv2] [D] [thread 12949] [5.0] [cxt 0] Pipeline 'egress': start
[12:09:08.863] [bmv2] [D] [thread 12949] [5.0] [cxt 0] Pipeline 'egress': end
[12:09:08.863] [bmv2] [D] [thread 12949] [5.0] [cxt 0] Deparser 'deparser': start
[12:09:08.863] [bmv2] [T] [thread 12949] [5.0] [cxt 0] Skipping checksum 'cksum' update because condition not met
[12:09:08.863] [bmv2] [D] [thread 12949] [5.0] [cxt 0] Deparsing header 'ethernet'
[12:09:08.863] [bmv2] [D] [thread 12949] [5.0] [cxt 0] Deparser 'deparser': end
[12:09:08.864] [bmv2] [D] [thread 12953] [5.0] [cxt 0] Transmitting packet of size 70 out of port 0
[12:09:08.904] [bmv2] [D] [thread 12948] [6.0] [cxt 0] Processing packet received on port 1
[12:09:08.904] [bmv2] [D] [thread 12948] [6.0] [cxt 0] Parser 'parser': start
[12:09:08.904] [bmv2] [D] [thread 12948] [6.0] [cxt 0] Parser 'parser' entering state 'start'
[12:09:08.904] [bmv2] [D] [thread 12948] [6.0] [cxt 0] Extracting header 'ethernet'
[12:09:08.904] [bmv2] [D] [thread 12948] [6.0] [cxt 0] Parser state 'start': key is 86dd
[12:09:08.904] [bmv2] [T] [thread 12948] [6.0] [cxt 0] Bytes parsed: 14
[12:09:08.905] [bmv2] [D] [thread 12948] [6.0] [cxt 0] Parser 'parser': end
[12:09:08.905] [bmv2] [D] [thread 12948] [6.0] [cxt 0] Pipeline 'ingress': start
[12:09:08.905] [bmv2] [T] [thread 12948] [6.0] [cxt 0] ../build_dependencies/net_cache.p4(114) Condition "hdr.ipv4.isValid()" (node_2) is false
[12:09:08.905] [bmv2] [D] [thread 12948] [6.0] [cxt 0] Pipeline 'ingress': end
[12:09:08.905] [bmv2] [D] [thread 12948] [6.0] [cxt 0] Egress port is 0
[12:09:08.905] [bmv2] [D] [thread 12949] [6.0] [cxt 0] Pipeline 'egress': start
[12:09:08.905] [bmv2] [D] [thread 12949] [6.0] [cxt 0] Pipeline 'egress': end
[12:09:08.905] [bmv2] [D] [thread 12949] [6.0] [cxt 0] Deparser 'deparser': start
[12:09:08.905] [bmv2] [T] [thread 12949] [6.0] [cxt 0] Skipping checksum 'cksum' update because condition not met
[12:09:08.905] [bmv2] [D] [thread 12949] [6.0] [cxt 0] Deparsing header 'ethernet'
[12:09:08.905] [bmv2] [D] [thread 12949] [6.0] [cxt 0] Deparser 'deparser': end
[12:09:08.905] [bmv2] [D] [thread 12953] [6.0] [cxt 0] Transmitting packet of size 70 out of port 0
[12:09:08.950] [bmv2] [D] [thread 12948] [7.0] [cxt 0] Processing packet received on port 2
[12:09:08.950] [bmv2] [D] [thread 12948] [7.0] [cxt 0] Parser 'parser': start
[12:09:08.950] [bmv2] [D] [thread 12948] [7.0] [cxt 0] Parser 'parser' entering state 'start'
[12:09:08.950] [bmv2] [D] [thread 12948] [7.0] [cxt 0] Extracting header 'ethernet'
[12:09:08.950] [bmv2] [D] [thread 12948] [7.0] [cxt 0] Parser state 'start': key is 86dd
[12:09:08.950] [bmv2] [T] [thread 12948] [7.0] [cxt 0] Bytes parsed: 14
[12:09:08.950] [bmv2] [D] [thread 12948] [7.0] [cxt 0] Parser 'parser': end
[12:09:08.950] [bmv2] [D] [thread 12948] [7.0] [cxt 0] Pipeline 'ingress': start
[12:09:08.950] [bmv2] [T] [thread 12948] [7.0] [cxt 0] ../build_dependencies/net_cache.p4(114) Condition "hdr.ipv4.isValid()" (node_2) is false
[12:09:08.950] [bmv2] [D] [thread 12948] [7.0] [cxt 0] Pipeline 'ingress': end
[12:09:08.950] [bmv2] [D] [thread 12948] [7.0] [cxt 0] Egress port is 0
[12:09:08.950] [bmv2] [D] [thread 12949] [7.0] [cxt 0] Pipeline 'egress': start
[12:09:08.950] [bmv2] [D] [thread 12949] [7.0] [cxt 0] Pipeline 'egress': end
[12:09:08.950] [bmv2] [D] [thread 12949] [7.0] [cxt 0] Deparser 'deparser': start
[12:09:08.950] [bmv2] [T] [thread 12949] [7.0] [cxt 0] Skipping checksum 'cksum' update because condition not met
[12:09:08.950] [bmv2] [D] [thread 12949] [7.0] [cxt 0] Deparsing header 'ethernet'
[12:09:08.950] [bmv2] [D] [thread 12949] [7.0] [cxt 0] Deparser 'deparser': end
[12:09:08.950] [bmv2] [D] [thread 12953] [7.0] [cxt 0] Transmitting packet of size 70 out of port 0
[12:09:08.970] [bmv2] [D] [thread 12948] [8.0] [cxt 0] Processing packet received on port 4
[12:09:08.970] [bmv2] [D] [thread 12948] [8.0] [cxt 0] Parser 'parser': start
[12:09:08.970] [bmv2] [D] [thread 12948] [8.0] [cxt 0] Parser 'parser' entering state 'start'
[12:09:08.970] [bmv2] [D] [thread 12948] [8.0] [cxt 0] Extracting header 'ethernet'
[12:09:08.970] [bmv2] [D] [thread 12948] [8.0] [cxt 0] Parser state 'start': key is 86dd
[12:09:08.970] [bmv2] [T] [thread 12948] [8.0] [cxt 0] Bytes parsed: 14
[12:09:08.970] [bmv2] [D] [thread 12948] [8.0] [cxt 0] Parser 'parser': end
[12:09:08.970] [bmv2] [D] [thread 12948] [8.0] [cxt 0] Pipeline 'ingress': start
[12:09:08.970] [bmv2] [T] [thread 12948] [8.0] [cxt 0] ../build_dependencies/net_cache.p4(114) Condition "hdr.ipv4.isValid()" (node_2) is false
[12:09:08.970] [bmv2] [D] [thread 12948] [8.0] [cxt 0] Pipeline 'ingress': end
[12:09:08.970] [bmv2] [D] [thread 12948] [8.0] [cxt 0] Egress port is 0
[12:09:08.970] [bmv2] [D] [thread 12949] [8.0] [cxt 0] Pipeline 'egress': start
[12:09:08.970] [bmv2] [D] [thread 12949] [8.0] [cxt 0] Pipeline 'egress': end
[12:09:08.970] [bmv2] [D] [thread 12949] [8.0] [cxt 0] Deparser 'deparser': start
[12:09:08.970] [bmv2] [T] [thread 12949] [8.0] [cxt 0] Skipping checksum 'cksum' update because condition not met
[12:09:08.970] [bmv2] [D] [thread 12949] [8.0] [cxt 0] Deparsing header 'ethernet'
[12:09:08.970] [bmv2] [D] [thread 12949] [8.0] [cxt 0] Deparser 'deparser': end
[12:09:08.970] [bmv2] [D] [thread 12953] [8.0] [cxt 0] Transmitting packet of size 70 out of port 0
[12:09:09.066] [bmv2] [D] [thread 12948] [9.0] [cxt 0] Processing packet received on port 3
[12:09:09.066] [bmv2] [D] [thread 12948] [9.0] [cxt 0] Parser 'parser': start
[12:09:09.066] [bmv2] [D] [thread 12948] [9.0] [cxt 0] Parser 'parser' entering state 'start'
[12:09:09.066] [bmv2] [D] [thread 12948] [9.0] [cxt 0] Extracting header 'ethernet'
[12:09:09.066] [bmv2] [D] [thread 12948] [9.0] [cxt 0] Parser state 'start': key is 86dd
[12:09:09.066] [bmv2] [T] [thread 12948] [9.0] [cxt 0] Bytes parsed: 14
[12:09:09.066] [bmv2] [D] [thread 12948] [9.0] [cxt 0] Parser 'parser': end
[12:09:09.066] [bmv2] [D] [thread 12948] [9.0] [cxt 0] Pipeline 'ingress': start
[12:09:09.066] [bmv2] [T] [thread 12948] [9.0] [cxt 0] ../build_dependencies/net_cache.p4(114) Condition "hdr.ipv4.isValid()" (node_2) is false
[12:09:09.066] [bmv2] [D] [thread 12948] [9.0] [cxt 0] Pipeline 'ingress': end
[12:09:09.066] [bmv2] [D] [thread 12948] [9.0] [cxt 0] Egress port is 0
[12:09:09.066] [bmv2] [D] [thread 12949] [9.0] [cxt 0] Pipeline 'egress': start
[12:09:09.066] [bmv2] [D] [thread 12949] [9.0] [cxt 0] Pipeline 'egress': end
[12:09:09.066] [bmv2] [D] [thread 12949] [9.0] [cxt 0] Deparser 'deparser': start
[12:09:09.066] [bmv2] [T] [thread 12949] [9.0] [cxt 0] Skipping checksum 'cksum' update because condition not met
[12:09:09.066] [bmv2] [D] [thread 12949] [9.0] [cxt 0] Deparsing header 'ethernet'
[12:09:09.066] [bmv2] [D] [thread 12949] [9.0] [cxt 0] Deparser 'deparser': end
[12:09:09.066] [bmv2] [D] [thread 12953] [9.0] [cxt 0] Transmitting packet of size 70 out of port 0
[12:09:12.510] [bmv2] [D] [thread 12948] [10.0] [cxt 0] Processing packet received on port 1
[12:09:12.510] [bmv2] [D] [thread 12948] [10.0] [cxt 0] Parser 'parser': start
[12:09:12.510] [bmv2] [D] [thread 12948] [10.0] [cxt 0] Parser 'parser' entering state 'start'
[12:09:12.510] [bmv2] [D] [thread 12948] [10.0] [cxt 0] Extracting header 'ethernet'
[12:09:12.510] [bmv2] [D] [thread 12948] [10.0] [cxt 0] Parser state 'start': key is 86dd
[12:09:12.510] [bmv2] [T] [thread 12948] [10.0] [cxt 0] Bytes parsed: 14
[12:09:12.510] [bmv2] [D] [thread 12948] [10.0] [cxt 0] Parser 'parser': end
[12:09:12.510] [bmv2] [D] [thread 12948] [10.0] [cxt 0] Pipeline 'ingress': start
[12:09:12.510] [bmv2] [T] [thread 12948] [10.0] [cxt 0] ../build_dependencies/net_cache.p4(114) Condition "hdr.ipv4.isValid()" (node_2) is false
[12:09:12.510] [bmv2] [D] [thread 12948] [10.0] [cxt 0] Pipeline 'ingress': end
[12:09:12.510] [bmv2] [D] [thread 12948] [10.0] [cxt 0] Egress port is 0
[12:09:12.510] [bmv2] [D] [thread 12949] [10.0] [cxt 0] Pipeline 'egress': start
[12:09:12.510] [bmv2] [D] [thread 12949] [10.0] [cxt 0] Pipeline 'egress': end
[12:09:12.510] [bmv2] [D] [thread 12949] [10.0] [cxt 0] Deparser 'deparser': start
[12:09:12.510] [bmv2] [T] [thread 12949] [10.0] [cxt 0] Skipping checksum 'cksum' update because condition not met
[12:09:12.510] [bmv2] [D] [thread 12949] [10.0] [cxt 0] Deparsing header 'ethernet'
[12:09:12.510] [bmv2] [D] [thread 12949] [10.0] [cxt 0] Deparser 'deparser': end
[12:09:12.510] [bmv2] [D] [thread 12953] [10.0] [cxt 0] Transmitting packet of size 70 out of port 0
[12:09:12.651] [bmv2] [D] [thread 12948] [11.0] [cxt 0] Processing packet received on port 2
[12:09:12.651] [bmv2] [D] [thread 12948] [11.0] [cxt 0] Parser 'parser': start
[12:09:12.651] [bmv2] [D] [thread 12948] [11.0] [cxt 0] Parser 'parser' entering state 'start'
[12:09:12.651] [bmv2] [D] [thread 12948] [11.0] [cxt 0] Extracting header 'ethernet'
[12:09:12.651] [bmv2] [D] [thread 12948] [11.0] [cxt 0] Parser state 'start': key is 86dd
[12:09:12.651] [bmv2] [T] [thread 12948] [11.0] [cxt 0] Bytes parsed: 14
[12:09:12.651] [bmv2] [D] [thread 12948] [11.0] [cxt 0] Parser 'parser': end
[12:09:12.651] [bmv2] [D] [thread 12948] [11.0] [cxt 0] Pipeline 'ingress': start
[12:09:12.651] [bmv2] [T] [thread 12948] [11.0] [cxt 0] ../build_dependencies/net_cache.p4(114) Condition "hdr.ipv4.isValid()" (node_2) is false
[12:09:12.651] [bmv2] [D] [thread 12948] [11.0] [cxt 0] Pipeline 'ingress': end
[12:09:12.651] [bmv2] [D] [thread 12948] [11.0] [cxt 0] Egress port is 0
[12:09:12.652] [bmv2] [D] [thread 12949] [11.0] [cxt 0] Pipeline 'egress': start
[12:09:12.652] [bmv2] [D] [thread 12949] [11.0] [cxt 0] Pipeline 'egress': end
[12:09:12.652] [bmv2] [D] [thread 12949] [11.0] [cxt 0] Deparser 'deparser': start
[12:09:12.652] [bmv2] [T] [thread 12949] [11.0] [cxt 0] Skipping checksum 'cksum' update because condition not met
[12:09:12.652] [bmv2] [D] [thread 12949] [11.0] [cxt 0] Deparsing header 'ethernet'
[12:09:12.652] [bmv2] [D] [thread 12949] [11.0] [cxt 0] Deparser 'deparser': end
[12:09:12.652] [bmv2] [D] [thread 12953] [11.0] [cxt 0] Transmitting packet of size 70 out of port 0
[12:09:12.699] [bmv2] [D] [thread 12948] [12.0] [cxt 0] Processing packet received on port 3
[12:09:12.699] [bmv2] [D] [thread 12948] [12.0] [cxt 0] Parser 'parser': start
[12:09:12.699] [bmv2] [D] [thread 12948] [12.0] [cxt 0] Parser 'parser' entering state 'start'
[12:09:12.699] [bmv2] [D] [thread 12948] [12.0] [cxt 0] Extracting header 'ethernet'
[12:09:12.699] [bmv2] [D] [thread 12948] [12.0] [cxt 0] Parser state 'start': key is 86dd
[12:09:12.699] [bmv2] [T] [thread 12948] [12.0] [cxt 0] Bytes parsed: 14
[12:09:12.699] [bmv2] [D] [thread 12948] [12.0] [cxt 0] Parser 'parser': end
[12:09:12.699] [bmv2] [D] [thread 12948] [12.0] [cxt 0] Pipeline 'ingress': start
[12:09:12.699] [bmv2] [T] [thread 12948] [12.0] [cxt 0] ../build_dependencies/net_cache.p4(114) Condition "hdr.ipv4.isValid()" (node_2) is false
[12:09:12.699] [bmv2] [D] [thread 12948] [12.0] [cxt 0] Pipeline 'ingress': end
[12:09:12.699] [bmv2] [D] [thread 12948] [12.0] [cxt 0] Egress port is 0
[12:09:12.699] [bmv2] [D] [thread 12949] [12.0] [cxt 0] Pipeline 'egress': start
[12:09:12.699] [bmv2] [D] [thread 12949] [12.0] [cxt 0] Pipeline 'egress': end
[12:09:12.699] [bmv2] [D] [thread 12949] [12.0] [cxt 0] Deparser 'deparser': start
[12:09:12.699] [bmv2] [T] [thread 12949] [12.0] [cxt 0] Skipping checksum 'cksum' update because condition not met
[12:09:12.699] [bmv2] [D] [thread 12949] [12.0] [cxt 0] Deparsing header 'ethernet'
[12:09:12.699] [bmv2] [D] [thread 12949] [12.0] [cxt 0] Deparser 'deparser': end
[12:09:12.699] [bmv2] [D] [thread 12953] [12.0] [cxt 0] Transmitting packet of size 70 out of port 0
[12:09:12.720] [bmv2] [D] [thread 12948] [13.0] [cxt 0] Processing packet received on port 5
[12:09:12.720] [bmv2] [D] [thread 12948] [13.0] [cxt 0] Parser 'parser': start
[12:09:12.720] [bmv2] [D] [thread 12948] [13.0] [cxt 0] Parser 'parser' entering state 'start'
[12:09:12.720] [bmv2] [D] [thread 12948] [13.0] [cxt 0] Extracting header 'ethernet'
[12:09:12.720] [bmv2] [D] [thread 12948] [13.0] [cxt 0] Parser state 'start': key is 86dd
[12:09:12.720] [bmv2] [T] [thread 12948] [13.0] [cxt 0] Bytes parsed: 14
[12:09:12.720] [bmv2] [D] [thread 12948] [13.0] [cxt 0] Parser 'parser': end
[12:09:12.720] [bmv2] [D] [thread 12948] [13.0] [cxt 0] Pipeline 'ingress': start
[12:09:12.720] [bmv2] [T] [thread 12948] [13.0] [cxt 0] ../build_dependencies/net_cache.p4(114) Condition "hdr.ipv4.isValid()" (node_2) is false
[12:09:12.720] [bmv2] [D] [thread 12948] [13.0] [cxt 0] Pipeline 'ingress': end
[12:09:12.720] [bmv2] [D] [thread 12948] [13.0] [cxt 0] Egress port is 0
[12:09:12.720] [bmv2] [D] [thread 12949] [13.0] [cxt 0] Pipeline 'egress': start
[12:09:12.720] [bmv2] [D] [thread 12949] [13.0] [cxt 0] Pipeline 'egress': end
[12:09:12.720] [bmv2] [D] [thread 12949] [13.0] [cxt 0] Deparser 'deparser': start
[12:09:12.720] [bmv2] [T] [thread 12949] [13.0] [cxt 0] Skipping checksum 'cksum' update because condition not met
[12:09:12.720] [bmv2] [D] [thread 12949] [13.0] [cxt 0] Deparsing header 'ethernet'
[12:09:12.720] [bmv2] [D] [thread 12949] [13.0] [cxt 0] Deparser 'deparser': end
[12:09:12.720] [bmv2] [D] [thread 12953] [13.0] [cxt 0] Transmitting packet of size 70 out of port 0
[12:09:12.792] [bmv2] [D] [thread 12948] [14.0] [cxt 0] Processing packet received on port 4
[12:09:12.792] [bmv2] [D] [thread 12948] [14.0] [cxt 0] Parser 'parser': start
[12:09:12.792] [bmv2] [D] [thread 12948] [14.0] [cxt 0] Parser 'parser' entering state 'start'
[12:09:12.792] [bmv2] [D] [thread 12948] [14.0] [cxt 0] Extracting header 'ethernet'
[12:09:12.792] [bmv2] [D] [thread 12948] [14.0] [cxt 0] Parser state 'start': key is 86dd
[12:09:12.792] [bmv2] [T] [thread 12948] [14.0] [cxt 0] Bytes parsed: 14
[12:09:12.792] [bmv2] [D] [thread 12948] [14.0] [cxt 0] Parser 'parser': end
[12:09:12.792] [bmv2] [D] [thread 12948] [14.0] [cxt 0] Pipeline 'ingress': start
[12:09:12.792] [bmv2] [T] [thread 12948] [14.0] [cxt 0] ../build_dependencies/net_cache.p4(114) Condition "hdr.ipv4.isValid()" (node_2) is false
[12:09:12.792] [bmv2] [D] [thread 12948] [14.0] [cxt 0] Pipeline 'ingress': end
[12:09:12.792] [bmv2] [D] [thread 12948] [14.0] [cxt 0] Egress port is 0
[12:09:12.792] [bmv2] [D] [thread 12949] [14.0] [cxt 0] Pipeline 'egress': start
[12:09:12.792] [bmv2] [D] [thread 12949] [14.0] [cxt 0] Pipeline 'egress': end
[12:09:12.792] [bmv2] [D] [thread 12949] [14.0] [cxt 0] Deparser 'deparser': start
[12:09:12.792] [bmv2] [T] [thread 12949] [14.0] [cxt 0] Skipping checksum 'cksum' update because condition not met
[12:09:12.792] [bmv2] [D] [thread 12949] [14.0] [cxt 0] Deparsing header 'ethernet'
[12:09:12.792] [bmv2] [D] [thread 12949] [14.0] [cxt 0] Deparser 'deparser': end
[12:09:12.792] [bmv2] [D] [thread 12953] [14.0] [cxt 0] Transmitting packet of size 70 out of port 0
[12:09:12.869] [bmv2] [D] [thread 12948] [15.0] [cxt 0] Processing packet received on port 5
[12:09:12.870] [bmv2] [D] [thread 12948] [15.0] [cxt 0] Parser 'parser': start
[12:09:12.870] [bmv2] [D] [thread 12948] [15.0] [cxt 0] Parser 'parser' entering state 'start'
[12:09:12.870] [bmv2] [D] [thread 12948] [15.0] [cxt 0] Extracting header 'ethernet'
[12:09:12.870] [bmv2] [D] [thread 12948] [15.0] [cxt 0] Parser state 'start': key is 86dd
[12:09:12.870] [bmv2] [T] [thread 12948] [15.0] [cxt 0] Bytes parsed: 14
[12:09:12.870] [bmv2] [D] [thread 12948] [15.0] [cxt 0] Parser 'parser': end
[12:09:12.870] [bmv2] [D] [thread 12948] [15.0] [cxt 0] Pipeline 'ingress': start
[12:09:12.870] [bmv2] [T] [thread 12948] [15.0] [cxt 0] ../build_dependencies/net_cache.p4(114) Condition "hdr.ipv4.isValid()" (node_2) is false
[12:09:12.870] [bmv2] [D] [thread 12948] [15.0] [cxt 0] Pipeline 'ingress': end
[12:09:12.870] [bmv2] [D] [thread 12948] [15.0] [cxt 0] Egress port is 0
[12:09:12.870] [bmv2] [D] [thread 12949] [15.0] [cxt 0] Pipeline 'egress': start
[12:09:12.870] [bmv2] [D] [thread 12949] [15.0] [cxt 0] Pipeline 'egress': end
[12:09:12.870] [bmv2] [D] [thread 12949] [15.0] [cxt 0] Deparser 'deparser': start
[12:09:12.870] [bmv2] [T] [thread 12949] [15.0] [cxt 0] Skipping checksum 'cksum' update because condition not met
[12:09:12.870] [bmv2] [D] [thread 12949] [15.0] [cxt 0] Deparsing header 'ethernet'
[12:09:12.870] [bmv2] [D] [thread 12949] [15.0] [cxt 0] Deparser 'deparser': end
[12:09:12.871] [bmv2] [D] [thread 12953] [15.0] [cxt 0] Transmitting packet of size 70 out of port 0
[12:09:12.916] [bmv2] [D] [thread 12948] [16.0] [cxt 0] Processing packet received on port 1
[12:09:12.916] [bmv2] [D] [thread 12948] [16.0] [cxt 0] Parser 'parser': start
[12:09:12.916] [bmv2] [D] [thread 12948] [16.0] [cxt 0] Parser 'parser' entering state 'start'
[12:09:12.916] [bmv2] [D] [thread 12948] [16.0] [cxt 0] Extracting header 'ethernet'
[12:09:12.916] [bmv2] [D] [thread 12948] [16.0] [cxt 0] Parser state 'start': key is 86dd
[12:09:12.916] [bmv2] [T] [thread 12948] [16.0] [cxt 0] Bytes parsed: 14
[12:09:12.916] [bmv2] [D] [thread 12948] [16.0] [cxt 0] Parser 'parser': end
[12:09:12.916] [bmv2] [D] [thread 12948] [16.0] [cxt 0] Pipeline 'ingress': start
[12:09:12.916] [bmv2] [T] [thread 12948] [16.0] [cxt 0] ../build_dependencies/net_cache.p4(114) Condition "hdr.ipv4.isValid()" (node_2) is false
[12:09:12.916] [bmv2] [D] [thread 12948] [16.0] [cxt 0] Pipeline 'ingress': end
[12:09:12.916] [bmv2] [D] [thread 12948] [16.0] [cxt 0] Egress port is 0
[12:09:12.917] [bmv2] [D] [thread 12949] [16.0] [cxt 0] Pipeline 'egress': start
[12:09:12.917] [bmv2] [D] [thread 12949] [16.0] [cxt 0] Pipeline 'egress': end
[12:09:12.917] [bmv2] [D] [thread 12949] [16.0] [cxt 0] Deparser 'deparser': start
[12:09:12.917] [bmv2] [T] [thread 12949] [16.0] [cxt 0] Skipping checksum 'cksum' update because condition not met
[12:09:12.917] [bmv2] [D] [thread 12949] [16.0] [cxt 0] Deparsing header 'ethernet'
[12:09:12.917] [bmv2] [D] [thread 12949] [16.0] [cxt 0] Deparser 'deparser': end
[12:09:12.917] [bmv2] [D] [thread 12953] [16.0] [cxt 0] Transmitting packet of size 70 out of port 0
[12:09:12.962] [bmv2] [D] [thread 12948] [17.0] [cxt 0] Processing packet received on port 2
[12:09:12.963] [bmv2] [D] [thread 12948] [17.0] [cxt 0] Parser 'parser': start
[12:09:12.963] [bmv2] [D] [thread 12948] [17.0] [cxt 0] Parser 'parser' entering state 'start'
[12:09:12.963] [bmv2] [D] [thread 12948] [17.0] [cxt 0] Extracting header 'ethernet'
[12:09:12.963] [bmv2] [D] [thread 12948] [17.0] [cxt 0] Parser state 'start': key is 86dd
[12:09:12.963] [bmv2] [T] [thread 12948] [17.0] [cxt 0] Bytes parsed: 14
[12:09:12.963] [bmv2] [D] [thread 12948] [17.0] [cxt 0] Parser 'parser': end
[12:09:12.963] [bmv2] [D] [thread 12948] [17.0] [cxt 0] Pipeline 'ingress': start
[12:09:12.963] [bmv2] [T] [thread 12948] [17.0] [cxt 0] ../build_dependencies/net_cache.p4(114) Condition "hdr.ipv4.isValid()" (node_2) is false
[12:09:12.963] [bmv2] [D] [thread 12948] [17.0] [cxt 0] Pipeline 'ingress': end
[12:09:12.963] [bmv2] [D] [thread 12948] [17.0] [cxt 0] Egress port is 0
[12:09:12.963] [bmv2] [D] [thread 12949] [17.0] [cxt 0] Pipeline 'egress': start
[12:09:12.963] [bmv2] [D] [thread 12949] [17.0] [cxt 0] Pipeline 'egress': end
[12:09:12.963] [bmv2] [D] [thread 12949] [17.0] [cxt 0] Deparser 'deparser': start
[12:09:12.963] [bmv2] [T] [thread 12949] [17.0] [cxt 0] Skipping checksum 'cksum' update because condition not met
[12:09:12.963] [bmv2] [D] [thread 12949] [17.0] [cxt 0] Deparsing header 'ethernet'
[12:09:12.963] [bmv2] [D] [thread 12949] [17.0] [cxt 0] Deparser 'deparser': end
[12:09:12.963] [bmv2] [D] [thread 12953] [17.0] [cxt 0] Transmitting packet of size 70 out of port 0
[12:09:12.979] [bmv2] [D] [thread 12948] [18.0] [cxt 0] Processing packet received on port 4
[12:09:12.979] [bmv2] [D] [thread 12948] [18.0] [cxt 0] Parser 'parser': start
[12:09:12.979] [bmv2] [D] [thread 12948] [18.0] [cxt 0] Parser 'parser' entering state 'start'
[12:09:12.979] [bmv2] [D] [thread 12948] [18.0] [cxt 0] Extracting header 'ethernet'
[12:09:12.979] [bmv2] [D] [thread 12948] [18.0] [cxt 0] Parser state 'start': key is 86dd
[12:09:12.979] [bmv2] [T] [thread 12948] [18.0] [cxt 0] Bytes parsed: 14
[12:09:12.979] [bmv2] [D] [thread 12948] [18.0] [cxt 0] Parser 'parser': end
[12:09:12.979] [bmv2] [D] [thread 12948] [18.0] [cxt 0] Pipeline 'ingress': start
[12:09:12.979] [bmv2] [T] [thread 12948] [18.0] [cxt 0] ../build_dependencies/net_cache.p4(114) Condition "hdr.ipv4.isValid()" (node_2) is false
[12:09:12.979] [bmv2] [D] [thread 12948] [18.0] [cxt 0] Pipeline 'ingress': end
[12:09:12.979] [bmv2] [D] [thread 12948] [18.0] [cxt 0] Egress port is 0
[12:09:12.979] [bmv2] [D] [thread 12949] [18.0] [cxt 0] Pipeline 'egress': start
[12:09:12.979] [bmv2] [D] [thread 12949] [18.0] [cxt 0] Pipeline 'egress': end
[12:09:12.979] [bmv2] [D] [thread 12949] [18.0] [cxt 0] Deparser 'deparser': start
[12:09:12.979] [bmv2] [T] [thread 12949] [18.0] [cxt 0] Skipping checksum 'cksum' update because condition not met
[12:09:12.979] [bmv2] [D] [thread 12949] [18.0] [cxt 0] Deparsing header 'ethernet'
[12:09:12.979] [bmv2] [D] [thread 12949] [18.0] [cxt 0] Deparser 'deparser': end
[12:09:12.979] [bmv2] [D] [thread 12953] [18.0] [cxt 0] Transmitting packet of size 70 out of port 0
[12:09:13.077] [bmv2] [D] [thread 12948] [19.0] [cxt 0] Processing packet received on port 3
[12:09:13.077] [bmv2] [D] [thread 12948] [19.0] [cxt 0] Parser 'parser': start
[12:09:13.077] [bmv2] [D] [thread 12948] [19.0] [cxt 0] Parser 'parser' entering state 'start'
[12:09:13.077] [bmv2] [D] [thread 12948] [19.0] [cxt 0] Extracting header 'ethernet'
[12:09:13.077] [bmv2] [D] [thread 12948] [19.0] [cxt 0] Parser state 'start': key is 86dd
[12:09:13.077] [bmv2] [T] [thread 12948] [19.0] [cxt 0] Bytes parsed: 14
[12:09:13.077] [bmv2] [D] [thread 12948] [19.0] [cxt 0] Parser 'parser': end
[12:09:13.077] [bmv2] [D] [thread 12948] [19.0] [cxt 0] Pipeline 'ingress': start
[12:09:13.077] [bmv2] [T] [thread 12948] [19.0] [cxt 0] ../build_dependencies/net_cache.p4(114) Condition "hdr.ipv4.isValid()" (node_2) is false
[12:09:13.077] [bmv2] [D] [thread 12948] [19.0] [cxt 0] Pipeline 'ingress': end
[12:09:13.077] [bmv2] [D] [thread 12948] [19.0] [cxt 0] Egress port is 0
[12:09:13.079] [bmv2] [D] [thread 12949] [19.0] [cxt 0] Pipeline 'egress': start
[12:09:13.079] [bmv2] [D] [thread 12949] [19.0] [cxt 0] Pipeline 'egress': end
[12:09:13.079] [bmv2] [D] [thread 12949] [19.0] [cxt 0] Deparser 'deparser': start
[12:09:13.079] [bmv2] [T] [thread 12949] [19.0] [cxt 0] Skipping checksum 'cksum' update because condition not met
[12:09:13.079] [bmv2] [D] [thread 12949] [19.0] [cxt 0] Deparsing header 'ethernet'
[12:09:13.079] [bmv2] [D] [thread 12949] [19.0] [cxt 0] Deparser 'deparser': end
[12:09:13.080] [bmv2] [D] [thread 12953] [19.0] [cxt 0] Transmitting packet of size 70 out of port 0
