Calling target program-options parser
[09:25:31.813] [bmv2] [D] [thread 15680] Set default default entry for table 'tbl_drop': MyIngress.drop - 
[09:25:31.813] [bmv2] [D] [thread 15680] Set default default entry for table 'MyIngress.ipv4_lpm': MyIngress.drop - 
Adding interface s50-eth1 as port 1
[09:25:31.814] [bmv2] [D] [thread 15680] Adding interface s50-eth1 as port 1
I0516 09:25:31.841524655   15680 server_builder.cc:247]      Synchronous server. Num CQs: 1, Min pollers: 1, Max Pollers: 2147483647, CQ timeout (msec): 1000
Server listening on 0.0.0.0:50062
[09:25:31.842] [bmv2] [I] [thread 15680] Starting Thrift server on port 9101
[09:25:31.843] [bmv2] [I] [thread 15680] Thrift server was started
[09:25:35.326] [bmv2] [D] [thread 15687] [0.0] [cxt 0] Processing packet received on port 1
[09:25:35.326] [bmv2] [D] [thread 15687] [0.0] [cxt 0] Parser 'parser': start
[09:25:35.326] [bmv2] [D] [thread 15687] [0.0] [cxt 0] Parser 'parser' entering state 'start'
[09:25:35.326] [bmv2] [D] [thread 15687] [0.0] [cxt 0] Extracting header 'ethernet'
[09:25:35.326] [bmv2] [D] [thread 15687] [0.0] [cxt 0] Parser state 'start': key is 86dd
[09:25:35.326] [bmv2] [T] [thread 15687] [0.0] [cxt 0] Bytes parsed: 14
[09:25:35.326] [bmv2] [D] [thread 15687] [0.0] [cxt 0] Parser 'parser': end
[09:25:35.326] [bmv2] [D] [thread 15687] [0.0] [cxt 0] Pipeline 'ingress': start
[09:25:35.326] [bmv2] [T] [thread 15687] [0.0] [cxt 0] ../build_dependencies/net_cache.p4(114) Condition "hdr.ipv4.isValid()" (node_2) is false
[09:25:35.326] [bmv2] [D] [thread 15687] [0.0] [cxt 0] Pipeline 'ingress': end
[09:25:35.326] [bmv2] [D] [thread 15687] [0.0] [cxt 0] Egress port is 0
[09:25:35.327] [bmv2] [D] [thread 15688] [0.0] [cxt 0] Pipeline 'egress': start
[09:25:35.327] [bmv2] [D] [thread 15688] [0.0] [cxt 0] Pipeline 'egress': end
[09:25:35.327] [bmv2] [D] [thread 15688] [0.0] [cxt 0] Deparser 'deparser': start
[09:25:35.327] [bmv2] [T] [thread 15688] [0.0] [cxt 0] Skipping checksum 'cksum' update because condition not met
[09:25:35.327] [bmv2] [D] [thread 15688] [0.0] [cxt 0] Deparsing header 'ethernet'
[09:25:35.327] [bmv2] [D] [thread 15688] [0.0] [cxt 0] Deparser 'deparser': end
[09:25:35.327] [bmv2] [D] [thread 15692] [0.0] [cxt 0] Transmitting packet of size 70 out of port 0
[09:25:35.667] [bmv2] [D] [thread 15687] [1.0] [cxt 0] Processing packet received on port 1
[09:25:35.667] [bmv2] [D] [thread 15687] [1.0] [cxt 0] Parser 'parser': start
[09:25:35.667] [bmv2] [D] [thread 15687] [1.0] [cxt 0] Parser 'parser' entering state 'start'
[09:25:35.667] [bmv2] [D] [thread 15687] [1.0] [cxt 0] Extracting header 'ethernet'
[09:25:35.667] [bmv2] [D] [thread 15687] [1.0] [cxt 0] Parser state 'start': key is 86dd
[09:25:35.667] [bmv2] [T] [thread 15687] [1.0] [cxt 0] Bytes parsed: 14
[09:25:35.667] [bmv2] [D] [thread 15687] [1.0] [cxt 0] Parser 'parser': end
[09:25:35.667] [bmv2] [D] [thread 15687] [1.0] [cxt 0] Pipeline 'ingress': start
[09:25:35.667] [bmv2] [T] [thread 15687] [1.0] [cxt 0] ../build_dependencies/net_cache.p4(114) Condition "hdr.ipv4.isValid()" (node_2) is false
[09:25:35.667] [bmv2] [D] [thread 15687] [1.0] [cxt 0] Pipeline 'ingress': end
[09:25:35.667] [bmv2] [D] [thread 15687] [1.0] [cxt 0] Egress port is 0
[09:25:35.668] [bmv2] [D] [thread 15688] [1.0] [cxt 0] Pipeline 'egress': start
[09:25:35.668] [bmv2] [D] [thread 15688] [1.0] [cxt 0] Pipeline 'egress': end
[09:25:35.668] [bmv2] [D] [thread 15688] [1.0] [cxt 0] Deparser 'deparser': start
[09:25:35.668] [bmv2] [T] [thread 15688] [1.0] [cxt 0] Skipping checksum 'cksum' update because condition not met
[09:25:35.668] [bmv2] [D] [thread 15688] [1.0] [cxt 0] Deparsing header 'ethernet'
[09:25:35.668] [bmv2] [D] [thread 15688] [1.0] [cxt 0] Deparser 'deparser': end
[09:25:35.668] [bmv2] [D] [thread 15692] [1.0] [cxt 0] Transmitting packet of size 70 out of port 0
New connection
P4Runtime SetForwardingPipelineConfig
[09:25:39.414] [bmv2] [W] [thread 15850] [P4Runtime] p4::tmp::P4DeviceConfig is deprecated
[09:25:39.414] [bmv2] [D] [thread 15850] Set default default entry for table 'tbl_drop': MyIngress.drop - 
[09:25:39.414] [bmv2] [D] [thread 15850] Set default default entry for table 'MyIngress.ipv4_lpm': MyIngress.drop - 
[09:25:42.058] [bmv2] [D] [thread 15687] [2.0] [cxt 0] Processing packet received on port 1
[09:25:42.058] [bmv2] [D] [thread 15687] [2.0] [cxt 0] Parser 'parser': start
[09:25:42.058] [bmv2] [D] [thread 15687] [2.0] [cxt 0] Parser 'parser' entering state 'start'
[09:25:42.058] [bmv2] [D] [thread 15687] [2.0] [cxt 0] Extracting header 'ethernet'
[09:25:42.058] [bmv2] [D] [thread 15687] [2.0] [cxt 0] Parser state 'start': key is 0800
[09:25:42.058] [bmv2] [T] [thread 15687] [2.0] [cxt 0] Bytes parsed: 14
[09:25:42.058] [bmv2] [D] [thread 15687] [2.0] [cxt 0] Parser 'parser' entering state 'parse_ipv4'
[09:25:42.058] [bmv2] [D] [thread 15687] [2.0] [cxt 0] Extracting header 'ipv4'
[09:25:42.058] [bmv2] [D] [thread 15687] [2.0] [cxt 0] Parser state 'parse_ipv4' has no switch, going to default next state
[09:25:42.058] [bmv2] [T] [thread 15687] [2.0] [cxt 0] Bytes parsed: 34
[09:25:42.058] [bmv2] [D] [thread 15687] [2.0] [cxt 0] Parser 'parser': end
[09:25:42.058] [bmv2] [D] [thread 15687] [2.0] [cxt 0] Pipeline 'ingress': start
[09:25:42.058] [bmv2] [T] [thread 15687] [2.0] [cxt 0] ../build_dependencies/net_cache.p4(114) Condition "hdr.ipv4.isValid()" (node_2) is true
[09:25:42.058] [bmv2] [T] [thread 15687] [2.0] [cxt 0] ../build_dependencies/net_cache.p4(115) Condition "hdr.ipv4.flags == 3" (node_3) is false
[09:25:42.058] [bmv2] [T] [thread 15687] [2.0] [cxt 0] Applying table 'MyIngress.ipv4_lpm'
[09:25:42.058] [bmv2] [D] [thread 15687] [2.0] [cxt 0] Looking up key:
* hdr.ipv4.dstAddr    : c0f00101

[09:25:42.058] [bmv2] [D] [thread 15687] [2.0] [cxt 0] Table 'MyIngress.ipv4_lpm': miss
[09:25:42.058] [bmv2] [D] [thread 15687] [2.0] [cxt 0] Action entry is MyIngress.drop - 
[09:25:42.058] [bmv2] [T] [thread 15687] [2.0] [cxt 0] Action MyIngress.drop
[09:25:42.058] [bmv2] [T] [thread 15687] [2.0] [cxt 0] ../build_dependencies/net_cache.p4(90) Primitive mark_to_drop(standard_metadata)
[09:25:42.058] [bmv2] [D] [thread 15687] [2.0] [cxt 0] Pipeline 'ingress': end
[09:25:42.058] [bmv2] [D] [thread 15687] [2.0] [cxt 0] Egress port is 511
[09:25:42.058] [bmv2] [D] [thread 15687] [2.0] [cxt 0] Dropping packet at the end of ingress
[09:25:42.079] [bmv2] [D] [thread 15687] [3.0] [cxt 0] Processing packet received on port 1
[09:25:42.079] [bmv2] [D] [thread 15687] [3.0] [cxt 0] Parser 'parser': start
[09:25:42.079] [bmv2] [D] [thread 15687] [3.0] [cxt 0] Parser 'parser' entering state 'start'
[09:25:42.079] [bmv2] [D] [thread 15687] [3.0] [cxt 0] Extracting header 'ethernet'
[09:25:42.080] [bmv2] [D] [thread 15687] [3.0] [cxt 0] Parser state 'start': key is 0800
[09:25:42.080] [bmv2] [T] [thread 15687] [3.0] [cxt 0] Bytes parsed: 14
[09:25:42.080] [bmv2] [D] [thread 15687] [3.0] [cxt 0] Parser 'parser' entering state 'parse_ipv4'
[09:25:42.080] [bmv2] [D] [thread 15687] [3.0] [cxt 0] Extracting header 'ipv4'
[09:25:42.080] [bmv2] [D] [thread 15687] [3.0] [cxt 0] Parser state 'parse_ipv4' has no switch, going to default next state
[09:25:42.080] [bmv2] [T] [thread 15687] [3.0] [cxt 0] Bytes parsed: 34
[09:25:42.080] [bmv2] [D] [thread 15687] [3.0] [cxt 0] Parser 'parser': end
[09:25:42.080] [bmv2] [D] [thread 15687] [3.0] [cxt 0] Pipeline 'ingress': start
[09:25:42.080] [bmv2] [T] [thread 15687] [3.0] [cxt 0] ../build_dependencies/net_cache.p4(114) Condition "hdr.ipv4.isValid()" (node_2) is true
[09:25:42.080] [bmv2] [T] [thread 15687] [3.0] [cxt 0] ../build_dependencies/net_cache.p4(115) Condition "hdr.ipv4.flags == 3" (node_3) is false
[09:25:42.080] [bmv2] [T] [thread 15687] [3.0] [cxt 0] Applying table 'MyIngress.ipv4_lpm'
[09:25:42.080] [bmv2] [D] [thread 15687] [3.0] [cxt 0] Looking up key:
* hdr.ipv4.dstAddr    : c0f00101

[09:25:42.080] [bmv2] [D] [thread 15687] [3.0] [cxt 0] Table 'MyIngress.ipv4_lpm': miss
[09:25:42.080] [bmv2] [D] [thread 15687] [3.0] [cxt 0] Action entry is MyIngress.drop - 
[09:25:42.080] [bmv2] [T] [thread 15687] [3.0] [cxt 0] Action MyIngress.drop
[09:25:42.080] [bmv2] [T] [thread 15687] [3.0] [cxt 0] ../build_dependencies/net_cache.p4(90) Primitive mark_to_drop(standard_metadata)
[09:25:42.080] [bmv2] [D] [thread 15687] [3.0] [cxt 0] Pipeline 'ingress': end
[09:25:42.080] [bmv2] [D] [thread 15687] [3.0] [cxt 0] Egress port is 511
[09:25:42.080] [bmv2] [D] [thread 15687] [3.0] [cxt 0] Dropping packet at the end of ingress
[09:25:42.307] [bmv2] [D] [thread 15687] [4.0] [cxt 0] Processing packet received on port 1
[09:25:42.307] [bmv2] [D] [thread 15687] [4.0] [cxt 0] Parser 'parser': start
[09:25:42.307] [bmv2] [D] [thread 15687] [4.0] [cxt 0] Parser 'parser' entering state 'start'
[09:25:42.307] [bmv2] [D] [thread 15687] [4.0] [cxt 0] Extracting header 'ethernet'
[09:25:42.307] [bmv2] [D] [thread 15687] [4.0] [cxt 0] Parser state 'start': key is 0800
[09:25:42.307] [bmv2] [T] [thread 15687] [4.0] [cxt 0] Bytes parsed: 14
[09:25:42.307] [bmv2] [D] [thread 15687] [4.0] [cxt 0] Parser 'parser' entering state 'parse_ipv4'
[09:25:42.307] [bmv2] [D] [thread 15687] [4.0] [cxt 0] Extracting header 'ipv4'
[09:25:42.307] [bmv2] [D] [thread 15687] [4.0] [cxt 0] Parser state 'parse_ipv4' has no switch, going to default next state
[09:25:42.307] [bmv2] [T] [thread 15687] [4.0] [cxt 0] Bytes parsed: 34
[09:25:42.307] [bmv2] [D] [thread 15687] [4.0] [cxt 0] Parser 'parser': end
[09:25:42.307] [bmv2] [D] [thread 15687] [4.0] [cxt 0] Pipeline 'ingress': start
[09:25:42.307] [bmv2] [T] [thread 15687] [4.0] [cxt 0] ../build_dependencies/net_cache.p4(114) Condition "hdr.ipv4.isValid()" (node_2) is true
[09:25:42.307] [bmv2] [T] [thread 15687] [4.0] [cxt 0] ../build_dependencies/net_cache.p4(115) Condition "hdr.ipv4.flags == 3" (node_3) is false
[09:25:42.307] [bmv2] [T] [thread 15687] [4.0] [cxt 0] Applying table 'MyIngress.ipv4_lpm'
[09:25:42.307] [bmv2] [D] [thread 15687] [4.0] [cxt 0] Looking up key:
* hdr.ipv4.dstAddr    : c0f00103

[09:25:42.307] [bmv2] [D] [thread 15687] [4.0] [cxt 0] Table 'MyIngress.ipv4_lpm': miss
[09:25:42.307] [bmv2] [D] [thread 15687] [4.0] [cxt 0] Action entry is MyIngress.drop - 
[09:25:42.307] [bmv2] [T] [thread 15687] [4.0] [cxt 0] Action MyIngress.drop
[09:25:42.307] [bmv2] [T] [thread 15687] [4.0] [cxt 0] ../build_dependencies/net_cache.p4(90) Primitive mark_to_drop(standard_metadata)
[09:25:42.307] [bmv2] [D] [thread 15687] [4.0] [cxt 0] Pipeline 'ingress': end
[09:25:42.307] [bmv2] [D] [thread 15687] [4.0] [cxt 0] Egress port is 511
[09:25:42.307] [bmv2] [D] [thread 15687] [4.0] [cxt 0] Dropping packet at the end of ingress
[09:25:42.404] [bmv2] [D] [thread 15687] [5.0] [cxt 0] Processing packet received on port 1
[09:25:42.404] [bmv2] [D] [thread 15687] [5.0] [cxt 0] Parser 'parser': start
[09:25:42.404] [bmv2] [D] [thread 15687] [5.0] [cxt 0] Parser 'parser' entering state 'start'
[09:25:42.404] [bmv2] [D] [thread 15687] [5.0] [cxt 0] Extracting header 'ethernet'
[09:25:42.404] [bmv2] [D] [thread 15687] [5.0] [cxt 0] Parser state 'start': key is 0800
[09:25:42.404] [bmv2] [T] [thread 15687] [5.0] [cxt 0] Bytes parsed: 14
[09:25:42.404] [bmv2] [D] [thread 15687] [5.0] [cxt 0] Parser 'parser' entering state 'parse_ipv4'
[09:25:42.404] [bmv2] [D] [thread 15687] [5.0] [cxt 0] Extracting header 'ipv4'
[09:25:42.404] [bmv2] [D] [thread 15687] [5.0] [cxt 0] Parser state 'parse_ipv4' has no switch, going to default next state
[09:25:42.404] [bmv2] [T] [thread 15687] [5.0] [cxt 0] Bytes parsed: 34
[09:25:42.404] [bmv2] [D] [thread 15687] [5.0] [cxt 0] Parser 'parser': end
[09:25:42.404] [bmv2] [D] [thread 15687] [5.0] [cxt 0] Pipeline 'ingress': start
[09:25:42.404] [bmv2] [T] [thread 15687] [5.0] [cxt 0] ../build_dependencies/net_cache.p4(114) Condition "hdr.ipv4.isValid()" (node_2) is true
[09:25:42.404] [bmv2] [T] [thread 15687] [5.0] [cxt 0] ../build_dependencies/net_cache.p4(115) Condition "hdr.ipv4.flags == 3" (node_3) is false
[09:25:42.404] [bmv2] [T] [thread 15687] [5.0] [cxt 0] Applying table 'MyIngress.ipv4_lpm'
[09:25:42.404] [bmv2] [D] [thread 15687] [5.0] [cxt 0] Looking up key:
* hdr.ipv4.dstAddr    : c0f00102

[09:25:42.404] [bmv2] [D] [thread 15687] [5.0] [cxt 0] Table 'MyIngress.ipv4_lpm': miss
[09:25:42.404] [bmv2] [D] [thread 15687] [5.0] [cxt 0] Action entry is MyIngress.drop - 
[09:25:42.404] [bmv2] [T] [thread 15687] [5.0] [cxt 0] Action MyIngress.drop
[09:25:42.404] [bmv2] [T] [thread 15687] [5.0] [cxt 0] ../build_dependencies/net_cache.p4(90) Primitive mark_to_drop(standard_metadata)
[09:25:42.404] [bmv2] [D] [thread 15687] [5.0] [cxt 0] Pipeline 'ingress': end
[09:25:42.404] [bmv2] [D] [thread 15687] [5.0] [cxt 0] Egress port is 511
[09:25:42.404] [bmv2] [D] [thread 15687] [5.0] [cxt 0] Dropping packet at the end of ingress
[09:25:42.528] [bmv2] [D] [thread 15687] [6.0] [cxt 0] Processing packet received on port 1
[09:25:42.528] [bmv2] [D] [thread 15687] [6.0] [cxt 0] Parser 'parser': start
[09:25:42.528] [bmv2] [D] [thread 15687] [6.0] [cxt 0] Parser 'parser' entering state 'start'
[09:25:42.528] [bmv2] [D] [thread 15687] [6.0] [cxt 0] Extracting header 'ethernet'
[09:25:42.528] [bmv2] [D] [thread 15687] [6.0] [cxt 0] Parser state 'start': key is 0800
[09:25:42.528] [bmv2] [T] [thread 15687] [6.0] [cxt 0] Bytes parsed: 14
[09:25:42.528] [bmv2] [D] [thread 15687] [6.0] [cxt 0] Parser 'parser' entering state 'parse_ipv4'
[09:25:42.528] [bmv2] [D] [thread 15687] [6.0] [cxt 0] Extracting header 'ipv4'
[09:25:42.528] [bmv2] [D] [thread 15687] [6.0] [cxt 0] Parser state 'parse_ipv4' has no switch, going to default next state
[09:25:42.528] [bmv2] [T] [thread 15687] [6.0] [cxt 0] Bytes parsed: 34
[09:25:42.528] [bmv2] [D] [thread 15687] [6.0] [cxt 0] Parser 'parser': end
[09:25:42.528] [bmv2] [D] [thread 15687] [6.0] [cxt 0] Pipeline 'ingress': start
[09:25:42.528] [bmv2] [T] [thread 15687] [6.0] [cxt 0] ../build_dependencies/net_cache.p4(114) Condition "hdr.ipv4.isValid()" (node_2) is true
[09:25:42.528] [bmv2] [T] [thread 15687] [6.0] [cxt 0] ../build_dependencies/net_cache.p4(115) Condition "hdr.ipv4.flags == 3" (node_3) is false
[09:25:42.528] [bmv2] [T] [thread 15687] [6.0] [cxt 0] Applying table 'MyIngress.ipv4_lpm'
[09:25:42.528] [bmv2] [D] [thread 15687] [6.0] [cxt 0] Looking up key:
* hdr.ipv4.dstAddr    : c0f00103

[09:25:42.528] [bmv2] [D] [thread 15687] [6.0] [cxt 0] Table 'MyIngress.ipv4_lpm': miss
[09:25:42.528] [bmv2] [D] [thread 15687] [6.0] [cxt 0] Action entry is MyIngress.drop - 
[09:25:42.528] [bmv2] [T] [thread 15687] [6.0] [cxt 0] Action MyIngress.drop
[09:25:42.528] [bmv2] [T] [thread 15687] [6.0] [cxt 0] ../build_dependencies/net_cache.p4(90) Primitive mark_to_drop(standard_metadata)
[09:25:42.528] [bmv2] [D] [thread 15687] [6.0] [cxt 0] Pipeline 'ingress': end
[09:25:42.528] [bmv2] [D] [thread 15687] [6.0] [cxt 0] Egress port is 511
[09:25:42.528] [bmv2] [D] [thread 15687] [6.0] [cxt 0] Dropping packet at the end of ingress
[09:25:42.696] [bmv2] [D] [thread 15687] [7.0] [cxt 0] Processing packet received on port 1
[09:25:42.696] [bmv2] [D] [thread 15687] [7.0] [cxt 0] Parser 'parser': start
[09:25:42.696] [bmv2] [D] [thread 15687] [7.0] [cxt 0] Parser 'parser' entering state 'start'
[09:25:42.696] [bmv2] [D] [thread 15687] [7.0] [cxt 0] Extracting header 'ethernet'
[09:25:42.696] [bmv2] [D] [thread 15687] [7.0] [cxt 0] Parser state 'start': key is 0800
[09:25:42.696] [bmv2] [T] [thread 15687] [7.0] [cxt 0] Bytes parsed: 14
[09:25:42.696] [bmv2] [D] [thread 15687] [7.0] [cxt 0] Parser 'parser' entering state 'parse_ipv4'
[09:25:42.696] [bmv2] [D] [thread 15687] [7.0] [cxt 0] Extracting header 'ipv4'
[09:25:42.696] [bmv2] [D] [thread 15687] [7.0] [cxt 0] Parser state 'parse_ipv4' has no switch, going to default next state
[09:25:42.696] [bmv2] [T] [thread 15687] [7.0] [cxt 0] Bytes parsed: 34
[09:25:42.696] [bmv2] [D] [thread 15687] [7.0] [cxt 0] Parser 'parser': end
[09:25:42.696] [bmv2] [D] [thread 15687] [7.0] [cxt 0] Pipeline 'ingress': start
[09:25:42.696] [bmv2] [T] [thread 15687] [7.0] [cxt 0] ../build_dependencies/net_cache.p4(114) Condition "hdr.ipv4.isValid()" (node_2) is true
[09:25:42.696] [bmv2] [T] [thread 15687] [7.0] [cxt 0] ../build_dependencies/net_cache.p4(115) Condition "hdr.ipv4.flags == 3" (node_3) is false
[09:25:42.696] [bmv2] [T] [thread 15687] [7.0] [cxt 0] Applying table 'MyIngress.ipv4_lpm'
[09:25:42.696] [bmv2] [D] [thread 15687] [7.0] [cxt 0] Looking up key:
* hdr.ipv4.dstAddr    : c0f00103

[09:25:42.696] [bmv2] [D] [thread 15687] [7.0] [cxt 0] Table 'MyIngress.ipv4_lpm': miss
[09:25:42.696] [bmv2] [D] [thread 15687] [7.0] [cxt 0] Action entry is MyIngress.drop - 
[09:25:42.696] [bmv2] [T] [thread 15687] [7.0] [cxt 0] Action MyIngress.drop
[09:25:42.696] [bmv2] [T] [thread 15687] [7.0] [cxt 0] ../build_dependencies/net_cache.p4(90) Primitive mark_to_drop(standard_metadata)
[09:25:42.696] [bmv2] [D] [thread 15687] [7.0] [cxt 0] Pipeline 'ingress': end
[09:25:42.696] [bmv2] [D] [thread 15687] [7.0] [cxt 0] Egress port is 511
[09:25:42.696] [bmv2] [D] [thread 15687] [7.0] [cxt 0] Dropping packet at the end of ingress
[09:37:38.225] [bmv2] [D] [thread 15687] [8.0] [cxt 0] Processing packet received on port 1
[09:37:38.225] [bmv2] [D] [thread 15687] [8.0] [cxt 0] Parser 'parser': start
[09:37:38.225] [bmv2] [D] [thread 15687] [8.0] [cxt 0] Parser 'parser' entering state 'start'
[09:37:38.225] [bmv2] [D] [thread 15687] [8.0] [cxt 0] Extracting header 'ethernet'
[09:37:38.225] [bmv2] [D] [thread 15687] [8.0] [cxt 0] Parser state 'start': key is 0800
[09:37:38.225] [bmv2] [T] [thread 15687] [8.0] [cxt 0] Bytes parsed: 14
[09:37:38.225] [bmv2] [D] [thread 15687] [8.0] [cxt 0] Parser 'parser' entering state 'parse_ipv4'
[09:37:38.225] [bmv2] [D] [thread 15687] [8.0] [cxt 0] Extracting header 'ipv4'
[09:37:38.225] [bmv2] [D] [thread 15687] [8.0] [cxt 0] Parser state 'parse_ipv4' has no switch, going to default next state
[09:37:38.225] [bmv2] [T] [thread 15687] [8.0] [cxt 0] Bytes parsed: 34
[09:37:38.225] [bmv2] [D] [thread 15687] [8.0] [cxt 0] Parser 'parser': end
[09:37:38.225] [bmv2] [D] [thread 15687] [8.0] [cxt 0] Pipeline 'ingress': start
[09:37:38.225] [bmv2] [T] [thread 15687] [8.0] [cxt 0] ../build_dependencies/net_cache.p4(114) Condition "hdr.ipv4.isValid()" (node_2) is true
[09:37:38.225] [bmv2] [T] [thread 15687] [8.0] [cxt 0] ../build_dependencies/net_cache.p4(115) Condition "hdr.ipv4.flags == 3" (node_3) is false
[09:37:38.225] [bmv2] [T] [thread 15687] [8.0] [cxt 0] Applying table 'MyIngress.ipv4_lpm'
[09:37:38.225] [bmv2] [D] [thread 15687] [8.0] [cxt 0] Looking up key:
* hdr.ipv4.dstAddr    : c0f00a6e

[09:37:38.225] [bmv2] [D] [thread 15687] [8.0] [cxt 0] Table 'MyIngress.ipv4_lpm': miss
[09:37:38.225] [bmv2] [D] [thread 15687] [8.0] [cxt 0] Action entry is MyIngress.drop - 
[09:37:38.225] [bmv2] [T] [thread 15687] [8.0] [cxt 0] Action MyIngress.drop
[09:37:38.225] [bmv2] [T] [thread 15687] [8.0] [cxt 0] ../build_dependencies/net_cache.p4(90) Primitive mark_to_drop(standard_metadata)
[09:37:38.225] [bmv2] [D] [thread 15687] [8.0] [cxt 0] Pipeline 'ingress': end
[09:37:38.225] [bmv2] [D] [thread 15687] [8.0] [cxt 0] Egress port is 511
[09:37:38.225] [bmv2] [D] [thread 15687] [8.0] [cxt 0] Dropping packet at the end of ingress
[09:37:38.453] [bmv2] [D] [thread 15687] [9.0] [cxt 0] Processing packet received on port 1
[09:37:38.453] [bmv2] [D] [thread 15687] [9.0] [cxt 0] Parser 'parser': start
[09:37:38.453] [bmv2] [D] [thread 15687] [9.0] [cxt 0] Parser 'parser' entering state 'start'
[09:37:38.453] [bmv2] [D] [thread 15687] [9.0] [cxt 0] Extracting header 'ethernet'
[09:37:38.453] [bmv2] [D] [thread 15687] [9.0] [cxt 0] Parser state 'start': key is 0800
[09:37:38.453] [bmv2] [T] [thread 15687] [9.0] [cxt 0] Bytes parsed: 14
[09:37:38.453] [bmv2] [D] [thread 15687] [9.0] [cxt 0] Parser 'parser' entering state 'parse_ipv4'
[09:37:38.453] [bmv2] [D] [thread 15687] [9.0] [cxt 0] Extracting header 'ipv4'
[09:37:38.453] [bmv2] [D] [thread 15687] [9.0] [cxt 0] Parser state 'parse_ipv4' has no switch, going to default next state
[09:37:38.453] [bmv2] [T] [thread 15687] [9.0] [cxt 0] Bytes parsed: 34
[09:37:38.453] [bmv2] [D] [thread 15687] [9.0] [cxt 0] Parser 'parser': end
[09:37:38.453] [bmv2] [D] [thread 15687] [9.0] [cxt 0] Pipeline 'ingress': start
[09:37:38.453] [bmv2] [T] [thread 15687] [9.0] [cxt 0] ../build_dependencies/net_cache.p4(114) Condition "hdr.ipv4.isValid()" (node_2) is true
[09:37:38.453] [bmv2] [T] [thread 15687] [9.0] [cxt 0] ../build_dependencies/net_cache.p4(115) Condition "hdr.ipv4.flags == 3" (node_3) is false
[09:37:38.453] [bmv2] [T] [thread 15687] [9.0] [cxt 0] Applying table 'MyIngress.ipv4_lpm'
[09:37:38.453] [bmv2] [D] [thread 15687] [9.0] [cxt 0] Looking up key:
* hdr.ipv4.dstAddr    : c0f00a6e

[09:37:38.453] [bmv2] [D] [thread 15687] [9.0] [cxt 0] Table 'MyIngress.ipv4_lpm': miss
[09:37:38.453] [bmv2] [D] [thread 15687] [9.0] [cxt 0] Action entry is MyIngress.drop - 
[09:37:38.453] [bmv2] [T] [thread 15687] [9.0] [cxt 0] Action MyIngress.drop
[09:37:38.453] [bmv2] [T] [thread 15687] [9.0] [cxt 0] ../build_dependencies/net_cache.p4(90) Primitive mark_to_drop(standard_metadata)
[09:37:38.453] [bmv2] [D] [thread 15687] [9.0] [cxt 0] Pipeline 'ingress': end
[09:37:38.453] [bmv2] [D] [thread 15687] [9.0] [cxt 0] Egress port is 511
[09:37:38.453] [bmv2] [D] [thread 15687] [9.0] [cxt 0] Dropping packet at the end of ingress
