Calling target program-options parser
[23:47:54.712] [bmv2] [D] [thread 26353] Set default default entry for table 'tbl_drop': MyIngress.drop - 
[23:47:54.712] [bmv2] [D] [thread 26353] Set default default entry for table 'MyIngress.ipv4_lpm': MyIngress.drop - 
Adding interface s6-eth1 as port 1
[23:47:54.713] [bmv2] [D] [thread 26353] Adding interface s6-eth1 as port 1
Adding interface s6-eth2 as port 2
[23:47:54.731] [bmv2] [D] [thread 26353] Adding interface s6-eth2 as port 2
Adding interface s6-eth3 as port 3
[23:47:54.746] [bmv2] [D] [thread 26353] Adding interface s6-eth3 as port 3
Adding interface s6-eth4 as port 4
[23:47:54.779] [bmv2] [D] [thread 26353] Adding interface s6-eth4 as port 4
I0519 23:47:54.806763109   26353 server_builder.cc:247]      Synchronous server. Num CQs: 1, Min pollers: 1, Max Pollers: 2147483647, CQ timeout (msec): 1000
Server listening on 0.0.0.0:50057
[23:47:54.812] [bmv2] [I] [thread 26353] Starting Thrift server on port 9096
[23:47:54.813] [bmv2] [I] [thread 26353] Thrift server was started
[23:47:55.225] [bmv2] [D] [thread 26363] [0.0] [cxt 0] Processing packet received on port 1
[23:47:55.225] [bmv2] [D] [thread 26363] [0.0] [cxt 0] Parser 'parser': start
[23:47:55.225] [bmv2] [D] [thread 26363] [0.0] [cxt 0] Parser 'parser' entering state 'start'
[23:47:55.225] [bmv2] [D] [thread 26363] [0.0] [cxt 0] Extracting header 'ethernet'
[23:47:55.225] [bmv2] [D] [thread 26363] [0.0] [cxt 0] Parser state 'start': key is 86dd
[23:47:55.225] [bmv2] [T] [thread 26363] [0.0] [cxt 0] Bytes parsed: 14
[23:47:55.225] [bmv2] [D] [thread 26363] [0.0] [cxt 0] Parser 'parser': end
[23:47:55.225] [bmv2] [D] [thread 26363] [0.0] [cxt 0] Pipeline 'ingress': start
[23:47:55.225] [bmv2] [T] [thread 26363] [0.0] [cxt 0] ../build_dependencies/net_cache.p4(114) Condition "hdr.ipv4.isValid()" (node_2) is false
[23:47:55.225] [bmv2] [D] [thread 26363] [0.0] [cxt 0] Pipeline 'ingress': end
[23:47:55.225] [bmv2] [D] [thread 26363] [0.0] [cxt 0] Egress port is 0
[23:47:55.226] [bmv2] [D] [thread 26364] [0.0] [cxt 0] Pipeline 'egress': start
[23:47:55.226] [bmv2] [D] [thread 26364] [0.0] [cxt 0] Pipeline 'egress': end
[23:47:55.226] [bmv2] [D] [thread 26364] [0.0] [cxt 0] Deparser 'deparser': start
[23:47:55.226] [bmv2] [T] [thread 26364] [0.0] [cxt 0] Skipping checksum 'cksum' update because condition not met
[23:47:55.226] [bmv2] [D] [thread 26364] [0.0] [cxt 0] Deparsing header 'ethernet'
[23:47:55.226] [bmv2] [D] [thread 26364] [0.0] [cxt 0] Deparser 'deparser': end
[23:47:55.226] [bmv2] [D] [thread 26368] [0.0] [cxt 0] Transmitting packet of size 70 out of port 0
[23:47:55.807] [bmv2] [D] [thread 26363] [1.0] [cxt 0] Processing packet received on port 1
[23:47:55.807] [bmv2] [D] [thread 26363] [1.0] [cxt 0] Parser 'parser': start
[23:47:55.807] [bmv2] [D] [thread 26363] [1.0] [cxt 0] Parser 'parser' entering state 'start'
[23:47:55.807] [bmv2] [D] [thread 26363] [1.0] [cxt 0] Extracting header 'ethernet'
[23:47:55.807] [bmv2] [D] [thread 26363] [1.0] [cxt 0] Parser state 'start': key is 86dd
[23:47:55.807] [bmv2] [T] [thread 26363] [1.0] [cxt 0] Bytes parsed: 14
[23:47:55.807] [bmv2] [D] [thread 26363] [1.0] [cxt 0] Parser 'parser': end
[23:47:55.807] [bmv2] [D] [thread 26363] [1.0] [cxt 0] Pipeline 'ingress': start
[23:47:55.807] [bmv2] [T] [thread 26363] [1.0] [cxt 0] ../build_dependencies/net_cache.p4(114) Condition "hdr.ipv4.isValid()" (node_2) is false
[23:47:55.807] [bmv2] [D] [thread 26363] [1.0] [cxt 0] Pipeline 'ingress': end
[23:47:55.807] [bmv2] [D] [thread 26363] [1.0] [cxt 0] Egress port is 0
[23:47:55.808] [bmv2] [D] [thread 26364] [1.0] [cxt 0] Pipeline 'egress': start
[23:47:55.808] [bmv2] [D] [thread 26364] [1.0] [cxt 0] Pipeline 'egress': end
[23:47:55.808] [bmv2] [D] [thread 26364] [1.0] [cxt 0] Deparser 'deparser': start
[23:47:55.808] [bmv2] [T] [thread 26364] [1.0] [cxt 0] Skipping checksum 'cksum' update because condition not met
[23:47:55.808] [bmv2] [D] [thread 26364] [1.0] [cxt 0] Deparsing header 'ethernet'
[23:47:55.808] [bmv2] [D] [thread 26364] [1.0] [cxt 0] Deparser 'deparser': end
[23:47:55.808] [bmv2] [D] [thread 26368] [1.0] [cxt 0] Transmitting packet of size 70 out of port 0
[23:47:56.046] [bmv2] [D] [thread 26363] [2.0] [cxt 0] Processing packet received on port 3
[23:47:56.046] [bmv2] [D] [thread 26363] [2.0] [cxt 0] Parser 'parser': start
[23:47:56.046] [bmv2] [D] [thread 26363] [2.0] [cxt 0] Parser 'parser' entering state 'start'
[23:47:56.046] [bmv2] [D] [thread 26363] [2.0] [cxt 0] Extracting header 'ethernet'
[23:47:56.047] [bmv2] [D] [thread 26363] [2.0] [cxt 0] Parser state 'start': key is 86dd
[23:47:56.047] [bmv2] [T] [thread 26363] [2.0] [cxt 0] Bytes parsed: 14
[23:47:56.047] [bmv2] [D] [thread 26363] [2.0] [cxt 0] Parser 'parser': end
[23:47:56.047] [bmv2] [D] [thread 26363] [2.0] [cxt 0] Pipeline 'ingress': start
[23:47:56.047] [bmv2] [T] [thread 26363] [2.0] [cxt 0] ../build_dependencies/net_cache.p4(114) Condition "hdr.ipv4.isValid()" (node_2) is false
[23:47:56.047] [bmv2] [D] [thread 26363] [2.0] [cxt 0] Pipeline 'ingress': end
[23:47:56.047] [bmv2] [D] [thread 26363] [2.0] [cxt 0] Egress port is 0
[23:47:56.049] [bmv2] [D] [thread 26364] [2.0] [cxt 0] Pipeline 'egress': start
[23:47:56.049] [bmv2] [D] [thread 26364] [2.0] [cxt 0] Pipeline 'egress': end
[23:47:56.049] [bmv2] [D] [thread 26364] [2.0] [cxt 0] Deparser 'deparser': start
[23:47:56.049] [bmv2] [T] [thread 26364] [2.0] [cxt 0] Skipping checksum 'cksum' update because condition not met
[23:47:56.049] [bmv2] [D] [thread 26364] [2.0] [cxt 0] Deparsing header 'ethernet'
[23:47:56.049] [bmv2] [D] [thread 26364] [2.0] [cxt 0] Deparser 'deparser': end
[23:47:56.049] [bmv2] [D] [thread 26368] [2.0] [cxt 0] Transmitting packet of size 70 out of port 0
[23:47:56.112] [bmv2] [D] [thread 26363] [3.0] [cxt 0] Processing packet received on port 4
[23:47:56.112] [bmv2] [D] [thread 26363] [3.0] [cxt 0] Parser 'parser': start
[23:47:56.112] [bmv2] [D] [thread 26363] [3.0] [cxt 0] Parser 'parser' entering state 'start'
[23:47:56.112] [bmv2] [D] [thread 26363] [3.0] [cxt 0] Extracting header 'ethernet'
[23:47:56.112] [bmv2] [D] [thread 26363] [3.0] [cxt 0] Parser state 'start': key is 86dd
[23:47:56.112] [bmv2] [T] [thread 26363] [3.0] [cxt 0] Bytes parsed: 14
[23:47:56.112] [bmv2] [D] [thread 26363] [3.0] [cxt 0] Parser 'parser': end
[23:47:56.112] [bmv2] [D] [thread 26363] [3.0] [cxt 0] Pipeline 'ingress': start
[23:47:56.112] [bmv2] [T] [thread 26363] [3.0] [cxt 0] ../build_dependencies/net_cache.p4(114) Condition "hdr.ipv4.isValid()" (node_2) is false
[23:47:56.112] [bmv2] [D] [thread 26363] [3.0] [cxt 0] Pipeline 'ingress': end
[23:47:56.112] [bmv2] [D] [thread 26363] [3.0] [cxt 0] Egress port is 0
[23:47:56.113] [bmv2] [D] [thread 26364] [3.0] [cxt 0] Pipeline 'egress': start
[23:47:56.113] [bmv2] [D] [thread 26364] [3.0] [cxt 0] Pipeline 'egress': end
[23:47:56.113] [bmv2] [D] [thread 26364] [3.0] [cxt 0] Deparser 'deparser': start
[23:47:56.113] [bmv2] [T] [thread 26364] [3.0] [cxt 0] Skipping checksum 'cksum' update because condition not met
[23:47:56.113] [bmv2] [D] [thread 26364] [3.0] [cxt 0] Deparsing header 'ethernet'
[23:47:56.113] [bmv2] [D] [thread 26364] [3.0] [cxt 0] Deparser 'deparser': end
[23:47:56.113] [bmv2] [D] [thread 26368] [3.0] [cxt 0] Transmitting packet of size 70 out of port 0
[23:47:56.449] [bmv2] [D] [thread 26363] [4.0] [cxt 0] Processing packet received on port 2
[23:47:56.449] [bmv2] [D] [thread 26363] [4.0] [cxt 0] Parser 'parser': start
[23:47:56.449] [bmv2] [D] [thread 26363] [4.0] [cxt 0] Parser 'parser' entering state 'start'
[23:47:56.449] [bmv2] [D] [thread 26363] [4.0] [cxt 0] Extracting header 'ethernet'
[23:47:56.449] [bmv2] [D] [thread 26363] [4.0] [cxt 0] Parser state 'start': key is 86dd
[23:47:56.449] [bmv2] [T] [thread 26363] [4.0] [cxt 0] Bytes parsed: 14
[23:47:56.449] [bmv2] [D] [thread 26363] [4.0] [cxt 0] Parser 'parser': end
[23:47:56.449] [bmv2] [D] [thread 26363] [4.0] [cxt 0] Pipeline 'ingress': start
[23:47:56.449] [bmv2] [T] [thread 26363] [4.0] [cxt 0] ../build_dependencies/net_cache.p4(114) Condition "hdr.ipv4.isValid()" (node_2) is false
[23:47:56.449] [bmv2] [D] [thread 26363] [4.0] [cxt 0] Pipeline 'ingress': end
[23:47:56.450] [bmv2] [D] [thread 26363] [4.0] [cxt 0] Egress port is 0
[23:47:56.450] [bmv2] [D] [thread 26364] [4.0] [cxt 0] Pipeline 'egress': start
[23:47:56.450] [bmv2] [D] [thread 26364] [4.0] [cxt 0] Pipeline 'egress': end
[23:47:56.450] [bmv2] [D] [thread 26364] [4.0] [cxt 0] Deparser 'deparser': start
[23:47:56.450] [bmv2] [T] [thread 26364] [4.0] [cxt 0] Skipping checksum 'cksum' update because condition not met
[23:47:56.450] [bmv2] [D] [thread 26364] [4.0] [cxt 0] Deparsing header 'ethernet'
[23:47:56.450] [bmv2] [D] [thread 26364] [4.0] [cxt 0] Deparser 'deparser': end
[23:47:56.450] [bmv2] [D] [thread 26368] [4.0] [cxt 0] Transmitting packet of size 70 out of port 0
[23:47:56.639] [bmv2] [D] [thread 26363] [5.0] [cxt 0] Processing packet received on port 3
[23:47:56.639] [bmv2] [D] [thread 26363] [5.0] [cxt 0] Parser 'parser': start
[23:47:56.639] [bmv2] [D] [thread 26363] [5.0] [cxt 0] Parser 'parser' entering state 'start'
[23:47:56.639] [bmv2] [D] [thread 26363] [5.0] [cxt 0] Extracting header 'ethernet'
[23:47:56.639] [bmv2] [D] [thread 26363] [5.0] [cxt 0] Parser state 'start': key is 86dd
[23:47:56.639] [bmv2] [T] [thread 26363] [5.0] [cxt 0] Bytes parsed: 14
[23:47:56.639] [bmv2] [D] [thread 26363] [5.0] [cxt 0] Parser 'parser': end
[23:47:56.639] [bmv2] [D] [thread 26363] [5.0] [cxt 0] Pipeline 'ingress': start
[23:47:56.639] [bmv2] [T] [thread 26363] [5.0] [cxt 0] ../build_dependencies/net_cache.p4(114) Condition "hdr.ipv4.isValid()" (node_2) is false
[23:47:56.639] [bmv2] [D] [thread 26363] [5.0] [cxt 0] Pipeline 'ingress': end
[23:47:56.639] [bmv2] [D] [thread 26363] [5.0] [cxt 0] Egress port is 0
[23:47:56.640] [bmv2] [D] [thread 26364] [5.0] [cxt 0] Pipeline 'egress': start
[23:47:56.640] [bmv2] [D] [thread 26364] [5.0] [cxt 0] Pipeline 'egress': end
[23:47:56.640] [bmv2] [D] [thread 26364] [5.0] [cxt 0] Deparser 'deparser': start
[23:47:56.640] [bmv2] [T] [thread 26364] [5.0] [cxt 0] Skipping checksum 'cksum' update because condition not met
[23:47:56.640] [bmv2] [D] [thread 26364] [5.0] [cxt 0] Deparsing header 'ethernet'
[23:47:56.640] [bmv2] [D] [thread 26364] [5.0] [cxt 0] Deparser 'deparser': end
[23:47:56.640] [bmv2] [D] [thread 26368] [5.0] [cxt 0] Transmitting packet of size 70 out of port 0
[23:47:56.648] [bmv2] [D] [thread 26363] [6.0] [cxt 0] Processing packet received on port 2
[23:47:56.648] [bmv2] [D] [thread 26363] [6.0] [cxt 0] Parser 'parser': start
[23:47:56.648] [bmv2] [D] [thread 26363] [6.0] [cxt 0] Parser 'parser' entering state 'start'
[23:47:56.648] [bmv2] [D] [thread 26363] [6.0] [cxt 0] Extracting header 'ethernet'
[23:47:56.648] [bmv2] [D] [thread 26363] [6.0] [cxt 0] Parser state 'start': key is 86dd
[23:47:56.648] [bmv2] [T] [thread 26363] [6.0] [cxt 0] Bytes parsed: 14
[23:47:56.649] [bmv2] [D] [thread 26363] [6.0] [cxt 0] Parser 'parser': end
[23:47:56.649] [bmv2] [D] [thread 26363] [6.0] [cxt 0] Pipeline 'ingress': start
[23:47:56.649] [bmv2] [T] [thread 26363] [6.0] [cxt 0] ../build_dependencies/net_cache.p4(114) Condition "hdr.ipv4.isValid()" (node_2) is false
[23:47:56.649] [bmv2] [D] [thread 26363] [6.0] [cxt 0] Pipeline 'ingress': end
[23:47:56.649] [bmv2] [D] [thread 26363] [6.0] [cxt 0] Egress port is 0
[23:47:56.649] [bmv2] [D] [thread 26364] [6.0] [cxt 0] Pipeline 'egress': start
[23:47:56.649] [bmv2] [D] [thread 26364] [6.0] [cxt 0] Pipeline 'egress': end
[23:47:56.649] [bmv2] [D] [thread 26364] [6.0] [cxt 0] Deparser 'deparser': start
[23:47:56.649] [bmv2] [T] [thread 26364] [6.0] [cxt 0] Skipping checksum 'cksum' update because condition not met
[23:47:56.649] [bmv2] [D] [thread 26364] [6.0] [cxt 0] Deparsing header 'ethernet'
[23:47:56.649] [bmv2] [D] [thread 26364] [6.0] [cxt 0] Deparser 'deparser': end
[23:47:56.649] [bmv2] [D] [thread 26368] [6.0] [cxt 0] Transmitting packet of size 70 out of port 0
[23:47:57.007] [bmv2] [D] [thread 26363] [7.0] [cxt 0] Processing packet received on port 4
[23:47:57.007] [bmv2] [D] [thread 26363] [7.0] [cxt 0] Parser 'parser': start
[23:47:57.007] [bmv2] [D] [thread 26363] [7.0] [cxt 0] Parser 'parser' entering state 'start'
[23:47:57.007] [bmv2] [D] [thread 26363] [7.0] [cxt 0] Extracting header 'ethernet'
[23:47:57.007] [bmv2] [D] [thread 26363] [7.0] [cxt 0] Parser state 'start': key is 86dd
[23:47:57.007] [bmv2] [T] [thread 26363] [7.0] [cxt 0] Bytes parsed: 14
[23:47:57.007] [bmv2] [D] [thread 26363] [7.0] [cxt 0] Parser 'parser': end
[23:47:57.007] [bmv2] [D] [thread 26363] [7.0] [cxt 0] Pipeline 'ingress': start
[23:47:57.007] [bmv2] [T] [thread 26363] [7.0] [cxt 0] ../build_dependencies/net_cache.p4(114) Condition "hdr.ipv4.isValid()" (node_2) is false
[23:47:57.007] [bmv2] [D] [thread 26363] [7.0] [cxt 0] Pipeline 'ingress': end
[23:47:57.007] [bmv2] [D] [thread 26363] [7.0] [cxt 0] Egress port is 0
[23:47:57.007] [bmv2] [D] [thread 26364] [7.0] [cxt 0] Pipeline 'egress': start
[23:47:57.007] [bmv2] [D] [thread 26364] [7.0] [cxt 0] Pipeline 'egress': end
[23:47:57.007] [bmv2] [D] [thread 26364] [7.0] [cxt 0] Deparser 'deparser': start
[23:47:57.007] [bmv2] [T] [thread 26364] [7.0] [cxt 0] Skipping checksum 'cksum' update because condition not met
[23:47:57.007] [bmv2] [D] [thread 26364] [7.0] [cxt 0] Deparsing header 'ethernet'
[23:47:57.007] [bmv2] [D] [thread 26364] [7.0] [cxt 0] Deparser 'deparser': end
[23:47:57.008] [bmv2] [D] [thread 26368] [7.0] [cxt 0] Transmitting packet of size 70 out of port 0
[23:47:59.237] [bmv2] [D] [thread 26363] [8.0] [cxt 0] Processing packet received on port 1
[23:47:59.237] [bmv2] [D] [thread 26363] [8.0] [cxt 0] Parser 'parser': start
[23:47:59.237] [bmv2] [D] [thread 26363] [8.0] [cxt 0] Parser 'parser' entering state 'start'
[23:47:59.237] [bmv2] [D] [thread 26363] [8.0] [cxt 0] Extracting header 'ethernet'
[23:47:59.237] [bmv2] [D] [thread 26363] [8.0] [cxt 0] Parser state 'start': key is 86dd
[23:47:59.237] [bmv2] [T] [thread 26363] [8.0] [cxt 0] Bytes parsed: 14
[23:47:59.237] [bmv2] [D] [thread 26363] [8.0] [cxt 0] Parser 'parser': end
[23:47:59.237] [bmv2] [D] [thread 26363] [8.0] [cxt 0] Pipeline 'ingress': start
[23:47:59.237] [bmv2] [T] [thread 26363] [8.0] [cxt 0] ../build_dependencies/net_cache.p4(114) Condition "hdr.ipv4.isValid()" (node_2) is false
[23:47:59.237] [bmv2] [D] [thread 26363] [8.0] [cxt 0] Pipeline 'ingress': end
[23:47:59.237] [bmv2] [D] [thread 26363] [8.0] [cxt 0] Egress port is 0
[23:47:59.237] [bmv2] [D] [thread 26364] [8.0] [cxt 0] Pipeline 'egress': start
[23:47:59.237] [bmv2] [D] [thread 26364] [8.0] [cxt 0] Pipeline 'egress': end
[23:47:59.238] [bmv2] [D] [thread 26364] [8.0] [cxt 0] Deparser 'deparser': start
[23:47:59.238] [bmv2] [T] [thread 26364] [8.0] [cxt 0] Skipping checksum 'cksum' update because condition not met
[23:47:59.238] [bmv2] [D] [thread 26364] [8.0] [cxt 0] Deparsing header 'ethernet'
[23:47:59.238] [bmv2] [D] [thread 26364] [8.0] [cxt 0] Deparser 'deparser': end
[23:47:59.238] [bmv2] [D] [thread 26368] [8.0] [cxt 0] Transmitting packet of size 70 out of port 0
[23:47:59.815] [bmv2] [D] [thread 26363] [9.0] [cxt 0] Processing packet received on port 1
[23:47:59.815] [bmv2] [D] [thread 26363] [9.0] [cxt 0] Parser 'parser': start
[23:47:59.815] [bmv2] [D] [thread 26363] [9.0] [cxt 0] Parser 'parser' entering state 'start'
[23:47:59.815] [bmv2] [D] [thread 26363] [9.0] [cxt 0] Extracting header 'ethernet'
[23:47:59.815] [bmv2] [D] [thread 26363] [9.0] [cxt 0] Parser state 'start': key is 86dd
[23:47:59.815] [bmv2] [T] [thread 26363] [9.0] [cxt 0] Bytes parsed: 14
[23:47:59.815] [bmv2] [D] [thread 26363] [9.0] [cxt 0] Parser 'parser': end
[23:47:59.815] [bmv2] [D] [thread 26363] [9.0] [cxt 0] Pipeline 'ingress': start
[23:47:59.815] [bmv2] [T] [thread 26363] [9.0] [cxt 0] ../build_dependencies/net_cache.p4(114) Condition "hdr.ipv4.isValid()" (node_2) is false
[23:47:59.815] [bmv2] [D] [thread 26363] [9.0] [cxt 0] Pipeline 'ingress': end
[23:47:59.815] [bmv2] [D] [thread 26363] [9.0] [cxt 0] Egress port is 0
[23:47:59.815] [bmv2] [D] [thread 26364] [9.0] [cxt 0] Pipeline 'egress': start
[23:47:59.815] [bmv2] [D] [thread 26364] [9.0] [cxt 0] Pipeline 'egress': end
[23:47:59.815] [bmv2] [D] [thread 26364] [9.0] [cxt 0] Deparser 'deparser': start
[23:47:59.815] [bmv2] [T] [thread 26364] [9.0] [cxt 0] Skipping checksum 'cksum' update because condition not met
[23:47:59.815] [bmv2] [D] [thread 26364] [9.0] [cxt 0] Deparsing header 'ethernet'
[23:47:59.815] [bmv2] [D] [thread 26364] [9.0] [cxt 0] Deparser 'deparser': end
[23:47:59.815] [bmv2] [D] [thread 26368] [9.0] [cxt 0] Transmitting packet of size 70 out of port 0
[23:48:00.055] [bmv2] [D] [thread 26363] [10.0] [cxt 0] Processing packet received on port 3
[23:48:00.055] [bmv2] [D] [thread 26363] [10.0] [cxt 0] Parser 'parser': start
[23:48:00.055] [bmv2] [D] [thread 26363] [10.0] [cxt 0] Parser 'parser' entering state 'start'
[23:48:00.055] [bmv2] [D] [thread 26363] [10.0] [cxt 0] Extracting header 'ethernet'
[23:48:00.055] [bmv2] [D] [thread 26363] [10.0] [cxt 0] Parser state 'start': key is 86dd
[23:48:00.055] [bmv2] [T] [thread 26363] [10.0] [cxt 0] Bytes parsed: 14
[23:48:00.055] [bmv2] [D] [thread 26363] [10.0] [cxt 0] Parser 'parser': end
[23:48:00.055] [bmv2] [D] [thread 26363] [10.0] [cxt 0] Pipeline 'ingress': start
[23:48:00.056] [bmv2] [T] [thread 26363] [10.0] [cxt 0] ../build_dependencies/net_cache.p4(114) Condition "hdr.ipv4.isValid()" (node_2) is false
[23:48:00.056] [bmv2] [D] [thread 26363] [10.0] [cxt 0] Pipeline 'ingress': end
[23:48:00.056] [bmv2] [D] [thread 26363] [10.0] [cxt 0] Egress port is 0
[23:48:00.056] [bmv2] [D] [thread 26364] [10.0] [cxt 0] Pipeline 'egress': start
[23:48:00.056] [bmv2] [D] [thread 26364] [10.0] [cxt 0] Pipeline 'egress': end
[23:48:00.056] [bmv2] [D] [thread 26364] [10.0] [cxt 0] Deparser 'deparser': start
[23:48:00.056] [bmv2] [T] [thread 26364] [10.0] [cxt 0] Skipping checksum 'cksum' update because condition not met
[23:48:00.056] [bmv2] [D] [thread 26364] [10.0] [cxt 0] Deparsing header 'ethernet'
[23:48:00.056] [bmv2] [D] [thread 26364] [10.0] [cxt 0] Deparser 'deparser': end
[23:48:00.056] [bmv2] [D] [thread 26368] [10.0] [cxt 0] Transmitting packet of size 70 out of port 0
[23:48:00.123] [bmv2] [D] [thread 26363] [11.0] [cxt 0] Processing packet received on port 4
[23:48:00.123] [bmv2] [D] [thread 26363] [11.0] [cxt 0] Parser 'parser': start
[23:48:00.123] [bmv2] [D] [thread 26363] [11.0] [cxt 0] Parser 'parser' entering state 'start'
[23:48:00.123] [bmv2] [D] [thread 26363] [11.0] [cxt 0] Extracting header 'ethernet'
[23:48:00.123] [bmv2] [D] [thread 26363] [11.0] [cxt 0] Parser state 'start': key is 86dd
[23:48:00.123] [bmv2] [T] [thread 26363] [11.0] [cxt 0] Bytes parsed: 14
[23:48:00.123] [bmv2] [D] [thread 26363] [11.0] [cxt 0] Parser 'parser': end
[23:48:00.123] [bmv2] [D] [thread 26363] [11.0] [cxt 0] Pipeline 'ingress': start
[23:48:00.123] [bmv2] [T] [thread 26363] [11.0] [cxt 0] ../build_dependencies/net_cache.p4(114) Condition "hdr.ipv4.isValid()" (node_2) is false
[23:48:00.123] [bmv2] [D] [thread 26363] [11.0] [cxt 0] Pipeline 'ingress': end
[23:48:00.123] [bmv2] [D] [thread 26363] [11.0] [cxt 0] Egress port is 0
[23:48:00.123] [bmv2] [D] [thread 26364] [11.0] [cxt 0] Pipeline 'egress': start
[23:48:00.123] [bmv2] [D] [thread 26364] [11.0] [cxt 0] Pipeline 'egress': end
[23:48:00.123] [bmv2] [D] [thread 26364] [11.0] [cxt 0] Deparser 'deparser': start
[23:48:00.123] [bmv2] [T] [thread 26364] [11.0] [cxt 0] Skipping checksum 'cksum' update because condition not met
[23:48:00.123] [bmv2] [D] [thread 26364] [11.0] [cxt 0] Deparsing header 'ethernet'
[23:48:00.123] [bmv2] [D] [thread 26364] [11.0] [cxt 0] Deparser 'deparser': end
[23:48:00.123] [bmv2] [D] [thread 26368] [11.0] [cxt 0] Transmitting packet of size 70 out of port 0
[23:48:00.462] [bmv2] [D] [thread 26363] [12.0] [cxt 0] Processing packet received on port 2
[23:48:00.462] [bmv2] [D] [thread 26363] [12.0] [cxt 0] Parser 'parser': start
[23:48:00.462] [bmv2] [D] [thread 26363] [12.0] [cxt 0] Parser 'parser' entering state 'start'
[23:48:00.462] [bmv2] [D] [thread 26363] [12.0] [cxt 0] Extracting header 'ethernet'
[23:48:00.462] [bmv2] [D] [thread 26363] [12.0] [cxt 0] Parser state 'start': key is 86dd
[23:48:00.462] [bmv2] [T] [thread 26363] [12.0] [cxt 0] Bytes parsed: 14
[23:48:00.462] [bmv2] [D] [thread 26363] [12.0] [cxt 0] Parser 'parser': end
[23:48:00.462] [bmv2] [D] [thread 26363] [12.0] [cxt 0] Pipeline 'ingress': start
[23:48:00.462] [bmv2] [T] [thread 26363] [12.0] [cxt 0] ../build_dependencies/net_cache.p4(114) Condition "hdr.ipv4.isValid()" (node_2) is false
[23:48:00.462] [bmv2] [D] [thread 26363] [12.0] [cxt 0] Pipeline 'ingress': end
[23:48:00.462] [bmv2] [D] [thread 26363] [12.0] [cxt 0] Egress port is 0
[23:48:00.462] [bmv2] [D] [thread 26364] [12.0] [cxt 0] Pipeline 'egress': start
[23:48:00.462] [bmv2] [D] [thread 26364] [12.0] [cxt 0] Pipeline 'egress': end
[23:48:00.462] [bmv2] [D] [thread 26364] [12.0] [cxt 0] Deparser 'deparser': start
[23:48:00.462] [bmv2] [T] [thread 26364] [12.0] [cxt 0] Skipping checksum 'cksum' update because condition not met
[23:48:00.462] [bmv2] [D] [thread 26364] [12.0] [cxt 0] Deparsing header 'ethernet'
[23:48:00.462] [bmv2] [D] [thread 26364] [12.0] [cxt 0] Deparser 'deparser': end
[23:48:00.462] [bmv2] [D] [thread 26368] [12.0] [cxt 0] Transmitting packet of size 70 out of port 0
[23:48:00.652] [bmv2] [D] [thread 26363] [13.0] [cxt 0] Processing packet received on port 3
[23:48:00.652] [bmv2] [D] [thread 26363] [13.0] [cxt 0] Parser 'parser': start
[23:48:00.652] [bmv2] [D] [thread 26363] [13.0] [cxt 0] Parser 'parser' entering state 'start'
[23:48:00.652] [bmv2] [D] [thread 26363] [13.0] [cxt 0] Extracting header 'ethernet'
[23:48:00.652] [bmv2] [D] [thread 26363] [13.0] [cxt 0] Parser state 'start': key is 86dd
[23:48:00.652] [bmv2] [T] [thread 26363] [13.0] [cxt 0] Bytes parsed: 14
[23:48:00.652] [bmv2] [D] [thread 26363] [13.0] [cxt 0] Parser 'parser': end
[23:48:00.652] [bmv2] [D] [thread 26363] [13.0] [cxt 0] Pipeline 'ingress': start
[23:48:00.652] [bmv2] [T] [thread 26363] [13.0] [cxt 0] ../build_dependencies/net_cache.p4(114) Condition "hdr.ipv4.isValid()" (node_2) is false
[23:48:00.652] [bmv2] [D] [thread 26363] [13.0] [cxt 0] Pipeline 'ingress': end
[23:48:00.652] [bmv2] [D] [thread 26363] [13.0] [cxt 0] Egress port is 0
[23:48:00.652] [bmv2] [D] [thread 26364] [13.0] [cxt 0] Pipeline 'egress': start
[23:48:00.652] [bmv2] [D] [thread 26364] [13.0] [cxt 0] Pipeline 'egress': end
[23:48:00.652] [bmv2] [D] [thread 26364] [13.0] [cxt 0] Deparser 'deparser': start
[23:48:00.652] [bmv2] [T] [thread 26364] [13.0] [cxt 0] Skipping checksum 'cksum' update because condition not met
[23:48:00.652] [bmv2] [D] [thread 26364] [13.0] [cxt 0] Deparsing header 'ethernet'
[23:48:00.652] [bmv2] [D] [thread 26364] [13.0] [cxt 0] Deparser 'deparser': end
[23:48:00.652] [bmv2] [D] [thread 26368] [13.0] [cxt 0] Transmitting packet of size 70 out of port 0
[23:48:00.658] [bmv2] [D] [thread 26363] [14.0] [cxt 0] Processing packet received on port 2
[23:48:00.658] [bmv2] [D] [thread 26363] [14.0] [cxt 0] Parser 'parser': start
[23:48:00.658] [bmv2] [D] [thread 26363] [14.0] [cxt 0] Parser 'parser' entering state 'start'
[23:48:00.658] [bmv2] [D] [thread 26363] [14.0] [cxt 0] Extracting header 'ethernet'
[23:48:00.658] [bmv2] [D] [thread 26363] [14.0] [cxt 0] Parser state 'start': key is 86dd
[23:48:00.658] [bmv2] [T] [thread 26363] [14.0] [cxt 0] Bytes parsed: 14
[23:48:00.658] [bmv2] [D] [thread 26363] [14.0] [cxt 0] Parser 'parser': end
[23:48:00.658] [bmv2] [D] [thread 26363] [14.0] [cxt 0] Pipeline 'ingress': start
[23:48:00.658] [bmv2] [T] [thread 26363] [14.0] [cxt 0] ../build_dependencies/net_cache.p4(114) Condition "hdr.ipv4.isValid()" (node_2) is false
[23:48:00.658] [bmv2] [D] [thread 26363] [14.0] [cxt 0] Pipeline 'ingress': end
[23:48:00.658] [bmv2] [D] [thread 26363] [14.0] [cxt 0] Egress port is 0
[23:48:00.658] [bmv2] [D] [thread 26364] [14.0] [cxt 0] Pipeline 'egress': start
[23:48:00.658] [bmv2] [D] [thread 26364] [14.0] [cxt 0] Pipeline 'egress': end
[23:48:00.658] [bmv2] [D] [thread 26364] [14.0] [cxt 0] Deparser 'deparser': start
[23:48:00.658] [bmv2] [T] [thread 26364] [14.0] [cxt 0] Skipping checksum 'cksum' update because condition not met
[23:48:00.658] [bmv2] [D] [thread 26364] [14.0] [cxt 0] Deparsing header 'ethernet'
[23:48:00.658] [bmv2] [D] [thread 26364] [14.0] [cxt 0] Deparser 'deparser': end
[23:48:00.658] [bmv2] [D] [thread 26368] [14.0] [cxt 0] Transmitting packet of size 70 out of port 0
[23:48:01.016] [bmv2] [D] [thread 26363] [15.0] [cxt 0] Processing packet received on port 4
[23:48:01.016] [bmv2] [D] [thread 26363] [15.0] [cxt 0] Parser 'parser': start
[23:48:01.016] [bmv2] [D] [thread 26363] [15.0] [cxt 0] Parser 'parser' entering state 'start'
[23:48:01.016] [bmv2] [D] [thread 26363] [15.0] [cxt 0] Extracting header 'ethernet'
[23:48:01.016] [bmv2] [D] [thread 26363] [15.0] [cxt 0] Parser state 'start': key is 86dd
[23:48:01.016] [bmv2] [T] [thread 26363] [15.0] [cxt 0] Bytes parsed: 14
[23:48:01.016] [bmv2] [D] [thread 26363] [15.0] [cxt 0] Parser 'parser': end
[23:48:01.016] [bmv2] [D] [thread 26363] [15.0] [cxt 0] Pipeline 'ingress': start
[23:48:01.016] [bmv2] [T] [thread 26363] [15.0] [cxt 0] ../build_dependencies/net_cache.p4(114) Condition "hdr.ipv4.isValid()" (node_2) is false
[23:48:01.016] [bmv2] [D] [thread 26363] [15.0] [cxt 0] Pipeline 'ingress': end
[23:48:01.016] [bmv2] [D] [thread 26363] [15.0] [cxt 0] Egress port is 0
[23:48:01.016] [bmv2] [D] [thread 26364] [15.0] [cxt 0] Pipeline 'egress': start
[23:48:01.016] [bmv2] [D] [thread 26364] [15.0] [cxt 0] Pipeline 'egress': end
[23:48:01.016] [bmv2] [D] [thread 26364] [15.0] [cxt 0] Deparser 'deparser': start
[23:48:01.016] [bmv2] [T] [thread 26364] [15.0] [cxt 0] Skipping checksum 'cksum' update because condition not met
[23:48:01.016] [bmv2] [D] [thread 26364] [15.0] [cxt 0] Deparsing header 'ethernet'
[23:48:01.016] [bmv2] [D] [thread 26364] [15.0] [cxt 0] Deparser 'deparser': end
[23:48:01.016] [bmv2] [D] [thread 26368] [15.0] [cxt 0] Transmitting packet of size 70 out of port 0
