Calling target program-options parser
[23:47:58.018] [bmv2] [D] [thread 26451] Set default default entry for table 'tbl_drop': MyIngress.drop - 
[23:47:58.018] [bmv2] [D] [thread 26451] Set default default entry for table 'MyIngress.ipv4_lpm': MyIngress.drop - 
Adding interface s60-eth1 as port 1
[23:47:58.019] [bmv2] [D] [thread 26451] Adding interface s60-eth1 as port 1
I0519 23:47:58.046579488   26451 server_builder.cc:247]      Synchronous server. Num CQs: 1, Min pollers: 1, Max Pollers: 2147483647, CQ timeout (msec): 1000
Server listening on 0.0.0.0:50063
[23:47:58.048] [bmv2] [I] [thread 26451] Starting Thrift server on port 9102
[23:47:58.049] [bmv2] [I] [thread 26451] Thrift server was started
[23:48:00.123] [bmv2] [D] [thread 26458] [0.0] [cxt 0] Processing packet received on port 1
[23:48:00.123] [bmv2] [D] [thread 26458] [0.0] [cxt 0] Parser 'parser': start
[23:48:00.123] [bmv2] [D] [thread 26458] [0.0] [cxt 0] Parser 'parser' entering state 'start'
[23:48:00.123] [bmv2] [D] [thread 26458] [0.0] [cxt 0] Extracting header 'ethernet'
[23:48:00.123] [bmv2] [D] [thread 26458] [0.0] [cxt 0] Parser state 'start': key is 86dd
[23:48:00.123] [bmv2] [T] [thread 26458] [0.0] [cxt 0] Bytes parsed: 14
[23:48:00.123] [bmv2] [D] [thread 26458] [0.0] [cxt 0] Parser 'parser': end
[23:48:00.123] [bmv2] [D] [thread 26458] [0.0] [cxt 0] Pipeline 'ingress': start
[23:48:00.123] [bmv2] [T] [thread 26458] [0.0] [cxt 0] ../build_dependencies/net_cache.p4(114) Condition "hdr.ipv4.isValid()" (node_2) is false
[23:48:00.123] [bmv2] [D] [thread 26458] [0.0] [cxt 0] Pipeline 'ingress': end
[23:48:00.123] [bmv2] [D] [thread 26458] [0.0] [cxt 0] Egress port is 0
[23:48:00.124] [bmv2] [D] [thread 26459] [0.0] [cxt 0] Pipeline 'egress': start
[23:48:00.124] [bmv2] [D] [thread 26459] [0.0] [cxt 0] Pipeline 'egress': end
[23:48:00.124] [bmv2] [D] [thread 26459] [0.0] [cxt 0] Deparser 'deparser': start
[23:48:00.124] [bmv2] [T] [thread 26459] [0.0] [cxt 0] Skipping checksum 'cksum' update because condition not met
[23:48:00.124] [bmv2] [D] [thread 26459] [0.0] [cxt 0] Deparsing header 'ethernet'
[23:48:00.124] [bmv2] [D] [thread 26459] [0.0] [cxt 0] Deparser 'deparser': end
[23:48:00.124] [bmv2] [D] [thread 26463] [0.0] [cxt 0] Transmitting packet of size 70 out of port 0
[23:48:01.016] [bmv2] [D] [thread 26458] [1.0] [cxt 0] Processing packet received on port 1
[23:48:01.016] [bmv2] [D] [thread 26458] [1.0] [cxt 0] Parser 'parser': start
[23:48:01.016] [bmv2] [D] [thread 26458] [1.0] [cxt 0] Parser 'parser' entering state 'start'
[23:48:01.016] [bmv2] [D] [thread 26458] [1.0] [cxt 0] Extracting header 'ethernet'
[23:48:01.016] [bmv2] [D] [thread 26458] [1.0] [cxt 0] Parser state 'start': key is 86dd
[23:48:01.016] [bmv2] [T] [thread 26458] [1.0] [cxt 0] Bytes parsed: 14
[23:48:01.016] [bmv2] [D] [thread 26458] [1.0] [cxt 0] Parser 'parser': end
[23:48:01.016] [bmv2] [D] [thread 26458] [1.0] [cxt 0] Pipeline 'ingress': start
[23:48:01.016] [bmv2] [T] [thread 26458] [1.0] [cxt 0] ../build_dependencies/net_cache.p4(114) Condition "hdr.ipv4.isValid()" (node_2) is false
[23:48:01.016] [bmv2] [D] [thread 26458] [1.0] [cxt 0] Pipeline 'ingress': end
[23:48:01.016] [bmv2] [D] [thread 26458] [1.0] [cxt 0] Egress port is 0
[23:48:01.017] [bmv2] [D] [thread 26459] [1.0] [cxt 0] Pipeline 'egress': start
[23:48:01.017] [bmv2] [D] [thread 26459] [1.0] [cxt 0] Pipeline 'egress': end
[23:48:01.017] [bmv2] [D] [thread 26459] [1.0] [cxt 0] Deparser 'deparser': start
[23:48:01.017] [bmv2] [T] [thread 26459] [1.0] [cxt 0] Skipping checksum 'cksum' update because condition not met
[23:48:01.017] [bmv2] [D] [thread 26459] [1.0] [cxt 0] Deparsing header 'ethernet'
[23:48:01.017] [bmv2] [D] [thread 26459] [1.0] [cxt 0] Deparser 'deparser': end
[23:48:01.017] [bmv2] [D] [thread 26463] [1.0] [cxt 0] Transmitting packet of size 70 out of port 0
