Calling target program-options parser
[09:37:44.718] [bmv2] [D] [thread 15933] Set default default entry for table 'tbl_drop': MyIngress.drop - 
[09:37:44.718] [bmv2] [D] [thread 15933] Set default default entry for table 'MyIngress.ipv4_lpm': MyIngress.drop - 
Adding interface s1-eth1 as port 1
[09:37:44.719] [bmv2] [D] [thread 15933] Adding interface s1-eth1 as port 1
Adding interface s1-eth2 as port 2
[09:37:44.746] [bmv2] [D] [thread 15933] Adding interface s1-eth2 as port 2
Adding interface s1-eth3 as port 3
[09:37:44.759] [bmv2] [D] [thread 15933] Adding interface s1-eth3 as port 3
I0411 09:37:44.791343703   15933 server_builder.cc:247]      Synchronous server. Num CQs: 1, Min pollers: 1, Max Pollers: 2147483647, CQ timeout (msec): 1000
Server listening on 0.0.0.0:50051
[09:37:44.793] [bmv2] [I] [thread 15933] Starting Thrift server on port 9090
[09:37:44.793] [bmv2] [I] [thread 15933] Thrift server was started
[09:37:44.846] [bmv2] [D] [thread 15940] [0.0] [cxt 0] Processing packet received on port 2
[09:37:44.846] [bmv2] [D] [thread 15940] [0.0] [cxt 0] Parser 'parser': start
[09:37:44.846] [bmv2] [D] [thread 15940] [0.0] [cxt 0] Parser 'parser' entering state 'start'
[09:37:44.846] [bmv2] [D] [thread 15940] [0.0] [cxt 0] Extracting header 'ethernet'
[09:37:44.846] [bmv2] [D] [thread 15940] [0.0] [cxt 0] Parser state 'start': key is 86dd
[09:37:44.846] [bmv2] [T] [thread 15940] [0.0] [cxt 0] Bytes parsed: 14
[09:37:44.846] [bmv2] [D] [thread 15940] [0.0] [cxt 0] Parser 'parser': end
[09:37:44.846] [bmv2] [D] [thread 15940] [0.0] [cxt 0] Pipeline 'ingress': start
[09:37:44.846] [bmv2] [T] [thread 15940] [0.0] [cxt 0] basic_tunnel.p4(114) Condition "hdr.ipv4.isValid()" (node_2) is false
[09:37:44.846] [bmv2] [D] [thread 15940] [0.0] [cxt 0] Pipeline 'ingress': end
[09:37:44.846] [bmv2] [D] [thread 15940] [0.0] [cxt 0] Egress port is 0
[09:37:44.846] [bmv2] [D] [thread 15941] [0.0] [cxt 0] Pipeline 'egress': start
[09:37:44.846] [bmv2] [D] [thread 15941] [0.0] [cxt 0] Pipeline 'egress': end
[09:37:44.846] [bmv2] [D] [thread 15941] [0.0] [cxt 0] Deparser 'deparser': start
[09:37:44.847] [bmv2] [T] [thread 15941] [0.0] [cxt 0] Skipping checksum 'cksum' update because condition not met
[09:37:44.847] [bmv2] [D] [thread 15941] [0.0] [cxt 0] Deparsing header 'ethernet'
[09:37:44.847] [bmv2] [D] [thread 15941] [0.0] [cxt 0] Deparser 'deparser': end
[09:37:44.847] [bmv2] [D] [thread 15945] [0.0] [cxt 0] Transmitting packet of size 90 out of port 0
[09:37:44.955] [bmv2] [D] [thread 15940] [1.0] [cxt 0] Processing packet received on port 3
[09:37:44.955] [bmv2] [D] [thread 15940] [1.0] [cxt 0] Parser 'parser': start
[09:37:44.955] [bmv2] [D] [thread 15940] [1.0] [cxt 0] Parser 'parser' entering state 'start'
[09:37:44.955] [bmv2] [D] [thread 15940] [1.0] [cxt 0] Extracting header 'ethernet'
[09:37:44.955] [bmv2] [D] [thread 15940] [1.0] [cxt 0] Parser state 'start': key is 86dd
[09:37:44.955] [bmv2] [T] [thread 15940] [1.0] [cxt 0] Bytes parsed: 14
[09:37:44.955] [bmv2] [D] [thread 15940] [1.0] [cxt 0] Parser 'parser': end
[09:37:44.955] [bmv2] [D] [thread 15940] [1.0] [cxt 0] Pipeline 'ingress': start
[09:37:44.955] [bmv2] [T] [thread 15940] [1.0] [cxt 0] basic_tunnel.p4(114) Condition "hdr.ipv4.isValid()" (node_2) is false
[09:37:44.955] [bmv2] [D] [thread 15940] [1.0] [cxt 0] Pipeline 'ingress': end
[09:37:44.955] [bmv2] [D] [thread 15940] [1.0] [cxt 0] Egress port is 0
[09:37:44.955] [bmv2] [D] [thread 15941] [1.0] [cxt 0] Pipeline 'egress': start
[09:37:44.955] [bmv2] [D] [thread 15941] [1.0] [cxt 0] Pipeline 'egress': end
[09:37:44.955] [bmv2] [D] [thread 15941] [1.0] [cxt 0] Deparser 'deparser': start
[09:37:44.955] [bmv2] [T] [thread 15941] [1.0] [cxt 0] Skipping checksum 'cksum' update because condition not met
[09:37:44.955] [bmv2] [D] [thread 15941] [1.0] [cxt 0] Deparsing header 'ethernet'
[09:37:44.955] [bmv2] [D] [thread 15941] [1.0] [cxt 0] Deparser 'deparser': end
[09:37:44.956] [bmv2] [D] [thread 15945] [1.0] [cxt 0] Transmitting packet of size 78 out of port 0
[09:37:44.966] [bmv2] [D] [thread 15940] [2.0] [cxt 0] Processing packet received on port 2
[09:37:44.966] [bmv2] [D] [thread 15940] [2.0] [cxt 0] Parser 'parser': start
[09:37:44.966] [bmv2] [D] [thread 15940] [2.0] [cxt 0] Parser 'parser' entering state 'start'
[09:37:44.966] [bmv2] [D] [thread 15940] [2.0] [cxt 0] Extracting header 'ethernet'
[09:37:44.966] [bmv2] [D] [thread 15940] [2.0] [cxt 0] Parser state 'start': key is 86dd
[09:37:44.966] [bmv2] [T] [thread 15940] [2.0] [cxt 0] Bytes parsed: 14
[09:37:44.966] [bmv2] [D] [thread 15940] [2.0] [cxt 0] Parser 'parser': end
[09:37:44.966] [bmv2] [D] [thread 15940] [2.0] [cxt 0] Pipeline 'ingress': start
[09:37:44.966] [bmv2] [T] [thread 15940] [2.0] [cxt 0] basic_tunnel.p4(114) Condition "hdr.ipv4.isValid()" (node_2) is false
[09:37:44.966] [bmv2] [D] [thread 15940] [2.0] [cxt 0] Pipeline 'ingress': end
[09:37:44.966] [bmv2] [D] [thread 15940] [2.0] [cxt 0] Egress port is 0
[09:37:44.966] [bmv2] [D] [thread 15941] [2.0] [cxt 0] Pipeline 'egress': start
[09:37:44.966] [bmv2] [D] [thread 15941] [2.0] [cxt 0] Pipeline 'egress': end
[09:37:44.966] [bmv2] [D] [thread 15941] [2.0] [cxt 0] Deparser 'deparser': start
[09:37:44.966] [bmv2] [T] [thread 15941] [2.0] [cxt 0] Skipping checksum 'cksum' update because condition not met
[09:37:44.966] [bmv2] [D] [thread 15941] [2.0] [cxt 0] Deparsing header 'ethernet'
[09:37:44.966] [bmv2] [D] [thread 15941] [2.0] [cxt 0] Deparser 'deparser': end
[09:37:44.967] [bmv2] [D] [thread 15945] [2.0] [cxt 0] Transmitting packet of size 90 out of port 0
[09:37:44.999] [bmv2] [D] [thread 15940] [3.0] [cxt 0] Processing packet received on port 3
[09:37:44.999] [bmv2] [D] [thread 15940] [3.0] [cxt 0] Parser 'parser': start
[09:37:44.999] [bmv2] [D] [thread 15940] [3.0] [cxt 0] Parser 'parser' entering state 'start'
[09:37:44.999] [bmv2] [D] [thread 15940] [3.0] [cxt 0] Extracting header 'ethernet'
[09:37:44.999] [bmv2] [D] [thread 15940] [3.0] [cxt 0] Parser state 'start': key is 86dd
[09:37:44.999] [bmv2] [T] [thread 15940] [3.0] [cxt 0] Bytes parsed: 14
[09:37:44.999] [bmv2] [D] [thread 15940] [3.0] [cxt 0] Parser 'parser': end
[09:37:44.999] [bmv2] [D] [thread 15940] [3.0] [cxt 0] Pipeline 'ingress': start
[09:37:44.999] [bmv2] [T] [thread 15940] [3.0] [cxt 0] basic_tunnel.p4(114) Condition "hdr.ipv4.isValid()" (node_2) is false
[09:37:44.999] [bmv2] [D] [thread 15940] [3.0] [cxt 0] Pipeline 'ingress': end
[09:37:44.999] [bmv2] [D] [thread 15940] [3.0] [cxt 0] Egress port is 0
[09:37:44.999] [bmv2] [D] [thread 15941] [3.0] [cxt 0] Pipeline 'egress': start
[09:37:44.999] [bmv2] [D] [thread 15941] [3.0] [cxt 0] Pipeline 'egress': end
[09:37:44.999] [bmv2] [D] [thread 15941] [3.0] [cxt 0] Deparser 'deparser': start
[09:37:44.999] [bmv2] [T] [thread 15941] [3.0] [cxt 0] Skipping checksum 'cksum' update because condition not met
[09:37:44.999] [bmv2] [D] [thread 15941] [3.0] [cxt 0] Deparsing header 'ethernet'
[09:37:44.999] [bmv2] [D] [thread 15941] [3.0] [cxt 0] Deparser 'deparser': end
[09:37:44.999] [bmv2] [D] [thread 15945] [3.0] [cxt 0] Transmitting packet of size 78 out of port 0
[09:37:45.382] [bmv2] [D] [thread 15940] [4.0] [cxt 0] Processing packet received on port 1
[09:37:45.382] [bmv2] [D] [thread 15940] [4.0] [cxt 0] Parser 'parser': start
[09:37:45.382] [bmv2] [D] [thread 15940] [4.0] [cxt 0] Parser 'parser' entering state 'start'
[09:37:45.382] [bmv2] [D] [thread 15940] [4.0] [cxt 0] Extracting header 'ethernet'
[09:37:45.382] [bmv2] [D] [thread 15940] [4.0] [cxt 0] Parser state 'start': key is 86dd
[09:37:45.382] [bmv2] [T] [thread 15940] [4.0] [cxt 0] Bytes parsed: 14
[09:37:45.382] [bmv2] [D] [thread 15940] [4.0] [cxt 0] Parser 'parser': end
[09:37:45.382] [bmv2] [D] [thread 15940] [4.0] [cxt 0] Pipeline 'ingress': start
[09:37:45.382] [bmv2] [T] [thread 15940] [4.0] [cxt 0] basic_tunnel.p4(114) Condition "hdr.ipv4.isValid()" (node_2) is false
[09:37:45.382] [bmv2] [D] [thread 15940] [4.0] [cxt 0] Pipeline 'ingress': end
[09:37:45.382] [bmv2] [D] [thread 15940] [4.0] [cxt 0] Egress port is 0
[09:37:45.382] [bmv2] [D] [thread 15941] [4.0] [cxt 0] Pipeline 'egress': start
[09:37:45.382] [bmv2] [D] [thread 15941] [4.0] [cxt 0] Pipeline 'egress': end
[09:37:45.382] [bmv2] [D] [thread 15941] [4.0] [cxt 0] Deparser 'deparser': start
[09:37:45.382] [bmv2] [T] [thread 15941] [4.0] [cxt 0] Skipping checksum 'cksum' update because condition not met
[09:37:45.382] [bmv2] [D] [thread 15941] [4.0] [cxt 0] Deparsing header 'ethernet'
[09:37:45.382] [bmv2] [D] [thread 15941] [4.0] [cxt 0] Deparser 'deparser': end
[09:37:45.382] [bmv2] [D] [thread 15945] [4.0] [cxt 0] Transmitting packet of size 90 out of port 0
[09:37:45.403] [bmv2] [D] [thread 15940] [5.0] [cxt 0] Processing packet received on port 3
[09:37:45.403] [bmv2] [D] [thread 15940] [5.0] [cxt 0] Parser 'parser': start
[09:37:45.403] [bmv2] [D] [thread 15940] [5.0] [cxt 0] Parser 'parser' entering state 'start'
[09:37:45.403] [bmv2] [D] [thread 15940] [5.0] [cxt 0] Extracting header 'ethernet'
[09:37:45.403] [bmv2] [D] [thread 15940] [5.0] [cxt 0] Parser state 'start': key is 86dd
[09:37:45.403] [bmv2] [T] [thread 15940] [5.0] [cxt 0] Bytes parsed: 14
[09:37:45.403] [bmv2] [D] [thread 15940] [5.0] [cxt 0] Parser 'parser': end
[09:37:45.403] [bmv2] [D] [thread 15940] [5.0] [cxt 0] Pipeline 'ingress': start
[09:37:45.403] [bmv2] [T] [thread 15940] [5.0] [cxt 0] basic_tunnel.p4(114) Condition "hdr.ipv4.isValid()" (node_2) is false
[09:37:45.403] [bmv2] [D] [thread 15940] [5.0] [cxt 0] Pipeline 'ingress': end
[09:37:45.403] [bmv2] [D] [thread 15940] [5.0] [cxt 0] Egress port is 0
[09:37:45.403] [bmv2] [D] [thread 15941] [5.0] [cxt 0] Pipeline 'egress': start
[09:37:45.403] [bmv2] [D] [thread 15941] [5.0] [cxt 0] Pipeline 'egress': end
[09:37:45.403] [bmv2] [D] [thread 15941] [5.0] [cxt 0] Deparser 'deparser': start
[09:37:45.403] [bmv2] [T] [thread 15941] [5.0] [cxt 0] Skipping checksum 'cksum' update because condition not met
[09:37:45.403] [bmv2] [D] [thread 15941] [5.0] [cxt 0] Deparsing header 'ethernet'
[09:37:45.403] [bmv2] [D] [thread 15941] [5.0] [cxt 0] Deparser 'deparser': end
[09:37:45.403] [bmv2] [D] [thread 15945] [5.0] [cxt 0] Transmitting packet of size 90 out of port 0
[09:37:45.468] [bmv2] [D] [thread 15940] [6.0] [cxt 0] Processing packet received on port 2
[09:37:45.468] [bmv2] [D] [thread 15940] [6.0] [cxt 0] Parser 'parser': start
[09:37:45.468] [bmv2] [D] [thread 15940] [6.0] [cxt 0] Parser 'parser' entering state 'start'
[09:37:45.468] [bmv2] [D] [thread 15940] [6.0] [cxt 0] Extracting header 'ethernet'
[09:37:45.468] [bmv2] [D] [thread 15940] [6.0] [cxt 0] Parser state 'start': key is 86dd
[09:37:45.468] [bmv2] [T] [thread 15940] [6.0] [cxt 0] Bytes parsed: 14
[09:37:45.468] [bmv2] [D] [thread 15940] [6.0] [cxt 0] Parser 'parser': end
[09:37:45.468] [bmv2] [D] [thread 15940] [6.0] [cxt 0] Pipeline 'ingress': start
[09:37:45.468] [bmv2] [T] [thread 15940] [6.0] [cxt 0] basic_tunnel.p4(114) Condition "hdr.ipv4.isValid()" (node_2) is false
[09:37:45.468] [bmv2] [D] [thread 15940] [6.0] [cxt 0] Pipeline 'ingress': end
[09:37:45.468] [bmv2] [D] [thread 15940] [6.0] [cxt 0] Egress port is 0
[09:37:45.468] [bmv2] [D] [thread 15941] [6.0] [cxt 0] Pipeline 'egress': start
[09:37:45.468] [bmv2] [D] [thread 15941] [6.0] [cxt 0] Pipeline 'egress': end
[09:37:45.468] [bmv2] [D] [thread 15941] [6.0] [cxt 0] Deparser 'deparser': start
[09:37:45.468] [bmv2] [T] [thread 15941] [6.0] [cxt 0] Skipping checksum 'cksum' update because condition not met
[09:37:45.468] [bmv2] [D] [thread 15941] [6.0] [cxt 0] Deparsing header 'ethernet'
[09:37:45.468] [bmv2] [D] [thread 15941] [6.0] [cxt 0] Deparser 'deparser': end
[09:37:45.468] [bmv2] [D] [thread 15945] [6.0] [cxt 0] Transmitting packet of size 78 out of port 0
[09:37:45.515] [bmv2] [D] [thread 15940] [7.0] [cxt 0] Processing packet received on port 1
[09:37:45.515] [bmv2] [D] [thread 15940] [7.0] [cxt 0] Parser 'parser': start
[09:37:45.515] [bmv2] [D] [thread 15940] [7.0] [cxt 0] Parser 'parser' entering state 'start'
[09:37:45.515] [bmv2] [D] [thread 15940] [7.0] [cxt 0] Extracting header 'ethernet'
[09:37:45.515] [bmv2] [D] [thread 15940] [7.0] [cxt 0] Parser state 'start': key is 86dd
[09:37:45.515] [bmv2] [T] [thread 15940] [7.0] [cxt 0] Bytes parsed: 14
[09:37:45.515] [bmv2] [D] [thread 15940] [7.0] [cxt 0] Parser 'parser': end
[09:37:45.515] [bmv2] [D] [thread 15940] [7.0] [cxt 0] Pipeline 'ingress': start
[09:37:45.515] [bmv2] [T] [thread 15940] [7.0] [cxt 0] basic_tunnel.p4(114) Condition "hdr.ipv4.isValid()" (node_2) is false
[09:37:45.515] [bmv2] [D] [thread 15940] [7.0] [cxt 0] Pipeline 'ingress': end
[09:37:45.515] [bmv2] [D] [thread 15940] [7.0] [cxt 0] Egress port is 0
[09:37:45.515] [bmv2] [D] [thread 15940] [8.0] [cxt 0] Processing packet received on port 3
[09:37:45.515] [bmv2] [D] [thread 15940] [8.0] [cxt 0] Parser 'parser': start
[09:37:45.515] [bmv2] [D] [thread 15940] [8.0] [cxt 0] Parser 'parser' entering state 'start'
[09:37:45.515] [bmv2] [D] [thread 15940] [8.0] [cxt 0] Extracting header 'ethernet'
[09:37:45.515] [bmv2] [D] [thread 15940] [8.0] [cxt 0] Parser state 'start': key is 86dd
[09:37:45.515] [bmv2] [T] [thread 15940] [8.0] [cxt 0] Bytes parsed: 14
[09:37:45.515] [bmv2] [D] [thread 15940] [8.0] [cxt 0] Parser 'parser': end
[09:37:45.515] [bmv2] [D] [thread 15940] [8.0] [cxt 0] Pipeline 'ingress': start
[09:37:45.515] [bmv2] [T] [thread 15940] [8.0] [cxt 0] basic_tunnel.p4(114) Condition "hdr.ipv4.isValid()" (node_2) is false
[09:37:45.515] [bmv2] [D] [thread 15940] [8.0] [cxt 0] Pipeline 'ingress': end
[09:37:45.515] [bmv2] [D] [thread 15940] [8.0] [cxt 0] Egress port is 0
[09:37:45.515] [bmv2] [D] [thread 15940] [9.0] [cxt 0] Processing packet received on port 1
[09:37:45.515] [bmv2] [D] [thread 15940] [9.0] [cxt 0] Parser 'parser': start
[09:37:45.515] [bmv2] [D] [thread 15940] [9.0] [cxt 0] Parser 'parser' entering state 'start'
[09:37:45.515] [bmv2] [D] [thread 15940] [9.0] [cxt 0] Extracting header 'ethernet'
[09:37:45.515] [bmv2] [D] [thread 15940] [9.0] [cxt 0] Parser state 'start': key is 86dd
[09:37:45.515] [bmv2] [T] [thread 15940] [9.0] [cxt 0] Bytes parsed: 14
[09:37:45.515] [bmv2] [D] [thread 15940] [9.0] [cxt 0] Parser 'parser': end
[09:37:45.515] [bmv2] [D] [thread 15940] [9.0] [cxt 0] Pipeline 'ingress': start
[09:37:45.515] [bmv2] [T] [thread 15940] [9.0] [cxt 0] basic_tunnel.p4(114) Condition "hdr.ipv4.isValid()" (node_2) is false
[09:37:45.515] [bmv2] [D] [thread 15940] [9.0] [cxt 0] Pipeline 'ingress': end
[09:37:45.515] [bmv2] [D] [thread 15940] [9.0] [cxt 0] Egress port is 0
[09:37:45.515] [bmv2] [D] [thread 15941] [7.0] [cxt 0] Pipeline 'egress': start
[09:37:45.515] [bmv2] [D] [thread 15941] [7.0] [cxt 0] Pipeline 'egress': end
[09:37:45.515] [bmv2] [D] [thread 15941] [7.0] [cxt 0] Deparser 'deparser': start
[09:37:45.515] [bmv2] [T] [thread 15941] [7.0] [cxt 0] Skipping checksum 'cksum' update because condition not met
[09:37:45.515] [bmv2] [D] [thread 15941] [7.0] [cxt 0] Deparsing header 'ethernet'
[09:37:45.515] [bmv2] [D] [thread 15941] [7.0] [cxt 0] Deparser 'deparser': end
[09:37:45.515] [bmv2] [D] [thread 15941] [8.0] [cxt 0] Pipeline 'egress': start
[09:37:45.515] [bmv2] [D] [thread 15941] [8.0] [cxt 0] Pipeline 'egress': end
[09:37:45.515] [bmv2] [D] [thread 15941] [8.0] [cxt 0] Deparser 'deparser': start
[09:37:45.515] [bmv2] [T] [thread 15941] [8.0] [cxt 0] Skipping checksum 'cksum' update because condition not met
[09:37:45.515] [bmv2] [D] [thread 15941] [8.0] [cxt 0] Deparsing header 'ethernet'
[09:37:45.515] [bmv2] [D] [thread 15941] [8.0] [cxt 0] Deparser 'deparser': end
[09:37:45.515] [bmv2] [D] [thread 15941] [9.0] [cxt 0] Pipeline 'egress': start
[09:37:45.515] [bmv2] [D] [thread 15941] [9.0] [cxt 0] Pipeline 'egress': end
[09:37:45.515] [bmv2] [D] [thread 15941] [9.0] [cxt 0] Deparser 'deparser': start
[09:37:45.515] [bmv2] [T] [thread 15941] [9.0] [cxt 0] Skipping checksum 'cksum' update because condition not met
[09:37:45.515] [bmv2] [D] [thread 15941] [9.0] [cxt 0] Deparsing header 'ethernet'
[09:37:45.515] [bmv2] [D] [thread 15941] [9.0] [cxt 0] Deparser 'deparser': end
[09:37:45.515] [bmv2] [D] [thread 15945] [7.0] [cxt 0] Transmitting packet of size 90 out of port 0
[09:37:45.515] [bmv2] [D] [thread 15945] [8.0] [cxt 0] Transmitting packet of size 90 out of port 0
[09:37:45.515] [bmv2] [D] [thread 15945] [9.0] [cxt 0] Transmitting packet of size 70 out of port 0
[09:37:45.600] [bmv2] [D] [thread 15940] [10.0] [cxt 0] Processing packet received on port 2
[09:37:45.600] [bmv2] [D] [thread 15940] [10.0] [cxt 0] Parser 'parser': start
[09:37:45.600] [bmv2] [D] [thread 15940] [10.0] [cxt 0] Parser 'parser' entering state 'start'
[09:37:45.600] [bmv2] [D] [thread 15940] [10.0] [cxt 0] Extracting header 'ethernet'
[09:37:45.600] [bmv2] [D] [thread 15940] [10.0] [cxt 0] Parser state 'start': key is 86dd
[09:37:45.600] [bmv2] [T] [thread 15940] [10.0] [cxt 0] Bytes parsed: 14
[09:37:45.600] [bmv2] [D] [thread 15940] [10.0] [cxt 0] Parser 'parser': end
[09:37:45.600] [bmv2] [D] [thread 15940] [10.0] [cxt 0] Pipeline 'ingress': start
[09:37:45.600] [bmv2] [T] [thread 15940] [10.0] [cxt 0] basic_tunnel.p4(114) Condition "hdr.ipv4.isValid()" (node_2) is false
[09:37:45.600] [bmv2] [D] [thread 15940] [10.0] [cxt 0] Pipeline 'ingress': end
[09:37:45.600] [bmv2] [D] [thread 15940] [10.0] [cxt 0] Egress port is 0
[09:37:45.600] [bmv2] [D] [thread 15940] [11.0] [cxt 0] Processing packet received on port 2
[09:37:45.600] [bmv2] [D] [thread 15940] [11.0] [cxt 0] Parser 'parser': start
[09:37:45.600] [bmv2] [D] [thread 15940] [11.0] [cxt 0] Parser 'parser' entering state 'start'
[09:37:45.600] [bmv2] [D] [thread 15940] [11.0] [cxt 0] Extracting header 'ethernet'
[09:37:45.600] [bmv2] [D] [thread 15940] [11.0] [cxt 0] Parser state 'start': key is 86dd
[09:37:45.600] [bmv2] [T] [thread 15940] [11.0] [cxt 0] Bytes parsed: 14
[09:37:45.600] [bmv2] [D] [thread 15940] [11.0] [cxt 0] Parser 'parser': end
[09:37:45.600] [bmv2] [D] [thread 15940] [11.0] [cxt 0] Pipeline 'ingress': start
[09:37:45.600] [bmv2] [T] [thread 15940] [11.0] [cxt 0] basic_tunnel.p4(114) Condition "hdr.ipv4.isValid()" (node_2) is false
[09:37:45.600] [bmv2] [D] [thread 15940] [11.0] [cxt 0] Pipeline 'ingress': end
[09:37:45.600] [bmv2] [D] [thread 15940] [11.0] [cxt 0] Egress port is 0
[09:37:45.600] [bmv2] [D] [thread 15941] [10.0] [cxt 0] Pipeline 'egress': start
[09:37:45.600] [bmv2] [D] [thread 15941] [10.0] [cxt 0] Pipeline 'egress': end
[09:37:45.600] [bmv2] [D] [thread 15941] [10.0] [cxt 0] Deparser 'deparser': start
[09:37:45.600] [bmv2] [T] [thread 15941] [10.0] [cxt 0] Skipping checksum 'cksum' update because condition not met
[09:37:45.600] [bmv2] [D] [thread 15941] [10.0] [cxt 0] Deparsing header 'ethernet'
[09:37:45.600] [bmv2] [D] [thread 15941] [10.0] [cxt 0] Deparser 'deparser': end
[09:37:45.600] [bmv2] [D] [thread 15941] [11.0] [cxt 0] Pipeline 'egress': start
[09:37:45.600] [bmv2] [D] [thread 15941] [11.0] [cxt 0] Pipeline 'egress': end
[09:37:45.600] [bmv2] [D] [thread 15941] [11.0] [cxt 0] Deparser 'deparser': start
[09:37:45.600] [bmv2] [T] [thread 15941] [11.0] [cxt 0] Skipping checksum 'cksum' update because condition not met
[09:37:45.600] [bmv2] [D] [thread 15941] [11.0] [cxt 0] Deparsing header 'ethernet'
[09:37:45.600] [bmv2] [D] [thread 15941] [11.0] [cxt 0] Deparser 'deparser': end
[09:37:45.600] [bmv2] [D] [thread 15945] [10.0] [cxt 0] Transmitting packet of size 90 out of port 0
[09:37:45.600] [bmv2] [D] [thread 15945] [11.0] [cxt 0] Transmitting packet of size 70 out of port 0
[09:37:45.950] [bmv2] [D] [thread 15940] [12.0] [cxt 0] Processing packet received on port 1
[09:37:45.950] [bmv2] [D] [thread 15940] [12.0] [cxt 0] Parser 'parser': start
[09:37:45.950] [bmv2] [D] [thread 15940] [12.0] [cxt 0] Parser 'parser' entering state 'start'
[09:37:45.950] [bmv2] [D] [thread 15940] [12.0] [cxt 0] Extracting header 'ethernet'
[09:37:45.950] [bmv2] [D] [thread 15940] [12.0] [cxt 0] Parser state 'start': key is 86dd
[09:37:45.950] [bmv2] [T] [thread 15940] [12.0] [cxt 0] Bytes parsed: 14
[09:37:45.950] [bmv2] [D] [thread 15940] [12.0] [cxt 0] Parser 'parser': end
[09:37:45.950] [bmv2] [D] [thread 15940] [12.0] [cxt 0] Pipeline 'ingress': start
[09:37:45.950] [bmv2] [T] [thread 15940] [12.0] [cxt 0] basic_tunnel.p4(114) Condition "hdr.ipv4.isValid()" (node_2) is false
[09:37:45.950] [bmv2] [D] [thread 15940] [12.0] [cxt 0] Pipeline 'ingress': end
[09:37:45.950] [bmv2] [D] [thread 15940] [12.0] [cxt 0] Egress port is 0
[09:37:45.950] [bmv2] [D] [thread 15941] [12.0] [cxt 0] Pipeline 'egress': start
[09:37:45.950] [bmv2] [D] [thread 15941] [12.0] [cxt 0] Pipeline 'egress': end
[09:37:45.950] [bmv2] [D] [thread 15941] [12.0] [cxt 0] Deparser 'deparser': start
[09:37:45.950] [bmv2] [T] [thread 15941] [12.0] [cxt 0] Skipping checksum 'cksum' update because condition not met
[09:37:45.950] [bmv2] [D] [thread 15941] [12.0] [cxt 0] Deparsing header 'ethernet'
[09:37:45.950] [bmv2] [D] [thread 15941] [12.0] [cxt 0] Deparser 'deparser': end
[09:37:45.950] [bmv2] [D] [thread 15945] [12.0] [cxt 0] Transmitting packet of size 90 out of port 0
[09:37:45.955] [bmv2] [D] [thread 15940] [13.0] [cxt 0] Processing packet received on port 3
[09:37:45.955] [bmv2] [D] [thread 15940] [13.0] [cxt 0] Parser 'parser': start
[09:37:45.955] [bmv2] [D] [thread 15940] [13.0] [cxt 0] Parser 'parser' entering state 'start'
[09:37:45.955] [bmv2] [D] [thread 15940] [13.0] [cxt 0] Extracting header 'ethernet'
[09:37:45.955] [bmv2] [D] [thread 15940] [13.0] [cxt 0] Parser state 'start': key is 86dd
[09:37:45.955] [bmv2] [T] [thread 15940] [13.0] [cxt 0] Bytes parsed: 14
[09:37:45.955] [bmv2] [D] [thread 15940] [13.0] [cxt 0] Parser 'parser': end
[09:37:45.955] [bmv2] [D] [thread 15940] [13.0] [cxt 0] Pipeline 'ingress': start
[09:37:45.955] [bmv2] [T] [thread 15940] [13.0] [cxt 0] basic_tunnel.p4(114) Condition "hdr.ipv4.isValid()" (node_2) is false
[09:37:45.955] [bmv2] [D] [thread 15940] [13.0] [cxt 0] Pipeline 'ingress': end
[09:37:45.955] [bmv2] [D] [thread 15940] [13.0] [cxt 0] Egress port is 0
[09:37:45.955] [bmv2] [D] [thread 15940] [14.0] [cxt 0] Processing packet received on port 3
[09:37:45.955] [bmv2] [D] [thread 15940] [14.0] [cxt 0] Parser 'parser': start
[09:37:45.955] [bmv2] [D] [thread 15940] [14.0] [cxt 0] Parser 'parser' entering state 'start'
[09:37:45.955] [bmv2] [D] [thread 15940] [14.0] [cxt 0] Extracting header 'ethernet'
[09:37:45.955] [bmv2] [D] [thread 15940] [14.0] [cxt 0] Parser state 'start': key is 86dd
[09:37:45.955] [bmv2] [T] [thread 15940] [14.0] [cxt 0] Bytes parsed: 14
[09:37:45.955] [bmv2] [D] [thread 15940] [14.0] [cxt 0] Parser 'parser': end
[09:37:45.955] [bmv2] [D] [thread 15940] [14.0] [cxt 0] Pipeline 'ingress': start
[09:37:45.955] [bmv2] [T] [thread 15940] [14.0] [cxt 0] basic_tunnel.p4(114) Condition "hdr.ipv4.isValid()" (node_2) is false
[09:37:45.955] [bmv2] [D] [thread 15940] [14.0] [cxt 0] Pipeline 'ingress': end
[09:37:45.955] [bmv2] [D] [thread 15940] [14.0] [cxt 0] Egress port is 0
[09:37:45.956] [bmv2] [D] [thread 15941] [13.0] [cxt 0] Pipeline 'egress': start
[09:37:45.956] [bmv2] [D] [thread 15941] [13.0] [cxt 0] Pipeline 'egress': end
[09:37:45.956] [bmv2] [D] [thread 15941] [13.0] [cxt 0] Deparser 'deparser': start
[09:37:45.956] [bmv2] [T] [thread 15941] [13.0] [cxt 0] Skipping checksum 'cksum' update because condition not met
[09:37:45.956] [bmv2] [D] [thread 15941] [13.0] [cxt 0] Deparsing header 'ethernet'
[09:37:45.956] [bmv2] [D] [thread 15941] [13.0] [cxt 0] Deparser 'deparser': end
[09:37:45.956] [bmv2] [D] [thread 15941] [14.0] [cxt 0] Pipeline 'egress': start
[09:37:45.956] [bmv2] [D] [thread 15941] [14.0] [cxt 0] Pipeline 'egress': end
[09:37:45.956] [bmv2] [D] [thread 15941] [14.0] [cxt 0] Deparser 'deparser': start
[09:37:45.956] [bmv2] [T] [thread 15941] [14.0] [cxt 0] Skipping checksum 'cksum' update because condition not met
[09:37:45.956] [bmv2] [D] [thread 15941] [14.0] [cxt 0] Deparsing header 'ethernet'
[09:37:45.956] [bmv2] [D] [thread 15941] [14.0] [cxt 0] Deparser 'deparser': end
[09:37:45.956] [bmv2] [D] [thread 15945] [13.0] [cxt 0] Transmitting packet of size 90 out of port 0
[09:37:45.956] [bmv2] [D] [thread 15945] [14.0] [cxt 0] Transmitting packet of size 70 out of port 0
[09:37:45.999] [bmv2] [D] [thread 15940] [15.0] [cxt 0] Processing packet received on port 3
[09:37:45.999] [bmv2] [D] [thread 15940] [15.0] [cxt 0] Parser 'parser': start
[09:37:45.999] [bmv2] [D] [thread 15940] [15.0] [cxt 0] Parser 'parser' entering state 'start'
[09:37:45.999] [bmv2] [D] [thread 15940] [15.0] [cxt 0] Extracting header 'ethernet'
[09:37:45.999] [bmv2] [D] [thread 15940] [15.0] [cxt 0] Parser state 'start': key is 86dd
[09:37:45.999] [bmv2] [T] [thread 15940] [15.0] [cxt 0] Bytes parsed: 14
[09:37:45.999] [bmv2] [D] [thread 15940] [15.0] [cxt 0] Parser 'parser': end
[09:37:45.999] [bmv2] [D] [thread 15940] [15.0] [cxt 0] Pipeline 'ingress': start
[09:37:45.999] [bmv2] [T] [thread 15940] [15.0] [cxt 0] basic_tunnel.p4(114) Condition "hdr.ipv4.isValid()" (node_2) is false
[09:37:45.999] [bmv2] [D] [thread 15940] [15.0] [cxt 0] Pipeline 'ingress': end
[09:37:45.999] [bmv2] [D] [thread 15940] [15.0] [cxt 0] Egress port is 0
[09:37:45.999] [bmv2] [D] [thread 15940] [16.0] [cxt 0] Processing packet received on port 3
[09:37:45.999] [bmv2] [D] [thread 15940] [16.0] [cxt 0] Parser 'parser': start
[09:37:45.999] [bmv2] [D] [thread 15940] [16.0] [cxt 0] Parser 'parser' entering state 'start'
[09:37:45.999] [bmv2] [D] [thread 15940] [16.0] [cxt 0] Extracting header 'ethernet'
[09:37:45.999] [bmv2] [D] [thread 15940] [16.0] [cxt 0] Parser state 'start': key is 86dd
[09:37:45.999] [bmv2] [T] [thread 15940] [16.0] [cxt 0] Bytes parsed: 14
[09:37:45.999] [bmv2] [D] [thread 15940] [16.0] [cxt 0] Parser 'parser': end
[09:37:45.999] [bmv2] [D] [thread 15940] [16.0] [cxt 0] Pipeline 'ingress': start
[09:37:45.999] [bmv2] [T] [thread 15940] [16.0] [cxt 0] basic_tunnel.p4(114) Condition "hdr.ipv4.isValid()" (node_2) is false
[09:37:45.999] [bmv2] [D] [thread 15940] [16.0] [cxt 0] Pipeline 'ingress': end
[09:37:45.999] [bmv2] [D] [thread 15940] [16.0] [cxt 0] Egress port is 0
[09:37:45.999] [bmv2] [D] [thread 15941] [15.0] [cxt 0] Pipeline 'egress': start
[09:37:45.999] [bmv2] [D] [thread 15941] [15.0] [cxt 0] Pipeline 'egress': end
[09:37:45.999] [bmv2] [D] [thread 15941] [15.0] [cxt 0] Deparser 'deparser': start
[09:37:45.999] [bmv2] [T] [thread 15941] [15.0] [cxt 0] Skipping checksum 'cksum' update because condition not met
[09:37:45.999] [bmv2] [D] [thread 15941] [15.0] [cxt 0] Deparsing header 'ethernet'
[09:37:45.999] [bmv2] [D] [thread 15941] [15.0] [cxt 0] Deparser 'deparser': end
[09:37:45.999] [bmv2] [D] [thread 15941] [16.0] [cxt 0] Pipeline 'egress': start
[09:37:45.999] [bmv2] [D] [thread 15941] [16.0] [cxt 0] Pipeline 'egress': end
[09:37:45.999] [bmv2] [D] [thread 15941] [16.0] [cxt 0] Deparser 'deparser': start
[09:37:46.000] [bmv2] [T] [thread 15941] [16.0] [cxt 0] Skipping checksum 'cksum' update because condition not met
[09:37:46.000] [bmv2] [D] [thread 15941] [16.0] [cxt 0] Deparsing header 'ethernet'
[09:37:46.000] [bmv2] [D] [thread 15941] [16.0] [cxt 0] Deparser 'deparser': end
[09:37:46.000] [bmv2] [D] [thread 15945] [15.0] [cxt 0] Transmitting packet of size 90 out of port 0
[09:37:46.000] [bmv2] [D] [thread 15945] [16.0] [cxt 0] Transmitting packet of size 70 out of port 0
[09:37:46.130] [bmv2] [D] [thread 15940] [17.0] [cxt 0] Processing packet received on port 2
[09:37:46.130] [bmv2] [D] [thread 15940] [17.0] [cxt 0] Parser 'parser': start
[09:37:46.130] [bmv2] [D] [thread 15940] [17.0] [cxt 0] Parser 'parser' entering state 'start'
[09:37:46.130] [bmv2] [D] [thread 15940] [17.0] [cxt 0] Extracting header 'ethernet'
[09:37:46.130] [bmv2] [D] [thread 15940] [17.0] [cxt 0] Parser state 'start': key is 86dd
[09:37:46.130] [bmv2] [T] [thread 15940] [17.0] [cxt 0] Bytes parsed: 14
[09:37:46.130] [bmv2] [D] [thread 15940] [17.0] [cxt 0] Parser 'parser': end
[09:37:46.130] [bmv2] [D] [thread 15940] [17.0] [cxt 0] Pipeline 'ingress': start
[09:37:46.130] [bmv2] [T] [thread 15940] [17.0] [cxt 0] basic_tunnel.p4(114) Condition "hdr.ipv4.isValid()" (node_2) is false
[09:37:46.130] [bmv2] [D] [thread 15940] [17.0] [cxt 0] Pipeline 'ingress': end
[09:37:46.130] [bmv2] [D] [thread 15940] [17.0] [cxt 0] Egress port is 0
[09:37:46.130] [bmv2] [D] [thread 15941] [17.0] [cxt 0] Pipeline 'egress': start
[09:37:46.130] [bmv2] [D] [thread 15941] [17.0] [cxt 0] Pipeline 'egress': end
[09:37:46.130] [bmv2] [D] [thread 15941] [17.0] [cxt 0] Deparser 'deparser': start
[09:37:46.130] [bmv2] [T] [thread 15941] [17.0] [cxt 0] Skipping checksum 'cksum' update because condition not met
[09:37:46.130] [bmv2] [D] [thread 15941] [17.0] [cxt 0] Deparsing header 'ethernet'
[09:37:46.130] [bmv2] [D] [thread 15941] [17.0] [cxt 0] Deparser 'deparser': end
[09:37:46.130] [bmv2] [D] [thread 15945] [17.0] [cxt 0] Transmitting packet of size 90 out of port 0
[09:37:46.135] [bmv2] [D] [thread 15940] [18.0] [cxt 0] Processing packet received on port 3
[09:37:46.135] [bmv2] [D] [thread 15940] [18.0] [cxt 0] Parser 'parser': start
[09:37:46.135] [bmv2] [D] [thread 15940] [18.0] [cxt 0] Parser 'parser' entering state 'start'
[09:37:46.135] [bmv2] [D] [thread 15940] [18.0] [cxt 0] Extracting header 'ethernet'
[09:37:46.135] [bmv2] [D] [thread 15940] [18.0] [cxt 0] Parser state 'start': key is 86dd
[09:37:46.135] [bmv2] [T] [thread 15940] [18.0] [cxt 0] Bytes parsed: 14
[09:37:46.135] [bmv2] [D] [thread 15940] [18.0] [cxt 0] Parser 'parser': end
[09:37:46.135] [bmv2] [D] [thread 15940] [18.0] [cxt 0] Pipeline 'ingress': start
[09:37:46.135] [bmv2] [T] [thread 15940] [18.0] [cxt 0] basic_tunnel.p4(114) Condition "hdr.ipv4.isValid()" (node_2) is false
[09:37:46.135] [bmv2] [D] [thread 15940] [18.0] [cxt 0] Pipeline 'ingress': end
[09:37:46.135] [bmv2] [D] [thread 15940] [18.0] [cxt 0] Egress port is 0
[09:37:46.135] [bmv2] [D] [thread 15941] [18.0] [cxt 0] Pipeline 'egress': start
[09:37:46.135] [bmv2] [D] [thread 15941] [18.0] [cxt 0] Pipeline 'egress': end
[09:37:46.135] [bmv2] [D] [thread 15941] [18.0] [cxt 0] Deparser 'deparser': start
[09:37:46.135] [bmv2] [T] [thread 15941] [18.0] [cxt 0] Skipping checksum 'cksum' update because condition not met
[09:37:46.135] [bmv2] [D] [thread 15941] [18.0] [cxt 0] Deparsing header 'ethernet'
[09:37:46.135] [bmv2] [D] [thread 15941] [18.0] [cxt 0] Deparser 'deparser': end
[09:37:46.135] [bmv2] [D] [thread 15945] [18.0] [cxt 0] Transmitting packet of size 90 out of port 0
[09:37:46.330] [bmv2] [D] [thread 15940] [19.0] [cxt 0] Processing packet received on port 3
[09:37:46.330] [bmv2] [D] [thread 15940] [19.0] [cxt 0] Parser 'parser': start
[09:37:46.330] [bmv2] [D] [thread 15940] [19.0] [cxt 0] Parser 'parser' entering state 'start'
[09:37:46.330] [bmv2] [D] [thread 15940] [19.0] [cxt 0] Extracting header 'ethernet'
[09:37:46.330] [bmv2] [D] [thread 15940] [19.0] [cxt 0] Parser state 'start': key is 86dd
[09:37:46.330] [bmv2] [T] [thread 15940] [19.0] [cxt 0] Bytes parsed: 14
[09:37:46.330] [bmv2] [D] [thread 15940] [19.0] [cxt 0] Parser 'parser': end
[09:37:46.330] [bmv2] [D] [thread 15940] [19.0] [cxt 0] Pipeline 'ingress': start
[09:37:46.330] [bmv2] [T] [thread 15940] [19.0] [cxt 0] basic_tunnel.p4(114) Condition "hdr.ipv4.isValid()" (node_2) is false
[09:37:46.330] [bmv2] [D] [thread 15940] [19.0] [cxt 0] Pipeline 'ingress': end
[09:37:46.330] [bmv2] [D] [thread 15940] [19.0] [cxt 0] Egress port is 0
[09:37:46.330] [bmv2] [D] [thread 15941] [19.0] [cxt 0] Pipeline 'egress': start
[09:37:46.330] [bmv2] [D] [thread 15941] [19.0] [cxt 0] Pipeline 'egress': end
[09:37:46.330] [bmv2] [D] [thread 15941] [19.0] [cxt 0] Deparser 'deparser': start
[09:37:46.330] [bmv2] [T] [thread 15941] [19.0] [cxt 0] Skipping checksum 'cksum' update because condition not met
[09:37:46.330] [bmv2] [D] [thread 15941] [19.0] [cxt 0] Deparsing header 'ethernet'
[09:37:46.330] [bmv2] [D] [thread 15941] [19.0] [cxt 0] Deparser 'deparser': end
[09:37:46.330] [bmv2] [D] [thread 15945] [19.0] [cxt 0] Transmitting packet of size 90 out of port 0
[09:37:46.467] [bmv2] [D] [thread 15940] [20.0] [cxt 0] Processing packet received on port 2
[09:37:46.467] [bmv2] [D] [thread 15940] [20.0] [cxt 0] Parser 'parser': start
[09:37:46.467] [bmv2] [D] [thread 15940] [20.0] [cxt 0] Parser 'parser' entering state 'start'
[09:37:46.467] [bmv2] [D] [thread 15940] [20.0] [cxt 0] Extracting header 'ethernet'
[09:37:46.467] [bmv2] [D] [thread 15940] [20.0] [cxt 0] Parser state 'start': key is 86dd
[09:37:46.467] [bmv2] [T] [thread 15940] [20.0] [cxt 0] Bytes parsed: 14
[09:37:46.467] [bmv2] [D] [thread 15940] [20.0] [cxt 0] Parser 'parser': end
[09:37:46.467] [bmv2] [D] [thread 15940] [20.0] [cxt 0] Pipeline 'ingress': start
[09:37:46.467] [bmv2] [T] [thread 15940] [20.0] [cxt 0] basic_tunnel.p4(114) Condition "hdr.ipv4.isValid()" (node_2) is false
[09:37:46.467] [bmv2] [D] [thread 15940] [20.0] [cxt 0] Pipeline 'ingress': end
[09:37:46.467] [bmv2] [D] [thread 15940] [20.0] [cxt 0] Egress port is 0
[09:37:46.467] [bmv2] [D] [thread 15940] [21.0] [cxt 0] Processing packet received on port 2
[09:37:46.467] [bmv2] [D] [thread 15940] [21.0] [cxt 0] Parser 'parser': start
[09:37:46.467] [bmv2] [D] [thread 15940] [21.0] [cxt 0] Parser 'parser' entering state 'start'
[09:37:46.467] [bmv2] [D] [thread 15940] [21.0] [cxt 0] Extracting header 'ethernet'
[09:37:46.467] [bmv2] [D] [thread 15940] [21.0] [cxt 0] Parser state 'start': key is 86dd
[09:37:46.467] [bmv2] [T] [thread 15940] [21.0] [cxt 0] Bytes parsed: 14
[09:37:46.467] [bmv2] [D] [thread 15940] [21.0] [cxt 0] Parser 'parser': end
[09:37:46.467] [bmv2] [D] [thread 15940] [21.0] [cxt 0] Pipeline 'ingress': start
[09:37:46.467] [bmv2] [T] [thread 15940] [21.0] [cxt 0] basic_tunnel.p4(114) Condition "hdr.ipv4.isValid()" (node_2) is false
[09:37:46.467] [bmv2] [D] [thread 15940] [21.0] [cxt 0] Pipeline 'ingress': end
[09:37:46.467] [bmv2] [D] [thread 15940] [21.0] [cxt 0] Egress port is 0
[09:37:46.468] [bmv2] [D] [thread 15941] [20.0] [cxt 0] Pipeline 'egress': start
[09:37:46.468] [bmv2] [D] [thread 15941] [20.0] [cxt 0] Pipeline 'egress': end
[09:37:46.468] [bmv2] [D] [thread 15941] [20.0] [cxt 0] Deparser 'deparser': start
[09:37:46.468] [bmv2] [T] [thread 15941] [20.0] [cxt 0] Skipping checksum 'cksum' update because condition not met
[09:37:46.468] [bmv2] [D] [thread 15941] [20.0] [cxt 0] Deparsing header 'ethernet'
[09:37:46.468] [bmv2] [D] [thread 15941] [20.0] [cxt 0] Deparser 'deparser': end
[09:37:46.468] [bmv2] [D] [thread 15941] [21.0] [cxt 0] Pipeline 'egress': start
[09:37:46.468] [bmv2] [D] [thread 15941] [21.0] [cxt 0] Pipeline 'egress': end
[09:37:46.468] [bmv2] [D] [thread 15941] [21.0] [cxt 0] Deparser 'deparser': start
[09:37:46.468] [bmv2] [T] [thread 15941] [21.0] [cxt 0] Skipping checksum 'cksum' update because condition not met
[09:37:46.468] [bmv2] [D] [thread 15941] [21.0] [cxt 0] Deparsing header 'ethernet'
[09:37:46.468] [bmv2] [D] [thread 15941] [21.0] [cxt 0] Deparser 'deparser': end
[09:37:46.468] [bmv2] [D] [thread 15945] [20.0] [cxt 0] Transmitting packet of size 90 out of port 0
[09:37:46.468] [bmv2] [D] [thread 15945] [21.0] [cxt 0] Transmitting packet of size 70 out of port 0
[09:37:47.158] [bmv2] [D] [thread 15940] [22.0] [cxt 0] Processing packet received on port 2
[09:37:47.158] [bmv2] [D] [thread 15940] [22.0] [cxt 0] Parser 'parser': start
[09:37:47.158] [bmv2] [D] [thread 15940] [22.0] [cxt 0] Parser 'parser' entering state 'start'
[09:37:47.158] [bmv2] [D] [thread 15940] [22.0] [cxt 0] Extracting header 'ethernet'
[09:37:47.158] [bmv2] [D] [thread 15940] [22.0] [cxt 0] Parser state 'start': key is 86dd
[09:37:47.158] [bmv2] [T] [thread 15940] [22.0] [cxt 0] Bytes parsed: 14
[09:37:47.158] [bmv2] [D] [thread 15940] [22.0] [cxt 0] Parser 'parser': end
[09:37:47.158] [bmv2] [D] [thread 15940] [22.0] [cxt 0] Pipeline 'ingress': start
[09:37:47.158] [bmv2] [T] [thread 15940] [22.0] [cxt 0] basic_tunnel.p4(114) Condition "hdr.ipv4.isValid()" (node_2) is false
[09:37:47.158] [bmv2] [D] [thread 15940] [22.0] [cxt 0] Pipeline 'ingress': end
[09:37:47.158] [bmv2] [D] [thread 15940] [22.0] [cxt 0] Egress port is 0
[09:37:47.158] [bmv2] [D] [thread 15941] [22.0] [cxt 0] Pipeline 'egress': start
[09:37:47.158] [bmv2] [D] [thread 15941] [22.0] [cxt 0] Pipeline 'egress': end
[09:37:47.158] [bmv2] [D] [thread 15941] [22.0] [cxt 0] Deparser 'deparser': start
[09:37:47.158] [bmv2] [T] [thread 15941] [22.0] [cxt 0] Skipping checksum 'cksum' update because condition not met
[09:37:47.158] [bmv2] [D] [thread 15941] [22.0] [cxt 0] Deparsing header 'ethernet'
[09:37:47.158] [bmv2] [D] [thread 15941] [22.0] [cxt 0] Deparser 'deparser': end
[09:37:47.159] [bmv2] [D] [thread 15945] [22.0] [cxt 0] Transmitting packet of size 90 out of port 0
New connection
P4Runtime SetForwardingPipelineConfig
[09:37:47.295] [bmv2] [W] [thread 16007] [P4Runtime] p4::tmp::P4DeviceConfig is deprecated
[09:37:47.296] [bmv2] [D] [thread 16007] Set default default entry for table 'tbl_drop': MyIngress.drop - 
[09:37:47.296] [bmv2] [D] [thread 16007] Set default default entry for table 'MyIngress.ipv4_lpm': MyIngress.drop - 
P4Runtime Write
election_id {
  low: 1
}
updates {
  type: INSERT
  entity {
    table_entry {
      table_id: 33574068
      match {
        field_id: 1
        lpm {
          value: "\n\000\001\001"
          prefix_len: 32
        }
      }
      action {
        action {
          action_id: 16799317
          params {
            param_id: 1
            value: "\010\000\000\000\001\021"
          }
          params {
            param_id: 2
            value: "\000\001"
          }
        }
      }
    }
  }
}
[09:37:47.301] [bmv2] [D] [thread 16007] Entry 0 added to table 'MyIngress.ipv4_lpm'
[09:37:47.301] [bmv2] [D] [thread 16007] Dumping entry 0
Match key:
* hdr.ipv4.dstAddr    : LPM       0a000101/32
Action entry: MyIngress.ipv4_forward - 80000000111,1,

P4Runtime Write
election_id {
  low: 1
}
updates {
  type: INSERT
  entity {
    table_entry {
      table_id: 33574068
      match {
        field_id: 1
        lpm {
          value: "\n\000\002\002"
          prefix_len: 32
        }
      }
      action {
        action {
          action_id: 16799317
          params {
            param_id: 1
            value: "\010\000\000\000\002\000"
          }
          params {
            param_id: 2
            value: "\000\002"
          }
        }
      }
    }
  }
}
[09:37:47.303] [bmv2] [D] [thread 16007] Entry 1 added to table 'MyIngress.ipv4_lpm'
[09:37:47.303] [bmv2] [D] [thread 16007] Dumping entry 1
Match key:
* hdr.ipv4.dstAddr    : LPM       0a000202/32
Action entry: MyIngress.ipv4_forward - 80000000200,2,

P4Runtime Write
election_id {
  low: 1
}
updates {
  type: INSERT
  entity {
    table_entry {
      table_id: 33574068
      match {
        field_id: 1
        lpm {
          value: "\n\000\003\003"
          prefix_len: 32
        }
      }
      action {
        action {
          action_id: 16799317
          params {
            param_id: 1
            value: "\010\000\000\000\003\000"
          }
          params {
            param_id: 2
            value: "\000\003"
          }
        }
      }
    }
  }
}
[09:37:47.303] [bmv2] [D] [thread 16007] Entry 2 added to table 'MyIngress.ipv4_lpm'
[09:37:47.303] [bmv2] [D] [thread 16007] Dumping entry 2
Match key:
* hdr.ipv4.dstAddr    : LPM       0a000303/32
Action entry: MyIngress.ipv4_forward - 80000000300,3,

P4Runtime Write
election_id {
  low: 1
}
updates {
  type: INSERT
  entity {
    table_entry {
      table_id: 33574068
      match {
        field_id: 1
        lpm {
          value: "\300\000\000\000"
          prefix_len: 8
        }
      }
      action {
        action {
          action_id: 16799317
          params {
            param_id: 1
            value: "\010\000\000\000\001\021"
          }
          params {
            param_id: 2
            value: "\000\001"
          }
        }
      }
    }
  }
}
[09:37:47.304] [bmv2] [D] [thread 16007] Entry 3 added to table 'MyIngress.ipv4_lpm'
[09:37:47.304] [bmv2] [D] [thread 16007] Dumping entry 3
Match key:
* hdr.ipv4.dstAddr    : LPM       c0000000/8
Action entry: MyIngress.ipv4_forward - 80000000111,1,

Connection removed
[09:37:49.518] [bmv2] [D] [thread 15940] [23.0] [cxt 0] Processing packet received on port 1
[09:37:49.518] [bmv2] [D] [thread 15940] [23.0] [cxt 0] Parser 'parser': start
[09:37:49.518] [bmv2] [D] [thread 15940] [23.0] [cxt 0] Parser 'parser' entering state 'start'
[09:37:49.518] [bmv2] [D] [thread 15940] [23.0] [cxt 0] Extracting header 'ethernet'
[09:37:49.518] [bmv2] [D] [thread 15940] [23.0] [cxt 0] Parser state 'start': key is 86dd
[09:37:49.518] [bmv2] [T] [thread 15940] [23.0] [cxt 0] Bytes parsed: 14
[09:37:49.518] [bmv2] [D] [thread 15940] [23.0] [cxt 0] Parser 'parser': end
[09:37:49.518] [bmv2] [D] [thread 15940] [23.0] [cxt 0] Pipeline 'ingress': start
[09:37:49.518] [bmv2] [T] [thread 15940] [23.0] [cxt 0] basic_tunnel.p4(114) Condition "hdr.ipv4.isValid()" (node_2) is false
[09:37:49.518] [bmv2] [D] [thread 15940] [23.0] [cxt 0] Pipeline 'ingress': end
[09:37:49.518] [bmv2] [D] [thread 15940] [23.0] [cxt 0] Egress port is 0
[09:37:49.518] [bmv2] [D] [thread 15941] [23.0] [cxt 0] Pipeline 'egress': start
[09:37:49.518] [bmv2] [D] [thread 15941] [23.0] [cxt 0] Pipeline 'egress': end
[09:37:49.518] [bmv2] [D] [thread 15941] [23.0] [cxt 0] Deparser 'deparser': start
[09:37:49.518] [bmv2] [T] [thread 15941] [23.0] [cxt 0] Skipping checksum 'cksum' update because condition not met
[09:37:49.518] [bmv2] [D] [thread 15941] [23.0] [cxt 0] Deparsing header 'ethernet'
[09:37:49.518] [bmv2] [D] [thread 15941] [23.0] [cxt 0] Deparser 'deparser': end
[09:37:49.518] [bmv2] [D] [thread 15945] [23.0] [cxt 0] Transmitting packet of size 70 out of port 0
[09:37:49.606] [bmv2] [D] [thread 15940] [24.0] [cxt 0] Processing packet received on port 2
[09:37:49.606] [bmv2] [D] [thread 15940] [24.0] [cxt 0] Parser 'parser': start
[09:37:49.606] [bmv2] [D] [thread 15940] [24.0] [cxt 0] Parser 'parser' entering state 'start'
[09:37:49.606] [bmv2] [D] [thread 15940] [24.0] [cxt 0] Extracting header 'ethernet'
[09:37:49.606] [bmv2] [D] [thread 15940] [24.0] [cxt 0] Parser state 'start': key is 86dd
[09:37:49.606] [bmv2] [T] [thread 15940] [24.0] [cxt 0] Bytes parsed: 14
[09:37:49.606] [bmv2] [D] [thread 15940] [24.0] [cxt 0] Parser 'parser': end
[09:37:49.606] [bmv2] [D] [thread 15940] [24.0] [cxt 0] Pipeline 'ingress': start
[09:37:49.606] [bmv2] [T] [thread 15940] [24.0] [cxt 0] basic_tunnel.p4(114) Condition "hdr.ipv4.isValid()" (node_2) is false
[09:37:49.606] [bmv2] [D] [thread 15940] [24.0] [cxt 0] Pipeline 'ingress': end
[09:37:49.606] [bmv2] [D] [thread 15940] [24.0] [cxt 0] Egress port is 0
[09:37:49.606] [bmv2] [D] [thread 15941] [24.0] [cxt 0] Pipeline 'egress': start
[09:37:49.606] [bmv2] [D] [thread 15941] [24.0] [cxt 0] Pipeline 'egress': end
[09:37:49.606] [bmv2] [D] [thread 15941] [24.0] [cxt 0] Deparser 'deparser': start
[09:37:49.606] [bmv2] [T] [thread 15941] [24.0] [cxt 0] Skipping checksum 'cksum' update because condition not met
[09:37:49.606] [bmv2] [D] [thread 15941] [24.0] [cxt 0] Deparsing header 'ethernet'
[09:37:49.606] [bmv2] [D] [thread 15941] [24.0] [cxt 0] Deparser 'deparser': end
[09:37:49.606] [bmv2] [D] [thread 15945] [24.0] [cxt 0] Transmitting packet of size 70 out of port 0
[09:37:49.966] [bmv2] [D] [thread 15940] [25.0] [cxt 0] Processing packet received on port 3
[09:37:49.966] [bmv2] [D] [thread 15940] [25.0] [cxt 0] Parser 'parser': start
[09:37:49.966] [bmv2] [D] [thread 15940] [25.0] [cxt 0] Parser 'parser' entering state 'start'
[09:37:49.966] [bmv2] [D] [thread 15940] [25.0] [cxt 0] Extracting header 'ethernet'
[09:37:49.966] [bmv2] [D] [thread 15940] [25.0] [cxt 0] Parser state 'start': key is 86dd
[09:37:49.966] [bmv2] [T] [thread 15940] [25.0] [cxt 0] Bytes parsed: 14
[09:37:49.966] [bmv2] [D] [thread 15940] [25.0] [cxt 0] Parser 'parser': end
[09:37:49.966] [bmv2] [D] [thread 15940] [25.0] [cxt 0] Pipeline 'ingress': start
[09:37:49.966] [bmv2] [T] [thread 15940] [25.0] [cxt 0] basic_tunnel.p4(114) Condition "hdr.ipv4.isValid()" (node_2) is false
[09:37:49.966] [bmv2] [D] [thread 15940] [25.0] [cxt 0] Pipeline 'ingress': end
[09:37:49.966] [bmv2] [D] [thread 15940] [25.0] [cxt 0] Egress port is 0
[09:37:49.966] [bmv2] [D] [thread 15941] [25.0] [cxt 0] Pipeline 'egress': start
[09:37:49.967] [bmv2] [D] [thread 15941] [25.0] [cxt 0] Pipeline 'egress': end
[09:37:49.967] [bmv2] [D] [thread 15941] [25.0] [cxt 0] Deparser 'deparser': start
[09:37:49.967] [bmv2] [T] [thread 15941] [25.0] [cxt 0] Skipping checksum 'cksum' update because condition not met
[09:37:49.967] [bmv2] [D] [thread 15941] [25.0] [cxt 0] Deparsing header 'ethernet'
[09:37:49.967] [bmv2] [D] [thread 15941] [25.0] [cxt 0] Deparser 'deparser': end
[09:37:49.967] [bmv2] [D] [thread 15945] [25.0] [cxt 0] Transmitting packet of size 70 out of port 0
[09:37:50.007] [bmv2] [D] [thread 15940] [26.0] [cxt 0] Processing packet received on port 3
[09:37:50.007] [bmv2] [D] [thread 15940] [26.0] [cxt 0] Parser 'parser': start
[09:37:50.007] [bmv2] [D] [thread 15940] [26.0] [cxt 0] Parser 'parser' entering state 'start'
[09:37:50.007] [bmv2] [D] [thread 15940] [26.0] [cxt 0] Extracting header 'ethernet'
[09:37:50.007] [bmv2] [D] [thread 15940] [26.0] [cxt 0] Parser state 'start': key is 86dd
[09:37:50.007] [bmv2] [T] [thread 15940] [26.0] [cxt 0] Bytes parsed: 14
[09:37:50.007] [bmv2] [D] [thread 15940] [26.0] [cxt 0] Parser 'parser': end
[09:37:50.007] [bmv2] [D] [thread 15940] [26.0] [cxt 0] Pipeline 'ingress': start
[09:37:50.007] [bmv2] [T] [thread 15940] [26.0] [cxt 0] basic_tunnel.p4(114) Condition "hdr.ipv4.isValid()" (node_2) is false
[09:37:50.007] [bmv2] [D] [thread 15940] [26.0] [cxt 0] Pipeline 'ingress': end
[09:37:50.007] [bmv2] [D] [thread 15940] [26.0] [cxt 0] Egress port is 0
[09:37:50.007] [bmv2] [D] [thread 15941] [26.0] [cxt 0] Pipeline 'egress': start
[09:37:50.007] [bmv2] [D] [thread 15941] [26.0] [cxt 0] Pipeline 'egress': end
[09:37:50.007] [bmv2] [D] [thread 15941] [26.0] [cxt 0] Deparser 'deparser': start
[09:37:50.007] [bmv2] [T] [thread 15941] [26.0] [cxt 0] Skipping checksum 'cksum' update because condition not met
[09:37:50.007] [bmv2] [D] [thread 15941] [26.0] [cxt 0] Deparsing header 'ethernet'
[09:37:50.007] [bmv2] [D] [thread 15941] [26.0] [cxt 0] Deparser 'deparser': end
[09:37:50.007] [bmv2] [D] [thread 15945] [26.0] [cxt 0] Transmitting packet of size 70 out of port 0
[09:37:50.479] [bmv2] [D] [thread 15940] [27.0] [cxt 0] Processing packet received on port 2
[09:37:50.479] [bmv2] [D] [thread 15940] [27.0] [cxt 0] Parser 'parser': start
[09:37:50.479] [bmv2] [D] [thread 15940] [27.0] [cxt 0] Parser 'parser' entering state 'start'
[09:37:50.479] [bmv2] [D] [thread 15940] [27.0] [cxt 0] Extracting header 'ethernet'
[09:37:50.479] [bmv2] [D] [thread 15940] [27.0] [cxt 0] Parser state 'start': key is 86dd
[09:37:50.479] [bmv2] [T] [thread 15940] [27.0] [cxt 0] Bytes parsed: 14
[09:37:50.479] [bmv2] [D] [thread 15940] [27.0] [cxt 0] Parser 'parser': end
[09:37:50.479] [bmv2] [D] [thread 15940] [27.0] [cxt 0] Pipeline 'ingress': start
[09:37:50.479] [bmv2] [T] [thread 15940] [27.0] [cxt 0] basic_tunnel.p4(114) Condition "hdr.ipv4.isValid()" (node_2) is false
[09:37:50.479] [bmv2] [D] [thread 15940] [27.0] [cxt 0] Pipeline 'ingress': end
[09:37:50.479] [bmv2] [D] [thread 15940] [27.0] [cxt 0] Egress port is 0
[09:37:50.479] [bmv2] [D] [thread 15941] [27.0] [cxt 0] Pipeline 'egress': start
[09:37:50.479] [bmv2] [D] [thread 15941] [27.0] [cxt 0] Pipeline 'egress': end
[09:37:50.479] [bmv2] [D] [thread 15941] [27.0] [cxt 0] Deparser 'deparser': start
[09:37:50.479] [bmv2] [T] [thread 15941] [27.0] [cxt 0] Skipping checksum 'cksum' update because condition not met
[09:37:50.479] [bmv2] [D] [thread 15941] [27.0] [cxt 0] Deparsing header 'ethernet'
[09:37:50.479] [bmv2] [D] [thread 15941] [27.0] [cxt 0] Deparser 'deparser': end
[09:37:50.479] [bmv2] [D] [thread 15945] [27.0] [cxt 0] Transmitting packet of size 70 out of port 0
[09:37:53.527] [bmv2] [D] [thread 15940] [28.0] [cxt 0] Processing packet received on port 1
[09:37:53.527] [bmv2] [D] [thread 15940] [28.0] [cxt 0] Parser 'parser': start
[09:37:53.527] [bmv2] [D] [thread 15940] [28.0] [cxt 0] Parser 'parser' entering state 'start'
[09:37:53.527] [bmv2] [D] [thread 15940] [28.0] [cxt 0] Extracting header 'ethernet'
[09:37:53.527] [bmv2] [D] [thread 15940] [28.0] [cxt 0] Parser state 'start': key is 86dd
[09:37:53.527] [bmv2] [T] [thread 15940] [28.0] [cxt 0] Bytes parsed: 14
[09:37:53.527] [bmv2] [D] [thread 15940] [28.0] [cxt 0] Parser 'parser': end
[09:37:53.527] [bmv2] [D] [thread 15940] [28.0] [cxt 0] Pipeline 'ingress': start
[09:37:53.527] [bmv2] [T] [thread 15940] [28.0] [cxt 0] basic_tunnel.p4(114) Condition "hdr.ipv4.isValid()" (node_2) is false
[09:37:53.527] [bmv2] [D] [thread 15940] [28.0] [cxt 0] Pipeline 'ingress': end
[09:37:53.527] [bmv2] [D] [thread 15940] [28.0] [cxt 0] Egress port is 0
[09:37:53.527] [bmv2] [D] [thread 15941] [28.0] [cxt 0] Pipeline 'egress': start
[09:37:53.527] [bmv2] [D] [thread 15941] [28.0] [cxt 0] Pipeline 'egress': end
[09:37:53.527] [bmv2] [D] [thread 15941] [28.0] [cxt 0] Deparser 'deparser': start
[09:37:53.527] [bmv2] [T] [thread 15941] [28.0] [cxt 0] Skipping checksum 'cksum' update because condition not met
[09:37:53.527] [bmv2] [D] [thread 15941] [28.0] [cxt 0] Deparsing header 'ethernet'
[09:37:53.527] [bmv2] [D] [thread 15941] [28.0] [cxt 0] Deparser 'deparser': end
[09:37:53.527] [bmv2] [D] [thread 15945] [28.0] [cxt 0] Transmitting packet of size 70 out of port 0
[09:37:53.614] [bmv2] [D] [thread 15940] [29.0] [cxt 0] Processing packet received on port 2
[09:37:53.614] [bmv2] [D] [thread 15940] [29.0] [cxt 0] Parser 'parser': start
[09:37:53.614] [bmv2] [D] [thread 15940] [29.0] [cxt 0] Parser 'parser' entering state 'start'
[09:37:53.614] [bmv2] [D] [thread 15940] [29.0] [cxt 0] Extracting header 'ethernet'
[09:37:53.614] [bmv2] [D] [thread 15940] [29.0] [cxt 0] Parser state 'start': key is 86dd
[09:37:53.614] [bmv2] [T] [thread 15940] [29.0] [cxt 0] Bytes parsed: 14
[09:37:53.614] [bmv2] [D] [thread 15940] [29.0] [cxt 0] Parser 'parser': end
[09:37:53.614] [bmv2] [D] [thread 15940] [29.0] [cxt 0] Pipeline 'ingress': start
[09:37:53.614] [bmv2] [T] [thread 15940] [29.0] [cxt 0] basic_tunnel.p4(114) Condition "hdr.ipv4.isValid()" (node_2) is false
[09:37:53.614] [bmv2] [D] [thread 15940] [29.0] [cxt 0] Pipeline 'ingress': end
[09:37:53.614] [bmv2] [D] [thread 15940] [29.0] [cxt 0] Egress port is 0
[09:37:53.614] [bmv2] [D] [thread 15941] [29.0] [cxt 0] Pipeline 'egress': start
[09:37:53.614] [bmv2] [D] [thread 15941] [29.0] [cxt 0] Pipeline 'egress': end
[09:37:53.614] [bmv2] [D] [thread 15941] [29.0] [cxt 0] Deparser 'deparser': start
[09:37:53.614] [bmv2] [T] [thread 15941] [29.0] [cxt 0] Skipping checksum 'cksum' update because condition not met
[09:37:53.614] [bmv2] [D] [thread 15941] [29.0] [cxt 0] Deparsing header 'ethernet'
[09:37:53.614] [bmv2] [D] [thread 15941] [29.0] [cxt 0] Deparser 'deparser': end
[09:37:53.614] [bmv2] [D] [thread 15945] [29.0] [cxt 0] Transmitting packet of size 70 out of port 0
[09:37:53.974] [bmv2] [D] [thread 15940] [30.0] [cxt 0] Processing packet received on port 3
[09:37:53.974] [bmv2] [D] [thread 15940] [30.0] [cxt 0] Parser 'parser': start
[09:37:53.974] [bmv2] [D] [thread 15940] [30.0] [cxt 0] Parser 'parser' entering state 'start'
[09:37:53.974] [bmv2] [D] [thread 15940] [30.0] [cxt 0] Extracting header 'ethernet'
[09:37:53.974] [bmv2] [D] [thread 15940] [30.0] [cxt 0] Parser state 'start': key is 86dd
[09:37:53.974] [bmv2] [T] [thread 15940] [30.0] [cxt 0] Bytes parsed: 14
[09:37:53.974] [bmv2] [D] [thread 15940] [30.0] [cxt 0] Parser 'parser': end
[09:37:53.974] [bmv2] [D] [thread 15940] [30.0] [cxt 0] Pipeline 'ingress': start
[09:37:53.974] [bmv2] [T] [thread 15940] [30.0] [cxt 0] basic_tunnel.p4(114) Condition "hdr.ipv4.isValid()" (node_2) is false
[09:37:53.974] [bmv2] [D] [thread 15940] [30.0] [cxt 0] Pipeline 'ingress': end
[09:37:53.974] [bmv2] [D] [thread 15940] [30.0] [cxt 0] Egress port is 0
[09:37:53.974] [bmv2] [D] [thread 15941] [30.0] [cxt 0] Pipeline 'egress': start
[09:37:53.974] [bmv2] [D] [thread 15941] [30.0] [cxt 0] Pipeline 'egress': end
[09:37:53.974] [bmv2] [D] [thread 15941] [30.0] [cxt 0] Deparser 'deparser': start
[09:37:53.974] [bmv2] [T] [thread 15941] [30.0] [cxt 0] Skipping checksum 'cksum' update because condition not met
[09:37:53.974] [bmv2] [D] [thread 15941] [30.0] [cxt 0] Deparsing header 'ethernet'
[09:37:53.974] [bmv2] [D] [thread 15941] [30.0] [cxt 0] Deparser 'deparser': end
[09:37:53.974] [bmv2] [D] [thread 15945] [30.0] [cxt 0] Transmitting packet of size 70 out of port 0
[09:37:54.014] [bmv2] [D] [thread 15940] [31.0] [cxt 0] Processing packet received on port 3
[09:37:54.014] [bmv2] [D] [thread 15940] [31.0] [cxt 0] Parser 'parser': start
[09:37:54.014] [bmv2] [D] [thread 15940] [31.0] [cxt 0] Parser 'parser' entering state 'start'
[09:37:54.014] [bmv2] [D] [thread 15940] [31.0] [cxt 0] Extracting header 'ethernet'
[09:37:54.014] [bmv2] [D] [thread 15940] [31.0] [cxt 0] Parser state 'start': key is 86dd
[09:37:54.014] [bmv2] [T] [thread 15940] [31.0] [cxt 0] Bytes parsed: 14
[09:37:54.014] [bmv2] [D] [thread 15940] [31.0] [cxt 0] Parser 'parser': end
[09:37:54.014] [bmv2] [D] [thread 15940] [31.0] [cxt 0] Pipeline 'ingress': start
[09:37:54.014] [bmv2] [T] [thread 15940] [31.0] [cxt 0] basic_tunnel.p4(114) Condition "hdr.ipv4.isValid()" (node_2) is false
[09:37:54.014] [bmv2] [D] [thread 15940] [31.0] [cxt 0] Pipeline 'ingress': end
[09:37:54.014] [bmv2] [D] [thread 15940] [31.0] [cxt 0] Egress port is 0
[09:37:54.014] [bmv2] [D] [thread 15941] [31.0] [cxt 0] Pipeline 'egress': start
[09:37:54.014] [bmv2] [D] [thread 15941] [31.0] [cxt 0] Pipeline 'egress': end
[09:37:54.014] [bmv2] [D] [thread 15941] [31.0] [cxt 0] Deparser 'deparser': start
[09:37:54.014] [bmv2] [T] [thread 15941] [31.0] [cxt 0] Skipping checksum 'cksum' update because condition not met
[09:37:54.014] [bmv2] [D] [thread 15941] [31.0] [cxt 0] Deparsing header 'ethernet'
[09:37:54.014] [bmv2] [D] [thread 15941] [31.0] [cxt 0] Deparser 'deparser': end
[09:37:54.015] [bmv2] [D] [thread 15945] [31.0] [cxt 0] Transmitting packet of size 70 out of port 0
[09:37:54.487] [bmv2] [D] [thread 15940] [32.0] [cxt 0] Processing packet received on port 2
[09:37:54.487] [bmv2] [D] [thread 15940] [32.0] [cxt 0] Parser 'parser': start
[09:37:54.487] [bmv2] [D] [thread 15940] [32.0] [cxt 0] Parser 'parser' entering state 'start'
[09:37:54.487] [bmv2] [D] [thread 15940] [32.0] [cxt 0] Extracting header 'ethernet'
[09:37:54.487] [bmv2] [D] [thread 15940] [32.0] [cxt 0] Parser state 'start': key is 86dd
[09:37:54.487] [bmv2] [T] [thread 15940] [32.0] [cxt 0] Bytes parsed: 14
[09:37:54.487] [bmv2] [D] [thread 15940] [32.0] [cxt 0] Parser 'parser': end
[09:37:54.487] [bmv2] [D] [thread 15940] [32.0] [cxt 0] Pipeline 'ingress': start
[09:37:54.487] [bmv2] [T] [thread 15940] [32.0] [cxt 0] basic_tunnel.p4(114) Condition "hdr.ipv4.isValid()" (node_2) is false
[09:37:54.487] [bmv2] [D] [thread 15940] [32.0] [cxt 0] Pipeline 'ingress': end
[09:37:54.487] [bmv2] [D] [thread 15940] [32.0] [cxt 0] Egress port is 0
[09:37:54.487] [bmv2] [D] [thread 15941] [32.0] [cxt 0] Pipeline 'egress': start
[09:37:54.487] [bmv2] [D] [thread 15941] [32.0] [cxt 0] Pipeline 'egress': end
[09:37:54.487] [bmv2] [D] [thread 15941] [32.0] [cxt 0] Deparser 'deparser': start
[09:37:54.487] [bmv2] [T] [thread 15941] [32.0] [cxt 0] Skipping checksum 'cksum' update because condition not met
[09:37:54.487] [bmv2] [D] [thread 15941] [32.0] [cxt 0] Deparsing header 'ethernet'
[09:37:54.487] [bmv2] [D] [thread 15941] [32.0] [cxt 0] Deparser 'deparser': end
[09:37:54.487] [bmv2] [D] [thread 15945] [32.0] [cxt 0] Transmitting packet of size 70 out of port 0
New connection
P4Runtime SetForwardingPipelineConfig
[09:38:02.161] [bmv2] [W] [thread 15936] [P4Runtime] p4::tmp::P4DeviceConfig is deprecated
[09:38:02.163] [bmv2] [D] [thread 15936] Set default default entry for table 'tbl_drop': MyIngress.drop - 
[09:38:02.163] [bmv2] [D] [thread 15936] Set default default entry for table 'MyIngress.ipv4_lpm': MyIngress.drop - 
P4Runtime Write
election_id {
  low: 1
}
updates {
  type: INSERT
  entity {
    table_entry {
      table_id: 33574068
      match {
        field_id: 1
        lpm {
          value: "\n\000\001\001"
          prefix_len: 32
        }
      }
      action {
        action {
          action_id: 16799317
          params {
            param_id: 1
            value: "\010\000\000\000\001\021"
          }
          params {
            param_id: 2
            value: "\000\001"
          }
        }
      }
    }
  }
}
[09:38:02.206] [bmv2] [D] [thread 15936] Entry 0 added to table 'MyIngress.ipv4_lpm'
[09:38:02.206] [bmv2] [D] [thread 15936] Dumping entry 0
Match key:
* hdr.ipv4.dstAddr    : LPM       0a000101/32
Action entry: MyIngress.ipv4_forward - 80000000111,1,

P4Runtime Write
election_id {
  low: 1
}
updates {
  type: INSERT
  entity {
    table_entry {
      table_id: 33574068
      match {
        field_id: 1
        lpm {
          value: "\n\000\002\002"
          prefix_len: 32
        }
      }
      action {
        action {
          action_id: 16799317
          params {
            param_id: 1
            value: "\010\000\000\000\002\000"
          }
          params {
            param_id: 2
            value: "\000\002"
          }
        }
      }
    }
  }
}
[09:38:02.207] [bmv2] [D] [thread 16043] Entry 1 added to table 'MyIngress.ipv4_lpm'
[09:38:02.207] [bmv2] [D] [thread 16043] Dumping entry 1
Match key:
* hdr.ipv4.dstAddr    : LPM       0a000202/32
Action entry: MyIngress.ipv4_forward - 80000000200,2,

P4Runtime Write
election_id {
  low: 1
}
updates {
  type: INSERT
  entity {
    table_entry {
      table_id: 33574068
      match {
        field_id: 1
        lpm {
          value: "\n\000\003\003"
          prefix_len: 32
        }
      }
      action {
        action {
          action_id: 16799317
          params {
            param_id: 1
            value: "\010\000\000\000\003\000"
          }
          params {
            param_id: 2
            value: "\000\003"
          }
        }
      }
    }
  }
}
[09:38:02.208] [bmv2] [D] [thread 16043] Entry 2 added to table 'MyIngress.ipv4_lpm'
[09:38:02.208] [bmv2] [D] [thread 16043] Dumping entry 2
Match key:
* hdr.ipv4.dstAddr    : LPM       0a000303/32
Action entry: MyIngress.ipv4_forward - 80000000300,3,

[09:38:11.292] [bmv2] [D] [thread 15940] [33.0] [cxt 0] Processing packet received on port 1
[09:38:11.292] [bmv2] [D] [thread 15940] [33.0] [cxt 0] Parser 'parser': start
[09:38:11.292] [bmv2] [D] [thread 15940] [33.0] [cxt 0] Parser 'parser' entering state 'start'
[09:38:11.292] [bmv2] [D] [thread 15940] [33.0] [cxt 0] Extracting header 'ethernet'
[09:38:11.292] [bmv2] [D] [thread 15940] [33.0] [cxt 0] Parser state 'start': key is 0800
[09:38:11.292] [bmv2] [T] [thread 15940] [33.0] [cxt 0] Bytes parsed: 14
[09:38:11.292] [bmv2] [D] [thread 15940] [33.0] [cxt 0] Parser 'parser' entering state 'parse_ipv4'
[09:38:11.292] [bmv2] [D] [thread 15940] [33.0] [cxt 0] Extracting header 'ipv4'
[09:38:11.292] [bmv2] [D] [thread 15940] [33.0] [cxt 0] Parser state 'parse_ipv4' has no switch, going to default next state
[09:38:11.292] [bmv2] [T] [thread 15940] [33.0] [cxt 0] Bytes parsed: 34
[09:38:11.292] [bmv2] [D] [thread 15940] [33.0] [cxt 0] Parser 'parser': end
[09:38:11.292] [bmv2] [D] [thread 15940] [33.0] [cxt 0] Pipeline 'ingress': start
[09:38:11.292] [bmv2] [T] [thread 15940] [33.0] [cxt 0] basic_tunnel.p4(114) Condition "hdr.ipv4.isValid()" (node_2) is true
[09:38:11.292] [bmv2] [T] [thread 15940] [33.0] [cxt 0] basic_tunnel.p4(115) Condition "hdr.ipv4.flags == 3" (node_3) is false
[09:38:11.292] [bmv2] [T] [thread 15940] [33.0] [cxt 0] Applying table 'MyIngress.ipv4_lpm'
[09:38:11.292] [bmv2] [D] [thread 15940] [33.0] [cxt 0] Looking up key:
* hdr.ipv4.dstAddr    : 0a000202

[09:38:11.292] [bmv2] [D] [thread 15940] [33.0] [cxt 0] Table 'MyIngress.ipv4_lpm': hit with handle 1
[09:38:11.292] [bmv2] [D] [thread 15940] [33.0] [cxt 0] Dumping entry 1
Match key:
* hdr.ipv4.dstAddr    : LPM       0a000202/32
Action entry: MyIngress.ipv4_forward - 80000000200,2,

[09:38:11.292] [bmv2] [D] [thread 15940] [33.0] [cxt 0] Action entry is MyIngress.ipv4_forward - 80000000200,2,
[09:38:11.292] [bmv2] [T] [thread 15940] [33.0] [cxt 0] Action MyIngress.ipv4_forward
[09:38:11.292] [bmv2] [T] [thread 15940] [33.0] [cxt 0] basic_tunnel.p4(94) Primitive standard_metadata.egress_spec = port
[09:38:11.292] [bmv2] [T] [thread 15940] [33.0] [cxt 0] basic_tunnel.p4(95) Primitive hdr.ethernet.srcAddr = hdr.ethernet.dstAddr
[09:38:11.292] [bmv2] [T] [thread 15940] [33.0] [cxt 0] basic_tunnel.p4(96) Primitive hdr.ethernet.dstAddr = dstAddr
[09:38:11.292] [bmv2] [T] [thread 15940] [33.0] [cxt 0] basic_tunnel.p4(97) Primitive hdr.ipv4.ttl = hdr.ipv4.ttl - 1
[09:38:11.292] [bmv2] [D] [thread 15940] [33.0] [cxt 0] Pipeline 'ingress': end
[09:38:11.292] [bmv2] [D] [thread 15940] [33.0] [cxt 0] Egress port is 2
[09:38:11.292] [bmv2] [D] [thread 15943] [33.0] [cxt 0] Pipeline 'egress': start
[09:38:11.292] [bmv2] [D] [thread 15943] [33.0] [cxt 0] Pipeline 'egress': end
[09:38:11.292] [bmv2] [D] [thread 15943] [33.0] [cxt 0] Deparser 'deparser': start
[09:38:11.292] [bmv2] [D] [thread 15943] [33.0] [cxt 0] Updating checksum 'cksum'
[09:38:11.292] [bmv2] [D] [thread 15943] [33.0] [cxt 0] Deparsing header 'ethernet'
[09:38:11.292] [bmv2] [D] [thread 15943] [33.0] [cxt 0] Deparsing header 'ipv4'
[09:38:11.292] [bmv2] [D] [thread 15943] [33.0] [cxt 0] Deparser 'deparser': end
[09:38:11.292] [bmv2] [D] [thread 15945] [33.0] [cxt 0] Transmitting packet of size 98 out of port 2
[09:38:11.293] [bmv2] [D] [thread 15940] [34.0] [cxt 0] Processing packet received on port 2
[09:38:11.293] [bmv2] [D] [thread 15940] [34.0] [cxt 0] Parser 'parser': start
[09:38:11.293] [bmv2] [D] [thread 15940] [34.0] [cxt 0] Parser 'parser' entering state 'start'
[09:38:11.293] [bmv2] [D] [thread 15940] [34.0] [cxt 0] Extracting header 'ethernet'
[09:38:11.293] [bmv2] [D] [thread 15940] [34.0] [cxt 0] Parser state 'start': key is 0800
[09:38:11.293] [bmv2] [T] [thread 15940] [34.0] [cxt 0] Bytes parsed: 14
[09:38:11.293] [bmv2] [D] [thread 15940] [34.0] [cxt 0] Parser 'parser' entering state 'parse_ipv4'
[09:38:11.293] [bmv2] [D] [thread 15940] [34.0] [cxt 0] Extracting header 'ipv4'
[09:38:11.293] [bmv2] [D] [thread 15940] [34.0] [cxt 0] Parser state 'parse_ipv4' has no switch, going to default next state
[09:38:11.293] [bmv2] [T] [thread 15940] [34.0] [cxt 0] Bytes parsed: 34
[09:38:11.293] [bmv2] [D] [thread 15940] [34.0] [cxt 0] Parser 'parser': end
[09:38:11.293] [bmv2] [D] [thread 15940] [34.0] [cxt 0] Pipeline 'ingress': start
[09:38:11.293] [bmv2] [T] [thread 15940] [34.0] [cxt 0] basic_tunnel.p4(114) Condition "hdr.ipv4.isValid()" (node_2) is true
[09:38:11.293] [bmv2] [T] [thread 15940] [34.0] [cxt 0] basic_tunnel.p4(115) Condition "hdr.ipv4.flags == 3" (node_3) is false
[09:38:11.293] [bmv2] [T] [thread 15940] [34.0] [cxt 0] Applying table 'MyIngress.ipv4_lpm'
[09:38:11.293] [bmv2] [D] [thread 15940] [34.0] [cxt 0] Looking up key:
* hdr.ipv4.dstAddr    : 0a000101

[09:38:11.293] [bmv2] [D] [thread 15940] [34.0] [cxt 0] Table 'MyIngress.ipv4_lpm': hit with handle 0
[09:38:11.293] [bmv2] [D] [thread 15940] [34.0] [cxt 0] Dumping entry 0
Match key:
* hdr.ipv4.dstAddr    : LPM       0a000101/32
Action entry: MyIngress.ipv4_forward - 80000000111,1,

[09:38:11.293] [bmv2] [D] [thread 15940] [34.0] [cxt 0] Action entry is MyIngress.ipv4_forward - 80000000111,1,
[09:38:11.293] [bmv2] [T] [thread 15940] [34.0] [cxt 0] Action MyIngress.ipv4_forward
[09:38:11.293] [bmv2] [T] [thread 15940] [34.0] [cxt 0] basic_tunnel.p4(94) Primitive standard_metadata.egress_spec = port
[09:38:11.293] [bmv2] [T] [thread 15940] [34.0] [cxt 0] basic_tunnel.p4(95) Primitive hdr.ethernet.srcAddr = hdr.ethernet.dstAddr
[09:38:11.293] [bmv2] [T] [thread 15940] [34.0] [cxt 0] basic_tunnel.p4(96) Primitive hdr.ethernet.dstAddr = dstAddr
[09:38:11.293] [bmv2] [T] [thread 15940] [34.0] [cxt 0] basic_tunnel.p4(97) Primitive hdr.ipv4.ttl = hdr.ipv4.ttl - 1
[09:38:11.293] [bmv2] [D] [thread 15940] [34.0] [cxt 0] Pipeline 'ingress': end
[09:38:11.293] [bmv2] [D] [thread 15940] [34.0] [cxt 0] Egress port is 1
[09:38:11.293] [bmv2] [D] [thread 15942] [34.0] [cxt 0] Pipeline 'egress': start
[09:38:11.293] [bmv2] [D] [thread 15942] [34.0] [cxt 0] Pipeline 'egress': end
[09:38:11.293] [bmv2] [D] [thread 15942] [34.0] [cxt 0] Deparser 'deparser': start
[09:38:11.293] [bmv2] [D] [thread 15942] [34.0] [cxt 0] Updating checksum 'cksum'
[09:38:11.293] [bmv2] [D] [thread 15942] [34.0] [cxt 0] Deparsing header 'ethernet'
[09:38:11.293] [bmv2] [D] [thread 15942] [34.0] [cxt 0] Deparsing header 'ipv4'
[09:38:11.293] [bmv2] [D] [thread 15942] [34.0] [cxt 0] Deparser 'deparser': end
[09:38:11.293] [bmv2] [D] [thread 15945] [34.0] [cxt 0] Transmitting packet of size 98 out of port 1
[09:38:11.295] [bmv2] [D] [thread 15940] [35.0] [cxt 0] Processing packet received on port 1
[09:38:11.295] [bmv2] [D] [thread 15940] [35.0] [cxt 0] Parser 'parser': start
[09:38:11.295] [bmv2] [D] [thread 15940] [35.0] [cxt 0] Parser 'parser' entering state 'start'
[09:38:11.295] [bmv2] [D] [thread 15940] [35.0] [cxt 0] Extracting header 'ethernet'
[09:38:11.295] [bmv2] [D] [thread 15940] [35.0] [cxt 0] Parser state 'start': key is 0800
[09:38:11.295] [bmv2] [T] [thread 15940] [35.0] [cxt 0] Bytes parsed: 14
[09:38:11.295] [bmv2] [D] [thread 15940] [35.0] [cxt 0] Parser 'parser' entering state 'parse_ipv4'
[09:38:11.295] [bmv2] [D] [thread 15940] [35.0] [cxt 0] Extracting header 'ipv4'
[09:38:11.295] [bmv2] [D] [thread 15940] [35.0] [cxt 0] Parser state 'parse_ipv4' has no switch, going to default next state
[09:38:11.295] [bmv2] [T] [thread 15940] [35.0] [cxt 0] Bytes parsed: 34
[09:38:11.295] [bmv2] [D] [thread 15940] [35.0] [cxt 0] Parser 'parser': end
[09:38:11.295] [bmv2] [D] [thread 15940] [35.0] [cxt 0] Pipeline 'ingress': start
[09:38:11.295] [bmv2] [T] [thread 15940] [35.0] [cxt 0] basic_tunnel.p4(114) Condition "hdr.ipv4.isValid()" (node_2) is true
[09:38:11.295] [bmv2] [T] [thread 15940] [35.0] [cxt 0] basic_tunnel.p4(115) Condition "hdr.ipv4.flags == 3" (node_3) is false
[09:38:11.295] [bmv2] [T] [thread 15940] [35.0] [cxt 0] Applying table 'MyIngress.ipv4_lpm'
[09:38:11.295] [bmv2] [D] [thread 15940] [35.0] [cxt 0] Looking up key:
* hdr.ipv4.dstAddr    : 0a000303

[09:38:11.295] [bmv2] [D] [thread 15940] [35.0] [cxt 0] Table 'MyIngress.ipv4_lpm': hit with handle 2
[09:38:11.295] [bmv2] [D] [thread 15940] [35.0] [cxt 0] Dumping entry 2
Match key:
* hdr.ipv4.dstAddr    : LPM       0a000303/32
Action entry: MyIngress.ipv4_forward - 80000000300,3,

[09:38:11.295] [bmv2] [D] [thread 15940] [35.0] [cxt 0] Action entry is MyIngress.ipv4_forward - 80000000300,3,
[09:38:11.295] [bmv2] [T] [thread 15940] [35.0] [cxt 0] Action MyIngress.ipv4_forward
[09:38:11.295] [bmv2] [T] [thread 15940] [35.0] [cxt 0] basic_tunnel.p4(94) Primitive standard_metadata.egress_spec = port
[09:38:11.295] [bmv2] [T] [thread 15940] [35.0] [cxt 0] basic_tunnel.p4(95) Primitive hdr.ethernet.srcAddr = hdr.ethernet.dstAddr
[09:38:11.295] [bmv2] [T] [thread 15940] [35.0] [cxt 0] basic_tunnel.p4(96) Primitive hdr.ethernet.dstAddr = dstAddr
[09:38:11.295] [bmv2] [T] [thread 15940] [35.0] [cxt 0] basic_tunnel.p4(97) Primitive hdr.ipv4.ttl = hdr.ipv4.ttl - 1
[09:38:11.295] [bmv2] [D] [thread 15940] [35.0] [cxt 0] Pipeline 'ingress': end
[09:38:11.295] [bmv2] [D] [thread 15940] [35.0] [cxt 0] Egress port is 3
[09:38:11.295] [bmv2] [D] [thread 15944] [35.0] [cxt 0] Pipeline 'egress': start
[09:38:11.296] [bmv2] [D] [thread 15944] [35.0] [cxt 0] Pipeline 'egress': end
[09:38:11.296] [bmv2] [D] [thread 15944] [35.0] [cxt 0] Deparser 'deparser': start
[09:38:11.296] [bmv2] [D] [thread 15944] [35.0] [cxt 0] Updating checksum 'cksum'
[09:38:11.296] [bmv2] [D] [thread 15944] [35.0] [cxt 0] Deparsing header 'ethernet'
[09:38:11.296] [bmv2] [D] [thread 15944] [35.0] [cxt 0] Deparsing header 'ipv4'
[09:38:11.296] [bmv2] [D] [thread 15944] [35.0] [cxt 0] Deparser 'deparser': end
[09:38:11.296] [bmv2] [D] [thread 15945] [35.0] [cxt 0] Transmitting packet of size 98 out of port 3
[09:38:11.297] [bmv2] [D] [thread 15940] [36.0] [cxt 0] Processing packet received on port 3
[09:38:11.297] [bmv2] [D] [thread 15940] [36.0] [cxt 0] Parser 'parser': start
[09:38:11.297] [bmv2] [D] [thread 15940] [36.0] [cxt 0] Parser 'parser' entering state 'start'
[09:38:11.297] [bmv2] [D] [thread 15940] [36.0] [cxt 0] Extracting header 'ethernet'
[09:38:11.297] [bmv2] [D] [thread 15940] [36.0] [cxt 0] Parser state 'start': key is 0800
[09:38:11.297] [bmv2] [T] [thread 15940] [36.0] [cxt 0] Bytes parsed: 14
[09:38:11.297] [bmv2] [D] [thread 15940] [36.0] [cxt 0] Parser 'parser' entering state 'parse_ipv4'
[09:38:11.297] [bmv2] [D] [thread 15940] [36.0] [cxt 0] Extracting header 'ipv4'
[09:38:11.297] [bmv2] [D] [thread 15940] [36.0] [cxt 0] Parser state 'parse_ipv4' has no switch, going to default next state
[09:38:11.297] [bmv2] [T] [thread 15940] [36.0] [cxt 0] Bytes parsed: 34
[09:38:11.297] [bmv2] [D] [thread 15940] [36.0] [cxt 0] Parser 'parser': end
[09:38:11.297] [bmv2] [D] [thread 15940] [36.0] [cxt 0] Pipeline 'ingress': start
[09:38:11.297] [bmv2] [T] [thread 15940] [36.0] [cxt 0] basic_tunnel.p4(114) Condition "hdr.ipv4.isValid()" (node_2) is true
[09:38:11.297] [bmv2] [T] [thread 15940] [36.0] [cxt 0] basic_tunnel.p4(115) Condition "hdr.ipv4.flags == 3" (node_3) is false
[09:38:11.297] [bmv2] [T] [thread 15940] [36.0] [cxt 0] Applying table 'MyIngress.ipv4_lpm'
[09:38:11.297] [bmv2] [D] [thread 15940] [36.0] [cxt 0] Looking up key:
* hdr.ipv4.dstAddr    : 0a000101

[09:38:11.297] [bmv2] [D] [thread 15940] [36.0] [cxt 0] Table 'MyIngress.ipv4_lpm': hit with handle 0
[09:38:11.297] [bmv2] [D] [thread 15940] [36.0] [cxt 0] Dumping entry 0
Match key:
* hdr.ipv4.dstAddr    : LPM       0a000101/32
Action entry: MyIngress.ipv4_forward - 80000000111,1,

[09:38:11.297] [bmv2] [D] [thread 15940] [36.0] [cxt 0] Action entry is MyIngress.ipv4_forward - 80000000111,1,
[09:38:11.297] [bmv2] [T] [thread 15940] [36.0] [cxt 0] Action MyIngress.ipv4_forward
[09:38:11.297] [bmv2] [T] [thread 15940] [36.0] [cxt 0] basic_tunnel.p4(94) Primitive standard_metadata.egress_spec = port
[09:38:11.297] [bmv2] [T] [thread 15940] [36.0] [cxt 0] basic_tunnel.p4(95) Primitive hdr.ethernet.srcAddr = hdr.ethernet.dstAddr
[09:38:11.297] [bmv2] [T] [thread 15940] [36.0] [cxt 0] basic_tunnel.p4(96) Primitive hdr.ethernet.dstAddr = dstAddr
[09:38:11.297] [bmv2] [T] [thread 15940] [36.0] [cxt 0] basic_tunnel.p4(97) Primitive hdr.ipv4.ttl = hdr.ipv4.ttl - 1
[09:38:11.297] [bmv2] [D] [thread 15940] [36.0] [cxt 0] Pipeline 'ingress': end
[09:38:11.297] [bmv2] [D] [thread 15940] [36.0] [cxt 0] Egress port is 1
[09:38:11.297] [bmv2] [D] [thread 15942] [36.0] [cxt 0] Pipeline 'egress': start
[09:38:11.297] [bmv2] [D] [thread 15942] [36.0] [cxt 0] Pipeline 'egress': end
[09:38:11.297] [bmv2] [D] [thread 15942] [36.0] [cxt 0] Deparser 'deparser': start
[09:38:11.297] [bmv2] [D] [thread 15942] [36.0] [cxt 0] Updating checksum 'cksum'
[09:38:11.297] [bmv2] [D] [thread 15942] [36.0] [cxt 0] Deparsing header 'ethernet'
[09:38:11.297] [bmv2] [D] [thread 15942] [36.0] [cxt 0] Deparsing header 'ipv4'
[09:38:11.297] [bmv2] [D] [thread 15942] [36.0] [cxt 0] Deparser 'deparser': end
[09:38:11.297] [bmv2] [D] [thread 15945] [36.0] [cxt 0] Transmitting packet of size 98 out of port 1
[09:38:11.300] [bmv2] [D] [thread 15940] [37.0] [cxt 0] Processing packet received on port 2
[09:38:11.300] [bmv2] [D] [thread 15940] [37.0] [cxt 0] Parser 'parser': start
[09:38:11.300] [bmv2] [D] [thread 15940] [37.0] [cxt 0] Parser 'parser' entering state 'start'
[09:38:11.300] [bmv2] [D] [thread 15940] [37.0] [cxt 0] Extracting header 'ethernet'
[09:38:11.300] [bmv2] [D] [thread 15940] [37.0] [cxt 0] Parser state 'start': key is 0800
[09:38:11.300] [bmv2] [T] [thread 15940] [37.0] [cxt 0] Bytes parsed: 14
[09:38:11.300] [bmv2] [D] [thread 15940] [37.0] [cxt 0] Parser 'parser' entering state 'parse_ipv4'
[09:38:11.300] [bmv2] [D] [thread 15940] [37.0] [cxt 0] Extracting header 'ipv4'
[09:38:11.300] [bmv2] [D] [thread 15940] [37.0] [cxt 0] Parser state 'parse_ipv4' has no switch, going to default next state
[09:38:11.300] [bmv2] [T] [thread 15940] [37.0] [cxt 0] Bytes parsed: 34
[09:38:11.300] [bmv2] [D] [thread 15940] [37.0] [cxt 0] Parser 'parser': end
[09:38:11.300] [bmv2] [D] [thread 15940] [37.0] [cxt 0] Pipeline 'ingress': start
[09:38:11.300] [bmv2] [T] [thread 15940] [37.0] [cxt 0] basic_tunnel.p4(114) Condition "hdr.ipv4.isValid()" (node_2) is true
[09:38:11.300] [bmv2] [T] [thread 15940] [37.0] [cxt 0] basic_tunnel.p4(115) Condition "hdr.ipv4.flags == 3" (node_3) is false
[09:38:11.300] [bmv2] [T] [thread 15940] [37.0] [cxt 0] Applying table 'MyIngress.ipv4_lpm'
[09:38:11.300] [bmv2] [D] [thread 15940] [37.0] [cxt 0] Looking up key:
* hdr.ipv4.dstAddr    : 0a000101

[09:38:11.300] [bmv2] [D] [thread 15940] [37.0] [cxt 0] Table 'MyIngress.ipv4_lpm': hit with handle 0
[09:38:11.300] [bmv2] [D] [thread 15940] [37.0] [cxt 0] Dumping entry 0
Match key:
* hdr.ipv4.dstAddr    : LPM       0a000101/32
Action entry: MyIngress.ipv4_forward - 80000000111,1,

[09:38:11.300] [bmv2] [D] [thread 15940] [37.0] [cxt 0] Action entry is MyIngress.ipv4_forward - 80000000111,1,
[09:38:11.300] [bmv2] [T] [thread 15940] [37.0] [cxt 0] Action MyIngress.ipv4_forward
[09:38:11.300] [bmv2] [T] [thread 15940] [37.0] [cxt 0] basic_tunnel.p4(94) Primitive standard_metadata.egress_spec = port
[09:38:11.300] [bmv2] [T] [thread 15940] [37.0] [cxt 0] basic_tunnel.p4(95) Primitive hdr.ethernet.srcAddr = hdr.ethernet.dstAddr
[09:38:11.300] [bmv2] [T] [thread 15940] [37.0] [cxt 0] basic_tunnel.p4(96) Primitive hdr.ethernet.dstAddr = dstAddr
[09:38:11.300] [bmv2] [T] [thread 15940] [37.0] [cxt 0] basic_tunnel.p4(97) Primitive hdr.ipv4.ttl = hdr.ipv4.ttl - 1
[09:38:11.300] [bmv2] [D] [thread 15940] [37.0] [cxt 0] Pipeline 'ingress': end
[09:38:11.300] [bmv2] [D] [thread 15940] [37.0] [cxt 0] Egress port is 1
[09:38:11.300] [bmv2] [D] [thread 15942] [37.0] [cxt 0] Pipeline 'egress': start
[09:38:11.300] [bmv2] [D] [thread 15942] [37.0] [cxt 0] Pipeline 'egress': end
[09:38:11.300] [bmv2] [D] [thread 15942] [37.0] [cxt 0] Deparser 'deparser': start
[09:38:11.300] [bmv2] [D] [thread 15942] [37.0] [cxt 0] Updating checksum 'cksum'
[09:38:11.300] [bmv2] [D] [thread 15942] [37.0] [cxt 0] Deparsing header 'ethernet'
[09:38:11.300] [bmv2] [D] [thread 15942] [37.0] [cxt 0] Deparsing header 'ipv4'
[09:38:11.300] [bmv2] [D] [thread 15942] [37.0] [cxt 0] Deparser 'deparser': end
[09:38:11.300] [bmv2] [D] [thread 15945] [37.0] [cxt 0] Transmitting packet of size 98 out of port 1
[09:38:11.300] [bmv2] [D] [thread 15940] [38.0] [cxt 0] Processing packet received on port 1
[09:38:11.300] [bmv2] [D] [thread 15940] [38.0] [cxt 0] Parser 'parser': start
[09:38:11.300] [bmv2] [D] [thread 15940] [38.0] [cxt 0] Parser 'parser' entering state 'start'
[09:38:11.300] [bmv2] [D] [thread 15940] [38.0] [cxt 0] Extracting header 'ethernet'
[09:38:11.300] [bmv2] [D] [thread 15940] [38.0] [cxt 0] Parser state 'start': key is 0800
[09:38:11.300] [bmv2] [T] [thread 15940] [38.0] [cxt 0] Bytes parsed: 14
[09:38:11.300] [bmv2] [D] [thread 15940] [38.0] [cxt 0] Parser 'parser' entering state 'parse_ipv4'
[09:38:11.300] [bmv2] [D] [thread 15940] [38.0] [cxt 0] Extracting header 'ipv4'
[09:38:11.300] [bmv2] [D] [thread 15940] [38.0] [cxt 0] Parser state 'parse_ipv4' has no switch, going to default next state
[09:38:11.300] [bmv2] [T] [thread 15940] [38.0] [cxt 0] Bytes parsed: 34
[09:38:11.300] [bmv2] [D] [thread 15940] [38.0] [cxt 0] Parser 'parser': end
[09:38:11.300] [bmv2] [D] [thread 15940] [38.0] [cxt 0] Pipeline 'ingress': start
[09:38:11.300] [bmv2] [T] [thread 15940] [38.0] [cxt 0] basic_tunnel.p4(114) Condition "hdr.ipv4.isValid()" (node_2) is true
[09:38:11.300] [bmv2] [T] [thread 15940] [38.0] [cxt 0] basic_tunnel.p4(115) Condition "hdr.ipv4.flags == 3" (node_3) is false
[09:38:11.300] [bmv2] [T] [thread 15940] [38.0] [cxt 0] Applying table 'MyIngress.ipv4_lpm'
[09:38:11.300] [bmv2] [D] [thread 15940] [38.0] [cxt 0] Looking up key:
* hdr.ipv4.dstAddr    : 0a000202

[09:38:11.300] [bmv2] [D] [thread 15940] [38.0] [cxt 0] Table 'MyIngress.ipv4_lpm': hit with handle 1
[09:38:11.300] [bmv2] [D] [thread 15940] [38.0] [cxt 0] Dumping entry 1
Match key:
* hdr.ipv4.dstAddr    : LPM       0a000202/32
Action entry: MyIngress.ipv4_forward - 80000000200,2,

[09:38:11.300] [bmv2] [D] [thread 15940] [38.0] [cxt 0] Action entry is MyIngress.ipv4_forward - 80000000200,2,
[09:38:11.300] [bmv2] [T] [thread 15940] [38.0] [cxt 0] Action MyIngress.ipv4_forward
[09:38:11.300] [bmv2] [T] [thread 15940] [38.0] [cxt 0] basic_tunnel.p4(94) Primitive standard_metadata.egress_spec = port
[09:38:11.300] [bmv2] [T] [thread 15940] [38.0] [cxt 0] basic_tunnel.p4(95) Primitive hdr.ethernet.srcAddr = hdr.ethernet.dstAddr
[09:38:11.300] [bmv2] [T] [thread 15940] [38.0] [cxt 0] basic_tunnel.p4(96) Primitive hdr.ethernet.dstAddr = dstAddr
[09:38:11.300] [bmv2] [T] [thread 15940] [38.0] [cxt 0] basic_tunnel.p4(97) Primitive hdr.ipv4.ttl = hdr.ipv4.ttl - 1
[09:38:11.300] [bmv2] [D] [thread 15940] [38.0] [cxt 0] Pipeline 'ingress': end
[09:38:11.300] [bmv2] [D] [thread 15940] [38.0] [cxt 0] Egress port is 2
[09:38:11.300] [bmv2] [D] [thread 15943] [38.0] [cxt 0] Pipeline 'egress': start
[09:38:11.300] [bmv2] [D] [thread 15943] [38.0] [cxt 0] Pipeline 'egress': end
[09:38:11.300] [bmv2] [D] [thread 15943] [38.0] [cxt 0] Deparser 'deparser': start
[09:38:11.300] [bmv2] [D] [thread 15943] [38.0] [cxt 0] Updating checksum 'cksum'
[09:38:11.300] [bmv2] [D] [thread 15943] [38.0] [cxt 0] Deparsing header 'ethernet'
[09:38:11.300] [bmv2] [D] [thread 15943] [38.0] [cxt 0] Deparsing header 'ipv4'
[09:38:11.300] [bmv2] [D] [thread 15943] [38.0] [cxt 0] Deparser 'deparser': end
[09:38:11.300] [bmv2] [D] [thread 15945] [38.0] [cxt 0] Transmitting packet of size 98 out of port 2
[09:38:11.308] [bmv2] [D] [thread 15940] [39.0] [cxt 0] Processing packet received on port 3
[09:38:11.308] [bmv2] [D] [thread 15940] [39.0] [cxt 0] Parser 'parser': start
[09:38:11.308] [bmv2] [D] [thread 15940] [39.0] [cxt 0] Parser 'parser' entering state 'start'
[09:38:11.308] [bmv2] [D] [thread 15940] [39.0] [cxt 0] Extracting header 'ethernet'
[09:38:11.308] [bmv2] [D] [thread 15940] [39.0] [cxt 0] Parser state 'start': key is 0800
[09:38:11.308] [bmv2] [T] [thread 15940] [39.0] [cxt 0] Bytes parsed: 14
[09:38:11.308] [bmv2] [D] [thread 15940] [39.0] [cxt 0] Parser 'parser' entering state 'parse_ipv4'
[09:38:11.308] [bmv2] [D] [thread 15940] [39.0] [cxt 0] Extracting header 'ipv4'
[09:38:11.308] [bmv2] [D] [thread 15940] [39.0] [cxt 0] Parser state 'parse_ipv4' has no switch, going to default next state
[09:38:11.308] [bmv2] [T] [thread 15940] [39.0] [cxt 0] Bytes parsed: 34
[09:38:11.308] [bmv2] [D] [thread 15940] [39.0] [cxt 0] Parser 'parser': end
[09:38:11.308] [bmv2] [D] [thread 15940] [39.0] [cxt 0] Pipeline 'ingress': start
[09:38:11.308] [bmv2] [T] [thread 15940] [39.0] [cxt 0] basic_tunnel.p4(114) Condition "hdr.ipv4.isValid()" (node_2) is true
[09:38:11.308] [bmv2] [T] [thread 15940] [39.0] [cxt 0] basic_tunnel.p4(115) Condition "hdr.ipv4.flags == 3" (node_3) is false
[09:38:11.308] [bmv2] [T] [thread 15940] [39.0] [cxt 0] Applying table 'MyIngress.ipv4_lpm'
[09:38:11.308] [bmv2] [D] [thread 15940] [39.0] [cxt 0] Looking up key:
* hdr.ipv4.dstAddr    : 0a000101

[09:38:11.308] [bmv2] [D] [thread 15940] [39.0] [cxt 0] Table 'MyIngress.ipv4_lpm': hit with handle 0
[09:38:11.308] [bmv2] [D] [thread 15940] [39.0] [cxt 0] Dumping entry 0
Match key:
* hdr.ipv4.dstAddr    : LPM       0a000101/32
Action entry: MyIngress.ipv4_forward - 80000000111,1,

[09:38:11.308] [bmv2] [D] [thread 15940] [39.0] [cxt 0] Action entry is MyIngress.ipv4_forward - 80000000111,1,
[09:38:11.308] [bmv2] [T] [thread 15940] [39.0] [cxt 0] Action MyIngress.ipv4_forward
[09:38:11.308] [bmv2] [T] [thread 15940] [39.0] [cxt 0] basic_tunnel.p4(94) Primitive standard_metadata.egress_spec = port
[09:38:11.308] [bmv2] [T] [thread 15940] [39.0] [cxt 0] basic_tunnel.p4(95) Primitive hdr.ethernet.srcAddr = hdr.ethernet.dstAddr
[09:38:11.308] [bmv2] [T] [thread 15940] [39.0] [cxt 0] basic_tunnel.p4(96) Primitive hdr.ethernet.dstAddr = dstAddr
[09:38:11.308] [bmv2] [T] [thread 15940] [39.0] [cxt 0] basic_tunnel.p4(97) Primitive hdr.ipv4.ttl = hdr.ipv4.ttl - 1
[09:38:11.308] [bmv2] [D] [thread 15940] [39.0] [cxt 0] Pipeline 'ingress': end
[09:38:11.308] [bmv2] [D] [thread 15940] [39.0] [cxt 0] Egress port is 1
[09:38:11.308] [bmv2] [D] [thread 15942] [39.0] [cxt 0] Pipeline 'egress': start
[09:38:11.308] [bmv2] [D] [thread 15942] [39.0] [cxt 0] Pipeline 'egress': end
[09:38:11.308] [bmv2] [D] [thread 15942] [39.0] [cxt 0] Deparser 'deparser': start
[09:38:11.308] [bmv2] [D] [thread 15942] [39.0] [cxt 0] Updating checksum 'cksum'
[09:38:11.308] [bmv2] [D] [thread 15942] [39.0] [cxt 0] Deparsing header 'ethernet'
[09:38:11.308] [bmv2] [D] [thread 15942] [39.0] [cxt 0] Deparsing header 'ipv4'
[09:38:11.308] [bmv2] [D] [thread 15942] [39.0] [cxt 0] Deparser 'deparser': end
[09:38:11.308] [bmv2] [D] [thread 15945] [39.0] [cxt 0] Transmitting packet of size 98 out of port 1
[09:38:11.308] [bmv2] [D] [thread 15940] [40.0] [cxt 0] Processing packet received on port 1
[09:38:11.308] [bmv2] [D] [thread 15940] [40.0] [cxt 0] Parser 'parser': start
[09:38:11.308] [bmv2] [D] [thread 15940] [40.0] [cxt 0] Parser 'parser' entering state 'start'
[09:38:11.308] [bmv2] [D] [thread 15940] [40.0] [cxt 0] Extracting header 'ethernet'
[09:38:11.308] [bmv2] [D] [thread 15940] [40.0] [cxt 0] Parser state 'start': key is 0800
[09:38:11.308] [bmv2] [T] [thread 15940] [40.0] [cxt 0] Bytes parsed: 14
[09:38:11.308] [bmv2] [D] [thread 15940] [40.0] [cxt 0] Parser 'parser' entering state 'parse_ipv4'
[09:38:11.308] [bmv2] [D] [thread 15940] [40.0] [cxt 0] Extracting header 'ipv4'
[09:38:11.308] [bmv2] [D] [thread 15940] [40.0] [cxt 0] Parser state 'parse_ipv4' has no switch, going to default next state
[09:38:11.308] [bmv2] [T] [thread 15940] [40.0] [cxt 0] Bytes parsed: 34
[09:38:11.308] [bmv2] [D] [thread 15940] [40.0] [cxt 0] Parser 'parser': end
[09:38:11.308] [bmv2] [D] [thread 15940] [40.0] [cxt 0] Pipeline 'ingress': start
[09:38:11.308] [bmv2] [T] [thread 15940] [40.0] [cxt 0] basic_tunnel.p4(114) Condition "hdr.ipv4.isValid()" (node_2) is true
[09:38:11.308] [bmv2] [T] [thread 15940] [40.0] [cxt 0] basic_tunnel.p4(115) Condition "hdr.ipv4.flags == 3" (node_3) is false
[09:38:11.308] [bmv2] [T] [thread 15940] [40.0] [cxt 0] Applying table 'MyIngress.ipv4_lpm'
[09:38:11.308] [bmv2] [D] [thread 15940] [40.0] [cxt 0] Looking up key:
* hdr.ipv4.dstAddr    : 0a000303

[09:38:11.308] [bmv2] [D] [thread 15940] [40.0] [cxt 0] Table 'MyIngress.ipv4_lpm': hit with handle 2
[09:38:11.308] [bmv2] [D] [thread 15940] [40.0] [cxt 0] Dumping entry 2
Match key:
* hdr.ipv4.dstAddr    : LPM       0a000303/32
Action entry: MyIngress.ipv4_forward - 80000000300,3,

[09:38:11.308] [bmv2] [D] [thread 15940] [40.0] [cxt 0] Action entry is MyIngress.ipv4_forward - 80000000300,3,
[09:38:11.308] [bmv2] [T] [thread 15940] [40.0] [cxt 0] Action MyIngress.ipv4_forward
[09:38:11.308] [bmv2] [T] [thread 15940] [40.0] [cxt 0] basic_tunnel.p4(94) Primitive standard_metadata.egress_spec = port
[09:38:11.308] [bmv2] [T] [thread 15940] [40.0] [cxt 0] basic_tunnel.p4(95) Primitive hdr.ethernet.srcAddr = hdr.ethernet.dstAddr
[09:38:11.308] [bmv2] [T] [thread 15940] [40.0] [cxt 0] basic_tunnel.p4(96) Primitive hdr.ethernet.dstAddr = dstAddr
[09:38:11.308] [bmv2] [T] [thread 15940] [40.0] [cxt 0] basic_tunnel.p4(97) Primitive hdr.ipv4.ttl = hdr.ipv4.ttl - 1
[09:38:11.308] [bmv2] [D] [thread 15940] [40.0] [cxt 0] Pipeline 'ingress': end
[09:38:11.308] [bmv2] [D] [thread 15940] [40.0] [cxt 0] Egress port is 3
[09:38:11.308] [bmv2] [D] [thread 15944] [40.0] [cxt 0] Pipeline 'egress': start
[09:38:11.308] [bmv2] [D] [thread 15944] [40.0] [cxt 0] Pipeline 'egress': end
[09:38:11.308] [bmv2] [D] [thread 15944] [40.0] [cxt 0] Deparser 'deparser': start
[09:38:11.308] [bmv2] [D] [thread 15944] [40.0] [cxt 0] Updating checksum 'cksum'
[09:38:11.308] [bmv2] [D] [thread 15944] [40.0] [cxt 0] Deparsing header 'ethernet'
[09:38:11.308] [bmv2] [D] [thread 15944] [40.0] [cxt 0] Deparsing header 'ipv4'
[09:38:11.308] [bmv2] [D] [thread 15944] [40.0] [cxt 0] Deparser 'deparser': end
[09:38:11.308] [bmv2] [D] [thread 15945] [40.0] [cxt 0] Transmitting packet of size 98 out of port 3
