Calling target program-options parser
[09:37:45.229] [bmv2] [D] [thread 15947] Set default default entry for table 'tbl_drop': MyIngress.drop - 
[09:37:45.229] [bmv2] [D] [thread 15947] Set default default entry for table 'MyIngress.ipv4_lpm': MyIngress.drop - 
Adding interface s2-eth1 as port 1
[09:37:45.229] [bmv2] [D] [thread 15947] Adding interface s2-eth1 as port 1
Adding interface s2-eth2 as port 2
[09:37:45.254] [bmv2] [D] [thread 15947] Adding interface s2-eth2 as port 2
Adding interface s2-eth3 as port 3
[09:37:45.278] [bmv2] [D] [thread 15947] Adding interface s2-eth3 as port 3
I0411 09:37:45.302752875   15947 server_builder.cc:247]      Synchronous server. Num CQs: 1, Min pollers: 1, Max Pollers: 2147483647, CQ timeout (msec): 1000
Server listening on 0.0.0.0:50052
[09:37:45.304] [bmv2] [I] [thread 15947] Starting Thrift server on port 9091
[09:37:45.304] [bmv2] [I] [thread 15947] Thrift server was started
[09:37:45.318] [bmv2] [D] [thread 15954] [0.0] [cxt 0] Processing packet received on port 3
[09:37:45.318] [bmv2] [D] [thread 15954] [0.0] [cxt 0] Parser 'parser': start
[09:37:45.318] [bmv2] [D] [thread 15954] [0.0] [cxt 0] Parser 'parser' entering state 'start'
[09:37:45.318] [bmv2] [D] [thread 15954] [0.0] [cxt 0] Extracting header 'ethernet'
[09:37:45.318] [bmv2] [D] [thread 15954] [0.0] [cxt 0] Parser state 'start': key is 86dd
[09:37:45.318] [bmv2] [T] [thread 15954] [0.0] [cxt 0] Bytes parsed: 14
[09:37:45.318] [bmv2] [D] [thread 15954] [0.0] [cxt 0] Parser 'parser': end
[09:37:45.318] [bmv2] [D] [thread 15954] [0.0] [cxt 0] Pipeline 'ingress': start
[09:37:45.318] [bmv2] [T] [thread 15954] [0.0] [cxt 0] basic_tunnel.p4(114) Condition "hdr.ipv4.isValid()" (node_2) is false
[09:37:45.318] [bmv2] [D] [thread 15954] [0.0] [cxt 0] Pipeline 'ingress': end
[09:37:45.318] [bmv2] [D] [thread 15954] [0.0] [cxt 0] Egress port is 0
[09:37:45.318] [bmv2] [D] [thread 15955] [0.0] [cxt 0] Pipeline 'egress': start
[09:37:45.318] [bmv2] [D] [thread 15955] [0.0] [cxt 0] Pipeline 'egress': end
[09:37:45.318] [bmv2] [D] [thread 15955] [0.0] [cxt 0] Deparser 'deparser': start
[09:37:45.318] [bmv2] [T] [thread 15955] [0.0] [cxt 0] Skipping checksum 'cksum' update because condition not met
[09:37:45.318] [bmv2] [D] [thread 15955] [0.0] [cxt 0] Deparsing header 'ethernet'
[09:37:45.318] [bmv2] [D] [thread 15955] [0.0] [cxt 0] Deparser 'deparser': end
[09:37:45.318] [bmv2] [D] [thread 15959] [0.0] [cxt 0] Transmitting packet of size 78 out of port 0
[09:37:45.322] [bmv2] [D] [thread 15954] [1.0] [cxt 0] Processing packet received on port 3
[09:37:45.322] [bmv2] [D] [thread 15954] [1.0] [cxt 0] Parser 'parser': start
[09:37:45.322] [bmv2] [D] [thread 15954] [1.0] [cxt 0] Parser 'parser' entering state 'start'
[09:37:45.322] [bmv2] [D] [thread 15954] [1.0] [cxt 0] Extracting header 'ethernet'
[09:37:45.322] [bmv2] [D] [thread 15954] [1.0] [cxt 0] Parser state 'start': key is 86dd
[09:37:45.322] [bmv2] [T] [thread 15954] [1.0] [cxt 0] Bytes parsed: 14
[09:37:45.322] [bmv2] [D] [thread 15954] [1.0] [cxt 0] Parser 'parser': end
[09:37:45.322] [bmv2] [D] [thread 15954] [1.0] [cxt 0] Pipeline 'ingress': start
[09:37:45.322] [bmv2] [T] [thread 15954] [1.0] [cxt 0] basic_tunnel.p4(114) Condition "hdr.ipv4.isValid()" (node_2) is false
[09:37:45.322] [bmv2] [D] [thread 15954] [1.0] [cxt 0] Pipeline 'ingress': end
[09:37:45.322] [bmv2] [D] [thread 15954] [1.0] [cxt 0] Egress port is 0
[09:37:45.322] [bmv2] [D] [thread 15955] [1.0] [cxt 0] Pipeline 'egress': start
[09:37:45.322] [bmv2] [D] [thread 15955] [1.0] [cxt 0] Pipeline 'egress': end
[09:37:45.322] [bmv2] [D] [thread 15955] [1.0] [cxt 0] Deparser 'deparser': start
[09:37:45.322] [bmv2] [T] [thread 15955] [1.0] [cxt 0] Skipping checksum 'cksum' update because condition not met
[09:37:45.322] [bmv2] [D] [thread 15955] [1.0] [cxt 0] Deparsing header 'ethernet'
[09:37:45.322] [bmv2] [D] [thread 15955] [1.0] [cxt 0] Deparser 'deparser': end
[09:37:45.322] [bmv2] [D] [thread 15959] [1.0] [cxt 0] Transmitting packet of size 90 out of port 0
[09:37:45.468] [bmv2] [D] [thread 15954] [2.0] [cxt 0] Processing packet received on port 2
[09:37:45.468] [bmv2] [D] [thread 15954] [2.0] [cxt 0] Parser 'parser': start
[09:37:45.468] [bmv2] [D] [thread 15954] [2.0] [cxt 0] Parser 'parser' entering state 'start'
[09:37:45.468] [bmv2] [D] [thread 15954] [2.0] [cxt 0] Extracting header 'ethernet'
[09:37:45.468] [bmv2] [D] [thread 15954] [2.0] [cxt 0] Parser state 'start': key is 86dd
[09:37:45.468] [bmv2] [T] [thread 15954] [2.0] [cxt 0] Bytes parsed: 14
[09:37:45.468] [bmv2] [D] [thread 15954] [2.0] [cxt 0] Parser 'parser': end
[09:37:45.468] [bmv2] [D] [thread 15954] [2.0] [cxt 0] Pipeline 'ingress': start
[09:37:45.468] [bmv2] [T] [thread 15954] [2.0] [cxt 0] basic_tunnel.p4(114) Condition "hdr.ipv4.isValid()" (node_2) is false
[09:37:45.468] [bmv2] [D] [thread 15954] [2.0] [cxt 0] Pipeline 'ingress': end
[09:37:45.468] [bmv2] [D] [thread 15954] [2.0] [cxt 0] Egress port is 0
[09:37:45.468] [bmv2] [D] [thread 15955] [2.0] [cxt 0] Pipeline 'egress': start
[09:37:45.468] [bmv2] [D] [thread 15955] [2.0] [cxt 0] Pipeline 'egress': end
[09:37:45.468] [bmv2] [D] [thread 15955] [2.0] [cxt 0] Deparser 'deparser': start
[09:37:45.468] [bmv2] [T] [thread 15955] [2.0] [cxt 0] Skipping checksum 'cksum' update because condition not met
[09:37:45.468] [bmv2] [D] [thread 15955] [2.0] [cxt 0] Deparsing header 'ethernet'
[09:37:45.468] [bmv2] [D] [thread 15955] [2.0] [cxt 0] Deparser 'deparser': end
[09:37:45.468] [bmv2] [D] [thread 15959] [2.0] [cxt 0] Transmitting packet of size 78 out of port 0
[09:37:45.599] [bmv2] [D] [thread 15954] [3.0] [cxt 0] Processing packet received on port 2
[09:37:45.599] [bmv2] [D] [thread 15954] [3.0] [cxt 0] Parser 'parser': start
[09:37:45.599] [bmv2] [D] [thread 15954] [3.0] [cxt 0] Parser 'parser' entering state 'start'
[09:37:45.599] [bmv2] [D] [thread 15954] [3.0] [cxt 0] Extracting header 'ethernet'
[09:37:45.599] [bmv2] [D] [thread 15954] [3.0] [cxt 0] Parser state 'start': key is 86dd
[09:37:45.599] [bmv2] [T] [thread 15954] [3.0] [cxt 0] Bytes parsed: 14
[09:37:45.599] [bmv2] [D] [thread 15954] [3.0] [cxt 0] Parser 'parser': end
[09:37:45.599] [bmv2] [D] [thread 15954] [3.0] [cxt 0] Pipeline 'ingress': start
[09:37:45.599] [bmv2] [T] [thread 15954] [3.0] [cxt 0] basic_tunnel.p4(114) Condition "hdr.ipv4.isValid()" (node_2) is false
[09:37:45.599] [bmv2] [D] [thread 15954] [3.0] [cxt 0] Pipeline 'ingress': end
[09:37:45.599] [bmv2] [D] [thread 15954] [3.0] [cxt 0] Egress port is 0
[09:37:45.599] [bmv2] [D] [thread 15954] [4.0] [cxt 0] Processing packet received on port 2
[09:37:45.599] [bmv2] [D] [thread 15954] [4.0] [cxt 0] Parser 'parser': start
[09:37:45.599] [bmv2] [D] [thread 15954] [4.0] [cxt 0] Parser 'parser' entering state 'start'
[09:37:45.599] [bmv2] [D] [thread 15954] [4.0] [cxt 0] Extracting header 'ethernet'
[09:37:45.599] [bmv2] [D] [thread 15954] [4.0] [cxt 0] Parser state 'start': key is 86dd
[09:37:45.599] [bmv2] [T] [thread 15954] [4.0] [cxt 0] Bytes parsed: 14
[09:37:45.599] [bmv2] [D] [thread 15954] [4.0] [cxt 0] Parser 'parser': end
[09:37:45.599] [bmv2] [D] [thread 15954] [4.0] [cxt 0] Pipeline 'ingress': start
[09:37:45.599] [bmv2] [T] [thread 15954] [4.0] [cxt 0] basic_tunnel.p4(114) Condition "hdr.ipv4.isValid()" (node_2) is false
[09:37:45.599] [bmv2] [D] [thread 15954] [4.0] [cxt 0] Pipeline 'ingress': end
[09:37:45.599] [bmv2] [D] [thread 15954] [4.0] [cxt 0] Egress port is 0
[09:37:45.599] [bmv2] [D] [thread 15955] [3.0] [cxt 0] Pipeline 'egress': start
[09:37:45.599] [bmv2] [D] [thread 15955] [3.0] [cxt 0] Pipeline 'egress': end
[09:37:45.599] [bmv2] [D] [thread 15955] [3.0] [cxt 0] Deparser 'deparser': start
[09:37:45.599] [bmv2] [T] [thread 15955] [3.0] [cxt 0] Skipping checksum 'cksum' update because condition not met
[09:37:45.599] [bmv2] [D] [thread 15955] [3.0] [cxt 0] Deparsing header 'ethernet'
[09:37:45.599] [bmv2] [D] [thread 15955] [3.0] [cxt 0] Deparser 'deparser': end
[09:37:45.599] [bmv2] [D] [thread 15955] [4.0] [cxt 0] Pipeline 'egress': start
[09:37:45.599] [bmv2] [D] [thread 15955] [4.0] [cxt 0] Pipeline 'egress': end
[09:37:45.599] [bmv2] [D] [thread 15955] [4.0] [cxt 0] Deparser 'deparser': start
[09:37:45.599] [bmv2] [T] [thread 15955] [4.0] [cxt 0] Skipping checksum 'cksum' update because condition not met
[09:37:45.599] [bmv2] [D] [thread 15955] [4.0] [cxt 0] Deparsing header 'ethernet'
[09:37:45.599] [bmv2] [D] [thread 15955] [4.0] [cxt 0] Deparser 'deparser': end
[09:37:45.600] [bmv2] [D] [thread 15959] [3.0] [cxt 0] Transmitting packet of size 90 out of port 0
[09:37:45.600] [bmv2] [D] [thread 15959] [4.0] [cxt 0] Transmitting packet of size 70 out of port 0
[09:37:45.937] [bmv2] [D] [thread 15954] [5.0] [cxt 0] Processing packet received on port 3
[09:37:45.937] [bmv2] [D] [thread 15954] [5.0] [cxt 0] Parser 'parser': start
[09:37:45.937] [bmv2] [D] [thread 15954] [5.0] [cxt 0] Parser 'parser' entering state 'start'
[09:37:45.937] [bmv2] [D] [thread 15954] [5.0] [cxt 0] Extracting header 'ethernet'
[09:37:45.937] [bmv2] [D] [thread 15954] [5.0] [cxt 0] Parser state 'start': key is 86dd
[09:37:45.937] [bmv2] [T] [thread 15954] [5.0] [cxt 0] Bytes parsed: 14
[09:37:45.937] [bmv2] [D] [thread 15954] [5.0] [cxt 0] Parser 'parser': end
[09:37:45.937] [bmv2] [D] [thread 15954] [5.0] [cxt 0] Pipeline 'ingress': start
[09:37:45.937] [bmv2] [T] [thread 15954] [5.0] [cxt 0] basic_tunnel.p4(114) Condition "hdr.ipv4.isValid()" (node_2) is false
[09:37:45.937] [bmv2] [D] [thread 15954] [5.0] [cxt 0] Pipeline 'ingress': end
[09:37:45.937] [bmv2] [D] [thread 15954] [5.0] [cxt 0] Egress port is 0
[09:37:45.937] [bmv2] [D] [thread 15954] [6.0] [cxt 0] Processing packet received on port 3
[09:37:45.937] [bmv2] [D] [thread 15954] [6.0] [cxt 0] Parser 'parser': start
[09:37:45.937] [bmv2] [D] [thread 15954] [6.0] [cxt 0] Parser 'parser' entering state 'start'
[09:37:45.937] [bmv2] [D] [thread 15954] [6.0] [cxt 0] Extracting header 'ethernet'
[09:37:45.937] [bmv2] [D] [thread 15954] [6.0] [cxt 0] Parser state 'start': key is 86dd
[09:37:45.937] [bmv2] [T] [thread 15954] [6.0] [cxt 0] Bytes parsed: 14
[09:37:45.937] [bmv2] [D] [thread 15954] [6.0] [cxt 0] Parser 'parser': end
[09:37:45.937] [bmv2] [D] [thread 15954] [6.0] [cxt 0] Pipeline 'ingress': start
[09:37:45.937] [bmv2] [T] [thread 15954] [6.0] [cxt 0] basic_tunnel.p4(114) Condition "hdr.ipv4.isValid()" (node_2) is false
[09:37:45.937] [bmv2] [D] [thread 15954] [6.0] [cxt 0] Pipeline 'ingress': end
[09:37:45.937] [bmv2] [D] [thread 15954] [6.0] [cxt 0] Egress port is 0
[09:37:45.937] [bmv2] [D] [thread 15955] [5.0] [cxt 0] Pipeline 'egress': start
[09:37:45.937] [bmv2] [D] [thread 15955] [5.0] [cxt 0] Pipeline 'egress': end
[09:37:45.937] [bmv2] [D] [thread 15955] [5.0] [cxt 0] Deparser 'deparser': start
[09:37:45.937] [bmv2] [T] [thread 15955] [5.0] [cxt 0] Skipping checksum 'cksum' update because condition not met
[09:37:45.937] [bmv2] [D] [thread 15955] [5.0] [cxt 0] Deparsing header 'ethernet'
[09:37:45.937] [bmv2] [D] [thread 15955] [5.0] [cxt 0] Deparser 'deparser': end
[09:37:45.937] [bmv2] [D] [thread 15955] [6.0] [cxt 0] Pipeline 'egress': start
[09:37:45.937] [bmv2] [D] [thread 15955] [6.0] [cxt 0] Pipeline 'egress': end
[09:37:45.937] [bmv2] [D] [thread 15955] [6.0] [cxt 0] Deparser 'deparser': start
[09:37:45.937] [bmv2] [T] [thread 15955] [6.0] [cxt 0] Skipping checksum 'cksum' update because condition not met
[09:37:45.937] [bmv2] [D] [thread 15955] [6.0] [cxt 0] Deparsing header 'ethernet'
[09:37:45.937] [bmv2] [D] [thread 15955] [6.0] [cxt 0] Deparser 'deparser': end
[09:37:45.937] [bmv2] [D] [thread 15959] [5.0] [cxt 0] Transmitting packet of size 90 out of port 0
[09:37:45.937] [bmv2] [D] [thread 15959] [6.0] [cxt 0] Transmitting packet of size 70 out of port 0
[09:37:46.095] [bmv2] [D] [thread 15954] [7.0] [cxt 0] Processing packet received on port 1
[09:37:46.095] [bmv2] [D] [thread 15954] [7.0] [cxt 0] Parser 'parser': start
[09:37:46.095] [bmv2] [D] [thread 15954] [7.0] [cxt 0] Parser 'parser' entering state 'start'
[09:37:46.095] [bmv2] [D] [thread 15954] [7.0] [cxt 0] Extracting header 'ethernet'
[09:37:46.095] [bmv2] [D] [thread 15954] [7.0] [cxt 0] Parser state 'start': key is 86dd
[09:37:46.095] [bmv2] [T] [thread 15954] [7.0] [cxt 0] Bytes parsed: 14
[09:37:46.095] [bmv2] [D] [thread 15954] [7.0] [cxt 0] Parser 'parser': end
[09:37:46.095] [bmv2] [D] [thread 15954] [7.0] [cxt 0] Pipeline 'ingress': start
[09:37:46.095] [bmv2] [T] [thread 15954] [7.0] [cxt 0] basic_tunnel.p4(114) Condition "hdr.ipv4.isValid()" (node_2) is false
[09:37:46.095] [bmv2] [D] [thread 15954] [7.0] [cxt 0] Pipeline 'ingress': end
[09:37:46.095] [bmv2] [D] [thread 15954] [7.0] [cxt 0] Egress port is 0
[09:37:46.095] [bmv2] [D] [thread 15954] [8.0] [cxt 0] Processing packet received on port 1
[09:37:46.095] [bmv2] [D] [thread 15954] [8.0] [cxt 0] Parser 'parser': start
[09:37:46.095] [bmv2] [D] [thread 15954] [8.0] [cxt 0] Parser 'parser' entering state 'start'
[09:37:46.095] [bmv2] [D] [thread 15954] [8.0] [cxt 0] Extracting header 'ethernet'
[09:37:46.095] [bmv2] [D] [thread 15954] [8.0] [cxt 0] Parser state 'start': key is 86dd
[09:37:46.095] [bmv2] [T] [thread 15954] [8.0] [cxt 0] Bytes parsed: 14
[09:37:46.095] [bmv2] [D] [thread 15954] [8.0] [cxt 0] Parser 'parser': end
[09:37:46.095] [bmv2] [D] [thread 15954] [8.0] [cxt 0] Pipeline 'ingress': start
[09:37:46.095] [bmv2] [T] [thread 15954] [8.0] [cxt 0] basic_tunnel.p4(114) Condition "hdr.ipv4.isValid()" (node_2) is false
[09:37:46.095] [bmv2] [D] [thread 15954] [8.0] [cxt 0] Pipeline 'ingress': end
[09:37:46.095] [bmv2] [D] [thread 15954] [8.0] [cxt 0] Egress port is 0
[09:37:46.095] [bmv2] [D] [thread 15955] [7.0] [cxt 0] Pipeline 'egress': start
[09:37:46.095] [bmv2] [D] [thread 15955] [7.0] [cxt 0] Pipeline 'egress': end
[09:37:46.095] [bmv2] [D] [thread 15955] [7.0] [cxt 0] Deparser 'deparser': start
[09:37:46.095] [bmv2] [T] [thread 15955] [7.0] [cxt 0] Skipping checksum 'cksum' update because condition not met
[09:37:46.095] [bmv2] [D] [thread 15955] [7.0] [cxt 0] Deparsing header 'ethernet'
[09:37:46.095] [bmv2] [D] [thread 15955] [7.0] [cxt 0] Deparser 'deparser': end
[09:37:46.095] [bmv2] [D] [thread 15955] [8.0] [cxt 0] Pipeline 'egress': start
[09:37:46.095] [bmv2] [D] [thread 15955] [8.0] [cxt 0] Pipeline 'egress': end
[09:37:46.095] [bmv2] [D] [thread 15955] [8.0] [cxt 0] Deparser 'deparser': start
[09:37:46.095] [bmv2] [T] [thread 15955] [8.0] [cxt 0] Skipping checksum 'cksum' update because condition not met
[09:37:46.095] [bmv2] [D] [thread 15955] [8.0] [cxt 0] Deparsing header 'ethernet'
[09:37:46.095] [bmv2] [D] [thread 15955] [8.0] [cxt 0] Deparser 'deparser': end
[09:37:46.095] [bmv2] [D] [thread 15959] [7.0] [cxt 0] Transmitting packet of size 90 out of port 0
[09:37:46.095] [bmv2] [D] [thread 15959] [8.0] [cxt 0] Transmitting packet of size 70 out of port 0
[09:37:46.130] [bmv2] [D] [thread 15954] [9.0] [cxt 0] Processing packet received on port 2
[09:37:46.130] [bmv2] [D] [thread 15954] [9.0] [cxt 0] Parser 'parser': start
[09:37:46.130] [bmv2] [D] [thread 15954] [9.0] [cxt 0] Parser 'parser' entering state 'start'
[09:37:46.130] [bmv2] [D] [thread 15954] [9.0] [cxt 0] Extracting header 'ethernet'
[09:37:46.130] [bmv2] [D] [thread 15954] [9.0] [cxt 0] Parser state 'start': key is 86dd
[09:37:46.130] [bmv2] [T] [thread 15954] [9.0] [cxt 0] Bytes parsed: 14
[09:37:46.130] [bmv2] [D] [thread 15954] [9.0] [cxt 0] Parser 'parser': end
[09:37:46.130] [bmv2] [D] [thread 15954] [9.0] [cxt 0] Pipeline 'ingress': start
[09:37:46.130] [bmv2] [T] [thread 15954] [9.0] [cxt 0] basic_tunnel.p4(114) Condition "hdr.ipv4.isValid()" (node_2) is false
[09:37:46.130] [bmv2] [D] [thread 15954] [9.0] [cxt 0] Pipeline 'ingress': end
[09:37:46.130] [bmv2] [D] [thread 15954] [9.0] [cxt 0] Egress port is 0
[09:37:46.130] [bmv2] [D] [thread 15955] [9.0] [cxt 0] Pipeline 'egress': start
[09:37:46.130] [bmv2] [D] [thread 15955] [9.0] [cxt 0] Pipeline 'egress': end
[09:37:46.130] [bmv2] [D] [thread 15955] [9.0] [cxt 0] Deparser 'deparser': start
[09:37:46.130] [bmv2] [T] [thread 15955] [9.0] [cxt 0] Skipping checksum 'cksum' update because condition not met
[09:37:46.130] [bmv2] [D] [thread 15955] [9.0] [cxt 0] Deparsing header 'ethernet'
[09:37:46.130] [bmv2] [D] [thread 15955] [9.0] [cxt 0] Deparser 'deparser': end
[09:37:46.130] [bmv2] [D] [thread 15959] [9.0] [cxt 0] Transmitting packet of size 90 out of port 0
[09:37:46.319] [bmv2] [D] [thread 15954] [10.0] [cxt 0] Processing packet received on port 3
[09:37:46.319] [bmv2] [D] [thread 15954] [10.0] [cxt 0] Parser 'parser': start
[09:37:46.319] [bmv2] [D] [thread 15954] [10.0] [cxt 0] Parser 'parser' entering state 'start'
[09:37:46.319] [bmv2] [D] [thread 15954] [10.0] [cxt 0] Extracting header 'ethernet'
[09:37:46.319] [bmv2] [D] [thread 15954] [10.0] [cxt 0] Parser state 'start': key is 86dd
[09:37:46.319] [bmv2] [T] [thread 15954] [10.0] [cxt 0] Bytes parsed: 14
[09:37:46.319] [bmv2] [D] [thread 15954] [10.0] [cxt 0] Parser 'parser': end
[09:37:46.319] [bmv2] [D] [thread 15954] [10.0] [cxt 0] Pipeline 'ingress': start
[09:37:46.319] [bmv2] [T] [thread 15954] [10.0] [cxt 0] basic_tunnel.p4(114) Condition "hdr.ipv4.isValid()" (node_2) is false
[09:37:46.319] [bmv2] [D] [thread 15954] [10.0] [cxt 0] Pipeline 'ingress': end
[09:37:46.319] [bmv2] [D] [thread 15954] [10.0] [cxt 0] Egress port is 0
[09:37:46.319] [bmv2] [D] [thread 15954] [11.0] [cxt 0] Processing packet received on port 3
[09:37:46.319] [bmv2] [D] [thread 15954] [11.0] [cxt 0] Parser 'parser': start
[09:37:46.319] [bmv2] [D] [thread 15954] [11.0] [cxt 0] Parser 'parser' entering state 'start'
[09:37:46.319] [bmv2] [D] [thread 15954] [11.0] [cxt 0] Extracting header 'ethernet'
[09:37:46.319] [bmv2] [D] [thread 15954] [11.0] [cxt 0] Parser state 'start': key is 86dd
[09:37:46.319] [bmv2] [T] [thread 15954] [11.0] [cxt 0] Bytes parsed: 14
[09:37:46.319] [bmv2] [D] [thread 15954] [11.0] [cxt 0] Parser 'parser': end
[09:37:46.319] [bmv2] [D] [thread 15954] [11.0] [cxt 0] Pipeline 'ingress': start
[09:37:46.319] [bmv2] [T] [thread 15954] [11.0] [cxt 0] basic_tunnel.p4(114) Condition "hdr.ipv4.isValid()" (node_2) is false
[09:37:46.319] [bmv2] [D] [thread 15954] [11.0] [cxt 0] Pipeline 'ingress': end
[09:37:46.319] [bmv2] [D] [thread 15954] [11.0] [cxt 0] Egress port is 0
[09:37:46.319] [bmv2] [D] [thread 15955] [10.0] [cxt 0] Pipeline 'egress': start
[09:37:46.319] [bmv2] [D] [thread 15955] [10.0] [cxt 0] Pipeline 'egress': end
[09:37:46.319] [bmv2] [D] [thread 15955] [10.0] [cxt 0] Deparser 'deparser': start
[09:37:46.319] [bmv2] [T] [thread 15955] [10.0] [cxt 0] Skipping checksum 'cksum' update because condition not met
[09:37:46.319] [bmv2] [D] [thread 15955] [10.0] [cxt 0] Deparsing header 'ethernet'
[09:37:46.319] [bmv2] [D] [thread 15955] [10.0] [cxt 0] Deparser 'deparser': end
[09:37:46.319] [bmv2] [D] [thread 15955] [11.0] [cxt 0] Pipeline 'egress': start
[09:37:46.319] [bmv2] [D] [thread 15955] [11.0] [cxt 0] Pipeline 'egress': end
[09:37:46.319] [bmv2] [D] [thread 15955] [11.0] [cxt 0] Deparser 'deparser': start
[09:37:46.319] [bmv2] [T] [thread 15955] [11.0] [cxt 0] Skipping checksum 'cksum' update because condition not met
[09:37:46.319] [bmv2] [D] [thread 15955] [11.0] [cxt 0] Deparsing header 'ethernet'
[09:37:46.319] [bmv2] [D] [thread 15955] [11.0] [cxt 0] Deparser 'deparser': end
[09:37:46.319] [bmv2] [D] [thread 15959] [10.0] [cxt 0] Transmitting packet of size 90 out of port 0
[09:37:46.319] [bmv2] [D] [thread 15959] [11.0] [cxt 0] Transmitting packet of size 70 out of port 0
[09:37:46.370] [bmv2] [D] [thread 15954] [12.0] [cxt 0] Processing packet received on port 3
[09:37:46.370] [bmv2] [D] [thread 15954] [12.0] [cxt 0] Parser 'parser': start
[09:37:46.370] [bmv2] [D] [thread 15954] [12.0] [cxt 0] Parser 'parser' entering state 'start'
[09:37:46.370] [bmv2] [D] [thread 15954] [12.0] [cxt 0] Extracting header 'ethernet'
[09:37:46.370] [bmv2] [D] [thread 15954] [12.0] [cxt 0] Parser state 'start': key is 86dd
[09:37:46.370] [bmv2] [T] [thread 15954] [12.0] [cxt 0] Bytes parsed: 14
[09:37:46.370] [bmv2] [D] [thread 15954] [12.0] [cxt 0] Parser 'parser': end
[09:37:46.370] [bmv2] [D] [thread 15954] [12.0] [cxt 0] Pipeline 'ingress': start
[09:37:46.370] [bmv2] [T] [thread 15954] [12.0] [cxt 0] basic_tunnel.p4(114) Condition "hdr.ipv4.isValid()" (node_2) is false
[09:37:46.370] [bmv2] [D] [thread 15954] [12.0] [cxt 0] Pipeline 'ingress': end
[09:37:46.370] [bmv2] [D] [thread 15954] [12.0] [cxt 0] Egress port is 0
[09:37:46.370] [bmv2] [D] [thread 15955] [12.0] [cxt 0] Pipeline 'egress': start
[09:37:46.370] [bmv2] [D] [thread 15955] [12.0] [cxt 0] Pipeline 'egress': end
[09:37:46.370] [bmv2] [D] [thread 15955] [12.0] [cxt 0] Deparser 'deparser': start
[09:37:46.370] [bmv2] [T] [thread 15955] [12.0] [cxt 0] Skipping checksum 'cksum' update because condition not met
[09:37:46.370] [bmv2] [D] [thread 15955] [12.0] [cxt 0] Deparsing header 'ethernet'
[09:37:46.370] [bmv2] [D] [thread 15955] [12.0] [cxt 0] Deparser 'deparser': end
[09:37:46.370] [bmv2] [D] [thread 15959] [12.0] [cxt 0] Transmitting packet of size 90 out of port 0
[09:37:46.467] [bmv2] [D] [thread 15954] [13.0] [cxt 0] Processing packet received on port 2
[09:37:46.467] [bmv2] [D] [thread 15954] [13.0] [cxt 0] Parser 'parser': start
[09:37:46.467] [bmv2] [D] [thread 15954] [13.0] [cxt 0] Parser 'parser' entering state 'start'
[09:37:46.467] [bmv2] [D] [thread 15954] [13.0] [cxt 0] Extracting header 'ethernet'
[09:37:46.467] [bmv2] [D] [thread 15954] [13.0] [cxt 0] Parser state 'start': key is 86dd
[09:37:46.467] [bmv2] [T] [thread 15954] [13.0] [cxt 0] Bytes parsed: 14
[09:37:46.467] [bmv2] [D] [thread 15954] [13.0] [cxt 0] Parser 'parser': end
[09:37:46.467] [bmv2] [D] [thread 15954] [13.0] [cxt 0] Pipeline 'ingress': start
[09:37:46.467] [bmv2] [T] [thread 15954] [13.0] [cxt 0] basic_tunnel.p4(114) Condition "hdr.ipv4.isValid()" (node_2) is false
[09:37:46.467] [bmv2] [D] [thread 15954] [13.0] [cxt 0] Pipeline 'ingress': end
[09:37:46.467] [bmv2] [D] [thread 15954] [13.0] [cxt 0] Egress port is 0
[09:37:46.467] [bmv2] [D] [thread 15954] [14.0] [cxt 0] Processing packet received on port 2
[09:37:46.467] [bmv2] [D] [thread 15954] [14.0] [cxt 0] Parser 'parser': start
[09:37:46.467] [bmv2] [D] [thread 15954] [14.0] [cxt 0] Parser 'parser' entering state 'start'
[09:37:46.467] [bmv2] [D] [thread 15954] [14.0] [cxt 0] Extracting header 'ethernet'
[09:37:46.467] [bmv2] [D] [thread 15954] [14.0] [cxt 0] Parser state 'start': key is 86dd
[09:37:46.467] [bmv2] [T] [thread 15954] [14.0] [cxt 0] Bytes parsed: 14
[09:37:46.467] [bmv2] [D] [thread 15954] [14.0] [cxt 0] Parser 'parser': end
[09:37:46.467] [bmv2] [D] [thread 15954] [14.0] [cxt 0] Pipeline 'ingress': start
[09:37:46.467] [bmv2] [T] [thread 15954] [14.0] [cxt 0] basic_tunnel.p4(114) Condition "hdr.ipv4.isValid()" (node_2) is false
[09:37:46.467] [bmv2] [D] [thread 15954] [14.0] [cxt 0] Pipeline 'ingress': end
[09:37:46.467] [bmv2] [D] [thread 15954] [14.0] [cxt 0] Egress port is 0
[09:37:46.467] [bmv2] [D] [thread 15955] [13.0] [cxt 0] Pipeline 'egress': start
[09:37:46.467] [bmv2] [D] [thread 15955] [13.0] [cxt 0] Pipeline 'egress': end
[09:37:46.467] [bmv2] [D] [thread 15955] [13.0] [cxt 0] Deparser 'deparser': start
[09:37:46.467] [bmv2] [T] [thread 15955] [13.0] [cxt 0] Skipping checksum 'cksum' update because condition not met
[09:37:46.467] [bmv2] [D] [thread 15955] [13.0] [cxt 0] Deparsing header 'ethernet'
[09:37:46.467] [bmv2] [D] [thread 15955] [13.0] [cxt 0] Deparser 'deparser': end
[09:37:46.467] [bmv2] [D] [thread 15955] [14.0] [cxt 0] Pipeline 'egress': start
[09:37:46.467] [bmv2] [D] [thread 15955] [14.0] [cxt 0] Pipeline 'egress': end
[09:37:46.467] [bmv2] [D] [thread 15955] [14.0] [cxt 0] Deparser 'deparser': start
[09:37:46.467] [bmv2] [T] [thread 15955] [14.0] [cxt 0] Skipping checksum 'cksum' update because condition not met
[09:37:46.467] [bmv2] [D] [thread 15955] [14.0] [cxt 0] Deparsing header 'ethernet'
[09:37:46.467] [bmv2] [D] [thread 15955] [14.0] [cxt 0] Deparser 'deparser': end
[09:37:46.467] [bmv2] [D] [thread 15959] [13.0] [cxt 0] Transmitting packet of size 90 out of port 0
[09:37:46.467] [bmv2] [D] [thread 15959] [14.0] [cxt 0] Transmitting packet of size 70 out of port 0
[09:37:46.766] [bmv2] [D] [thread 15954] [15.0] [cxt 0] Processing packet received on port 3
[09:37:46.766] [bmv2] [D] [thread 15954] [15.0] [cxt 0] Parser 'parser': start
[09:37:46.766] [bmv2] [D] [thread 15954] [15.0] [cxt 0] Parser 'parser' entering state 'start'
[09:37:46.766] [bmv2] [D] [thread 15954] [15.0] [cxt 0] Extracting header 'ethernet'
[09:37:46.766] [bmv2] [D] [thread 15954] [15.0] [cxt 0] Parser state 'start': key is 86dd
[09:37:46.766] [bmv2] [T] [thread 15954] [15.0] [cxt 0] Bytes parsed: 14
[09:37:46.766] [bmv2] [D] [thread 15954] [15.0] [cxt 0] Parser 'parser': end
[09:37:46.766] [bmv2] [D] [thread 15954] [15.0] [cxt 0] Pipeline 'ingress': start
[09:37:46.766] [bmv2] [T] [thread 15954] [15.0] [cxt 0] basic_tunnel.p4(114) Condition "hdr.ipv4.isValid()" (node_2) is false
[09:37:46.766] [bmv2] [D] [thread 15954] [15.0] [cxt 0] Pipeline 'ingress': end
[09:37:46.766] [bmv2] [D] [thread 15954] [15.0] [cxt 0] Egress port is 0
[09:37:46.766] [bmv2] [D] [thread 15955] [15.0] [cxt 0] Pipeline 'egress': start
[09:37:46.766] [bmv2] [D] [thread 15955] [15.0] [cxt 0] Pipeline 'egress': end
[09:37:46.766] [bmv2] [D] [thread 15955] [15.0] [cxt 0] Deparser 'deparser': start
[09:37:46.766] [bmv2] [T] [thread 15955] [15.0] [cxt 0] Skipping checksum 'cksum' update because condition not met
[09:37:46.766] [bmv2] [D] [thread 15955] [15.0] [cxt 0] Deparsing header 'ethernet'
[09:37:46.766] [bmv2] [D] [thread 15955] [15.0] [cxt 0] Deparser 'deparser': end
[09:37:46.766] [bmv2] [D] [thread 15959] [15.0] [cxt 0] Transmitting packet of size 90 out of port 0
[09:37:46.857] [bmv2] [D] [thread 15954] [16.0] [cxt 0] Processing packet received on port 1
[09:37:46.857] [bmv2] [D] [thread 15954] [16.0] [cxt 0] Parser 'parser': start
[09:37:46.857] [bmv2] [D] [thread 15954] [16.0] [cxt 0] Parser 'parser' entering state 'start'
[09:37:46.857] [bmv2] [D] [thread 15954] [16.0] [cxt 0] Extracting header 'ethernet'
[09:37:46.857] [bmv2] [D] [thread 15954] [16.0] [cxt 0] Parser state 'start': key is 86dd
[09:37:46.857] [bmv2] [T] [thread 15954] [16.0] [cxt 0] Bytes parsed: 14
[09:37:46.857] [bmv2] [D] [thread 15954] [16.0] [cxt 0] Parser 'parser': end
[09:37:46.857] [bmv2] [D] [thread 15954] [16.0] [cxt 0] Pipeline 'ingress': start
[09:37:46.857] [bmv2] [T] [thread 15954] [16.0] [cxt 0] basic_tunnel.p4(114) Condition "hdr.ipv4.isValid()" (node_2) is false
[09:37:46.857] [bmv2] [D] [thread 15954] [16.0] [cxt 0] Pipeline 'ingress': end
[09:37:46.857] [bmv2] [D] [thread 15954] [16.0] [cxt 0] Egress port is 0
[09:37:46.857] [bmv2] [D] [thread 15955] [16.0] [cxt 0] Pipeline 'egress': start
[09:37:46.857] [bmv2] [D] [thread 15955] [16.0] [cxt 0] Pipeline 'egress': end
[09:37:46.857] [bmv2] [D] [thread 15955] [16.0] [cxt 0] Deparser 'deparser': start
[09:37:46.857] [bmv2] [T] [thread 15955] [16.0] [cxt 0] Skipping checksum 'cksum' update because condition not met
[09:37:46.857] [bmv2] [D] [thread 15955] [16.0] [cxt 0] Deparsing header 'ethernet'
[09:37:46.857] [bmv2] [D] [thread 15955] [16.0] [cxt 0] Deparser 'deparser': end
[09:37:46.857] [bmv2] [D] [thread 15959] [16.0] [cxt 0] Transmitting packet of size 90 out of port 0
[09:37:47.158] [bmv2] [D] [thread 15954] [17.0] [cxt 0] Processing packet received on port 2
[09:37:47.158] [bmv2] [D] [thread 15954] [17.0] [cxt 0] Parser 'parser': start
[09:37:47.158] [bmv2] [D] [thread 15954] [17.0] [cxt 0] Parser 'parser' entering state 'start'
[09:37:47.158] [bmv2] [D] [thread 15954] [17.0] [cxt 0] Extracting header 'ethernet'
[09:37:47.158] [bmv2] [D] [thread 15954] [17.0] [cxt 0] Parser state 'start': key is 86dd
[09:37:47.158] [bmv2] [T] [thread 15954] [17.0] [cxt 0] Bytes parsed: 14
[09:37:47.158] [bmv2] [D] [thread 15954] [17.0] [cxt 0] Parser 'parser': end
[09:37:47.158] [bmv2] [D] [thread 15954] [17.0] [cxt 0] Pipeline 'ingress': start
[09:37:47.158] [bmv2] [T] [thread 15954] [17.0] [cxt 0] basic_tunnel.p4(114) Condition "hdr.ipv4.isValid()" (node_2) is false
[09:37:47.158] [bmv2] [D] [thread 15954] [17.0] [cxt 0] Pipeline 'ingress': end
[09:37:47.158] [bmv2] [D] [thread 15954] [17.0] [cxt 0] Egress port is 0
[09:37:47.158] [bmv2] [D] [thread 15955] [17.0] [cxt 0] Pipeline 'egress': start
[09:37:47.158] [bmv2] [D] [thread 15955] [17.0] [cxt 0] Pipeline 'egress': end
[09:37:47.158] [bmv2] [D] [thread 15955] [17.0] [cxt 0] Deparser 'deparser': start
[09:37:47.158] [bmv2] [T] [thread 15955] [17.0] [cxt 0] Skipping checksum 'cksum' update because condition not met
[09:37:47.158] [bmv2] [D] [thread 15955] [17.0] [cxt 0] Deparsing header 'ethernet'
[09:37:47.158] [bmv2] [D] [thread 15955] [17.0] [cxt 0] Deparser 'deparser': end
[09:37:47.158] [bmv2] [D] [thread 15959] [17.0] [cxt 0] Transmitting packet of size 90 out of port 0
New connection
P4Runtime SetForwardingPipelineConfig
[09:37:47.272] [bmv2] [W] [thread 15997] [P4Runtime] p4::tmp::P4DeviceConfig is deprecated
[09:37:47.272] [bmv2] [D] [thread 15997] Set default default entry for table 'tbl_drop': MyIngress.drop - 
[09:37:47.272] [bmv2] [D] [thread 15997] Set default default entry for table 'MyIngress.ipv4_lpm': MyIngress.drop - 
P4Runtime Write
device_id: 1
election_id {
  low: 1
}
updates {
  type: INSERT
  entity {
    table_entry {
      table_id: 33574068
      match {
        field_id: 1
        lpm {
          value: "\n\000\001\001"
          prefix_len: 32
        }
      }
      action {
        action {
          action_id: 16799317
          params {
            param_id: 1
            value: "\010\000\000\000\001\000"
          }
          params {
            param_id: 2
            value: "\000\002"
          }
        }
      }
    }
  }
}
[09:37:47.282] [bmv2] [D] [thread 15997] Entry 0 added to table 'MyIngress.ipv4_lpm'
[09:37:47.282] [bmv2] [D] [thread 15997] Dumping entry 0
Match key:
* hdr.ipv4.dstAddr    : LPM       0a000101/32
Action entry: MyIngress.ipv4_forward - 80000000100,2,

P4Runtime Write
device_id: 1
election_id {
  low: 1
}
updates {
  type: INSERT
  entity {
    table_entry {
      table_id: 33574068
      match {
        field_id: 1
        lpm {
          value: "\n\000\002\002"
          prefix_len: 32
        }
      }
      action {
        action {
          action_id: 16799317
          params {
            param_id: 1
            value: "\010\000\000\000\002\""
          }
          params {
            param_id: 2
            value: "\000\001"
          }
        }
      }
    }
  }
}
[09:37:47.283] [bmv2] [D] [thread 15997] Entry 1 added to table 'MyIngress.ipv4_lpm'
[09:37:47.283] [bmv2] [D] [thread 15997] Dumping entry 1
Match key:
* hdr.ipv4.dstAddr    : LPM       0a000202/32
Action entry: MyIngress.ipv4_forward - 80000000222,1,

P4Runtime Write
device_id: 1
election_id {
  low: 1
}
updates {
  type: INSERT
  entity {
    table_entry {
      table_id: 33574068
      match {
        field_id: 1
        lpm {
          value: "\n\000\003\003"
          prefix_len: 32
        }
      }
      action {
        action {
          action_id: 16799317
          params {
            param_id: 1
            value: "\010\000\000\000\003\000"
          }
          params {
            param_id: 2
            value: "\000\003"
          }
        }
      }
    }
  }
}
[09:37:47.284] [bmv2] [D] [thread 15997] Entry 2 added to table 'MyIngress.ipv4_lpm'
[09:37:47.284] [bmv2] [D] [thread 15997] Dumping entry 2
Match key:
* hdr.ipv4.dstAddr    : LPM       0a000303/32
Action entry: MyIngress.ipv4_forward - 80000000300,3,

P4Runtime Write
device_id: 1
election_id {
  low: 1
}
updates {
  type: INSERT
  entity {
    table_entry {
      table_id: 33574068
      match {
        field_id: 1
        lpm {
          value: "\300\000\000\000"
          prefix_len: 8
        }
      }
      action {
        action {
          action_id: 16799317
          params {
            param_id: 1
            value: "\010\000\000\000\001\000"
          }
          params {
            param_id: 2
            value: "\000\002"
          }
        }
      }
    }
  }
}
[09:37:47.285] [bmv2] [D] [thread 15997] Entry 3 added to table 'MyIngress.ipv4_lpm'
[09:37:47.285] [bmv2] [D] [thread 15997] Dumping entry 3
Match key:
* hdr.ipv4.dstAddr    : LPM       c0000000/8
Action entry: MyIngress.ipv4_forward - 80000000100,2,

Connection removed
[09:37:49.606] [bmv2] [D] [thread 15954] [18.0] [cxt 0] Processing packet received on port 2
[09:37:49.606] [bmv2] [D] [thread 15954] [18.0] [cxt 0] Parser 'parser': start
[09:37:49.606] [bmv2] [D] [thread 15954] [18.0] [cxt 0] Parser 'parser' entering state 'start'
[09:37:49.606] [bmv2] [D] [thread 15954] [18.0] [cxt 0] Extracting header 'ethernet'
[09:37:49.606] [bmv2] [D] [thread 15954] [18.0] [cxt 0] Parser state 'start': key is 86dd
[09:37:49.606] [bmv2] [T] [thread 15954] [18.0] [cxt 0] Bytes parsed: 14
[09:37:49.606] [bmv2] [D] [thread 15954] [18.0] [cxt 0] Parser 'parser': end
[09:37:49.606] [bmv2] [D] [thread 15954] [18.0] [cxt 0] Pipeline 'ingress': start
[09:37:49.606] [bmv2] [T] [thread 15954] [18.0] [cxt 0] basic_tunnel.p4(114) Condition "hdr.ipv4.isValid()" (node_2) is false
[09:37:49.606] [bmv2] [D] [thread 15954] [18.0] [cxt 0] Pipeline 'ingress': end
[09:37:49.606] [bmv2] [D] [thread 15954] [18.0] [cxt 0] Egress port is 0
[09:37:49.606] [bmv2] [D] [thread 15955] [18.0] [cxt 0] Pipeline 'egress': start
[09:37:49.606] [bmv2] [D] [thread 15955] [18.0] [cxt 0] Pipeline 'egress': end
[09:37:49.606] [bmv2] [D] [thread 15955] [18.0] [cxt 0] Deparser 'deparser': start
[09:37:49.606] [bmv2] [T] [thread 15955] [18.0] [cxt 0] Skipping checksum 'cksum' update because condition not met
[09:37:49.606] [bmv2] [D] [thread 15955] [18.0] [cxt 0] Deparsing header 'ethernet'
[09:37:49.606] [bmv2] [D] [thread 15955] [18.0] [cxt 0] Deparser 'deparser': end
[09:37:49.606] [bmv2] [D] [thread 15959] [18.0] [cxt 0] Transmitting packet of size 70 out of port 0
[09:37:49.943] [bmv2] [D] [thread 15954] [19.0] [cxt 0] Processing packet received on port 3
[09:37:49.943] [bmv2] [D] [thread 15954] [19.0] [cxt 0] Parser 'parser': start
[09:37:49.943] [bmv2] [D] [thread 15954] [19.0] [cxt 0] Parser 'parser' entering state 'start'
[09:37:49.943] [bmv2] [D] [thread 15954] [19.0] [cxt 0] Extracting header 'ethernet'
[09:37:49.943] [bmv2] [D] [thread 15954] [19.0] [cxt 0] Parser state 'start': key is 86dd
[09:37:49.943] [bmv2] [T] [thread 15954] [19.0] [cxt 0] Bytes parsed: 14
[09:37:49.943] [bmv2] [D] [thread 15954] [19.0] [cxt 0] Parser 'parser': end
[09:37:49.943] [bmv2] [D] [thread 15954] [19.0] [cxt 0] Pipeline 'ingress': start
[09:37:49.943] [bmv2] [T] [thread 15954] [19.0] [cxt 0] basic_tunnel.p4(114) Condition "hdr.ipv4.isValid()" (node_2) is false
[09:37:49.943] [bmv2] [D] [thread 15954] [19.0] [cxt 0] Pipeline 'ingress': end
[09:37:49.943] [bmv2] [D] [thread 15954] [19.0] [cxt 0] Egress port is 0
[09:37:49.943] [bmv2] [D] [thread 15955] [19.0] [cxt 0] Pipeline 'egress': start
[09:37:49.943] [bmv2] [D] [thread 15955] [19.0] [cxt 0] Pipeline 'egress': end
[09:37:49.943] [bmv2] [D] [thread 15955] [19.0] [cxt 0] Deparser 'deparser': start
[09:37:49.943] [bmv2] [T] [thread 15955] [19.0] [cxt 0] Skipping checksum 'cksum' update because condition not met
[09:37:49.943] [bmv2] [D] [thread 15955] [19.0] [cxt 0] Deparsing header 'ethernet'
[09:37:49.943] [bmv2] [D] [thread 15955] [19.0] [cxt 0] Deparser 'deparser': end
[09:37:49.943] [bmv2] [D] [thread 15959] [19.0] [cxt 0] Transmitting packet of size 70 out of port 0
[09:37:50.103] [bmv2] [D] [thread 15954] [20.0] [cxt 0] Processing packet received on port 1
[09:37:50.103] [bmv2] [D] [thread 15954] [20.0] [cxt 0] Parser 'parser': start
[09:37:50.103] [bmv2] [D] [thread 15954] [20.0] [cxt 0] Parser 'parser' entering state 'start'
[09:37:50.103] [bmv2] [D] [thread 15954] [20.0] [cxt 0] Extracting header 'ethernet'
[09:37:50.103] [bmv2] [D] [thread 15954] [20.0] [cxt 0] Parser state 'start': key is 86dd
[09:37:50.103] [bmv2] [T] [thread 15954] [20.0] [cxt 0] Bytes parsed: 14
[09:37:50.103] [bmv2] [D] [thread 15954] [20.0] [cxt 0] Parser 'parser': end
[09:37:50.103] [bmv2] [D] [thread 15954] [20.0] [cxt 0] Pipeline 'ingress': start
[09:37:50.103] [bmv2] [T] [thread 15954] [20.0] [cxt 0] basic_tunnel.p4(114) Condition "hdr.ipv4.isValid()" (node_2) is false
[09:37:50.103] [bmv2] [D] [thread 15954] [20.0] [cxt 0] Pipeline 'ingress': end
[09:37:50.103] [bmv2] [D] [thread 15954] [20.0] [cxt 0] Egress port is 0
[09:37:50.103] [bmv2] [D] [thread 15955] [20.0] [cxt 0] Pipeline 'egress': start
[09:37:50.103] [bmv2] [D] [thread 15955] [20.0] [cxt 0] Pipeline 'egress': end
[09:37:50.103] [bmv2] [D] [thread 15955] [20.0] [cxt 0] Deparser 'deparser': start
[09:37:50.103] [bmv2] [T] [thread 15955] [20.0] [cxt 0] Skipping checksum 'cksum' update because condition not met
[09:37:50.103] [bmv2] [D] [thread 15955] [20.0] [cxt 0] Deparsing header 'ethernet'
[09:37:50.103] [bmv2] [D] [thread 15955] [20.0] [cxt 0] Deparser 'deparser': end
[09:37:50.103] [bmv2] [D] [thread 15959] [20.0] [cxt 0] Transmitting packet of size 70 out of port 0
[09:37:50.326] [bmv2] [D] [thread 15954] [21.0] [cxt 0] Processing packet received on port 3
[09:37:50.327] [bmv2] [D] [thread 15954] [21.0] [cxt 0] Parser 'parser': start
[09:37:50.327] [bmv2] [D] [thread 15954] [21.0] [cxt 0] Parser 'parser' entering state 'start'
[09:37:50.327] [bmv2] [D] [thread 15954] [21.0] [cxt 0] Extracting header 'ethernet'
[09:37:50.327] [bmv2] [D] [thread 15954] [21.0] [cxt 0] Parser state 'start': key is 86dd
[09:37:50.327] [bmv2] [T] [thread 15954] [21.0] [cxt 0] Bytes parsed: 14
[09:37:50.327] [bmv2] [D] [thread 15954] [21.0] [cxt 0] Parser 'parser': end
[09:37:50.327] [bmv2] [D] [thread 15954] [21.0] [cxt 0] Pipeline 'ingress': start
[09:37:50.327] [bmv2] [T] [thread 15954] [21.0] [cxt 0] basic_tunnel.p4(114) Condition "hdr.ipv4.isValid()" (node_2) is false
[09:37:50.327] [bmv2] [D] [thread 15954] [21.0] [cxt 0] Pipeline 'ingress': end
[09:37:50.327] [bmv2] [D] [thread 15954] [21.0] [cxt 0] Egress port is 0
[09:37:50.327] [bmv2] [D] [thread 15955] [21.0] [cxt 0] Pipeline 'egress': start
[09:37:50.327] [bmv2] [D] [thread 15955] [21.0] [cxt 0] Pipeline 'egress': end
[09:37:50.327] [bmv2] [D] [thread 15955] [21.0] [cxt 0] Deparser 'deparser': start
[09:37:50.327] [bmv2] [T] [thread 15955] [21.0] [cxt 0] Skipping checksum 'cksum' update because condition not met
[09:37:50.327] [bmv2] [D] [thread 15955] [21.0] [cxt 0] Deparsing header 'ethernet'
[09:37:50.327] [bmv2] [D] [thread 15955] [21.0] [cxt 0] Deparser 'deparser': end
[09:37:50.327] [bmv2] [D] [thread 15959] [21.0] [cxt 0] Transmitting packet of size 70 out of port 0
[09:37:50.479] [bmv2] [D] [thread 15954] [22.0] [cxt 0] Processing packet received on port 2
[09:37:50.479] [bmv2] [D] [thread 15954] [22.0] [cxt 0] Parser 'parser': start
[09:37:50.479] [bmv2] [D] [thread 15954] [22.0] [cxt 0] Parser 'parser' entering state 'start'
[09:37:50.479] [bmv2] [D] [thread 15954] [22.0] [cxt 0] Extracting header 'ethernet'
[09:37:50.479] [bmv2] [D] [thread 15954] [22.0] [cxt 0] Parser state 'start': key is 86dd
[09:37:50.479] [bmv2] [T] [thread 15954] [22.0] [cxt 0] Bytes parsed: 14
[09:37:50.479] [bmv2] [D] [thread 15954] [22.0] [cxt 0] Parser 'parser': end
[09:37:50.479] [bmv2] [D] [thread 15954] [22.0] [cxt 0] Pipeline 'ingress': start
[09:37:50.479] [bmv2] [T] [thread 15954] [22.0] [cxt 0] basic_tunnel.p4(114) Condition "hdr.ipv4.isValid()" (node_2) is false
[09:37:50.479] [bmv2] [D] [thread 15954] [22.0] [cxt 0] Pipeline 'ingress': end
[09:37:50.479] [bmv2] [D] [thread 15954] [22.0] [cxt 0] Egress port is 0
[09:37:50.479] [bmv2] [D] [thread 15955] [22.0] [cxt 0] Pipeline 'egress': start
[09:37:50.479] [bmv2] [D] [thread 15955] [22.0] [cxt 0] Pipeline 'egress': end
[09:37:50.479] [bmv2] [D] [thread 15955] [22.0] [cxt 0] Deparser 'deparser': start
[09:37:50.479] [bmv2] [T] [thread 15955] [22.0] [cxt 0] Skipping checksum 'cksum' update because condition not met
[09:37:50.479] [bmv2] [D] [thread 15955] [22.0] [cxt 0] Deparsing header 'ethernet'
[09:37:50.479] [bmv2] [D] [thread 15955] [22.0] [cxt 0] Deparser 'deparser': end
[09:37:50.479] [bmv2] [D] [thread 15959] [22.0] [cxt 0] Transmitting packet of size 70 out of port 0
[09:37:53.614] [bmv2] [D] [thread 15954] [23.0] [cxt 0] Processing packet received on port 2
[09:37:53.614] [bmv2] [D] [thread 15954] [23.0] [cxt 0] Parser 'parser': start
[09:37:53.614] [bmv2] [D] [thread 15954] [23.0] [cxt 0] Parser 'parser' entering state 'start'
[09:37:53.614] [bmv2] [D] [thread 15954] [23.0] [cxt 0] Extracting header 'ethernet'
[09:37:53.614] [bmv2] [D] [thread 15954] [23.0] [cxt 0] Parser state 'start': key is 86dd
[09:37:53.614] [bmv2] [T] [thread 15954] [23.0] [cxt 0] Bytes parsed: 14
[09:37:53.614] [bmv2] [D] [thread 15954] [23.0] [cxt 0] Parser 'parser': end
[09:37:53.614] [bmv2] [D] [thread 15954] [23.0] [cxt 0] Pipeline 'ingress': start
[09:37:53.614] [bmv2] [T] [thread 15954] [23.0] [cxt 0] basic_tunnel.p4(114) Condition "hdr.ipv4.isValid()" (node_2) is false
[09:37:53.614] [bmv2] [D] [thread 15954] [23.0] [cxt 0] Pipeline 'ingress': end
[09:37:53.614] [bmv2] [D] [thread 15954] [23.0] [cxt 0] Egress port is 0
[09:37:53.614] [bmv2] [D] [thread 15955] [23.0] [cxt 0] Pipeline 'egress': start
[09:37:53.614] [bmv2] [D] [thread 15955] [23.0] [cxt 0] Pipeline 'egress': end
[09:37:53.614] [bmv2] [D] [thread 15955] [23.0] [cxt 0] Deparser 'deparser': start
[09:37:53.614] [bmv2] [T] [thread 15955] [23.0] [cxt 0] Skipping checksum 'cksum' update because condition not met
[09:37:53.614] [bmv2] [D] [thread 15955] [23.0] [cxt 0] Deparsing header 'ethernet'
[09:37:53.614] [bmv2] [D] [thread 15955] [23.0] [cxt 0] Deparser 'deparser': end
[09:37:53.614] [bmv2] [D] [thread 15959] [23.0] [cxt 0] Transmitting packet of size 70 out of port 0
[09:37:53.950] [bmv2] [D] [thread 15954] [24.0] [cxt 0] Processing packet received on port 3
[09:37:53.950] [bmv2] [D] [thread 15954] [24.0] [cxt 0] Parser 'parser': start
[09:37:53.950] [bmv2] [D] [thread 15954] [24.0] [cxt 0] Parser 'parser' entering state 'start'
[09:37:53.950] [bmv2] [D] [thread 15954] [24.0] [cxt 0] Extracting header 'ethernet'
[09:37:53.950] [bmv2] [D] [thread 15954] [24.0] [cxt 0] Parser state 'start': key is 86dd
[09:37:53.950] [bmv2] [T] [thread 15954] [24.0] [cxt 0] Bytes parsed: 14
[09:37:53.950] [bmv2] [D] [thread 15954] [24.0] [cxt 0] Parser 'parser': end
[09:37:53.950] [bmv2] [D] [thread 15954] [24.0] [cxt 0] Pipeline 'ingress': start
[09:37:53.950] [bmv2] [T] [thread 15954] [24.0] [cxt 0] basic_tunnel.p4(114) Condition "hdr.ipv4.isValid()" (node_2) is false
[09:37:53.950] [bmv2] [D] [thread 15954] [24.0] [cxt 0] Pipeline 'ingress': end
[09:37:53.950] [bmv2] [D] [thread 15954] [24.0] [cxt 0] Egress port is 0
[09:37:53.951] [bmv2] [D] [thread 15955] [24.0] [cxt 0] Pipeline 'egress': start
[09:37:53.951] [bmv2] [D] [thread 15955] [24.0] [cxt 0] Pipeline 'egress': end
[09:37:53.951] [bmv2] [D] [thread 15955] [24.0] [cxt 0] Deparser 'deparser': start
[09:37:53.951] [bmv2] [T] [thread 15955] [24.0] [cxt 0] Skipping checksum 'cksum' update because condition not met
[09:37:53.951] [bmv2] [D] [thread 15955] [24.0] [cxt 0] Deparsing header 'ethernet'
[09:37:53.951] [bmv2] [D] [thread 15955] [24.0] [cxt 0] Deparser 'deparser': end
[09:37:53.951] [bmv2] [D] [thread 15959] [24.0] [cxt 0] Transmitting packet of size 70 out of port 0
[09:37:54.111] [bmv2] [D] [thread 15954] [25.0] [cxt 0] Processing packet received on port 1
[09:37:54.111] [bmv2] [D] [thread 15954] [25.0] [cxt 0] Parser 'parser': start
[09:37:54.111] [bmv2] [D] [thread 15954] [25.0] [cxt 0] Parser 'parser' entering state 'start'
[09:37:54.111] [bmv2] [D] [thread 15954] [25.0] [cxt 0] Extracting header 'ethernet'
[09:37:54.111] [bmv2] [D] [thread 15954] [25.0] [cxt 0] Parser state 'start': key is 86dd
[09:37:54.111] [bmv2] [T] [thread 15954] [25.0] [cxt 0] Bytes parsed: 14
[09:37:54.111] [bmv2] [D] [thread 15954] [25.0] [cxt 0] Parser 'parser': end
[09:37:54.111] [bmv2] [D] [thread 15954] [25.0] [cxt 0] Pipeline 'ingress': start
[09:37:54.111] [bmv2] [T] [thread 15954] [25.0] [cxt 0] basic_tunnel.p4(114) Condition "hdr.ipv4.isValid()" (node_2) is false
[09:37:54.111] [bmv2] [D] [thread 15954] [25.0] [cxt 0] Pipeline 'ingress': end
[09:37:54.111] [bmv2] [D] [thread 15954] [25.0] [cxt 0] Egress port is 0
[09:37:54.111] [bmv2] [D] [thread 15955] [25.0] [cxt 0] Pipeline 'egress': start
[09:37:54.111] [bmv2] [D] [thread 15955] [25.0] [cxt 0] Pipeline 'egress': end
[09:37:54.111] [bmv2] [D] [thread 15955] [25.0] [cxt 0] Deparser 'deparser': start
[09:37:54.111] [bmv2] [T] [thread 15955] [25.0] [cxt 0] Skipping checksum 'cksum' update because condition not met
[09:37:54.111] [bmv2] [D] [thread 15955] [25.0] [cxt 0] Deparsing header 'ethernet'
[09:37:54.111] [bmv2] [D] [thread 15955] [25.0] [cxt 0] Deparser 'deparser': end
[09:37:54.111] [bmv2] [D] [thread 15959] [25.0] [cxt 0] Transmitting packet of size 70 out of port 0
[09:37:54.334] [bmv2] [D] [thread 15954] [26.0] [cxt 0] Processing packet received on port 3
[09:37:54.334] [bmv2] [D] [thread 15954] [26.0] [cxt 0] Parser 'parser': start
[09:37:54.334] [bmv2] [D] [thread 15954] [26.0] [cxt 0] Parser 'parser' entering state 'start'
[09:37:54.334] [bmv2] [D] [thread 15954] [26.0] [cxt 0] Extracting header 'ethernet'
[09:37:54.334] [bmv2] [D] [thread 15954] [26.0] [cxt 0] Parser state 'start': key is 86dd
[09:37:54.334] [bmv2] [T] [thread 15954] [26.0] [cxt 0] Bytes parsed: 14
[09:37:54.334] [bmv2] [D] [thread 15954] [26.0] [cxt 0] Parser 'parser': end
[09:37:54.334] [bmv2] [D] [thread 15954] [26.0] [cxt 0] Pipeline 'ingress': start
[09:37:54.334] [bmv2] [T] [thread 15954] [26.0] [cxt 0] basic_tunnel.p4(114) Condition "hdr.ipv4.isValid()" (node_2) is false
[09:37:54.334] [bmv2] [D] [thread 15954] [26.0] [cxt 0] Pipeline 'ingress': end
[09:37:54.334] [bmv2] [D] [thread 15954] [26.0] [cxt 0] Egress port is 0
[09:37:54.334] [bmv2] [D] [thread 15955] [26.0] [cxt 0] Pipeline 'egress': start
[09:37:54.334] [bmv2] [D] [thread 15955] [26.0] [cxt 0] Pipeline 'egress': end
[09:37:54.334] [bmv2] [D] [thread 15955] [26.0] [cxt 0] Deparser 'deparser': start
[09:37:54.334] [bmv2] [T] [thread 15955] [26.0] [cxt 0] Skipping checksum 'cksum' update because condition not met
[09:37:54.334] [bmv2] [D] [thread 15955] [26.0] [cxt 0] Deparsing header 'ethernet'
[09:37:54.334] [bmv2] [D] [thread 15955] [26.0] [cxt 0] Deparser 'deparser': end
[09:37:54.334] [bmv2] [D] [thread 15959] [26.0] [cxt 0] Transmitting packet of size 70 out of port 0
[09:37:54.487] [bmv2] [D] [thread 15954] [27.0] [cxt 0] Processing packet received on port 2
[09:37:54.487] [bmv2] [D] [thread 15954] [27.0] [cxt 0] Parser 'parser': start
[09:37:54.487] [bmv2] [D] [thread 15954] [27.0] [cxt 0] Parser 'parser' entering state 'start'
[09:37:54.487] [bmv2] [D] [thread 15954] [27.0] [cxt 0] Extracting header 'ethernet'
[09:37:54.487] [bmv2] [D] [thread 15954] [27.0] [cxt 0] Parser state 'start': key is 86dd
[09:37:54.487] [bmv2] [T] [thread 15954] [27.0] [cxt 0] Bytes parsed: 14
[09:37:54.487] [bmv2] [D] [thread 15954] [27.0] [cxt 0] Parser 'parser': end
[09:37:54.487] [bmv2] [D] [thread 15954] [27.0] [cxt 0] Pipeline 'ingress': start
[09:37:54.487] [bmv2] [T] [thread 15954] [27.0] [cxt 0] basic_tunnel.p4(114) Condition "hdr.ipv4.isValid()" (node_2) is false
[09:37:54.487] [bmv2] [D] [thread 15954] [27.0] [cxt 0] Pipeline 'ingress': end
[09:37:54.487] [bmv2] [D] [thread 15954] [27.0] [cxt 0] Egress port is 0
[09:37:54.487] [bmv2] [D] [thread 15955] [27.0] [cxt 0] Pipeline 'egress': start
[09:37:54.487] [bmv2] [D] [thread 15955] [27.0] [cxt 0] Pipeline 'egress': end
[09:37:54.487] [bmv2] [D] [thread 15955] [27.0] [cxt 0] Deparser 'deparser': start
[09:37:54.487] [bmv2] [T] [thread 15955] [27.0] [cxt 0] Skipping checksum 'cksum' update because condition not met
[09:37:54.487] [bmv2] [D] [thread 15955] [27.0] [cxt 0] Deparsing header 'ethernet'
[09:37:54.487] [bmv2] [D] [thread 15955] [27.0] [cxt 0] Deparser 'deparser': end
[09:37:54.487] [bmv2] [D] [thread 15959] [27.0] [cxt 0] Transmitting packet of size 70 out of port 0
New connection
P4Runtime SetForwardingPipelineConfig
[09:38:02.166] [bmv2] [W] [thread 15997] [P4Runtime] p4::tmp::P4DeviceConfig is deprecated
[09:38:02.168] [bmv2] [D] [thread 15997] Set default default entry for table 'tbl_drop': MyIngress.drop - 
[09:38:02.168] [bmv2] [D] [thread 15997] Set default default entry for table 'MyIngress.ipv4_lpm': MyIngress.drop - 
P4Runtime Write
device_id: 1
election_id {
  low: 1
}
updates {
  type: INSERT
  entity {
    table_entry {
      table_id: 33574068
      match {
        field_id: 1
        lpm {
          value: "\n\000\002\002"
          prefix_len: 32
        }
      }
      action {
        action {
          action_id: 16799317
          params {
            param_id: 1
            value: "\010\000\000\000\002\""
          }
          params {
            param_id: 2
            value: "\000\001"
          }
        }
      }
    }
  }
}
[09:38:02.209] [bmv2] [D] [thread 16045] Entry 0 added to table 'MyIngress.ipv4_lpm'
[09:38:02.209] [bmv2] [D] [thread 16045] Dumping entry 0
Match key:
* hdr.ipv4.dstAddr    : LPM       0a000202/32
Action entry: MyIngress.ipv4_forward - 80000000222,1,

P4Runtime Write
device_id: 1
election_id {
  low: 1
}
updates {
  type: INSERT
  entity {
    table_entry {
      table_id: 33574068
      match {
        field_id: 1
        lpm {
          value: "\n\000\001\001"
          prefix_len: 32
        }
      }
      action {
        action {
          action_id: 16799317
          params {
            param_id: 1
            value: "\010\000\000\000\001\000"
          }
          params {
            param_id: 2
            value: "\000\002"
          }
        }
      }
    }
  }
}
[09:38:02.210] [bmv2] [D] [thread 16045] Entry 1 added to table 'MyIngress.ipv4_lpm'
[09:38:02.210] [bmv2] [D] [thread 16045] Dumping entry 1
Match key:
* hdr.ipv4.dstAddr    : LPM       0a000101/32
Action entry: MyIngress.ipv4_forward - 80000000100,2,

P4Runtime Write
device_id: 1
election_id {
  low: 1
}
updates {
  type: INSERT
  entity {
    table_entry {
      table_id: 33574068
      match {
        field_id: 1
        lpm {
          value: "\n\000\003\003"
          prefix_len: 32
        }
      }
      action {
        action {
          action_id: 16799317
          params {
            param_id: 1
            value: "\010\000\000\000\003\000"
          }
          params {
            param_id: 2
            value: "\000\003"
          }
        }
      }
    }
  }
}
[09:38:02.211] [bmv2] [D] [thread 16045] Entry 2 added to table 'MyIngress.ipv4_lpm'
[09:38:02.211] [bmv2] [D] [thread 16045] Dumping entry 2
Match key:
* hdr.ipv4.dstAddr    : LPM       0a000303/32
Action entry: MyIngress.ipv4_forward - 80000000300,3,

[09:38:11.292] [bmv2] [D] [thread 15954] [28.0] [cxt 0] Processing packet received on port 2
[09:38:11.292] [bmv2] [D] [thread 15954] [28.0] [cxt 0] Parser 'parser': start
[09:38:11.292] [bmv2] [D] [thread 15954] [28.0] [cxt 0] Parser 'parser' entering state 'start'
[09:38:11.292] [bmv2] [D] [thread 15954] [28.0] [cxt 0] Extracting header 'ethernet'
[09:38:11.292] [bmv2] [D] [thread 15954] [28.0] [cxt 0] Parser state 'start': key is 0800
[09:38:11.292] [bmv2] [T] [thread 15954] [28.0] [cxt 0] Bytes parsed: 14
[09:38:11.292] [bmv2] [D] [thread 15954] [28.0] [cxt 0] Parser 'parser' entering state 'parse_ipv4'
[09:38:11.292] [bmv2] [D] [thread 15954] [28.0] [cxt 0] Extracting header 'ipv4'
[09:38:11.292] [bmv2] [D] [thread 15954] [28.0] [cxt 0] Parser state 'parse_ipv4' has no switch, going to default next state
[09:38:11.292] [bmv2] [T] [thread 15954] [28.0] [cxt 0] Bytes parsed: 34
[09:38:11.292] [bmv2] [D] [thread 15954] [28.0] [cxt 0] Parser 'parser': end
[09:38:11.292] [bmv2] [D] [thread 15954] [28.0] [cxt 0] Pipeline 'ingress': start
[09:38:11.292] [bmv2] [T] [thread 15954] [28.0] [cxt 0] basic_tunnel.p4(114) Condition "hdr.ipv4.isValid()" (node_2) is true
[09:38:11.292] [bmv2] [T] [thread 15954] [28.0] [cxt 0] basic_tunnel.p4(115) Condition "hdr.ipv4.flags == 3" (node_3) is false
[09:38:11.292] [bmv2] [T] [thread 15954] [28.0] [cxt 0] Applying table 'MyIngress.ipv4_lpm'
[09:38:11.292] [bmv2] [D] [thread 15954] [28.0] [cxt 0] Looking up key:
* hdr.ipv4.dstAddr    : 0a000202

[09:38:11.292] [bmv2] [D] [thread 15954] [28.0] [cxt 0] Table 'MyIngress.ipv4_lpm': hit with handle 0
[09:38:11.292] [bmv2] [D] [thread 15954] [28.0] [cxt 0] Dumping entry 0
Match key:
* hdr.ipv4.dstAddr    : LPM       0a000202/32
Action entry: MyIngress.ipv4_forward - 80000000222,1,

[09:38:11.292] [bmv2] [D] [thread 15954] [28.0] [cxt 0] Action entry is MyIngress.ipv4_forward - 80000000222,1,
[09:38:11.292] [bmv2] [T] [thread 15954] [28.0] [cxt 0] Action MyIngress.ipv4_forward
[09:38:11.292] [bmv2] [T] [thread 15954] [28.0] [cxt 0] basic_tunnel.p4(94) Primitive standard_metadata.egress_spec = port
[09:38:11.292] [bmv2] [T] [thread 15954] [28.0] [cxt 0] basic_tunnel.p4(95) Primitive hdr.ethernet.srcAddr = hdr.ethernet.dstAddr
[09:38:11.292] [bmv2] [T] [thread 15954] [28.0] [cxt 0] basic_tunnel.p4(96) Primitive hdr.ethernet.dstAddr = dstAddr
[09:38:11.292] [bmv2] [T] [thread 15954] [28.0] [cxt 0] basic_tunnel.p4(97) Primitive hdr.ipv4.ttl = hdr.ipv4.ttl - 1
[09:38:11.292] [bmv2] [D] [thread 15954] [28.0] [cxt 0] Pipeline 'ingress': end
[09:38:11.292] [bmv2] [D] [thread 15954] [28.0] [cxt 0] Egress port is 1
[09:38:11.292] [bmv2] [D] [thread 15956] [28.0] [cxt 0] Pipeline 'egress': start
[09:38:11.292] [bmv2] [D] [thread 15956] [28.0] [cxt 0] Pipeline 'egress': end
[09:38:11.292] [bmv2] [D] [thread 15956] [28.0] [cxt 0] Deparser 'deparser': start
[09:38:11.292] [bmv2] [D] [thread 15956] [28.0] [cxt 0] Updating checksum 'cksum'
[09:38:11.292] [bmv2] [D] [thread 15956] [28.0] [cxt 0] Deparsing header 'ethernet'
[09:38:11.292] [bmv2] [D] [thread 15956] [28.0] [cxt 0] Deparsing header 'ipv4'
[09:38:11.292] [bmv2] [D] [thread 15956] [28.0] [cxt 0] Deparser 'deparser': end
[09:38:11.292] [bmv2] [D] [thread 15959] [28.0] [cxt 0] Transmitting packet of size 98 out of port 1
[09:38:11.292] [bmv2] [D] [thread 15954] [29.0] [cxt 0] Processing packet received on port 1
[09:38:11.292] [bmv2] [D] [thread 15954] [29.0] [cxt 0] Parser 'parser': start
[09:38:11.292] [bmv2] [D] [thread 15954] [29.0] [cxt 0] Parser 'parser' entering state 'start'
[09:38:11.292] [bmv2] [D] [thread 15954] [29.0] [cxt 0] Extracting header 'ethernet'
[09:38:11.292] [bmv2] [D] [thread 15954] [29.0] [cxt 0] Parser state 'start': key is 0800
[09:38:11.292] [bmv2] [T] [thread 15954] [29.0] [cxt 0] Bytes parsed: 14
[09:38:11.292] [bmv2] [D] [thread 15954] [29.0] [cxt 0] Parser 'parser' entering state 'parse_ipv4'
[09:38:11.292] [bmv2] [D] [thread 15954] [29.0] [cxt 0] Extracting header 'ipv4'
[09:38:11.292] [bmv2] [D] [thread 15954] [29.0] [cxt 0] Parser state 'parse_ipv4' has no switch, going to default next state
[09:38:11.292] [bmv2] [T] [thread 15954] [29.0] [cxt 0] Bytes parsed: 34
[09:38:11.292] [bmv2] [D] [thread 15954] [29.0] [cxt 0] Parser 'parser': end
[09:38:11.292] [bmv2] [D] [thread 15954] [29.0] [cxt 0] Pipeline 'ingress': start
[09:38:11.292] [bmv2] [T] [thread 15954] [29.0] [cxt 0] basic_tunnel.p4(114) Condition "hdr.ipv4.isValid()" (node_2) is true
[09:38:11.292] [bmv2] [T] [thread 15954] [29.0] [cxt 0] basic_tunnel.p4(115) Condition "hdr.ipv4.flags == 3" (node_3) is false
[09:38:11.292] [bmv2] [T] [thread 15954] [29.0] [cxt 0] Applying table 'MyIngress.ipv4_lpm'
[09:38:11.292] [bmv2] [D] [thread 15954] [29.0] [cxt 0] Looking up key:
* hdr.ipv4.dstAddr    : 0a000101

[09:38:11.292] [bmv2] [D] [thread 15954] [29.0] [cxt 0] Table 'MyIngress.ipv4_lpm': hit with handle 1
[09:38:11.292] [bmv2] [D] [thread 15954] [29.0] [cxt 0] Dumping entry 1
Match key:
* hdr.ipv4.dstAddr    : LPM       0a000101/32
Action entry: MyIngress.ipv4_forward - 80000000100,2,

[09:38:11.292] [bmv2] [D] [thread 15954] [29.0] [cxt 0] Action entry is MyIngress.ipv4_forward - 80000000100,2,
[09:38:11.292] [bmv2] [T] [thread 15954] [29.0] [cxt 0] Action MyIngress.ipv4_forward
[09:38:11.292] [bmv2] [T] [thread 15954] [29.0] [cxt 0] basic_tunnel.p4(94) Primitive standard_metadata.egress_spec = port
[09:38:11.292] [bmv2] [T] [thread 15954] [29.0] [cxt 0] basic_tunnel.p4(95) Primitive hdr.ethernet.srcAddr = hdr.ethernet.dstAddr
[09:38:11.292] [bmv2] [T] [thread 15954] [29.0] [cxt 0] basic_tunnel.p4(96) Primitive hdr.ethernet.dstAddr = dstAddr
[09:38:11.292] [bmv2] [T] [thread 15954] [29.0] [cxt 0] basic_tunnel.p4(97) Primitive hdr.ipv4.ttl = hdr.ipv4.ttl - 1
[09:38:11.292] [bmv2] [D] [thread 15954] [29.0] [cxt 0] Pipeline 'ingress': end
[09:38:11.292] [bmv2] [D] [thread 15954] [29.0] [cxt 0] Egress port is 2
[09:38:11.292] [bmv2] [D] [thread 15957] [29.0] [cxt 0] Pipeline 'egress': start
[09:38:11.292] [bmv2] [D] [thread 15957] [29.0] [cxt 0] Pipeline 'egress': end
[09:38:11.292] [bmv2] [D] [thread 15957] [29.0] [cxt 0] Deparser 'deparser': start
[09:38:11.292] [bmv2] [D] [thread 15957] [29.0] [cxt 0] Updating checksum 'cksum'
[09:38:11.292] [bmv2] [D] [thread 15957] [29.0] [cxt 0] Deparsing header 'ethernet'
[09:38:11.293] [bmv2] [D] [thread 15957] [29.0] [cxt 0] Deparsing header 'ipv4'
[09:38:11.293] [bmv2] [D] [thread 15957] [29.0] [cxt 0] Deparser 'deparser': end
[09:38:11.293] [bmv2] [D] [thread 15959] [29.0] [cxt 0] Transmitting packet of size 98 out of port 2
[09:38:11.299] [bmv2] [D] [thread 15954] [30.0] [cxt 0] Processing packet received on port 1
[09:38:11.299] [bmv2] [D] [thread 15954] [30.0] [cxt 0] Parser 'parser': start
[09:38:11.299] [bmv2] [D] [thread 15954] [30.0] [cxt 0] Parser 'parser' entering state 'start'
[09:38:11.299] [bmv2] [D] [thread 15954] [30.0] [cxt 0] Extracting header 'ethernet'
[09:38:11.299] [bmv2] [D] [thread 15954] [30.0] [cxt 0] Parser state 'start': key is 0800
[09:38:11.299] [bmv2] [T] [thread 15954] [30.0] [cxt 0] Bytes parsed: 14
[09:38:11.299] [bmv2] [D] [thread 15954] [30.0] [cxt 0] Parser 'parser' entering state 'parse_ipv4'
[09:38:11.299] [bmv2] [D] [thread 15954] [30.0] [cxt 0] Extracting header 'ipv4'
[09:38:11.299] [bmv2] [D] [thread 15954] [30.0] [cxt 0] Parser state 'parse_ipv4' has no switch, going to default next state
[09:38:11.299] [bmv2] [T] [thread 15954] [30.0] [cxt 0] Bytes parsed: 34
[09:38:11.299] [bmv2] [D] [thread 15954] [30.0] [cxt 0] Parser 'parser': end
[09:38:11.299] [bmv2] [D] [thread 15954] [30.0] [cxt 0] Pipeline 'ingress': start
[09:38:11.299] [bmv2] [T] [thread 15954] [30.0] [cxt 0] basic_tunnel.p4(114) Condition "hdr.ipv4.isValid()" (node_2) is true
[09:38:11.299] [bmv2] [T] [thread 15954] [30.0] [cxt 0] basic_tunnel.p4(115) Condition "hdr.ipv4.flags == 3" (node_3) is false
[09:38:11.299] [bmv2] [T] [thread 15954] [30.0] [cxt 0] Applying table 'MyIngress.ipv4_lpm'
[09:38:11.299] [bmv2] [D] [thread 15954] [30.0] [cxt 0] Looking up key:
* hdr.ipv4.dstAddr    : 0a000101

[09:38:11.299] [bmv2] [D] [thread 15954] [30.0] [cxt 0] Table 'MyIngress.ipv4_lpm': hit with handle 1
[09:38:11.299] [bmv2] [D] [thread 15954] [30.0] [cxt 0] Dumping entry 1
Match key:
* hdr.ipv4.dstAddr    : LPM       0a000101/32
Action entry: MyIngress.ipv4_forward - 80000000100,2,

[09:38:11.299] [bmv2] [D] [thread 15954] [30.0] [cxt 0] Action entry is MyIngress.ipv4_forward - 80000000100,2,
[09:38:11.299] [bmv2] [T] [thread 15954] [30.0] [cxt 0] Action MyIngress.ipv4_forward
[09:38:11.299] [bmv2] [T] [thread 15954] [30.0] [cxt 0] basic_tunnel.p4(94) Primitive standard_metadata.egress_spec = port
[09:38:11.299] [bmv2] [T] [thread 15954] [30.0] [cxt 0] basic_tunnel.p4(95) Primitive hdr.ethernet.srcAddr = hdr.ethernet.dstAddr
[09:38:11.299] [bmv2] [T] [thread 15954] [30.0] [cxt 0] basic_tunnel.p4(96) Primitive hdr.ethernet.dstAddr = dstAddr
[09:38:11.299] [bmv2] [T] [thread 15954] [30.0] [cxt 0] basic_tunnel.p4(97) Primitive hdr.ipv4.ttl = hdr.ipv4.ttl - 1
[09:38:11.299] [bmv2] [D] [thread 15954] [30.0] [cxt 0] Pipeline 'ingress': end
[09:38:11.299] [bmv2] [D] [thread 15954] [30.0] [cxt 0] Egress port is 2
[09:38:11.299] [bmv2] [D] [thread 15957] [30.0] [cxt 0] Pipeline 'egress': start
[09:38:11.299] [bmv2] [D] [thread 15957] [30.0] [cxt 0] Pipeline 'egress': end
[09:38:11.299] [bmv2] [D] [thread 15957] [30.0] [cxt 0] Deparser 'deparser': start
[09:38:11.299] [bmv2] [D] [thread 15957] [30.0] [cxt 0] Updating checksum 'cksum'
[09:38:11.300] [bmv2] [D] [thread 15957] [30.0] [cxt 0] Deparsing header 'ethernet'
[09:38:11.300] [bmv2] [D] [thread 15957] [30.0] [cxt 0] Deparsing header 'ipv4'
[09:38:11.300] [bmv2] [D] [thread 15957] [30.0] [cxt 0] Deparser 'deparser': end
[09:38:11.300] [bmv2] [D] [thread 15959] [30.0] [cxt 0] Transmitting packet of size 98 out of port 2
[09:38:11.300] [bmv2] [D] [thread 15954] [31.0] [cxt 0] Processing packet received on port 2
[09:38:11.300] [bmv2] [D] [thread 15954] [31.0] [cxt 0] Parser 'parser': start
[09:38:11.300] [bmv2] [D] [thread 15954] [31.0] [cxt 0] Parser 'parser' entering state 'start'
[09:38:11.300] [bmv2] [D] [thread 15954] [31.0] [cxt 0] Extracting header 'ethernet'
[09:38:11.300] [bmv2] [D] [thread 15954] [31.0] [cxt 0] Parser state 'start': key is 0800
[09:38:11.300] [bmv2] [T] [thread 15954] [31.0] [cxt 0] Bytes parsed: 14
[09:38:11.300] [bmv2] [D] [thread 15954] [31.0] [cxt 0] Parser 'parser' entering state 'parse_ipv4'
[09:38:11.300] [bmv2] [D] [thread 15954] [31.0] [cxt 0] Extracting header 'ipv4'
[09:38:11.300] [bmv2] [D] [thread 15954] [31.0] [cxt 0] Parser state 'parse_ipv4' has no switch, going to default next state
[09:38:11.300] [bmv2] [T] [thread 15954] [31.0] [cxt 0] Bytes parsed: 34
[09:38:11.300] [bmv2] [D] [thread 15954] [31.0] [cxt 0] Parser 'parser': end
[09:38:11.300] [bmv2] [D] [thread 15954] [31.0] [cxt 0] Pipeline 'ingress': start
[09:38:11.300] [bmv2] [T] [thread 15954] [31.0] [cxt 0] basic_tunnel.p4(114) Condition "hdr.ipv4.isValid()" (node_2) is true
[09:38:11.300] [bmv2] [T] [thread 15954] [31.0] [cxt 0] basic_tunnel.p4(115) Condition "hdr.ipv4.flags == 3" (node_3) is false
[09:38:11.300] [bmv2] [T] [thread 15954] [31.0] [cxt 0] Applying table 'MyIngress.ipv4_lpm'
[09:38:11.300] [bmv2] [D] [thread 15954] [31.0] [cxt 0] Looking up key:
* hdr.ipv4.dstAddr    : 0a000202

[09:38:11.300] [bmv2] [D] [thread 15954] [31.0] [cxt 0] Table 'MyIngress.ipv4_lpm': hit with handle 0
[09:38:11.300] [bmv2] [D] [thread 15954] [31.0] [cxt 0] Dumping entry 0
Match key:
* hdr.ipv4.dstAddr    : LPM       0a000202/32
Action entry: MyIngress.ipv4_forward - 80000000222,1,

[09:38:11.300] [bmv2] [D] [thread 15954] [31.0] [cxt 0] Action entry is MyIngress.ipv4_forward - 80000000222,1,
[09:38:11.300] [bmv2] [T] [thread 15954] [31.0] [cxt 0] Action MyIngress.ipv4_forward
[09:38:11.300] [bmv2] [T] [thread 15954] [31.0] [cxt 0] basic_tunnel.p4(94) Primitive standard_metadata.egress_spec = port
[09:38:11.300] [bmv2] [T] [thread 15954] [31.0] [cxt 0] basic_tunnel.p4(95) Primitive hdr.ethernet.srcAddr = hdr.ethernet.dstAddr
[09:38:11.300] [bmv2] [T] [thread 15954] [31.0] [cxt 0] basic_tunnel.p4(96) Primitive hdr.ethernet.dstAddr = dstAddr
[09:38:11.300] [bmv2] [T] [thread 15954] [31.0] [cxt 0] basic_tunnel.p4(97) Primitive hdr.ipv4.ttl = hdr.ipv4.ttl - 1
[09:38:11.300] [bmv2] [D] [thread 15954] [31.0] [cxt 0] Pipeline 'ingress': end
[09:38:11.300] [bmv2] [D] [thread 15954] [31.0] [cxt 0] Egress port is 1
[09:38:11.300] [bmv2] [D] [thread 15956] [31.0] [cxt 0] Pipeline 'egress': start
[09:38:11.300] [bmv2] [D] [thread 15956] [31.0] [cxt 0] Pipeline 'egress': end
[09:38:11.300] [bmv2] [D] [thread 15956] [31.0] [cxt 0] Deparser 'deparser': start
[09:38:11.300] [bmv2] [D] [thread 15956] [31.0] [cxt 0] Updating checksum 'cksum'
[09:38:11.300] [bmv2] [D] [thread 15956] [31.0] [cxt 0] Deparsing header 'ethernet'
[09:38:11.300] [bmv2] [D] [thread 15956] [31.0] [cxt 0] Deparsing header 'ipv4'
[09:38:11.300] [bmv2] [D] [thread 15956] [31.0] [cxt 0] Deparser 'deparser': end
[09:38:11.300] [bmv2] [D] [thread 15959] [31.0] [cxt 0] Transmitting packet of size 98 out of port 1
[09:38:11.303] [bmv2] [D] [thread 15954] [32.0] [cxt 0] Processing packet received on port 1
[09:38:11.303] [bmv2] [D] [thread 15954] [32.0] [cxt 0] Parser 'parser': start
[09:38:11.303] [bmv2] [D] [thread 15954] [32.0] [cxt 0] Parser 'parser' entering state 'start'
[09:38:11.303] [bmv2] [D] [thread 15954] [32.0] [cxt 0] Extracting header 'ethernet'
[09:38:11.303] [bmv2] [D] [thread 15954] [32.0] [cxt 0] Parser state 'start': key is 0800
[09:38:11.303] [bmv2] [T] [thread 15954] [32.0] [cxt 0] Bytes parsed: 14
[09:38:11.303] [bmv2] [D] [thread 15954] [32.0] [cxt 0] Parser 'parser' entering state 'parse_ipv4'
[09:38:11.303] [bmv2] [D] [thread 15954] [32.0] [cxt 0] Extracting header 'ipv4'
[09:38:11.303] [bmv2] [D] [thread 15954] [32.0] [cxt 0] Parser state 'parse_ipv4' has no switch, going to default next state
[09:38:11.303] [bmv2] [T] [thread 15954] [32.0] [cxt 0] Bytes parsed: 34
[09:38:11.303] [bmv2] [D] [thread 15954] [32.0] [cxt 0] Parser 'parser': end
[09:38:11.303] [bmv2] [D] [thread 15954] [32.0] [cxt 0] Pipeline 'ingress': start
[09:38:11.303] [bmv2] [T] [thread 15954] [32.0] [cxt 0] basic_tunnel.p4(114) Condition "hdr.ipv4.isValid()" (node_2) is true
[09:38:11.303] [bmv2] [T] [thread 15954] [32.0] [cxt 0] basic_tunnel.p4(115) Condition "hdr.ipv4.flags == 3" (node_3) is false
[09:38:11.303] [bmv2] [T] [thread 15954] [32.0] [cxt 0] Applying table 'MyIngress.ipv4_lpm'
[09:38:11.303] [bmv2] [D] [thread 15954] [32.0] [cxt 0] Looking up key:
* hdr.ipv4.dstAddr    : 0a000303

[09:38:11.303] [bmv2] [D] [thread 15954] [32.0] [cxt 0] Table 'MyIngress.ipv4_lpm': hit with handle 2
[09:38:11.303] [bmv2] [D] [thread 15954] [32.0] [cxt 0] Dumping entry 2
Match key:
* hdr.ipv4.dstAddr    : LPM       0a000303/32
Action entry: MyIngress.ipv4_forward - 80000000300,3,

[09:38:11.303] [bmv2] [D] [thread 15954] [32.0] [cxt 0] Action entry is MyIngress.ipv4_forward - 80000000300,3,
[09:38:11.303] [bmv2] [T] [thread 15954] [32.0] [cxt 0] Action MyIngress.ipv4_forward
[09:38:11.303] [bmv2] [T] [thread 15954] [32.0] [cxt 0] basic_tunnel.p4(94) Primitive standard_metadata.egress_spec = port
[09:38:11.303] [bmv2] [T] [thread 15954] [32.0] [cxt 0] basic_tunnel.p4(95) Primitive hdr.ethernet.srcAddr = hdr.ethernet.dstAddr
[09:38:11.303] [bmv2] [T] [thread 15954] [32.0] [cxt 0] basic_tunnel.p4(96) Primitive hdr.ethernet.dstAddr = dstAddr
[09:38:11.303] [bmv2] [T] [thread 15954] [32.0] [cxt 0] basic_tunnel.p4(97) Primitive hdr.ipv4.ttl = hdr.ipv4.ttl - 1
[09:38:11.303] [bmv2] [D] [thread 15954] [32.0] [cxt 0] Pipeline 'ingress': end
[09:38:11.303] [bmv2] [D] [thread 15954] [32.0] [cxt 0] Egress port is 3
[09:38:11.303] [bmv2] [D] [thread 15958] [32.0] [cxt 0] Pipeline 'egress': start
[09:38:11.303] [bmv2] [D] [thread 15958] [32.0] [cxt 0] Pipeline 'egress': end
[09:38:11.303] [bmv2] [D] [thread 15958] [32.0] [cxt 0] Deparser 'deparser': start
[09:38:11.303] [bmv2] [D] [thread 15958] [32.0] [cxt 0] Updating checksum 'cksum'
[09:38:11.303] [bmv2] [D] [thread 15958] [32.0] [cxt 0] Deparsing header 'ethernet'
[09:38:11.303] [bmv2] [D] [thread 15958] [32.0] [cxt 0] Deparsing header 'ipv4'
[09:38:11.303] [bmv2] [D] [thread 15958] [32.0] [cxt 0] Deparser 'deparser': end
[09:38:11.303] [bmv2] [D] [thread 15959] [32.0] [cxt 0] Transmitting packet of size 98 out of port 3
[09:38:11.305] [bmv2] [D] [thread 15954] [33.0] [cxt 0] Processing packet received on port 3
[09:38:11.305] [bmv2] [D] [thread 15954] [33.0] [cxt 0] Parser 'parser': start
[09:38:11.305] [bmv2] [D] [thread 15954] [33.0] [cxt 0] Parser 'parser' entering state 'start'
[09:38:11.305] [bmv2] [D] [thread 15954] [33.0] [cxt 0] Extracting header 'ethernet'
[09:38:11.305] [bmv2] [D] [thread 15954] [33.0] [cxt 0] Parser state 'start': key is 0800
[09:38:11.305] [bmv2] [T] [thread 15954] [33.0] [cxt 0] Bytes parsed: 14
[09:38:11.305] [bmv2] [D] [thread 15954] [33.0] [cxt 0] Parser 'parser' entering state 'parse_ipv4'
[09:38:11.305] [bmv2] [D] [thread 15954] [33.0] [cxt 0] Extracting header 'ipv4'
[09:38:11.305] [bmv2] [D] [thread 15954] [33.0] [cxt 0] Parser state 'parse_ipv4' has no switch, going to default next state
[09:38:11.305] [bmv2] [T] [thread 15954] [33.0] [cxt 0] Bytes parsed: 34
[09:38:11.305] [bmv2] [D] [thread 15954] [33.0] [cxt 0] Parser 'parser': end
[09:38:11.305] [bmv2] [D] [thread 15954] [33.0] [cxt 0] Pipeline 'ingress': start
[09:38:11.305] [bmv2] [T] [thread 15954] [33.0] [cxt 0] basic_tunnel.p4(114) Condition "hdr.ipv4.isValid()" (node_2) is true
[09:38:11.305] [bmv2] [T] [thread 15954] [33.0] [cxt 0] basic_tunnel.p4(115) Condition "hdr.ipv4.flags == 3" (node_3) is false
[09:38:11.305] [bmv2] [T] [thread 15954] [33.0] [cxt 0] Applying table 'MyIngress.ipv4_lpm'
[09:38:11.305] [bmv2] [D] [thread 15954] [33.0] [cxt 0] Looking up key:
* hdr.ipv4.dstAddr    : 0a000202

[09:38:11.305] [bmv2] [D] [thread 15954] [33.0] [cxt 0] Table 'MyIngress.ipv4_lpm': hit with handle 0
[09:38:11.305] [bmv2] [D] [thread 15954] [33.0] [cxt 0] Dumping entry 0
Match key:
* hdr.ipv4.dstAddr    : LPM       0a000202/32
Action entry: MyIngress.ipv4_forward - 80000000222,1,

[09:38:11.305] [bmv2] [D] [thread 15954] [33.0] [cxt 0] Action entry is MyIngress.ipv4_forward - 80000000222,1,
[09:38:11.305] [bmv2] [T] [thread 15954] [33.0] [cxt 0] Action MyIngress.ipv4_forward
[09:38:11.305] [bmv2] [T] [thread 15954] [33.0] [cxt 0] basic_tunnel.p4(94) Primitive standard_metadata.egress_spec = port
[09:38:11.305] [bmv2] [T] [thread 15954] [33.0] [cxt 0] basic_tunnel.p4(95) Primitive hdr.ethernet.srcAddr = hdr.ethernet.dstAddr
[09:38:11.305] [bmv2] [T] [thread 15954] [33.0] [cxt 0] basic_tunnel.p4(96) Primitive hdr.ethernet.dstAddr = dstAddr
[09:38:11.305] [bmv2] [T] [thread 15954] [33.0] [cxt 0] basic_tunnel.p4(97) Primitive hdr.ipv4.ttl = hdr.ipv4.ttl - 1
[09:38:11.305] [bmv2] [D] [thread 15954] [33.0] [cxt 0] Pipeline 'ingress': end
[09:38:11.305] [bmv2] [D] [thread 15954] [33.0] [cxt 0] Egress port is 1
[09:38:11.305] [bmv2] [D] [thread 15956] [33.0] [cxt 0] Pipeline 'egress': start
[09:38:11.305] [bmv2] [D] [thread 15956] [33.0] [cxt 0] Pipeline 'egress': end
[09:38:11.305] [bmv2] [D] [thread 15956] [33.0] [cxt 0] Deparser 'deparser': start
[09:38:11.305] [bmv2] [D] [thread 15956] [33.0] [cxt 0] Updating checksum 'cksum'
[09:38:11.305] [bmv2] [D] [thread 15956] [33.0] [cxt 0] Deparsing header 'ethernet'
[09:38:11.305] [bmv2] [D] [thread 15956] [33.0] [cxt 0] Deparsing header 'ipv4'
[09:38:11.305] [bmv2] [D] [thread 15956] [33.0] [cxt 0] Deparser 'deparser': end
[09:38:11.305] [bmv2] [D] [thread 15959] [33.0] [cxt 0] Transmitting packet of size 98 out of port 1
[09:38:11.311] [bmv2] [D] [thread 15954] [34.0] [cxt 0] Processing packet received on port 3
[09:38:11.311] [bmv2] [D] [thread 15954] [34.0] [cxt 0] Parser 'parser': start
[09:38:11.311] [bmv2] [D] [thread 15954] [34.0] [cxt 0] Parser 'parser' entering state 'start'
[09:38:11.311] [bmv2] [D] [thread 15954] [34.0] [cxt 0] Extracting header 'ethernet'
[09:38:11.311] [bmv2] [D] [thread 15954] [34.0] [cxt 0] Parser state 'start': key is 0800
[09:38:11.311] [bmv2] [T] [thread 15954] [34.0] [cxt 0] Bytes parsed: 14
[09:38:11.311] [bmv2] [D] [thread 15954] [34.0] [cxt 0] Parser 'parser' entering state 'parse_ipv4'
[09:38:11.311] [bmv2] [D] [thread 15954] [34.0] [cxt 0] Extracting header 'ipv4'
[09:38:11.311] [bmv2] [D] [thread 15954] [34.0] [cxt 0] Parser state 'parse_ipv4' has no switch, going to default next state
[09:38:11.311] [bmv2] [T] [thread 15954] [34.0] [cxt 0] Bytes parsed: 34
[09:38:11.311] [bmv2] [D] [thread 15954] [34.0] [cxt 0] Parser 'parser': end
[09:38:11.311] [bmv2] [D] [thread 15954] [34.0] [cxt 0] Pipeline 'ingress': start
[09:38:11.311] [bmv2] [T] [thread 15954] [34.0] [cxt 0] basic_tunnel.p4(114) Condition "hdr.ipv4.isValid()" (node_2) is true
[09:38:11.311] [bmv2] [T] [thread 15954] [34.0] [cxt 0] basic_tunnel.p4(115) Condition "hdr.ipv4.flags == 3" (node_3) is false
[09:38:11.311] [bmv2] [T] [thread 15954] [34.0] [cxt 0] Applying table 'MyIngress.ipv4_lpm'
[09:38:11.311] [bmv2] [D] [thread 15954] [34.0] [cxt 0] Looking up key:
* hdr.ipv4.dstAddr    : 0a000202

[09:38:11.311] [bmv2] [D] [thread 15954] [34.0] [cxt 0] Table 'MyIngress.ipv4_lpm': hit with handle 0
[09:38:11.311] [bmv2] [D] [thread 15954] [34.0] [cxt 0] Dumping entry 0
Match key:
* hdr.ipv4.dstAddr    : LPM       0a000202/32
Action entry: MyIngress.ipv4_forward - 80000000222,1,

[09:38:11.311] [bmv2] [D] [thread 15954] [34.0] [cxt 0] Action entry is MyIngress.ipv4_forward - 80000000222,1,
[09:38:11.311] [bmv2] [T] [thread 15954] [34.0] [cxt 0] Action MyIngress.ipv4_forward
[09:38:11.311] [bmv2] [T] [thread 15954] [34.0] [cxt 0] basic_tunnel.p4(94) Primitive standard_metadata.egress_spec = port
[09:38:11.311] [bmv2] [T] [thread 15954] [34.0] [cxt 0] basic_tunnel.p4(95) Primitive hdr.ethernet.srcAddr = hdr.ethernet.dstAddr
[09:38:11.311] [bmv2] [T] [thread 15954] [34.0] [cxt 0] basic_tunnel.p4(96) Primitive hdr.ethernet.dstAddr = dstAddr
[09:38:11.311] [bmv2] [T] [thread 15954] [34.0] [cxt 0] basic_tunnel.p4(97) Primitive hdr.ipv4.ttl = hdr.ipv4.ttl - 1
[09:38:11.311] [bmv2] [D] [thread 15954] [34.0] [cxt 0] Pipeline 'ingress': end
[09:38:11.311] [bmv2] [D] [thread 15954] [34.0] [cxt 0] Egress port is 1
[09:38:11.311] [bmv2] [D] [thread 15956] [34.0] [cxt 0] Pipeline 'egress': start
[09:38:11.311] [bmv2] [D] [thread 15956] [34.0] [cxt 0] Pipeline 'egress': end
[09:38:11.311] [bmv2] [D] [thread 15956] [34.0] [cxt 0] Deparser 'deparser': start
[09:38:11.311] [bmv2] [D] [thread 15956] [34.0] [cxt 0] Updating checksum 'cksum'
[09:38:11.311] [bmv2] [D] [thread 15956] [34.0] [cxt 0] Deparsing header 'ethernet'
[09:38:11.311] [bmv2] [D] [thread 15956] [34.0] [cxt 0] Deparsing header 'ipv4'
[09:38:11.311] [bmv2] [D] [thread 15956] [34.0] [cxt 0] Deparser 'deparser': end
[09:38:11.311] [bmv2] [D] [thread 15959] [34.0] [cxt 0] Transmitting packet of size 98 out of port 1
[09:38:11.311] [bmv2] [D] [thread 15954] [35.0] [cxt 0] Processing packet received on port 1
[09:38:11.311] [bmv2] [D] [thread 15954] [35.0] [cxt 0] Parser 'parser': start
[09:38:11.311] [bmv2] [D] [thread 15954] [35.0] [cxt 0] Parser 'parser' entering state 'start'
[09:38:11.311] [bmv2] [D] [thread 15954] [35.0] [cxt 0] Extracting header 'ethernet'
[09:38:11.311] [bmv2] [D] [thread 15954] [35.0] [cxt 0] Parser state 'start': key is 0800
[09:38:11.311] [bmv2] [T] [thread 15954] [35.0] [cxt 0] Bytes parsed: 14
[09:38:11.311] [bmv2] [D] [thread 15954] [35.0] [cxt 0] Parser 'parser' entering state 'parse_ipv4'
[09:38:11.311] [bmv2] [D] [thread 15954] [35.0] [cxt 0] Extracting header 'ipv4'
[09:38:11.311] [bmv2] [D] [thread 15954] [35.0] [cxt 0] Parser state 'parse_ipv4' has no switch, going to default next state
[09:38:11.311] [bmv2] [T] [thread 15954] [35.0] [cxt 0] Bytes parsed: 34
[09:38:11.311] [bmv2] [D] [thread 15954] [35.0] [cxt 0] Parser 'parser': end
[09:38:11.311] [bmv2] [D] [thread 15954] [35.0] [cxt 0] Pipeline 'ingress': start
[09:38:11.311] [bmv2] [T] [thread 15954] [35.0] [cxt 0] basic_tunnel.p4(114) Condition "hdr.ipv4.isValid()" (node_2) is true
[09:38:11.311] [bmv2] [T] [thread 15954] [35.0] [cxt 0] basic_tunnel.p4(115) Condition "hdr.ipv4.flags == 3" (node_3) is false
[09:38:11.311] [bmv2] [T] [thread 15954] [35.0] [cxt 0] Applying table 'MyIngress.ipv4_lpm'
[09:38:11.311] [bmv2] [D] [thread 15954] [35.0] [cxt 0] Looking up key:
* hdr.ipv4.dstAddr    : 0a000303

[09:38:11.311] [bmv2] [D] [thread 15954] [35.0] [cxt 0] Table 'MyIngress.ipv4_lpm': hit with handle 2
[09:38:11.311] [bmv2] [D] [thread 15954] [35.0] [cxt 0] Dumping entry 2
Match key:
* hdr.ipv4.dstAddr    : LPM       0a000303/32
Action entry: MyIngress.ipv4_forward - 80000000300,3,

[09:38:11.311] [bmv2] [D] [thread 15954] [35.0] [cxt 0] Action entry is MyIngress.ipv4_forward - 80000000300,3,
[09:38:11.311] [bmv2] [T] [thread 15954] [35.0] [cxt 0] Action MyIngress.ipv4_forward
[09:38:11.311] [bmv2] [T] [thread 15954] [35.0] [cxt 0] basic_tunnel.p4(94) Primitive standard_metadata.egress_spec = port
[09:38:11.311] [bmv2] [T] [thread 15954] [35.0] [cxt 0] basic_tunnel.p4(95) Primitive hdr.ethernet.srcAddr = hdr.ethernet.dstAddr
[09:38:11.311] [bmv2] [T] [thread 15954] [35.0] [cxt 0] basic_tunnel.p4(96) Primitive hdr.ethernet.dstAddr = dstAddr
[09:38:11.311] [bmv2] [T] [thread 15954] [35.0] [cxt 0] basic_tunnel.p4(97) Primitive hdr.ipv4.ttl = hdr.ipv4.ttl - 1
[09:38:11.311] [bmv2] [D] [thread 15954] [35.0] [cxt 0] Pipeline 'ingress': end
[09:38:11.311] [bmv2] [D] [thread 15954] [35.0] [cxt 0] Egress port is 3
[09:38:11.311] [bmv2] [D] [thread 15958] [35.0] [cxt 0] Pipeline 'egress': start
[09:38:11.311] [bmv2] [D] [thread 15958] [35.0] [cxt 0] Pipeline 'egress': end
[09:38:11.311] [bmv2] [D] [thread 15958] [35.0] [cxt 0] Deparser 'deparser': start
[09:38:11.311] [bmv2] [D] [thread 15958] [35.0] [cxt 0] Updating checksum 'cksum'
[09:38:11.311] [bmv2] [D] [thread 15958] [35.0] [cxt 0] Deparsing header 'ethernet'
[09:38:11.311] [bmv2] [D] [thread 15958] [35.0] [cxt 0] Deparsing header 'ipv4'
[09:38:11.311] [bmv2] [D] [thread 15958] [35.0] [cxt 0] Deparser 'deparser': end
[09:38:11.311] [bmv2] [D] [thread 15959] [35.0] [cxt 0] Transmitting packet of size 98 out of port 3
open: No such file or directory
open: No such file or directory
open: No such file or directory
