Calling target program-options parser
[07:53:29.949] [bmv2] [D] [thread 12051] Set default default entry for table 'tbl_drop': MyIngress.drop - 
[07:53:29.949] [bmv2] [D] [thread 12051] Set default default entry for table 'MyIngress.ipv4_lpm': MyIngress.drop - 
Adding interface s3-eth1 as port 1
[07:53:29.949] [bmv2] [D] [thread 12051] Adding interface s3-eth1 as port 1
Adding interface s3-eth2 as port 2
[07:53:29.975] [bmv2] [D] [thread 12051] Adding interface s3-eth2 as port 2
Adding interface s3-eth3 as port 3
[07:53:30.012] [bmv2] [D] [thread 12051] Adding interface s3-eth3 as port 3
I0405 07:53:30.044531518   12051 server_builder.cc:247]      Synchronous server. Num CQs: 1, Min pollers: 1, Max Pollers: 2147483647, CQ timeout (msec): 1000
Server listening on 0.0.0.0:50053
[07:53:30.045] [bmv2] [I] [thread 12051] Starting Thrift server on port 9092
[07:53:30.046] [bmv2] [I] [thread 12051] Thrift server was started
[07:53:30.053] [bmv2] [D] [thread 12059] [0.0] [cxt 0] Processing packet received on port 3
[07:53:30.053] [bmv2] [D] [thread 12059] [0.0] [cxt 0] Parser 'parser': start
[07:53:30.053] [bmv2] [D] [thread 12059] [0.0] [cxt 0] Parser 'parser' entering state 'start'
[07:53:30.053] [bmv2] [D] [thread 12059] [0.0] [cxt 0] Extracting header 'ethernet'
[07:53:30.053] [bmv2] [D] [thread 12059] [0.0] [cxt 0] Parser state 'start': key is 86dd
[07:53:30.053] [bmv2] [T] [thread 12059] [0.0] [cxt 0] Bytes parsed: 14
[07:53:30.053] [bmv2] [D] [thread 12059] [0.0] [cxt 0] Parser 'parser': end
[07:53:30.053] [bmv2] [D] [thread 12059] [0.0] [cxt 0] Pipeline 'ingress': start
[07:53:30.053] [bmv2] [T] [thread 12059] [0.0] [cxt 0] basic_tunnel.p4(114) Condition "hdr.ipv4.isValid()" (node_2) is false
[07:53:30.053] [bmv2] [D] [thread 12059] [0.0] [cxt 0] Pipeline 'ingress': end
[07:53:30.053] [bmv2] [D] [thread 12059] [0.0] [cxt 0] Egress port is 0
[07:53:30.053] [bmv2] [D] [thread 12059] [1.0] [cxt 0] Processing packet received on port 3
[07:53:30.053] [bmv2] [D] [thread 12059] [1.0] [cxt 0] Parser 'parser': start
[07:53:30.053] [bmv2] [D] [thread 12059] [1.0] [cxt 0] Parser 'parser' entering state 'start'
[07:53:30.053] [bmv2] [D] [thread 12059] [1.0] [cxt 0] Extracting header 'ethernet'
[07:53:30.053] [bmv2] [D] [thread 12059] [1.0] [cxt 0] Parser state 'start': key is 86dd
[07:53:30.053] [bmv2] [T] [thread 12059] [1.0] [cxt 0] Bytes parsed: 14
[07:53:30.053] [bmv2] [D] [thread 12059] [1.0] [cxt 0] Parser 'parser': end
[07:53:30.053] [bmv2] [D] [thread 12059] [1.0] [cxt 0] Pipeline 'ingress': start
[07:53:30.053] [bmv2] [T] [thread 12059] [1.0] [cxt 0] basic_tunnel.p4(114) Condition "hdr.ipv4.isValid()" (node_2) is false
[07:53:30.053] [bmv2] [D] [thread 12059] [1.0] [cxt 0] Pipeline 'ingress': end
[07:53:30.053] [bmv2] [D] [thread 12059] [1.0] [cxt 0] Egress port is 0
[07:53:30.053] [bmv2] [D] [thread 12060] [0.0] [cxt 0] Pipeline 'egress': start
[07:53:30.053] [bmv2] [D] [thread 12060] [0.0] [cxt 0] Pipeline 'egress': end
[07:53:30.053] [bmv2] [D] [thread 12060] [0.0] [cxt 0] Deparser 'deparser': start
[07:53:30.053] [bmv2] [T] [thread 12060] [0.0] [cxt 0] Skipping checksum 'cksum' update because condition not met
[07:53:30.053] [bmv2] [D] [thread 12060] [0.0] [cxt 0] Deparsing header 'ethernet'
[07:53:30.053] [bmv2] [D] [thread 12060] [0.0] [cxt 0] Deparser 'deparser': end
[07:53:30.053] [bmv2] [D] [thread 12060] [1.0] [cxt 0] Pipeline 'egress': start
[07:53:30.053] [bmv2] [D] [thread 12060] [1.0] [cxt 0] Pipeline 'egress': end
[07:53:30.053] [bmv2] [D] [thread 12060] [1.0] [cxt 0] Deparser 'deparser': start
[07:53:30.053] [bmv2] [T] [thread 12060] [1.0] [cxt 0] Skipping checksum 'cksum' update because condition not met
[07:53:30.053] [bmv2] [D] [thread 12060] [1.0] [cxt 0] Deparsing header 'ethernet'
[07:53:30.053] [bmv2] [D] [thread 12060] [1.0] [cxt 0] Deparser 'deparser': end
[07:53:30.053] [bmv2] [D] [thread 12064] [0.0] [cxt 0] Transmitting packet of size 90 out of port 0
[07:53:30.053] [bmv2] [D] [thread 12064] [1.0] [cxt 0] Transmitting packet of size 70 out of port 0
[07:53:30.257] [bmv2] [D] [thread 12059] [2.0] [cxt 0] Processing packet received on port 2
[07:53:30.257] [bmv2] [D] [thread 12059] [2.0] [cxt 0] Parser 'parser': start
[07:53:30.257] [bmv2] [D] [thread 12059] [2.0] [cxt 0] Parser 'parser' entering state 'start'
[07:53:30.257] [bmv2] [D] [thread 12059] [2.0] [cxt 0] Extracting header 'ethernet'
[07:53:30.257] [bmv2] [D] [thread 12059] [2.0] [cxt 0] Parser state 'start': key is 86dd
[07:53:30.257] [bmv2] [T] [thread 12059] [2.0] [cxt 0] Bytes parsed: 14
[07:53:30.257] [bmv2] [D] [thread 12059] [2.0] [cxt 0] Parser 'parser': end
[07:53:30.257] [bmv2] [D] [thread 12059] [2.0] [cxt 0] Pipeline 'ingress': start
[07:53:30.258] [bmv2] [T] [thread 12059] [2.0] [cxt 0] basic_tunnel.p4(114) Condition "hdr.ipv4.isValid()" (node_2) is false
[07:53:30.258] [bmv2] [D] [thread 12059] [2.0] [cxt 0] Pipeline 'ingress': end
[07:53:30.258] [bmv2] [D] [thread 12059] [2.0] [cxt 0] Egress port is 0
[07:53:30.258] [bmv2] [D] [thread 12059] [3.0] [cxt 0] Processing packet received on port 2
[07:53:30.258] [bmv2] [D] [thread 12059] [3.0] [cxt 0] Parser 'parser': start
[07:53:30.258] [bmv2] [D] [thread 12059] [3.0] [cxt 0] Parser 'parser' entering state 'start'
[07:53:30.258] [bmv2] [D] [thread 12059] [3.0] [cxt 0] Extracting header 'ethernet'
[07:53:30.258] [bmv2] [D] [thread 12059] [3.0] [cxt 0] Parser state 'start': key is 86dd
[07:53:30.258] [bmv2] [T] [thread 12059] [3.0] [cxt 0] Bytes parsed: 14
[07:53:30.258] [bmv2] [D] [thread 12059] [3.0] [cxt 0] Parser 'parser': end
[07:53:30.258] [bmv2] [D] [thread 12059] [3.0] [cxt 0] Pipeline 'ingress': start
[07:53:30.258] [bmv2] [T] [thread 12059] [3.0] [cxt 0] basic_tunnel.p4(114) Condition "hdr.ipv4.isValid()" (node_2) is false
[07:53:30.258] [bmv2] [D] [thread 12059] [3.0] [cxt 0] Pipeline 'ingress': end
[07:53:30.258] [bmv2] [D] [thread 12059] [3.0] [cxt 0] Egress port is 0
[07:53:30.258] [bmv2] [D] [thread 12060] [2.0] [cxt 0] Pipeline 'egress': start
[07:53:30.258] [bmv2] [D] [thread 12060] [2.0] [cxt 0] Pipeline 'egress': end
[07:53:30.258] [bmv2] [D] [thread 12060] [2.0] [cxt 0] Deparser 'deparser': start
[07:53:30.258] [bmv2] [T] [thread 12060] [2.0] [cxt 0] Skipping checksum 'cksum' update because condition not met
[07:53:30.258] [bmv2] [D] [thread 12060] [2.0] [cxt 0] Deparsing header 'ethernet'
[07:53:30.258] [bmv2] [D] [thread 12060] [2.0] [cxt 0] Deparser 'deparser': end
[07:53:30.258] [bmv2] [D] [thread 12060] [3.0] [cxt 0] Pipeline 'egress': start
[07:53:30.258] [bmv2] [D] [thread 12060] [3.0] [cxt 0] Pipeline 'egress': end
[07:53:30.258] [bmv2] [D] [thread 12060] [3.0] [cxt 0] Deparser 'deparser': start
[07:53:30.258] [bmv2] [T] [thread 12060] [3.0] [cxt 0] Skipping checksum 'cksum' update because condition not met
[07:53:30.258] [bmv2] [D] [thread 12060] [3.0] [cxt 0] Deparsing header 'ethernet'
[07:53:30.258] [bmv2] [D] [thread 12060] [3.0] [cxt 0] Deparser 'deparser': end
[07:53:30.258] [bmv2] [D] [thread 12064] [2.0] [cxt 0] Transmitting packet of size 90 out of port 0
[07:53:30.258] [bmv2] [D] [thread 12064] [3.0] [cxt 0] Transmitting packet of size 70 out of port 0
[07:53:30.264] [bmv2] [D] [thread 12059] [4.0] [cxt 0] Processing packet received on port 3
[07:53:30.264] [bmv2] [D] [thread 12059] [4.0] [cxt 0] Parser 'parser': start
[07:53:30.264] [bmv2] [D] [thread 12059] [4.0] [cxt 0] Parser 'parser' entering state 'start'
[07:53:30.264] [bmv2] [D] [thread 12059] [4.0] [cxt 0] Extracting header 'ethernet'
[07:53:30.264] [bmv2] [D] [thread 12059] [4.0] [cxt 0] Parser state 'start': key is 86dd
[07:53:30.264] [bmv2] [T] [thread 12059] [4.0] [cxt 0] Bytes parsed: 14
[07:53:30.264] [bmv2] [D] [thread 12059] [4.0] [cxt 0] Parser 'parser': end
[07:53:30.264] [bmv2] [D] [thread 12059] [4.0] [cxt 0] Pipeline 'ingress': start
[07:53:30.264] [bmv2] [T] [thread 12059] [4.0] [cxt 0] basic_tunnel.p4(114) Condition "hdr.ipv4.isValid()" (node_2) is false
[07:53:30.264] [bmv2] [D] [thread 12059] [4.0] [cxt 0] Pipeline 'ingress': end
[07:53:30.264] [bmv2] [D] [thread 12059] [4.0] [cxt 0] Egress port is 0
[07:53:30.264] [bmv2] [D] [thread 12060] [4.0] [cxt 0] Pipeline 'egress': start
[07:53:30.264] [bmv2] [D] [thread 12060] [4.0] [cxt 0] Pipeline 'egress': end
[07:53:30.264] [bmv2] [D] [thread 12060] [4.0] [cxt 0] Deparser 'deparser': start
[07:53:30.264] [bmv2] [T] [thread 12060] [4.0] [cxt 0] Skipping checksum 'cksum' update because condition not met
[07:53:30.264] [bmv2] [D] [thread 12060] [4.0] [cxt 0] Deparsing header 'ethernet'
[07:53:30.264] [bmv2] [D] [thread 12060] [4.0] [cxt 0] Deparser 'deparser': end
[07:53:30.264] [bmv2] [D] [thread 12064] [4.0] [cxt 0] Transmitting packet of size 90 out of port 0
[07:53:30.374] [bmv2] [D] [thread 12059] [5.0] [cxt 0] Processing packet received on port 2
[07:53:30.374] [bmv2] [D] [thread 12059] [5.0] [cxt 0] Parser 'parser': start
[07:53:30.374] [bmv2] [D] [thread 12059] [5.0] [cxt 0] Parser 'parser' entering state 'start'
[07:53:30.374] [bmv2] [D] [thread 12059] [5.0] [cxt 0] Extracting header 'ethernet'
[07:53:30.374] [bmv2] [D] [thread 12059] [5.0] [cxt 0] Parser state 'start': key is 86dd
[07:53:30.375] [bmv2] [T] [thread 12059] [5.0] [cxt 0] Bytes parsed: 14
[07:53:30.375] [bmv2] [D] [thread 12059] [5.0] [cxt 0] Parser 'parser': end
[07:53:30.375] [bmv2] [D] [thread 12059] [5.0] [cxt 0] Pipeline 'ingress': start
[07:53:30.375] [bmv2] [T] [thread 12059] [5.0] [cxt 0] basic_tunnel.p4(114) Condition "hdr.ipv4.isValid()" (node_2) is false
[07:53:30.375] [bmv2] [D] [thread 12059] [5.0] [cxt 0] Pipeline 'ingress': end
[07:53:30.375] [bmv2] [D] [thread 12059] [5.0] [cxt 0] Egress port is 0
[07:53:30.375] [bmv2] [D] [thread 12059] [6.0] [cxt 0] Processing packet received on port 2
[07:53:30.375] [bmv2] [D] [thread 12059] [6.0] [cxt 0] Parser 'parser': start
[07:53:30.375] [bmv2] [D] [thread 12059] [6.0] [cxt 0] Parser 'parser' entering state 'start'
[07:53:30.375] [bmv2] [D] [thread 12059] [6.0] [cxt 0] Extracting header 'ethernet'
[07:53:30.375] [bmv2] [D] [thread 12059] [6.0] [cxt 0] Parser state 'start': key is 86dd
[07:53:30.375] [bmv2] [T] [thread 12059] [6.0] [cxt 0] Bytes parsed: 14
[07:53:30.375] [bmv2] [D] [thread 12059] [6.0] [cxt 0] Parser 'parser': end
[07:53:30.375] [bmv2] [D] [thread 12059] [6.0] [cxt 0] Pipeline 'ingress': start
[07:53:30.375] [bmv2] [T] [thread 12059] [6.0] [cxt 0] basic_tunnel.p4(114) Condition "hdr.ipv4.isValid()" (node_2) is false
[07:53:30.375] [bmv2] [D] [thread 12059] [6.0] [cxt 0] Pipeline 'ingress': end
[07:53:30.375] [bmv2] [D] [thread 12059] [6.0] [cxt 0] Egress port is 0
[07:53:30.375] [bmv2] [D] [thread 12059] [7.0] [cxt 0] Processing packet received on port 2
[07:53:30.375] [bmv2] [D] [thread 12059] [7.0] [cxt 0] Parser 'parser': start
[07:53:30.375] [bmv2] [D] [thread 12059] [7.0] [cxt 0] Parser 'parser' entering state 'start'
[07:53:30.375] [bmv2] [D] [thread 12059] [7.0] [cxt 0] Extracting header 'ethernet'
[07:53:30.375] [bmv2] [D] [thread 12059] [7.0] [cxt 0] Parser state 'start': key is 86dd
[07:53:30.375] [bmv2] [T] [thread 12059] [7.0] [cxt 0] Bytes parsed: 14
[07:53:30.375] [bmv2] [D] [thread 12059] [7.0] [cxt 0] Parser 'parser': end
[07:53:30.375] [bmv2] [D] [thread 12059] [7.0] [cxt 0] Pipeline 'ingress': start
[07:53:30.375] [bmv2] [T] [thread 12059] [7.0] [cxt 0] basic_tunnel.p4(114) Condition "hdr.ipv4.isValid()" (node_2) is false
[07:53:30.375] [bmv2] [D] [thread 12059] [7.0] [cxt 0] Pipeline 'ingress': end
[07:53:30.375] [bmv2] [D] [thread 12059] [7.0] [cxt 0] Egress port is 0
[07:53:30.375] [bmv2] [D] [thread 12060] [5.0] [cxt 0] Pipeline 'egress': start
[07:53:30.375] [bmv2] [D] [thread 12060] [5.0] [cxt 0] Pipeline 'egress': end
[07:53:30.375] [bmv2] [D] [thread 12060] [5.0] [cxt 0] Deparser 'deparser': start
[07:53:30.375] [bmv2] [T] [thread 12060] [5.0] [cxt 0] Skipping checksum 'cksum' update because condition not met
[07:53:30.375] [bmv2] [D] [thread 12060] [5.0] [cxt 0] Deparsing header 'ethernet'
[07:53:30.375] [bmv2] [D] [thread 12060] [5.0] [cxt 0] Deparser 'deparser': end
[07:53:30.376] [bmv2] [D] [thread 12060] [6.0] [cxt 0] Pipeline 'egress': start
[07:53:30.376] [bmv2] [D] [thread 12060] [6.0] [cxt 0] Pipeline 'egress': end
[07:53:30.376] [bmv2] [D] [thread 12060] [6.0] [cxt 0] Deparser 'deparser': start
[07:53:30.376] [bmv2] [T] [thread 12060] [6.0] [cxt 0] Skipping checksum 'cksum' update because condition not met
[07:53:30.376] [bmv2] [D] [thread 12060] [6.0] [cxt 0] Deparsing header 'ethernet'
[07:53:30.376] [bmv2] [D] [thread 12060] [6.0] [cxt 0] Deparser 'deparser': end
[07:53:30.376] [bmv2] [D] [thread 12060] [7.0] [cxt 0] Pipeline 'egress': start
[07:53:30.376] [bmv2] [D] [thread 12060] [7.0] [cxt 0] Pipeline 'egress': end
[07:53:30.376] [bmv2] [D] [thread 12060] [7.0] [cxt 0] Deparser 'deparser': start
[07:53:30.376] [bmv2] [T] [thread 12060] [7.0] [cxt 0] Skipping checksum 'cksum' update because condition not met
[07:53:30.376] [bmv2] [D] [thread 12060] [7.0] [cxt 0] Deparsing header 'ethernet'
[07:53:30.376] [bmv2] [D] [thread 12060] [7.0] [cxt 0] Deparser 'deparser': end
[07:53:30.376] [bmv2] [D] [thread 12064] [5.0] [cxt 0] Transmitting packet of size 90 out of port 0
[07:53:30.376] [bmv2] [D] [thread 12064] [6.0] [cxt 0] Transmitting packet of size 90 out of port 0
[07:53:30.376] [bmv2] [D] [thread 12064] [7.0] [cxt 0] Transmitting packet of size 70 out of port 0
[07:53:30.404] [bmv2] [D] [thread 12059] [8.0] [cxt 0] Processing packet received on port 3
[07:53:30.404] [bmv2] [D] [thread 12059] [8.0] [cxt 0] Parser 'parser': start
[07:53:30.404] [bmv2] [D] [thread 12059] [8.0] [cxt 0] Parser 'parser' entering state 'start'
[07:53:30.404] [bmv2] [D] [thread 12059] [8.0] [cxt 0] Extracting header 'ethernet'
[07:53:30.404] [bmv2] [D] [thread 12059] [8.0] [cxt 0] Parser state 'start': key is 86dd
[07:53:30.404] [bmv2] [T] [thread 12059] [8.0] [cxt 0] Bytes parsed: 14
[07:53:30.404] [bmv2] [D] [thread 12059] [8.0] [cxt 0] Parser 'parser': end
[07:53:30.404] [bmv2] [D] [thread 12059] [8.0] [cxt 0] Pipeline 'ingress': start
[07:53:30.404] [bmv2] [T] [thread 12059] [8.0] [cxt 0] basic_tunnel.p4(114) Condition "hdr.ipv4.isValid()" (node_2) is false
[07:53:30.404] [bmv2] [D] [thread 12059] [8.0] [cxt 0] Pipeline 'ingress': end
[07:53:30.404] [bmv2] [D] [thread 12059] [8.0] [cxt 0] Egress port is 0
[07:53:30.404] [bmv2] [D] [thread 12060] [8.0] [cxt 0] Pipeline 'egress': start
[07:53:30.404] [bmv2] [D] [thread 12060] [8.0] [cxt 0] Pipeline 'egress': end
[07:53:30.404] [bmv2] [D] [thread 12060] [8.0] [cxt 0] Deparser 'deparser': start
[07:53:30.404] [bmv2] [T] [thread 12060] [8.0] [cxt 0] Skipping checksum 'cksum' update because condition not met
[07:53:30.404] [bmv2] [D] [thread 12060] [8.0] [cxt 0] Deparsing header 'ethernet'
[07:53:30.404] [bmv2] [D] [thread 12060] [8.0] [cxt 0] Deparser 'deparser': end
[07:53:30.404] [bmv2] [D] [thread 12064] [8.0] [cxt 0] Transmitting packet of size 90 out of port 0
[07:53:30.744] [bmv2] [D] [thread 12059] [9.0] [cxt 0] Processing packet received on port 2
[07:53:30.744] [bmv2] [D] [thread 12059] [9.0] [cxt 0] Parser 'parser': start
[07:53:30.744] [bmv2] [D] [thread 12059] [9.0] [cxt 0] Parser 'parser' entering state 'start'
[07:53:30.744] [bmv2] [D] [thread 12059] [9.0] [cxt 0] Extracting header 'ethernet'
[07:53:30.744] [bmv2] [D] [thread 12059] [9.0] [cxt 0] Parser state 'start': key is 86dd
[07:53:30.744] [bmv2] [T] [thread 12059] [9.0] [cxt 0] Bytes parsed: 14
[07:53:30.744] [bmv2] [D] [thread 12059] [9.0] [cxt 0] Parser 'parser': end
[07:53:30.744] [bmv2] [D] [thread 12059] [9.0] [cxt 0] Pipeline 'ingress': start
[07:53:30.744] [bmv2] [T] [thread 12059] [9.0] [cxt 0] basic_tunnel.p4(114) Condition "hdr.ipv4.isValid()" (node_2) is false
[07:53:30.744] [bmv2] [D] [thread 12059] [9.0] [cxt 0] Pipeline 'ingress': end
[07:53:30.744] [bmv2] [D] [thread 12059] [9.0] [cxt 0] Egress port is 0
[07:53:30.744] [bmv2] [D] [thread 12060] [9.0] [cxt 0] Pipeline 'egress': start
[07:53:30.744] [bmv2] [D] [thread 12060] [9.0] [cxt 0] Pipeline 'egress': end
[07:53:30.744] [bmv2] [D] [thread 12060] [9.0] [cxt 0] Deparser 'deparser': start
[07:53:30.744] [bmv2] [T] [thread 12060] [9.0] [cxt 0] Skipping checksum 'cksum' update because condition not met
[07:53:30.744] [bmv2] [D] [thread 12060] [9.0] [cxt 0] Deparsing header 'ethernet'
[07:53:30.744] [bmv2] [D] [thread 12060] [9.0] [cxt 0] Deparser 'deparser': end
[07:53:30.745] [bmv2] [D] [thread 12064] [9.0] [cxt 0] Transmitting packet of size 90 out of port 0
New connection
P4Runtime SetForwardingPipelineConfig
[07:53:31.479] [bmv2] [W] [thread 12078] [P4Runtime] p4::tmp::P4DeviceConfig is deprecated
[07:53:31.479] [bmv2] [D] [thread 12078] Set default default entry for table 'tbl_drop': MyIngress.drop - 
[07:53:31.479] [bmv2] [D] [thread 12078] Set default default entry for table 'MyIngress.ipv4_lpm': MyIngress.drop - 
P4Runtime Write
device_id: 2
election_id {
  low: 1
}
updates {
  type: INSERT
  entity {
    table_entry {
      table_id: 33574068
      match {
        field_id: 1
        lpm {
          value: "\n\000\001\001"
          prefix_len: 32
        }
      }
      action {
        action {
          action_id: 16799317
          params {
            param_id: 1
            value: "\010\000\000\000\001\000"
          }
          params {
            param_id: 2
            value: "\000\002"
          }
        }
      }
    }
  }
}
[07:53:31.485] [bmv2] [D] [thread 12078] Entry 0 added to table 'MyIngress.ipv4_lpm'
[07:53:31.485] [bmv2] [D] [thread 12078] Dumping entry 0
Match key:
* hdr.ipv4.dstAddr    : LPM       0a000101/32
Action entry: MyIngress.ipv4_forward - 80000000100,2,

P4Runtime Write
device_id: 2
election_id {
  low: 1
}
updates {
  type: INSERT
  entity {
    table_entry {
      table_id: 33574068
      match {
        field_id: 1
        lpm {
          value: "\n\000\002\002"
          prefix_len: 32
        }
      }
      action {
        action {
          action_id: 16799317
          params {
            param_id: 1
            value: "\010\000\000\000\002\000"
          }
          params {
            param_id: 2
            value: "\000\003"
          }
        }
      }
    }
  }
}
[07:53:31.485] [bmv2] [D] [thread 12078] Entry 1 added to table 'MyIngress.ipv4_lpm'
[07:53:31.485] [bmv2] [D] [thread 12078] Dumping entry 1
Match key:
* hdr.ipv4.dstAddr    : LPM       0a000202/32
Action entry: MyIngress.ipv4_forward - 80000000200,3,

P4Runtime Write
device_id: 2
election_id {
  low: 1
}
updates {
  type: INSERT
  entity {
    table_entry {
      table_id: 33574068
      match {
        field_id: 1
        lpm {
          value: "\n\000\003\003"
          prefix_len: 32
        }
      }
      action {
        action {
          action_id: 16799317
          params {
            param_id: 1
            value: "\010\000\000\000\0033"
          }
          params {
            param_id: 2
            value: "\000\001"
          }
        }
      }
    }
  }
}
[07:53:31.486] [bmv2] [D] [thread 12078] Entry 2 added to table 'MyIngress.ipv4_lpm'
[07:53:31.486] [bmv2] [D] [thread 12078] Dumping entry 2
Match key:
* hdr.ipv4.dstAddr    : LPM       0a000303/32
Action entry: MyIngress.ipv4_forward - 80000000333,1,

Connection removed
[07:53:33.772] [bmv2] [D] [thread 12059] [10.0] [cxt 0] Processing packet received on port 1
[07:53:33.772] [bmv2] [D] [thread 12059] [10.0] [cxt 0] Parser 'parser': start
[07:53:33.772] [bmv2] [D] [thread 12059] [10.0] [cxt 0] Parser 'parser' entering state 'start'
[07:53:33.772] [bmv2] [D] [thread 12059] [10.0] [cxt 0] Extracting header 'ethernet'
[07:53:33.772] [bmv2] [D] [thread 12059] [10.0] [cxt 0] Parser state 'start': key is 86dd
[07:53:33.772] [bmv2] [T] [thread 12059] [10.0] [cxt 0] Bytes parsed: 14
[07:53:33.772] [bmv2] [D] [thread 12059] [10.0] [cxt 0] Parser 'parser': end
[07:53:33.772] [bmv2] [D] [thread 12059] [10.0] [cxt 0] Pipeline 'ingress': start
[07:53:33.772] [bmv2] [T] [thread 12059] [10.0] [cxt 0] basic_tunnel.p4(114) Condition "hdr.ipv4.isValid()" (node_2) is false
[07:53:33.772] [bmv2] [D] [thread 12059] [10.0] [cxt 0] Pipeline 'ingress': end
[07:53:33.772] [bmv2] [D] [thread 12059] [10.0] [cxt 0] Egress port is 0
[07:53:33.772] [bmv2] [D] [thread 12060] [10.0] [cxt 0] Pipeline 'egress': start
[07:53:33.772] [bmv2] [D] [thread 12060] [10.0] [cxt 0] Pipeline 'egress': end
[07:53:33.772] [bmv2] [D] [thread 12060] [10.0] [cxt 0] Deparser 'deparser': start
[07:53:33.772] [bmv2] [T] [thread 12060] [10.0] [cxt 0] Skipping checksum 'cksum' update because condition not met
[07:53:33.772] [bmv2] [D] [thread 12060] [10.0] [cxt 0] Deparsing header 'ethernet'
[07:53:33.772] [bmv2] [D] [thread 12060] [10.0] [cxt 0] Deparser 'deparser': end
[07:53:33.772] [bmv2] [D] [thread 12064] [10.0] [cxt 0] Transmitting packet of size 70 out of port 0
[07:53:33.811] [bmv2] [D] [thread 12059] [11.0] [cxt 0] Processing packet received on port 3
[07:53:33.811] [bmv2] [D] [thread 12059] [11.0] [cxt 0] Parser 'parser': start
[07:53:33.811] [bmv2] [D] [thread 12059] [11.0] [cxt 0] Parser 'parser' entering state 'start'
[07:53:33.811] [bmv2] [D] [thread 12059] [11.0] [cxt 0] Extracting header 'ethernet'
[07:53:33.811] [bmv2] [D] [thread 12059] [11.0] [cxt 0] Parser state 'start': key is 86dd
[07:53:33.811] [bmv2] [T] [thread 12059] [11.0] [cxt 0] Bytes parsed: 14
[07:53:33.811] [bmv2] [D] [thread 12059] [11.0] [cxt 0] Parser 'parser': end
[07:53:33.812] [bmv2] [D] [thread 12059] [11.0] [cxt 0] Pipeline 'ingress': start
[07:53:33.812] [bmv2] [T] [thread 12059] [11.0] [cxt 0] basic_tunnel.p4(114) Condition "hdr.ipv4.isValid()" (node_2) is false
[07:53:33.812] [bmv2] [D] [thread 12059] [11.0] [cxt 0] Pipeline 'ingress': end
[07:53:33.812] [bmv2] [D] [thread 12059] [11.0] [cxt 0] Egress port is 0
[07:53:33.812] [bmv2] [D] [thread 12060] [11.0] [cxt 0] Pipeline 'egress': start
[07:53:33.812] [bmv2] [D] [thread 12060] [11.0] [cxt 0] Pipeline 'egress': end
[07:53:33.812] [bmv2] [D] [thread 12060] [11.0] [cxt 0] Deparser 'deparser': start
[07:53:33.812] [bmv2] [T] [thread 12060] [11.0] [cxt 0] Skipping checksum 'cksum' update because condition not met
[07:53:33.812] [bmv2] [D] [thread 12060] [11.0] [cxt 0] Deparsing header 'ethernet'
[07:53:33.812] [bmv2] [D] [thread 12060] [11.0] [cxt 0] Deparser 'deparser': end
[07:53:33.812] [bmv2] [D] [thread 12064] [11.0] [cxt 0] Transmitting packet of size 70 out of port 0
[07:53:34.061] [bmv2] [D] [thread 12059] [12.0] [cxt 0] Processing packet received on port 3
[07:53:34.061] [bmv2] [D] [thread 12059] [12.0] [cxt 0] Parser 'parser': start
[07:53:34.061] [bmv2] [D] [thread 12059] [12.0] [cxt 0] Parser 'parser' entering state 'start'
[07:53:34.061] [bmv2] [D] [thread 12059] [12.0] [cxt 0] Extracting header 'ethernet'
[07:53:34.061] [bmv2] [D] [thread 12059] [12.0] [cxt 0] Parser state 'start': key is 86dd
[07:53:34.061] [bmv2] [T] [thread 12059] [12.0] [cxt 0] Bytes parsed: 14
[07:53:34.061] [bmv2] [D] [thread 12059] [12.0] [cxt 0] Parser 'parser': end
[07:53:34.061] [bmv2] [D] [thread 12059] [12.0] [cxt 0] Pipeline 'ingress': start
[07:53:34.061] [bmv2] [T] [thread 12059] [12.0] [cxt 0] basic_tunnel.p4(114) Condition "hdr.ipv4.isValid()" (node_2) is false
[07:53:34.061] [bmv2] [D] [thread 12059] [12.0] [cxt 0] Pipeline 'ingress': end
[07:53:34.061] [bmv2] [D] [thread 12059] [12.0] [cxt 0] Egress port is 0
[07:53:34.061] [bmv2] [D] [thread 12060] [12.0] [cxt 0] Pipeline 'egress': start
[07:53:34.061] [bmv2] [D] [thread 12060] [12.0] [cxt 0] Pipeline 'egress': end
[07:53:34.061] [bmv2] [D] [thread 12060] [12.0] [cxt 0] Deparser 'deparser': start
[07:53:34.061] [bmv2] [T] [thread 12060] [12.0] [cxt 0] Skipping checksum 'cksum' update because condition not met
[07:53:34.061] [bmv2] [D] [thread 12060] [12.0] [cxt 0] Deparsing header 'ethernet'
[07:53:34.061] [bmv2] [D] [thread 12060] [12.0] [cxt 0] Deparser 'deparser': end
[07:53:34.061] [bmv2] [D] [thread 12064] [12.0] [cxt 0] Transmitting packet of size 70 out of port 0
[07:53:34.270] [bmv2] [D] [thread 12059] [13.0] [cxt 0] Processing packet received on port 2
[07:53:34.270] [bmv2] [D] [thread 12059] [13.0] [cxt 0] Parser 'parser': start
[07:53:34.270] [bmv2] [D] [thread 12059] [13.0] [cxt 0] Parser 'parser' entering state 'start'
[07:53:34.270] [bmv2] [D] [thread 12059] [13.0] [cxt 0] Extracting header 'ethernet'
[07:53:34.270] [bmv2] [D] [thread 12059] [13.0] [cxt 0] Parser state 'start': key is 86dd
[07:53:34.270] [bmv2] [T] [thread 12059] [13.0] [cxt 0] Bytes parsed: 14
[07:53:34.270] [bmv2] [D] [thread 12059] [13.0] [cxt 0] Parser 'parser': end
[07:53:34.270] [bmv2] [D] [thread 12059] [13.0] [cxt 0] Pipeline 'ingress': start
[07:53:34.270] [bmv2] [T] [thread 12059] [13.0] [cxt 0] basic_tunnel.p4(114) Condition "hdr.ipv4.isValid()" (node_2) is false
[07:53:34.270] [bmv2] [D] [thread 12059] [13.0] [cxt 0] Pipeline 'ingress': end
[07:53:34.270] [bmv2] [D] [thread 12059] [13.0] [cxt 0] Egress port is 0
[07:53:34.270] [bmv2] [D] [thread 12060] [13.0] [cxt 0] Pipeline 'egress': start
[07:53:34.270] [bmv2] [D] [thread 12060] [13.0] [cxt 0] Pipeline 'egress': end
[07:53:34.270] [bmv2] [D] [thread 12060] [13.0] [cxt 0] Deparser 'deparser': start
[07:53:34.270] [bmv2] [T] [thread 12060] [13.0] [cxt 0] Skipping checksum 'cksum' update because condition not met
[07:53:34.270] [bmv2] [D] [thread 12060] [13.0] [cxt 0] Deparsing header 'ethernet'
[07:53:34.270] [bmv2] [D] [thread 12060] [13.0] [cxt 0] Deparser 'deparser': end
[07:53:34.270] [bmv2] [D] [thread 12064] [13.0] [cxt 0] Transmitting packet of size 70 out of port 0
[07:53:34.386] [bmv2] [D] [thread 12059] [14.0] [cxt 0] Processing packet received on port 2
[07:53:34.386] [bmv2] [D] [thread 12059] [14.0] [cxt 0] Parser 'parser': start
[07:53:34.387] [bmv2] [D] [thread 12059] [14.0] [cxt 0] Parser 'parser' entering state 'start'
[07:53:34.387] [bmv2] [D] [thread 12059] [14.0] [cxt 0] Extracting header 'ethernet'
[07:53:34.387] [bmv2] [D] [thread 12059] [14.0] [cxt 0] Parser state 'start': key is 86dd
[07:53:34.387] [bmv2] [T] [thread 12059] [14.0] [cxt 0] Bytes parsed: 14
[07:53:34.387] [bmv2] [D] [thread 12059] [14.0] [cxt 0] Parser 'parser': end
[07:53:34.387] [bmv2] [D] [thread 12059] [14.0] [cxt 0] Pipeline 'ingress': start
[07:53:34.387] [bmv2] [T] [thread 12059] [14.0] [cxt 0] basic_tunnel.p4(114) Condition "hdr.ipv4.isValid()" (node_2) is false
[07:53:34.387] [bmv2] [D] [thread 12059] [14.0] [cxt 0] Pipeline 'ingress': end
[07:53:34.387] [bmv2] [D] [thread 12059] [14.0] [cxt 0] Egress port is 0
[07:53:34.387] [bmv2] [D] [thread 12060] [14.0] [cxt 0] Pipeline 'egress': start
[07:53:34.387] [bmv2] [D] [thread 12060] [14.0] [cxt 0] Pipeline 'egress': end
[07:53:34.387] [bmv2] [D] [thread 12060] [14.0] [cxt 0] Deparser 'deparser': start
[07:53:34.387] [bmv2] [T] [thread 12060] [14.0] [cxt 0] Skipping checksum 'cksum' update because condition not met
[07:53:34.387] [bmv2] [D] [thread 12060] [14.0] [cxt 0] Deparsing header 'ethernet'
[07:53:34.387] [bmv2] [D] [thread 12060] [14.0] [cxt 0] Deparser 'deparser': end
[07:53:34.387] [bmv2] [D] [thread 12064] [14.0] [cxt 0] Transmitting packet of size 70 out of port 0
[07:53:37.780] [bmv2] [D] [thread 12059] [15.0] [cxt 0] Processing packet received on port 1
[07:53:37.780] [bmv2] [D] [thread 12059] [15.0] [cxt 0] Parser 'parser': start
[07:53:37.780] [bmv2] [D] [thread 12059] [15.0] [cxt 0] Parser 'parser' entering state 'start'
[07:53:37.780] [bmv2] [D] [thread 12059] [15.0] [cxt 0] Extracting header 'ethernet'
[07:53:37.780] [bmv2] [D] [thread 12059] [15.0] [cxt 0] Parser state 'start': key is 86dd
[07:53:37.780] [bmv2] [T] [thread 12059] [15.0] [cxt 0] Bytes parsed: 14
[07:53:37.780] [bmv2] [D] [thread 12059] [15.0] [cxt 0] Parser 'parser': end
[07:53:37.780] [bmv2] [D] [thread 12059] [15.0] [cxt 0] Pipeline 'ingress': start
[07:53:37.780] [bmv2] [T] [thread 12059] [15.0] [cxt 0] basic_tunnel.p4(114) Condition "hdr.ipv4.isValid()" (node_2) is false
[07:53:37.780] [bmv2] [D] [thread 12059] [15.0] [cxt 0] Pipeline 'ingress': end
[07:53:37.780] [bmv2] [D] [thread 12059] [15.0] [cxt 0] Egress port is 0
[07:53:37.780] [bmv2] [D] [thread 12060] [15.0] [cxt 0] Pipeline 'egress': start
[07:53:37.780] [bmv2] [D] [thread 12060] [15.0] [cxt 0] Pipeline 'egress': end
[07:53:37.780] [bmv2] [D] [thread 12060] [15.0] [cxt 0] Deparser 'deparser': start
[07:53:37.780] [bmv2] [T] [thread 12060] [15.0] [cxt 0] Skipping checksum 'cksum' update because condition not met
[07:53:37.780] [bmv2] [D] [thread 12060] [15.0] [cxt 0] Deparsing header 'ethernet'
[07:53:37.780] [bmv2] [D] [thread 12060] [15.0] [cxt 0] Deparser 'deparser': end
[07:53:37.780] [bmv2] [D] [thread 12064] [15.0] [cxt 0] Transmitting packet of size 70 out of port 0
[07:53:37.825] [bmv2] [D] [thread 12059] [16.0] [cxt 0] Processing packet received on port 3
[07:53:37.825] [bmv2] [D] [thread 12059] [16.0] [cxt 0] Parser 'parser': start
[07:53:37.825] [bmv2] [D] [thread 12059] [16.0] [cxt 0] Parser 'parser' entering state 'start'
[07:53:37.825] [bmv2] [D] [thread 12059] [16.0] [cxt 0] Extracting header 'ethernet'
[07:53:37.825] [bmv2] [D] [thread 12059] [16.0] [cxt 0] Parser state 'start': key is 86dd
[07:53:37.826] [bmv2] [T] [thread 12059] [16.0] [cxt 0] Bytes parsed: 14
[07:53:37.826] [bmv2] [D] [thread 12059] [16.0] [cxt 0] Parser 'parser': end
[07:53:37.826] [bmv2] [D] [thread 12059] [16.0] [cxt 0] Pipeline 'ingress': start
[07:53:37.826] [bmv2] [T] [thread 12059] [16.0] [cxt 0] basic_tunnel.p4(114) Condition "hdr.ipv4.isValid()" (node_2) is false
[07:53:37.826] [bmv2] [D] [thread 12059] [16.0] [cxt 0] Pipeline 'ingress': end
[07:53:37.826] [bmv2] [D] [thread 12059] [16.0] [cxt 0] Egress port is 0
[07:53:37.826] [bmv2] [D] [thread 12060] [16.0] [cxt 0] Pipeline 'egress': start
[07:53:37.826] [bmv2] [D] [thread 12060] [16.0] [cxt 0] Pipeline 'egress': end
[07:53:37.826] [bmv2] [D] [thread 12060] [16.0] [cxt 0] Deparser 'deparser': start
[07:53:37.826] [bmv2] [T] [thread 12060] [16.0] [cxt 0] Skipping checksum 'cksum' update because condition not met
[07:53:37.826] [bmv2] [D] [thread 12060] [16.0] [cxt 0] Deparsing header 'ethernet'
[07:53:37.826] [bmv2] [D] [thread 12060] [16.0] [cxt 0] Deparser 'deparser': end
[07:53:37.826] [bmv2] [D] [thread 12064] [16.0] [cxt 0] Transmitting packet of size 70 out of port 0
[07:53:38.077] [bmv2] [D] [thread 12059] [17.0] [cxt 0] Processing packet received on port 3
[07:53:38.077] [bmv2] [D] [thread 12059] [17.0] [cxt 0] Parser 'parser': start
[07:53:38.077] [bmv2] [D] [thread 12059] [17.0] [cxt 0] Parser 'parser' entering state 'start'
[07:53:38.077] [bmv2] [D] [thread 12059] [17.0] [cxt 0] Extracting header 'ethernet'
[07:53:38.077] [bmv2] [D] [thread 12059] [17.0] [cxt 0] Parser state 'start': key is 86dd
[07:53:38.077] [bmv2] [T] [thread 12059] [17.0] [cxt 0] Bytes parsed: 14
[07:53:38.077] [bmv2] [D] [thread 12059] [17.0] [cxt 0] Parser 'parser': end
[07:53:38.077] [bmv2] [D] [thread 12059] [17.0] [cxt 0] Pipeline 'ingress': start
[07:53:38.077] [bmv2] [T] [thread 12059] [17.0] [cxt 0] basic_tunnel.p4(114) Condition "hdr.ipv4.isValid()" (node_2) is false
[07:53:38.077] [bmv2] [D] [thread 12059] [17.0] [cxt 0] Pipeline 'ingress': end
[07:53:38.077] [bmv2] [D] [thread 12059] [17.0] [cxt 0] Egress port is 0
[07:53:38.077] [bmv2] [D] [thread 12060] [17.0] [cxt 0] Pipeline 'egress': start
[07:53:38.077] [bmv2] [D] [thread 12060] [17.0] [cxt 0] Pipeline 'egress': end
[07:53:38.077] [bmv2] [D] [thread 12060] [17.0] [cxt 0] Deparser 'deparser': start
[07:53:38.077] [bmv2] [T] [thread 12060] [17.0] [cxt 0] Skipping checksum 'cksum' update because condition not met
[07:53:38.077] [bmv2] [D] [thread 12060] [17.0] [cxt 0] Deparsing header 'ethernet'
[07:53:38.077] [bmv2] [D] [thread 12060] [17.0] [cxt 0] Deparser 'deparser': end
[07:53:38.077] [bmv2] [D] [thread 12064] [17.0] [cxt 0] Transmitting packet of size 70 out of port 0
[07:53:38.280] [bmv2] [D] [thread 12059] [18.0] [cxt 0] Processing packet received on port 2
[07:53:38.280] [bmv2] [D] [thread 12059] [18.0] [cxt 0] Parser 'parser': start
[07:53:38.280] [bmv2] [D] [thread 12059] [18.0] [cxt 0] Parser 'parser' entering state 'start'
[07:53:38.280] [bmv2] [D] [thread 12059] [18.0] [cxt 0] Extracting header 'ethernet'
[07:53:38.280] [bmv2] [D] [thread 12059] [18.0] [cxt 0] Parser state 'start': key is 86dd
[07:53:38.280] [bmv2] [T] [thread 12059] [18.0] [cxt 0] Bytes parsed: 14
[07:53:38.280] [bmv2] [D] [thread 12059] [18.0] [cxt 0] Parser 'parser': end
[07:53:38.280] [bmv2] [D] [thread 12059] [18.0] [cxt 0] Pipeline 'ingress': start
[07:53:38.280] [bmv2] [T] [thread 12059] [18.0] [cxt 0] basic_tunnel.p4(114) Condition "hdr.ipv4.isValid()" (node_2) is false
[07:53:38.280] [bmv2] [D] [thread 12059] [18.0] [cxt 0] Pipeline 'ingress': end
[07:53:38.280] [bmv2] [D] [thread 12059] [18.0] [cxt 0] Egress port is 0
[07:53:38.280] [bmv2] [D] [thread 12060] [18.0] [cxt 0] Pipeline 'egress': start
[07:53:38.280] [bmv2] [D] [thread 12060] [18.0] [cxt 0] Pipeline 'egress': end
[07:53:38.280] [bmv2] [D] [thread 12060] [18.0] [cxt 0] Deparser 'deparser': start
[07:53:38.280] [bmv2] [T] [thread 12060] [18.0] [cxt 0] Skipping checksum 'cksum' update because condition not met
[07:53:38.280] [bmv2] [D] [thread 12060] [18.0] [cxt 0] Deparsing header 'ethernet'
[07:53:38.280] [bmv2] [D] [thread 12060] [18.0] [cxt 0] Deparser 'deparser': end
[07:53:38.280] [bmv2] [D] [thread 12064] [18.0] [cxt 0] Transmitting packet of size 70 out of port 0
[07:53:38.396] [bmv2] [D] [thread 12059] [19.0] [cxt 0] Processing packet received on port 2
[07:53:38.396] [bmv2] [D] [thread 12059] [19.0] [cxt 0] Parser 'parser': start
[07:53:38.396] [bmv2] [D] [thread 12059] [19.0] [cxt 0] Parser 'parser' entering state 'start'
[07:53:38.396] [bmv2] [D] [thread 12059] [19.0] [cxt 0] Extracting header 'ethernet'
[07:53:38.396] [bmv2] [D] [thread 12059] [19.0] [cxt 0] Parser state 'start': key is 86dd
[07:53:38.396] [bmv2] [T] [thread 12059] [19.0] [cxt 0] Bytes parsed: 14
[07:53:38.396] [bmv2] [D] [thread 12059] [19.0] [cxt 0] Parser 'parser': end
[07:53:38.396] [bmv2] [D] [thread 12059] [19.0] [cxt 0] Pipeline 'ingress': start
[07:53:38.396] [bmv2] [T] [thread 12059] [19.0] [cxt 0] basic_tunnel.p4(114) Condition "hdr.ipv4.isValid()" (node_2) is false
[07:53:38.396] [bmv2] [D] [thread 12059] [19.0] [cxt 0] Pipeline 'ingress': end
[07:53:38.396] [bmv2] [D] [thread 12059] [19.0] [cxt 0] Egress port is 0
[07:53:38.396] [bmv2] [D] [thread 12060] [19.0] [cxt 0] Pipeline 'egress': start
[07:53:38.396] [bmv2] [D] [thread 12060] [19.0] [cxt 0] Pipeline 'egress': end
[07:53:38.396] [bmv2] [D] [thread 12060] [19.0] [cxt 0] Deparser 'deparser': start
[07:53:38.396] [bmv2] [T] [thread 12060] [19.0] [cxt 0] Skipping checksum 'cksum' update because condition not met
[07:53:38.396] [bmv2] [D] [thread 12060] [19.0] [cxt 0] Deparsing header 'ethernet'
[07:53:38.396] [bmv2] [D] [thread 12060] [19.0] [cxt 0] Deparser 'deparser': end
[07:53:38.396] [bmv2] [D] [thread 12064] [19.0] [cxt 0] Transmitting packet of size 70 out of port 0
New connection
P4Runtime SetForwardingPipelineConfig
[07:53:38.741] [bmv2] [W] [thread 12055] [P4Runtime] p4::tmp::P4DeviceConfig is deprecated
[07:53:38.742] [bmv2] [D] [thread 12055] Set default default entry for table 'tbl_drop': MyIngress.drop - 
[07:53:38.742] [bmv2] [D] [thread 12055] Set default default entry for table 'MyIngress.ipv4_lpm': MyIngress.drop - 
P4Runtime Write
device_id: 2
election_id {
  low: 1
}
updates {
  type: INSERT
  entity {
    table_entry {
      table_id: 33574068
      match {
        field_id: 1
        lpm {
          value: "\n\000\003\003"
          prefix_len: 32
        }
      }
      action {
        action {
          action_id: 16799317
          params {
            param_id: 1
            value: "\010\000\000\000\0033"
          }
          params {
            param_id: 2
            value: "\000\001"
          }
        }
      }
    }
  }
}
[07:53:38.749] [bmv2] [D] [thread 12055] Entry 0 added to table 'MyIngress.ipv4_lpm'
[07:53:38.749] [bmv2] [D] [thread 12055] Dumping entry 0
Match key:
* hdr.ipv4.dstAddr    : LPM       0a000303/32
Action entry: MyIngress.ipv4_forward - 80000000333,1,

P4Runtime Write
device_id: 2
election_id {
  low: 1
}
updates {
  type: INSERT
  entity {
    table_entry {
      table_id: 33574068
      match {
        field_id: 1
        lpm {
          value: "\n\000\001\001"
          prefix_len: 32
        }
      }
      action {
        action {
          action_id: 16799317
          params {
            param_id: 1
            value: "\010\000\000\000\001\000"
          }
          params {
            param_id: 2
            value: "\000\002"
          }
        }
      }
    }
  }
}
[07:53:38.750] [bmv2] [D] [thread 12055] Entry 1 added to table 'MyIngress.ipv4_lpm'
[07:53:38.750] [bmv2] [D] [thread 12055] Dumping entry 1
Match key:
* hdr.ipv4.dstAddr    : LPM       0a000101/32
Action entry: MyIngress.ipv4_forward - 80000000100,2,

P4Runtime Write
device_id: 2
election_id {
  low: 1
}
updates {
  type: INSERT
  entity {
    table_entry {
      table_id: 33574068
      match {
        field_id: 1
        lpm {
          value: "\n\000\002\002"
          prefix_len: 32
        }
      }
      action {
        action {
          action_id: 16799317
          params {
            param_id: 1
            value: "\010\000\000\000\002\000"
          }
          params {
            param_id: 2
            value: "\000\003"
          }
        }
      }
    }
  }
}
[07:53:38.751] [bmv2] [D] [thread 12055] Entry 2 added to table 'MyIngress.ipv4_lpm'
[07:53:38.751] [bmv2] [D] [thread 12055] Dumping entry 2
Match key:
* hdr.ipv4.dstAddr    : LPM       0a000202/32
Action entry: MyIngress.ipv4_forward - 80000000200,3,

